2023-12-28:16:30:22,23 INFO     [psi4.driver.task_planner:238] PLANNING MB:  mc_level_idx=0 packet={'driver': 'energy', 'method': 'mp2', 'basis': 'AUG-CC-PVTZ', 'keywords': {'SCF_TYPE': 'DF', 'function_kwargs': {}}}
2023-12-28:16:30:22,23 INFO     [psi4.driver.driver_nbody:954] 
  //>>>>>>>>>>>>>>>>>>>>>>>>>>>>>>>>>>>>>//
  // ManyBody Setup: N-Body Levels [1, 2]//
  //<<<<<<<<<<<<<<<<<<<<<<<<<<<<<<<<<<<<<//


2023-12-28:16:30:22,23 INFO     [psi4.driver.driver_nbody:515]         Number of 1-body computations:     2
        Number of 2-body computations:     1
2023-12-28:16:30:22,24 INFO     [psi4.driver.driver_nbody:1016] 
  //>>>>>>>>>>>>>>>>>>>>>>>>>>>>>>>>>>>//
  //       ManyBody Computations       //
  //<<<<<<<<<<<<<<<<<<<<<<<<<<<<<<<<<<<//


2023-12-28:16:30:22,39 INFO     [psi4.driver.task_base:172] <<< JSON launch ... c1 0.0
2023-12-28:16:30:23,525 INFO     [psi4.driver.task_planner:286] PLANNING Atomic:  keywords={'SCF_TYPE': 'DF', 'function_kwargs': {}}
2023-12-28:16:30:23,527 INFO     [psi4.driver.driver:523] Compute energy(): method=mp2, basis=aug-cc-pvtz, molecule=dimer, nre=0.0
2023-12-28:16:30:30,447 INFO     [psi4.driver.driver:526] Return energy(): -2572.8233279645297
2023-12-28:16:30:30,457 INFO     [psi4.driver.task_base:172] <<< JSON launch ... c1 0.0
2023-12-28:16:30:30,478 INFO     [psi4.driver.task_planner:286] PLANNING Atomic:  keywords={'SCF_TYPE': 'DF', 'function_kwargs': {}}
2023-12-28:16:30:30,480 INFO     [psi4.driver.driver:523] Compute energy(): method=mp2, basis=aug-cc-pvtz, molecule=dimer, nre=0.0
2023-12-28:16:30:36,321 INFO     [psi4.driver.driver:526] Return energy(): -161.68652253849655
2023-12-28:16:30:36,331 INFO     [psi4.driver.task_base:172] <<< JSON launch ... c1 57.88166794408412
2023-12-28:16:30:36,355 INFO     [psi4.driver.task_planner:286] PLANNING Atomic:  keywords={'SCF_TYPE': 'DF', 'function_kwargs': {}}
2023-12-28:16:30:36,360 INFO     [psi4.driver.driver:523] Compute energy(): method=mp2, basis=aug-cc-pvtz, molecule=dimer, nre=57.88166794408412
2023-12-28:16:30:43,370 INFO     [psi4.driver.driver:526] Return energy(): -2734.6710599403054
2023-12-28:16:30:43,382 INFO     [psi4.driver.driver_nbody:1366] 
  //>>>>>>>>>>>>>>>>>>>>>>>>>>>>>>>>>>>//
  //          ManyBody Results         //
  //<<<<<<<<<<<<<<<<<<<<<<<<<<<<<<<<<<<//


2023-12-28:16:30:43,382 INFO     [psi4.driver.driver_nbody:396] 
   ==> N-Body: Counterpoise Corrected (CP) energies <==

        n-Body     Total Energy            Interaction Energy                          N-body Contribution to Interaction Energy
                   [Eh]                    [Eh]                  [kcal/mol]            [Eh]                  [kcal/mol]
             1  N/A                         0.000000000000        0.000000000000        0.000000000000        0.000000000000
  FULL/RTN   2  N/A                        -0.161209437279     -101.160449154926       -0.161209437279     -101.160449154926


