2023-12-28:16:50:34,262 INFO     [psi4.driver.task_planner:238] PLANNING MB:  mc_level_idx=0 packet={'driver': 'energy', 'method': 'mp2', 'basis': 'AUG-CC-PVTZ', 'keywords': {'SCF_TYPE': 'DF', 'function_kwargs': {}}}
2023-12-28:16:50:34,262 INFO     [psi4.driver.driver_nbody:954] 
  //>>>>>>>>>>>>>>>>>>>>>>>>>>>>>>>>>>>>>//
  // ManyBody Setup: N-Body Levels [1, 2]//
  //<<<<<<<<<<<<<<<<<<<<<<<<<<<<<<<<<<<<<//


2023-12-28:16:50:34,262 INFO     [psi4.driver.driver_nbody:515]         Number of 1-body computations:     2
        Number of 2-body computations:     1
2023-12-28:16:50:34,263 INFO     [psi4.driver.driver_nbody:1016] 
  //>>>>>>>>>>>>>>>>>>>>>>>>>>>>>>>>>>>//
  //       ManyBody Computations       //
  //<<<<<<<<<<<<<<<<<<<<<<<<<<<<<<<<<<<//


2023-12-28:16:50:34,278 INFO     [psi4.driver.task_base:172] <<< JSON launch ... c1 0.0
2023-12-28:16:50:35,755 INFO     [psi4.driver.task_planner:286] PLANNING Atomic:  keywords={'SCF_TYPE': 'DF', 'function_kwargs': {}}
2023-12-28:16:50:35,757 INFO     [psi4.driver.driver:523] Compute energy(): method=mp2, basis=aug-cc-pvtz, molecule=dimer, nre=0.0
2023-12-28:16:50:52,103 INFO     [psi4.driver.driver:526] Return energy(): -2572.8232848787256
2023-12-28:16:50:52,115 INFO     [psi4.driver.task_base:172] <<< JSON launch ... c1 0.0
2023-12-28:16:50:52,137 INFO     [psi4.driver.task_planner:286] PLANNING Atomic:  keywords={'SCF_TYPE': 'DF', 'function_kwargs': {}}
2023-12-28:16:50:52,139 INFO     [psi4.driver.driver:523] Compute energy(): method=mp2, basis=aug-cc-pvtz, molecule=dimer, nre=0.0
2023-12-28:16:51:10,126 INFO     [psi4.driver.driver:526] Return energy(): -599.1036029133483
2023-12-28:16:51:10,135 INFO     [psi4.driver.task_base:172] <<< JSON launch ... c1 97.06834590574324
2023-12-28:16:51:10,159 INFO     [psi4.driver.task_planner:286] PLANNING Atomic:  keywords={'SCF_TYPE': 'DF', 'function_kwargs': {}}
2023-12-28:16:51:10,163 INFO     [psi4.driver.driver:523] Compute energy(): method=mp2, basis=aug-cc-pvtz, molecule=dimer, nre=97.06834590574324
2023-12-28:16:51:28,838 INFO     [psi4.driver.driver:526] Return energy(): -3172.0808359855055
2023-12-28:16:51:28,849 INFO     [psi4.driver.driver_nbody:1366] 
  //>>>>>>>>>>>>>>>>>>>>>>>>>>>>>>>>>>>//
  //          ManyBody Results         //
  //<<<<<<<<<<<<<<<<<<<<<<<<<<<<<<<<<<<//


2023-12-28:16:51:28,849 INFO     [psi4.driver.driver_nbody:396] 
   ==> N-Body: Counterpoise Corrected (CP) energies <==

        n-Body     Total Energy            Interaction Energy                          N-body Contribution to Interaction Energy
                   [Eh]                    [Eh]                  [kcal/mol]            [Eh]                  [kcal/mol]
             1  N/A                         0.000000000000        0.000000000000        0.000000000000        0.000000000000
  FULL/RTN   2  N/A                        -0.153948193431      -96.603949849179       -0.153948193431      -96.603949849179


