2023-12-29:17:19:27,71 INFO     [psi4.driver.task_planner:238] PLANNING MB:  mc_level_idx=0 packet={'driver': 'energy', 'method': 'mp2', 'basis': 'AUG-CC-PVTZ', 'keywords': {'SCF_TYPE': 'DF', 'function_kwargs': {}}}
2023-12-29:17:19:27,71 INFO     [psi4.driver.driver_nbody:954] 
  //>>>>>>>>>>>>>>>>>>>>>>>>>>>>>>>>>>>>>//
  // ManyBody Setup: N-Body Levels [1, 2]//
  //<<<<<<<<<<<<<<<<<<<<<<<<<<<<<<<<<<<<<//


2023-12-29:17:19:27,71 INFO     [psi4.driver.driver_nbody:515]         Number of 1-body computations:     2
        Number of 2-body computations:     1
2023-12-29:17:19:27,72 INFO     [psi4.driver.driver_nbody:1016] 
  //>>>>>>>>>>>>>>>>>>>>>>>>>>>>>>>>>>>//
  //       ManyBody Computations       //
  //<<<<<<<<<<<<<<<<<<<<<<<<<<<<<<<<<<<//


2023-12-29:17:19:27,87 INFO     [psi4.driver.task_base:172] <<< JSON launch ... c1 0.0
2023-12-29:17:19:28,542 INFO     [psi4.driver.task_planner:286] PLANNING Atomic:  keywords={'SCF_TYPE': 'DF', 'function_kwargs': {}}
2023-12-29:17:19:28,545 INFO     [psi4.driver.driver:523] Compute energy(): method=mp2, basis=aug-cc-pvtz, molecule=dimer, nre=0.0
2023-12-29:17:19:29,253 INFO     [psi4.driver.driver:526] Return energy(): -99.76420040142762
2023-12-29:17:19:29,267 INFO     [psi4.driver.task_base:172] <<< JSON launch ... c1 8.75048903303235
2023-12-29:17:19:29,294 INFO     [psi4.driver.task_planner:286] PLANNING Atomic:  keywords={'SCF_TYPE': 'DF', 'function_kwargs': {}}
2023-12-29:17:19:29,297 INFO     [psi4.driver.driver:523] Compute energy(): method=mp2, basis=aug-cc-pvtz, molecule=dimer, nre=8.75048903303235
2023-12-29:17:19:29,952 INFO     [psi4.driver.driver:526] Return energy(): -76.33749442752894
2023-12-29:17:19:29,964 INFO     [psi4.driver.task_base:172] <<< JSON launch ... c1 35.84779169711868
2023-12-29:17:19:29,991 INFO     [psi4.driver.task_planner:286] PLANNING Atomic:  keywords={'SCF_TYPE': 'DF', 'function_kwargs': {}}
2023-12-29:17:19:29,994 INFO     [psi4.driver.driver:523] Compute energy(): method=mp2, basis=aug-cc-pvtz, molecule=dimer, nre=35.84779169711868
2023-12-29:17:19:30,761 INFO     [psi4.driver.driver:526] Return energy(): -176.06831409754813
2023-12-29:17:19:30,775 INFO     [psi4.driver.driver_nbody:1366] 
  //>>>>>>>>>>>>>>>>>>>>>>>>>>>>>>>>>>>//
  //          ManyBody Results         //
  //<<<<<<<<<<<<<<<<<<<<<<<<<<<<<<<<<<<//


2023-12-29:17:19:30,775 INFO     [psi4.driver.driver_nbody:396] 
   ==> N-Body: Counterpoise Corrected (CP) energies <==

        n-Body     Total Energy            Interaction Energy                          N-body Contribution to Interaction Energy
                   [Eh]                    [Eh]                  [kcal/mol]            [Eh]                  [kcal/mol]
             1  N/A                         0.000000000000        0.000000000000        0.000000000000        0.000000000000
  FULL/RTN   2  N/A                         0.033380731408       20.946725200421        0.033380731408       20.946725200421


