2023-12-29:17:23:33,54 INFO     [psi4.driver.task_planner:238] PLANNING MB:  mc_level_idx=0 packet={'driver': 'energy', 'method': 'mp2', 'basis': 'AUG-CC-PVTZ', 'keywords': {'SCF_TYPE': 'DF', 'function_kwargs': {}}}
2023-12-29:17:23:33,54 INFO     [psi4.driver.driver_nbody:954] 
  //>>>>>>>>>>>>>>>>>>>>>>>>>>>>>>>>>>>>>//
  // ManyBody Setup: N-Body Levels [1, 2]//
  //<<<<<<<<<<<<<<<<<<<<<<<<<<<<<<<<<<<<<//


2023-12-29:17:23:33,54 INFO     [psi4.driver.driver_nbody:515]         Number of 1-body computations:     2
        Number of 2-body computations:     1
2023-12-29:17:23:33,55 INFO     [psi4.driver.driver_nbody:1016] 
  //>>>>>>>>>>>>>>>>>>>>>>>>>>>>>>>>>>>//
  //       ManyBody Computations       //
  //<<<<<<<<<<<<<<<<<<<<<<<<<<<<<<<<<<<//


2023-12-29:17:23:33,70 INFO     [psi4.driver.task_base:172] <<< JSON launch ... c1 0.0
2023-12-29:17:23:34,542 INFO     [psi4.driver.task_planner:286] PLANNING Atomic:  keywords={'SCF_TYPE': 'DF', 'function_kwargs': {}}
2023-12-29:17:23:34,545 INFO     [psi4.driver.driver:523] Compute energy(): method=mp2, basis=aug-cc-pvtz, molecule=dimer, nre=0.0
2023-12-29:17:23:39,175 INFO     [psi4.driver.driver:526] Return energy(): -2572.822140620268
2023-12-29:17:23:39,188 INFO     [psi4.driver.task_base:172] <<< JSON launch ... c1 9.069869174208053
2023-12-29:17:23:39,210 INFO     [psi4.driver.task_planner:286] PLANNING Atomic:  keywords={'SCF_TYPE': 'DF', 'function_kwargs': {}}
2023-12-29:17:23:39,213 INFO     [psi4.driver.driver:523] Compute energy(): method=mp2, basis=aug-cc-pvtz, molecule=dimer, nre=9.069869174208053
2023-12-29:17:23:43,48 INFO     [psi4.driver.driver:526] Return energy(): -76.34341758407635
2023-12-29:17:23:43,58 INFO     [psi4.driver.task_base:172] <<< JSON launch ... c1 51.2439722470926
2023-12-29:17:23:43,80 INFO     [psi4.driver.task_planner:286] PLANNING Atomic:  keywords={'SCF_TYPE': 'DF', 'function_kwargs': {}}
2023-12-29:17:23:43,83 INFO     [psi4.driver.driver:523] Compute energy(): method=mp2, basis=aug-cc-pvtz, molecule=dimer, nre=51.2439722470926
2023-12-29:17:23:48,42 INFO     [psi4.driver.driver:526] Return energy(): -2649.177493612183
2023-12-29:17:23:48,53 INFO     [psi4.driver.driver_nbody:1366] 
  //>>>>>>>>>>>>>>>>>>>>>>>>>>>>>>>>>>>//
  //          ManyBody Results         //
  //<<<<<<<<<<<<<<<<<<<<<<<<<<<<<<<<<<<//


2023-12-29:17:23:48,53 INFO     [psi4.driver.driver_nbody:396] 
   ==> N-Body: Counterpoise Corrected (CP) energies <==

        n-Body     Total Energy            Interaction Energy                          N-body Contribution to Interaction Energy
                   [Eh]                    [Eh]                  [kcal/mol]            [Eh]                  [kcal/mol]
             1  N/A                         0.000000000000        0.000000000000        0.000000000000        0.000000000000
  FULL/RTN   2  N/A                        -0.011935407839       -7.489581492240       -0.011935407839       -7.489581492240


