2024-01-22:03:12:12,760 INFO     [psi4.driver.task_planner:235] PLANNING MB:  mc_level_idx=0 packet={'driver': 'energy', 'method': 'mp2', 'basis': 'AUG-CC-PVTZ', 'keywords': {'SCF_TYPE': 'DF', 'function_kwargs': {}}}
2024-01-22:03:12:12,760 INFO     [psi4.driver.driver_nbody:954] 
  //>>>>>>>>>>>>>>>>>>>>>>>>>>>>>>>>>>>>>>>>//
  // ManyBody Setup: N-Body Levels [1, 2, 3]//
  //<<<<<<<<<<<<<<<<<<<<<<<<<<<<<<<<<<<<<<<<//


2024-01-22:03:12:12,760 INFO     [psi4.driver.driver_nbody:515]         Number of 1-body computations:     3
        Number of 2-body computations:     3
        Number of 3-body computations:     1
2024-01-22:03:12:12,762 INFO     [psi4.driver.driver_nbody:1016] 
  //>>>>>>>>>>>>>>>>>>>>>>>>>>>>>>>>>>>//
  //       ManyBody Computations       //
  //<<<<<<<<<<<<<<<<<<<<<<<<<<<<<<<<<<<//


2024-01-22:03:12:12,778 INFO     [psi4.driver.task_base:203] <<< JSON launch ... c1 0.0
2024-01-22:03:12:15,275 INFO     [psi4.driver.task_planner:283] PLANNING Atomic:  keywords={'SCF_TYPE': 'DF', 'function_kwargs': {}}
2024-01-22:03:12:15,278 INFO     [psi4.driver.driver:524] Compute energy(): method=mp2, basis=aug-cc-pvtz, molecule=dimer, nre=0.0
2024-01-22:03:12:20,781 INFO     [psi4.driver.driver:527] Return energy(): -161.68738760500364
2024-01-22:03:12:20,797 INFO     [psi4.driver.task_base:203] <<< JSON launch ... c1 9.158551873786617
2024-01-22:03:12:20,862 INFO     [psi4.driver.task_planner:283] PLANNING Atomic:  keywords={'SCF_TYPE': 'DF', 'function_kwargs': {}}
2024-01-22:03:12:20,866 INFO     [psi4.driver.driver:524] Compute energy(): method=mp2, basis=aug-cc-pvtz, molecule=dimer, nre=9.158551873786617
2024-01-22:03:12:25,828 INFO     [psi4.driver.driver:527] Return energy(): -76.34422513569976
2024-01-22:03:12:25,845 INFO     [psi4.driver.task_base:203] <<< JSON launch ... c1 25.943250416049885
2024-01-22:03:12:25,878 INFO     [psi4.driver.task_planner:283] PLANNING Atomic:  keywords={'SCF_TYPE': 'DF', 'function_kwargs': {}}
2024-01-22:03:12:25,881 INFO     [psi4.driver.driver:524] Compute energy(): method=mp2, basis=aug-cc-pvtz, molecule=dimer, nre=25.943250416049885
2024-01-22:03:12:30,666 INFO     [psi4.driver.driver:527] Return energy(): -152.68796979133916
2024-01-22:03:12:30,684 INFO     [psi4.driver.task_base:203] <<< JSON launch ... c1 25.949042604585955
2024-01-22:03:12:30,717 INFO     [psi4.driver.task_planner:283] PLANNING Atomic:  keywords={'SCF_TYPE': 'DF', 'function_kwargs': {}}
2024-01-22:03:12:30,720 INFO     [psi4.driver.driver:524] Compute energy(): method=mp2, basis=aug-cc-pvtz, molecule=dimer, nre=25.949042604585955
2024-01-22:03:12:36,20 INFO     [psi4.driver.driver:527] Return energy(): -238.05160936517095
2024-01-22:03:12:36,36 INFO     [psi4.driver.task_base:203] <<< JSON launch ... c1 25.949042604585955
2024-01-22:03:12:36,69 INFO     [psi4.driver.task_planner:283] PLANNING Atomic:  keywords={'SCF_TYPE': 'DF', 'function_kwargs': {}}
2024-01-22:03:12:36,73 INFO     [psi4.driver.driver:524] Compute energy(): method=mp2, basis=aug-cc-pvtz, molecule=dimer, nre=25.949042604585955
2024-01-22:03:12:41,319 INFO     [psi4.driver.driver:527] Return energy(): -238.0516093651952
2024-01-22:03:12:41,336 INFO     [psi4.driver.task_base:203] <<< JSON launch ... c1 9.158551873786617
2024-01-22:03:12:41,369 INFO     [psi4.driver.task_planner:283] PLANNING Atomic:  keywords={'SCF_TYPE': 'DF', 'function_kwargs': {}}
2024-01-22:03:12:41,372 INFO     [psi4.driver.driver:524] Compute energy(): method=mp2, basis=aug-cc-pvtz, molecule=dimer, nre=9.158551873786617
2024-01-22:03:12:46,0 INFO     [psi4.driver.driver:527] Return energy(): -76.34422513568464
2024-01-22:03:12:46,17 INFO     [psi4.driver.task_base:203] <<< JSON launch ... c1 59.52423187764856
2024-01-22:03:12:46,50 INFO     [psi4.driver.task_planner:283] PLANNING Atomic:  keywords={'SCF_TYPE': 'DF', 'function_kwargs': {}}
2024-01-22:03:12:46,53 INFO     [psi4.driver.driver:524] Compute energy(): method=mp2, basis=aug-cc-pvtz, molecule=dimer, nre=59.52423187764856
2024-01-22:03:12:51,229 INFO     [psi4.driver.driver:527] Return energy(): -314.41493966285
2024-01-22:03:12:51,247 INFO     [psi4.driver.driver_nbody:1366] 
  //>>>>>>>>>>>>>>>>>>>>>>>>>>>>>>>>>>>//
  //          ManyBody Results         //
  //<<<<<<<<<<<<<<<<<<<<<<<<<<<<<<<<<<<//


2024-01-22:03:12:51,248 INFO     [psi4.driver.driver_nbody:396] 
   ==> N-Body: Counterpoise Corrected (CP) energies <==

        n-Body     Total Energy            Interaction Energy                          N-body Contribution to Interaction Energy
                   [Eh]                    [Eh]                  [kcal/mol]            [Eh]                  [kcal/mol]
             1  N/A                         0.000000000000        0.000000000000        0.000000000000        0.000000000000
             2  N/A                        -0.039512768929      -24.794636838309       -0.039512768929      -24.794636838309
  FULL/RTN   3  N/A                        -0.039101786462      -24.536741446512        0.000410982467        0.257895391797


