2024-01-22:03:08:55,455 INFO     [psi4.driver.task_planner:235] PLANNING MB:  mc_level_idx=0 packet={'driver': 'energy', 'method': 'mp2', 'basis': 'AUG-CC-PVTZ', 'keywords': {'SCF_TYPE': 'DF', 'function_kwargs': {}}}
2024-01-22:03:08:55,455 INFO     [psi4.driver.driver_nbody:954] 
  //>>>>>>>>>>>>>>>>>>>>>>>>>>>>>>>>>>>>>>>>//
  // ManyBody Setup: N-Body Levels [1, 2, 3]//
  //<<<<<<<<<<<<<<<<<<<<<<<<<<<<<<<<<<<<<<<<//


2024-01-22:03:08:55,455 INFO     [psi4.driver.driver_nbody:515]         Number of 1-body computations:     3
        Number of 2-body computations:     3
        Number of 3-body computations:     1
2024-01-22:03:08:55,457 INFO     [psi4.driver.driver_nbody:1016] 
  //>>>>>>>>>>>>>>>>>>>>>>>>>>>>>>>>>>>//
  //       ManyBody Computations       //
  //<<<<<<<<<<<<<<<<<<<<<<<<<<<<<<<<<<<//


2024-01-22:03:08:55,473 INFO     [psi4.driver.task_base:203] <<< JSON launch ... c1 0.0
2024-01-22:03:08:57,903 INFO     [psi4.driver.task_planner:283] PLANNING Atomic:  keywords={'SCF_TYPE': 'DF', 'function_kwargs': {}}
2024-01-22:03:08:57,905 INFO     [psi4.driver.driver:524] Compute energy(): method=mp2, basis=aug-cc-pvtz, molecule=dimer, nre=0.0
2024-01-22:03:09:03,436 INFO     [psi4.driver.driver:527] Return energy(): -161.69207176809724
2024-01-22:03:09:03,453 INFO     [psi4.driver.task_base:203] <<< JSON launch ... c1 9.158551873786621
2024-01-22:03:09:03,518 INFO     [psi4.driver.task_planner:283] PLANNING Atomic:  keywords={'SCF_TYPE': 'DF', 'function_kwargs': {}}
2024-01-22:03:09:03,522 INFO     [psi4.driver.driver:524] Compute energy(): method=mp2, basis=aug-cc-pvtz, molecule=dimer, nre=9.158551873786623
2024-01-22:03:09:08,453 INFO     [psi4.driver.driver:527] Return energy(): -76.34460334080029
2024-01-22:03:09:08,470 INFO     [psi4.driver.task_base:203] <<< JSON launch ... c1 29.06051292887511
2024-01-22:03:09:08,503 INFO     [psi4.driver.task_planner:283] PLANNING Atomic:  keywords={'SCF_TYPE': 'DF', 'function_kwargs': {}}
2024-01-22:03:09:08,507 INFO     [psi4.driver.driver:524] Compute energy(): method=mp2, basis=aug-cc-pvtz, molecule=dimer, nre=29.060512928875113
2024-01-22:03:09:13,390 INFO     [psi4.driver.driver:527] Return energy(): -152.68794293918495
2024-01-22:03:09:13,407 INFO     [psi4.driver.task_base:203] <<< JSON launch ... c1 32.84084944092642
2024-01-22:03:09:13,440 INFO     [psi4.driver.task_planner:283] PLANNING Atomic:  keywords={'SCF_TYPE': 'DF', 'function_kwargs': {}}
2024-01-22:03:09:13,443 INFO     [psi4.driver.driver:524] Compute energy(): method=mp2, basis=aug-cc-pvtz, molecule=dimer, nre=32.84084944092642
2024-01-22:03:09:18,710 INFO     [psi4.driver.driver:527] Return energy(): -238.07241155724952
2024-01-22:03:09:18,727 INFO     [psi4.driver.task_base:203] <<< JSON launch ... c1 32.84084944092642
2024-01-22:03:09:18,760 INFO     [psi4.driver.task_planner:283] PLANNING Atomic:  keywords={'SCF_TYPE': 'DF', 'function_kwargs': {}}
2024-01-22:03:09:18,764 INFO     [psi4.driver.driver:524] Compute energy(): method=mp2, basis=aug-cc-pvtz, molecule=dimer, nre=32.84084944092642
2024-01-22:03:09:23,951 INFO     [psi4.driver.driver:527] Return energy(): -238.07241155724626
2024-01-22:03:09:23,968 INFO     [psi4.driver.task_base:203] <<< JSON launch ... c1 9.158551873786621
2024-01-22:03:09:24,1 INFO     [psi4.driver.task_planner:283] PLANNING Atomic:  keywords={'SCF_TYPE': 'DF', 'function_kwargs': {}}
2024-01-22:03:09:24,5 INFO     [psi4.driver.driver:524] Compute energy(): method=mp2, basis=aug-cc-pvtz, molecule=dimer, nre=9.158551873786623
2024-01-22:03:09:28,629 INFO     [psi4.driver.driver:527] Return energy(): -76.34460334080096
2024-01-22:03:09:28,646 INFO     [psi4.driver.task_base:203] <<< JSON launch ... c1 76.42510806315467
2024-01-22:03:09:28,679 INFO     [psi4.driver.task_planner:283] PLANNING Atomic:  keywords={'SCF_TYPE': 'DF', 'function_kwargs': {}}
2024-01-22:03:09:28,683 INFO     [psi4.driver.driver:524] Compute energy(): method=mp2, basis=aug-cc-pvtz, molecule=dimer, nre=76.4251080631547
2024-01-22:03:09:33,849 INFO     [psi4.driver.driver:527] Return energy(): -314.44945904787977
2024-01-22:03:09:33,867 INFO     [psi4.driver.driver_nbody:1366] 
  //>>>>>>>>>>>>>>>>>>>>>>>>>>>>>>>>>>>//
  //          ManyBody Results         //
  //<<<<<<<<<<<<<<<<<<<<<<<<<<<<<<<<<<<//


2024-01-22:03:09:33,867 INFO     [psi4.driver.driver_nbody:396] 
   ==> N-Body: Counterpoise Corrected (CP) energies <==

        n-Body     Total Energy            Interaction Energy                          N-body Contribution to Interaction Energy
                   [Eh]                    [Eh]                  [kcal/mol]            [Eh]                  [kcal/mol]
             1  N/A                         0.000000000000        0.000000000000        0.000000000000        0.000000000000
             2  N/A                        -0.070209154284      -44.056909459003       -0.070209154284      -44.056909459003
  FULL/RTN   3  N/A                        -0.068180598181      -42.783971286585        0.002028556103        1.272938172418


