2024-01-22:03:10:54,155 INFO     [psi4.driver.task_planner:235] PLANNING MB:  mc_level_idx=0 packet={'driver': 'energy', 'method': 'mp2', 'basis': 'AUG-CC-PVTZ', 'keywords': {'SCF_TYPE': 'DF', 'function_kwargs': {}}}
2024-01-22:03:10:54,156 INFO     [psi4.driver.driver_nbody:954] 
  //>>>>>>>>>>>>>>>>>>>>>>>>>>>>>>>>>>>>>>>>//
  // ManyBody Setup: N-Body Levels [1, 2, 3]//
  //<<<<<<<<<<<<<<<<<<<<<<<<<<<<<<<<<<<<<<<<//


2024-01-22:03:10:54,156 INFO     [psi4.driver.driver_nbody:515]         Number of 1-body computations:     3
        Number of 2-body computations:     3
        Number of 3-body computations:     1
2024-01-22:03:10:54,160 INFO     [psi4.driver.driver_nbody:1016] 
  //>>>>>>>>>>>>>>>>>>>>>>>>>>>>>>>>>>>//
  //       ManyBody Computations       //
  //<<<<<<<<<<<<<<<<<<<<<<<<<<<<<<<<<<<//


2024-01-22:03:10:54,182 INFO     [psi4.driver.task_base:203] <<< JSON launch ... c1 0.0
2024-01-22:03:10:56,660 INFO     [psi4.driver.task_planner:283] PLANNING Atomic:  keywords={'SCF_TYPE': 'DF', 'function_kwargs': {}}
2024-01-22:03:10:56,663 INFO     [psi4.driver.driver:524] Compute energy(): method=mp2, basis=aug-cc-pvtz, molecule=dimer, nre=0.0
2024-01-22:03:11:02,114 INFO     [psi4.driver.driver:527] Return energy(): -161.68957687381146
2024-01-22:03:11:02,131 INFO     [psi4.driver.task_base:203] <<< JSON launch ... c1 9.158551873786617
2024-01-22:03:11:02,196 INFO     [psi4.driver.task_planner:283] PLANNING Atomic:  keywords={'SCF_TYPE': 'DF', 'function_kwargs': {}}
2024-01-22:03:11:02,199 INFO     [psi4.driver.driver:524] Compute energy(): method=mp2, basis=aug-cc-pvtz, molecule=dimer, nre=9.158551873786617
2024-01-22:03:11:07,71 INFO     [psi4.driver.driver:527] Return energy(): -76.3443254644821
2024-01-22:03:11:07,88 INFO     [psi4.driver.task_base:203] <<< JSON launch ... c1 27.071988158222567
2024-01-22:03:11:07,121 INFO     [psi4.driver.task_planner:283] PLANNING Atomic:  keywords={'SCF_TYPE': 'DF', 'function_kwargs': {}}
2024-01-22:03:11:07,125 INFO     [psi4.driver.driver:524] Compute energy(): method=mp2, basis=aug-cc-pvtz, molecule=dimer, nre=27.071988158222567
2024-01-22:03:11:11,903 INFO     [psi4.driver.driver:527] Return energy(): -152.68793557275794
2024-01-22:03:11:11,919 INFO     [psi4.driver.task_base:203] <<< JSON launch ... c1 28.441174856629125
2024-01-22:03:11:11,952 INFO     [psi4.driver.task_planner:283] PLANNING Atomic:  keywords={'SCF_TYPE': 'DF', 'function_kwargs': {}}
2024-01-22:03:11:11,956 INFO     [psi4.driver.driver:524] Compute energy(): method=mp2, basis=aug-cc-pvtz, molecule=dimer, nre=28.441174856629125
2024-01-22:03:11:17,197 INFO     [psi4.driver.driver:527] Return energy(): -238.06062757249654
2024-01-22:03:11:17,213 INFO     [psi4.driver.task_base:203] <<< JSON launch ... c1 28.441174856629125
2024-01-22:03:11:17,246 INFO     [psi4.driver.task_planner:283] PLANNING Atomic:  keywords={'SCF_TYPE': 'DF', 'function_kwargs': {}}
2024-01-22:03:11:17,250 INFO     [psi4.driver.driver:524] Compute energy(): method=mp2, basis=aug-cc-pvtz, molecule=dimer, nre=28.441174856629125
2024-01-22:03:11:22,479 INFO     [psi4.driver.driver:527] Return energy(): -238.06062757250805
2024-01-22:03:11:22,496 INFO     [psi4.driver.task_base:203] <<< JSON launch ... c1 9.158551873786617
2024-01-22:03:11:22,529 INFO     [psi4.driver.task_planner:283] PLANNING Atomic:  keywords={'SCF_TYPE': 'DF', 'function_kwargs': {}}
2024-01-22:03:11:22,533 INFO     [psi4.driver.driver:524] Compute energy(): method=mp2, basis=aug-cc-pvtz, molecule=dimer, nre=9.158551873786617
2024-01-22:03:11:27,155 INFO     [psi4.driver.driver:527] Return energy(): -76.34432546447165
2024-01-22:03:11:27,171 INFO     [psi4.driver.task_base:203] <<< JSON launch ... c1 65.63723412390758
2024-01-22:03:11:27,204 INFO     [psi4.driver.task_planner:283] PLANNING Atomic:  keywords={'SCF_TYPE': 'DF', 'function_kwargs': {}}
2024-01-22:03:11:27,208 INFO     [psi4.driver.driver:524] Compute energy(): method=mp2, basis=aug-cc-pvtz, molecule=dimer, nre=65.63723412390758
2024-01-22:03:11:32,375 INFO     [psi4.driver.driver:527] Return energy(): -314.4301281073358
2024-01-22:03:11:32,393 INFO     [psi4.driver.driver_nbody:1366] 
  //>>>>>>>>>>>>>>>>>>>>>>>>>>>>>>>>>>>//
  //          ManyBody Results         //
  //<<<<<<<<<<<<<<<<<<<<<<<<<<<<<<<<<<<//


2024-01-22:03:11:32,393 INFO     [psi4.driver.driver_nbody:396] 
   ==> N-Body: Counterpoise Corrected (CP) energies <==

        n-Body     Total Energy            Interaction Energy                          N-body Contribution to Interaction Energy
                   [Eh]                    [Eh]                  [kcal/mol]            [Eh]                  [kcal/mol]
             1  N/A                         0.000000000000        0.000000000000        0.000000000000        0.000000000000
             2  N/A                        -0.052735112232      -33.091782526355       -0.052735112232      -33.091782526355
  FULL/RTN   3  N/A                        -0.051900304571      -32.567932809997        0.000834807661        0.523849716359


