2024-01-24:04:48:19,819 INFO     [psi4.driver.task_planner:238] PLANNING MB:  mc_level_idx=0 packet={'driver': 'energy', 'method': 'mp2', 'basis': 'AUG-CC-PVTZ', 'keywords': {'SCF_TYPE': 'DF', 'function_kwargs': {}}}
2024-01-24:04:48:19,819 INFO     [psi4.driver.driver_nbody:954] 
  //>>>>>>>>>>>>>>>>>>>>>>>>>>>>>>>>>>>>>>>>//
  // ManyBody Setup: N-Body Levels [1, 2, 3]//
  //<<<<<<<<<<<<<<<<<<<<<<<<<<<<<<<<<<<<<<<<//


2024-01-24:04:48:19,819 INFO     [psi4.driver.driver_nbody:515]         Number of 1-body computations:     3
        Number of 2-body computations:     3
        Number of 3-body computations:     1
2024-01-24:04:48:19,821 INFO     [psi4.driver.driver_nbody:1016] 
  //>>>>>>>>>>>>>>>>>>>>>>>>>>>>>>>>>>>//
  //       ManyBody Computations       //
  //<<<<<<<<<<<<<<<<<<<<<<<<<<<<<<<<<<<//


2024-01-24:04:48:19,835 INFO     [psi4.driver.task_base:172] <<< JSON launch ... c1 0.0
2024-01-24:04:48:21,232 INFO     [psi4.driver.task_planner:286] PLANNING Atomic:  keywords={'SCF_TYPE': 'DF', 'function_kwargs': {}}
2024-01-24:04:48:21,234 INFO     [psi4.driver.driver:523] Compute energy(): method=mp2, basis=aug-cc-pvtz, molecule=dimer, nre=0.0
2024-01-24:04:48:33,147 INFO     [psi4.driver.driver:526] Return energy(): -599.12448244338
2024-01-24:04:48:33,159 INFO     [psi4.driver.task_base:172] <<< JSON launch ... c1 9.161738423061454
2024-01-24:04:48:33,180 INFO     [psi4.driver.task_planner:286] PLANNING Atomic:  keywords={'SCF_TYPE': 'DF', 'function_kwargs': {}}
2024-01-24:04:48:33,182 INFO     [psi4.driver.driver:523] Compute energy(): method=mp2, basis=aug-cc-pvtz, molecule=dimer, nre=9.161738423061454
2024-01-24:04:48:42,840 INFO     [psi4.driver.driver:526] Return energy(): -76.34437365116587
2024-01-24:04:48:42,852 INFO     [psi4.driver.task_base:172] <<< JSON launch ... c1 28.337951493795718
2024-01-24:04:48:42,873 INFO     [psi4.driver.task_planner:286] PLANNING Atomic:  keywords={'SCF_TYPE': 'DF', 'function_kwargs': {}}
2024-01-24:04:48:42,875 INFO     [psi4.driver.driver:523] Compute energy(): method=mp2, basis=aug-cc-pvtz, molecule=dimer, nre=28.337951493795718
2024-01-24:04:48:52,519 INFO     [psi4.driver.driver:526] Return energy(): -152.68770269256387
2024-01-24:04:48:52,531 INFO     [psi4.driver.task_base:172] <<< JSON launch ... c1 47.281684333103854
2024-01-24:04:48:52,552 INFO     [psi4.driver.task_planner:286] PLANNING Atomic:  keywords={'SCF_TYPE': 'DF', 'function_kwargs': {}}
2024-01-24:04:48:52,554 INFO     [psi4.driver.driver:523] Compute energy(): method=mp2, basis=aug-cc-pvtz, molecule=dimer, nre=47.281684333103854
2024-01-24:04:49:04,538 INFO     [psi4.driver.driver:526] Return energy(): -675.4957223970326
2024-01-24:04:49:04,550 INFO     [psi4.driver.task_base:172] <<< JSON launch ... c1 47.281684333103854
2024-01-24:04:49:04,570 INFO     [psi4.driver.task_planner:286] PLANNING Atomic:  keywords={'SCF_TYPE': 'DF', 'function_kwargs': {}}
2024-01-24:04:49:04,573 INFO     [psi4.driver.driver:523] Compute energy(): method=mp2, basis=aug-cc-pvtz, molecule=dimer, nre=47.281684333103854
2024-01-24:04:49:16,554 INFO     [psi4.driver.driver:526] Return energy(): -675.4957223970376
2024-01-24:04:49:16,566 INFO     [psi4.driver.task_base:172] <<< JSON launch ... c1 9.161738423061454
2024-01-24:04:49:16,586 INFO     [psi4.driver.task_planner:286] PLANNING Atomic:  keywords={'SCF_TYPE': 'DF', 'function_kwargs': {}}
2024-01-24:04:49:16,589 INFO     [psi4.driver.driver:523] Compute energy(): method=mp2, basis=aug-cc-pvtz, molecule=dimer, nre=9.161738423061454
2024-01-24:04:49:26,103 INFO     [psi4.driver.driver:526] Return energy(): -76.34437365116396
2024-01-24:04:49:26,115 INFO     [psi4.driver.task_base:172] <<< JSON launch ... c1 104.57784331388054
2024-01-24:04:49:26,135 INFO     [psi4.driver.task_planner:286] PLANNING Atomic:  keywords={'SCF_TYPE': 'DF', 'function_kwargs': {}}
2024-01-24:04:49:26,138 INFO     [psi4.driver.driver:523] Compute energy(): method=mp2, basis=aug-cc-pvtz, molecule=dimer, nre=104.57784331388054
2024-01-24:04:49:38,186 INFO     [psi4.driver.driver:526] Return energy(): -751.8629521676178
2024-01-24:04:49:38,199 INFO     [psi4.driver.driver_nbody:1366] 
  //>>>>>>>>>>>>>>>>>>>>>>>>>>>>>>>>>>>//
  //          ManyBody Results         //
  //<<<<<<<<<<<<<<<<<<<<<<<<<<<<<<<<<<<//


2024-01-24:04:49:38,199 INFO     [psi4.driver.driver_nbody:396] 
   ==> N-Body: Counterpoise Corrected (CP) energies <==

        n-Body     Total Energy            Interaction Energy                          N-body Contribution to Interaction Energy
                   [Eh]                    [Eh]                  [kcal/mol]            [Eh]                  [kcal/mol]
             1  N/A                         0.000000000000        0.000000000000        0.000000000000        0.000000000000
             2  N/A                        -0.052687995214      -33.062216151416       -0.052687995214      -33.062216151416
  FULL/RTN   3  N/A                        -0.049722421908      -31.201290806417        0.002965573306        1.860925345000


