2024-01-24:04:49:38,804 INFO     [psi4.driver.task_planner:238] PLANNING MB:  mc_level_idx=0 packet={'driver': 'energy', 'method': 'mp2', 'basis': 'AUG-CC-PVTZ', 'keywords': {'SCF_TYPE': 'DF', 'function_kwargs': {}}}
2024-01-24:04:49:38,804 INFO     [psi4.driver.driver_nbody:954] 
  //>>>>>>>>>>>>>>>>>>>>>>>>>>>>>>>>>>>>>>>>//
  // ManyBody Setup: N-Body Levels [1, 2, 3]//
  //<<<<<<<<<<<<<<<<<<<<<<<<<<<<<<<<<<<<<<<<//


2024-01-24:04:49:38,804 INFO     [psi4.driver.driver_nbody:515]         Number of 1-body computations:     3
        Number of 2-body computations:     3
        Number of 3-body computations:     1
2024-01-24:04:49:38,805 INFO     [psi4.driver.driver_nbody:1016] 
  //>>>>>>>>>>>>>>>>>>>>>>>>>>>>>>>>>>>//
  //       ManyBody Computations       //
  //<<<<<<<<<<<<<<<<<<<<<<<<<<<<<<<<<<<//


2024-01-24:04:49:38,819 INFO     [psi4.driver.task_base:172] <<< JSON launch ... c1 0.0
2024-01-24:04:49:40,213 INFO     [psi4.driver.task_planner:286] PLANNING Atomic:  keywords={'SCF_TYPE': 'DF', 'function_kwargs': {}}
2024-01-24:04:49:40,215 INFO     [psi4.driver.driver:523] Compute energy(): method=mp2, basis=aug-cc-pvtz, molecule=dimer, nre=0.0
2024-01-24:04:49:52,42 INFO     [psi4.driver.driver:526] Return energy(): -599.1210015912992
2024-01-24:04:49:52,55 INFO     [psi4.driver.task_base:172] <<< JSON launch ... c1 9.161738423061454
2024-01-24:04:49:52,75 INFO     [psi4.driver.task_planner:286] PLANNING Atomic:  keywords={'SCF_TYPE': 'DF', 'function_kwargs': {}}
2024-01-24:04:49:52,77 INFO     [psi4.driver.driver:523] Compute energy(): method=mp2, basis=aug-cc-pvtz, molecule=dimer, nre=9.161738423061454
2024-01-24:04:50:01,689 INFO     [psi4.driver.driver:526] Return energy(): -76.3443506907127
2024-01-24:04:50:01,702 INFO     [psi4.driver.task_base:172] <<< JSON launch ... c1 27.880672983337234
2024-01-24:04:50:01,723 INFO     [psi4.driver.task_planner:286] PLANNING Atomic:  keywords={'SCF_TYPE': 'DF', 'function_kwargs': {}}
2024-01-24:04:50:01,725 INFO     [psi4.driver.driver:523] Compute energy(): method=mp2, basis=aug-cc-pvtz, molecule=dimer, nre=27.880672983337234
2024-01-24:04:50:11,429 INFO     [psi4.driver.driver:526] Return energy(): -152.68778378918438
2024-01-24:04:50:11,441 INFO     [psi4.driver.task_base:172] <<< JSON launch ... c1 45.53379864939
2024-01-24:04:50:11,461 INFO     [psi4.driver.task_planner:286] PLANNING Atomic:  keywords={'SCF_TYPE': 'DF', 'function_kwargs': {}}
2024-01-24:04:50:11,464 INFO     [psi4.driver.driver:523] Compute energy(): method=mp2, basis=aug-cc-pvtz, molecule=dimer, nre=45.53379864939
2024-01-24:04:50:23,462 INFO     [psi4.driver.driver:526] Return energy(): -675.4927521885257
2024-01-24:04:50:23,474 INFO     [psi4.driver.task_base:172] <<< JSON launch ... c1 45.53379864939
2024-01-24:04:50:23,494 INFO     [psi4.driver.task_planner:286] PLANNING Atomic:  keywords={'SCF_TYPE': 'DF', 'function_kwargs': {}}
2024-01-24:04:50:23,497 INFO     [psi4.driver.driver:523] Compute energy(): method=mp2, basis=aug-cc-pvtz, molecule=dimer, nre=45.53379864939
2024-01-24:04:50:35,500 INFO     [psi4.driver.driver:526] Return energy(): -675.4927521885306
2024-01-24:04:50:35,512 INFO     [psi4.driver.task_base:172] <<< JSON launch ... c1 9.161738423061454
2024-01-24:04:50:35,532 INFO     [psi4.driver.task_planner:286] PLANNING Atomic:  keywords={'SCF_TYPE': 'DF', 'function_kwargs': {}}
2024-01-24:04:50:35,534 INFO     [psi4.driver.driver:523] Compute energy(): method=mp2, basis=aug-cc-pvtz, molecule=dimer, nre=9.161738423061454
2024-01-24:04:50:45,31 INFO     [psi4.driver.driver:526] Return energy(): -76.34435069070786
2024-01-24:04:50:45,43 INFO     [psi4.driver.task_base:172] <<< JSON launch ... c1 100.62479343599432
2024-01-24:04:50:45,63 INFO     [psi4.driver.task_planner:286] PLANNING Atomic:  keywords={'SCF_TYPE': 'DF', 'function_kwargs': {}}
2024-01-24:04:50:45,65 INFO     [psi4.driver.driver:523] Compute energy(): method=mp2, basis=aug-cc-pvtz, molecule=dimer, nre=100.62479343599432
2024-01-24:04:50:57,158 INFO     [psi4.driver.driver:526] Return energy(): -751.8613598348968
2024-01-24:04:50:57,170 INFO     [psi4.driver.driver_nbody:1366] 
  //>>>>>>>>>>>>>>>>>>>>>>>>>>>>>>>>>>>//
  //          ManyBody Results         //
  //<<<<<<<<<<<<<<<<<<<<<<<<<<<<<<<<<<<//


2024-01-24:04:50:57,171 INFO     [psi4.driver.driver_nbody:396] 
   ==> N-Body: Counterpoise Corrected (CP) energies <==

        n-Body     Total Energy            Interaction Energy                          N-body Contribution to Interaction Energy
                   [Eh]                    [Eh]                  [kcal/mol]            [Eh]                  [kcal/mol]
             1  N/A                         0.000000000000        0.000000000000        0.000000000000        0.000000000000
             2  N/A                        -0.053882220801      -33.811604020747       -0.053882220801      -33.811604020747
  FULL/RTN   3  N/A                        -0.051656862177      -32.415170401669        0.002225358624        1.396433619079


