2024-01-22:03:15:28,41 INFO     [psi4.driver.task_planner:235] PLANNING MB:  mc_level_idx=0 packet={'driver': 'energy', 'method': 'mp2', 'basis': 'AUG-CC-PVTZ', 'keywords': {'SCF_TYPE': 'DF', 'function_kwargs': {}}}
2024-01-22:03:15:28,41 INFO     [psi4.driver.driver_nbody:954] 
  //>>>>>>>>>>>>>>>>>>>>>>>>>>>>>>>>>>>>>>>>//
  // ManyBody Setup: N-Body Levels [1, 2, 3]//
  //<<<<<<<<<<<<<<<<<<<<<<<<<<<<<<<<<<<<<<<<//


2024-01-22:03:15:28,41 INFO     [psi4.driver.driver_nbody:515]         Number of 1-body computations:     3
        Number of 2-body computations:     3
        Number of 3-body computations:     1
2024-01-22:03:15:28,43 INFO     [psi4.driver.driver_nbody:1016] 
  //>>>>>>>>>>>>>>>>>>>>>>>>>>>>>>>>>>>//
  //       ManyBody Computations       //
  //<<<<<<<<<<<<<<<<<<<<<<<<<<<<<<<<<<<//


2024-01-22:03:15:28,59 INFO     [psi4.driver.task_base:203] <<< JSON launch ... c1 0.0
2024-01-22:03:15:30,495 INFO     [psi4.driver.task_planner:283] PLANNING Atomic:  keywords={'SCF_TYPE': 'DF', 'function_kwargs': {}}
2024-01-22:03:15:30,498 INFO     [psi4.driver.driver:524] Compute energy(): method=mp2, basis=aug-cc-pvtz, molecule=dimer, nre=0.0
2024-01-22:03:15:32,397 INFO     [psi4.driver.driver:527] Return energy(): -99.7603518102698
2024-01-22:03:15:32,414 INFO     [psi4.driver.task_base:203] <<< JSON launch ... c1 8.938260071000265
2024-01-22:03:15:32,447 INFO     [psi4.driver.task_planner:283] PLANNING Atomic:  keywords={'SCF_TYPE': 'DF', 'function_kwargs': {}}
2024-01-22:03:15:32,451 INFO     [psi4.driver.driver:524] Compute energy(): method=mp2, basis=aug-cc-pvtz, molecule=dimer, nre=8.938260071000268
2024-01-22:03:15:34,174 INFO     [psi4.driver.driver:527] Return energy(): -76.34204390832619
2024-01-22:03:15:34,191 INFO     [psi4.driver.task_base:203] <<< JSON launch ... c1 33.32561401933773
2024-01-22:03:15:34,223 INFO     [psi4.driver.task_planner:283] PLANNING Atomic:  keywords={'SCF_TYPE': 'DF', 'function_kwargs': {}}
2024-01-22:03:15:34,227 INFO     [psi4.driver.driver:524] Compute energy(): method=mp2, basis=aug-cc-pvtz, molecule=dimer, nre=33.325614019337735
2024-01-22:03:15:36,24 INFO     [psi4.driver.driver:527] Return energy(): -152.6827023251816
2024-01-22:03:15:36,40 INFO     [psi4.driver.task_base:203] <<< JSON launch ... c1 25.225451975193316
2024-01-22:03:15:36,73 INFO     [psi4.driver.task_planner:283] PLANNING Atomic:  keywords={'SCF_TYPE': 'DF', 'function_kwargs': {}}
2024-01-22:03:15:36,77 INFO     [psi4.driver.driver:524] Compute energy(): method=mp2, basis=aug-cc-pvtz, molecule=dimer, nre=25.22545197519332
2024-01-22:03:15:37,958 INFO     [psi4.driver.driver:527] Return energy(): -176.1340607297871
2024-01-22:03:15:37,974 INFO     [psi4.driver.task_base:203] <<< JSON launch ... c1 25.225451975193316
2024-01-22:03:15:38,7 INFO     [psi4.driver.task_planner:283] PLANNING Atomic:  keywords={'SCF_TYPE': 'DF', 'function_kwargs': {}}
2024-01-22:03:15:38,11 INFO     [psi4.driver.driver:524] Compute energy(): method=mp2, basis=aug-cc-pvtz, molecule=dimer, nre=25.22545197519332
2024-01-22:03:15:39,887 INFO     [psi4.driver.driver:527] Return energy(): -176.13406072979086
2024-01-22:03:15:39,904 INFO     [psi4.driver.task_base:203] <<< JSON launch ... c1 8.938260071000265
2024-01-22:03:15:39,937 INFO     [psi4.driver.task_planner:283] PLANNING Atomic:  keywords={'SCF_TYPE': 'DF', 'function_kwargs': {}}
2024-01-22:03:15:39,940 INFO     [psi4.driver.driver:524] Compute energy(): method=mp2, basis=aug-cc-pvtz, molecule=dimer, nre=8.938260071000268
2024-01-22:03:15:41,655 INFO     [psi4.driver.driver:527] Return energy(): -76.34204390832856
2024-01-22:03:15:41,672 INFO     [psi4.driver.task_base:203] <<< JSON launch ... c1 65.89999782772384
2024-01-22:03:15:41,705 INFO     [psi4.driver.task_planner:283] PLANNING Atomic:  keywords={'SCF_TYPE': 'DF', 'function_kwargs': {}}
2024-01-22:03:15:41,708 INFO     [psi4.driver.driver:524] Compute energy(): method=mp2, basis=aug-cc-pvtz, molecule=dimer, nre=65.89999782772385
2024-01-22:03:15:43,610 INFO     [psi4.driver.driver:527] Return energy(): -252.50381241973196
2024-01-22:03:15:43,628 INFO     [psi4.driver.driver_nbody:1366] 
  //>>>>>>>>>>>>>>>>>>>>>>>>>>>>>>>>>>>//
  //          ManyBody Results         //
  //<<<<<<<<<<<<<<<<<<<<<<<<<<<<<<<<<<<//


2024-01-22:03:15:43,629 INFO     [psi4.driver.driver_nbody:396] 
   ==> N-Body: Counterpoise Corrected (CP) energies <==

        n-Body     Total Energy            Interaction Energy                          N-body Contribution to Interaction Energy
                   [Eh]                    [Eh]                  [kcal/mol]            [Eh]                  [kcal/mol]
             1  N/A                         0.000000000000        0.000000000000        0.000000000000        0.000000000000
             2  N/A                        -0.061944530911      -38.870779995059       -0.061944530911      -38.870779995059
  FULL/RTN   3  N/A                        -0.059372792807      -37.256989971298        0.002571738103        1.613790023761


