2024-01-22:03:13:48,560 INFO     [psi4.driver.task_planner:235] PLANNING MB:  mc_level_idx=0 packet={'driver': 'energy', 'method': 'mp2', 'basis': 'AUG-CC-PVTZ', 'keywords': {'SCF_TYPE': 'DF', 'function_kwargs': {}}}
2024-01-22:03:13:48,560 INFO     [psi4.driver.driver_nbody:954] 
  //>>>>>>>>>>>>>>>>>>>>>>>>>>>>>>>>>>>>>>>>//
  // ManyBody Setup: N-Body Levels [1, 2, 3]//
  //<<<<<<<<<<<<<<<<<<<<<<<<<<<<<<<<<<<<<<<<//


2024-01-22:03:13:48,560 INFO     [psi4.driver.driver_nbody:515]         Number of 1-body computations:     3
        Number of 2-body computations:     3
        Number of 3-body computations:     1
2024-01-22:03:13:48,563 INFO     [psi4.driver.driver_nbody:1016] 
  //>>>>>>>>>>>>>>>>>>>>>>>>>>>>>>>>>>>//
  //       ManyBody Computations       //
  //<<<<<<<<<<<<<<<<<<<<<<<<<<<<<<<<<<<//


2024-01-22:03:13:48,579 INFO     [psi4.driver.task_base:203] <<< JSON launch ... c1 0.0
2024-01-22:03:13:51,65 INFO     [psi4.driver.task_planner:283] PLANNING Atomic:  keywords={'SCF_TYPE': 'DF', 'function_kwargs': {}}
2024-01-22:03:13:51,67 INFO     [psi4.driver.driver:524] Compute energy(): method=mp2, basis=aug-cc-pvtz, molecule=dimer, nre=0.0
2024-01-22:03:13:52,984 INFO     [psi4.driver.driver:527] Return energy(): -99.7625857168729
2024-01-22:03:13:53,1 INFO     [psi4.driver.task_base:203] <<< JSON launch ... c1 8.938260071000265
2024-01-22:03:13:53,34 INFO     [psi4.driver.task_planner:283] PLANNING Atomic:  keywords={'SCF_TYPE': 'DF', 'function_kwargs': {}}
2024-01-22:03:13:53,37 INFO     [psi4.driver.driver:524] Compute energy(): method=mp2, basis=aug-cc-pvtz, molecule=dimer, nre=8.938260071000268
2024-01-22:03:13:54,762 INFO     [psi4.driver.driver:527] Return energy(): -76.34233387753719
2024-01-22:03:13:54,779 INFO     [psi4.driver.task_base:203] <<< JSON launch ... c1 33.32561401933773
2024-01-22:03:13:54,812 INFO     [psi4.driver.task_planner:283] PLANNING Atomic:  keywords={'SCF_TYPE': 'DF', 'function_kwargs': {}}
2024-01-22:03:13:54,815 INFO     [psi4.driver.driver:524] Compute energy(): method=mp2, basis=aug-cc-pvtz, molecule=dimer, nre=33.325614019337735
2024-01-22:03:13:56,617 INFO     [psi4.driver.driver:527] Return energy(): -152.68328672200155
2024-01-22:03:13:56,633 INFO     [psi4.driver.task_base:203] <<< JSON launch ... c1 29.511675898086278
2024-01-22:03:13:56,666 INFO     [psi4.driver.task_planner:283] PLANNING Atomic:  keywords={'SCF_TYPE': 'DF', 'function_kwargs': {}}
2024-01-22:03:13:56,670 INFO     [psi4.driver.driver:524] Compute energy(): method=mp2, basis=aug-cc-pvtz, molecule=dimer, nre=29.51167589808628
2024-01-22:03:13:58,554 INFO     [psi4.driver.driver:527] Return energy(): -176.14882464848694
2024-01-22:03:13:58,570 INFO     [psi4.driver.task_base:203] <<< JSON launch ... c1 29.511675898086278
2024-01-22:03:13:58,603 INFO     [psi4.driver.task_planner:283] PLANNING Atomic:  keywords={'SCF_TYPE': 'DF', 'function_kwargs': {}}
2024-01-22:03:13:58,607 INFO     [psi4.driver.driver:524] Compute energy(): method=mp2, basis=aug-cc-pvtz, molecule=dimer, nre=29.51167589808628
2024-01-22:03:14:00,483 INFO     [psi4.driver.driver:527] Return energy(): -176.14882464848077
2024-01-22:03:14:00,500 INFO     [psi4.driver.task_base:203] <<< JSON launch ... c1 8.938260071000265
2024-01-22:03:14:00,533 INFO     [psi4.driver.task_planner:283] PLANNING Atomic:  keywords={'SCF_TYPE': 'DF', 'function_kwargs': {}}
2024-01-22:03:14:00,536 INFO     [psi4.driver.driver:524] Compute energy(): method=mp2, basis=aug-cc-pvtz, molecule=dimer, nre=8.938260071000268
2024-01-22:03:14:02,236 INFO     [psi4.driver.driver:527] Return energy(): -76.34233387754307
2024-01-22:03:14:02,252 INFO     [psi4.driver.task_base:203] <<< JSON launch ... c1 74.47244567350978
2024-01-22:03:14:02,285 INFO     [psi4.driver.task_planner:283] PLANNING Atomic:  keywords={'SCF_TYPE': 'DF', 'function_kwargs': {}}
2024-01-22:03:14:02,289 INFO     [psi4.driver.driver:524] Compute energy(): method=mp2, basis=aug-cc-pvtz, molecule=dimer, nre=74.47244567350978
2024-01-22:03:14:04,158 INFO     [psi4.driver.driver:527] Return energy(): -252.5259547922064
2024-01-22:03:14:04,176 INFO     [psi4.driver.driver_nbody:1366] 
  //>>>>>>>>>>>>>>>>>>>>>>>>>>>>>>>>>>>//
  //          ManyBody Results         //
  //<<<<<<<<<<<<<<<<<<<<<<<<<<<<<<<<<<<//


2024-01-22:03:14:04,177 INFO     [psi4.driver.driver_nbody:396] 
   ==> N-Body: Counterpoise Corrected (CP) energies <==

        n-Body     Total Energy            Interaction Energy                          N-body Contribution to Interaction Energy
                   [Eh]                    [Eh]                  [kcal/mol]            [Eh]                  [kcal/mol]
             1  N/A                         0.000000000000        0.000000000000        0.000000000000        0.000000000000
             2  N/A                        -0.086429075063      -54.235063411823       -0.086429075063      -54.235063411823
  FULL/RTN   3  N/A                        -0.078701320253      -49.385824057702        0.007727754810        4.849239354121


