2023-12-30:16:54:34,47 INFO     [psi4.driver.task_planner:238] PLANNING MB:  mc_level_idx=0 packet={'driver': 'energy', 'method': 'mp2', 'basis': 'AUG-CC-PVTZ', 'keywords': {'SCF_TYPE': 'DF', 'function_kwargs': {}}}
2023-12-30:16:54:34,47 INFO     [psi4.driver.driver_nbody:954] 
  //>>>>>>>>>>>>>>>>>>>>>>>>>>>>>>>>>>>>>//
  // ManyBody Setup: N-Body Levels [1, 2]//
  //<<<<<<<<<<<<<<<<<<<<<<<<<<<<<<<<<<<<<//


2023-12-30:16:54:34,47 INFO     [psi4.driver.driver_nbody:515]         Number of 1-body computations:     2
        Number of 2-body computations:     1
2023-12-30:16:54:34,48 INFO     [psi4.driver.driver_nbody:1016] 
  //>>>>>>>>>>>>>>>>>>>>>>>>>>>>>>>>>>>//
  //       ManyBody Computations       //
  //<<<<<<<<<<<<<<<<<<<<<<<<<<<<<<<<<<<//


2023-12-30:16:54:34,63 INFO     [psi4.driver.task_base:172] <<< JSON launch ... c1 33.32561401933773
2023-12-30:16:54:35,522 INFO     [psi4.driver.task_planner:286] PLANNING Atomic:  keywords={'SCF_TYPE': 'DF', 'function_kwargs': {}}
2023-12-30:16:54:35,524 INFO     [psi4.driver.driver:523] Compute energy(): method=mp2, basis=aug-cc-pvtz, molecule=dimer, nre=33.325614019337735
2023-12-30:16:54:37,225 INFO     [psi4.driver.driver:526] Return energy(): -152.68284948186295
2023-12-30:16:54:37,241 INFO     [psi4.driver.task_base:172] <<< JSON launch ... c1 0.0
2023-12-30:16:54:37,270 INFO     [psi4.driver.task_planner:286] PLANNING Atomic:  keywords={'SCF_TYPE': 'DF', 'function_kwargs': {}}
2023-12-30:16:54:37,273 INFO     [psi4.driver.driver:523] Compute energy(): method=mp2, basis=aug-cc-pvtz, molecule=dimer, nre=0.0
2023-12-30:16:54:38,789 INFO     [psi4.driver.driver:526] Return energy(): -99.76074173151171
2023-12-30:16:54:38,803 INFO     [psi4.driver.task_base:172] <<< JSON launch ... c1 67.58059618556435
2023-12-30:16:54:38,833 INFO     [psi4.driver.task_planner:286] PLANNING Atomic:  keywords={'SCF_TYPE': 'DF', 'function_kwargs': {}}
2023-12-30:16:54:38,836 INFO     [psi4.driver.driver:523] Compute energy(): method=mp2, basis=aug-cc-pvtz, molecule=dimer, nre=67.58059618556436
2023-12-30:16:54:40,646 INFO     [psi4.driver.driver:526] Return energy(): -252.5115760089939
2023-12-30:16:54:40,663 INFO     [psi4.driver.driver_nbody:1366] 
  //>>>>>>>>>>>>>>>>>>>>>>>>>>>>>>>>>>>//
  //          ManyBody Results         //
  //<<<<<<<<<<<<<<<<<<<<<<<<<<<<<<<<<<<//


2023-12-30:16:54:40,663 INFO     [psi4.driver.driver_nbody:396] 
   ==> N-Body: Counterpoise Corrected (CP) energies <==

        n-Body     Total Energy            Interaction Energy                          N-body Contribution to Interaction Energy
                   [Eh]                    [Eh]                  [kcal/mol]            [Eh]                  [kcal/mol]
             1  N/A                         0.000000000000        0.000000000000        0.000000000000        0.000000000000
  FULL/RTN   2  N/A                        -0.067984795619      -42.661103323911       -0.067984795619      -42.661103323911


