2024-01-22:03:16:01,210 INFO     [psi4.driver.task_planner:235] PLANNING MB:  mc_level_idx=0 packet={'driver': 'energy', 'method': 'mp2', 'basis': 'AUG-CC-PVTZ', 'keywords': {'SCF_TYPE': 'DF', 'function_kwargs': {}}}
2024-01-22:03:16:01,210 INFO     [psi4.driver.driver_nbody:954] 
  //>>>>>>>>>>>>>>>>>>>>>>>>>>>>>>>>>>>>>>>>//
  // ManyBody Setup: N-Body Levels [1, 2, 3]//
  //<<<<<<<<<<<<<<<<<<<<<<<<<<<<<<<<<<<<<<<<//


2024-01-22:03:16:01,211 INFO     [psi4.driver.driver_nbody:515]         Number of 1-body computations:     3
        Number of 2-body computations:     3
        Number of 3-body computations:     1
2024-01-22:03:16:01,213 INFO     [psi4.driver.driver_nbody:1016] 
  //>>>>>>>>>>>>>>>>>>>>>>>>>>>>>>>>>>>//
  //       ManyBody Computations       //
  //<<<<<<<<<<<<<<<<<<<<<<<<<<<<<<<<<<<//


2024-01-22:03:16:01,228 INFO     [psi4.driver.task_base:203] <<< JSON launch ... c1 0.0
2024-01-22:03:16:03,732 INFO     [psi4.driver.task_planner:283] PLANNING Atomic:  keywords={'SCF_TYPE': 'DF', 'function_kwargs': {}}
2024-01-22:03:16:03,734 INFO     [psi4.driver.driver:524] Compute energy(): method=mp2, basis=aug-cc-pvtz, molecule=dimer, nre=0.0
2024-01-22:03:16:05,630 INFO     [psi4.driver.driver:527] Return energy(): -99.7589720035069
2024-01-22:03:16:05,647 INFO     [psi4.driver.task_base:203] <<< JSON launch ... c1 8.938260071000265
2024-01-22:03:16:05,680 INFO     [psi4.driver.task_planner:283] PLANNING Atomic:  keywords={'SCF_TYPE': 'DF', 'function_kwargs': {}}
2024-01-22:03:16:05,683 INFO     [psi4.driver.driver:524] Compute energy(): method=mp2, basis=aug-cc-pvtz, molecule=dimer, nre=8.938260071000268
2024-01-22:03:16:07,411 INFO     [psi4.driver.driver:527] Return energy(): -76.34170477453011
2024-01-22:03:16:07,428 INFO     [psi4.driver.task_base:203] <<< JSON launch ... c1 33.32561401933773
2024-01-22:03:16:07,461 INFO     [psi4.driver.task_planner:283] PLANNING Atomic:  keywords={'SCF_TYPE': 'DF', 'function_kwargs': {}}
2024-01-22:03:16:07,464 INFO     [psi4.driver.driver:524] Compute energy(): method=mp2, basis=aug-cc-pvtz, molecule=dimer, nre=33.325614019337735
2024-01-22:03:16:09,238 INFO     [psi4.driver.driver:527] Return energy(): -152.68202218389882
2024-01-22:03:16:09,255 INFO     [psi4.driver.task_base:203] <<< JSON launch ... c1 21.34473100578306
2024-01-22:03:16:09,288 INFO     [psi4.driver.task_planner:283] PLANNING Atomic:  keywords={'SCF_TYPE': 'DF', 'function_kwargs': {}}
2024-01-22:03:16:09,292 INFO     [psi4.driver.driver:524] Compute energy(): method=mp2, basis=aug-cc-pvtz, molecule=dimer, nre=21.344731005783064
2024-01-22:03:16:11,163 INFO     [psi4.driver.driver:527] Return energy(): -176.11492804875814
2024-01-22:03:16:11,180 INFO     [psi4.driver.task_base:203] <<< JSON launch ... c1 21.34473100578306
2024-01-22:03:16:11,213 INFO     [psi4.driver.task_planner:283] PLANNING Atomic:  keywords={'SCF_TYPE': 'DF', 'function_kwargs': {}}
2024-01-22:03:16:11,216 INFO     [psi4.driver.driver:524] Compute energy(): method=mp2, basis=aug-cc-pvtz, molecule=dimer, nre=21.344731005783064
2024-01-22:03:16:13,65 INFO     [psi4.driver.driver:527] Return energy(): -176.11492804878182
2024-01-22:03:16:13,82 INFO     [psi4.driver.task_base:203] <<< JSON launch ... c1 8.938260071000265
2024-01-22:03:16:13,115 INFO     [psi4.driver.task_planner:283] PLANNING Atomic:  keywords={'SCF_TYPE': 'DF', 'function_kwargs': {}}
2024-01-22:03:16:13,119 INFO     [psi4.driver.driver:524] Compute energy(): method=mp2, basis=aug-cc-pvtz, molecule=dimer, nre=8.938260071000268
2024-01-22:03:16:14,819 INFO     [psi4.driver.driver:527] Return energy(): -76.34170477451342
2024-01-22:03:16:14,836 INFO     [psi4.driver.task_base:203] <<< JSON launch ... c1 58.13855588890332
2024-01-22:03:16:14,869 INFO     [psi4.driver.task_planner:283] PLANNING Atomic:  keywords={'SCF_TYPE': 'DF', 'function_kwargs': {}}
2024-01-22:03:16:14,872 INFO     [psi4.driver.driver:524] Compute energy(): method=mp2, basis=aug-cc-pvtz, molecule=dimer, nre=58.138555888903326
2024-01-22:03:16:16,803 INFO     [psi4.driver.driver:527] Return energy(): -252.46825650780946
2024-01-22:03:16:16,821 INFO     [psi4.driver.driver_nbody:1366] 
  //>>>>>>>>>>>>>>>>>>>>>>>>>>>>>>>>>>>//
  //          ManyBody Results         //
  //<<<<<<<<<<<<<<<<<<<<<<<<<<<<<<<<<<<//


2024-01-22:03:16:16,821 INFO     [psi4.driver.driver_nbody:396] 
   ==> N-Body: Counterpoise Corrected (CP) energies <==

        n-Body     Total Energy            Interaction Energy                          N-body Contribution to Interaction Energy
                   [Eh]                    [Eh]                  [kcal/mol]            [Eh]                  [kcal/mol]
             1  N/A                         0.000000000000        0.000000000000        0.000000000000        0.000000000000
             2  N/A                        -0.027115176338      -17.015030035164       -0.027115176338      -17.015030035164
  FULL/RTN   3  N/A                        -0.025874955259      -16.236779558601        0.001240221079        0.778250476563


