2024-01-22:03:16:17,804 INFO     [psi4.driver.task_planner:235] PLANNING MB:  mc_level_idx=0 packet={'driver': 'energy', 'method': 'mp2', 'basis': 'AUG-CC-PVTZ', 'keywords': {'SCF_TYPE': 'DF', 'function_kwargs': {}}}
2024-01-22:03:16:17,804 INFO     [psi4.driver.driver_nbody:954] 
  //>>>>>>>>>>>>>>>>>>>>>>>>>>>>>>>>>>>>>>>>//
  // ManyBody Setup: N-Body Levels [1, 2, 3]//
  //<<<<<<<<<<<<<<<<<<<<<<<<<<<<<<<<<<<<<<<<//


2024-01-22:03:16:17,805 INFO     [psi4.driver.driver_nbody:515]         Number of 1-body computations:     3
        Number of 2-body computations:     3
        Number of 3-body computations:     1
2024-01-22:03:16:17,807 INFO     [psi4.driver.driver_nbody:1016] 
  //>>>>>>>>>>>>>>>>>>>>>>>>>>>>>>>>>>>//
  //       ManyBody Computations       //
  //<<<<<<<<<<<<<<<<<<<<<<<<<<<<<<<<<<<//


2024-01-22:03:16:17,823 INFO     [psi4.driver.task_base:203] <<< JSON launch ... c1 0.0
2024-01-22:03:16:20,285 INFO     [psi4.driver.task_planner:283] PLANNING Atomic:  keywords={'SCF_TYPE': 'DF', 'function_kwargs': {}}
2024-01-22:03:16:20,288 INFO     [psi4.driver.driver:524] Compute energy(): method=mp2, basis=aug-cc-pvtz, molecule=dimer, nre=0.0
2024-01-22:03:16:23,763 INFO     [psi4.driver.driver:527] Return energy(): -459.81951524450295
2024-01-22:03:16:23,780 INFO     [psi4.driver.task_base:203] <<< JSON launch ... c1 9.073743559405912
2024-01-22:03:16:23,814 INFO     [psi4.driver.task_planner:283] PLANNING Atomic:  keywords={'SCF_TYPE': 'DF', 'function_kwargs': {}}
2024-01-22:03:16:23,817 INFO     [psi4.driver.driver:524] Compute energy(): method=mp2, basis=aug-cc-pvtz, molecule=dimer, nre=9.073743559405912
2024-01-22:03:16:26,780 INFO     [psi4.driver.driver:527] Return energy(): -76.34425112883189
2024-01-22:03:16:26,797 INFO     [psi4.driver.task_base:203] <<< JSON launch ... c1 35.804000521943955
2024-01-22:03:16:26,830 INFO     [psi4.driver.task_planner:283] PLANNING Atomic:  keywords={'SCF_TYPE': 'DF', 'function_kwargs': {}}
2024-01-22:03:16:26,833 INFO     [psi4.driver.driver:524] Compute energy(): method=mp2, basis=aug-cc-pvtz, molecule=dimer, nre=35.804000521943955
2024-01-22:03:16:29,878 INFO     [psi4.driver.driver:527] Return energy(): -152.6893155821659
2024-01-22:03:16:29,895 INFO     [psi4.driver.task_base:203] <<< JSON launch ... c1 41.700889402338184
2024-01-22:03:16:29,928 INFO     [psi4.driver.task_planner:283] PLANNING Atomic:  keywords={'SCF_TYPE': 'DF', 'function_kwargs': {}}
2024-01-22:03:16:29,932 INFO     [psi4.driver.driver:524] Compute energy(): method=mp2, basis=aug-cc-pvtz, molecule=dimer, nre=41.700889402338184
2024-01-22:03:16:33,157 INFO     [psi4.driver.driver:527] Return energy(): -536.1849118010967
2024-01-22:03:16:33,174 INFO     [psi4.driver.task_base:203] <<< JSON launch ... c1 41.700889402338184
2024-01-22:03:16:33,207 INFO     [psi4.driver.task_planner:283] PLANNING Atomic:  keywords={'SCF_TYPE': 'DF', 'function_kwargs': {}}
2024-01-22:03:16:33,211 INFO     [psi4.driver.driver:524] Compute energy(): method=mp2, basis=aug-cc-pvtz, molecule=dimer, nre=41.700889402338184
2024-01-22:03:16:36,410 INFO     [psi4.driver.driver:527] Return energy(): -536.1849118010646
2024-01-22:03:16:36,427 INFO     [psi4.driver.task_base:203] <<< JSON launch ... c1 9.073743559405912
2024-01-22:03:16:36,460 INFO     [psi4.driver.task_planner:283] PLANNING Atomic:  keywords={'SCF_TYPE': 'DF', 'function_kwargs': {}}
2024-01-22:03:16:36,464 INFO     [psi4.driver.driver:524] Compute energy(): method=mp2, basis=aug-cc-pvtz, molecule=dimer, nre=9.073743559405912
2024-01-22:03:16:39,293 INFO     [psi4.driver.driver:527] Return energy(): -76.34425112884486
2024-01-22:03:16:39,310 INFO     [psi4.driver.task_base:203] <<< JSON launch ... c1 101.05829220780846
2024-01-22:03:16:39,343 INFO     [psi4.driver.task_planner:283] PLANNING Atomic:  keywords={'SCF_TYPE': 'DF', 'function_kwargs': {}}
2024-01-22:03:16:39,347 INFO     [psi4.driver.driver:524] Compute energy(): method=mp2, basis=aug-cc-pvtz, molecule=dimer, nre=101.05829220780846
2024-01-22:03:16:42,528 INFO     [psi4.driver.driver:527] Return energy(): -612.549055828997
2024-01-22:03:16:42,546 INFO     [psi4.driver.driver_nbody:1366] 
  //>>>>>>>>>>>>>>>>>>>>>>>>>>>>>>>>>>>//
  //          ManyBody Results         //
  //<<<<<<<<<<<<<<<<<<<<<<<<<<<<<<<<<<<//


2024-01-22:03:16:42,546 INFO     [psi4.driver.driver_nbody:396] 
   ==> N-Body: Counterpoise Corrected (CP) energies <==

        n-Body     Total Energy            Interaction Energy                          N-body Contribution to Interaction Energy
                   [Eh]                    [Eh]                  [kcal/mol]            [Eh]                  [kcal/mol]
             1  N/A                         0.000000000000        0.000000000000        0.000000000000        0.000000000000
             2  N/A                        -0.043104179968      -27.048281289295       -0.043104179968      -27.048281289295
  FULL/RTN   3  N/A                        -0.041038326817      -25.751938865853        0.002065853151        1.296342423442


