2024-01-22:03:18:52,864 INFO     [psi4.driver.task_planner:235] PLANNING MB:  mc_level_idx=0 packet={'driver': 'energy', 'method': 'mp2', 'basis': 'AUG-CC-PVTZ', 'keywords': {'SCF_TYPE': 'DF', 'function_kwargs': {}}}
2024-01-22:03:18:52,864 INFO     [psi4.driver.driver_nbody:954] 
  //>>>>>>>>>>>>>>>>>>>>>>>>>>>>>>>>>>>>>>>>//
  // ManyBody Setup: N-Body Levels [1, 2, 3]//
  //<<<<<<<<<<<<<<<<<<<<<<<<<<<<<<<<<<<<<<<<//


2024-01-22:03:18:52,865 INFO     [psi4.driver.driver_nbody:515]         Number of 1-body computations:     3
        Number of 2-body computations:     3
        Number of 3-body computations:     1
2024-01-22:03:18:52,867 INFO     [psi4.driver.driver_nbody:1016] 
  //>>>>>>>>>>>>>>>>>>>>>>>>>>>>>>>>>>>//
  //       ManyBody Computations       //
  //<<<<<<<<<<<<<<<<<<<<<<<<<<<<<<<<<<<//


2024-01-22:03:18:52,883 INFO     [psi4.driver.task_base:203] <<< JSON launch ... c1 0.0
2024-01-22:03:18:55,351 INFO     [psi4.driver.task_planner:283] PLANNING Atomic:  keywords={'SCF_TYPE': 'DF', 'function_kwargs': {}}
2024-01-22:03:18:55,353 INFO     [psi4.driver.driver:524] Compute energy(): method=mp2, basis=aug-cc-pvtz, molecule=dimer, nre=0.0
2024-01-22:03:18:58,873 INFO     [psi4.driver.driver:527] Return energy(): -459.8158284270034
2024-01-22:03:18:58,890 INFO     [psi4.driver.task_base:203] <<< JSON launch ... c1 9.073743559405912
2024-01-22:03:18:58,923 INFO     [psi4.driver.task_planner:283] PLANNING Atomic:  keywords={'SCF_TYPE': 'DF', 'function_kwargs': {}}
2024-01-22:03:18:58,927 INFO     [psi4.driver.driver:524] Compute energy(): method=mp2, basis=aug-cc-pvtz, molecule=dimer, nre=9.073743559405912
2024-01-22:03:19:01,906 INFO     [psi4.driver.driver:527] Return energy(): -76.34395885457333
2024-01-22:03:19:01,923 INFO     [psi4.driver.task_base:203] <<< JSON launch ... c1 35.804000521943955
2024-01-22:03:19:01,956 INFO     [psi4.driver.task_planner:283] PLANNING Atomic:  keywords={'SCF_TYPE': 'DF', 'function_kwargs': {}}
2024-01-22:03:19:01,959 INFO     [psi4.driver.driver:524] Compute energy(): method=mp2, basis=aug-cc-pvtz, molecule=dimer, nre=35.804000521943955
2024-01-22:03:19:04,950 INFO     [psi4.driver.driver:527] Return energy(): -152.68872704777263
2024-01-22:03:19:04,967 INFO     [psi4.driver.task_base:203] <<< JSON launch ... c1 33.30591103172099
2024-01-22:03:19:04,999 INFO     [psi4.driver.task_planner:283] PLANNING Atomic:  keywords={'SCF_TYPE': 'DF', 'function_kwargs': {}}
2024-01-22:03:19:05,3 INFO     [psi4.driver.driver:524] Compute energy(): method=mp2, basis=aug-cc-pvtz, molecule=dimer, nre=33.30591103172099
2024-01-22:03:19:08,254 INFO     [psi4.driver.driver:527] Return energy(): -536.1775384339784
2024-01-22:03:19:08,272 INFO     [psi4.driver.task_base:203] <<< JSON launch ... c1 33.30591103172099
2024-01-22:03:19:08,305 INFO     [psi4.driver.task_planner:283] PLANNING Atomic:  keywords={'SCF_TYPE': 'DF', 'function_kwargs': {}}
2024-01-22:03:19:08,308 INFO     [psi4.driver.driver:524] Compute energy(): method=mp2, basis=aug-cc-pvtz, molecule=dimer, nre=33.30591103172099
2024-01-22:03:19:11,518 INFO     [psi4.driver.driver:527] Return energy(): -536.1775384340096
2024-01-22:03:19:11,534 INFO     [psi4.driver.task_base:203] <<< JSON launch ... c1 9.073743559405912
2024-01-22:03:19:11,567 INFO     [psi4.driver.task_planner:283] PLANNING Atomic:  keywords={'SCF_TYPE': 'DF', 'function_kwargs': {}}
2024-01-22:03:19:11,571 INFO     [psi4.driver.driver:524] Compute energy(): method=mp2, basis=aug-cc-pvtz, molecule=dimer, nre=9.073743559405912
2024-01-22:03:19:14,427 INFO     [psi4.driver.driver:527] Return energy(): -76.34395885455052
2024-01-22:03:19:14,444 INFO     [psi4.driver.task_base:203] <<< JSON launch ... c1 84.26833546657407
2024-01-22:03:19:14,477 INFO     [psi4.driver.task_planner:283] PLANNING Atomic:  keywords={'SCF_TYPE': 'DF', 'function_kwargs': {}}
2024-01-22:03:19:14,481 INFO     [psi4.driver.driver:524] Compute energy(): method=mp2, basis=aug-cc-pvtz, molecule=dimer, nre=84.26833546657407
2024-01-22:03:19:17,675 INFO     [psi4.driver.driver:527] Return energy(): -612.5393828699033
2024-01-22:03:19:17,693 INFO     [psi4.driver.driver_nbody:1366] 
  //>>>>>>>>>>>>>>>>>>>>>>>>>>>>>>>>>>>//
  //          ManyBody Results         //
  //<<<<<<<<<<<<<<<<<<<<<<<<<<<<<<<<<<<//


2024-01-22:03:19:17,694 INFO     [psi4.driver.driver_nbody:396] 
   ==> N-Body: Counterpoise Corrected (CP) energies <==

        n-Body     Total Energy            Interaction Energy                          N-body Contribution to Interaction Energy
                   [Eh]                    [Eh]                  [kcal/mol]            [Eh]                  [kcal/mol]
             1  N/A                         0.000000000000        0.000000000000        0.000000000000        0.000000000000
             2  N/A                        -0.036311643506      -22.785900308445       -0.036311643506      -22.785900308445
  FULL/RTN   3  N/A                        -0.035636733776      -22.362388058902        0.000674909730        0.423512249543


