2024-01-22:03:18:27,34 INFO     [psi4.driver.task_planner:235] PLANNING MB:  mc_level_idx=0 packet={'driver': 'energy', 'method': 'mp2', 'basis': 'AUG-CC-PVTZ', 'keywords': {'SCF_TYPE': 'DF', 'function_kwargs': {}}}
2024-01-22:03:18:27,34 INFO     [psi4.driver.driver_nbody:954] 
  //>>>>>>>>>>>>>>>>>>>>>>>>>>>>>>>>>>>>>>>>//
  // ManyBody Setup: N-Body Levels [1, 2, 3]//
  //<<<<<<<<<<<<<<<<<<<<<<<<<<<<<<<<<<<<<<<<//


2024-01-22:03:18:27,34 INFO     [psi4.driver.driver_nbody:515]         Number of 1-body computations:     3
        Number of 2-body computations:     3
        Number of 3-body computations:     1
2024-01-22:03:18:27,36 INFO     [psi4.driver.driver_nbody:1016] 
  //>>>>>>>>>>>>>>>>>>>>>>>>>>>>>>>>>>>//
  //       ManyBody Computations       //
  //<<<<<<<<<<<<<<<<<<<<<<<<<<<<<<<<<<<//


2024-01-22:03:18:27,52 INFO     [psi4.driver.task_base:203] <<< JSON launch ... c1 0.0
2024-01-22:03:18:29,489 INFO     [psi4.driver.task_planner:283] PLANNING Atomic:  keywords={'SCF_TYPE': 'DF', 'function_kwargs': {}}
2024-01-22:03:18:29,491 INFO     [psi4.driver.driver:524] Compute energy(): method=mp2, basis=aug-cc-pvtz, molecule=dimer, nre=0.0
2024-01-22:03:18:32,976 INFO     [psi4.driver.driver:527] Return energy(): -459.81644362481086
2024-01-22:03:18:32,993 INFO     [psi4.driver.task_base:203] <<< JSON launch ... c1 9.073743559405912
2024-01-22:03:18:33,26 INFO     [psi4.driver.task_planner:283] PLANNING Atomic:  keywords={'SCF_TYPE': 'DF', 'function_kwargs': {}}
2024-01-22:03:18:33,30 INFO     [psi4.driver.driver:524] Compute energy(): method=mp2, basis=aug-cc-pvtz, molecule=dimer, nre=9.073743559405912
2024-01-22:03:18:36,22 INFO     [psi4.driver.driver:527] Return energy(): -76.34404940697591
2024-01-22:03:18:36,39 INFO     [psi4.driver.task_base:203] <<< JSON launch ... c1 35.804000521943955
2024-01-22:03:18:36,72 INFO     [psi4.driver.task_planner:283] PLANNING Atomic:  keywords={'SCF_TYPE': 'DF', 'function_kwargs': {}}
2024-01-22:03:18:36,75 INFO     [psi4.driver.driver:524] Compute energy(): method=mp2, basis=aug-cc-pvtz, molecule=dimer, nre=35.804000521943955
2024-01-22:03:18:39,99 INFO     [psi4.driver.driver:527] Return energy(): -152.6889090397915
2024-01-22:03:18:39,116 INFO     [psi4.driver.task_base:203] <<< JSON launch ... c1 35.02216448672722
2024-01-22:03:18:39,148 INFO     [psi4.driver.task_planner:283] PLANNING Atomic:  keywords={'SCF_TYPE': 'DF', 'function_kwargs': {}}
2024-01-22:03:18:39,152 INFO     [psi4.driver.driver:524] Compute energy(): method=mp2, basis=aug-cc-pvtz, molecule=dimer, nre=35.02216448672722
2024-01-22:03:18:42,396 INFO     [psi4.driver.driver:527] Return energy(): -536.180996177475
2024-01-22:03:18:42,412 INFO     [psi4.driver.task_base:203] <<< JSON launch ... c1 35.02216448672722
2024-01-22:03:18:42,445 INFO     [psi4.driver.task_planner:283] PLANNING Atomic:  keywords={'SCF_TYPE': 'DF', 'function_kwargs': {}}
2024-01-22:03:18:42,449 INFO     [psi4.driver.driver:524] Compute energy(): method=mp2, basis=aug-cc-pvtz, molecule=dimer, nre=35.02216448672722
2024-01-22:03:18:45,708 INFO     [psi4.driver.driver:527] Return energy(): -536.1809961774493
2024-01-22:03:18:45,724 INFO     [psi4.driver.task_base:203] <<< JSON launch ... c1 9.073743559405912
2024-01-22:03:18:45,757 INFO     [psi4.driver.task_planner:283] PLANNING Atomic:  keywords={'SCF_TYPE': 'DF', 'function_kwargs': {}}
2024-01-22:03:18:45,761 INFO     [psi4.driver.driver:524] Compute energy(): method=mp2, basis=aug-cc-pvtz, molecule=dimer, nre=9.073743559405912
2024-01-22:03:18:48,609 INFO     [psi4.driver.driver:527] Return energy(): -76.34404940698997
2024-01-22:03:18:48,625 INFO     [psi4.driver.task_base:203] <<< JSON launch ... c1 87.70084237658654
2024-01-22:03:18:48,658 INFO     [psi4.driver.task_planner:283] PLANNING Atomic:  keywords={'SCF_TYPE': 'DF', 'function_kwargs': {}}
2024-01-22:03:18:48,662 INFO     [psi4.driver.driver:524] Compute energy(): method=mp2, basis=aug-cc-pvtz, molecule=dimer, nre=87.70084237658654
2024-01-22:03:18:51,867 INFO     [psi4.driver.driver:527] Return energy(): -612.5455075823736
2024-01-22:03:18:51,885 INFO     [psi4.driver.driver_nbody:1366] 
  //>>>>>>>>>>>>>>>>>>>>>>>>>>>>>>>>>>>//
  //          ManyBody Results         //
  //<<<<<<<<<<<<<<<<<<<<<<<<<<<<<<<<<<<//


2024-01-22:03:18:51,885 INFO     [psi4.driver.driver_nbody:396] 
   ==> N-Body: Counterpoise Corrected (CP) energies <==

        n-Body     Total Energy            Interaction Energy                          N-body Contribution to Interaction Energy
                   [Eh]                    [Eh]                  [kcal/mol]            [Eh]                  [kcal/mol]
             1  N/A                         0.000000000000        0.000000000000        0.000000000000        0.000000000000
             2  N/A                        -0.041816517162      -26.240260679699       -0.041816517162      -26.240260679699
  FULL/RTN   3  N/A                        -0.040965143597      -25.706015701681        0.000851373565        0.534244978019


