2024-01-01:17:44:49,935 INFO     [psi4.driver.task_planner:238] PLANNING MB:  mc_level_idx=0 packet={'driver': 'energy', 'method': 'mp2', 'basis': 'AUG-CC-PVTZ', 'keywords': {'SCF_TYPE': 'DF', 'function_kwargs': {}}}
2024-01-01:17:44:49,935 INFO     [psi4.driver.driver_nbody:954] 
  //>>>>>>>>>>>>>>>>>>>>>>>>>>>>>>>>>>>>>//
  // ManyBody Setup: N-Body Levels [1, 2]//
  //<<<<<<<<<<<<<<<<<<<<<<<<<<<<<<<<<<<<<//


2024-01-01:17:44:49,935 INFO     [psi4.driver.driver_nbody:515]         Number of 1-body computations:     2
        Number of 2-body computations:     1
2024-01-01:17:44:49,936 INFO     [psi4.driver.driver_nbody:1016] 
  //>>>>>>>>>>>>>>>>>>>>>>>>>>>>>>>>>>>//
  //       ManyBody Computations       //
  //<<<<<<<<<<<<<<<<<<<<<<<<<<<<<<<<<<<//


2024-01-01:17:44:49,951 INFO     [psi4.driver.task_base:172] <<< JSON launch ... c1 132.0254262205156
2024-01-01:17:44:51,392 INFO     [psi4.driver.task_planner:286] PLANNING Atomic:  keywords={'SCF_TYPE': 'DF', 'function_kwargs': {}}
2024-01-01:17:44:51,395 INFO     [psi4.driver.driver:523] Compute energy(): method=mp2, basis=aug-cc-pvtz, molecule=dimer, nre=132.0254262205156
2024-01-01:17:44:58,218 INFO     [psi4.driver.driver:526] Return energy(): -305.3657210167477
2024-01-01:17:44:58,243 INFO     [psi4.driver.task_base:172] <<< JSON launch ... c1 0.0
2024-01-01:17:44:58,267 INFO     [psi4.driver.task_planner:286] PLANNING Atomic:  keywords={'SCF_TYPE': 'DF', 'function_kwargs': {}}
2024-01-01:17:44:58,270 INFO     [psi4.driver.driver:523] Compute energy(): method=mp2, basis=aug-cc-pvtz, molecule=dimer, nre=0.0
2024-01-01:17:45:03,97 INFO     [psi4.driver.driver:526] Return energy(): -7.253708382298055
2024-01-01:17:45:03,108 INFO     [psi4.driver.task_base:172] <<< JSON launch ... c1 163.21073862635794
2024-01-01:17:45:03,151 INFO     [psi4.driver.task_planner:286] PLANNING Atomic:  keywords={'SCF_TYPE': 'DF', 'function_kwargs': {}}
2024-01-01:17:45:03,154 INFO     [psi4.driver.driver:523] Compute energy(): method=mp2, basis=aug-cc-pvtz, molecule=dimer, nre=163.21073862635794
2024-01-01:17:45:10,255 INFO     [psi4.driver.driver:526] Return energy(): -312.79620225523837
2024-01-01:17:45:10,271 INFO     [psi4.driver.driver_nbody:1366] 
  //>>>>>>>>>>>>>>>>>>>>>>>>>>>>>>>>>>>//
  //          ManyBody Results         //
  //<<<<<<<<<<<<<<<<<<<<<<<<<<<<<<<<<<<//


2024-01-01:17:45:10,271 INFO     [psi4.driver.driver_nbody:396] 
   ==> N-Body: Counterpoise Corrected (CP) energies <==

        n-Body     Total Energy            Interaction Energy                          N-body Contribution to Interaction Energy
                   [Eh]                    [Eh]                  [kcal/mol]            [Eh]                  [kcal/mol]
             1  N/A                         0.000000000000        0.000000000000        0.000000000000        0.000000000000
  FULL/RTN   2  N/A                        -0.176772856193     -110.926641967570       -0.176772856193     -110.926641967570


