2024-01-03:15:16:28,933 INFO     [psi4.driver.task_planner:238] PLANNING MB:  mc_level_idx=0 packet={'driver': 'energy', 'method': 'mp2', 'basis': 'AUG-CC-PVTZ', 'keywords': {'SCF_TYPE': 'DF', 'function_kwargs': {}}}
2024-01-03:15:16:28,933 INFO     [psi4.driver.driver_nbody:954] 
  //>>>>>>>>>>>>>>>>>>>>>>>>>>>>>>>>>>>>>//
  // ManyBody Setup: N-Body Levels [1, 2]//
  //<<<<<<<<<<<<<<<<<<<<<<<<<<<<<<<<<<<<<//


2024-01-03:15:16:28,933 INFO     [psi4.driver.driver_nbody:515]         Number of 1-body computations:     2
        Number of 2-body computations:     1
2024-01-03:15:16:28,934 INFO     [psi4.driver.driver_nbody:1016] 
  //>>>>>>>>>>>>>>>>>>>>>>>>>>>>>>>>>>>//
  //       ManyBody Computations       //
  //<<<<<<<<<<<<<<<<<<<<<<<<<<<<<<<<<<<//


2024-01-03:15:16:28,948 INFO     [psi4.driver.task_base:172] <<< JSON launch ... c1 0.0
2024-01-03:15:16:30,348 INFO     [psi4.driver.task_planner:286] PLANNING Atomic:  keywords={'SCF_TYPE': 'DF', 'function_kwargs': {}}
2024-01-03:15:16:30,350 INFO     [psi4.driver.driver:523] Compute energy(): method=mp2, basis=aug-cc-pvtz, molecule=dimer, nre=0.0
2024-01-03:15:16:34,636 INFO     [psi4.driver.driver:526] Return energy(): -2572.8230707001676
2024-01-03:15:16:34,646 INFO     [psi4.driver.task_base:172] <<< JSON launch ... c1 9.069869749249996
2024-01-03:15:16:34,666 INFO     [psi4.driver.task_planner:286] PLANNING Atomic:  keywords={'SCF_TYPE': 'DF', 'function_kwargs': {}}
2024-01-03:15:16:34,669 INFO     [psi4.driver.driver:523] Compute energy(): method=mp2, basis=aug-cc-pvtz, molecule=dimer, nre=9.069869749249996
2024-01-03:15:16:37,952 INFO     [psi4.driver.driver:526] Return energy(): -76.34351807164035
2024-01-03:15:16:37,962 INFO     [psi4.driver.task_base:172] <<< JSON launch ... c1 66.46266934823437
2024-01-03:15:16:37,984 INFO     [psi4.driver.task_planner:286] PLANNING Atomic:  keywords={'SCF_TYPE': 'DF', 'function_kwargs': {}}
2024-01-03:15:16:37,986 INFO     [psi4.driver.driver:523] Compute energy(): method=mp2, basis=aug-cc-pvtz, molecule=dimer, nre=66.46266934823437
2024-01-03:15:16:42,250 INFO     [psi4.driver.driver:526] Return energy(): -2649.163382543451
2024-01-03:15:16:42,260 INFO     [psi4.driver.driver_nbody:1366] 
  //>>>>>>>>>>>>>>>>>>>>>>>>>>>>>>>>>>>//
  //          ManyBody Results         //
  //<<<<<<<<<<<<<<<<<<<<<<<<<<<<<<<<<<<//


2024-01-03:15:16:42,261 INFO     [psi4.driver.driver_nbody:396] 
   ==> N-Body: Counterpoise Corrected (CP) energies <==

        n-Body     Total Energy            Interaction Energy                          N-body Contribution to Interaction Energy
                   [Eh]                    [Eh]                  [kcal/mol]            [Eh]                  [kcal/mol]
             1  N/A                         0.000000000000        0.000000000000        0.000000000000        0.000000000000
  FULL/RTN   2  N/A                         0.003206228357        2.011938669211        0.003206228357        2.011938669211


