2024-01-22:03:34:00,807 INFO     [psi4.driver.task_planner:235] PLANNING MB:  mc_level_idx=0 packet={'driver': 'energy', 'method': 'mp2', 'basis': 'AUG-CC-PVTZ', 'keywords': {'SCF_TYPE': 'DF', 'function_kwargs': {}}}
2024-01-22:03:34:00,807 INFO     [psi4.driver.driver_nbody:954] 
  //>>>>>>>>>>>>>>>>>>>>>>>>>>>>>>>>>>>>>>>>//
  // ManyBody Setup: N-Body Levels [1, 2, 3]//
  //<<<<<<<<<<<<<<<<<<<<<<<<<<<<<<<<<<<<<<<<//


2024-01-22:03:34:00,807 INFO     [psi4.driver.driver_nbody:515]         Number of 1-body computations:     3
        Number of 2-body computations:     3
        Number of 3-body computations:     1
2024-01-22:03:34:00,809 INFO     [psi4.driver.driver_nbody:1016] 
  //>>>>>>>>>>>>>>>>>>>>>>>>>>>>>>>>>>>//
  //       ManyBody Computations       //
  //<<<<<<<<<<<<<<<<<<<<<<<<<<<<<<<<<<<//


2024-01-22:03:34:00,826 INFO     [psi4.driver.task_base:203] <<< JSON launch ... c1 0.0
2024-01-22:03:34:03,295 INFO     [psi4.driver.task_planner:283] PLANNING Atomic:  keywords={'SCF_TYPE': 'DF', 'function_kwargs': {}}
2024-01-22:03:34:03,297 INFO     [psi4.driver.driver:524] Compute energy(): method=mp2, basis=aug-cc-pvtz, molecule=dimer, nre=0.0
2024-01-22:03:34:04,839 INFO     [psi4.driver.driver:527] Return energy(): -99.76081420326602
2024-01-22:03:34:04,855 INFO     [psi4.driver.task_base:203] <<< JSON launch ... c1 0.0
2024-01-22:03:34:04,888 INFO     [psi4.driver.task_planner:283] PLANNING Atomic:  keywords={'SCF_TYPE': 'DF', 'function_kwargs': {}}
2024-01-22:03:34:04,892 INFO     [psi4.driver.driver:524] Compute energy(): method=mp2, basis=aug-cc-pvtz, molecule=dimer, nre=0.0
2024-01-22:03:34:06,135 INFO     [psi4.driver.driver:527] Return energy(): -7.249650616704341
2024-01-22:03:34:06,151 INFO     [psi4.driver.task_base:203] <<< JSON launch ... c1 1.8330313641045777
2024-01-22:03:34:06,183 INFO     [psi4.driver.task_planner:283] PLANNING Atomic:  keywords={'SCF_TYPE': 'DF', 'function_kwargs': {}}
2024-01-22:03:34:06,187 INFO     [psi4.driver.driver:524] Compute energy(): method=mp2, basis=aug-cc-pvtz, molecule=dimer, nre=1.8330313641045777
2024-01-22:03:34:07,441 INFO     [psi4.driver.driver:527] Return energy(): -14.294895349586175
2024-01-22:03:34:07,456 INFO     [psi4.driver.task_base:203] <<< JSON launch ... c1 6.9378351705617325
2024-01-22:03:34:07,489 INFO     [psi4.driver.task_planner:283] PLANNING Atomic:  keywords={'SCF_TYPE': 'DF', 'function_kwargs': {}}
2024-01-22:03:34:07,492 INFO     [psi4.driver.driver:524] Compute energy(): method=mp2, basis=aug-cc-pvtz, molecule=dimer, nre=6.9378351705617325
2024-01-22:03:34:08,871 INFO     [psi4.driver.driver:527] Return energy(): -107.26809037102983
2024-01-22:03:34:08,887 INFO     [psi4.driver.task_base:203] <<< JSON launch ... c1 9.019183531971304
2024-01-22:03:34:08,919 INFO     [psi4.driver.task_planner:283] PLANNING Atomic:  keywords={'SCF_TYPE': 'DF', 'function_kwargs': {}}
2024-01-22:03:34:08,923 INFO     [psi4.driver.driver:524] Compute energy(): method=mp2, basis=aug-cc-pvtz, molecule=dimer, nre=9.019183531971304
2024-01-22:03:34:10,292 INFO     [psi4.driver.driver:527] Return energy(): -107.29883656581043
2024-01-22:03:34:10,308 INFO     [psi4.driver.task_base:203] <<< JSON launch ... c1 0.0
2024-01-22:03:34:10,340 INFO     [psi4.driver.task_planner:283] PLANNING Atomic:  keywords={'SCF_TYPE': 'DF', 'function_kwargs': {}}
2024-01-22:03:34:10,344 INFO     [psi4.driver.driver:524] Compute energy(): method=mp2, basis=aug-cc-pvtz, molecule=dimer, nre=0.0
2024-01-22:03:34:11,581 INFO     [psi4.driver.driver:527] Return energy(): -7.248627320150446
2024-01-22:03:34:11,597 INFO     [psi4.driver.task_base:203] <<< JSON launch ... c1 17.790050066637615
2024-01-22:03:34:11,630 INFO     [psi4.driver.task_planner:283] PLANNING Atomic:  keywords={'SCF_TYPE': 'DF', 'function_kwargs': {}}
2024-01-22:03:34:11,633 INFO     [psi4.driver.driver:524] Compute energy(): method=mp2, basis=aug-cc-pvtz, molecule=dimer, nre=17.790050066637615
2024-01-22:03:34:13,18 INFO     [psi4.driver.driver:527] Return energy(): -114.60278600803348
2024-01-22:03:34:13,35 INFO     [psi4.driver.driver_nbody:1366] 
  //>>>>>>>>>>>>>>>>>>>>>>>>>>>>>>>>>>>//
  //          ManyBody Results         //
  //<<<<<<<<<<<<<<<<<<<<<<<<<<<<<<<<<<<//


2024-01-22:03:34:13,36 INFO     [psi4.driver.driver_nbody:396] 
   ==> N-Body: Counterpoise Corrected (CP) energies <==

        n-Body     Total Energy            Interaction Energy                          N-body Contribution to Interaction Energy
                   [Eh]                    [Eh]                  [kcal/mol]            [Eh]                  [kcal/mol]
             1  N/A                         0.000000000000        0.000000000000        0.000000000000        0.000000000000
             2  N/A                        -0.343638006185     -215.636104430998       -0.343638006185     -215.636104430998
  FULL/RTN   3  N/A                        -0.343693867913     -215.671158194441       -0.000055861728       -0.035053763444


