2024-01-22:03:33:47,550 INFO     [psi4.driver.task_planner:235] PLANNING MB:  mc_level_idx=0 packet={'driver': 'energy', 'method': 'mp2', 'basis': 'AUG-CC-PVTZ', 'keywords': {'SCF_TYPE': 'DF', 'function_kwargs': {}}}
2024-01-22:03:33:47,550 INFO     [psi4.driver.driver_nbody:954] 
  //>>>>>>>>>>>>>>>>>>>>>>>>>>>>>>>>>>>>>>>>//
  // ManyBody Setup: N-Body Levels [1, 2, 3]//
  //<<<<<<<<<<<<<<<<<<<<<<<<<<<<<<<<<<<<<<<<//


2024-01-22:03:33:47,550 INFO     [psi4.driver.driver_nbody:515]         Number of 1-body computations:     3
        Number of 2-body computations:     3
        Number of 3-body computations:     1
2024-01-22:03:33:47,553 INFO     [psi4.driver.driver_nbody:1016] 
  //>>>>>>>>>>>>>>>>>>>>>>>>>>>>>>>>>>>//
  //       ManyBody Computations       //
  //<<<<<<<<<<<<<<<<<<<<<<<<<<<<<<<<<<<//


2024-01-22:03:33:47,569 INFO     [psi4.driver.task_base:203] <<< JSON launch ... c1 0.0
2024-01-22:03:33:50,56 INFO     [psi4.driver.task_planner:283] PLANNING Atomic:  keywords={'SCF_TYPE': 'DF', 'function_kwargs': {}}
2024-01-22:03:33:50,59 INFO     [psi4.driver.driver:524] Compute energy(): method=mp2, basis=aug-cc-pvtz, molecule=dimer, nre=0.0
2024-01-22:03:33:51,645 INFO     [psi4.driver.driver:527] Return energy(): -99.76095214527471
2024-01-22:03:33:51,661 INFO     [psi4.driver.task_base:203] <<< JSON launch ... c1 0.0
2024-01-22:03:33:51,693 INFO     [psi4.driver.task_planner:283] PLANNING Atomic:  keywords={'SCF_TYPE': 'DF', 'function_kwargs': {}}
2024-01-22:03:33:51,697 INFO     [psi4.driver.driver:524] Compute energy(): method=mp2, basis=aug-cc-pvtz, molecule=dimer, nre=0.0
2024-01-22:03:33:52,941 INFO     [psi4.driver.driver:527] Return energy(): -7.249737592084904
2024-01-22:03:33:52,957 INFO     [psi4.driver.task_base:203] <<< JSON launch ... c1 1.9246468649596042
2024-01-22:03:33:52,989 INFO     [psi4.driver.task_planner:283] PLANNING Atomic:  keywords={'SCF_TYPE': 'DF', 'function_kwargs': {}}
2024-01-22:03:33:52,993 INFO     [psi4.driver.driver:524] Compute energy(): method=mp2, basis=aug-cc-pvtz, molecule=dimer, nre=1.9246468649596042
2024-01-22:03:33:54,244 INFO     [psi4.driver.driver:527] Return energy(): -14.285220557099814
2024-01-22:03:33:54,260 INFO     [psi4.driver.task_base:203] <<< JSON launch ... c1 7.515986276642753
2024-01-22:03:33:54,293 INFO     [psi4.driver.task_planner:283] PLANNING Atomic:  keywords={'SCF_TYPE': 'DF', 'function_kwargs': {}}
2024-01-22:03:33:54,296 INFO     [psi4.driver.driver:524] Compute energy(): method=mp2, basis=aug-cc-pvtz, molecule=dimer, nre=7.515986276642753
2024-01-22:03:33:55,681 INFO     [psi4.driver.driver:527] Return energy(): -107.28222165221
2024-01-22:03:33:55,696 INFO     [psi4.driver.task_base:203] <<< JSON launch ... c1 9.019183531971304
2024-01-22:03:33:55,729 INFO     [psi4.driver.task_planner:283] PLANNING Atomic:  keywords={'SCF_TYPE': 'DF', 'function_kwargs': {}}
2024-01-22:03:33:55,732 INFO     [psi4.driver.driver:524] Compute energy(): method=mp2, basis=aug-cc-pvtz, molecule=dimer, nre=9.019183531971304
2024-01-22:03:33:57,93 INFO     [psi4.driver.driver:527] Return energy(): -107.29910601928252
2024-01-22:03:33:57,109 INFO     [psi4.driver.task_base:203] <<< JSON launch ... c1 0.0
2024-01-22:03:33:57,141 INFO     [psi4.driver.task_planner:283] PLANNING Atomic:  keywords={'SCF_TYPE': 'DF', 'function_kwargs': {}}
2024-01-22:03:33:57,145 INFO     [psi4.driver.driver:524] Compute energy(): method=mp2, basis=aug-cc-pvtz, molecule=dimer, nre=0.0
2024-01-22:03:33:58,382 INFO     [psi4.driver.driver:527] Return energy(): -7.248977809048978
2024-01-22:03:33:58,398 INFO     [psi4.driver.task_base:203] <<< JSON launch ... c1 18.459816673573663
2024-01-22:03:33:58,430 INFO     [psi4.driver.task_planner:283] PLANNING Atomic:  keywords={'SCF_TYPE': 'DF', 'function_kwargs': {}}
2024-01-22:03:33:58,434 INFO     [psi4.driver.driver:524] Compute energy(): method=mp2, basis=aug-cc-pvtz, molecule=dimer, nre=18.459816673573663
2024-01-22:03:33:59,811 INFO     [psi4.driver.driver:527] Return energy(): -114.60820914019925
2024-01-22:03:33:59,828 INFO     [psi4.driver.driver_nbody:1366] 
  //>>>>>>>>>>>>>>>>>>>>>>>>>>>>>>>>>>>//
  //          ManyBody Results         //
  //<<<<<<<<<<<<<<<<<<<<<<<<<<<<<<<<<<<//


2024-01-22:03:33:59,828 INFO     [psi4.driver.driver_nbody:396] 
   ==> N-Body: Counterpoise Corrected (CP) energies <==

        n-Body     Total Energy            Interaction Energy                          N-body Contribution to Interaction Energy
                   [Eh]                    [Eh]                  [kcal/mol]            [Eh]                  [kcal/mol]
             1  N/A                         0.000000000000        0.000000000000        0.000000000000        0.000000000000
             2  N/A                        -0.347213135775     -217.879532118913       -0.347213135775     -217.879532118913
  FULL/RTN   3  N/A                        -0.348541593791     -218.713152109159       -0.001328458016       -0.833619990247


