2024-01-22:03:40:48,522 INFO     [psi4.driver.task_planner:235] PLANNING MB:  mc_level_idx=0 packet={'driver': 'energy', 'method': 'mp2', 'basis': 'AUG-CC-PVTZ', 'keywords': {'SCF_TYPE': 'DF', 'function_kwargs': {}}}
2024-01-22:03:40:48,523 INFO     [psi4.driver.driver_nbody:954] 
  //>>>>>>>>>>>>>>>>>>>>>>>>>>>>>>>>>>>>>>>>//
  // ManyBody Setup: N-Body Levels [1, 2, 3]//
  //<<<<<<<<<<<<<<<<<<<<<<<<<<<<<<<<<<<<<<<<//


2024-01-22:03:40:48,523 INFO     [psi4.driver.driver_nbody:515]         Number of 1-body computations:     3
        Number of 2-body computations:     3
        Number of 3-body computations:     1
2024-01-22:03:40:48,525 INFO     [psi4.driver.driver_nbody:1016] 
  //>>>>>>>>>>>>>>>>>>>>>>>>>>>>>>>>>>>//
  //       ManyBody Computations       //
  //<<<<<<<<<<<<<<<<<<<<<<<<<<<<<<<<<<<//


2024-01-22:03:40:48,540 INFO     [psi4.driver.task_base:203] <<< JSON launch ... c1 0.0
2024-01-22:03:40:50,998 INFO     [psi4.driver.task_planner:283] PLANNING Atomic:  keywords={'SCF_TYPE': 'DF', 'function_kwargs': {}}
2024-01-22:03:40:51,1 INFO     [psi4.driver.driver:524] Compute energy(): method=mp2, basis=aug-cc-pvtz, molecule=dimer, nre=0.0
2024-01-22:03:40:54,366 INFO     [psi4.driver.driver:527] Return energy(): -7.249333601603782
2024-01-22:03:40:54,382 INFO     [psi4.driver.task_base:203] <<< JSON launch ... c1 0.0
2024-01-22:03:40:54,416 INFO     [psi4.driver.task_planner:283] PLANNING Atomic:  keywords={'SCF_TYPE': 'DF', 'function_kwargs': {}}
2024-01-22:03:40:54,420 INFO     [psi4.driver.driver:524] Compute energy(): method=mp2, basis=aug-cc-pvtz, molecule=dimer, nre=0.0
2024-01-22:03:40:57,997 INFO     [psi4.driver.driver:527] Return energy(): -459.81697178976685
2024-01-22:03:40:58,13 INFO     [psi4.driver.task_base:203] <<< JSON launch ... c1 43.792576113100274
2024-01-22:03:40:58,45 INFO     [psi4.driver.task_planner:283] PLANNING Atomic:  keywords={'SCF_TYPE': 'DF', 'function_kwargs': {}}
2024-01-22:03:40:58,49 INFO     [psi4.driver.driver:524] Compute energy(): method=mp2, basis=aug-cc-pvtz, molecule=dimer, nre=43.792576113100274
2024-01-22:03:41:01,507 INFO     [psi4.driver.driver:527] Return energy(): -919.497060037975
2024-01-22:03:41:01,523 INFO     [psi4.driver.task_base:203] <<< JSON launch ... c1 9.49709180796744
2024-01-22:03:41:01,555 INFO     [psi4.driver.task_planner:283] PLANNING Atomic:  keywords={'SCF_TYPE': 'DF', 'function_kwargs': {}}
2024-01-22:03:41:01,559 INFO     [psi4.driver.driver:524] Compute energy(): method=mp2, basis=aug-cc-pvtz, molecule=dimer, nre=9.49709180796744
2024-01-22:03:41:05,42 INFO     [psi4.driver.driver:527] Return energy(): -467.2662051890718
2024-01-22:03:41:05,57 INFO     [psi4.driver.task_base:203] <<< JSON launch ... c1 13.295929466922063
2024-01-22:03:41:05,90 INFO     [psi4.driver.task_planner:283] PLANNING Atomic:  keywords={'SCF_TYPE': 'DF', 'function_kwargs': {}}
2024-01-22:03:41:05,94 INFO     [psi4.driver.driver:524] Compute energy(): method=mp2, basis=aug-cc-pvtz, molecule=dimer, nre=13.295929466922063
2024-01-22:03:41:08,559 INFO     [psi4.driver.driver:527] Return energy(): -467.307904069669
2024-01-22:03:41:08,575 INFO     [psi4.driver.task_base:203] <<< JSON launch ... c1 0.0
2024-01-22:03:41:08,608 INFO     [psi4.driver.task_planner:283] PLANNING Atomic:  keywords={'SCF_TYPE': 'DF', 'function_kwargs': {}}
2024-01-22:03:41:08,611 INFO     [psi4.driver.driver:524] Compute energy(): method=mp2, basis=aug-cc-pvtz, molecule=dimer, nre=0.0
2024-01-22:03:41:11,967 INFO     [psi4.driver.driver:527] Return energy(): -459.815908446579
2024-01-22:03:41:11,983 INFO     [psi4.driver.task_base:203] <<< JSON launch ... c1 66.58559738798978
2024-01-22:03:41:12,16 INFO     [psi4.driver.task_planner:283] PLANNING Atomic:  keywords={'SCF_TYPE': 'DF', 'function_kwargs': {}}
2024-01-22:03:41:12,19 INFO     [psi4.driver.driver:524] Compute energy(): method=mp2, basis=aug-cc-pvtz, molecule=dimer, nre=66.58559738798978
2024-01-22:03:41:15,486 INFO     [psi4.driver.driver:527] Return energy(): -927.1551313790396
2024-01-22:03:41:15,503 INFO     [psi4.driver.driver_nbody:1366] 
  //>>>>>>>>>>>>>>>>>>>>>>>>>>>>>>>>>>>//
  //          ManyBody Results         //
  //<<<<<<<<<<<<<<<<<<<<<<<<<<<<<<<<<<<//


2024-01-22:03:41:15,504 INFO     [psi4.driver.driver_nbody:396] 
   ==> N-Body: Counterpoise Corrected (CP) energies <==

        n-Body     Total Energy            Interaction Energy                          N-body Contribution to Interaction Energy
                   [Eh]                    [Eh]                  [kcal/mol]            [Eh]                  [kcal/mol]
             1  N/A                         0.000000000000        0.000000000000        0.000000000000        0.000000000000
             2  N/A                        -0.306741620817     -192.483273064317       -0.306741620817     -192.483273064317
  FULL/RTN   3  N/A                        -0.272917541090     -171.258342594051        0.033824079727       21.224930470266


