2024-01-22:03:49:40,589 INFO     [psi4.driver.task_planner:235] PLANNING MB:  mc_level_idx=0 packet={'driver': 'energy', 'method': 'mp2', 'basis': 'AUG-CC-PVTZ', 'keywords': {'SCF_TYPE': 'DF', 'function_kwargs': {}}}
2024-01-22:03:49:40,589 INFO     [psi4.driver.driver_nbody:954] 
  //>>>>>>>>>>>>>>>>>>>>>>>>>>>>>>>>>>>>>>>>//
  // ManyBody Setup: N-Body Levels [1, 2, 3]//
  //<<<<<<<<<<<<<<<<<<<<<<<<<<<<<<<<<<<<<<<<//


2024-01-22:03:49:40,589 INFO     [psi4.driver.driver_nbody:515]         Number of 1-body computations:     3
        Number of 2-body computations:     3
        Number of 3-body computations:     1
2024-01-22:03:49:40,591 INFO     [psi4.driver.driver_nbody:1016] 
  //>>>>>>>>>>>>>>>>>>>>>>>>>>>>>>>>>>>//
  //       ManyBody Computations       //
  //<<<<<<<<<<<<<<<<<<<<<<<<<<<<<<<<<<<//


2024-01-22:03:49:40,608 INFO     [psi4.driver.task_base:203] <<< JSON launch ... c1 0.0
2024-01-22:03:49:43,52 INFO     [psi4.driver.task_planner:283] PLANNING Atomic:  keywords={'SCF_TYPE': 'DF', 'function_kwargs': {}}
2024-01-22:03:49:43,55 INFO     [psi4.driver.driver:524] Compute energy(): method=mp2, basis=aug-cc-pvtz, molecule=dimer, nre=0.0
2024-01-22:03:49:54,162 INFO     [psi4.driver.driver:527] Return energy(): -2572.8281732201563
2024-01-22:03:49:54,178 INFO     [psi4.driver.task_base:203] <<< JSON launch ... c1 0.0
2024-01-22:03:49:54,211 INFO     [psi4.driver.task_planner:283] PLANNING Atomic:  keywords={'SCF_TYPE': 'DF', 'function_kwargs': {}}
2024-01-22:03:49:54,215 INFO     [psi4.driver.driver:524] Compute energy(): method=mp2, basis=aug-cc-pvtz, molecule=dimer, nre=0.0
2024-01-22:03:50:03,446 INFO     [psi4.driver.driver:527] Return energy(): -7.248934032341965
2024-01-22:03:50:03,462 INFO     [psi4.driver.task_base:203] <<< JSON launch ... c1 0.9811875556209673
2024-01-22:03:50:03,495 INFO     [psi4.driver.task_planner:283] PLANNING Atomic:  keywords={'SCF_TYPE': 'DF', 'function_kwargs': {}}
2024-01-22:03:50:03,499 INFO     [psi4.driver.driver:524] Compute energy(): method=mp2, basis=aug-cc-pvtz, molecule=dimer, nre=0.9811875556209675
2024-01-22:03:50:12,674 INFO     [psi4.driver.driver:527] Return energy(): -14.387464184866174
2024-01-22:03:50:12,690 INFO     [psi4.driver.task_base:203] <<< JSON launch ... c1 12.79834542609781
2024-01-22:03:50:12,722 INFO     [psi4.driver.task_planner:283] PLANNING Atomic:  keywords={'SCF_TYPE': 'DF', 'function_kwargs': {}}
2024-01-22:03:50:12,726 INFO     [psi4.driver.driver:524] Compute energy(): method=mp2, basis=aug-cc-pvtz, molecule=dimer, nre=12.798345426097812
2024-01-22:03:50:23,517 INFO     [psi4.driver.driver:527] Return energy(): -2580.20610103041
2024-01-22:03:50:23,533 INFO     [psi4.driver.task_base:203] <<< JSON launch ... c1 25.59669085219562
2024-01-22:03:50:23,566 INFO     [psi4.driver.task_planner:283] PLANNING Atomic:  keywords={'SCF_TYPE': 'DF', 'function_kwargs': {}}
2024-01-22:03:50:23,569 INFO     [psi4.driver.driver:524] Compute energy(): method=mp2, basis=aug-cc-pvtz, molecule=dimer, nre=25.596690852195625
2024-01-22:03:50:34,345 INFO     [psi4.driver.driver:527] Return energy(): -2580.306733531879
2024-01-22:03:50:34,361 INFO     [psi4.driver.task_base:203] <<< JSON launch ... c1 0.0
2024-01-22:03:50:34,394 INFO     [psi4.driver.task_planner:283] PLANNING Atomic:  keywords={'SCF_TYPE': 'DF', 'function_kwargs': {}}
2024-01-22:03:50:34,398 INFO     [psi4.driver.driver:524] Compute energy(): method=mp2, basis=aug-cc-pvtz, molecule=dimer, nre=0.0
2024-01-22:03:50:43,598 INFO     [psi4.driver.driver:527] Return energy(): -7.247530405860285
2024-01-22:03:50:43,614 INFO     [psi4.driver.task_base:203] <<< JSON launch ... c1 39.3762238339144
2024-01-22:03:50:43,646 INFO     [psi4.driver.task_planner:283] PLANNING Atomic:  keywords={'SCF_TYPE': 'DF', 'function_kwargs': {}}
2024-01-22:03:50:43,650 INFO     [psi4.driver.driver:524] Compute energy(): method=mp2, basis=aug-cc-pvtz, molecule=dimer, nre=39.37622383391441
2024-01-22:03:50:54,422 INFO     [psi4.driver.driver:527] Return energy(): -2587.570792172431
2024-01-22:03:50:54,440 INFO     [psi4.driver.driver_nbody:1366] 
  //>>>>>>>>>>>>>>>>>>>>>>>>>>>>>>>>>>>//
  //          ManyBody Results         //
  //<<<<<<<<<<<<<<<<<<<<<<<<<<<<<<<<<<<//


2024-01-22:03:50:54,440 INFO     [psi4.driver.driver_nbody:396] 
   ==> N-Body: Counterpoise Corrected (CP) energies <==

        n-Body     Total Energy            Interaction Energy                          N-body Contribution to Interaction Energy
                   [Eh]                    [Eh]                  [kcal/mol]            [Eh]                  [kcal/mol]
             1  N/A                         0.000000000000        0.000000000000        0.000000000000        0.000000000000
             2  N/A                        -0.251023430439     -157.519580740666       -0.251023430439     -157.519580740666
  FULL/RTN   3  N/A                        -0.246154514073     -154.464289593734        0.004868916366        3.055291146932


