2024-01-22:03:47:11,808 INFO     [psi4.driver.task_planner:235] PLANNING MB:  mc_level_idx=0 packet={'driver': 'energy', 'method': 'mp2', 'basis': 'AUG-CC-PVTZ', 'keywords': {'SCF_TYPE': 'DF', 'function_kwargs': {}}}
2024-01-22:03:47:11,808 INFO     [psi4.driver.driver_nbody:954] 
  //>>>>>>>>>>>>>>>>>>>>>>>>>>>>>>>>>>>>>>>>//
  // ManyBody Setup: N-Body Levels [1, 2, 3]//
  //<<<<<<<<<<<<<<<<<<<<<<<<<<<<<<<<<<<<<<<<//


2024-01-22:03:47:11,808 INFO     [psi4.driver.driver_nbody:515]         Number of 1-body computations:     3
        Number of 2-body computations:     3
        Number of 3-body computations:     1
2024-01-22:03:47:11,810 INFO     [psi4.driver.driver_nbody:1016] 
  //>>>>>>>>>>>>>>>>>>>>>>>>>>>>>>>>>>>//
  //       ManyBody Computations       //
  //<<<<<<<<<<<<<<<<<<<<<<<<<<<<<<<<<<<//


2024-01-22:03:47:11,827 INFO     [psi4.driver.task_base:203] <<< JSON launch ... c1 0.0
2024-01-22:03:47:14,300 INFO     [psi4.driver.task_planner:283] PLANNING Atomic:  keywords={'SCF_TYPE': 'DF', 'function_kwargs': {}}
2024-01-22:03:47:14,303 INFO     [psi4.driver.driver:524] Compute energy(): method=mp2, basis=aug-cc-pvtz, molecule=dimer, nre=0.0
2024-01-22:03:47:25,440 INFO     [psi4.driver.driver:527] Return energy(): -2572.829508021175
2024-01-22:03:47:25,456 INFO     [psi4.driver.task_base:203] <<< JSON launch ... c1 0.0
2024-01-22:03:47:25,489 INFO     [psi4.driver.task_planner:283] PLANNING Atomic:  keywords={'SCF_TYPE': 'DF', 'function_kwargs': {}}
2024-01-22:03:47:25,493 INFO     [psi4.driver.driver:524] Compute energy(): method=mp2, basis=aug-cc-pvtz, molecule=dimer, nre=0.0
2024-01-22:03:47:34,761 INFO     [psi4.driver.driver:527] Return energy(): -7.249019364130521
2024-01-22:03:47:34,777 INFO     [psi4.driver.task_base:203] <<< JSON launch ... c1 1.2752376908101477
2024-01-22:03:47:34,810 INFO     [psi4.driver.task_planner:283] PLANNING Atomic:  keywords={'SCF_TYPE': 'DF', 'function_kwargs': {}}
2024-01-22:03:47:34,814 INFO     [psi4.driver.driver:524] Compute energy(): method=mp2, basis=aug-cc-pvtz, molecule=dimer, nre=1.2752376908101477
2024-01-22:03:47:44,65 INFO     [psi4.driver.driver:527] Return energy(): -14.355342579643748
2024-01-22:03:47:44,81 INFO     [psi4.driver.task_base:203] <<< JSON launch ... c1 18.28334820223769
2024-01-22:03:47:44,114 INFO     [psi4.driver.task_planner:283] PLANNING Atomic:  keywords={'SCF_TYPE': 'DF', 'function_kwargs': {}}
2024-01-22:03:47:44,117 INFO     [psi4.driver.driver:524] Compute energy(): method=mp2, basis=aug-cc-pvtz, molecule=dimer, nre=18.28334820223769
2024-01-22:03:47:54,700 INFO     [psi4.driver.driver:527] Return energy(): -2580.2685123933247
2024-01-22:03:47:54,716 INFO     [psi4.driver.task_base:203] <<< JSON launch ... c1 25.59669085219562
2024-01-22:03:47:54,749 INFO     [psi4.driver.task_planner:283] PLANNING Atomic:  keywords={'SCF_TYPE': 'DF', 'function_kwargs': {}}
2024-01-22:03:47:54,752 INFO     [psi4.driver.driver:524] Compute energy(): method=mp2, basis=aug-cc-pvtz, molecule=dimer, nre=25.596690852195625
2024-01-22:03:48:05,81 INFO     [psi4.driver.driver:527] Return energy(): -2580.308156258331
2024-01-22:03:48:05,97 INFO     [psi4.driver.task_base:203] <<< JSON launch ... c1 0.0
2024-01-22:03:48:05,129 INFO     [psi4.driver.task_planner:283] PLANNING Atomic:  keywords={'SCF_TYPE': 'DF', 'function_kwargs': {}}
2024-01-22:03:48:05,133 INFO     [psi4.driver.driver:524] Compute energy(): method=mp2, basis=aug-cc-pvtz, molecule=dimer, nre=0.0
2024-01-22:03:48:14,58 INFO     [psi4.driver.driver:527] Return energy(): -7.247956503707781
2024-01-22:03:48:14,74 INFO     [psi4.driver.task_base:203] <<< JSON launch ... c1 45.15527674524346
2024-01-22:03:48:14,107 INFO     [psi4.driver.task_planner:283] PLANNING Atomic:  keywords={'SCF_TYPE': 'DF', 'function_kwargs': {}}
2024-01-22:03:48:14,110 INFO     [psi4.driver.driver:524] Compute energy(): method=mp2, basis=aug-cc-pvtz, molecule=dimer, nre=45.15527674524346
2024-01-22:03:48:24,246 INFO     [psi4.driver.driver:527] Return energy(): -2587.599834416571
2024-01-22:03:48:24,263 INFO     [psi4.driver.driver_nbody:1366] 
  //>>>>>>>>>>>>>>>>>>>>>>>>>>>>>>>>>>>//
  //          ManyBody Results         //
  //<<<<<<<<<<<<<<<<<<<<<<<<<<<<<<<<<<<//


2024-01-22:03:48:24,264 INFO     [psi4.driver.driver_nbody:396] 
   ==> N-Body: Counterpoise Corrected (CP) energies <==

        n-Body     Total Energy            Interaction Energy                          N-body Contribution to Interaction Energy
                   [Eh]                    [Eh]                  [kcal/mol]            [Eh]                  [kcal/mol]
             1  N/A                         0.000000000000        0.000000000000        0.000000000000        0.000000000000
             2  N/A                        -0.279043453273     -175.102410524160       -0.279043453273     -175.102410524160
  FULL/RTN   3  N/A                        -0.273350527557     -171.530045704319        0.005692925715        3.572364819841


