2024-01-22:04:01:37,745 INFO     [psi4.driver.task_planner:235] PLANNING MB:  mc_level_idx=0 packet={'driver': 'energy', 'method': 'mp2', 'basis': 'AUG-CC-PVTZ', 'keywords': {'SCF_TYPE': 'DF', 'function_kwargs': {}}}
2024-01-22:04:01:37,745 INFO     [psi4.driver.driver_nbody:954] 
  //>>>>>>>>>>>>>>>>>>>>>>>>>>>>>>>>>>>>>>>>//
  // ManyBody Setup: N-Body Levels [1, 2, 3]//
  //<<<<<<<<<<<<<<<<<<<<<<<<<<<<<<<<<<<<<<<<//


2024-01-22:04:01:37,745 INFO     [psi4.driver.driver_nbody:515]         Number of 1-body computations:     3
        Number of 2-body computations:     3
        Number of 3-body computations:     1
2024-01-22:04:01:37,747 INFO     [psi4.driver.driver_nbody:1016] 
  //>>>>>>>>>>>>>>>>>>>>>>>>>>>>>>>>>>>//
  //       ManyBody Computations       //
  //<<<<<<<<<<<<<<<<<<<<<<<<<<<<<<<<<<<//


2024-01-22:04:01:37,763 INFO     [psi4.driver.task_base:203] <<< JSON launch ... c1 0.0
2024-01-22:04:01:40,228 INFO     [psi4.driver.task_planner:283] PLANNING Atomic:  keywords={'SCF_TYPE': 'DF', 'function_kwargs': {}}
2024-01-22:04:01:40,231 INFO     [psi4.driver.driver:524] Compute energy(): method=mp2, basis=aug-cc-pvtz, molecule=dimer, nre=0.0
2024-01-22:04:02:01,856 INFO     [psi4.driver.driver:527] Return energy(): -7.249086728249538
2024-01-22:04:02:01,872 INFO     [psi4.driver.task_base:203] <<< JSON launch ... c1 0.0
2024-01-22:04:02:01,905 INFO     [psi4.driver.task_planner:283] PLANNING Atomic:  keywords={'SCF_TYPE': 'DF', 'function_kwargs': {}}
2024-01-22:04:02:01,908 INFO     [psi4.driver.driver:524] Compute energy(): method=mp2, basis=aug-cc-pvtz, molecule=dimer, nre=0.0
2024-01-22:04:02:24,660 INFO     [psi4.driver.driver:527] Return energy(): -2572.8280884072938
2024-01-22:04:02:24,676 INFO     [psi4.driver.task_base:203] <<< JSON launch ... c1 173.57401902693678
2024-01-22:04:02:24,708 INFO     [psi4.driver.task_planner:283] PLANNING Atomic:  keywords={'SCF_TYPE': 'DF', 'function_kwargs': {}}
2024-01-22:04:02:24,712 INFO     [psi4.driver.driver:524] Compute energy(): method=mp2, basis=aug-cc-pvtz, molecule=dimer, nre=173.57401902693678
2024-01-22:04:02:47,342 INFO     [psi4.driver.driver:527] Return energy(): -5145.527400360272
2024-01-22:04:02:47,358 INFO     [psi4.driver.task_base:203] <<< JSON launch ... c1 18.28334820223769
2024-01-22:04:02:47,391 INFO     [psi4.driver.task_planner:283] PLANNING Atomic:  keywords={'SCF_TYPE': 'DF', 'function_kwargs': {}}
2024-01-22:04:02:47,395 INFO     [psi4.driver.driver:524] Compute energy(): method=mp2, basis=aug-cc-pvtz, molecule=dimer, nre=18.28334820223769
2024-01-22:04:03:09,675 INFO     [psi4.driver.driver:527] Return energy(): -2580.2652430311614
2024-01-22:04:03:09,691 INFO     [psi4.driver.task_base:203] <<< JSON launch ... c1 25.59669085219562
2024-01-22:04:03:09,724 INFO     [psi4.driver.task_planner:283] PLANNING Atomic:  keywords={'SCF_TYPE': 'DF', 'function_kwargs': {}}
2024-01-22:04:03:09,727 INFO     [psi4.driver.driver:524] Compute energy(): method=mp2, basis=aug-cc-pvtz, molecule=dimer, nre=25.596690852195625
2024-01-22:04:03:31,853 INFO     [psi4.driver.driver:527] Return energy(): -2580.306850289897
2024-01-22:04:03:31,869 INFO     [psi4.driver.task_base:203] <<< JSON launch ... c1 0.0
2024-01-22:04:03:31,902 INFO     [psi4.driver.task_planner:283] PLANNING Atomic:  keywords={'SCF_TYPE': 'DF', 'function_kwargs': {}}
2024-01-22:04:03:31,906 INFO     [psi4.driver.driver:524] Compute energy(): method=mp2, basis=aug-cc-pvtz, molecule=dimer, nre=0.0
2024-01-22:04:03:53,874 INFO     [psi4.driver.driver:527] Return energy(): -2572.824998109328
2024-01-22:04:03:53,890 INFO     [psi4.driver.task_base:203] <<< JSON launch ... c1 217.45405808137008
2024-01-22:04:03:53,923 INFO     [psi4.driver.task_planner:283] PLANNING Atomic:  keywords={'SCF_TYPE': 'DF', 'function_kwargs': {}}
2024-01-22:04:03:53,926 INFO     [psi4.driver.driver:524] Compute energy(): method=mp2, basis=aug-cc-pvtz, molecule=dimer, nre=217.45405808137008
2024-01-22:04:04:16,21 INFO     [psi4.driver.driver:527] Return energy(): -5153.161401027756
2024-01-22:04:04:16,39 INFO     [psi4.driver.driver_nbody:1366] 
  //>>>>>>>>>>>>>>>>>>>>>>>>>>>>>>>>>>>//
  //          ManyBody Results         //
  //<<<<<<<<<<<<<<<<<<<<<<<<<<<<<<<<<<<//


2024-01-22:04:04:16,39 INFO     [psi4.driver.driver_nbody:396] 
   ==> N-Body: Counterpoise Corrected (CP) energies <==

        n-Body     Total Energy            Interaction Energy                          N-body Contribution to Interaction Energy
                   [Eh]                    [Eh]                  [kcal/mol]            [Eh]                  [kcal/mol]
             1  N/A                         0.000000000000        0.000000000000        0.000000000000        0.000000000000
             2  N/A                        -0.295147191588     -185.207658880055       -0.295147191588     -185.207658880055
  FULL/RTN   3  N/A                        -0.259227782885     -162.667889626884        0.035919408702       22.539769253171


