2024-01-22:04:15:56,824 INFO     [psi4.driver.task_planner:235] PLANNING MB:  mc_level_idx=0 packet={'driver': 'energy', 'method': 'mp2', 'basis': 'AUG-CC-PVTZ', 'keywords': {'SCF_TYPE': 'DF', 'function_kwargs': {}}}
2024-01-22:04:15:56,824 INFO     [psi4.driver.driver_nbody:954] 
  //>>>>>>>>>>>>>>>>>>>>>>>>>>>>>>>>>>>>>>>>//
  // ManyBody Setup: N-Body Levels [1, 2, 3]//
  //<<<<<<<<<<<<<<<<<<<<<<<<<<<<<<<<<<<<<<<<//


2024-01-22:04:15:56,824 INFO     [psi4.driver.driver_nbody:515]         Number of 1-body computations:     3
        Number of 2-body computations:     3
        Number of 3-body computations:     1
2024-01-22:04:15:56,828 INFO     [psi4.driver.driver_nbody:1016] 
  //>>>>>>>>>>>>>>>>>>>>>>>>>>>>>>>>>>>//
  //       ManyBody Computations       //
  //<<<<<<<<<<<<<<<<<<<<<<<<<<<<<<<<<<<//


2024-01-22:04:15:56,853 INFO     [psi4.driver.task_base:203] <<< JSON launch ... c1 0.0
2024-01-22:04:15:59,409 INFO     [psi4.driver.task_planner:283] PLANNING Atomic:  keywords={'SCF_TYPE': 'DF', 'function_kwargs': {}}
2024-01-22:04:15:59,412 INFO     [psi4.driver.driver:524] Compute energy(): method=mp2, basis=aug-cc-pvtz, molecule=dimer, nre=0.0
2024-01-22:04:16:04,63 INFO     [psi4.driver.driver:527] Return energy(): -161.69175562504714
2024-01-22:04:16:04,79 INFO     [psi4.driver.task_base:203] <<< JSON launch ... c1 0.0
2024-01-22:04:16:04,112 INFO     [psi4.driver.task_planner:283] PLANNING Atomic:  keywords={'SCF_TYPE': 'DF', 'function_kwargs': {}}
2024-01-22:04:16:04,116 INFO     [psi4.driver.driver:524] Compute energy(): method=mp2, basis=aug-cc-pvtz, molecule=dimer, nre=0.0
2024-01-22:04:16:08,136 INFO     [psi4.driver.driver:527] Return energy(): -99.75992011613408
2024-01-22:04:16:08,152 INFO     [psi4.driver.task_base:203] <<< JSON launch ... c1 15.62656261832215
2024-01-22:04:16:08,185 INFO     [psi4.driver.task_planner:283] PLANNING Atomic:  keywords={'SCF_TYPE': 'DF', 'function_kwargs': {}}
2024-01-22:04:16:08,188 INFO     [psi4.driver.driver:524] Compute energy(): method=mp2, basis=aug-cc-pvtz, molecule=dimer, nre=15.62656261832215
2024-01-22:04:16:12,65 INFO     [psi4.driver.driver:527] Return energy(): -199.34403723387146
2024-01-22:04:16:12,81 INFO     [psi4.driver.task_base:203] <<< JSON launch ... c1 27.010251629904413
2024-01-22:04:16:12,114 INFO     [psi4.driver.task_planner:283] PLANNING Atomic:  keywords={'SCF_TYPE': 'DF', 'function_kwargs': {}}
2024-01-22:04:16:12,117 INFO     [psi4.driver.driver:524] Compute energy(): method=mp2, basis=aug-cc-pvtz, molecule=dimer, nre=27.010251629904413
2024-01-22:04:16:16,437 INFO     [psi4.driver.driver:527] Return energy(): -261.68953029544684
2024-01-22:04:16:16,453 INFO     [psi4.driver.task_base:203] <<< JSON launch ... c1 27.010251629904413
2024-01-22:04:16:16,485 INFO     [psi4.driver.task_planner:283] PLANNING Atomic:  keywords={'SCF_TYPE': 'DF', 'function_kwargs': {}}
2024-01-22:04:16:16,489 INFO     [psi4.driver.driver:524] Compute energy(): method=mp2, basis=aug-cc-pvtz, molecule=dimer, nre=27.010251629904413
2024-01-22:04:16:20,751 INFO     [psi4.driver.driver:527] Return energy(): -261.68953029544537
2024-01-22:04:16:20,767 INFO     [psi4.driver.task_base:203] <<< JSON launch ... c1 0.0
2024-01-22:04:16:20,800 INFO     [psi4.driver.task_planner:283] PLANNING Atomic:  keywords={'SCF_TYPE': 'DF', 'function_kwargs': {}}
2024-01-22:04:16:20,803 INFO     [psi4.driver.driver:524] Compute energy(): method=mp2, basis=aug-cc-pvtz, molecule=dimer, nre=0.0
2024-01-22:04:16:24,490 INFO     [psi4.driver.driver:527] Return energy(): -99.75992011613353
2024-01-22:04:16:24,506 INFO     [psi4.driver.task_base:203] <<< JSON launch ... c1 69.64706587813097
2024-01-22:04:16:24,539 INFO     [psi4.driver.task_planner:283] PLANNING Atomic:  keywords={'SCF_TYPE': 'DF', 'function_kwargs': {}}
2024-01-22:04:16:24,542 INFO     [psi4.driver.driver:524] Compute energy(): method=mp2, basis=aug-cc-pvtz, molecule=dimer, nre=69.64706587813097
2024-01-22:04:16:28,744 INFO     [psi4.driver.driver:527] Return energy(): -361.49122416186003
2024-01-22:04:16:28,761 INFO     [psi4.driver.driver_nbody:1366] 
  //>>>>>>>>>>>>>>>>>>>>>>>>>>>>>>>>>>>//
  //          ManyBody Results         //
  //<<<<<<<<<<<<<<<<<<<<<<<<<<<<<<<<<<<//


2024-01-22:04:16:28,762 INFO     [psi4.driver.driver_nbody:396] 
   ==> N-Body: Counterpoise Corrected (CP) energies <==

        n-Body     Total Energy            Interaction Energy                          N-body Contribution to Interaction Energy
                   [Eh]                    [Eh]                  [kcal/mol]            [Eh]                  [kcal/mol]
             1  N/A                         0.000000000000        0.000000000000        0.000000000000        0.000000000000
             2  N/A                        -0.299906110134     -188.193925352981       -0.299906110134     -188.193925352981
  FULL/RTN   3  N/A                        -0.279628304545     -175.469410238507        0.020277805589       12.724515114474


