2024-01-22:04:24:26,155 INFO     [psi4.driver.task_planner:235] PLANNING MB:  mc_level_idx=0 packet={'driver': 'energy', 'method': 'mp2', 'basis': 'AUG-CC-PVTZ', 'keywords': {'SCF_TYPE': 'DF', 'function_kwargs': {}}}
2024-01-22:04:24:26,155 INFO     [psi4.driver.driver_nbody:954] 
  //>>>>>>>>>>>>>>>>>>>>>>>>>>>>>>>>>>>>>>>>//
  // ManyBody Setup: N-Body Levels [1, 2, 3]//
  //<<<<<<<<<<<<<<<<<<<<<<<<<<<<<<<<<<<<<<<<//


2024-01-22:04:24:26,155 INFO     [psi4.driver.driver_nbody:515]         Number of 1-body computations:     3
        Number of 2-body computations:     3
        Number of 3-body computations:     1
2024-01-22:04:24:26,157 INFO     [psi4.driver.driver_nbody:1016] 
  //>>>>>>>>>>>>>>>>>>>>>>>>>>>>>>>>>>>//
  //       ManyBody Computations       //
  //<<<<<<<<<<<<<<<<<<<<<<<<<<<<<<<<<<<//


2024-01-22:04:24:26,174 INFO     [psi4.driver.task_base:203] <<< JSON launch ... c1 0.0
2024-01-22:04:24:28,613 INFO     [psi4.driver.task_planner:283] PLANNING Atomic:  keywords={'SCF_TYPE': 'DF', 'function_kwargs': {}}
2024-01-22:04:24:28,615 INFO     [psi4.driver.driver:524] Compute energy(): method=mp2, basis=aug-cc-pvtz, molecule=dimer, nre=0.0
2024-01-22:04:24:38,156 INFO     [psi4.driver.driver:527] Return energy(): -459.81684259831945
2024-01-22:04:24:38,173 INFO     [psi4.driver.task_base:203] <<< JSON launch ... c1 0.0
2024-01-22:04:24:38,206 INFO     [psi4.driver.task_planner:283] PLANNING Atomic:  keywords={'SCF_TYPE': 'DF', 'function_kwargs': {}}
2024-01-22:04:24:38,209 INFO     [psi4.driver.driver:524] Compute energy(): method=mp2, basis=aug-cc-pvtz, molecule=dimer, nre=0.0
2024-01-22:04:24:47,528 INFO     [psi4.driver.driver:527] Return energy(): -161.68868517623528
2024-01-22:04:24:47,544 INFO     [psi4.driver.task_base:203] <<< JSON launch ... c1 15.702667867992021
2024-01-22:04:24:47,576 INFO     [psi4.driver.task_planner:283] PLANNING Atomic:  keywords={'SCF_TYPE': 'DF', 'function_kwargs': {}}
2024-01-22:04:24:47,580 INFO     [psi4.driver.driver:524] Compute energy(): method=mp2, basis=aug-cc-pvtz, molecule=dimer, nre=15.702667867992021
2024-01-22:04:24:56,809 INFO     [psi4.driver.driver:527] Return energy(): -323.2460542523178
2024-01-22:04:24:56,825 INFO     [psi4.driver.task_base:203] <<< JSON launch ... c1 29.822737770057596
2024-01-22:04:24:56,858 INFO     [psi4.driver.task_planner:283] PLANNING Atomic:  keywords={'SCF_TYPE': 'DF', 'function_kwargs': {}}
2024-01-22:04:24:56,861 INFO     [psi4.driver.driver:524] Compute energy(): method=mp2, basis=aug-cc-pvtz, molecule=dimer, nre=29.822737770057596
2024-01-22:04:25:06,390 INFO     [psi4.driver.driver:527] Return energy(): -621.6726227284371
2024-01-22:04:25:06,406 INFO     [psi4.driver.task_base:203] <<< JSON launch ... c1 41.75183036150328
2024-01-22:04:25:06,439 INFO     [psi4.driver.task_planner:283] PLANNING Atomic:  keywords={'SCF_TYPE': 'DF', 'function_kwargs': {}}
2024-01-22:04:25:06,443 INFO     [psi4.driver.driver:524] Compute energy(): method=mp2, basis=aug-cc-pvtz, molecule=dimer, nre=41.75183036150328
2024-01-22:04:25:15,977 INFO     [psi4.driver.driver:527] Return energy(): -621.7104543464462
2024-01-22:04:25:15,993 INFO     [psi4.driver.task_base:203] <<< JSON launch ... c1 0.0
2024-01-22:04:25:16,26 INFO     [psi4.driver.task_planner:283] PLANNING Atomic:  keywords={'SCF_TYPE': 'DF', 'function_kwargs': {}}
2024-01-22:04:25:16,29 INFO     [psi4.driver.driver:524] Compute energy(): method=mp2, basis=aug-cc-pvtz, molecule=dimer, nre=0.0
2024-01-22:04:25:25,195 INFO     [psi4.driver.driver:527] Return energy(): -161.68698378454485
2024-01-22:04:25:25,211 INFO     [psi4.driver.task_base:203] <<< JSON launch ... c1 87.2772359995529
2024-01-22:04:25:25,243 INFO     [psi4.driver.task_planner:283] PLANNING Atomic:  keywords={'SCF_TYPE': 'DF', 'function_kwargs': {}}
2024-01-22:04:25:25,247 INFO     [psi4.driver.driver:524] Compute energy(): method=mp2, basis=aug-cc-pvtz, molecule=dimer, nre=87.2772359995529
2024-01-22:04:25:34,751 INFO     [psi4.driver.driver:527] Return energy(): -783.4336922793774
2024-01-22:04:25:34,768 INFO     [psi4.driver.driver_nbody:1366] 
  //>>>>>>>>>>>>>>>>>>>>>>>>>>>>>>>>>>>//
  //          ManyBody Results         //
  //<<<<<<<<<<<<<<<<<<<<<<<<<<<<<<<<<<<//


2024-01-22:04:25:34,769 INFO     [psi4.driver.driver_nbody:396] 
   ==> N-Body: Counterpoise Corrected (CP) energies <==

        n-Body     Total Energy            Interaction Energy                          N-body Contribution to Interaction Energy
                   [Eh]                    [Eh]                  [kcal/mol]            [Eh]                  [kcal/mol]
             1  N/A                         0.000000000000        0.000000000000        0.000000000000        0.000000000000
             2  N/A                        -0.244108209002     -153.180213775609       -0.244108209002     -153.180213775609
  FULL/RTN   3  N/A                        -0.241180720278     -151.343186866834        0.002927488724        1.837026908775


