2024-01-22:05:01:49,588 INFO     [psi4.driver.task_planner:235] PLANNING MB:  mc_level_idx=0 packet={'driver': 'energy', 'method': 'mp2', 'basis': 'AUG-CC-PVTZ', 'keywords': {'SCF_TYPE': 'DF', 'function_kwargs': {}}}
2024-01-22:05:01:49,588 INFO     [psi4.driver.driver_nbody:954] 
  //>>>>>>>>>>>>>>>>>>>>>>>>>>>>>>>>>>>>>>>>//
  // ManyBody Setup: N-Body Levels [1, 2, 3]//
  //<<<<<<<<<<<<<<<<<<<<<<<<<<<<<<<<<<<<<<<<//


2024-01-22:05:01:49,588 INFO     [psi4.driver.driver_nbody:515]         Number of 1-body computations:     3
        Number of 2-body computations:     3
        Number of 3-body computations:     1
2024-01-22:05:01:49,590 INFO     [psi4.driver.driver_nbody:1016] 
  //>>>>>>>>>>>>>>>>>>>>>>>>>>>>>>>>>>>//
  //       ManyBody Computations       //
  //<<<<<<<<<<<<<<<<<<<<<<<<<<<<<<<<<<<//


2024-01-22:05:01:49,606 INFO     [psi4.driver.task_base:203] <<< JSON launch ... c1 0.0
2024-01-22:05:01:52,54 INFO     [psi4.driver.task_planner:283] PLANNING Atomic:  keywords={'SCF_TYPE': 'DF', 'function_kwargs': {}}
2024-01-22:05:01:52,57 INFO     [psi4.driver.driver:524] Compute energy(): method=mp2, basis=aug-cc-pvtz, molecule=dimer, nre=0.0
2024-01-22:05:02:21,818 INFO     [psi4.driver.driver:527] Return energy(): -161.68919147494537
2024-01-22:05:02:21,835 INFO     [psi4.driver.task_base:203] <<< JSON launch ... c1 0.0
2024-01-22:05:02:21,868 INFO     [psi4.driver.task_planner:283] PLANNING Atomic:  keywords={'SCF_TYPE': 'DF', 'function_kwargs': {}}
2024-01-22:05:02:21,871 INFO     [psi4.driver.driver:524] Compute energy(): method=mp2, basis=aug-cc-pvtz, molecule=dimer, nre=0.0
2024-01-22:05:02:52,319 INFO     [psi4.driver.driver:527] Return energy(): -2572.8268429859922
2024-01-22:05:02:52,335 INFO     [psi4.driver.task_base:203] <<< JSON launch ... c1 157.20571009707427
2024-01-22:05:02:52,368 INFO     [psi4.driver.task_planner:283] PLANNING Atomic:  keywords={'SCF_TYPE': 'DF', 'function_kwargs': {}}
2024-01-22:05:02:52,371 INFO     [psi4.driver.driver:524] Compute energy(): method=mp2, basis=aug-cc-pvtz, molecule=dimer, nre=157.20571009707427
2024-01-22:05:03:22,678 INFO     [psi4.driver.driver:527] Return energy(): -5145.534891116908
2024-01-22:05:03:22,694 INFO     [psi4.driver.task_base:203] <<< JSON launch ... c1 62.33410530204776
2024-01-22:05:03:22,727 INFO     [psi4.driver.task_planner:283] PLANNING Atomic:  keywords={'SCF_TYPE': 'DF', 'function_kwargs': {}}
2024-01-22:05:03:22,730 INFO     [psi4.driver.driver:524] Compute energy(): method=mp2, basis=aug-cc-pvtz, molecule=dimer, nre=62.33410530204776
2024-01-22:05:03:53,180 INFO     [psi4.driver.driver:527] Return energy(): -2734.686132663806
2024-01-22:05:03:53,196 INFO     [psi4.driver.task_base:203] <<< JSON launch ... c1 81.03434433062905
2024-01-22:05:03:53,229 INFO     [psi4.driver.task_planner:283] PLANNING Atomic:  keywords={'SCF_TYPE': 'DF', 'function_kwargs': {}}
2024-01-22:05:03:53,233 INFO     [psi4.driver.driver:524] Compute energy(): method=mp2, basis=aug-cc-pvtz, molecule=dimer, nre=81.03434433062905
2024-01-22:05:04:23,537 INFO     [psi4.driver.driver:527] Return energy(): -2734.71254050004
2024-01-22:05:04:23,553 INFO     [psi4.driver.task_base:203] <<< JSON launch ... c1 0.0
2024-01-22:05:04:23,585 INFO     [psi4.driver.task_planner:283] PLANNING Atomic:  keywords={'SCF_TYPE': 'DF', 'function_kwargs': {}}
2024-01-22:05:04:23,589 INFO     [psi4.driver.driver:524] Compute energy(): method=mp2, basis=aug-cc-pvtz, molecule=dimer, nre=0.0
2024-01-22:05:04:53,296 INFO     [psi4.driver.driver:527] Return energy(): -2572.824205545408
2024-01-22:05:04:53,312 INFO     [psi4.driver.task_base:203] <<< JSON launch ... c1 300.57415972975105
2024-01-22:05:04:53,345 INFO     [psi4.driver.task_planner:283] PLANNING Atomic:  keywords={'SCF_TYPE': 'DF', 'function_kwargs': {}}
2024-01-22:05:04:53,349 INFO     [psi4.driver.driver:524] Compute energy(): method=mp2, basis=aug-cc-pvtz, molecule=dimer, nre=300.57415972975105
2024-01-22:05:05:23,621 INFO     [psi4.driver.driver:527] Return energy(): -5307.568527323701
2024-01-22:05:05:23,639 INFO     [psi4.driver.driver_nbody:1366] 
  //>>>>>>>>>>>>>>>>>>>>>>>>>>>>>>>>>>>//
  //          ManyBody Results         //
  //<<<<<<<<<<<<<<<<<<<<<<<<<<<<<<<<<<<//


2024-01-22:05:05:23,639 INFO     [psi4.driver.driver_nbody:396] 
   ==> N-Body: Counterpoise Corrected (CP) energies <==

        n-Body     Total Energy            Interaction Energy                          N-body Contribution to Interaction Energy
                   [Eh]                    [Eh]                  [kcal/mol]            [Eh]                  [kcal/mol]
             1  N/A                         0.000000000000        0.000000000000        0.000000000000        0.000000000000
             2  N/A                        -0.253084268063     -158.812775873331       -0.253084268063     -158.812775873331
  FULL/RTN   3  N/A                        -0.228287317355     -143.252454383743        0.024796950707       15.560321489588


