2024-01-22:05:12:37,169 INFO     [psi4.driver.task_planner:235] PLANNING MB:  mc_level_idx=0 packet={'driver': 'energy', 'method': 'mp2', 'basis': 'AUG-CC-PVTZ', 'keywords': {'SCF_TYPE': 'DF', 'function_kwargs': {}}}
2024-01-22:05:12:37,170 INFO     [psi4.driver.driver_nbody:954] 
  //>>>>>>>>>>>>>>>>>>>>>>>>>>>>>>>>>>>>>>>>//
  // ManyBody Setup: N-Body Levels [1, 2, 3]//
  //<<<<<<<<<<<<<<<<<<<<<<<<<<<<<<<<<<<<<<<<//


2024-01-22:05:12:37,170 INFO     [psi4.driver.driver_nbody:515]         Number of 1-body computations:     3
        Number of 2-body computations:     3
        Number of 3-body computations:     1
2024-01-22:05:12:37,174 INFO     [psi4.driver.driver_nbody:1016] 
  //>>>>>>>>>>>>>>>>>>>>>>>>>>>>>>>>>>>//
  //       ManyBody Computations       //
  //<<<<<<<<<<<<<<<<<<<<<<<<<<<<<<<<<<<//


2024-01-22:05:12:37,195 INFO     [psi4.driver.task_base:203] <<< JSON launch ... c1 0.0
2024-01-22:05:12:39,714 INFO     [psi4.driver.task_planner:283] PLANNING Atomic:  keywords={'SCF_TYPE': 'DF', 'function_kwargs': {}}
2024-01-22:05:12:39,717 INFO     [psi4.driver.driver:524] Compute energy(): method=mp2, basis=aug-cc-pvtz, molecule=dimer, nre=0.0
2024-01-22:05:13:09,2 INFO     [psi4.driver.driver:527] Return energy(): -161.68786992739317
2024-01-22:05:13:09,18 INFO     [psi4.driver.task_base:203] <<< JSON launch ... c1 0.0
2024-01-22:05:13:09,51 INFO     [psi4.driver.task_planner:283] PLANNING Atomic:  keywords={'SCF_TYPE': 'DF', 'function_kwargs': {}}
2024-01-22:05:13:09,54 INFO     [psi4.driver.driver:524] Compute energy(): method=mp2, basis=aug-cc-pvtz, molecule=dimer, nre=0.0
2024-01-22:05:13:39,54 INFO     [psi4.driver.driver:527] Return energy(): -2572.8266105160274
2024-01-22:05:13:39,70 INFO     [psi4.driver.task_base:203] <<< JSON launch ... c1 115.30801064071628
2024-01-22:05:13:39,103 INFO     [psi4.driver.task_planner:283] PLANNING Atomic:  keywords={'SCF_TYPE': 'DF', 'function_kwargs': {}}
2024-01-22:05:13:39,107 INFO     [psi4.driver.driver:524] Compute energy(): method=mp2, basis=aug-cc-pvtz, molecule=dimer, nre=115.30801064071628
2024-01-22:05:14:08,988 INFO     [psi4.driver.driver:527] Return energy(): -5145.558591219088
2024-01-22:05:14:09,4 INFO     [psi4.driver.task_base:203] <<< JSON launch ... c1 40.51717216531453
2024-01-22:05:14:09,37 INFO     [psi4.driver.task_planner:283] PLANNING Atomic:  keywords={'SCF_TYPE': 'DF', 'function_kwargs': {}}
2024-01-22:05:14:09,40 INFO     [psi4.driver.driver:524] Compute energy(): method=mp2, basis=aug-cc-pvtz, molecule=dimer, nre=40.51717216531453
2024-01-22:05:14:39,393 INFO     [psi4.driver.driver:527] Return energy(): -2734.6198289765784
2024-01-22:05:14:39,409 INFO     [psi4.driver.task_base:203] <<< JSON launch ... c1 81.03434433062905
2024-01-22:05:14:39,442 INFO     [psi4.driver.task_planner:283] PLANNING Atomic:  keywords={'SCF_TYPE': 'DF', 'function_kwargs': {}}
2024-01-22:05:14:39,446 INFO     [psi4.driver.driver:524] Compute energy(): method=mp2, basis=aug-cc-pvtz, molecule=dimer, nre=81.03434433062905
2024-01-22:05:15:09,645 INFO     [psi4.driver.driver:527] Return energy(): -2734.710918324843
2024-01-22:05:15:09,661 INFO     [psi4.driver.task_base:203] <<< JSON launch ... c1 0.0
2024-01-22:05:15:09,694 INFO     [psi4.driver.task_planner:283] PLANNING Atomic:  keywords={'SCF_TYPE': 'DF', 'function_kwargs': {}}
2024-01-22:05:15:09,698 INFO     [psi4.driver.driver:524] Compute energy(): method=mp2, basis=aug-cc-pvtz, molecule=dimer, nre=0.0
2024-01-22:05:15:39,182 INFO     [psi4.driver.driver:527] Return energy(): -2572.8222577972347
2024-01-22:05:15:39,198 INFO     [psi4.driver.task_base:203] <<< JSON launch ... c1 236.85952713665986
2024-01-22:05:15:39,231 INFO     [psi4.driver.task_planner:283] PLANNING Atomic:  keywords={'SCF_TYPE': 'DF', 'function_kwargs': {}}
2024-01-22:05:15:39,234 INFO     [psi4.driver.driver:524] Compute energy(): method=mp2, basis=aug-cc-pvtz, molecule=dimer, nre=236.85952713665986
2024-01-22:05:16:09,272 INFO     [psi4.driver.driver:527] Return energy(): -5307.54304134998
2024-01-22:05:16:09,290 INFO     [psi4.driver.driver_nbody:1366] 
  //>>>>>>>>>>>>>>>>>>>>>>>>>>>>>>>>>>>//
  //          ManyBody Results         //
  //<<<<<<<<<<<<<<<<<<<<<<<<<<<<<<<<<<<//


2024-01-22:05:16:09,290 INFO     [psi4.driver.driver_nbody:396] 
   ==> N-Body: Counterpoise Corrected (CP) energies <==

        n-Body     Total Energy            Interaction Energy                          N-body Contribution to Interaction Energy
                   [Eh]                    [Eh]                  [kcal/mol]            [Eh]                  [kcal/mol]
             1  N/A                         0.000000000000        0.000000000000        0.000000000000        0.000000000000
             2  N/A                        -0.215862039200     -135.455474627030       -0.215862039200     -135.455474627030
  FULL/RTN   3  N/A                        -0.206303109325     -129.457155571097        0.009558929875        5.998319055933


