2024-01-24:05:14:19,95 INFO     [psi4.driver.task_planner:238] PLANNING MB:  mc_level_idx=0 packet={'driver': 'energy', 'method': 'mp2', 'basis': 'AUG-CC-PVTZ', 'keywords': {'SCF_TYPE': 'DF', 'function_kwargs': {}}}
2024-01-24:05:14:19,95 INFO     [psi4.driver.driver_nbody:954] 
  //>>>>>>>>>>>>>>>>>>>>>>>>>>>>>>>>>>>>>>>>//
  // ManyBody Setup: N-Body Levels [1, 2, 3]//
  //<<<<<<<<<<<<<<<<<<<<<<<<<<<<<<<<<<<<<<<<//


2024-01-24:05:14:19,95 INFO     [psi4.driver.driver_nbody:515]         Number of 1-body computations:     3
        Number of 2-body computations:     3
        Number of 3-body computations:     1
2024-01-24:05:14:19,97 INFO     [psi4.driver.driver_nbody:1016] 
  //>>>>>>>>>>>>>>>>>>>>>>>>>>>>>>>>>>>//
  //       ManyBody Computations       //
  //<<<<<<<<<<<<<<<<<<<<<<<<<<<<<<<<<<<//


2024-01-24:05:14:19,111 INFO     [psi4.driver.task_base:172] <<< JSON launch ... c1 0.0
2024-01-24:05:14:20,503 INFO     [psi4.driver.task_planner:286] PLANNING Atomic:  keywords={'SCF_TYPE': 'DF', 'function_kwargs': {}}
2024-01-24:05:14:20,505 INFO     [psi4.driver.driver:523] Compute energy(): method=mp2, basis=aug-cc-pvtz, molecule=dimer, nre=0.0
2024-01-24:05:14:44,703 INFO     [psi4.driver.driver:526] Return energy(): -99.75944345016535
2024-01-24:05:14:44,717 INFO     [psi4.driver.task_base:172] <<< JSON launch ... c1 0.0
2024-01-24:05:14:44,738 INFO     [psi4.driver.task_planner:286] PLANNING Atomic:  keywords={'SCF_TYPE': 'DF', 'function_kwargs': {}}
2024-01-24:05:14:44,740 INFO     [psi4.driver.driver:523] Compute energy(): method=mp2, basis=aug-cc-pvtz, molecule=dimer, nre=0.0
2024-01-24:05:15:11,122 INFO     [psi4.driver.driver:526] Return energy(): -599.1166228228083
2024-01-24:05:15:11,133 INFO     [psi4.driver.task_base:172] <<< JSON launch ... c1 48.715981039436365
2024-01-24:05:15:11,153 INFO     [psi4.driver.task_planner:286] PLANNING Atomic:  keywords={'SCF_TYPE': 'DF', 'function_kwargs': {}}
2024-01-24:05:15:11,156 INFO     [psi4.driver.driver:523] Compute energy(): method=mp2, basis=aug-cc-pvtz, molecule=dimer, nre=48.715981039436365
2024-01-24:05:15:37,563 INFO     [psi4.driver.driver:526] Return energy(): -1198.0925188256995
2024-01-24:05:15:37,575 INFO     [psi4.driver.task_base:172] <<< JSON launch ... c1 27.733889616666207
2024-01-24:05:15:37,595 INFO     [psi4.driver.task_planner:286] PLANNING Atomic:  keywords={'SCF_TYPE': 'DF', 'function_kwargs': {}}
2024-01-24:05:15:37,597 INFO     [psi4.driver.driver:523] Compute energy(): method=mp2, basis=aug-cc-pvtz, molecule=dimer, nre=27.733889616666207
2024-01-24:05:16:04,68 INFO     [psi4.driver.driver:526] Return energy(): -699.0356424033446
2024-01-24:05:16:04,80 INFO     [psi4.driver.task_base:172] <<< JSON launch ... c1 41.60083442499931
2024-01-24:05:16:04,100 INFO     [psi4.driver.task_planner:286] PLANNING Atomic:  keywords={'SCF_TYPE': 'DF', 'function_kwargs': {}}
2024-01-24:05:16:04,103 INFO     [psi4.driver.driver:523] Compute energy(): method=mp2, basis=aug-cc-pvtz, molecule=dimer, nre=41.60083442499931
2024-01-24:05:16:30,551 INFO     [psi4.driver.driver:526] Return energy(): -699.0917663544916
2024-01-24:05:16:30,563 INFO     [psi4.driver.task_base:172] <<< JSON launch ... c1 0.0
2024-01-24:05:16:30,583 INFO     [psi4.driver.task_planner:286] PLANNING Atomic:  keywords={'SCF_TYPE': 'DF', 'function_kwargs': {}}
2024-01-24:05:16:30,585 INFO     [psi4.driver.driver:523] Compute energy(): method=mp2, basis=aug-cc-pvtz, molecule=dimer, nre=0.0
2024-01-24:05:16:56,900 INFO     [psi4.driver.driver:526] Return energy(): -599.1089721380202
2024-01-24:05:16:56,912 INFO     [psi4.driver.task_base:172] <<< JSON launch ... c1 118.05070508110188
2024-01-24:05:16:56,932 INFO     [psi4.driver.task_planner:286] PLANNING Atomic:  keywords={'SCF_TYPE': 'DF', 'function_kwargs': {}}
2024-01-24:05:16:56,934 INFO     [psi4.driver.driver:523] Compute energy(): method=mp2, basis=aug-cc-pvtz, molecule=dimer, nre=118.05070508110188
2024-01-24:05:17:23,478 INFO     [psi4.driver.driver:526] Return energy(): -1298.228203456245
2024-01-24:05:17:23,491 INFO     [psi4.driver.driver_nbody:1366] 
  //>>>>>>>>>>>>>>>>>>>>>>>>>>>>>>>>>>>//
  //          ManyBody Results         //
  //<<<<<<<<<<<<<<<<<<<<<<<<<<<<<<<<<<<//


2024-01-24:05:17:23,491 INFO     [psi4.driver.driver_nbody:396] 
   ==> N-Body: Counterpoise Corrected (CP) energies <==

        n-Body     Total Energy            Interaction Energy                          N-body Contribution to Interaction Energy
                   [Eh]                    [Eh]                  [kcal/mol]            [Eh]                  [kcal/mol]
             1  N/A                         0.000000000000        0.000000000000        0.000000000000        0.000000000000
             2  N/A                        -0.249850761548     -156.783719901780       -0.249850761548     -156.783719901780
  FULL/RTN   3  N/A                        -0.243165045251     -152.588369586602        0.006685716297        4.195350315178


