2024-01-24:05:22:52,550 INFO     [psi4.driver.task_planner:238] PLANNING MB:  mc_level_idx=0 packet={'driver': 'energy', 'method': 'mp2', 'basis': 'AUG-CC-PVTZ', 'keywords': {'SCF_TYPE': 'DF', 'function_kwargs': {}}}
2024-01-24:05:22:52,550 INFO     [psi4.driver.driver_nbody:954] 
  //>>>>>>>>>>>>>>>>>>>>>>>>>>>>>>>>>>>>>>>>//
  // ManyBody Setup: N-Body Levels [1, 2, 3]//
  //<<<<<<<<<<<<<<<<<<<<<<<<<<<<<<<<<<<<<<<<//


2024-01-24:05:22:52,550 INFO     [psi4.driver.driver_nbody:515]         Number of 1-body computations:     3
        Number of 2-body computations:     3
        Number of 3-body computations:     1
2024-01-24:05:22:52,552 INFO     [psi4.driver.driver_nbody:1016] 
  //>>>>>>>>>>>>>>>>>>>>>>>>>>>>>>>>>>>//
  //       ManyBody Computations       //
  //<<<<<<<<<<<<<<<<<<<<<<<<<<<<<<<<<<<//


2024-01-24:05:22:52,568 INFO     [psi4.driver.task_base:172] <<< JSON launch ... c1 0.0
2024-01-24:05:22:53,965 INFO     [psi4.driver.task_planner:286] PLANNING Atomic:  keywords={'SCF_TYPE': 'DF', 'function_kwargs': {}}
2024-01-24:05:22:53,967 INFO     [psi4.driver.driver:523] Compute energy(): method=mp2, basis=aug-cc-pvtz, molecule=dimer, nre=0.0
2024-01-24:05:23:04,845 INFO     [psi4.driver.driver:526] Return energy(): -599.1153531710962
2024-01-24:05:23:04,857 INFO     [psi4.driver.task_base:172] <<< JSON launch ... c1 0.0
2024-01-24:05:23:04,877 INFO     [psi4.driver.task_planner:286] PLANNING Atomic:  keywords={'SCF_TYPE': 'DF', 'function_kwargs': {}}
2024-01-24:05:23:04,880 INFO     [psi4.driver.driver:523] Compute energy(): method=mp2, basis=aug-cc-pvtz, molecule=dimer, nre=0.0
2024-01-24:05:23:13,476 INFO     [psi4.driver.driver:526] Return energy(): -99.75931289410744
2024-01-24:05:23:13,488 INFO     [psi4.driver.task_base:172] <<< JSON launch ... c1 12.615255100378237
2024-01-24:05:23:13,508 INFO     [psi4.driver.task_planner:286] PLANNING Atomic:  keywords={'SCF_TYPE': 'DF', 'function_kwargs': {}}
2024-01-24:05:23:13,511 INFO     [psi4.driver.driver:523] Compute energy(): method=mp2, basis=aug-cc-pvtz, molecule=dimer, nre=12.615255100378237
2024-01-24:05:23:22,199 INFO     [psi4.driver.driver:526] Return energy(): -199.3712742973114
2024-01-24:05:23:22,210 INFO     [psi4.driver.task_base:172] <<< JSON launch ... c1 34.66736202083276
2024-01-24:05:23:22,231 INFO     [psi4.driver.task_planner:286] PLANNING Atomic:  keywords={'SCF_TYPE': 'DF', 'function_kwargs': {}}
2024-01-24:05:23:22,233 INFO     [psi4.driver.driver:523] Compute energy(): method=mp2, basis=aug-cc-pvtz, molecule=dimer, nre=34.66736202083276
2024-01-24:05:23:33,137 INFO     [psi4.driver.driver:526] Return energy(): -699.0768264667336
2024-01-24:05:23:33,149 INFO     [psi4.driver.task_base:172] <<< JSON launch ... c1 41.60083442499931
2024-01-24:05:23:33,169 INFO     [psi4.driver.task_planner:286] PLANNING Atomic:  keywords={'SCF_TYPE': 'DF', 'function_kwargs': {}}
2024-01-24:05:23:33,171 INFO     [psi4.driver.driver:523] Compute energy(): method=mp2, basis=aug-cc-pvtz, molecule=dimer, nre=41.60083442499931
2024-01-24:05:23:44,60 INFO     [psi4.driver.driver:526] Return energy(): -699.0901646567403
2024-01-24:05:23:44,71 INFO     [psi4.driver.task_base:172] <<< JSON launch ... c1 0.0
2024-01-24:05:23:44,91 INFO     [psi4.driver.task_planner:286] PLANNING Atomic:  keywords={'SCF_TYPE': 'DF', 'function_kwargs': {}}
2024-01-24:05:23:44,94 INFO     [psi4.driver.driver:523] Compute energy(): method=mp2, basis=aug-cc-pvtz, molecule=dimer, nre=0.0
2024-01-24:05:23:52,563 INFO     [psi4.driver.driver:526] Return energy(): -99.75921403122881
2024-01-24:05:23:52,575 INFO     [psi4.driver.task_base:172] <<< JSON launch ... c1 88.88345154621031
2024-01-24:05:23:52,595 INFO     [psi4.driver.task_planner:286] PLANNING Atomic:  keywords={'SCF_TYPE': 'DF', 'function_kwargs': {}}
2024-01-24:05:23:52,598 INFO     [psi4.driver.driver:523] Compute energy(): method=mp2, basis=aug-cc-pvtz, molecule=dimer, nre=88.88345154621031
2024-01-24:05:24:03,533 INFO     [psi4.driver.driver:526] Return energy(): -798.8911042900758
2024-01-24:05:24:03,545 INFO     [psi4.driver.driver_nbody:1366] 
  //>>>>>>>>>>>>>>>>>>>>>>>>>>>>>>>>>>>//
  //          ManyBody Results         //
  //<<<<<<<<<<<<<<<<<<<<<<<<<<<<<<<<<<<//


2024-01-24:05:24:03,545 INFO     [psi4.driver.driver_nbody:396] 
   ==> N-Body: Counterpoise Corrected (CP) energies <==

        n-Body     Total Energy            Interaction Energy                          N-body Contribution to Interaction Energy
                   [Eh]                    [Eh]                  [kcal/mol]            [Eh]                  [kcal/mol]
             1  N/A                         0.000000000000        0.000000000000        0.000000000000        0.000000000000
             2  N/A                        -0.270505227920     -169.744593226302       -0.270505227920     -169.744593226302
  FULL/RTN   3  N/A                        -0.257224193643     -161.410618395965        0.013281034277        8.333974830337


