2024-01-24:05:35:45,936 INFO     [psi4.driver.task_planner:238] PLANNING MB:  mc_level_idx=0 packet={'driver': 'energy', 'method': 'mp2', 'basis': 'AUG-CC-PVTZ', 'keywords': {'SCF_TYPE': 'DF', 'function_kwargs': {}}}
2024-01-24:05:35:45,936 INFO     [psi4.driver.driver_nbody:954] 
  //>>>>>>>>>>>>>>>>>>>>>>>>>>>>>>>>>>>>>>>>//
  // ManyBody Setup: N-Body Levels [1, 2, 3]//
  //<<<<<<<<<<<<<<<<<<<<<<<<<<<<<<<<<<<<<<<<//


2024-01-24:05:35:45,936 INFO     [psi4.driver.driver_nbody:515]         Number of 1-body computations:     3
        Number of 2-body computations:     3
        Number of 3-body computations:     1
2024-01-24:05:35:45,937 INFO     [psi4.driver.driver_nbody:1016] 
  //>>>>>>>>>>>>>>>>>>>>>>>>>>>>>>>>>>>//
  //       ManyBody Computations       //
  //<<<<<<<<<<<<<<<<<<<<<<<<<<<<<<<<<<<//


2024-01-24:05:35:45,951 INFO     [psi4.driver.task_base:172] <<< JSON launch ... c1 0.0
2024-01-24:05:35:47,345 INFO     [psi4.driver.task_planner:286] PLANNING Atomic:  keywords={'SCF_TYPE': 'DF', 'function_kwargs': {}}
2024-01-24:05:35:47,347 INFO     [psi4.driver.driver:523] Compute energy(): method=mp2, basis=aug-cc-pvtz, molecule=dimer, nre=0.0
2024-01-24:05:36:14,785 INFO     [psi4.driver.driver:526] Return energy(): -459.81597355390323
2024-01-24:05:36:14,797 INFO     [psi4.driver.task_base:172] <<< JSON launch ... c1 0.0
2024-01-24:05:36:14,818 INFO     [psi4.driver.task_planner:286] PLANNING Atomic:  keywords={'SCF_TYPE': 'DF', 'function_kwargs': {}}
2024-01-24:05:36:14,820 INFO     [psi4.driver.driver:523] Compute energy(): method=mp2, basis=aug-cc-pvtz, molecule=dimer, nre=0.0
2024-01-24:05:36:44,325 INFO     [psi4.driver.driver:526] Return energy(): -599.1170490563394
2024-01-24:05:36:44,339 INFO     [psi4.driver.task_base:172] <<< JSON launch ... c1 46.437895421987676
2024-01-24:05:36:44,360 INFO     [psi4.driver.task_planner:286] PLANNING Atomic:  keywords={'SCF_TYPE': 'DF', 'function_kwargs': {}}
2024-01-24:05:36:44,362 INFO     [psi4.driver.driver:523] Compute energy(): method=mp2, basis=aug-cc-pvtz, molecule=dimer, nre=46.437895421987676
2024-01-24:05:37:13,975 INFO     [psi4.driver.driver:526] Return energy(): -1198.101432643405
2024-01-24:05:37:13,987 INFO     [psi4.driver.task_base:172] <<< JSON launch ... c1 54.0855845640336
2024-01-24:05:37:14,7 INFO     [psi4.driver.task_planner:286] PLANNING Atomic:  keywords={'SCF_TYPE': 'DF', 'function_kwargs': {}}
2024-01-24:05:37:14,9 INFO     [psi4.driver.driver:523] Compute energy(): method=mp2, basis=aug-cc-pvtz, molecule=dimer, nre=54.0855845640336
2024-01-24:05:37:43,836 INFO     [psi4.driver.driver:526] Return energy(): -1059.0997548448952
2024-01-24:05:37:43,847 INFO     [psi4.driver.task_base:172] <<< JSON launch ... c1 64.90269736940611
2024-01-24:05:37:43,868 INFO     [psi4.driver.task_planner:286] PLANNING Atomic:  keywords={'SCF_TYPE': 'DF', 'function_kwargs': {}}
2024-01-24:05:37:43,870 INFO     [psi4.driver.driver:523] Compute energy(): method=mp2, basis=aug-cc-pvtz, molecule=dimer, nre=64.90269736940611
2024-01-24:05:38:13,665 INFO     [psi4.driver.driver:526] Return energy(): -1059.1157422977592
2024-01-24:05:38:13,676 INFO     [psi4.driver.task_base:172] <<< JSON launch ... c1 0.0
2024-01-24:05:38:13,696 INFO     [psi4.driver.task_planner:286] PLANNING Atomic:  keywords={'SCF_TYPE': 'DF', 'function_kwargs': {}}
2024-01-24:05:38:13,699 INFO     [psi4.driver.driver:523] Compute energy(): method=mp2, basis=aug-cc-pvtz, molecule=dimer, nre=0.0
2024-01-24:05:38:43,180 INFO     [psi4.driver.driver:526] Return energy(): -599.1115257413132
2024-01-24:05:38:43,191 INFO     [psi4.driver.task_base:172] <<< JSON launch ... c1 165.4261773554274
2024-01-24:05:38:43,211 INFO     [psi4.driver.task_planner:286] PLANNING Atomic:  keywords={'SCF_TYPE': 'DF', 'function_kwargs': {}}
2024-01-24:05:38:43,214 INFO     [psi4.driver.driver:523] Compute energy(): method=mp2, basis=aug-cc-pvtz, molecule=dimer, nre=165.4261773554274
2024-01-24:05:39:12,985 INFO     [psi4.driver.driver:526] Return energy(): -1658.2667644332323
2024-01-24:05:39:12,997 INFO     [psi4.driver.driver_nbody:1366] 
  //>>>>>>>>>>>>>>>>>>>>>>>>>>>>>>>>>>>//
  //          ManyBody Results         //
  //<<<<<<<<<<<<<<<<<<<<<<<<<<<<<<<<<<<//


2024-01-24:05:39:12,998 INFO     [psi4.driver.driver_nbody:396] 
   ==> N-Body: Counterpoise Corrected (CP) energies <==

        n-Body     Total Energy            Interaction Energy                          N-body Contribution to Interaction Energy
                   [Eh]                    [Eh]                  [kcal/mol]            [Eh]                  [kcal/mol]
             1  N/A                         0.000000000000        0.000000000000        0.000000000000        0.000000000000
             2  N/A                        -0.227833082948     -142.967417989597       -0.227833082948     -142.967417989597
  FULL/RTN   3  N/A                        -0.222216081676     -139.442696477651        0.005617001271        3.524721511946


