2024-01-24:05:59:28,66 INFO     [psi4.driver.task_planner:238] PLANNING MB:  mc_level_idx=0 packet={'driver': 'energy', 'method': 'mp2', 'basis': 'AUG-CC-PVTZ', 'keywords': {'SCF_TYPE': 'DF', 'function_kwargs': {}}}
2024-01-24:05:59:28,66 INFO     [psi4.driver.driver_nbody:954] 
  //>>>>>>>>>>>>>>>>>>>>>>>>>>>>>>>>>>>>>>>>//
  // ManyBody Setup: N-Body Levels [1, 2, 3]//
  //<<<<<<<<<<<<<<<<<<<<<<<<<<<<<<<<<<<<<<<<//


2024-01-24:05:59:28,66 INFO     [psi4.driver.driver_nbody:515]         Number of 1-body computations:     3
        Number of 2-body computations:     3
        Number of 3-body computations:     1
2024-01-24:05:59:28,67 INFO     [psi4.driver.driver_nbody:1016] 
  //>>>>>>>>>>>>>>>>>>>>>>>>>>>>>>>>>>>//
  //       ManyBody Computations       //
  //<<<<<<<<<<<<<<<<<<<<<<<<<<<<<<<<<<<//


2024-01-24:05:59:28,81 INFO     [psi4.driver.task_base:172] <<< JSON launch ... c1 0.0
2024-01-24:05:59:29,497 INFO     [psi4.driver.task_planner:286] PLANNING Atomic:  keywords={'SCF_TYPE': 'DF', 'function_kwargs': {}}
2024-01-24:05:59:29,499 INFO     [psi4.driver.driver:523] Compute energy(): method=mp2, basis=aug-cc-pvtz, molecule=dimer, nre=0.0
2024-01-24:05:59:43,660 INFO     [psi4.driver.driver:526] Return energy(): -599.1138038041339
2024-01-24:05:59:43,674 INFO     [psi4.driver.task_base:172] <<< JSON launch ... c1 0.0
2024-01-24:05:59:43,695 INFO     [psi4.driver.task_planner:286] PLANNING Atomic:  keywords={'SCF_TYPE': 'DF', 'function_kwargs': {}}
2024-01-24:05:59:43,697 INFO     [psi4.driver.driver:523] Compute energy(): method=mp2, basis=aug-cc-pvtz, molecule=dimer, nre=0.0
2024-01-24:05:59:55,695 INFO     [psi4.driver.driver:526] Return energy(): -459.8155270231829
2024-01-24:05:59:55,709 INFO     [psi4.driver.task_base:172] <<< JSON launch ... c1 33.75298937056129
2024-01-24:05:59:55,730 INFO     [psi4.driver.task_planner:286] PLANNING Atomic:  keywords={'SCF_TYPE': 'DF', 'function_kwargs': {}}
2024-01-24:05:59:55,732 INFO     [psi4.driver.driver:523] Compute energy(): method=mp2, basis=aug-cc-pvtz, molecule=dimer, nre=33.75298937056129
2024-01-24:06:00:07,733 INFO     [psi4.driver.driver:526] Return energy(): -919.5206026900796
2024-01-24:06:00:07,745 INFO     [psi4.driver.task_base:172] <<< JSON launch ... c1 46.35907457908729
2024-01-24:06:00:07,765 INFO     [psi4.driver.task_planner:286] PLANNING Atomic:  keywords={'SCF_TYPE': 'DF', 'function_kwargs': {}}
2024-01-24:06:00:07,768 INFO     [psi4.driver.driver:523] Compute energy(): method=mp2, basis=aug-cc-pvtz, molecule=dimer, nre=46.35907457908729
2024-01-24:06:00:22,311 INFO     [psi4.driver.driver:526] Return energy(): -1059.079668472057
2024-01-24:06:00:22,323 INFO     [psi4.driver.task_base:172] <<< JSON launch ... c1 64.90269736940611
2024-01-24:06:00:22,343 INFO     [psi4.driver.task_planner:286] PLANNING Atomic:  keywords={'SCF_TYPE': 'DF', 'function_kwargs': {}}
2024-01-24:06:00:22,345 INFO     [psi4.driver.driver:523] Compute energy(): method=mp2, basis=aug-cc-pvtz, molecule=dimer, nre=64.90269736940611
2024-01-24:06:00:36,694 INFO     [psi4.driver.driver:526] Return energy(): -1059.111859891937
2024-01-24:06:00:36,705 INFO     [psi4.driver.task_base:172] <<< JSON launch ... c1 0.0
2024-01-24:06:00:36,725 INFO     [psi4.driver.task_planner:286] PLANNING Atomic:  keywords={'SCF_TYPE': 'DF', 'function_kwargs': {}}
2024-01-24:06:00:36,728 INFO     [psi4.driver.driver:523] Compute energy(): method=mp2, basis=aug-cc-pvtz, molecule=dimer, nre=0.0
2024-01-24:06:00:48,675 INFO     [psi4.driver.driver:526] Return energy(): -459.81509743756897
2024-01-24:06:00:48,687 INFO     [psi4.driver.task_base:172] <<< JSON launch ... c1 145.01476131905468
2024-01-24:06:00:48,708 INFO     [psi4.driver.task_planner:286] PLANNING Atomic:  keywords={'SCF_TYPE': 'DF', 'function_kwargs': {}}
2024-01-24:06:00:48,710 INFO     [psi4.driver.driver:523] Compute energy(): method=mp2, basis=aug-cc-pvtz, molecule=dimer, nre=145.01476131905468
2024-01-24:06:01:03,146 INFO     [psi4.driver.driver:526] Return energy(): -1518.9541207017664
2024-01-24:06:01:03,158 INFO     [psi4.driver.driver_nbody:1366] 
  //>>>>>>>>>>>>>>>>>>>>>>>>>>>>>>>>>>>//
  //          ManyBody Results         //
  //<<<<<<<<<<<<<<<<<<<<<<<<<<<<<<<<<<<//


2024-01-24:06:01:03,159 INFO     [psi4.driver.driver_nbody:396] 
   ==> N-Body: Counterpoise Corrected (CP) energies <==

        n-Body     Total Energy            Interaction Energy                          N-body Contribution to Interaction Energy
                   [Eh]                    [Eh]                  [kcal/mol]            [Eh]                  [kcal/mol]
             1  N/A                         0.000000000000        0.000000000000        0.000000000000        0.000000000000
             2  N/A                        -0.223274524302     -140.106879252562       -0.223274524302     -140.106879252562
  FULL/RTN   3  N/A                        -0.209692436881     -131.583990722129        0.013582087421        8.522888530432


