2024-01-24:05:54:42,118 INFO     [psi4.driver.task_planner:238] PLANNING MB:  mc_level_idx=0 packet={'driver': 'energy', 'method': 'mp2', 'basis': 'AUG-CC-PVTZ', 'keywords': {'SCF_TYPE': 'DF', 'function_kwargs': {}}}
2024-01-24:05:54:42,118 INFO     [psi4.driver.driver_nbody:954] 
  //>>>>>>>>>>>>>>>>>>>>>>>>>>>>>>>>>>>>>>>>//
  // ManyBody Setup: N-Body Levels [1, 2, 3]//
  //<<<<<<<<<<<<<<<<<<<<<<<<<<<<<<<<<<<<<<<<//


2024-01-24:05:54:42,119 INFO     [psi4.driver.driver_nbody:515]         Number of 1-body computations:     3
        Number of 2-body computations:     3
        Number of 3-body computations:     1
2024-01-24:05:54:42,120 INFO     [psi4.driver.driver_nbody:1016] 
  //>>>>>>>>>>>>>>>>>>>>>>>>>>>>>>>>>>>//
  //       ManyBody Computations       //
  //<<<<<<<<<<<<<<<<<<<<<<<<<<<<<<<<<<<//


2024-01-24:05:54:42,134 INFO     [psi4.driver.task_base:172] <<< JSON launch ... c1 0.0
2024-01-24:05:54:43,528 INFO     [psi4.driver.task_planner:286] PLANNING Atomic:  keywords={'SCF_TYPE': 'DF', 'function_kwargs': {}}
2024-01-24:05:54:43,530 INFO     [psi4.driver.driver:523] Compute energy(): method=mp2, basis=aug-cc-pvtz, molecule=dimer, nre=0.0
2024-01-24:05:54:57,698 INFO     [psi4.driver.driver:526] Return energy(): -599.1185059910289
2024-01-24:05:54:57,711 INFO     [psi4.driver.task_base:172] <<< JSON launch ... c1 0.0
2024-01-24:05:54:57,731 INFO     [psi4.driver.task_planner:286] PLANNING Atomic:  keywords={'SCF_TYPE': 'DF', 'function_kwargs': {}}
2024-01-24:05:54:57,733 INFO     [psi4.driver.driver:523] Compute energy(): method=mp2, basis=aug-cc-pvtz, molecule=dimer, nre=0.0
2024-01-24:05:55:09,663 INFO     [psi4.driver.driver:526] Return energy(): -459.81555703129055
2024-01-24:05:55:09,675 INFO     [psi4.driver.task_base:172] <<< JSON launch ... c1 39.06266753189811
2024-01-24:05:55:09,695 INFO     [psi4.driver.task_planner:286] PLANNING Atomic:  keywords={'SCF_TYPE': 'DF', 'function_kwargs': {}}
2024-01-24:05:55:09,698 INFO     [psi4.driver.driver:523] Compute energy(): method=mp2, basis=aug-cc-pvtz, molecule=dimer, nre=39.06266753189811
2024-01-24:05:55:21,643 INFO     [psi4.driver.driver:526] Return energy(): -919.5072077456115
2024-01-24:05:55:21,654 INFO     [psi4.driver.task_base:172] <<< JSON launch ... c1 59.00244400703027
2024-01-24:05:55:21,675 INFO     [psi4.driver.task_planner:286] PLANNING Atomic:  keywords={'SCF_TYPE': 'DF', 'function_kwargs': {}}
2024-01-24:05:55:21,677 INFO     [psi4.driver.driver:523] Compute energy(): method=mp2, basis=aug-cc-pvtz, molecule=dimer, nre=59.00244400703027
2024-01-24:05:55:35,988 INFO     [psi4.driver.driver:526] Return energy(): -1059.1147371051222
2024-01-24:05:55:36,0 INFO     [psi4.driver.task_base:172] <<< JSON launch ... c1 64.90269736940611
2024-01-24:05:55:36,20 INFO     [psi4.driver.task_planner:286] PLANNING Atomic:  keywords={'SCF_TYPE': 'DF', 'function_kwargs': {}}
2024-01-24:05:55:36,23 INFO     [psi4.driver.driver:523] Compute energy(): method=mp2, basis=aug-cc-pvtz, molecule=dimer, nre=64.90269736940611
2024-01-24:05:55:50,299 INFO     [psi4.driver.driver:526] Return energy(): -1059.1165917198393
2024-01-24:05:55:50,311 INFO     [psi4.driver.task_base:172] <<< JSON launch ... c1 0.0
2024-01-24:05:55:50,331 INFO     [psi4.driver.task_planner:286] PLANNING Atomic:  keywords={'SCF_TYPE': 'DF', 'function_kwargs': {}}
2024-01-24:05:55:50,333 INFO     [psi4.driver.driver:523] Compute energy(): method=mp2, basis=aug-cc-pvtz, molecule=dimer, nre=0.0
2024-01-24:05:56:02,189 INFO     [psi4.driver.driver:526] Return energy(): -459.815491235919
2024-01-24:05:56:02,201 INFO     [psi4.driver.task_base:172] <<< JSON launch ... c1 162.9678089083345
2024-01-24:05:56:02,221 INFO     [psi4.driver.task_planner:286] PLANNING Atomic:  keywords={'SCF_TYPE': 'DF', 'function_kwargs': {}}
2024-01-24:05:56:02,224 INFO     [psi4.driver.driver:523] Compute energy(): method=mp2, basis=aug-cc-pvtz, molecule=dimer, nre=162.9678089083345
2024-01-24:05:56:16,558 INFO     [psi4.driver.driver:526] Return energy(): -1518.9701519523178
2024-01-24:05:56:16,570 INFO     [psi4.driver.driver_nbody:1366] 
  //>>>>>>>>>>>>>>>>>>>>>>>>>>>>>>>>>>>//
  //          ManyBody Results         //
  //<<<<<<<<<<<<<<<<<<<<<<<<<<<<<<<<<<<//


2024-01-24:05:56:16,570 INFO     [psi4.driver.driver_nbody:396] 
   ==> N-Body: Counterpoise Corrected (CP) energies <==

        n-Body     Total Energy            Interaction Energy                          N-body Contribution to Interaction Energy
                   [Eh]                    [Eh]                  [kcal/mol]            [Eh]                  [kcal/mol]
             1  N/A                         0.000000000000        0.000000000000        0.000000000000        0.000000000000
             2  N/A                        -0.239428054097     -150.243372233741       -0.239428054097     -150.243372233741
  FULL/RTN   3  N/A                        -0.220597694080     -138.427142928375        0.018830360017       11.816229305366


