2024-01-22:05:16:41,671 INFO     [psi4.driver.task_planner:235] PLANNING MB:  mc_level_idx=0 packet={'driver': 'energy', 'method': 'mp2', 'basis': 'AUG-CC-PVTZ', 'keywords': {'SCF_TYPE': 'DF', 'function_kwargs': {}}}
2024-01-22:05:16:41,671 INFO     [psi4.driver.driver_nbody:954] 
  //>>>>>>>>>>>>>>>>>>>>>>>>>>>>>>>>>>>>>>>>//
  // ManyBody Setup: N-Body Levels [1, 2, 3]//
  //<<<<<<<<<<<<<<<<<<<<<<<<<<<<<<<<<<<<<<<<//


2024-01-22:05:16:41,671 INFO     [psi4.driver.driver_nbody:515]         Number of 1-body computations:     3
        Number of 2-body computations:     3
        Number of 3-body computations:     1
2024-01-22:05:16:41,673 INFO     [psi4.driver.driver_nbody:1016] 
  //>>>>>>>>>>>>>>>>>>>>>>>>>>>>>>>>>>>//
  //       ManyBody Computations       //
  //<<<<<<<<<<<<<<<<<<<<<<<<<<<<<<<<<<<//


2024-01-22:05:16:41,690 INFO     [psi4.driver.task_base:203] <<< JSON launch ... c1 9.180197847927069
2024-01-22:05:16:44,205 INFO     [psi4.driver.task_planner:283] PLANNING Atomic:  keywords={'SCF_TYPE': 'DF', 'function_kwargs': {}}
2024-01-22:05:16:44,208 INFO     [psi4.driver.driver:524] Compute energy(): method=mp2, basis=aug-cc-pvtz, molecule=dimer, nre=9.180197847927069
2024-01-22:05:16:46,221 INFO     [psi4.driver.driver:527] Return energy(): -76.34472435279986
2024-01-22:05:16:46,238 INFO     [psi4.driver.task_base:203] <<< JSON launch ... c1 0.0
2024-01-22:05:16:46,271 INFO     [psi4.driver.task_planner:283] PLANNING Atomic:  keywords={'SCF_TYPE': 'DF', 'function_kwargs': {}}
2024-01-22:05:16:46,274 INFO     [psi4.driver.driver:524] Compute energy(): method=mp2, basis=aug-cc-pvtz, molecule=dimer, nre=0.0
2024-01-22:05:16:47,812 INFO     [psi4.driver.driver:527] Return energy(): -7.248216004640326
2024-01-22:05:16:47,829 INFO     [psi4.driver.task_base:203] <<< JSON launch ... c1 1.2992525991436152
2024-01-22:05:16:47,861 INFO     [psi4.driver.task_planner:283] PLANNING Atomic:  keywords={'SCF_TYPE': 'DF', 'function_kwargs': {}}
2024-01-22:05:16:47,865 INFO     [psi4.driver.driver:524] Compute energy(): method=mp2, basis=aug-cc-pvtz, molecule=dimer, nre=1.2992525991436152
2024-01-22:05:16:49,416 INFO     [psi4.driver.driver:527] Return energy(): -14.352136725840225
2024-01-22:05:16:49,432 INFO     [psi4.driver.task_base:203] <<< JSON launch ... c1 15.09447472882037
2024-01-22:05:16:49,465 INFO     [psi4.driver.task_planner:283] PLANNING Atomic:  keywords={'SCF_TYPE': 'DF', 'function_kwargs': {}}
2024-01-22:05:16:49,469 INFO     [psi4.driver.driver:524] Compute energy(): method=mp2, basis=aug-cc-pvtz, molecule=dimer, nre=15.09447472882037
2024-01-22:05:16:51,179 INFO     [psi4.driver.driver:527] Return energy(): -83.62610347645754
2024-01-22:05:16:51,196 INFO     [psi4.driver.task_base:203] <<< JSON launch ... c1 15.09447472882037
2024-01-22:05:16:51,229 INFO     [psi4.driver.task_planner:283] PLANNING Atomic:  keywords={'SCF_TYPE': 'DF', 'function_kwargs': {}}
2024-01-22:05:16:51,232 INFO     [psi4.driver.driver:524] Compute energy(): method=mp2, basis=aug-cc-pvtz, molecule=dimer, nre=15.09447472882037
2024-01-22:05:16:52,980 INFO     [psi4.driver.driver:527] Return energy(): -83.62610347645807
2024-01-22:05:16:52,996 INFO     [psi4.driver.task_base:203] <<< JSON launch ... c1 0.0
2024-01-22:05:16:53,29 INFO     [psi4.driver.task_planner:283] PLANNING Atomic:  keywords={'SCF_TYPE': 'DF', 'function_kwargs': {}}
2024-01-22:05:16:53,33 INFO     [psi4.driver.driver:524] Compute energy(): method=mp2, basis=aug-cc-pvtz, molecule=dimer, nre=0.0
2024-01-22:05:16:54,596 INFO     [psi4.driver.driver:527] Return energy(): -7.248216004640195
2024-01-22:05:16:54,612 INFO     [psi4.driver.task_base:203] <<< JSON launch ... c1 22.308004208857284
2024-01-22:05:16:54,645 INFO     [psi4.driver.task_planner:283] PLANNING Atomic:  keywords={'SCF_TYPE': 'DF', 'function_kwargs': {}}
2024-01-22:05:16:54,649 INFO     [psi4.driver.driver:524] Compute energy(): method=mp2, basis=aug-cc-pvtz, molecule=dimer, nre=22.308004208857284
2024-01-22:05:16:56,425 INFO     [psi4.driver.driver:527] Return energy(): -90.76292208491121
2024-01-22:05:16:56,443 INFO     [psi4.driver.driver_nbody:1366] 
  //>>>>>>>>>>>>>>>>>>>>>>>>>>>>>>>>>>>//
  //          ManyBody Results         //
  //<<<<<<<<<<<<<<<<<<<<<<<<<<<<<<<<<<<//


2024-01-22:05:16:56,443 INFO     [psi4.driver.driver_nbody:396] 
   ==> N-Body: Counterpoise Corrected (CP) energies <==

        n-Body     Total Energy            Interaction Energy                          N-body Contribution to Interaction Energy
                   [Eh]                    [Eh]                  [kcal/mol]            [Eh]                  [kcal/mol]
             1  N/A                         0.000000000000        0.000000000000        0.000000000000        0.000000000000
             2  N/A                         0.077969045405       48.926314652983        0.077969045405       48.926314652983
  FULL/RTN   3  N/A                         0.078234277169       49.092750097794        0.000265231764        0.166435444811


