2024-01-22:05:17:44,359 INFO     [psi4.driver.task_planner:235] PLANNING MB:  mc_level_idx=0 packet={'driver': 'energy', 'method': 'mp2', 'basis': 'AUG-CC-PVTZ', 'keywords': {'SCF_TYPE': 'DF', 'function_kwargs': {}}}
2024-01-22:05:17:44,359 INFO     [psi4.driver.driver_nbody:954] 
  //>>>>>>>>>>>>>>>>>>>>>>>>>>>>>>>>>>>>>>>>//
  // ManyBody Setup: N-Body Levels [1, 2, 3]//
  //<<<<<<<<<<<<<<<<<<<<<<<<<<<<<<<<<<<<<<<<//


2024-01-22:05:17:44,359 INFO     [psi4.driver.driver_nbody:515]         Number of 1-body computations:     3
        Number of 2-body computations:     3
        Number of 3-body computations:     1
2024-01-22:05:17:44,363 INFO     [psi4.driver.driver_nbody:1016] 
  //>>>>>>>>>>>>>>>>>>>>>>>>>>>>>>>>>>>//
  //       ManyBody Computations       //
  //<<<<<<<<<<<<<<<<<<<<<<<<<<<<<<<<<<<//


2024-01-22:05:17:44,384 INFO     [psi4.driver.task_base:203] <<< JSON launch ... c1 9.180197847927069
2024-01-22:05:17:46,866 INFO     [psi4.driver.task_planner:283] PLANNING Atomic:  keywords={'SCF_TYPE': 'DF', 'function_kwargs': {}}
2024-01-22:05:17:46,868 INFO     [psi4.driver.driver:524] Compute energy(): method=mp2, basis=aug-cc-pvtz, molecule=dimer, nre=9.180197847927069
2024-01-22:05:17:48,845 INFO     [psi4.driver.driver:527] Return energy(): -76.34420285916717
2024-01-22:05:17:48,862 INFO     [psi4.driver.task_base:203] <<< JSON launch ... c1 0.0
2024-01-22:05:17:48,896 INFO     [psi4.driver.task_planner:283] PLANNING Atomic:  keywords={'SCF_TYPE': 'DF', 'function_kwargs': {}}
2024-01-22:05:17:48,899 INFO     [psi4.driver.driver:524] Compute energy(): method=mp2, basis=aug-cc-pvtz, molecule=dimer, nre=0.0
2024-01-22:05:17:50,434 INFO     [psi4.driver.driver:527] Return energy(): -7.247456821670134
2024-01-22:05:17:50,450 INFO     [psi4.driver.task_base:203] <<< JSON launch ... c1 0.7795517296177269
2024-01-22:05:17:50,483 INFO     [psi4.driver.task_planner:283] PLANNING Atomic:  keywords={'SCF_TYPE': 'DF', 'function_kwargs': {}}
2024-01-22:05:17:50,487 INFO     [psi4.driver.driver:524] Compute energy(): method=mp2, basis=aug-cc-pvtz, molecule=dimer, nre=0.7795517296177269
2024-01-22:05:17:52,13 INFO     [psi4.driver.driver:527] Return energy(): -14.408304490680214
2024-01-22:05:17:52,30 INFO     [psi4.driver.task_base:203] <<< JSON launch ... c1 12.779580690227256
2024-01-22:05:17:52,62 INFO     [psi4.driver.task_planner:283] PLANNING Atomic:  keywords={'SCF_TYPE': 'DF', 'function_kwargs': {}}
2024-01-22:05:17:52,66 INFO     [psi4.driver.driver:524] Compute energy(): method=mp2, basis=aug-cc-pvtz, molecule=dimer, nre=12.779580690227256
2024-01-22:05:17:53,768 INFO     [psi4.driver.driver:527] Return energy(): -83.60175707980451
2024-01-22:05:17:53,784 INFO     [psi4.driver.task_base:203] <<< JSON launch ... c1 12.779580690227256
2024-01-22:05:17:53,817 INFO     [psi4.driver.task_planner:283] PLANNING Atomic:  keywords={'SCF_TYPE': 'DF', 'function_kwargs': {}}
2024-01-22:05:17:53,821 INFO     [psi4.driver.driver:524] Compute energy(): method=mp2, basis=aug-cc-pvtz, molecule=dimer, nre=12.779580690227256
2024-01-22:05:17:55,581 INFO     [psi4.driver.driver:527] Return energy(): -83.60175707980478
2024-01-22:05:17:55,598 INFO     [psi4.driver.task_base:203] <<< JSON launch ... c1 0.0
2024-01-22:05:17:55,631 INFO     [psi4.driver.task_planner:283] PLANNING Atomic:  keywords={'SCF_TYPE': 'DF', 'function_kwargs': {}}
2024-01-22:05:17:55,634 INFO     [psi4.driver.driver:524] Compute energy(): method=mp2, basis=aug-cc-pvtz, molecule=dimer, nre=0.0
2024-01-22:05:17:57,186 INFO     [psi4.driver.driver:527] Return energy(): -7.247456821670194
2024-01-22:05:17:57,202 INFO     [psi4.driver.task_base:203] <<< JSON launch ... c1 17.15851526214517
2024-01-22:05:17:57,235 INFO     [psi4.driver.task_planner:283] PLANNING Atomic:  keywords={'SCF_TYPE': 'DF', 'function_kwargs': {}}
2024-01-22:05:17:57,239 INFO     [psi4.driver.driver:524] Compute energy(): method=mp2, basis=aug-cc-pvtz, molecule=dimer, nre=17.15851526214517
2024-01-22:05:17:58,994 INFO     [psi4.driver.driver:527] Return energy(): -90.77272131462644
2024-01-22:05:17:59,12 INFO     [psi4.driver.driver_nbody:1366] 
  //>>>>>>>>>>>>>>>>>>>>>>>>>>>>>>>>>>>//
  //          ManyBody Results         //
  //<<<<<<<<<<<<<<<<<<<<<<<<<<<<<<<<<<<//


2024-01-22:05:17:59,12 INFO     [psi4.driver.driver_nbody:396] 
   ==> N-Body: Counterpoise Corrected (CP) energies <==

        n-Body     Total Energy            Interaction Energy                          N-body Contribution to Interaction Energy
                   [Eh]                    [Eh]                  [kcal/mol]            [Eh]                  [kcal/mol]
             1  N/A                         0.000000000000        0.000000000000        0.000000000000        0.000000000000
             2  N/A                         0.066414354725       41.675636785061        0.066414354725       41.675636785061
  FULL/RTN   3  N/A                         0.066395187881       41.663609408602       -0.000019166844       -0.012027376459


