2024-01-04:17:20:54,201 INFO     [psi4.driver.task_planner:238] PLANNING MB:  mc_level_idx=0 packet={'driver': 'energy', 'method': 'mp2', 'basis': 'AUG-CC-PVTZ', 'keywords': {'SCF_TYPE': 'DF', 'function_kwargs': {}}}
2024-01-04:17:20:54,201 INFO     [psi4.driver.driver_nbody:954] 
  //>>>>>>>>>>>>>>>>>>>>>>>>>>>>>>>>>>>>>//
  // ManyBody Setup: N-Body Levels [1, 2]//
  //<<<<<<<<<<<<<<<<<<<<<<<<<<<<<<<<<<<<<//


2024-01-04:17:20:54,201 INFO     [psi4.driver.driver_nbody:515]         Number of 1-body computations:     2
        Number of 2-body computations:     1
2024-01-04:17:20:54,202 INFO     [psi4.driver.driver_nbody:1016] 
  //>>>>>>>>>>>>>>>>>>>>>>>>>>>>>>>>>>>//
  //       ManyBody Computations       //
  //<<<<<<<<<<<<<<<<<<<<<<<<<<<<<<<<<<<//


2024-01-04:17:20:54,216 INFO     [psi4.driver.task_base:172] <<< JSON launch ... c1 13.363741389925941
2024-01-04:17:20:55,642 INFO     [psi4.driver.task_planner:286] PLANNING Atomic:  keywords={'SCF_TYPE': 'DF', 'function_kwargs': {}}
2024-01-04:17:20:55,644 INFO     [psi4.driver.driver:523] Compute energy(): method=mp2, basis=aug-cc-pvtz, molecule=dimer, nre=13.363741389925941
2024-01-04:17:20:59,391 INFO     [psi4.driver.driver:526] Return energy(): -323.26298230174785
2024-01-04:17:20:59,402 INFO     [psi4.driver.task_base:172] <<< JSON launch ... c1 9.180197847927069
2024-01-04:17:20:59,423 INFO     [psi4.driver.task_planner:286] PLANNING Atomic:  keywords={'SCF_TYPE': 'DF', 'function_kwargs': {}}
2024-01-04:17:20:59,425 INFO     [psi4.driver.driver:523] Compute energy(): method=mp2, basis=aug-cc-pvtz, molecule=dimer, nre=9.180197847927069
2024-01-04:17:21:02,921 INFO     [psi4.driver.driver:526] Return energy(): -76.34435749183442
2024-01-04:17:21:02,932 INFO     [psi4.driver.task_base:172] <<< JSON launch ... c1 56.00234724057748
2024-01-04:17:21:02,953 INFO     [psi4.driver.task_planner:286] PLANNING Atomic:  keywords={'SCF_TYPE': 'DF', 'function_kwargs': {}}
2024-01-04:17:21:02,955 INFO     [psi4.driver.driver:523] Compute energy(): method=mp2, basis=aug-cc-pvtz, molecule=dimer, nre=56.00234724057748
2024-01-04:17:21:06,815 INFO     [psi4.driver.driver:526] Return energy(): -399.64285860397007
2024-01-04:17:21:06,826 INFO     [psi4.driver.driver_nbody:1366] 
  //>>>>>>>>>>>>>>>>>>>>>>>>>>>>>>>>>>>//
  //          ManyBody Results         //
  //<<<<<<<<<<<<<<<<<<<<<<<<<<<<<<<<<<<//


2024-01-04:17:21:06,826 INFO     [psi4.driver.driver_nbody:396] 
   ==> N-Body: Counterpoise Corrected (CP) energies <==

        n-Body     Total Energy            Interaction Energy                          N-body Contribution to Interaction Energy
                   [Eh]                    [Eh]                  [kcal/mol]            [Eh]                  [kcal/mol]
             1  N/A                         0.000000000000        0.000000000000        0.000000000000        0.000000000000
  FULL/RTN   2  N/A                        -0.035518810388      -22.288390015670       -0.035518810388      -22.288390015670


