2024-01-22:05:22:51,69 INFO     [psi4.driver.task_planner:235] PLANNING MB:  mc_level_idx=0 packet={'driver': 'energy', 'method': 'mp2', 'basis': 'AUG-CC-PVTZ', 'keywords': {'SCF_TYPE': 'DF', 'function_kwargs': {}}}
2024-01-22:05:22:51,69 INFO     [psi4.driver.driver_nbody:954] 
  //>>>>>>>>>>>>>>>>>>>>>>>>>>>>>>>>>>>>>>>>//
  // ManyBody Setup: N-Body Levels [1, 2, 3]//
  //<<<<<<<<<<<<<<<<<<<<<<<<<<<<<<<<<<<<<<<<//


2024-01-22:05:22:51,69 INFO     [psi4.driver.driver_nbody:515]         Number of 1-body computations:     3
        Number of 2-body computations:     3
        Number of 3-body computations:     1
2024-01-22:05:22:51,71 INFO     [psi4.driver.driver_nbody:1016] 
  //>>>>>>>>>>>>>>>>>>>>>>>>>>>>>>>>>>>//
  //       ManyBody Computations       //
  //<<<<<<<<<<<<<<<<<<<<<<<<<<<<<<<<<<<//


2024-01-22:05:22:51,87 INFO     [psi4.driver.task_base:203] <<< JSON launch ... c1 9.180197847927069
2024-01-22:05:22:53,532 INFO     [psi4.driver.task_planner:283] PLANNING Atomic:  keywords={'SCF_TYPE': 'DF', 'function_kwargs': {}}
2024-01-22:05:22:53,534 INFO     [psi4.driver.driver:524] Compute energy(): method=mp2, basis=aug-cc-pvtz, molecule=dimer, nre=9.180197847927069
2024-01-22:05:23:01,357 INFO     [psi4.driver.driver:527] Return energy(): -76.34429396301228
2024-01-22:05:23:01,374 INFO     [psi4.driver.task_base:203] <<< JSON launch ... c1 0.0
2024-01-22:05:23:01,408 INFO     [psi4.driver.task_planner:283] PLANNING Atomic:  keywords={'SCF_TYPE': 'DF', 'function_kwargs': {}}
2024-01-22:05:23:01,411 INFO     [psi4.driver.driver:524] Compute energy(): method=mp2, basis=aug-cc-pvtz, molecule=dimer, nre=0.0
2024-01-22:05:23:09,186 INFO     [psi4.driver.driver:527] Return energy(): -161.68638632480227
2024-01-22:05:23:09,202 INFO     [psi4.driver.task_base:203] <<< JSON launch ... c1 12.4728246030794
2024-01-22:05:23:09,236 INFO     [psi4.driver.task_planner:283] PLANNING Atomic:  keywords={'SCF_TYPE': 'DF', 'function_kwargs': {}}
2024-01-22:05:23:09,240 INFO     [psi4.driver.driver:524] Compute energy(): method=mp2, basis=aug-cc-pvtz, molecule=dimer, nre=12.4728246030794
2024-01-22:05:23:17,2 INFO     [psi4.driver.driver:527] Return energy(): -323.26974596441755
2024-01-22:05:23:17,19 INFO     [psi4.driver.task_base:203] <<< JSON launch ... c1 24.822600063212764
2024-01-22:05:23:17,52 INFO     [psi4.driver.task_planner:283] PLANNING Atomic:  keywords={'SCF_TYPE': 'DF', 'function_kwargs': {}}
2024-01-22:05:23:17,55 INFO     [psi4.driver.driver:524] Compute energy(): method=mp2, basis=aug-cc-pvtz, molecule=dimer, nre=24.822600063212764
2024-01-22:05:23:25,8 INFO     [psi4.driver.driver:527] Return energy(): -238.04585396226315
2024-01-22:05:23:25,24 INFO     [psi4.driver.task_base:203] <<< JSON launch ... c1 24.822600063212764
2024-01-22:05:23:25,57 INFO     [psi4.driver.task_planner:283] PLANNING Atomic:  keywords={'SCF_TYPE': 'DF', 'function_kwargs': {}}
2024-01-22:05:23:25,61 INFO     [psi4.driver.driver:524] Compute energy(): method=mp2, basis=aug-cc-pvtz, molecule=dimer, nre=24.822600063212764
2024-01-22:05:23:32,987 INFO     [psi4.driver.driver:527] Return energy(): -238.0458539622382
2024-01-22:05:23:33,6 INFO     [psi4.driver.task_base:203] <<< JSON launch ... c1 0.0
2024-01-22:05:23:33,39 INFO     [psi4.driver.task_planner:283] PLANNING Atomic:  keywords={'SCF_TYPE': 'DF', 'function_kwargs': {}}
2024-01-22:05:23:33,42 INFO     [psi4.driver.driver:524] Compute energy(): method=mp2, basis=aug-cc-pvtz, molecule=dimer, nre=0.0
2024-01-22:05:23:40,767 INFO     [psi4.driver.driver:527] Return energy(): -161.6863863248235
2024-01-22:05:23:40,784 INFO     [psi4.driver.task_base:203] <<< JSON launch ... c1 52.93782688157787
2024-01-22:05:23:40,817 INFO     [psi4.driver.task_planner:283] PLANNING Atomic:  keywords={'SCF_TYPE': 'DF', 'function_kwargs': {}}
2024-01-22:05:23:40,820 INFO     [psi4.driver.driver:524] Compute energy(): method=mp2, basis=aug-cc-pvtz, molecule=dimer, nre=52.93782688157787
2024-01-22:05:23:48,775 INFO     [psi4.driver.driver:527] Return energy(): -399.6443444756639
2024-01-22:05:23:48,793 INFO     [psi4.driver.driver_nbody:1366] 
  //>>>>>>>>>>>>>>>>>>>>>>>>>>>>>>>>>>>//
  //          ManyBody Results         //
  //<<<<<<<<<<<<<<<<<<<<<<<<<<<<<<<<<<<//


2024-01-22:05:23:48,793 INFO     [psi4.driver.driver_nbody:396] 
   ==> N-Body: Counterpoise Corrected (CP) energies <==

        n-Body     Total Energy            Interaction Energy                          N-body Contribution to Interaction Energy
                   [Eh]                    [Eh]                  [kcal/mol]            [Eh]                  [kcal/mol]
             1  N/A                         0.000000000000        0.000000000000        0.000000000000        0.000000000000
             2  N/A                         0.072679336357       45.606972111988        0.072679336357       45.606972111988
  FULL/RTN   3  N/A                         0.072722136974       45.633829904636        0.000042800617        0.026857792648


