2024-01-24:07:13:39,435 INFO     [psi4.driver.task_planner:238] PLANNING MB:  mc_level_idx=0 packet={'driver': 'energy', 'method': 'mp2', 'basis': 'AUG-CC-PVTZ', 'keywords': {'SCF_TYPE': 'DF', 'function_kwargs': {}}}
2024-01-24:07:13:39,435 INFO     [psi4.driver.driver_nbody:954] 
  //>>>>>>>>>>>>>>>>>>>>>>>>>>>>>>>>>>>>>>>>//
  // ManyBody Setup: N-Body Levels [1, 2, 3]//
  //<<<<<<<<<<<<<<<<<<<<<<<<<<<<<<<<<<<<<<<<//


2024-01-24:07:13:39,435 INFO     [psi4.driver.driver_nbody:515]         Number of 1-body computations:     3
        Number of 2-body computations:     3
        Number of 3-body computations:     1
2024-01-24:07:13:39,437 INFO     [psi4.driver.driver_nbody:1016] 
  //>>>>>>>>>>>>>>>>>>>>>>>>>>>>>>>>>>>//
  //       ManyBody Computations       //
  //<<<<<<<<<<<<<<<<<<<<<<<<<<<<<<<<<<<//


2024-01-24:07:13:39,453 INFO     [psi4.driver.task_base:172] <<< JSON launch ... c1 9.180197847927069
2024-01-24:07:13:40,844 INFO     [psi4.driver.task_planner:286] PLANNING Atomic:  keywords={'SCF_TYPE': 'DF', 'function_kwargs': {}}
2024-01-24:07:13:40,847 INFO     [psi4.driver.driver:523] Compute energy(): method=mp2, basis=aug-cc-pvtz, molecule=dimer, nre=9.180197847927069
2024-01-24:07:14:06,14 INFO     [psi4.driver.driver:526] Return energy(): -76.34425491164063
2024-01-24:07:14:06,28 INFO     [psi4.driver.task_base:172] <<< JSON launch ... c1 0.0
2024-01-24:07:14:06,48 INFO     [psi4.driver.task_planner:286] PLANNING Atomic:  keywords={'SCF_TYPE': 'DF', 'function_kwargs': {}}
2024-01-24:07:14:06,50 INFO     [psi4.driver.driver:523] Compute energy(): method=mp2, basis=aug-cc-pvtz, molecule=dimer, nre=0.0
2024-01-24:07:14:33,334 INFO     [psi4.driver.driver:526] Return energy(): -599.1063753322896
2024-01-24:07:14:33,346 INFO     [psi4.driver.task_base:172] <<< JSON launch ... c1 34.707268927979406
2024-01-24:07:14:33,366 INFO     [psi4.driver.task_planner:286] PLANNING Atomic:  keywords={'SCF_TYPE': 'DF', 'function_kwargs': {}}
2024-01-24:07:14:33,369 INFO     [psi4.driver.driver:523] Compute energy(): method=mp2, basis=aug-cc-pvtz, molecule=dimer, nre=34.707268927979406
2024-01-24:07:15:00,652 INFO     [psi4.driver.driver:526] Return energy(): -1198.117064095239
2024-01-24:07:15:00,664 INFO     [psi4.driver.task_base:172] <<< JSON launch ... c1 34.42344255813248
2024-01-24:07:15:00,684 INFO     [psi4.driver.task_planner:286] PLANNING Atomic:  keywords={'SCF_TYPE': 'DF', 'function_kwargs': {}}
2024-01-24:07:15:00,686 INFO     [psi4.driver.driver:523] Compute energy(): method=mp2, basis=aug-cc-pvtz, molecule=dimer, nre=34.42344255813248
2024-01-24:07:15:27,996 INFO     [psi4.driver.driver:526] Return energy(): -675.4636734033776
2024-01-24:07:15:28,8 INFO     [psi4.driver.task_base:172] <<< JSON launch ... c1 34.42344255813248
2024-01-24:07:15:28,28 INFO     [psi4.driver.task_planner:286] PLANNING Atomic:  keywords={'SCF_TYPE': 'DF', 'function_kwargs': {}}
2024-01-24:07:15:28,31 INFO     [psi4.driver.driver:523] Compute energy(): method=mp2, basis=aug-cc-pvtz, molecule=dimer, nre=34.42344255813248
2024-01-24:07:15:55,360 INFO     [psi4.driver.driver:526] Return energy(): -675.4636734033802
2024-01-24:07:15:55,372 INFO     [psi4.driver.task_base:172] <<< JSON launch ... c1 0.0
2024-01-24:07:15:55,392 INFO     [psi4.driver.task_planner:286] PLANNING Atomic:  keywords={'SCF_TYPE': 'DF', 'function_kwargs': {}}
2024-01-24:07:15:55,395 INFO     [psi4.driver.driver:523] Compute energy(): method=mp2, basis=aug-cc-pvtz, molecule=dimer, nre=0.0
2024-01-24:07:16:22,484 INFO     [psi4.driver.driver:526] Return energy(): -599.1063753322615
2024-01-24:07:16:22,496 INFO     [psi4.driver.task_base:172] <<< JSON launch ... c1 94.3739561963173
2024-01-24:07:16:22,516 INFO     [psi4.driver.task_planner:286] PLANNING Atomic:  keywords={'SCF_TYPE': 'DF', 'function_kwargs': {}}
2024-01-24:07:16:22,519 INFO     [psi4.driver.driver:523] Compute energy(): method=mp2, basis=aug-cc-pvtz, molecule=dimer, nre=94.3739561963173
2024-01-24:07:16:49,883 INFO     [psi4.driver.driver:526] Return energy(): -1274.4871085227694
2024-01-24:07:16:49,896 INFO     [psi4.driver.driver_nbody:1366] 
  //>>>>>>>>>>>>>>>>>>>>>>>>>>>>>>>>>>>//
  //          ManyBody Results         //
  //<<<<<<<<<<<<<<<<<<<<<<<<<<<<<<<<<<<//


2024-01-24:07:16:49,896 INFO     [psi4.driver.driver_nbody:396] 
   ==> N-Body: Counterpoise Corrected (CP) energies <==

        n-Body     Total Energy            Interaction Energy                          N-body Contribution to Interaction Energy
                   [Eh]                    [Eh]                  [kcal/mol]            [Eh]                  [kcal/mol]
             1  N/A                         0.000000000000        0.000000000000        0.000000000000        0.000000000000
             2  N/A                         0.069600250387       43.674816495058        0.069600250387       43.674816495058
  FULL/RTN   3  N/A                         0.069897053422       43.861063211714        0.000296803036        0.186246716656


