2024-01-24:07:20:06,349 INFO     [psi4.driver.task_planner:238] PLANNING MB:  mc_level_idx=0 packet={'driver': 'energy', 'method': 'mp2', 'basis': 'AUG-CC-PVTZ', 'keywords': {'SCF_TYPE': 'DF', 'function_kwargs': {}}}
2024-01-24:07:20:06,349 INFO     [psi4.driver.driver_nbody:954] 
  //>>>>>>>>>>>>>>>>>>>>>>>>>>>>>>>>>>>>>>>>//
  // ManyBody Setup: N-Body Levels [1, 2, 3]//
  //<<<<<<<<<<<<<<<<<<<<<<<<<<<<<<<<<<<<<<<<//


2024-01-24:07:20:06,349 INFO     [psi4.driver.driver_nbody:515]         Number of 1-body computations:     3
        Number of 2-body computations:     3
        Number of 3-body computations:     1
2024-01-24:07:20:06,351 INFO     [psi4.driver.driver_nbody:1016] 
  //>>>>>>>>>>>>>>>>>>>>>>>>>>>>>>>>>>>//
  //       ManyBody Computations       //
  //<<<<<<<<<<<<<<<<<<<<<<<<<<<<<<<<<<<//


2024-01-24:07:20:06,364 INFO     [psi4.driver.task_base:172] <<< JSON launch ... c1 9.180197847927069
2024-01-24:07:20:07,782 INFO     [psi4.driver.task_planner:286] PLANNING Atomic:  keywords={'SCF_TYPE': 'DF', 'function_kwargs': {}}
2024-01-24:07:20:07,784 INFO     [psi4.driver.driver:523] Compute energy(): method=mp2, basis=aug-cc-pvtz, molecule=dimer, nre=9.180197847927069
2024-01-24:07:20:32,906 INFO     [psi4.driver.driver:526] Return energy(): -76.34415014754059
2024-01-24:07:20:32,918 INFO     [psi4.driver.task_base:172] <<< JSON launch ... c1 0.0
2024-01-24:07:20:32,938 INFO     [psi4.driver.task_planner:286] PLANNING Atomic:  keywords={'SCF_TYPE': 'DF', 'function_kwargs': {}}
2024-01-24:07:20:32,941 INFO     [psi4.driver.driver:523] Compute energy(): method=mp2, basis=aug-cc-pvtz, molecule=dimer, nre=0.0
2024-01-24:07:21:00,110 INFO     [psi4.driver.driver:526] Return energy(): -599.1020165550577
2024-01-24:07:21:00,122 INFO     [psi4.driver.task_base:172] <<< JSON launch ... c1 24.295090015178634
2024-01-24:07:21:00,142 INFO     [psi4.driver.task_planner:286] PLANNING Atomic:  keywords={'SCF_TYPE': 'DF', 'function_kwargs': {}}
2024-01-24:07:21:00,144 INFO     [psi4.driver.driver:523] Compute energy(): method=mp2, basis=aug-cc-pvtz, molecule=dimer, nre=24.295090015178634
2024-01-24:07:21:27,438 INFO     [psi4.driver.driver:526] Return energy(): -1198.1368301130683
2024-01-24:07:21:27,450 INFO     [psi4.driver.task_base:172] <<< JSON launch ... c1 26.97713121923571
2024-01-24:07:21:27,470 INFO     [psi4.driver.task_planner:286] PLANNING Atomic:  keywords={'SCF_TYPE': 'DF', 'function_kwargs': {}}
2024-01-24:07:21:27,472 INFO     [psi4.driver.driver:523] Compute energy(): method=mp2, basis=aug-cc-pvtz, molecule=dimer, nre=26.97713121923571
2024-01-24:07:21:54,913 INFO     [psi4.driver.driver:526] Return energy(): -675.4518870377866
2024-01-24:07:21:54,925 INFO     [psi4.driver.task_base:172] <<< JSON launch ... c1 26.97713121923571
2024-01-24:07:21:54,946 INFO     [psi4.driver.task_planner:286] PLANNING Atomic:  keywords={'SCF_TYPE': 'DF', 'function_kwargs': {}}
2024-01-24:07:21:54,948 INFO     [psi4.driver.driver:523] Compute energy(): method=mp2, basis=aug-cc-pvtz, molecule=dimer, nre=26.97713121923571
2024-01-24:07:22:22,328 INFO     [psi4.driver.driver:526] Return energy(): -675.4518870377113
2024-01-24:07:22:22,340 INFO     [psi4.driver.task_base:172] <<< JSON launch ... c1 0.0
2024-01-24:07:22:22,360 INFO     [psi4.driver.task_planner:286] PLANNING Atomic:  keywords={'SCF_TYPE': 'DF', 'function_kwargs': {}}
2024-01-24:07:22:22,362 INFO     [psi4.driver.driver:523] Compute energy(): method=mp2, basis=aug-cc-pvtz, molecule=dimer, nre=0.0
2024-01-24:07:22:49,590 INFO     [psi4.driver.driver:526] Return energy(): -599.1020165551093
2024-01-24:07:22:49,602 INFO     [psi4.driver.task_base:172] <<< JSON launch ... c1 69.06915460572297
2024-01-24:07:22:49,622 INFO     [psi4.driver.task_planner:286] PLANNING Atomic:  keywords={'SCF_TYPE': 'DF', 'function_kwargs': {}}
2024-01-24:07:22:49,624 INFO     [psi4.driver.driver:523] Compute energy(): method=mp2, basis=aug-cc-pvtz, molecule=dimer, nre=69.06915460572297
2024-01-24:07:23:17,40 INFO     [psi4.driver.driver:526] Return energy(): -1274.4923972161503
2024-01-24:07:23:17,53 INFO     [psi4.driver.driver_nbody:1366] 
  //>>>>>>>>>>>>>>>>>>>>>>>>>>>>>>>>>>>//
  //          ManyBody Results         //
  //<<<<<<<<<<<<<<<<<<<<<<<<<<<<<<<<<<<//


2024-01-24:07:23:17,54 INFO     [psi4.driver.driver_nbody:396] 
   ==> N-Body: Counterpoise Corrected (CP) energies <==

        n-Body     Total Energy            Interaction Energy                          N-body Contribution to Interaction Energy
                   [Eh]                    [Eh]                  [kcal/mol]            [Eh]                  [kcal/mol]
             1  N/A                         0.000000000000        0.000000000000        0.000000000000        0.000000000000
             2  N/A                         0.055762326849       34.991388377729        0.055762326849       34.991388377729
  FULL/RTN   3  N/A                         0.055786041557       35.006269581841        0.000023714708        0.014881204112


