2024-01-24:07:04:10,759 INFO     [psi4.driver.task_planner:238] PLANNING MB:  mc_level_idx=0 packet={'driver': 'energy', 'method': 'mp2', 'basis': 'AUG-CC-PVTZ', 'keywords': {'SCF_TYPE': 'DF', 'function_kwargs': {}}}
2024-01-24:07:04:10,760 INFO     [psi4.driver.driver_nbody:954] 
  //>>>>>>>>>>>>>>>>>>>>>>>>>>>>>>>>>>>>>>>>//
  // ManyBody Setup: N-Body Levels [1, 2, 3]//
  //<<<<<<<<<<<<<<<<<<<<<<<<<<<<<<<<<<<<<<<<//


2024-01-24:07:04:10,760 INFO     [psi4.driver.driver_nbody:515]         Number of 1-body computations:     3
        Number of 2-body computations:     3
        Number of 3-body computations:     1
2024-01-24:07:04:10,762 INFO     [psi4.driver.driver_nbody:1016] 
  //>>>>>>>>>>>>>>>>>>>>>>>>>>>>>>>>>>>//
  //       ManyBody Computations       //
  //<<<<<<<<<<<<<<<<<<<<<<<<<<<<<<<<<<<//


2024-01-24:07:04:10,777 INFO     [psi4.driver.task_base:172] <<< JSON launch ... c1 9.180197847927069
2024-01-24:07:04:12,194 INFO     [psi4.driver.task_planner:286] PLANNING Atomic:  keywords={'SCF_TYPE': 'DF', 'function_kwargs': {}}
2024-01-24:07:04:12,196 INFO     [psi4.driver.driver:523] Compute energy(): method=mp2, basis=aug-cc-pvtz, molecule=dimer, nre=9.180197847927069
2024-01-24:07:04:36,709 INFO     [psi4.driver.driver:526] Return energy(): -76.34439306315869
2024-01-24:07:04:36,721 INFO     [psi4.driver.task_base:172] <<< JSON launch ... c1 0.0
2024-01-24:07:04:36,742 INFO     [psi4.driver.task_planner:286] PLANNING Atomic:  keywords={'SCF_TYPE': 'DF', 'function_kwargs': {}}
2024-01-24:07:04:36,744 INFO     [psi4.driver.driver:523] Compute energy(): method=mp2, basis=aug-cc-pvtz, molecule=dimer, nre=0.0
2024-01-24:07:05:03,26 INFO     [psi4.driver.driver:526] Return energy(): -599.1129051955502
2024-01-24:07:05:03,38 INFO     [psi4.driver.task_base:172] <<< JSON launch ... c1 44.17288480818404
2024-01-24:07:05:03,58 INFO     [psi4.driver.task_planner:286] PLANNING Atomic:  keywords={'SCF_TYPE': 'DF', 'function_kwargs': {}}
2024-01-24:07:05:03,61 INFO     [psi4.driver.driver:523] Compute energy(): method=mp2, basis=aug-cc-pvtz, molecule=dimer, nre=44.17288480818404
2024-01-24:07:05:29,485 INFO     [psi4.driver.driver:526] Return energy(): -1198.1046816156966
2024-01-24:07:05:29,496 INFO     [psi4.driver.task_base:172] <<< JSON launch ... c1 41.100384948264576
2024-01-24:07:05:29,517 INFO     [psi4.driver.task_planner:286] PLANNING Atomic:  keywords={'SCF_TYPE': 'DF', 'function_kwargs': {}}
2024-01-24:07:05:29,519 INFO     [psi4.driver.driver:523] Compute energy(): method=mp2, basis=aug-cc-pvtz, molecule=dimer, nre=41.100384948264576
2024-01-24:07:05:56,45 INFO     [psi4.driver.driver:526] Return energy(): -675.4787272387684
2024-01-24:07:05:56,57 INFO     [psi4.driver.task_base:172] <<< JSON launch ... c1 41.100384948264576
2024-01-24:07:05:56,78 INFO     [psi4.driver.task_planner:286] PLANNING Atomic:  keywords={'SCF_TYPE': 'DF', 'function_kwargs': {}}
2024-01-24:07:05:56,80 INFO     [psi4.driver.driver:523] Compute energy(): method=mp2, basis=aug-cc-pvtz, molecule=dimer, nre=41.100384948264576
2024-01-24:07:06:22,659 INFO     [psi4.driver.driver:526] Return energy(): -675.4787272386953
2024-01-24:07:06:22,670 INFO     [psi4.driver.task_base:172] <<< JSON launch ... c1 0.0
2024-01-24:07:06:22,691 INFO     [psi4.driver.task_planner:286] PLANNING Atomic:  keywords={'SCF_TYPE': 'DF', 'function_kwargs': {}}
2024-01-24:07:06:22,693 INFO     [psi4.driver.driver:523] Compute energy(): method=mp2, basis=aug-cc-pvtz, molecule=dimer, nre=0.0
2024-01-24:07:06:49,44 INFO     [psi4.driver.driver:526] Return energy(): -599.1129051955853
2024-01-24:07:06:49,55 INFO     [psi4.driver.task_base:172] <<< JSON launch ... c1 117.19345685678614
2024-01-24:07:06:49,76 INFO     [psi4.driver.task_planner:286] PLANNING Atomic:  keywords={'SCF_TYPE': 'DF', 'function_kwargs': {}}
2024-01-24:07:06:49,78 INFO     [psi4.driver.driver:523] Compute energy(): method=mp2, basis=aug-cc-pvtz, molecule=dimer, nre=117.19345685678614
2024-01-24:07:07:15,776 INFO     [psi4.driver.driver:526] Return energy(): -1274.4909379379521
2024-01-24:07:07:15,791 INFO     [psi4.driver.driver_nbody:1366] 
  //>>>>>>>>>>>>>>>>>>>>>>>>>>>>>>>>>>>//
  //          ManyBody Results         //
  //<<<<<<<<<<<<<<<<<<<<<<<<<<<<<<<<<<<//


2024-01-24:07:07:15,791 INFO     [psi4.driver.driver_nbody:396] 
   ==> N-Body: Counterpoise Corrected (CP) energies <==

        n-Body     Total Energy            Interaction Energy                          N-body Contribution to Interaction Energy
                   [Eh]                    [Eh]                  [kcal/mol]            [Eh]                  [kcal/mol]
             1  N/A                         0.000000000000        0.000000000000        0.000000000000        0.000000000000
             2  N/A                         0.078270815428       49.115678201309        0.078270815428       49.115678201309
  FULL/RTN   3  N/A                         0.079265516342       49.739862448503        0.000994700914        0.624184247194


