2024-01-04:17:31:07,393 INFO     [psi4.driver.task_planner:238] PLANNING MB:  mc_level_idx=0 packet={'driver': 'energy', 'method': 'mp2', 'basis': 'AUG-CC-PVTZ', 'keywords': {'SCF_TYPE': 'DF', 'function_kwargs': {}}}
2024-01-04:17:31:07,393 INFO     [psi4.driver.driver_nbody:954] 
  //>>>>>>>>>>>>>>>>>>>>>>>>>>>>>>>>>>>>>//
  // ManyBody Setup: N-Body Levels [1, 2]//
  //<<<<<<<<<<<<<<<<<<<<<<<<<<<<<<<<<<<<<//


2024-01-04:17:31:07,393 INFO     [psi4.driver.driver_nbody:515]         Number of 1-body computations:     2
        Number of 2-body computations:     1
2024-01-04:17:31:07,394 INFO     [psi4.driver.driver_nbody:1016] 
  //>>>>>>>>>>>>>>>>>>>>>>>>>>>>>>>>>>>//
  //       ManyBody Computations       //
  //<<<<<<<<<<<<<<<<<<<<<<<<<<<<<<<<<<<//


2024-01-04:17:31:07,408 INFO     [psi4.driver.task_base:172] <<< JSON launch ... c1 8.540143115754713
2024-01-04:17:31:08,827 INFO     [psi4.driver.task_planner:286] PLANNING Atomic:  keywords={'SCF_TYPE': 'DF', 'function_kwargs': {}}
2024-01-04:17:31:08,830 INFO     [psi4.driver.driver:523] Compute energy(): method=mp2, basis=aug-cc-pvtz, molecule=dimer, nre=8.540143115754713
2024-01-04:17:31:09,795 INFO     [psi4.driver.driver:526] Return energy(): -199.41400384623452
2024-01-04:17:31:09,807 INFO     [psi4.driver.task_base:172] <<< JSON launch ... c1 9.180197847927069
2024-01-04:17:31:09,828 INFO     [psi4.driver.task_planner:286] PLANNING Atomic:  keywords={'SCF_TYPE': 'DF', 'function_kwargs': {}}
2024-01-04:17:31:09,830 INFO     [psi4.driver.driver:523] Compute energy(): method=mp2, basis=aug-cc-pvtz, molecule=dimer, nre=9.180197847927069
2024-01-04:17:31:10,721 INFO     [psi4.driver.driver:526] Return energy(): -76.34459988502326
2024-01-04:17:31:10,733 INFO     [psi4.driver.task_base:172] <<< JSON launch ... c1 45.36827024796895
2024-01-04:17:31:10,758 INFO     [psi4.driver.task_planner:286] PLANNING Atomic:  keywords={'SCF_TYPE': 'DF', 'function_kwargs': {}}
2024-01-04:17:31:10,761 INFO     [psi4.driver.driver:523] Compute energy(): method=mp2, basis=aug-cc-pvtz, molecule=dimer, nre=45.36827024796895
2024-01-04:17:31:11,750 INFO     [psi4.driver.driver:526] Return energy(): -275.7968479786541
2024-01-04:17:31:11,763 INFO     [psi4.driver.driver_nbody:1366] 
  //>>>>>>>>>>>>>>>>>>>>>>>>>>>>>>>>>>>//
  //          ManyBody Results         //
  //<<<<<<<<<<<<<<<<<<<<<<<<<<<<<<<<<<<//


2024-01-04:17:31:11,764 INFO     [psi4.driver.driver_nbody:396] 
   ==> N-Body: Counterpoise Corrected (CP) energies <==

        n-Body     Total Energy            Interaction Energy                          N-body Contribution to Interaction Energy
                   [Eh]                    [Eh]                  [kcal/mol]            [Eh]                  [kcal/mol]
             1  N/A                         0.000000000000        0.000000000000        0.000000000000        0.000000000000
  FULL/RTN   2  N/A                        -0.038244247396      -23.998627558692       -0.038244247396      -23.998627558692


