2024-01-22:05:26:50,334 INFO     [psi4.driver.task_planner:235] PLANNING MB:  mc_level_idx=0 packet={'driver': 'energy', 'method': 'mp2', 'basis': 'AUG-CC-PVTZ', 'keywords': {'SCF_TYPE': 'DF', 'function_kwargs': {}}}
2024-01-22:05:26:50,334 INFO     [psi4.driver.driver_nbody:954] 
  //>>>>>>>>>>>>>>>>>>>>>>>>>>>>>>>>>>>>>>>>//
  // ManyBody Setup: N-Body Levels [1, 2, 3]//
  //<<<<<<<<<<<<<<<<<<<<<<<<<<<<<<<<<<<<<<<<//


2024-01-22:05:26:50,334 INFO     [psi4.driver.driver_nbody:515]         Number of 1-body computations:     3
        Number of 2-body computations:     3
        Number of 3-body computations:     1
2024-01-22:05:26:50,337 INFO     [psi4.driver.driver_nbody:1016] 
  //>>>>>>>>>>>>>>>>>>>>>>>>>>>>>>>>>>>//
  //       ManyBody Computations       //
  //<<<<<<<<<<<<<<<<<<<<<<<<<<<<<<<<<<<//


2024-01-22:05:26:50,354 INFO     [psi4.driver.task_base:203] <<< JSON launch ... c1 9.180197847927069
2024-01-22:05:26:52,828 INFO     [psi4.driver.task_planner:283] PLANNING Atomic:  keywords={'SCF_TYPE': 'DF', 'function_kwargs': {}}
2024-01-22:05:26:52,831 INFO     [psi4.driver.driver:524] Compute energy(): method=mp2, basis=aug-cc-pvtz, molecule=dimer, nre=9.180197847927069
2024-01-22:05:26:56,588 INFO     [psi4.driver.driver:527] Return energy(): -76.34490832684044
2024-01-22:05:26:56,605 INFO     [psi4.driver.task_base:203] <<< JSON launch ... c1 0.0
2024-01-22:05:26:56,639 INFO     [psi4.driver.task_planner:283] PLANNING Atomic:  keywords={'SCF_TYPE': 'DF', 'function_kwargs': {}}
2024-01-22:05:26:56,642 INFO     [psi4.driver.driver:524] Compute energy(): method=mp2, basis=aug-cc-pvtz, molecule=dimer, nre=0.0
2024-01-22:05:27:00,267 INFO     [psi4.driver.driver:527] Return energy(): -459.8155472442549
2024-01-22:05:27:00,283 INFO     [psi4.driver.task_base:203] <<< JSON launch ... c1 30.625717196458737
2024-01-22:05:27:00,316 INFO     [psi4.driver.task_planner:283] PLANNING Atomic:  keywords={'SCF_TYPE': 'DF', 'function_kwargs': {}}
2024-01-22:05:27:00,320 INFO     [psi4.driver.driver:524] Compute energy(): method=mp2, basis=aug-cc-pvtz, molecule=dimer, nre=30.625717196458737
2024-01-22:05:27:03,945 INFO     [psi4.driver.driver:527] Return energy(): -919.5295567213634
2024-01-22:05:27:03,961 INFO     [psi4.driver.task_base:203] <<< JSON launch ... c1 35.430558121497235
2024-01-22:05:27:03,994 INFO     [psi4.driver.task_planner:283] PLANNING Atomic:  keywords={'SCF_TYPE': 'DF', 'function_kwargs': {}}
2024-01-22:05:27:03,998 INFO     [psi4.driver.driver:524] Compute energy(): method=mp2, basis=aug-cc-pvtz, molecule=dimer, nre=35.430558121497235
2024-01-22:05:27:07,678 INFO     [psi4.driver.driver:527] Return energy(): -536.1802719291552
2024-01-22:05:27:07,694 INFO     [psi4.driver.task_base:203] <<< JSON launch ... c1 35.430558121497235
2024-01-22:05:27:07,727 INFO     [psi4.driver.task_planner:283] PLANNING Atomic:  keywords={'SCF_TYPE': 'DF', 'function_kwargs': {}}
2024-01-22:05:27:07,731 INFO     [psi4.driver.driver:524] Compute energy(): method=mp2, basis=aug-cc-pvtz, molecule=dimer, nre=35.430558121497235
2024-01-22:05:27:11,399 INFO     [psi4.driver.driver:527] Return energy(): -536.1802719291475
2024-01-22:05:27:11,415 INFO     [psi4.driver.task_base:203] <<< JSON launch ... c1 0.0
2024-01-22:05:27:11,448 INFO     [psi4.driver.task_planner:283] PLANNING Atomic:  keywords={'SCF_TYPE': 'DF', 'function_kwargs': {}}
2024-01-22:05:27:11,452 INFO     [psi4.driver.driver:524] Compute energy(): method=mp2, basis=aug-cc-pvtz, molecule=dimer, nre=0.0
2024-01-22:05:27:14,929 INFO     [psi4.driver.driver:527] Return energy(): -459.8155472442632
2024-01-22:05:27:14,946 INFO     [psi4.driver.task_base:203] <<< JSON launch ... c1 92.30663559152615
2024-01-22:05:27:14,979 INFO     [psi4.driver.task_planner:283] PLANNING Atomic:  keywords={'SCF_TYPE': 'DF', 'function_kwargs': {}}
2024-01-22:05:27:14,982 INFO     [psi4.driver.driver:524] Compute energy(): method=mp2, basis=aug-cc-pvtz, molecule=dimer, nre=92.30663559152615
2024-01-22:05:27:18,650 INFO     [psi4.driver.driver:527] Return energy(): -995.9097472942391
2024-01-22:05:27:18,668 INFO     [psi4.driver.driver_nbody:1366] 
  //>>>>>>>>>>>>>>>>>>>>>>>>>>>>>>>>>>>//
  //          ManyBody Results         //
  //<<<<<<<<<<<<<<<<<<<<<<<<<<<<<<<<<<<//


2024-01-22:05:27:18,668 INFO     [psi4.driver.driver_nbody:396] 
   ==> N-Body: Counterpoise Corrected (CP) energies <==

        n-Body     Total Energy            Interaction Energy                          N-body Contribution to Interaction Energy
                   [Eh]                    [Eh]                  [kcal/mol]            [Eh]                  [kcal/mol]
             1  N/A                         0.000000000000        0.000000000000        0.000000000000        0.000000000000
             2  N/A                         0.061905051051       38.846006009104        0.061905051051       38.846006009104
  FULL/RTN   3  N/A                         0.066255521119       41.575967192483        0.004350470069        2.729961183380


