2024-01-06:17:24:57,285 INFO     [psi4.driver.task_planner:238] PLANNING MB:  mc_level_idx=0 packet={'driver': 'energy', 'method': 'mp2', 'basis': 'AUG-CC-PVTZ', 'keywords': {'SCF_TYPE': 'DF', 'function_kwargs': {}}}
2024-01-06:17:24:57,285 INFO     [psi4.driver.driver_nbody:954] 
  //>>>>>>>>>>>>>>>>>>>>>>>>>>>>>>>>>>>>>//
  // ManyBody Setup: N-Body Levels [1, 2]//
  //<<<<<<<<<<<<<<<<<<<<<<<<<<<<<<<<<<<<<//


2024-01-06:17:24:57,285 INFO     [psi4.driver.driver_nbody:515]         Number of 1-body computations:     2
        Number of 2-body computations:     1
2024-01-06:17:24:57,286 INFO     [psi4.driver.driver_nbody:1016] 
  //>>>>>>>>>>>>>>>>>>>>>>>>>>>>>>>>>>>//
  //       ManyBody Computations       //
  //<<<<<<<<<<<<<<<<<<<<<<<<<<<<<<<<<<<//


2024-01-06:17:24:57,300 INFO     [psi4.driver.task_base:172] <<< JSON launch ... c1 131.98663428712828
2024-01-06:17:24:58,709 INFO     [psi4.driver.task_planner:286] PLANNING Atomic:  keywords={'SCF_TYPE': 'DF', 'function_kwargs': {}}
2024-01-06:17:24:58,711 INFO     [psi4.driver.driver:523] Compute energy(): method=mp2, basis=aug-cc-pvtz, molecule=dimer, nre=131.98663428712828
2024-01-06:17:25:05,473 INFO     [psi4.driver.driver:526] Return energy(): -305.34884497525576
2024-01-06:17:25:05,496 INFO     [psi4.driver.task_base:172] <<< JSON launch ... c1 0.0
2024-01-06:17:25:05,527 INFO     [psi4.driver.task_planner:286] PLANNING Atomic:  keywords={'SCF_TYPE': 'DF', 'function_kwargs': {}}
2024-01-06:17:25:05,530 INFO     [psi4.driver.driver:523] Compute energy(): method=mp2, basis=aug-cc-pvtz, molecule=dimer, nre=0.0
2024-01-06:17:25:10,102 INFO     [psi4.driver.driver:526] Return energy(): -7.253527845681153
2024-01-06:17:25:10,117 INFO     [psi4.driver.task_base:172] <<< JSON launch ... c1 163.1409246975929
2024-01-06:17:25:10,164 INFO     [psi4.driver.task_planner:286] PLANNING Atomic:  keywords={'SCF_TYPE': 'DF', 'function_kwargs': {}}
2024-01-06:17:25:10,167 INFO     [psi4.driver.driver:523] Compute energy(): method=mp2, basis=aug-cc-pvtz, molecule=dimer, nre=163.1409246975929
2024-01-06:17:25:16,880 INFO     [psi4.driver.driver:526] Return energy(): -312.76936234936693
2024-01-06:17:25:16,899 INFO     [psi4.driver.driver_nbody:1366] 
  //>>>>>>>>>>>>>>>>>>>>>>>>>>>>>>>>>>>//
  //          ManyBody Results         //
  //<<<<<<<<<<<<<<<<<<<<<<<<<<<<<<<<<<<//


2024-01-06:17:25:16,899 INFO     [psi4.driver.driver_nbody:396] 
   ==> N-Body: Counterpoise Corrected (CP) energies <==

        n-Body     Total Energy            Interaction Energy                          N-body Contribution to Interaction Energy
                   [Eh]                    [Eh]                  [kcal/mol]            [Eh]                  [kcal/mol]
             1  N/A                         0.000000000000        0.000000000000        0.000000000000        0.000000000000
  FULL/RTN   2  N/A                        -0.166989528430     -104.787511111474       -0.166989528430     -104.787511111474


