2024-01-06:20:50:50,746 INFO     [psi4.driver.task_planner:238] PLANNING MB:  mc_level_idx=0 packet={'driver': 'energy', 'method': 'mp2', 'basis': 'AUG-CC-PVTZ', 'keywords': {'SCF_TYPE': 'DF', 'function_kwargs': {}}}
2024-01-06:20:50:50,746 INFO     [psi4.driver.driver_nbody:954] 
  //>>>>>>>>>>>>>>>>>>>>>>>>>>>>>>>>>>>>>//
  // ManyBody Setup: N-Body Levels [1, 2]//
  //<<<<<<<<<<<<<<<<<<<<<<<<<<<<<<<<<<<<<//


2024-01-06:20:50:50,746 INFO     [psi4.driver.driver_nbody:515]         Number of 1-body computations:     2
        Number of 2-body computations:     1
2024-01-06:20:50:50,747 INFO     [psi4.driver.driver_nbody:1016] 
  //>>>>>>>>>>>>>>>>>>>>>>>>>>>>>>>>>>>//
  //       ManyBody Computations       //
  //<<<<<<<<<<<<<<<<<<<<<<<<<<<<<<<<<<<//


2024-01-06:20:50:50,761 INFO     [psi4.driver.task_base:172] <<< JSON launch ... c1 246.04174533053
2024-01-06:20:50:52,157 INFO     [psi4.driver.task_planner:286] PLANNING Atomic:  keywords={'SCF_TYPE': 'DF', 'function_kwargs': {}}
2024-01-06:20:50:52,159 INFO     [psi4.driver.driver:523] Compute energy(): method=mp2, basis=aug-cc-pvtz, molecule=dimer, nre=246.04174533053
2024-01-06:20:51:26,301 INFO     [psi4.driver.driver:526] Return energy(): -458.052288663097
2024-01-06:20:51:26,344 INFO     [psi4.driver.task_base:172] <<< JSON launch ... c1 0.0
2024-01-06:20:51:26,371 INFO     [psi4.driver.task_planner:286] PLANNING Atomic:  keywords={'SCF_TYPE': 'DF', 'function_kwargs': {}}
2024-01-06:20:51:26,374 INFO     [psi4.driver.driver:523] Compute energy(): method=mp2, basis=aug-cc-pvtz, molecule=dimer, nre=0.0
2024-01-06:20:51:54,350 INFO     [psi4.driver.driver:526] Return energy(): -599.149843754709
2024-01-06:20:51:54,368 INFO     [psi4.driver.task_base:172] <<< JSON launch ... c1 455.2653645482322
2024-01-06:20:51:54,398 INFO     [psi4.driver.task_planner:286] PLANNING Atomic:  keywords={'SCF_TYPE': 'DF', 'function_kwargs': {}}
2024-01-06:20:51:54,402 INFO     [psi4.driver.driver:523] Compute energy(): method=mp2, basis=aug-cc-pvtz, molecule=dimer, nre=455.2653645482322
2024-01-06:20:52:33,86 INFO     [psi4.driver.driver:526] Return energy(): -1057.2892997105898
2024-01-06:20:52:33,126 INFO     [psi4.driver.driver_nbody:1366] 
  //>>>>>>>>>>>>>>>>>>>>>>>>>>>>>>>>>>>//
  //          ManyBody Results         //
  //<<<<<<<<<<<<<<<<<<<<<<<<<<<<<<<<<<<//


2024-01-06:20:52:33,126 INFO     [psi4.driver.driver_nbody:396] 
   ==> N-Body: Counterpoise Corrected (CP) energies <==

        n-Body     Total Energy            Interaction Energy                          N-body Contribution to Interaction Energy
                   [Eh]                    [Eh]                  [kcal/mol]            [Eh]                  [kcal/mol]
             1  N/A                         0.000000000000        0.000000000000        0.000000000000        0.000000000000
  FULL/RTN   2  N/A                        -0.087167292784      -54.698302025493       -0.087167292784      -54.698302025493


