2024-01-06:21:40:55,169 INFO     [psi4.driver.task_planner:238] PLANNING MB:  mc_level_idx=0 packet={'driver': 'energy', 'method': 'mp2', 'basis': 'AUG-CC-PVTZ', 'keywords': {'SCF_TYPE': 'DF', 'function_kwargs': {}}}
2024-01-06:21:40:55,170 INFO     [psi4.driver.driver_nbody:954] 
  //>>>>>>>>>>>>>>>>>>>>>>>>>>>>>>>>>>>>>//
  // ManyBody Setup: N-Body Levels [1, 2]//
  //<<<<<<<<<<<<<<<<<<<<<<<<<<<<<<<<<<<<<//


2024-01-06:21:40:55,170 INFO     [psi4.driver.driver_nbody:515]         Number of 1-body computations:     2
        Number of 2-body computations:     1
2024-01-06:21:40:55,171 INFO     [psi4.driver.driver_nbody:1016] 
  //>>>>>>>>>>>>>>>>>>>>>>>>>>>>>>>>>>>//
  //       ManyBody Computations       //
  //<<<<<<<<<<<<<<<<<<<<<<<<<<<<<<<<<<<//


2024-01-06:21:40:55,184 INFO     [psi4.driver.task_base:172] <<< JSON launch ... c1 182.38308463408563
2024-01-06:21:40:56,604 INFO     [psi4.driver.task_planner:286] PLANNING Atomic:  keywords={'SCF_TYPE': 'DF', 'function_kwargs': {}}
2024-01-06:21:40:56,606 INFO     [psi4.driver.driver:523] Compute energy(): method=mp2, basis=aug-cc-pvtz, molecule=dimer, nre=182.38308463408563
2024-01-06:21:41:08,912 INFO     [psi4.driver.driver:526] Return energy(): -381.70349411545686
2024-01-06:21:41:08,930 INFO     [psi4.driver.task_base:172] <<< JSON launch ... c1 0.0
2024-01-06:21:41:08,960 INFO     [psi4.driver.task_planner:286] PLANNING Atomic:  keywords={'SCF_TYPE': 'DF', 'function_kwargs': {}}
2024-01-06:21:41:08,963 INFO     [psi4.driver.driver:523] Compute energy(): method=mp2, basis=aug-cc-pvtz, molecule=dimer, nre=0.0
2024-01-06:21:41:17,653 INFO     [psi4.driver.driver:526] Return energy(): -99.76337279171042
2024-01-06:21:41:17,670 INFO     [psi4.driver.task_base:172] <<< JSON launch ... c1 269.8914971095588
2024-01-06:21:41:17,698 INFO     [psi4.driver.task_planner:286] PLANNING Atomic:  keywords={'SCF_TYPE': 'DF', 'function_kwargs': {}}
2024-01-06:21:41:17,701 INFO     [psi4.driver.driver:523] Compute energy(): method=mp2, basis=aug-cc-pvtz, molecule=dimer, nre=269.8914971095588
2024-01-06:21:41:30,776 INFO     [psi4.driver.driver:526] Return energy(): -481.6039435432249
2024-01-06:21:41:30,795 INFO     [psi4.driver.driver_nbody:1366] 
  //>>>>>>>>>>>>>>>>>>>>>>>>>>>>>>>>>>>//
  //          ManyBody Results         //
  //<<<<<<<<<<<<<<<<<<<<<<<<<<<<<<<<<<<//


2024-01-06:21:41:30,796 INFO     [psi4.driver.driver_nbody:396] 
   ==> N-Body: Counterpoise Corrected (CP) energies <==

        n-Body     Total Energy            Interaction Energy                          N-body Contribution to Interaction Energy
                   [Eh]                    [Eh]                  [kcal/mol]            [Eh]                  [kcal/mol]
             1  N/A                         0.000000000000        0.000000000000        0.000000000000        0.000000000000
  FULL/RTN   2  N/A                        -0.137076636058      -86.016887759700       -0.137076636058      -86.016887759700


