
Running Job 1 of 1 016_Li-2Water_0.90_almo.in
qchem 016_Li-2Water_0.90_almo.in_219098.0 /scratch/qchem219098/ 6
/home/kchung25/qchem/5.4.0/exe/qcprog.exe_s 016_Li-2Water_0.90_almo.in_219098.0 /scratch/qchem219098/
                  Welcome to Q-Chem
     A Quantum Leap Into The Future Of Chemistry


 Q-Chem 5.4, Q-Chem, Inc., Pleasanton, CA (2021)

 E. Epifanovsky,  A. T. B. Gilbert,  Xintian Feng,  Joonho Lee,  Yuezhi Mao,  
 N. Mardirossian,  P. Pokhilko,  A. White,  M. Wormit,  M. P. Coons,  
 A. L. Dempwolff,  Zhengting Gan,  D. Hait,  P. R. Horn,  L. D. Jacobson,  
 I. Kaliman,  J. Kussmann,  A. W. Lange,  Ka Un Lao,  D. S. Levine,  Jie Liu,  
 S. C. McKenzie,  A. F. Morrison,  K. Nanda,  F. Plasser,  D. R. Rehn,  
 M. L. Vidal,  Zhi-Qiang You,  Ying Zhu,  B. Alam,  B. Albrecht,  
 A. Aldossary,  E. Alguire,  J. H. Andersen,  D. Barton,  K. Begam,  A. Behn,  
 Y. A. Bernard,  E. J. Berquist,  H. Burton,  A. Carreras,  K. Carter-Fenk,  
 Romit Chakraborty,  A. D. Chien,  K. D. Closser,  V. Cofer-Shabica,  
 S. Dasgupta,  Jia Deng,  M. de Wergifosse,  M. Diedenhofen,  Hainam Do,  
 S. Ehlert,  Po-Tung Fang,  S. Fatehi,  Qingguo Feng,  T. Friedhoff,  
 J. Gayvert,  Qinghui Ge,  G. Gidofalvi,  M. Goldey,  J. Gomes,  
 C. Gonzalez-Espinoza,  S. Gulania,  A. Gunina,  M. W. D. Hanson-Heine,  
 P. H. P. Harbach,  A. W. Hauser,  M. F. Herbst,  M. Hernandez Vera,  
 M. Hodecker,  Z. C. Holden,  S. Houck,  Xunkun Huang,  Kerwin Hui,  
 B. C. Huynh,  M. Ivanov,  Hyunjun Ji,  Hanjie Jiang,  B. Kaduk,  S. Kaehler,  
 K. Khistyaev,  Jaehoon Kim,  P. Klunzinger,  Z. Koczor-Benda,  
 Joong Hoon Koh,  D. Kosenkov,  L. Koulias,  T. Kowalczyk,  C. M. Krauter,  
 K. Kue,  A. Kunitsa,  T. Kus,  A. Landau,  K. V. Lawler,  D. Lefrancois,  
 S. Lehtola,  Rain Li,  Yi-Pei Li,  Jiashu Liang,  M. Liebenthal,  
 Hung-Hsuan Lin,  You-Sheng Lin,  Fenglai Liu,  Kuan-Yu Liu,  
 M. Loipersberger,  A. Luenser,  A. Manjanath,  P. Manohar,  E. Mansoor,  
 S. F. Manzer,  Shan-Ping Mao,  A. V. Marenich,  T. Markovich,  S. Mason,  
 S. A. Maurer,  P. F. McLaughlin,  M. F. S. J. Menger,  J.-M. Mewes,  
 S. A. Mewes,  P. Morgante,  J. W. Mullinax,  K. J. Oosterbaan,  G. Paran,  
 Alexander C. Paul,  Suranjan K. Paul,  F. Pavosevic,  Zheng Pei,  S. Prager,  
 E. I. Proynov,  E. Ramos,  B. Rana,  A. E. Rask,  A. Rettig,  R. M. Richard,  
 F. Rob,  E. Rossomme,  T. Scheele,  M. Scheurer,  M. Schneider,  
 N. Sergueev,  S. M. Sharada,  W. Skomorowski,  D. W. Small,  C. J. Stein,  
 Yu-Chuan Su,  E. J. Sundstrom,  Zhen Tao,  J. Thirman,  T. Tsuchimochi,  
 N. M. Tubman,  S. P. Veccham,  O. Vydrov,  J. Wenzel,  J. Witte,  A. Yamada,  
 Kun Yao,  S. Yeganeh,  S. R. Yost,  A. Zech,  Igor Ying Zhang,  Xing Zhang,  
 Yu Zhang,  D. Zuev,  A. Aspuru-Guzik,  A. T. Bell,  N. A. Besley,  
 K. B. Bravaya,  B. R. Brooks,  D. Casanova,  Jeng-Da Chai,  S. Coriani,  
 C. J. Cramer,  A. E. DePrince, III,  R. A. DiStasio Jr.,  A. Dreuw,  
 B. D. Dunietz,  T. R. Furlani,  W. A. Goddard III,  S. Grimme,  
 S. Hammes-Schiffer,  T. Head-Gordon,  W. J. Hehre,  Chao-Ping Hsu,  
 T.-C. Jagau,  Yousung Jung,  A. Klamt,  Jing Kong,  D. S. Lambrecht,  
 WanZhen Liang,  N. J. Mayhall,  C. W. McCurdy,  J. B. Neaton,  T. Neudecker,  
 C. Ochsenfeld,  J. A. Parkhill,  R. Peverati,  V. A. Rassolov,  Yihan Shao,  
 L. V. Slipchenko,  R. P. Steele,  J. E. Subotnik,  A. J. W. Thom,  
 A. Tkatchenko,  D. G. Truhlar,  T. Van Voorhis,  T. A. Wesolowski,  
 K. B. Whaley,  H. L. Woodcock III,  P. M. Zimmerman,  S. Faraji,  
 P. M. W. Gill,  M. Head-Gordon,  J. M. Herbert,  A. I. Krylov

 Additional authors since Version 5.4.0: 
 Chandrima Chakravarty,  L. Cunha,  R. Kang,  Yongbin Kim,  S. Kotaru,  
 Shaozhi Li,  Xiangyuan Li,  F. Matz,  A. Molle,  V. Parravicini,  
 Haisheng Ren,  Hengyuan Shen,  Yingli Su,  Hung-Yi Tsai,  C. Utku,  
 Fang Wang,  Jeff Yang,  F. Zeller

 Contributors to earlier versions of Q-Chem not listed above: 
 R. D. Adamson,  B. Austin,  R. Baer,  J. Baker,  G. J. O. Beran,  
 K. Brandhorst,  S. T. Brown,  E. F. C. Byrd,  Arup K. Chakraborty,  
 G. K. L. Chan,  Chun-Min Chang,  Yunqing Chen,  C.-L. Cheng,  
 Siu Hung Chien,  D. M. Chipman,  D. L. Crittenden,  H. Dachsel,  
 R. J. Doerksen,  A. D. Dutoi,  R. G. Edgar,  J. Fosso-Tande,  
 L. Fusti-Molnar,  D. Ghosh,  A. Ghysels,  A. Golubeva-Zadorozhnaya,  
 J. Gonthier,  M. S. Gordon,  S. R. Gwaltney,  G. Hawkins,  J. E. Herr,  
 A. Heyden,  S. Hirata,  E. G. Hohenstein,  G. Kedziora,  F. J. Keil,  
 C. Kelley,  Jihan Kim,  R. A. King,  R. Z. Khaliullin,  P. P. Korambath,  
 W. Kurlancheek,  A. Laurent,  A. M. Lee,  M. S. Lee,  S. V. Levchenko,  
 Ching Yeh Lin,  D. Liotard,  E. Livshits,  R. C. Lochan,  I. Lotan,  
 L. A. Martinez-Martinez,  P. E. Maslen,  N. Nair,  D. P. O'Neill,  
 D. Neuhauser,  E. Neuscamman,  C. M. Oana,  R. Olivares-Amaya,  R. Olson,  
 T. M. Perrine,  B. Peters,  P. A. Pieniazek,  A. Prociuk,  Y. M. Rhee,  
 J. Ritchie,  M. A. Rohrdanz,  E. Rosta,  N. J. Russ,  H. F. Schaefer III,  
 M. W. Schmidt,  N. E. Schultz,  S. Sharma,  N. Shenvi,  C. D. Sherrill,  
 A. C. Simmonett,  A. Sodt,  T. Stein,  D. Stuck,  K. S. Thanthiriwatte,  
 V. Vanovschi,  L. Vogt,  Tao Wang,  A. Warshel,  M. A. Watson,  
 C. F. Williams,  Q. Wu,  X. Xu,  Jun Yang,  W. Zhang,  Yan Zhao

   Please cite Q-Chem as follows:
  "Software for the frontiers of quantum chemistry:
   An overview of developments in the Q-Chem 5 package"
   J. Chem. Phys. 155, 084801 (2021)
   https://doi.org/10.1063/5.0055522 (open access)

 Q-Chem 5.4.2 for Intel X86 EM64T Linux

 Parts of Q-Chem use Armadillo 9.900.5 (Nocturnal Misbehaviour).
 http://arma.sourceforge.net/

 Q-Chem begins on Sat Dec 30 17:58:02 2023  

 Host: 
0

     Scratch files written to /scratch/qchem219098//
 Dec1321 |scratch|qcdevops|jenkins|workspace|build_RNUM 5684   
 Processing $rem in /home/kchung25/qchem/5.4.0/config/preferences:
 Processing $rem in /home/kchung25/.qchemrc:

 Q-Chem warning in module libgen/rem_setup.C, line 3079:

 Neither GIA nor STOLL is specified by user. Use STOLL as the default


 Checking the input file for inconsistencies... 	...done.

--------------------------------------------------------------
User input:
--------------------------------------------------------------
$molecule
1 1
--
1 1
Li     0.000000     0.000000     0.000000
--
0 1
O      1.670181     0.000000     0.000000
H      2.255185     0.763729     0.000000
H      2.255185    -0.763729     0.000000
O     -1.670181     0.000000     0.000000
H     -2.255184    -0.763729     0.000000
H     -2.255184     0.763729     0.000000
$end

$rem
JOBTYPE          eda
EDA2             1
METHOD           wB97M-V
BASIS            def2-TZVPPD
SYMMETRY         false
MEM_TOTAL        50000
MEM_STATIC       10000
THRESH           14
SCF_CONVERGENCE  8
XC_GRID          000099000590
NL_GRID          1
EDA_CLS_DISP     true
FD_MAT_VEC_PROD  FALSE
$end
--------------------------------------------------------------
 Atom   1: (  0.0000000870, -0.0000000000, -0.0000000000)
         ->(  0.0000000000,  0.0000000000, -0.0000000000)
 Atom   5: (  1.6701810870, -0.0000000000, -0.0000000000)
         ->(  1.6701809130, -0.0000000000,  0.0000000000)
 Atom   6: (  2.2551840870, -0.7637290000, -0.0000000000)
         ->(  2.2551849130, -0.7637290000,  0.0000000000)
 Atom   7: (  2.2551840870,  0.7637290000,  0.0000000000)
         ->(  2.2551849130,  0.7637290000, -0.0000000000)
 ----------------------------------------------------------------
             Standard Nuclear Orientation (Angstroms)
    I     Atom           X                Y                Z
 ----------------------------------------------------------------
    1      Li      0.0000000000     0.0000000000    -0.0000000000
    2      O      -1.6701809130     0.0000000000     0.0000000000
    3      H      -2.2551849130     0.7637290000     0.0000000000
    4      H      -2.2551849130    -0.7637290000    -0.0000000000
    5      O       1.6701809130    -0.0000000000     0.0000000000
    6      H       2.2551849130    -0.7637290000     0.0000000000
    7      H       2.2551849130     0.7637290000    -0.0000000000
 ----------------------------------------------------------------
 Molecular Point Group                 D2h   NOp =  8
 Largest Abelian Subgroup              D2h   NOp =  8
 Nuclear Repulsion Energy =          51.00028644 hartrees
 There are       11 alpha and       11 beta electrons
 Requested basis set is def2-TZVPPD
 There are 66 shells and 170 basis functions

 Q-Chem warning in module libmdc/get_mega.C, line 171:

 Allowed MEM_STATIC has been capped at MEM_STATIC=8191.
 Reduce the value of MEM_STATIC to silence this warning.


 Total QAlloc Memory Limit  50000 MB
 Mega-Array Size      8007 MB
 MEM_STATIC part      8191 MB

                       Distance Matrix (Angstroms)
             Li(  1)   O (  2)   H (  3)   H (  4)   O (  5)   H (  6)
   O (  2)  1.670181
   H (  3)  2.380996  0.962035
   H (  4)  2.380996  0.962035  1.527458
   O (  5)  1.670181  3.340362  3.998972  3.998972
   H (  6)  2.380996  3.998972  4.761992  4.510370  0.962035
   H (  7)  2.380996  3.998972  4.510370  4.761992  0.962035  1.527458

 
 A cutoff of  1.0D-14 yielded   2082 shell pairs
 There are     13682 function pairs (     16491 Cartesian)
 Smallest overlap matrix eigenvalue = 4.68E-05

 Scale SEOQF with 1.000000e-01/1.000000e-01/1.000000e-01

 Standard Electronic Orientation quadrupole field applied
 Nucleus-field energy     =     0.0000000025 hartrees

 -----------------------------------------------------------------------
  General SCF calculation program by
  Eric Jon Sundstrom, Paul Horn, Yuezhi Mao, Dmitri Zuev, Alec White,
  David Stuck, Shaama M.S., Shane Yost, Joonho Lee, David Small,
  Daniel Levine, Susi Lehtola, Hugh Burton, Evgeny Epifanovsky,
  Bang C. Huynh
 -----------------------------------------------------------------------
================================================================
                 ALMO-EDA with the EDA2 driver                  
================================================================
 The second-generation ALMO-EDA (for DFT):                      
 P. R. Horn, Y. Mao and M. Head-Gordon, PCCP, 18, 23067 (2016)  
 Y. Mao et al. Annu. Rev. Phys. Chem. 72, 641 (2021)            
 Decomposition of the frozen energy:                            
 P. R. Horn, Y. Mao and M. Head-Gordon, JCP, 144, 114107 (2016) 
 FERF model for polarization:                                   
 P. R. Horn and M. Head-Gordon, JCP, 143, 114111 (2015)         
================================================================
 Using eda2 option set 1
 Option set summary: Frozen orbital wavefunction, initial wavefunction decomposition, and nDQ polarization.
--------------------------------
Printing EDA Options
--------------------------------
eda_child_super_basis      0
fragmo_guess_mode          0
child_mp                   1
child_mp_orders            232
cls_elec                   1
cls_disp                   1
scfmi_mode                 1
scfmi_occs                 0
scfmi_virts                0
frz_relax                  0
frz_relax_method           0
dc_pen_start               0
dc_pen_conv                0
dc_pen_increment           0
dc_pen_steps               0
dc_pen_thresh_factor       0
dc_pen_pre_newton_thresh   0
frz_ortho_decomp           1
frz_ortho_decomp_conv      6
plot_mo_ortho_frz          0
frgm_method                2
scfmi_freeze_ss            0
separate_rehyb             0
plot_diff_den              0
eda_nocv                   0
eda_vct_relax              1
disp_free_x                0
disp_free_c                0
eda_bsse                   0
eda_pct_a                  0
eda_covp                   0
--------------------------------
Attempting to make child job directory: /scratch/qchem219098//Frg1/
Attempting to make child job directory: /scratch/qchem219098//Frg2/
Creating input file /scratch/qchem219098/Frg1.input
using default PutDataFrgm: nothing
calling putenv with: QCSCRATCH=/scratch/qchem219098/ 
Spawning Job For Fragment 0
Done Job For Fragment 0
calling putenv with: QCSCRATCH=/scratch 
calling putenv with: QCTHREADS=6 
Creating input file /scratch/qchem219098/Frg2.input
using default PutDataFrgm: nothing
calling putenv with: QCSCRATCH=/scratch/qchem219098/ 
Spawning Job For Fragment 1
Done Job For Fragment 1
calling putenv with: QCSCRATCH=/scratch 
calling putenv with: QCTHREADS=6 
Doing General SCFMI
 Exchange:     0.1500 Hartree-Fock + 1.0000 wB97M-V + LR-HF
 Correlation:  1.0000 wB97M-V
 Using Euler-Maclaurin-Lebedev (99,590) quadrature formula
 Nonlocal Correlation:  VV10 with C = 0.0100 and b = 6.00 and scale = 1.00000
 Grid used for NLC:  SG-1 standard quadrature
performing fock build before subrot guess so that all methods have access
Printing subrot_rss_gen Method Specification:
Occupied Subspace Method is 0
Virtual Subspace Method is 0
Energy of the unrelaxed supersystem initial determinant -160.187541353947
write pseudocanon occs and virts to disk
write pseudocanon orbital energies to disk
Tolerance of ortho_decomp_scf: 1.00e-06
GDM subspace size: 20
Beginning the Orthogonal Decomposition of the Initial Supersystem Wavefunction
    1    -160.0428409638      4.47e-01     ortho_decomp Preconditoned Steepest Descent
    2    -160.0475951142      4.96e-03     ortho_decomp BFGS Step
    3    -160.0475964960      1.44e-04     ortho_decomp BFGS Step
    4    -160.0475964986      7.41e-06     ortho_decomp BFGS Step
    5    -160.0475964986      1.28e-07     ortho_decomp 00000 Convergence criterion met
 Hartree-Fock
 Hartree-Fock
 Hartree-Fock
 Exchange:     0.1500 Hartree-Fock + 1.0000 wB97M-V + LR-HF
 Correlation:  1.0000 wB97M-V
 Using Euler-Maclaurin-Lebedev (99,590) quadrature formula
 Nonlocal Correlation:  VV10 with C = 0.0100 and b = 6.00 and scale = 1.00000
 Grid used for NLC:  SG-1 standard quadrature
 Long-range K will be added via erf
 Coulomb attenuation parameter = 0.3 bohr**(-1)
 Nonlocal correlation = 9.351075684801e-02
Doing General SCFMI
 Exchange:     0.1500 Hartree-Fock + 1.0000 wB97M-V + LR-HF
 Correlation:  1.0000 wB97M-V
 Using Euler-Maclaurin-Lebedev (99,590) quadrature formula
 Nonlocal Correlation:  VV10 with C = 0.0100 and b = 6.00 and scale = 1.00000
 Grid used for NLC:  SG-1 standard quadrature
performing fock build at end of subrot_r(subrot) constructor so that all methods have access
<S^2> of initial wavefunction before polarization iterations 0.0000000000
Beginning iterations for the determination of the polarized wavefunction
Energy prior to optimization (guess energy) = -160.187541353947
Begin Timing: Total SCF Calculation
begin iterations for algorithm: DIIS         
the SCF tolerance is set to 1.00e-08
    1    -160.1875413539      2.63e-03     00000 
    2    -160.2252558040      1.32e-03     00000 
    3    -160.2293107704      5.12e-04     00000 
    4    -160.2300217653      8.28e-05     00000 
    5    -160.2300484209      1.02e-05     00000 
    6    -160.2300495523      1.81e-06     00000 
    7    -160.2300495925      2.44e-07     00000 
    8    -160.2300495930      7.22e-08     00000 
    9    -160.2300495930      9.80e-09     00000 Convergence criterion met
write pseudocanon occs and virts to disk
write pseudocanon orbital energies to disk
Timing for Total SCF: 14.00s (wall), 86.69s (cpu)
<S^2> of polarized wavefunction after polarization iterations 0.0000000000
relaxing scfmi constraint to allow all rotations in the entire AO span
Doing General SCFMI
 Exchange:     0.1500 Hartree-Fock + 1.0000 wB97M-V + LR-HF
 Correlation:  1.0000 wB97M-V
 Using Euler-Maclaurin-Lebedev (99,590) quadrature formula
 Nonlocal Correlation:  VV10 with C = 0.0100 and b = 6.00 and scale = 1.00000
 Grid used for NLC:  SG-1 standard quadrature
performing fock build at end of subrot_r(subrot) constructor so that all methods have access
<S^2> of polarized wavefunction before ct-allowed iterations 0.0000000000
Beginning iterations for the determination of the CT-Allowed wavefunction
Energy prior to optimization (guess energy) = -160.230049593022
Begin Timing: Total SCF Calculation
begin iterations for algorithm: DIIS         
the SCF tolerance is set to 1.00e-08
    1    -160.2300495930      1.14e-03     00000 
    2    -160.2407080402      9.54e-05     00000 
    3    -160.2408467597      2.30e-05     00000 
    4    -160.2408500047      1.57e-05     00000 
    5    -160.2408521395      1.92e-06     00000 
    6    -160.2408521767      1.45e-07     00000 
    7    -160.2408521776      2.78e-08     00000 
    8    -160.2408521776      4.49e-09     00000 Convergence criterion met
write pseudocanon occs and virts to disk
write pseudocanon orbital energies to disk
Timing for Total SCF: 13.00s (wall), 75.84s (cpu)
<S^2> of ct_allowed wavefunction after ct-allowed iterations 0.0000000000

================================
        Results of EDA2         
================================
Basic EDA Quantities
--------------------
Fragment Energies (Ha):
1   -7.2758394981
2 -152.8696522036
--------------------
  E_prp (kJ/mol) = 0.0000
  E_frz (kJ/mol) = -110.4027
  E_pol (kJ/mol) = -111.6067
  E_vct (kJ/mol) = -28.3625
  E_int (kJ/mol) = -250.3719
--------------------


Decomposition of frozen interaction energy
--------------------
  --------------------
  Orthogonal Frozen Decomposition:
  --------------------
     E_elec   (ELEC)   (kJ/mol) = -327.8108
     E_pauli  (PAULI)  (kJ/mol) = 231.5477
     E_disp   (DISP)   (kJ/mol) = -14.1396
  --------------------
  Classical Frozen Decomposition:
  --------------------
     E_cls_elec  (CLS ELEC)  (kJ/mol) = -297.9940
     E_mod_pauli (MOD PAULI) (kJ/mol) = 202.0147 (FRZ - CLS ELEC - CLS DISP)
     E_cls_disp  (CLS DISP)  (kJ/mol) = -14.4234
  --------------------
--------------------

Simplified EDA Summary (kJ/mol)
--------------------
 PREPARATION      0.0000
 FROZEN           -110.4027 (ELEC + PAULI + DISP)
[ELEC + PAULI = -95.9793, DISP = -14.4234]
 POLARIZATION    -111.6067
 CHARGE TRANSFER -28.3625
 TOTAL           -250.3719     (PRP + FRZ + POL + CT)
--------------------
 
 --------------------------------------------------------------
             Orbital Energies (a.u.) and Symmetries
 --------------------------------------------------------------
 
 Alpha MOs, Restricted
 -- Occupied --                  
-19.567 -19.567  -2.281  -1.380  -1.378  -0.876  -0.874  -0.781
  1 Ag    1 B3u   2 Ag    2 B3u   3 Ag    1 B2u   1 B1g   3 B3u                
 -0.765  -0.672  -0.666
  4 Ag    1 B1u   1 B2g                                                        
 -- Virtual --                   
 -0.149  -0.118  -0.106  -0.092  -0.061  -0.055  -0.041  -0.021
  5 Ag    4 B3u   2 B2u   2 B1u   6 Ag    2 B1g   3 B2u   2 B2g                
 -0.013  -0.010  -0.009  -0.006   0.006   0.024   0.035   0.049
  5 B3u   7 Ag    3 B1u   4 B2u   6 B3u   4 B1u   8 Ag    1 B3g                
  0.083   0.085   0.093   0.112   0.144   0.146   0.149   0.152
  1 Au    3 B1g   7 B3u   9 Ag    5 B2u  10 Ag    8 B3u   4 B1g                
  0.174   0.179   0.198   0.198   0.213   0.217   0.223   0.245
  3 B2g   6 B2u   5 B1u  11 Ag    7 B2u   9 B3u   5 B1g   2 B3g                
  0.254   0.265   0.272   0.274   0.302   0.339   0.341   0.390
 10 B3u   8 B2u  12 Ag    6 B1u   6 B1g  13 Ag    4 B2g   2 Au                 
  0.432   0.446   0.451   0.455   0.465   0.532   0.532   0.567
 11 B3u  14 Ag    5 B2g   3 B3g  12 B3u   9 B2u  13 B3u  14 B3u                
  0.571   0.592   0.598   0.702   0.737   0.750   0.785   0.802
  7 B1g  15 Ag    7 B1u  16 Ag    8 B1u  17 Ag   10 B2u  11 B2u                
  0.808   0.854   0.861   0.871   0.946   0.972   0.981   1.007
  8 B1g   9 B1g   6 B2g   3 Au   15 B3u   9 B1u   7 B2g  16 B3u                
  1.032   1.045   1.106   1.146   1.186   1.196   1.265   1.267
  4 B3g  18 Ag   12 B2u  17 B3u  19 Ag   10 B1g  20 Ag   13 B2u                
  1.300   1.389   1.678   1.678   1.706   1.749   1.753   1.972
 18 B3u  11 B1g  21 Ag   10 B1u   8 B2g   5 B3g   4 Au   22 Ag                 
  2.028   2.035   2.063   2.147   2.338   2.477   2.526   2.546
 12 B1g  19 B3u  14 B2u  20 B3u  23 Ag   21 B3u  24 Ag   15 B2u                
  2.670   2.710   2.738   3.003   3.029   3.061   3.148   3.181
 13 B1g  11 B1u   9 B2g  22 B3u  12 B1u  25 Ag   10 B2g  26 Ag                 
  3.193   3.223   3.248   3.251   3.279   3.283   3.302   3.338
 23 B3u  16 B2u  14 B1g   5 Au    6 B3g  24 B3u  17 B2u  15 B1g                
  3.352   3.474   3.585   3.668   3.710   3.724   3.737   3.879
 27 Ag   18 B2u  16 B1g   6 Au    7 B3g  13 B1u  11 B2g   7 Au                 
  3.944   3.944   3.958   3.986   4.004   4.086   4.090   4.129
  8 B3g  25 B3u  28 Ag   14 B1u  12 B2g  26 B3u  29 Ag   19 B2u                
  4.268   4.565   4.580   4.601   4.631   4.765   4.765   5.019
 17 B1g  18 B1g  20 B2u  30 Ag   27 B3u  21 B2u  19 B1g  28 B3u                
  5.059   5.447   5.458   5.955   5.968   6.055   6.056   6.306
 31 Ag   15 B1u  13 B2g  16 B1u  29 B3u  32 Ag   22 B2u  14 B2g                
  6.308   6.361   6.361   6.414   6.418   6.450   6.455   6.470
 17 B1u   8 Au    9 B3g  15 B2g  18 B1u  20 B1g  23 B2u  30 B3u                
  6.578   6.637   6.638   6.838   6.845   7.144   7.268   7.291
 33 Ag    9 Au   10 B3g  34 Ag   31 B3u  32 B3u  21 B1g  24 B2u                
  7.392   7.456   7.635   7.692  15.416  44.126  44.324
 25 B2u  22 B1g  33 B3u  35 Ag   36 Ag   34 B3u  37 Ag                         
 
 Beta MOs, Restricted
 -- Occupied --                  
-19.567 -19.567  -2.281  -1.380  -1.378  -0.876  -0.874  -0.781
  1 Ag    1 B3u   2 Ag    2 B3u   3 Ag    1 B2u   1 B1g   3 B3u                
 -0.765  -0.672  -0.666
  4 Ag    1 B1u   1 B2g                                                        
 -- Virtual --                   
 -0.149  -0.118  -0.106  -0.092  -0.061  -0.055  -0.041  -0.021
  5 Ag    4 B3u   2 B2u   2 B1u   6 Ag    2 B1g   3 B2u   2 B2g                
 -0.013  -0.010  -0.009  -0.006   0.006   0.024   0.035   0.049
  5 B3u   7 Ag    3 B1u   4 B2u   6 B3u   4 B1u   8 Ag    1 B3g                
  0.083   0.085   0.093   0.112   0.144   0.146   0.149   0.152
  1 Au    3 B1g   7 B3u   9 Ag    5 B2u  10 Ag    8 B3u   4 B1g                
  0.174   0.179   0.198   0.198   0.213   0.217   0.223   0.245
  3 B2g   6 B2u   5 B1u  11 Ag    7 B2u   9 B3u   5 B1g   2 B3g                
  0.254   0.265   0.272   0.274   0.302   0.339   0.341   0.390
 10 B3u   8 B2u  12 Ag    6 B1u   6 B1g  13 Ag    4 B2g   2 Au                 
  0.432   0.446   0.451   0.455   0.465   0.532   0.532   0.567
 11 B3u  14 Ag    5 B2g   3 B3g  12 B3u   9 B2u  13 B3u  14 B3u                
  0.571   0.592   0.598   0.702   0.737   0.750   0.785   0.802
  7 B1g  15 Ag    7 B1u  16 Ag    8 B1u  17 Ag   10 B2u  11 B2u                
  0.808   0.854   0.861   0.871   0.946   0.972   0.981   1.007
  8 B1g   9 B1g   6 B2g   3 Au   15 B3u   9 B1u   7 B2g  16 B3u                
  1.032   1.045   1.106   1.146   1.186   1.196   1.265   1.267
  4 B3g  18 Ag   12 B2u  17 B3u  19 Ag   10 B1g  20 Ag   13 B2u                
  1.300   1.389   1.678   1.678   1.706   1.749   1.753   1.972
 18 B3u  11 B1g  21 Ag   10 B1u   8 B2g   5 B3g   4 Au   22 Ag                 
  2.028   2.035   2.063   2.147   2.338   2.477   2.526   2.546
 12 B1g  19 B3u  14 B2u  20 B3u  23 Ag   21 B3u  24 Ag   15 B2u                
  2.670   2.710   2.738   3.003   3.029   3.061   3.148   3.181
 13 B1g  11 B1u   9 B2g  22 B3u  12 B1u  25 Ag   10 B2g  26 Ag                 
  3.193   3.223   3.248   3.251   3.279   3.283   3.302   3.338
 23 B3u  16 B2u  14 B1g   5 Au    6 B3g  24 B3u  17 B2u  15 B1g                
  3.352   3.474   3.585   3.668   3.710   3.724   3.737   3.879
 27 Ag   18 B2u  16 B1g   6 Au    7 B3g  13 B1u  11 B2g   7 Au                 
  3.944   3.944   3.958   3.986   4.004   4.086   4.090   4.129
  8 B3g  25 B3u  28 Ag   14 B1u  12 B2g  26 B3u  29 Ag   19 B2u                
  4.268   4.565   4.580   4.601   4.631   4.765   4.765   5.019
 17 B1g  18 B1g  20 B2u  30 Ag   27 B3u  21 B2u  19 B1g  28 B3u                
  5.059   5.447   5.458   5.955   5.968   6.055   6.056   6.306
 31 Ag   15 B1u  13 B2g  16 B1u  29 B3u  32 Ag   22 B2u  14 B2g                
  6.308   6.361   6.361   6.414   6.418   6.450   6.455   6.470
 17 B1u   8 Au    9 B3g  15 B2g  18 B1u  20 B1g  23 B2u  30 B3u                
  6.578   6.637   6.638   6.838   6.845   7.144   7.268   7.291
 33 Ag    9 Au   10 B3g  34 Ag   31 B3u  32 B3u  21 B1g  24 B2u                
  7.392   7.456   7.635   7.692  15.416  44.126  44.324
 25 B2u  22 B1g  33 B3u  35 Ag   36 Ag   34 B3u  37 Ag                         
 --------------------------------------------------------------
 
          Ground-State Mulliken Net Atomic Charges

     Atom                 Charge (a.u.)
  ----------------------------------------
      1 Li                    1.067917
      2 O                    -0.515782
      3 H                     0.240912
      4 H                     0.240912
      5 O                    -0.515782
      6 H                     0.240912
      7 H                     0.240912
  ----------------------------------------
  Sum of atomic charges =     1.000000

 -----------------------------------------------------------------
                    Cartesian Multipole Moments
 -----------------------------------------------------------------
    Charge (ESU x 10^10)
                 4.8032
    Dipole Moment (Debye)
         X      -0.0000      Y       0.0000      Z       0.0000
       Tot       0.0000
    Quadrupole Moments (Debye-Ang)
        XX       8.1353     XY      -0.0000     YY      -8.3678
        XZ       0.0000     YZ       0.0000     ZZ     -15.4482
    Octopole Moments (Debye-Ang^2)
       XXX      -0.0000    XXY       0.0000    XYY      -0.0000
       YYY       0.0000    XXZ       0.0000    XYZ      -0.0000
       YYZ       0.0000    XZZ       0.0000    YZZ      -0.0000
       ZZZ       0.0000
    Hexadecapole Moments (Debye-Ang^3)
      XXXX     -90.3331   XXXY       0.0000   XXYY     -15.7343
      XYYY      -0.0000   YYYY     -11.1870   XXXZ       0.0000
      XXYZ       0.0000   XYYZ      -0.0000   YYYZ       0.0000
      XXZZ     -48.2736   XYZZ       0.0000   YYZZ      -4.8475
      XZZZ      -0.0000   YZZZ       0.0000   ZZZZ     -13.6985
 -----------------------------------------------------------------
 Total job time:  132.06s(wall), 335.04s(cpu) 
 Sat Dec 30 18:00:14 2023

        *************************************************************
        *                                                           *
        *  Thank you very much for using Q-Chem.  Have a nice day.  *
        *                                                           *
        *************************************************************


