
Running Job 1 of 1 018_K-2Water_1.05_almo.in
qchem 018_K-2Water_1.05_almo.in_223379.0 /scratch/qchem223379/ 6
/home/kchung25/qchem/5.4.0/exe/qcprog.exe_s 018_K-2Water_1.05_almo.in_223379.0 /scratch/qchem223379/
                  Welcome to Q-Chem
     A Quantum Leap Into The Future Of Chemistry


 Q-Chem 5.4, Q-Chem, Inc., Pleasanton, CA (2021)

 E. Epifanovsky,  A. T. B. Gilbert,  Xintian Feng,  Joonho Lee,  Yuezhi Mao,  
 N. Mardirossian,  P. Pokhilko,  A. White,  M. Wormit,  M. P. Coons,  
 A. L. Dempwolff,  Zhengting Gan,  D. Hait,  P. R. Horn,  L. D. Jacobson,  
 I. Kaliman,  J. Kussmann,  A. W. Lange,  Ka Un Lao,  D. S. Levine,  Jie Liu,  
 S. C. McKenzie,  A. F. Morrison,  K. Nanda,  F. Plasser,  D. R. Rehn,  
 M. L. Vidal,  Zhi-Qiang You,  Ying Zhu,  B. Alam,  B. Albrecht,  
 A. Aldossary,  E. Alguire,  J. H. Andersen,  D. Barton,  K. Begam,  A. Behn,  
 Y. A. Bernard,  E. J. Berquist,  H. Burton,  A. Carreras,  K. Carter-Fenk,  
 Romit Chakraborty,  A. D. Chien,  K. D. Closser,  V. Cofer-Shabica,  
 S. Dasgupta,  Jia Deng,  M. de Wergifosse,  M. Diedenhofen,  Hainam Do,  
 S. Ehlert,  Po-Tung Fang,  S. Fatehi,  Qingguo Feng,  T. Friedhoff,  
 J. Gayvert,  Qinghui Ge,  G. Gidofalvi,  M. Goldey,  J. Gomes,  
 C. Gonzalez-Espinoza,  S. Gulania,  A. Gunina,  M. W. D. Hanson-Heine,  
 P. H. P. Harbach,  A. W. Hauser,  M. F. Herbst,  M. Hernandez Vera,  
 M. Hodecker,  Z. C. Holden,  S. Houck,  Xunkun Huang,  Kerwin Hui,  
 B. C. Huynh,  M. Ivanov,  Hyunjun Ji,  Hanjie Jiang,  B. Kaduk,  S. Kaehler,  
 K. Khistyaev,  Jaehoon Kim,  P. Klunzinger,  Z. Koczor-Benda,  
 Joong Hoon Koh,  D. Kosenkov,  L. Koulias,  T. Kowalczyk,  C. M. Krauter,  
 K. Kue,  A. Kunitsa,  T. Kus,  A. Landau,  K. V. Lawler,  D. Lefrancois,  
 S. Lehtola,  Rain Li,  Yi-Pei Li,  Jiashu Liang,  M. Liebenthal,  
 Hung-Hsuan Lin,  You-Sheng Lin,  Fenglai Liu,  Kuan-Yu Liu,  
 M. Loipersberger,  A. Luenser,  A. Manjanath,  P. Manohar,  E. Mansoor,  
 S. F. Manzer,  Shan-Ping Mao,  A. V. Marenich,  T. Markovich,  S. Mason,  
 S. A. Maurer,  P. F. McLaughlin,  M. F. S. J. Menger,  J.-M. Mewes,  
 S. A. Mewes,  P. Morgante,  J. W. Mullinax,  K. J. Oosterbaan,  G. Paran,  
 Alexander C. Paul,  Suranjan K. Paul,  F. Pavosevic,  Zheng Pei,  S. Prager,  
 E. I. Proynov,  E. Ramos,  B. Rana,  A. E. Rask,  A. Rettig,  R. M. Richard,  
 F. Rob,  E. Rossomme,  T. Scheele,  M. Scheurer,  M. Schneider,  
 N. Sergueev,  S. M. Sharada,  W. Skomorowski,  D. W. Small,  C. J. Stein,  
 Yu-Chuan Su,  E. J. Sundstrom,  Zhen Tao,  J. Thirman,  T. Tsuchimochi,  
 N. M. Tubman,  S. P. Veccham,  O. Vydrov,  J. Wenzel,  J. Witte,  A. Yamada,  
 Kun Yao,  S. Yeganeh,  S. R. Yost,  A. Zech,  Igor Ying Zhang,  Xing Zhang,  
 Yu Zhang,  D. Zuev,  A. Aspuru-Guzik,  A. T. Bell,  N. A. Besley,  
 K. B. Bravaya,  B. R. Brooks,  D. Casanova,  Jeng-Da Chai,  S. Coriani,  
 C. J. Cramer,  A. E. DePrince, III,  R. A. DiStasio Jr.,  A. Dreuw,  
 B. D. Dunietz,  T. R. Furlani,  W. A. Goddard III,  S. Grimme,  
 S. Hammes-Schiffer,  T. Head-Gordon,  W. J. Hehre,  Chao-Ping Hsu,  
 T.-C. Jagau,  Yousung Jung,  A. Klamt,  Jing Kong,  D. S. Lambrecht,  
 WanZhen Liang,  N. J. Mayhall,  C. W. McCurdy,  J. B. Neaton,  T. Neudecker,  
 C. Ochsenfeld,  J. A. Parkhill,  R. Peverati,  V. A. Rassolov,  Yihan Shao,  
 L. V. Slipchenko,  R. P. Steele,  J. E. Subotnik,  A. J. W. Thom,  
 A. Tkatchenko,  D. G. Truhlar,  T. Van Voorhis,  T. A. Wesolowski,  
 K. B. Whaley,  H. L. Woodcock III,  P. M. Zimmerman,  S. Faraji,  
 P. M. W. Gill,  M. Head-Gordon,  J. M. Herbert,  A. I. Krylov

 Additional authors since Version 5.4.0: 
 Chandrima Chakravarty,  L. Cunha,  R. Kang,  Yongbin Kim,  S. Kotaru,  
 Shaozhi Li,  Xiangyuan Li,  F. Matz,  A. Molle,  V. Parravicini,  
 Haisheng Ren,  Hengyuan Shen,  Yingli Su,  Hung-Yi Tsai,  C. Utku,  
 Fang Wang,  Jeff Yang,  F. Zeller

 Contributors to earlier versions of Q-Chem not listed above: 
 R. D. Adamson,  B. Austin,  R. Baer,  J. Baker,  G. J. O. Beran,  
 K. Brandhorst,  S. T. Brown,  E. F. C. Byrd,  Arup K. Chakraborty,  
 G. K. L. Chan,  Chun-Min Chang,  Yunqing Chen,  C.-L. Cheng,  
 Siu Hung Chien,  D. M. Chipman,  D. L. Crittenden,  H. Dachsel,  
 R. J. Doerksen,  A. D. Dutoi,  R. G. Edgar,  J. Fosso-Tande,  
 L. Fusti-Molnar,  D. Ghosh,  A. Ghysels,  A. Golubeva-Zadorozhnaya,  
 J. Gonthier,  M. S. Gordon,  S. R. Gwaltney,  G. Hawkins,  J. E. Herr,  
 A. Heyden,  S. Hirata,  E. G. Hohenstein,  G. Kedziora,  F. J. Keil,  
 C. Kelley,  Jihan Kim,  R. A. King,  R. Z. Khaliullin,  P. P. Korambath,  
 W. Kurlancheek,  A. Laurent,  A. M. Lee,  M. S. Lee,  S. V. Levchenko,  
 Ching Yeh Lin,  D. Liotard,  E. Livshits,  R. C. Lochan,  I. Lotan,  
 L. A. Martinez-Martinez,  P. E. Maslen,  N. Nair,  D. P. O'Neill,  
 D. Neuhauser,  E. Neuscamman,  C. M. Oana,  R. Olivares-Amaya,  R. Olson,  
 T. M. Perrine,  B. Peters,  P. A. Pieniazek,  A. Prociuk,  Y. M. Rhee,  
 J. Ritchie,  M. A. Rohrdanz,  E. Rosta,  N. J. Russ,  H. F. Schaefer III,  
 M. W. Schmidt,  N. E. Schultz,  S. Sharma,  N. Shenvi,  C. D. Sherrill,  
 A. C. Simmonett,  A. Sodt,  T. Stein,  D. Stuck,  K. S. Thanthiriwatte,  
 V. Vanovschi,  L. Vogt,  Tao Wang,  A. Warshel,  M. A. Watson,  
 C. F. Williams,  Q. Wu,  X. Xu,  Jun Yang,  W. Zhang,  Yan Zhao

   Please cite Q-Chem as follows:
  "Software for the frontiers of quantum chemistry:
   An overview of developments in the Q-Chem 5 package"
   J. Chem. Phys. 155, 084801 (2021)
   https://doi.org/10.1063/5.0055522 (open access)

 Q-Chem 5.4.2 for Intel X86 EM64T Linux

 Parts of Q-Chem use Armadillo 9.900.5 (Nocturnal Misbehaviour).
 http://arma.sourceforge.net/

 Q-Chem begins on Sat Dec 30 18:43:22 2023  

 Host: 
0

     Scratch files written to /scratch/qchem223379//
 Dec1321 |scratch|qcdevops|jenkins|workspace|build_RNUM 5684   
 Processing $rem in /home/kchung25/qchem/5.4.0/config/preferences:
 Processing $rem in /home/kchung25/.qchemrc:

 Q-Chem warning in module libgen/rem_setup.C, line 3079:

 Neither GIA nor STOLL is specified by user. Use STOLL as the default


 Checking the input file for inconsistencies... 	...done.

--------------------------------------------------------------
User input:
--------------------------------------------------------------
$molecule
1 1
--
1 1
K      0.000000     0.000000     0.000000
--
0 1
O      2.651455     0.000000     0.000000
H      3.244626     0.755912     0.000000
H      3.244626    -0.755912     0.000000
O     -2.651455     0.000000     0.000000
H     -3.244626    -0.755912     0.000000
H     -3.244626     0.755912     0.000000
$end

$rem
JOBTYPE          eda
EDA2             1
METHOD           wB97M-V
BASIS            def2-TZVPPD
SYMMETRY         false
MEM_TOTAL        50000
MEM_STATIC       10000
THRESH           14
SCF_CONVERGENCE  8
XC_GRID          000099000590
NL_GRID          1
EDA_CLS_DISP     true
FD_MAT_VEC_PROD  FALSE
$end
--------------------------------------------------------------
 ----------------------------------------------------------------
             Standard Nuclear Orientation (Angstroms)
    I     Atom           X                Y                Z
 ----------------------------------------------------------------
    1      K       0.0000000000     0.0000000000     0.0000000000
    2      O       2.6514550000     0.0000000000     0.0000000000
    3      H       3.2446260000     0.7559120000     0.0000000000
    4      H       3.2446260000    -0.7559120000     0.0000000000
    5      O      -2.6514550000     0.0000000000     0.0000000000
    6      H      -3.2446260000    -0.7559120000     0.0000000000
    7      H      -3.2446260000     0.7559120000     0.0000000000
 ----------------------------------------------------------------
 Molecular Point Group                 D2h   NOp =  8
 Largest Abelian Subgroup              D2h   NOp =  8
 Nuclear Repulsion Energy =         100.62479346 hartrees
 There are       19 alpha and       19 beta electrons
 Requested basis set is def2-TZVPPD
 There are 70 shells and 184 basis functions

 Q-Chem warning in module libmdc/get_mega.C, line 171:

 Allowed MEM_STATIC has been capped at MEM_STATIC=8191.
 Reduce the value of MEM_STATIC to silence this warning.


 Total QAlloc Memory Limit  50000 MB
 Mega-Array Size      8007 MB
 MEM_STATIC part      8191 MB

                       Distance Matrix (Angstroms)
             K (  1)   O (  2)   H (  3)   H (  4)   O (  5)   H (  6)
   O (  2)  2.651455
   H (  3)  3.331516  0.960861
   H (  4)  3.331516  0.960861  1.511824
   O (  5)  2.651455  5.302910  5.944340  5.944340
   H (  6)  3.331516  5.944340  6.663033  6.489252  0.960861
   H (  7)  3.331516  5.944340  6.489252  6.663033  0.960861  1.511824

 
 A cutoff of  1.0D-14 yielded   2126 shell pairs
 There are     14568 function pairs (     17594 Cartesian)
 Smallest overlap matrix eigenvalue = 7.84E-05

 Scale SEOQF with 1.000000e-01/1.000000e-01/1.000000e-01

 Standard Electronic Orientation quadrupole field applied
 Nucleus-field energy     =     0.0000000057 hartrees

 -----------------------------------------------------------------------
  General SCF calculation program by
  Eric Jon Sundstrom, Paul Horn, Yuezhi Mao, Dmitri Zuev, Alec White,
  David Stuck, Shaama M.S., Shane Yost, Joonho Lee, David Small,
  Daniel Levine, Susi Lehtola, Hugh Burton, Evgeny Epifanovsky,
  Bang C. Huynh
 -----------------------------------------------------------------------
================================================================
                 ALMO-EDA with the EDA2 driver                  
================================================================
 The second-generation ALMO-EDA (for DFT):                      
 P. R. Horn, Y. Mao and M. Head-Gordon, PCCP, 18, 23067 (2016)  
 Y. Mao et al. Annu. Rev. Phys. Chem. 72, 641 (2021)            
 Decomposition of the frozen energy:                            
 P. R. Horn, Y. Mao and M. Head-Gordon, JCP, 144, 114107 (2016) 
 FERF model for polarization:                                   
 P. R. Horn and M. Head-Gordon, JCP, 143, 114111 (2015)         
================================================================
 Using eda2 option set 1
 Option set summary: Frozen orbital wavefunction, initial wavefunction decomposition, and nDQ polarization.
--------------------------------
Printing EDA Options
--------------------------------
eda_child_super_basis      0
fragmo_guess_mode          0
child_mp                   1
child_mp_orders            232
cls_elec                   1
cls_disp                   1
scfmi_mode                 1
scfmi_occs                 0
scfmi_virts                0
frz_relax                  0
frz_relax_method           0
dc_pen_start               0
dc_pen_conv                0
dc_pen_increment           0
dc_pen_steps               0
dc_pen_thresh_factor       0
dc_pen_pre_newton_thresh   0
frz_ortho_decomp           1
frz_ortho_decomp_conv      6
plot_mo_ortho_frz          0
frgm_method                2
scfmi_freeze_ss            0
separate_rehyb             0
plot_diff_den              0
eda_nocv                   0
eda_vct_relax              1
disp_free_x                0
disp_free_c                0
eda_bsse                   0
eda_pct_a                  0
eda_covp                   0
--------------------------------
Attempting to make child job directory: /scratch/qchem223379//Frg1/
Attempting to make child job directory: /scratch/qchem223379//Frg2/
Creating input file /scratch/qchem223379/Frg1.input
using default PutDataFrgm: nothing
calling putenv with: QCSCRATCH=/scratch/qchem223379/ 
Spawning Job For Fragment 0
Done Job For Fragment 0
calling putenv with: QCSCRATCH=/scratch 
calling putenv with: QCTHREADS=6 
Creating input file /scratch/qchem223379/Frg2.input
using default PutDataFrgm: nothing
calling putenv with: QCSCRATCH=/scratch/qchem223379/ 
Spawning Job For Fragment 1
Done Job For Fragment 1
calling putenv with: QCSCRATCH=/scratch 
calling putenv with: QCTHREADS=6 
Doing General SCFMI
 Exchange:     0.1500 Hartree-Fock + 1.0000 wB97M-V + LR-HF
 Correlation:  1.0000 wB97M-V
 Using Euler-Maclaurin-Lebedev (99,590) quadrature formula
 Nonlocal Correlation:  VV10 with C = 0.0100 and b = 6.00 and scale = 1.00000
 Grid used for NLC:  SG-1 standard quadrature
performing fock build before subrot guess so that all methods have access
Printing subrot_rss_gen Method Specification:
Occupied Subspace Method is 0
Virtual Subspace Method is 0
Energy of the unrelaxed supersystem initial determinant -752.636377643777
write pseudocanon occs and virts to disk
write pseudocanon orbital energies to disk
Tolerance of ortho_decomp_scf: 1.00e-06
GDM subspace size: 20
Beginning the Orthogonal Decomposition of the Initial Supersystem Wavefunction
    1    -752.5362011635      3.11e-01     ortho_decomp Preconditoned Steepest Descent
    2    -752.5536481008      2.92e-03     ortho_decomp BFGS Step
    3    -752.5536553433      1.23e-04     ortho_decomp BFGS Step
    4    -752.5536553621      5.47e-06     ortho_decomp BFGS Step
    5    -752.5536553622      1.08e-07     ortho_decomp 00000 Convergence criterion met
 Hartree-Fock
 Hartree-Fock
 Hartree-Fock
 Exchange:     0.1500 Hartree-Fock + 1.0000 wB97M-V + LR-HF
 Correlation:  1.0000 wB97M-V
 Using Euler-Maclaurin-Lebedev (99,590) quadrature formula
 Nonlocal Correlation:  VV10 with C = 0.0100 and b = 6.00 and scale = 1.00000
 Grid used for NLC:  SG-1 standard quadrature
 Long-range K will be added via erf
 Coulomb attenuation parameter = 0.3 bohr**(-1)
 Nonlocal correlation = 1.613542404203e-01
Doing General SCFMI
 Exchange:     0.1500 Hartree-Fock + 1.0000 wB97M-V + LR-HF
 Correlation:  1.0000 wB97M-V
 Using Euler-Maclaurin-Lebedev (99,590) quadrature formula
 Nonlocal Correlation:  VV10 with C = 0.0100 and b = 6.00 and scale = 1.00000
 Grid used for NLC:  SG-1 standard quadrature
performing fock build at end of subrot_r(subrot) constructor so that all methods have access
<S^2> of initial wavefunction before polarization iterations 0.0000000000
Beginning iterations for the determination of the polarized wavefunction
Energy prior to optimization (guess energy) = -752.636377643777
Begin Timing: Total SCF Calculation
begin iterations for algorithm: DIIS         
the SCF tolerance is set to 1.00e-08
    1    -752.6363776438      1.11e-03     00000 
    2    -752.6467020567      4.77e-04     00000 
    3    -752.6475176633      2.55e-04     00000 
    4    -752.6477773985      5.78e-05     00000 
    5    -752.6478158576      1.70e-05     00000 
    6    -752.6478207356      3.60e-06     00000 
    7    -752.6478210372      5.67e-07     00000 
    8    -752.6478210427      1.19e-07     00000 
    9    -752.6478210428      2.53e-08     00000 
   10    -752.6478210428      4.42e-09     00000 Convergence criterion met
write pseudocanon occs and virts to disk
write pseudocanon orbital energies to disk
Timing for Total SCF: 18.00s (wall), 106.26s (cpu)
<S^2> of polarized wavefunction after polarization iterations 0.0000000000
relaxing scfmi constraint to allow all rotations in the entire AO span
Doing General SCFMI
 Exchange:     0.1500 Hartree-Fock + 1.0000 wB97M-V + LR-HF
 Correlation:  1.0000 wB97M-V
 Using Euler-Maclaurin-Lebedev (99,590) quadrature formula
 Nonlocal Correlation:  VV10 with C = 0.0100 and b = 6.00 and scale = 1.00000
 Grid used for NLC:  SG-1 standard quadrature
performing fock build at end of subrot_r(subrot) constructor so that all methods have access
<S^2> of polarized wavefunction before ct-allowed iterations 0.0000000000
Beginning iterations for the determination of the CT-Allowed wavefunction
Energy prior to optimization (guess energy) = -752.647821042811
Begin Timing: Total SCF Calculation
begin iterations for algorithm: DIIS         
the SCF tolerance is set to 1.00e-08
    1    -752.6478210428      4.81e-04     00000 
    2    -752.6499457917      4.20e-05     00000 
    3    -752.6500161804      1.13e-05     00000 
    4    -752.6500184725      1.01e-05     00000 
    5    -752.6500195899      3.80e-07     00000 
    6    -752.6500195967      9.50e-08     00000 
    7    -752.6500195970      1.82e-08     00000 
    8    -752.6500195970      2.78e-09     00000 Convergence criterion met
write pseudocanon occs and virts to disk
write pseudocanon orbital energies to disk
Timing for Total SCF: 13.00s (wall), 82.27s (cpu)
<S^2> of ct_allowed wavefunction after ct-allowed iterations 0.0000000000

================================
        Results of EDA2         
================================
Basic EDA Quantities
--------------------
Fragment Energies (Ha):
1 -599.7243958034
2 -152.8717920766
--------------------
  E_prp (kJ/mol) = 0.0000
  E_frz (kJ/mol) = -105.5195
  E_pol (kJ/mol) = -30.0450
  E_vct (kJ/mol) = -5.7724
  E_int (kJ/mol) = -141.3369
--------------------


Decomposition of frozen interaction energy
--------------------
  --------------------
  Orthogonal Frozen Decomposition:
  --------------------
     E_elec   (ELEC)   (kJ/mol) = -186.2530
     E_pauli  (PAULI)  (kJ/mol) = 94.0138
     E_disp   (DISP)   (kJ/mol) = -13.2803
  --------------------
  Classical Frozen Decomposition:
  --------------------
     E_cls_elec  (CLS ELEC)  (kJ/mol) = -152.2485
     E_mod_pauli (MOD PAULI) (kJ/mol) = 59.0846 (FRZ - CLS ELEC - CLS DISP)
     E_cls_disp  (CLS DISP)  (kJ/mol) = -12.3556
  --------------------
--------------------

Simplified EDA Summary (kJ/mol)
--------------------
 PREPARATION      0.0000
 FROZEN           -105.5195 (ELEC + PAULI + DISP)
[ELEC + PAULI = -93.1639, DISP = -12.3556]
 POLARIZATION    -30.0450
 CHARGE TRANSFER -5.7724
 TOTAL           -141.3369     (PRP + FRZ + POL + CT)
--------------------
 
 --------------------------------------------------------------
             Orbital Energies (a.u.) and Symmetries
 --------------------------------------------------------------
 
 Alpha MOs, Restricted
 -- Occupied --                  
-130.32  -19.51  -19.51  -13.56  -10.84  -10.84  -10.84   -1.66
  1 Ag    2 Ag    1 B3u   3 Ag    1 B2u   1 B1u   2 B3u   4 Ag                 
 -1.315  -1.315  -1.009  -1.007  -1.004  -0.810  -0.810  -0.694
  3 B3u   5 Ag    2 B2u   2 B1u   4 B3u   1 B1g   3 B2u   6 Ag                 
 -0.684  -0.603  -0.602
  5 B3u   1 B2g   3 B1u                                                        
 -- Virtual --                   
 -0.137  -0.103  -0.096  -0.090  -0.068  -0.048  -0.036  -0.026
  7 Ag    6 B3u   4 B2u   4 B1u   8 Ag    2 B1g   9 Ag    2 B2g                
 -0.025  -0.025  -0.024  -0.016  -0.014  -0.007  -0.001   0.017
 10 Ag    1 B3g   5 B2u   5 B1u   7 B3u   6 B2u   8 B3u   3 B1g                
  0.025   0.048   0.054   0.081   0.101   0.122   0.132   0.133
  6 B1u   3 B2g  11 Ag    9 B3u   1 Au    2 B3g   7 B2u  12 Ag                 
  0.135   0.136   0.149   0.184   0.190   0.190   0.193   0.195
 13 Ag    4 B1g  10 B3u   4 B2g   5 B1g  14 Ag    3 B3g   8 B2u                
  0.199   0.203   0.213   0.227   0.233   0.249   0.252   0.267
 11 B3u  15 Ag    7 B1u  16 Ag    5 B2g   6 B1g   9 B2u  12 B3u                
  0.284   0.288   0.309   0.325   0.340   0.382   0.405   0.424
  7 B1g  17 Ag   10 B2u  13 B3u   8 B1u   8 B1g   2 Au    4 B3g                
  0.445   0.463   0.472   0.483   0.558   0.564   0.577   0.614
 18 Ag   14 B3u  19 Ag    6 B2g  11 B2u  15 B3u  20 Ag    9 B1u                
  0.641   0.649   0.650   0.681   0.684   0.722   0.846   0.875
  7 B2g  10 B1u  16 B3u  21 Ag    9 B1g  12 B2u  13 B2u   3 Au                 
  0.878   0.878   0.908   0.913   0.992   0.999   1.012   1.026
 10 B1g  22 Ag   17 B3u   5 B3g  23 Ag   11 B1u   8 B2g  18 B3u                
  1.070   1.077   1.084   1.094   1.161   1.211   1.220   1.248
 11 B1g  24 Ag    6 B3g  14 B2u   9 B2g  19 B3u  12 B1g  15 B2u                
  1.300   1.307   1.338   1.353   1.431   1.764   1.779   1.813
 25 Ag   13 B1g  26 Ag   20 B3u  27 Ag   12 B1u  10 B2g   4 Au                 
  1.815   1.930   1.932   2.076   2.084   2.106   2.116   2.391
  7 B3g  21 B3u  28 Ag   29 Ag   22 B3u  16 B2u  14 B1g  23 B3u                
  2.436   2.626   2.656   2.720   2.758   3.001   3.011   3.021
 30 Ag   17 B2u  15 B1g  13 B1u  11 B2g  31 Ag   24 B3u  14 B1u                
  3.055   3.134   3.144   3.258   3.300   3.308   3.316   3.317
 12 B2g  25 B3u  32 Ag   18 B2u  16 B1g   5 Au    8 B3g  33 Ag                 
  3.320   3.332   3.371   3.541   3.542   3.704   3.722   3.773
 26 B3u  19 B2u  17 B1g  18 B1g  20 B2u   6 Au    9 B3g  15 B1u                
  3.774   3.929   3.935   3.946   3.961   4.025   4.026   4.084
 13 B2g   7 Au   10 B3g  34 Ag   27 B3u  16 B1u  14 B2g  28 B3u                
  4.084   4.137   4.150   4.575   4.597   4.635   4.639   4.816
 35 Ag   21 B2u  19 B1g  29 B3u  36 Ag   20 B1g  22 B2u  21 B1g                
  4.817   5.056   5.070   5.538   5.540   6.132   6.133   6.367
 23 B2u  30 B3u  37 Ag   17 B1u  15 B2g  31 B3u  38 Ag   18 B1u                
  6.376   6.421   6.423   6.487   6.488   6.490   6.491   6.606
 16 B2g   8 Au   11 B3g  17 B2g  19 B1u  24 B2u  22 B1g  39 Ag                 
  6.611   6.713   6.713   6.882   6.887   7.353   7.353   7.490
 32 B3u   9 Au   12 B3g  33 B3u  40 Ag   25 B2u  23 B1g  26 B2u                
  7.502   7.641   7.658  44.119  44.137
 24 B1g  34 B3u  41 Ag   35 B3u  42 Ag                                         
 
 Beta MOs, Restricted
 -- Occupied --                  
-130.32  -19.51  -19.51  -13.56  -10.84  -10.84  -10.84   -1.66
  1 Ag    2 Ag    1 B3u   3 Ag    1 B2u   1 B1u   2 B3u   4 Ag                 
 -1.315  -1.315  -1.009  -1.007  -1.004  -0.810  -0.810  -0.694
  3 B3u   5 Ag    2 B2u   2 B1u   4 B3u   1 B1g   3 B2u   6 Ag                 
 -0.684  -0.603  -0.602
  5 B3u   1 B2g   3 B1u                                                        
 -- Virtual --                   
 -0.137  -0.103  -0.096  -0.090  -0.068  -0.048  -0.036  -0.026
  7 Ag    6 B3u   4 B2u   4 B1u   8 Ag    2 B1g   9 Ag    2 B2g                
 -0.025  -0.025  -0.024  -0.016  -0.014  -0.007  -0.001   0.017
 10 Ag    1 B3g   5 B2u   5 B1u   7 B3u   6 B2u   8 B3u   3 B1g                
  0.025   0.048   0.054   0.081   0.101   0.122   0.132   0.133
  6 B1u   3 B2g  11 Ag    9 B3u   1 Au    2 B3g   7 B2u  12 Ag                 
  0.135   0.136   0.149   0.184   0.190   0.190   0.193   0.195
 13 Ag    4 B1g  10 B3u   4 B2g   5 B1g  14 Ag    3 B3g   8 B2u                
  0.199   0.203   0.213   0.227   0.233   0.249   0.252   0.267
 11 B3u  15 Ag    7 B1u  16 Ag    5 B2g   6 B1g   9 B2u  12 B3u                
  0.284   0.288   0.309   0.325   0.340   0.382   0.405   0.424
  7 B1g  17 Ag   10 B2u  13 B3u   8 B1u   8 B1g   2 Au    4 B3g                
  0.445   0.463   0.472   0.483   0.558   0.564   0.577   0.614
 18 Ag   14 B3u  19 Ag    6 B2g  11 B2u  15 B3u  20 Ag    9 B1u                
  0.641   0.649   0.650   0.681   0.684   0.722   0.846   0.875
  7 B2g  10 B1u  16 B3u  21 Ag    9 B1g  12 B2u  13 B2u   3 Au                 
  0.878   0.878   0.908   0.913   0.992   0.999   1.012   1.026
 10 B1g  22 Ag   17 B3u   5 B3g  23 Ag   11 B1u   8 B2g  18 B3u                
  1.070   1.077   1.084   1.094   1.161   1.211   1.220   1.248
 11 B1g  24 Ag    6 B3g  14 B2u   9 B2g  19 B3u  12 B1g  15 B2u                
  1.300   1.307   1.338   1.353   1.431   1.764   1.779   1.813
 25 Ag   13 B1g  26 Ag   20 B3u  27 Ag   12 B1u  10 B2g   4 Au                 
  1.815   1.930   1.932   2.076   2.084   2.106   2.116   2.391
  7 B3g  21 B3u  28 Ag   29 Ag   22 B3u  16 B2u  14 B1g  23 B3u                
  2.436   2.626   2.656   2.720   2.758   3.001   3.011   3.021
 30 Ag   17 B2u  15 B1g  13 B1u  11 B2g  31 Ag   24 B3u  14 B1u                
  3.055   3.134   3.144   3.258   3.300   3.308   3.316   3.317
 12 B2g  25 B3u  32 Ag   18 B2u  16 B1g   5 Au    8 B3g  33 Ag                 
  3.320   3.332   3.371   3.541   3.542   3.704   3.722   3.773
 26 B3u  19 B2u  17 B1g  18 B1g  20 B2u   6 Au    9 B3g  15 B1u                
  3.774   3.929   3.935   3.946   3.961   4.025   4.026   4.084
 13 B2g   7 Au   10 B3g  34 Ag   27 B3u  16 B1u  14 B2g  28 B3u                
  4.084   4.137   4.150   4.575   4.597   4.635   4.639   4.816
 35 Ag   21 B2u  19 B1g  29 B3u  36 Ag   20 B1g  22 B2u  21 B1g                
  4.817   5.056   5.070   5.538   5.540   6.132   6.133   6.367
 23 B2u  30 B3u  37 Ag   17 B1u  15 B2g  31 B3u  38 Ag   18 B1u                
  6.376   6.421   6.423   6.487   6.488   6.490   6.491   6.606
 16 B2g   8 Au   11 B3g  17 B2g  19 B1u  24 B2u  22 B1g  39 Ag                 
  6.611   6.713   6.713   6.882   6.887   7.353   7.353   7.490
 32 B3u   9 Au   12 B3g  33 B3u  40 Ag   25 B2u  23 B1g  26 B2u                
  7.502   7.641   7.658  44.119  44.137
 24 B1g  34 B3u  41 Ag   35 B3u  42 Ag                                         
 --------------------------------------------------------------
 
          Ground-State Mulliken Net Atomic Charges

     Atom                 Charge (a.u.)
  ----------------------------------------
      1 K                     0.950668
      2 O                    -0.308372
      3 H                     0.166519
      4 H                     0.166519
      5 O                    -0.308372
      6 H                     0.166519
      7 H                     0.166519
  ----------------------------------------
  Sum of atomic charges =     1.000000

 -----------------------------------------------------------------
                    Cartesian Multipole Moments
 -----------------------------------------------------------------
    Charge (ESU x 10^10)
                 4.8032
    Dipole Moment (Debye)
         X      -0.0000      Y       0.0000      Z       0.0000
       Tot       0.0000
    Quadrupole Moments (Debye-Ang)
        XX       6.8864     XY       0.0000     YY     -17.4437
        XZ      -0.0000     YZ      -0.0000     ZZ     -24.2764
    Octopole Moments (Debye-Ang^2)
       XXX      -0.0000    XXY       0.0000    XYY      -0.0000
       YYY       0.0000    XXZ       0.0000    XYZ      -0.0000
       YYZ       0.0000    XZZ      -0.0000    YZZ       0.0000
       ZZZ       0.0000
    Hexadecapole Moments (Debye-Ang^3)
      XXXX    -134.9161   XXXY       0.0000   XXYY     -53.4395
      XYYY       0.0000   YYYY     -18.3085   XXXZ      -0.0000
      XXYZ      -0.0000   XYYZ      -0.0000   YYYZ       0.0000
      XXZZ    -119.7021   XYZZ       0.0000   YYZZ      -7.1680
      XZZZ      -0.0000   YZZZ       0.0000   ZZZZ     -20.7538
 -----------------------------------------------------------------
 Total job time:  127.39s(wall), 379.13s(cpu) 
 Sat Dec 30 18:45:29 2023

        *************************************************************
        *                                                           *
        *  Thank you very much for using Q-Chem.  Have a nice day.  *
        *                                                           *
        *************************************************************


