
Running Job 1 of 1 023_Li-4Water_almo.in
qchem 023_Li-4Water_almo.in_375510.0 /scratch/qchem375510/ 6
/home/kchung25/qchem/5.4.0/exe/qcprog.exe_s 023_Li-4Water_almo.in_375510.0 /scratch/qchem375510/
                  Welcome to Q-Chem
     A Quantum Leap Into The Future Of Chemistry


 Q-Chem 5.4, Q-Chem, Inc., Pleasanton, CA (2021)

 E. Epifanovsky,  A. T. B. Gilbert,  Xintian Feng,  Joonho Lee,  Yuezhi Mao,  
 N. Mardirossian,  P. Pokhilko,  A. White,  M. Wormit,  M. P. Coons,  
 A. L. Dempwolff,  Zhengting Gan,  D. Hait,  P. R. Horn,  L. D. Jacobson,  
 I. Kaliman,  J. Kussmann,  A. W. Lange,  Ka Un Lao,  D. S. Levine,  Jie Liu,  
 S. C. McKenzie,  A. F. Morrison,  K. Nanda,  F. Plasser,  D. R. Rehn,  
 M. L. Vidal,  Zhi-Qiang You,  Ying Zhu,  B. Alam,  B. Albrecht,  
 A. Aldossary,  E. Alguire,  J. H. Andersen,  D. Barton,  K. Begam,  A. Behn,  
 Y. A. Bernard,  E. J. Berquist,  H. Burton,  A. Carreras,  K. Carter-Fenk,  
 Romit Chakraborty,  A. D. Chien,  K. D. Closser,  V. Cofer-Shabica,  
 S. Dasgupta,  Jia Deng,  M. de Wergifosse,  M. Diedenhofen,  Hainam Do,  
 S. Ehlert,  Po-Tung Fang,  S. Fatehi,  Qingguo Feng,  T. Friedhoff,  
 J. Gayvert,  Qinghui Ge,  G. Gidofalvi,  M. Goldey,  J. Gomes,  
 C. Gonzalez-Espinoza,  S. Gulania,  A. Gunina,  M. W. D. Hanson-Heine,  
 P. H. P. Harbach,  A. W. Hauser,  M. F. Herbst,  M. Hernandez Vera,  
 M. Hodecker,  Z. C. Holden,  S. Houck,  Xunkun Huang,  Kerwin Hui,  
 B. C. Huynh,  M. Ivanov,  Hyunjun Ji,  Hanjie Jiang,  B. Kaduk,  S. Kaehler,  
 K. Khistyaev,  Jaehoon Kim,  P. Klunzinger,  Z. Koczor-Benda,  
 Joong Hoon Koh,  D. Kosenkov,  L. Koulias,  T. Kowalczyk,  C. M. Krauter,  
 K. Kue,  A. Kunitsa,  T. Kus,  A. Landau,  K. V. Lawler,  D. Lefrancois,  
 S. Lehtola,  Rain Li,  Yi-Pei Li,  Jiashu Liang,  M. Liebenthal,  
 Hung-Hsuan Lin,  You-Sheng Lin,  Fenglai Liu,  Kuan-Yu Liu,  
 M. Loipersberger,  A. Luenser,  A. Manjanath,  P. Manohar,  E. Mansoor,  
 S. F. Manzer,  Shan-Ping Mao,  A. V. Marenich,  T. Markovich,  S. Mason,  
 S. A. Maurer,  P. F. McLaughlin,  M. F. S. J. Menger,  J.-M. Mewes,  
 S. A. Mewes,  P. Morgante,  J. W. Mullinax,  K. J. Oosterbaan,  G. Paran,  
 Alexander C. Paul,  Suranjan K. Paul,  F. Pavosevic,  Zheng Pei,  S. Prager,  
 E. I. Proynov,  E. Ramos,  B. Rana,  A. E. Rask,  A. Rettig,  R. M. Richard,  
 F. Rob,  E. Rossomme,  T. Scheele,  M. Scheurer,  M. Schneider,  
 N. Sergueev,  S. M. Sharada,  W. Skomorowski,  D. W. Small,  C. J. Stein,  
 Yu-Chuan Su,  E. J. Sundstrom,  Zhen Tao,  J. Thirman,  T. Tsuchimochi,  
 N. M. Tubman,  S. P. Veccham,  O. Vydrov,  J. Wenzel,  J. Witte,  A. Yamada,  
 Kun Yao,  S. Yeganeh,  S. R. Yost,  A. Zech,  Igor Ying Zhang,  Xing Zhang,  
 Yu Zhang,  D. Zuev,  A. Aspuru-Guzik,  A. T. Bell,  N. A. Besley,  
 K. B. Bravaya,  B. R. Brooks,  D. Casanova,  Jeng-Da Chai,  S. Coriani,  
 C. J. Cramer,  A. E. DePrince, III,  R. A. DiStasio Jr.,  A. Dreuw,  
 B. D. Dunietz,  T. R. Furlani,  W. A. Goddard III,  S. Grimme,  
 S. Hammes-Schiffer,  T. Head-Gordon,  W. J. Hehre,  Chao-Ping Hsu,  
 T.-C. Jagau,  Yousung Jung,  A. Klamt,  Jing Kong,  D. S. Lambrecht,  
 WanZhen Liang,  N. J. Mayhall,  C. W. McCurdy,  J. B. Neaton,  T. Neudecker,  
 C. Ochsenfeld,  J. A. Parkhill,  R. Peverati,  V. A. Rassolov,  Yihan Shao,  
 L. V. Slipchenko,  R. P. Steele,  J. E. Subotnik,  A. J. W. Thom,  
 A. Tkatchenko,  D. G. Truhlar,  T. Van Voorhis,  T. A. Wesolowski,  
 K. B. Whaley,  H. L. Woodcock III,  P. M. Zimmerman,  S. Faraji,  
 P. M. W. Gill,  M. Head-Gordon,  J. M. Herbert,  A. I. Krylov

 Additional authors since Version 5.4.0: 
 Chandrima Chakravarty,  L. Cunha,  R. Kang,  Yongbin Kim,  S. Kotaru,  
 Shaozhi Li,  Xiangyuan Li,  F. Matz,  A. Molle,  V. Parravicini,  
 Haisheng Ren,  Hengyuan Shen,  Yingli Su,  Hung-Yi Tsai,  C. Utku,  
 Fang Wang,  Jeff Yang,  F. Zeller

 Contributors to earlier versions of Q-Chem not listed above: 
 R. D. Adamson,  B. Austin,  R. Baer,  J. Baker,  G. J. O. Beran,  
 K. Brandhorst,  S. T. Brown,  E. F. C. Byrd,  Arup K. Chakraborty,  
 G. K. L. Chan,  Chun-Min Chang,  Yunqing Chen,  C.-L. Cheng,  
 Siu Hung Chien,  D. M. Chipman,  D. L. Crittenden,  H. Dachsel,  
 R. J. Doerksen,  A. D. Dutoi,  R. G. Edgar,  J. Fosso-Tande,  
 L. Fusti-Molnar,  D. Ghosh,  A. Ghysels,  A. Golubeva-Zadorozhnaya,  
 J. Gonthier,  M. S. Gordon,  S. R. Gwaltney,  G. Hawkins,  J. E. Herr,  
 A. Heyden,  S. Hirata,  E. G. Hohenstein,  G. Kedziora,  F. J. Keil,  
 C. Kelley,  Jihan Kim,  R. A. King,  R. Z. Khaliullin,  P. P. Korambath,  
 W. Kurlancheek,  A. Laurent,  A. M. Lee,  M. S. Lee,  S. V. Levchenko,  
 Ching Yeh Lin,  D. Liotard,  E. Livshits,  R. C. Lochan,  I. Lotan,  
 L. A. Martinez-Martinez,  P. E. Maslen,  N. Nair,  D. P. O'Neill,  
 D. Neuhauser,  E. Neuscamman,  C. M. Oana,  R. Olivares-Amaya,  R. Olson,  
 T. M. Perrine,  B. Peters,  P. A. Pieniazek,  A. Prociuk,  Y. M. Rhee,  
 J. Ritchie,  M. A. Rohrdanz,  E. Rosta,  N. J. Russ,  H. F. Schaefer III,  
 M. W. Schmidt,  N. E. Schultz,  S. Sharma,  N. Shenvi,  C. D. Sherrill,  
 A. C. Simmonett,  A. Sodt,  T. Stein,  D. Stuck,  K. S. Thanthiriwatte,  
 V. Vanovschi,  L. Vogt,  Tao Wang,  A. Warshel,  M. A. Watson,  
 C. F. Williams,  Q. Wu,  X. Xu,  Jun Yang,  W. Zhang,  Yan Zhao

   Please cite Q-Chem as follows:
  "Software for the frontiers of quantum chemistry:
   An overview of developments in the Q-Chem 5 package"
   J. Chem. Phys. 155, 084801 (2021)
   https://doi.org/10.1063/5.0055522 (open access)

 Q-Chem 5.4.2 for Intel X86 EM64T Linux

 Parts of Q-Chem use Armadillo 9.900.5 (Nocturnal Misbehaviour).
 http://arma.sourceforge.net/

 Q-Chem begins on Tue Jan  2 12:40:43 2024  

 Host: 
0

     Scratch files written to /scratch/qchem375510//
 Dec1321 |scratch|qcdevops|jenkins|workspace|build_RNUM 5684   
 Processing $rem in /home/kchung25/qchem/5.4.0/config/preferences:
 Processing $rem in /home/kchung25/.qchemrc:

 Q-Chem warning in module libgen/rem_setup.C, line 3079:

 Neither GIA nor STOLL is specified by user. Use STOLL as the default


 Checking the input file for inconsistencies... 	...done.

--------------------------------------------------------------
User input:
--------------------------------------------------------------
$molecule
1 1
--
1 1
Li     0.000000     0.000000     0.000000
--
0 1
O      1.662605     0.000000    -0.979518
H      2.073385     0.762027    -1.395425
H      2.073385    -0.762027    -1.395425
O     -1.663924     0.000000    -0.977575
H     -2.075145     0.762032    -1.393035
H     -2.075145    -0.762032    -1.393035
O      0.000286     1.663355     0.978432
H     -0.761642     2.074836     1.393818
H      0.762446     2.074902     1.393328
O      0.000286    -1.663355     0.978432
H     -0.761642    -2.074835     1.393818
H      0.762446    -2.074902     1.393328
$end

$rem
JOBTYPE          eda
EDA2             1
METHOD           wB97M-V
BASIS            def2-TZVPPD
SYMMETRY         false
MEM_TOTAL        50000
MEM_STATIC       10000
THRESH           14
SCF_CONVERGENCE  8
XC_GRID          000099000590
NL_GRID          1
EDA_CLS_DISP     true
FD_MAT_VEC_PROD  FALSE
$end
--------------------------------------------------------------
 ----------------------------------------------------------------
             Standard Nuclear Orientation (Angstroms)
    I     Atom           X                Y                Z
 ----------------------------------------------------------------
    1      Li     -0.0000000327     0.0001833560    -0.0001038726
    2      O      -0.0000862522     1.6635977188     0.9780390355
    3      H       0.7619194234     2.0747609411     1.3936062922
    4      H      -0.7621345746     2.0746820160     1.3936061717
    5      O       0.0000860165    -1.6629317461     0.9788466409
    6      H       0.7621392605    -2.0737696110     1.3946465852
    7      H      -0.7619247375    -2.0738485367     1.3946464647
    8      O       1.6633550694    -0.0002535404    -0.9785356431
    9      H       2.0748755769    -0.7625034398    -1.3932914537
   10      H       2.0748626500     0.7615844458    -1.3940616755
   11      O      -1.6633549261    -0.0004258185    -0.9785359060
   12      H      -2.0747954175    -0.7627183360    -1.3932917817
   13      H      -2.0749413444     0.7613695426    -1.3940620034
 ----------------------------------------------------------------
 Molecular Point Group                 C1    NOp =  1
 Largest Abelian Subgroup              C1    NOp =  1
 Nuclear Repulsion Energy =         163.21073867 hartrees
 There are       21 alpha and       21 beta electrons
 Requested basis set is def2-TZVPPD
 There are 122 shells and 318 basis functions

 Q-Chem warning in module libmdc/get_mega.C, line 171:

 Allowed MEM_STATIC has been capped at MEM_STATIC=8191.
 Reduce the value of MEM_STATIC to silence this warning.


 Total QAlloc Memory Limit  50000 MB
 Mega-Array Size      8007 MB
 MEM_STATIC part      8191 MB

                       Distance Matrix (Angstroms)
             Li(  1)   O (  2)   H (  3)   H (  4)   O (  5)   H (  6)
   O (  2)  1.929692
   H (  3)  2.612819  0.960419
   H (  4)  2.612819  0.960419  1.524054
   O (  5)  1.929844  3.326530  3.837025  3.837025
   H (  6)  2.612942  3.836986  4.148531  4.419622  0.960418
   H (  7)  2.612942  3.836986  4.419622  4.148531  0.960418  1.524064
   O (  8)  1.929787  3.060004  3.278007  3.976860  3.059789  3.277751
   H (  9)  2.613000  3.976763  4.188165  4.885186  3.277585  3.348924
   H ( 10)  2.613026  3.278094  3.349529  4.188540  3.976641  4.188003
   O ( 11)  1.929787  3.060004  3.976860  3.278007  3.059789  3.976653
   H ( 12)  2.613000  3.976762  4.885186  4.188164  3.277584  4.188037
   H ( 13)  2.613026  3.278094  4.188540  3.349529  3.976641  4.885073
             H (  7)   O (  8)   H (  9)   H ( 10)   O ( 11)   H ( 12)
   O (  8)  3.976653
   H (  9)  4.188038  0.960415
   H ( 10)  4.885073  0.960415  1.524088
   O ( 11)  3.277751  3.326710  3.837597  3.837654
   H ( 12)  3.348924  3.837596  4.149671  4.420765  0.960414
   H ( 13)  4.188003  3.837654  4.420766  4.149804  0.960415  1.524088

 
 A cutoff of  1.0D-14 yielded   6905 shell pairs
 There are     46949 function pairs (     57079 Cartesian)
 Smallest overlap matrix eigenvalue = 7.84E-05

 Scale SEOQF with 1.000000e-01/1.000000e-01/1.000000e-01

 Standard Electronic Orientation quadrupole field applied
 Nucleus-field energy     =     0.0000000019 hartrees

 -----------------------------------------------------------------------
  General SCF calculation program by
  Eric Jon Sundstrom, Paul Horn, Yuezhi Mao, Dmitri Zuev, Alec White,
  David Stuck, Shaama M.S., Shane Yost, Joonho Lee, David Small,
  Daniel Levine, Susi Lehtola, Hugh Burton, Evgeny Epifanovsky,
  Bang C. Huynh
 -----------------------------------------------------------------------
================================================================
                 ALMO-EDA with the EDA2 driver                  
================================================================
 The second-generation ALMO-EDA (for DFT):                      
 P. R. Horn, Y. Mao and M. Head-Gordon, PCCP, 18, 23067 (2016)  
 Y. Mao et al. Annu. Rev. Phys. Chem. 72, 641 (2021)            
 Decomposition of the frozen energy:                            
 P. R. Horn, Y. Mao and M. Head-Gordon, JCP, 144, 114107 (2016) 
 FERF model for polarization:                                   
 P. R. Horn and M. Head-Gordon, JCP, 143, 114111 (2015)         
================================================================
 Using eda2 option set 1
 Option set summary: Frozen orbital wavefunction, initial wavefunction decomposition, and nDQ polarization.
--------------------------------
Printing EDA Options
--------------------------------
eda_child_super_basis      0
fragmo_guess_mode          0
child_mp                   1
child_mp_orders            232
cls_elec                   1
cls_disp                   1
scfmi_mode                 1
scfmi_occs                 0
scfmi_virts                0
frz_relax                  0
frz_relax_method           0
dc_pen_start               0
dc_pen_conv                0
dc_pen_increment           0
dc_pen_steps               0
dc_pen_thresh_factor       0
dc_pen_pre_newton_thresh   0
frz_ortho_decomp           1
frz_ortho_decomp_conv      6
plot_mo_ortho_frz          0
frgm_method                2
scfmi_freeze_ss            0
separate_rehyb             0
plot_diff_den              0
eda_nocv                   0
eda_vct_relax              1
disp_free_x                0
disp_free_c                0
eda_bsse                   0
eda_pct_a                  0
eda_covp                   0
--------------------------------
Attempting to make child job directory: /scratch/qchem375510//Frg1/
Attempting to make child job directory: /scratch/qchem375510//Frg2/
Creating input file /scratch/qchem375510/Frg1.input
using default PutDataFrgm: nothing
calling putenv with: QCSCRATCH=/scratch/qchem375510/ 
Spawning Job For Fragment 0
Done Job For Fragment 0
calling putenv with: QCSCRATCH=/scratch 
calling putenv with: QCTHREADS=6 
Creating input file /scratch/qchem375510/Frg2.input
using default PutDataFrgm: nothing
calling putenv with: QCSCRATCH=/scratch/qchem375510/ 
Spawning Job For Fragment 1
Done Job For Fragment 1
calling putenv with: QCSCRATCH=/scratch 
calling putenv with: QCTHREADS=6 
Doing General SCFMI
 Exchange:     0.1500 Hartree-Fock + 1.0000 wB97M-V + LR-HF
 Correlation:  1.0000 wB97M-V
 Using Euler-Maclaurin-Lebedev (99,590) quadrature formula
 Nonlocal Correlation:  VV10 with C = 0.0100 and b = 6.00 and scale = 1.00000
 Grid used for NLC:  SG-1 standard quadrature
performing fock build before subrot guess so that all methods have access
Printing subrot_rss_gen Method Specification:
Occupied Subspace Method is 0
Virtual Subspace Method is 0
Energy of the unrelaxed supersystem initial determinant -313.121996168438
write pseudocanon occs and virts to disk
write pseudocanon orbital energies to disk
Tolerance of ortho_decomp_scf: 1.00e-06
GDM subspace size: 20
Beginning the Orthogonal Decomposition of the Initial Supersystem Wavefunction
    1    -312.9425344751      2.29e-01     ortho_decomp Preconditoned Steepest Descent
    2    -312.9450599294      2.44e-03     ortho_decomp BFGS Step
    3    -312.9450607305      8.04e-05     ortho_decomp BFGS Step
    4    -312.9450607320      3.39e-06     ortho_decomp BFGS Step
    5    -312.9450607320      5.57e-08     ortho_decomp 00000 Convergence criterion met
 Hartree-Fock
 Hartree-Fock
 Hartree-Fock
 Exchange:     0.1500 Hartree-Fock + 1.0000 wB97M-V + LR-HF
 Correlation:  1.0000 wB97M-V
 Using Euler-Maclaurin-Lebedev (99,590) quadrature formula
 Nonlocal Correlation:  VV10 with C = 0.0100 and b = 6.00 and scale = 1.00000
 Grid used for NLC:  SG-1 standard quadrature
 Long-range K will be added via erf
 Coulomb attenuation parameter = 0.3 bohr**(-1)
 Nonlocal correlation = 1.755254561126e-01
Doing General SCFMI
 Exchange:     0.1500 Hartree-Fock + 1.0000 wB97M-V + LR-HF
 Correlation:  1.0000 wB97M-V
 Using Euler-Maclaurin-Lebedev (99,590) quadrature formula
 Nonlocal Correlation:  VV10 with C = 0.0100 and b = 6.00 and scale = 1.00000
 Grid used for NLC:  SG-1 standard quadrature
performing fock build at end of subrot_r(subrot) constructor so that all methods have access
<S^2> of initial wavefunction before polarization iterations 0.0000000000
Beginning iterations for the determination of the polarized wavefunction
Energy prior to optimization (guess energy) = -313.121996168438
Begin Timing: Total SCF Calculation
begin iterations for algorithm: DIIS         
the SCF tolerance is set to 1.00e-08
    1    -313.1219961684      1.53e-03     00000 
    2    -313.1719301356      8.25e-04     00000 
    3    -313.1789289607      3.09e-04     00000 
    4    -313.1799300830      5.43e-05     00000 
    5    -313.1799789384      7.97e-06     00000 
    6    -313.1799816526      1.35e-06     00000 
    7    -313.1799817587      1.30e-07     00000 
    8    -313.1799817598      2.83e-08     00000 
    9    -313.1799817598      8.06e-09     00000 Convergence criterion met
write pseudocanon occs and virts to disk
write pseudocanon orbital energies to disk
Timing for Total SCF: 73.00s (wall), 441.51s (cpu)
<S^2> of polarized wavefunction after polarization iterations 0.0000000000
relaxing scfmi constraint to allow all rotations in the entire AO span
Doing General SCFMI
 Exchange:     0.1500 Hartree-Fock + 1.0000 wB97M-V + LR-HF
 Correlation:  1.0000 wB97M-V
 Using Euler-Maclaurin-Lebedev (99,590) quadrature formula
 Nonlocal Correlation:  VV10 with C = 0.0100 and b = 6.00 and scale = 1.00000
 Grid used for NLC:  SG-1 standard quadrature
performing fock build at end of subrot_r(subrot) constructor so that all methods have access
<S^2> of polarized wavefunction before ct-allowed iterations 0.0000000000
Beginning iterations for the determination of the CT-Allowed wavefunction
Energy prior to optimization (guess energy) = -313.179981759849
Begin Timing: Total SCF Calculation
begin iterations for algorithm: DIIS         
the SCF tolerance is set to 1.00e-08
    1    -313.1799817598      5.18e-04     00000 
    2    -313.1878582385      4.20e-05     00000 
    3    -313.1879598386      8.75e-06     00000 
    4    -313.1879614845      6.59e-06     00000 
    5    -313.1879628079      8.34e-07     00000 
    6    -313.1879628346      8.60e-08     00000 
    7    -313.1879628355      1.37e-08     00000 
    8    -313.1879628355      2.37e-09     00000 Convergence criterion met
write pseudocanon occs and virts to disk
write pseudocanon orbital energies to disk
Timing for Total SCF: 64.00s (wall), 383.30s (cpu)
<S^2> of ct_allowed wavefunction after ct-allowed iterations 0.0000000000

================================
        Results of EDA2         
================================
Basic EDA Quantities
--------------------
Fragment Energies (Ha):
1   -7.2758394981
2 -305.7310893939
--------------------
  E_prp (kJ/mol) = -0.0000
  E_frz (kJ/mol) = -302.1127
  E_pol (kJ/mol) = -152.2430
  E_vct (kJ/mol) = -20.9546
  E_int (kJ/mol) = -475.3103
--------------------


Decomposition of frozen interaction energy
--------------------
  --------------------
  Orthogonal Frozen Decomposition:
  --------------------
     E_elec   (ELEC)   (kJ/mol) = -432.3774
     E_pauli  (PAULI)  (kJ/mol) = 143.5226
     E_disp   (DISP)   (kJ/mol) = -13.2580
  --------------------
  Classical Frozen Decomposition:
  --------------------
     E_cls_elec  (CLS ELEC)  (kJ/mol) = -410.0445
     E_mod_pauli (MOD PAULI) (kJ/mol) = 119.3451 (FRZ - CLS ELEC - CLS DISP)
     E_cls_disp  (CLS DISP)  (kJ/mol) = -11.4133
  --------------------
--------------------

Simplified EDA Summary (kJ/mol)
--------------------
 PREPARATION      -0.0000
 FROZEN           -302.1127 (ELEC + PAULI + DISP)
[ELEC + PAULI = -290.6994, DISP = -11.4133]
 POLARIZATION    -152.2430
 CHARGE TRANSFER -20.9546
 TOTAL           -475.3103     (PRP + FRZ + POL + CT)
--------------------
 
 --------------------------------------------------------------
 
                    Orbital Energies (a.u.)
 --------------------------------------------------------------
 
 Alpha MOs
 -- Occupied --
-19.5136 -19.5136 -19.5136 -19.5136  -2.1986  -1.3231  -1.3211  -1.3210
 -1.3198  -0.8223  -0.8196  -0.8196  -0.8131  -0.7194  -0.7016  -0.7015
 -0.6899  -0.6186  -0.6114  -0.6033  -0.6033
 -- Virtual --
 -0.1223  -0.0964  -0.0963  -0.0925  -0.0501  -0.0501  -0.0452  -0.0379
 -0.0122  -0.0066   0.0006   0.0006   0.0028   0.0076   0.0149   0.0180
  0.0180   0.0405   0.0405   0.0560   0.0561   0.0645   0.0940   0.0955
  0.1193   0.1267   0.1294   0.1352   0.1353   0.1513   0.1514   0.1580
  0.1630   0.1684   0.1706   0.1706   0.1755   0.1918   0.1918   0.1921
  0.2168   0.2276   0.2279   0.2389   0.2389   0.2409   0.2540   0.2540
  0.2673   0.2673   0.2762   0.2762   0.2774   0.2972   0.3041   0.3274
  0.3382   0.3417   0.3417   0.3480   0.3510   0.3992   0.3992   0.4190
  0.4328   0.4410   0.4686   0.4686   0.4913   0.4928   0.4969   0.5069
  0.5069   0.5086   0.5245   0.5246   0.5488   0.5717   0.5831   0.5831
  0.6165   0.6378   0.6515   0.6581   0.6582   0.7256   0.7256   0.7480
  0.7482   0.7682   0.7908   0.7920   0.8051   0.8051   0.8078   0.8418
  0.8573   0.9335   0.9862   0.9864   0.9941   0.9941   1.0001   1.0106
  1.0207   1.0260   1.0261   1.0319   1.0422   1.0997   1.1000   1.1168
  1.1233   1.1265   1.1638   1.1639   1.1976   1.1979   1.2035   1.2059
  1.2291   1.2601   1.2602   1.2805   1.2920   1.2921   1.3479   1.3597
  1.3617   1.3617   1.3656   1.4805   1.7298   1.8138   1.8169   1.8205
  1.8213   1.8214   1.8378   1.8521   1.8522   1.9512   2.0097   2.0097
  2.0742   2.0743   2.1023   2.1146   2.1188   2.1769   2.1934   2.2582
  2.2584   2.5500   2.6234   2.6923   2.6926   2.7589   2.7589   2.7653
  2.7811   2.7856   2.8229   2.8345   2.8346   3.0328   3.0761   3.0761
  3.1178   3.1246   3.1359   3.1360   3.1439   3.2140   3.2140   3.2542
  3.3077   3.3191   3.3229   3.3229   3.3233   3.3344   3.3344   3.3381
  3.3438   3.3486   3.3521   3.3521   3.4033   3.4131   3.4160   3.4237
  3.4237   3.5611   3.6349   3.6494   3.6496   3.7699   3.7700   3.7730
  3.7752   3.7978   3.8025   3.8027   3.8409   3.9523   3.9728   4.0120
  4.0121   4.0135   4.0212   4.0213   4.0231   4.0701   4.0720   4.0721
  4.0844   4.1295   4.1296   4.1570   4.2016   4.2071   4.2072   4.2466
  4.3798   4.5932   4.6135   4.6136   4.6284   4.6451   4.6473   4.6473
  4.6636   4.8434   4.8712   4.8712   4.8731   5.1213   5.1309   5.1613
  5.1614   5.5202   5.5303   5.5303   5.5339   6.0949   6.0950   6.1061
  6.1192   6.2192   6.2513   6.2515   6.3864   6.3880   6.3881   6.3956
  6.4269   6.4269   6.4269   6.4298   6.5016   6.5029   6.5030   6.5191
  6.5309   6.5310   6.5318   6.5320   6.6606   6.6845   6.7023   6.7042
  6.7164   6.7164   6.7621   6.7622   6.9106   6.9191   6.9191   6.9347
  7.3210   7.3944   7.3945   7.4466   7.5278   7.5278   7.5323   7.5528
  7.7428   7.7811   7.7812   7.8095  15.1121  44.2523  44.2523  44.2650
 44.2659
 --------------------------------------------------------------
 
          Ground-State Mulliken Net Atomic Charges

     Atom                 Charge (a.u.)
  ----------------------------------------
      1 Li                    0.890207
      2 O                    -0.306184
      3 H                     0.166822
      4 H                     0.166822
      5 O                    -0.306165
      6 H                     0.166800
      7 H                     0.166799
      8 O                    -0.306163
      9 H                     0.166804
     10 H                     0.166808
     11 O                    -0.306163
     12 H                     0.166804
     13 H                     0.166808
  ----------------------------------------
  Sum of atomic charges =     1.000000

 -----------------------------------------------------------------
                    Cartesian Multipole Moments
 -----------------------------------------------------------------
    Charge (ESU x 10^10)
                 4.8032
    Dipole Moment (Debye)
         X       0.0000      Y      -0.0000      Z       0.0031
       Tot       0.0031
    Quadrupole Moments (Debye-Ang)
        XX      -9.5283     XY      -0.0000     YY      -9.5452
        XZ      -0.0000     YZ      -0.0002     ZZ     -13.3057
    Octopole Moments (Debye-Ang^2)
       XXX       0.0000    XXY      -0.0096    XYY      -0.0000
       YYY       0.0196    XXZ     -21.6649    XYZ      -0.0022
       YYZ      21.6570    XZZ      -0.0000    YZZ      -0.0081
       ZZZ       0.0254
    Hexadecapole Moments (Debye-Ang^3)
      XXXX    -186.3812   XXXY      -0.0030   XXYY     -42.9572
      XYYY       0.0030   YYYY    -186.5041   XXXZ      -0.0000
      XXYZ       0.0049   XYYZ      -0.0000   YYYZ       0.0384
      XXZZ     -19.7389   XYZZ      -0.0000   YYZZ     -19.7269
      XZZZ       0.0000   YZZZ      -0.0390   ZZZZ    -166.0414
 -----------------------------------------------------------------
 Total job time:  811.61s(wall), 1708.33s(cpu) 
 Tue Jan  2 12:54:15 2024

        *************************************************************
        *                                                           *
        *  Thank you very much for using Q-Chem.  Have a nice day.  *
        *                                                           *
        *************************************************************


