
Running Job 1 of 1 024_Li-5Water_almo.in
qchem 024_Li-5Water_almo.in_376189.0 /scratch/qchem376189/ 6
/home/kchung25/qchem/5.4.0/exe/qcprog.exe_s 024_Li-5Water_almo.in_376189.0 /scratch/qchem376189/
                  Welcome to Q-Chem
     A Quantum Leap Into The Future Of Chemistry


 Q-Chem 5.4, Q-Chem, Inc., Pleasanton, CA (2021)

 E. Epifanovsky,  A. T. B. Gilbert,  Xintian Feng,  Joonho Lee,  Yuezhi Mao,  
 N. Mardirossian,  P. Pokhilko,  A. White,  M. Wormit,  M. P. Coons,  
 A. L. Dempwolff,  Zhengting Gan,  D. Hait,  P. R. Horn,  L. D. Jacobson,  
 I. Kaliman,  J. Kussmann,  A. W. Lange,  Ka Un Lao,  D. S. Levine,  Jie Liu,  
 S. C. McKenzie,  A. F. Morrison,  K. Nanda,  F. Plasser,  D. R. Rehn,  
 M. L. Vidal,  Zhi-Qiang You,  Ying Zhu,  B. Alam,  B. Albrecht,  
 A. Aldossary,  E. Alguire,  J. H. Andersen,  D. Barton,  K. Begam,  A. Behn,  
 Y. A. Bernard,  E. J. Berquist,  H. Burton,  A. Carreras,  K. Carter-Fenk,  
 Romit Chakraborty,  A. D. Chien,  K. D. Closser,  V. Cofer-Shabica,  
 S. Dasgupta,  Jia Deng,  M. de Wergifosse,  M. Diedenhofen,  Hainam Do,  
 S. Ehlert,  Po-Tung Fang,  S. Fatehi,  Qingguo Feng,  T. Friedhoff,  
 J. Gayvert,  Qinghui Ge,  G. Gidofalvi,  M. Goldey,  J. Gomes,  
 C. Gonzalez-Espinoza,  S. Gulania,  A. Gunina,  M. W. D. Hanson-Heine,  
 P. H. P. Harbach,  A. W. Hauser,  M. F. Herbst,  M. Hernandez Vera,  
 M. Hodecker,  Z. C. Holden,  S. Houck,  Xunkun Huang,  Kerwin Hui,  
 B. C. Huynh,  M. Ivanov,  Hyunjun Ji,  Hanjie Jiang,  B. Kaduk,  S. Kaehler,  
 K. Khistyaev,  Jaehoon Kim,  P. Klunzinger,  Z. Koczor-Benda,  
 Joong Hoon Koh,  D. Kosenkov,  L. Koulias,  T. Kowalczyk,  C. M. Krauter,  
 K. Kue,  A. Kunitsa,  T. Kus,  A. Landau,  K. V. Lawler,  D. Lefrancois,  
 S. Lehtola,  Rain Li,  Yi-Pei Li,  Jiashu Liang,  M. Liebenthal,  
 Hung-Hsuan Lin,  You-Sheng Lin,  Fenglai Liu,  Kuan-Yu Liu,  
 M. Loipersberger,  A. Luenser,  A. Manjanath,  P. Manohar,  E. Mansoor,  
 S. F. Manzer,  Shan-Ping Mao,  A. V. Marenich,  T. Markovich,  S. Mason,  
 S. A. Maurer,  P. F. McLaughlin,  M. F. S. J. Menger,  J.-M. Mewes,  
 S. A. Mewes,  P. Morgante,  J. W. Mullinax,  K. J. Oosterbaan,  G. Paran,  
 Alexander C. Paul,  Suranjan K. Paul,  F. Pavosevic,  Zheng Pei,  S. Prager,  
 E. I. Proynov,  E. Ramos,  B. Rana,  A. E. Rask,  A. Rettig,  R. M. Richard,  
 F. Rob,  E. Rossomme,  T. Scheele,  M. Scheurer,  M. Schneider,  
 N. Sergueev,  S. M. Sharada,  W. Skomorowski,  D. W. Small,  C. J. Stein,  
 Yu-Chuan Su,  E. J. Sundstrom,  Zhen Tao,  J. Thirman,  T. Tsuchimochi,  
 N. M. Tubman,  S. P. Veccham,  O. Vydrov,  J. Wenzel,  J. Witte,  A. Yamada,  
 Kun Yao,  S. Yeganeh,  S. R. Yost,  A. Zech,  Igor Ying Zhang,  Xing Zhang,  
 Yu Zhang,  D. Zuev,  A. Aspuru-Guzik,  A. T. Bell,  N. A. Besley,  
 K. B. Bravaya,  B. R. Brooks,  D. Casanova,  Jeng-Da Chai,  S. Coriani,  
 C. J. Cramer,  A. E. DePrince, III,  R. A. DiStasio Jr.,  A. Dreuw,  
 B. D. Dunietz,  T. R. Furlani,  W. A. Goddard III,  S. Grimme,  
 S. Hammes-Schiffer,  T. Head-Gordon,  W. J. Hehre,  Chao-Ping Hsu,  
 T.-C. Jagau,  Yousung Jung,  A. Klamt,  Jing Kong,  D. S. Lambrecht,  
 WanZhen Liang,  N. J. Mayhall,  C. W. McCurdy,  J. B. Neaton,  T. Neudecker,  
 C. Ochsenfeld,  J. A. Parkhill,  R. Peverati,  V. A. Rassolov,  Yihan Shao,  
 L. V. Slipchenko,  R. P. Steele,  J. E. Subotnik,  A. J. W. Thom,  
 A. Tkatchenko,  D. G. Truhlar,  T. Van Voorhis,  T. A. Wesolowski,  
 K. B. Whaley,  H. L. Woodcock III,  P. M. Zimmerman,  S. Faraji,  
 P. M. W. Gill,  M. Head-Gordon,  J. M. Herbert,  A. I. Krylov

 Additional authors since Version 5.4.0: 
 Chandrima Chakravarty,  L. Cunha,  R. Kang,  Yongbin Kim,  S. Kotaru,  
 Shaozhi Li,  Xiangyuan Li,  F. Matz,  A. Molle,  V. Parravicini,  
 Haisheng Ren,  Hengyuan Shen,  Yingli Su,  Hung-Yi Tsai,  C. Utku,  
 Fang Wang,  Jeff Yang,  F. Zeller

 Contributors to earlier versions of Q-Chem not listed above: 
 R. D. Adamson,  B. Austin,  R. Baer,  J. Baker,  G. J. O. Beran,  
 K. Brandhorst,  S. T. Brown,  E. F. C. Byrd,  Arup K. Chakraborty,  
 G. K. L. Chan,  Chun-Min Chang,  Yunqing Chen,  C.-L. Cheng,  
 Siu Hung Chien,  D. M. Chipman,  D. L. Crittenden,  H. Dachsel,  
 R. J. Doerksen,  A. D. Dutoi,  R. G. Edgar,  J. Fosso-Tande,  
 L. Fusti-Molnar,  D. Ghosh,  A. Ghysels,  A. Golubeva-Zadorozhnaya,  
 J. Gonthier,  M. S. Gordon,  S. R. Gwaltney,  G. Hawkins,  J. E. Herr,  
 A. Heyden,  S. Hirata,  E. G. Hohenstein,  G. Kedziora,  F. J. Keil,  
 C. Kelley,  Jihan Kim,  R. A. King,  R. Z. Khaliullin,  P. P. Korambath,  
 W. Kurlancheek,  A. Laurent,  A. M. Lee,  M. S. Lee,  S. V. Levchenko,  
 Ching Yeh Lin,  D. Liotard,  E. Livshits,  R. C. Lochan,  I. Lotan,  
 L. A. Martinez-Martinez,  P. E. Maslen,  N. Nair,  D. P. O'Neill,  
 D. Neuhauser,  E. Neuscamman,  C. M. Oana,  R. Olivares-Amaya,  R. Olson,  
 T. M. Perrine,  B. Peters,  P. A. Pieniazek,  A. Prociuk,  Y. M. Rhee,  
 J. Ritchie,  M. A. Rohrdanz,  E. Rosta,  N. J. Russ,  H. F. Schaefer III,  
 M. W. Schmidt,  N. E. Schultz,  S. Sharma,  N. Shenvi,  C. D. Sherrill,  
 A. C. Simmonett,  A. Sodt,  T. Stein,  D. Stuck,  K. S. Thanthiriwatte,  
 V. Vanovschi,  L. Vogt,  Tao Wang,  A. Warshel,  M. A. Watson,  
 C. F. Williams,  Q. Wu,  X. Xu,  Jun Yang,  W. Zhang,  Yan Zhao

   Please cite Q-Chem as follows:
  "Software for the frontiers of quantum chemistry:
   An overview of developments in the Q-Chem 5 package"
   J. Chem. Phys. 155, 084801 (2021)
   https://doi.org/10.1063/5.0055522 (open access)

 Q-Chem 5.4.2 for Intel X86 EM64T Linux

 Parts of Q-Chem use Armadillo 9.900.5 (Nocturnal Misbehaviour).
 http://arma.sourceforge.net/

 Q-Chem begins on Tue Jan  2 12:54:15 2024  

 Host: 
0

     Scratch files written to /scratch/qchem376189//
 Dec1321 |scratch|qcdevops|jenkins|workspace|build_RNUM 5684   
 Processing $rem in /home/kchung25/qchem/5.4.0/config/preferences:
 Processing $rem in /home/kchung25/.qchemrc:

 Q-Chem warning in module libgen/rem_setup.C, line 3079:

 Neither GIA nor STOLL is specified by user. Use STOLL as the default


 Checking the input file for inconsistencies... 	...done.

--------------------------------------------------------------
User input:
--------------------------------------------------------------
$molecule
1 1
--
1 1
Li     0.000000     0.000000     0.000000
--
0 1
O      3.713222     0.016710     0.000648
H      4.294887     0.778687     0.091204
H      4.305980    -0.736703    -0.089705
O     -1.187467     1.513210    -0.085851
H     -1.998484     1.683057     0.398519
H     -0.961041     2.345623    -0.506960
O     -1.172691    -1.525054     0.087012
H     -0.937416    -2.355207     0.507751
H     -1.981389    -1.703558    -0.398129
O      1.288730    -0.225964     1.412737
H      1.240636    -0.151784     2.367541
H      2.223417    -0.153396     1.174699
O      1.287118     0.239899    -1.412105
H      1.240058     0.167974    -2.367136
H      2.222132     0.172652    -1.173732
$end

$rem
JOBTYPE          eda
EDA2             1
METHOD           wB97M-V
BASIS            def2-TZVPPD
SYMMETRY         false
MEM_TOTAL        50000
MEM_STATIC       10000
THRESH           14
SCF_CONVERGENCE  8
XC_GRID          000099000590
NL_GRID          1
EDA_CLS_DISP     true
FD_MAT_VEC_PROD  FALSE
$end
--------------------------------------------------------------
 ----------------------------------------------------------------
             Standard Nuclear Orientation (Angstroms)
    I     Atom           X                Y                Z
 ----------------------------------------------------------------
    1      Li     -0.7751047341     0.0001768454    -0.0004447295
    2      O       2.9381547662    -0.0008641908    -0.0001902839
    3      H       3.5233921398     0.5929713354     0.4814735972
    4      H       3.5273676664    -0.5922546526    -0.4800260262
    5      O      -1.9554427027     1.3305746406     0.7371844191
    6      H      -2.7656683434     1.2190538345     1.2394875105
    7      H      -1.7250924143     2.2583786497     0.8245422534
    8      O      -1.9549544018    -1.3314327677    -0.7375577281
    9      H      -1.7235981557    -2.2589716635    -0.8251677691
   10      H      -2.7644665335    -1.2203544181    -1.2411147080
   11      O       0.5125022015    -0.9497897533     1.0706959773
   12      H       0.4647259009    -1.3962501949     1.9179603297
   13      H       1.4475278513    -0.7651507164     0.9057612861
   14      O       0.5131733532     0.9513058888    -1.0700044144
   15      H       0.4658073127     1.4001746757    -1.9160217491
   16      H       1.4478530469     0.7635220729    -0.9065842960
 ----------------------------------------------------------------
 Molecular Point Group                 C1    NOp =  1
 Largest Abelian Subgroup              C1    NOp =  1
 Nuclear Repulsion Energy =         234.37150404 hartrees
 There are       26 alpha and       26 beta electrons
 Requested basis set is def2-TZVPPD
 There are 150 shells and 392 basis functions

 Q-Chem warning in module libmdc/get_mega.C, line 171:

 Allowed MEM_STATIC has been capped at MEM_STATIC=8191.
 Reduce the value of MEM_STATIC to silence this warning.


 Total QAlloc Memory Limit  50000 MB
 Mega-Array Size      8007 MB
 MEM_STATIC part      8191 MB
 A cutoff of  1.0D-14 yielded  10041 shell pairs
 There are     67979 function pairs (     82465 Cartesian)
 Smallest overlap matrix eigenvalue = 6.03E-05

 Scale SEOQF with 1.000000e-01/1.000000e-01/1.000000e-01

 Standard Electronic Orientation quadrupole field applied
 Nucleus-field energy     =     0.0000000067 hartrees

 -----------------------------------------------------------------------
  General SCF calculation program by
  Eric Jon Sundstrom, Paul Horn, Yuezhi Mao, Dmitri Zuev, Alec White,
  David Stuck, Shaama M.S., Shane Yost, Joonho Lee, David Small,
  Daniel Levine, Susi Lehtola, Hugh Burton, Evgeny Epifanovsky,
  Bang C. Huynh
 -----------------------------------------------------------------------
================================================================
                 ALMO-EDA with the EDA2 driver                  
================================================================
 The second-generation ALMO-EDA (for DFT):                      
 P. R. Horn, Y. Mao and M. Head-Gordon, PCCP, 18, 23067 (2016)  
 Y. Mao et al. Annu. Rev. Phys. Chem. 72, 641 (2021)            
 Decomposition of the frozen energy:                            
 P. R. Horn, Y. Mao and M. Head-Gordon, JCP, 144, 114107 (2016) 
 FERF model for polarization:                                   
 P. R. Horn and M. Head-Gordon, JCP, 143, 114111 (2015)         
================================================================
 Using eda2 option set 1
 Option set summary: Frozen orbital wavefunction, initial wavefunction decomposition, and nDQ polarization.
--------------------------------
Printing EDA Options
--------------------------------
eda_child_super_basis      0
fragmo_guess_mode          0
child_mp                   1
child_mp_orders            232
cls_elec                   1
cls_disp                   1
scfmi_mode                 1
scfmi_occs                 0
scfmi_virts                0
frz_relax                  0
frz_relax_method           0
dc_pen_start               0
dc_pen_conv                0
dc_pen_increment           0
dc_pen_steps               0
dc_pen_thresh_factor       0
dc_pen_pre_newton_thresh   0
frz_ortho_decomp           1
frz_ortho_decomp_conv      6
plot_mo_ortho_frz          0
frgm_method                2
scfmi_freeze_ss            0
separate_rehyb             0
plot_diff_den              0
eda_nocv                   0
eda_vct_relax              1
disp_free_x                0
disp_free_c                0
eda_bsse                   0
eda_pct_a                  0
eda_covp                   0
--------------------------------
Attempting to make child job directory: /scratch/qchem376189//Frg1/
Attempting to make child job directory: /scratch/qchem376189//Frg2/
Creating input file /scratch/qchem376189/Frg1.input
using default PutDataFrgm: nothing
calling putenv with: QCSCRATCH=/scratch/qchem376189/ 
Spawning Job For Fragment 0
Done Job For Fragment 0
calling putenv with: QCSCRATCH=/scratch 
calling putenv with: QCTHREADS=6 
Creating input file /scratch/qchem376189/Frg2.input
using default PutDataFrgm: nothing
calling putenv with: QCSCRATCH=/scratch/qchem376189/ 
Spawning Job For Fragment 1
Done Job For Fragment 1
calling putenv with: QCSCRATCH=/scratch 
calling putenv with: QCTHREADS=6 
Doing General SCFMI
 Exchange:     0.1500 Hartree-Fock + 1.0000 wB97M-V + LR-HF
 Correlation:  1.0000 wB97M-V
 Using Euler-Maclaurin-Lebedev (99,590) quadrature formula
 Nonlocal Correlation:  VV10 with C = 0.0100 and b = 6.00 and scale = 1.00000
 Grid used for NLC:  SG-1 standard quadrature
performing fock build before subrot guess so that all methods have access
Printing subrot_rss_gen Method Specification:
Occupied Subspace Method is 0
Virtual Subspace Method is 0
Energy of the unrelaxed supersystem initial determinant -389.580663505898
write pseudocanon occs and virts to disk
write pseudocanon orbital energies to disk
Tolerance of ortho_decomp_scf: 1.00e-06
GDM subspace size: 20
Beginning the Orthogonal Decomposition of the Initial Supersystem Wavefunction
    1    -389.3843057096      2.06e-01     ortho_decomp Preconditoned Steepest Descent
    2    -389.3868655700      2.22e-03     ortho_decomp BFGS Step
    3    -389.3868664177      7.44e-05     ortho_decomp BFGS Step
    4    -389.3868664193      3.06e-06     ortho_decomp BFGS Step
    5    -389.3868664193      4.85e-08     ortho_decomp 00000 Convergence criterion met
 Hartree-Fock
 Hartree-Fock
 Hartree-Fock
 Exchange:     0.1500 Hartree-Fock + 1.0000 wB97M-V + LR-HF
 Correlation:  1.0000 wB97M-V
 Using Euler-Maclaurin-Lebedev (99,590) quadrature formula
 Nonlocal Correlation:  VV10 with C = 0.0100 and b = 6.00 and scale = 1.00000
 Grid used for NLC:  SG-1 standard quadrature
 Long-range K will be added via erf
 Coulomb attenuation parameter = 0.3 bohr**(-1)
 Nonlocal correlation = 2.156324135955e-01
Doing General SCFMI
 Exchange:     0.1500 Hartree-Fock + 1.0000 wB97M-V + LR-HF
 Correlation:  1.0000 wB97M-V
 Using Euler-Maclaurin-Lebedev (99,590) quadrature formula
 Nonlocal Correlation:  VV10 with C = 0.0100 and b = 6.00 and scale = 1.00000
 Grid used for NLC:  SG-1 standard quadrature
performing fock build at end of subrot_r(subrot) constructor so that all methods have access
<S^2> of initial wavefunction before polarization iterations 0.0000000000
Beginning iterations for the determination of the polarized wavefunction
Energy prior to optimization (guess energy) = -389.580663505898
Begin Timing: Total SCF Calculation
begin iterations for algorithm: DIIS         
the SCF tolerance is set to 1.00e-08
    1    -389.5806635059      1.25e-03     00000 
    2    -389.6323099300      6.85e-04     00000 
    3    -389.6398740115      2.52e-04     00000 
    4    -389.6409048216      4.56e-05     00000 
    5    -389.6409567625      8.25e-06     00000 
    6    -389.6409594505      5.49e-06     00000 
    7    -389.6409600365      8.22e-07     00000 
    8    -389.6409600765      1.41e-07     00000 
    9    -389.6409600772      6.39e-08     00000 
   10    -389.6409600773      2.21e-08     00000 
   11    -389.6409600773      2.76e-09     00000 Convergence criterion met
write pseudocanon occs and virts to disk
write pseudocanon orbital energies to disk
Timing for Total SCF: 161.00s (wall), 966.79s (cpu)
<S^2> of polarized wavefunction after polarization iterations 0.0000000000
relaxing scfmi constraint to allow all rotations in the entire AO span
Doing General SCFMI
 Exchange:     0.1500 Hartree-Fock + 1.0000 wB97M-V + LR-HF
 Correlation:  1.0000 wB97M-V
 Using Euler-Maclaurin-Lebedev (99,590) quadrature formula
 Nonlocal Correlation:  VV10 with C = 0.0100 and b = 6.00 and scale = 1.00000
 Grid used for NLC:  SG-1 standard quadrature
performing fock build at end of subrot_r(subrot) constructor so that all methods have access
<S^2> of polarized wavefunction before ct-allowed iterations 0.0000000000
Beginning iterations for the determination of the CT-Allowed wavefunction
Energy prior to optimization (guess energy) = -389.640960077340
Begin Timing: Total SCF Calculation
begin iterations for algorithm: DIIS         
the SCF tolerance is set to 1.00e-08
    1    -389.6409600773      4.19e-04     00000 
    2    -389.6486225308      3.33e-05     00000 
    3    -389.6487158834      7.14e-06     00000 
    4    -389.6487174340      5.44e-06     00000 
    5    -389.6487188074      6.31e-07     00000 
    6    -389.6487188307      9.09e-08     00000 
    7    -389.6487188315      5.94e-08     00000 
    8    -389.6487188317      9.77e-09     00000 Convergence criterion met
write pseudocanon occs and virts to disk
write pseudocanon orbital energies to disk
Timing for Total SCF: 113.00s (wall), 677.12s (cpu)
<S^2> of ct_allowed wavefunction after ct-allowed iterations 0.0000000000

================================
        Results of EDA2         
================================
Basic EDA Quantities
--------------------
Fragment Energies (Ha):
1   -7.2758394981
2 -382.1735488392
--------------------
  E_prp (kJ/mol) = 0.0000
  E_frz (kJ/mol) = -344.6670
  E_pol (kJ/mol) = -158.3105
  E_vct (kJ/mol) = -20.3709
  E_int (kJ/mol) = -523.3484
--------------------


Decomposition of frozen interaction energy
--------------------
  --------------------
  Orthogonal Frozen Decomposition:
  --------------------
     E_elec   (ELEC)   (kJ/mol) = -476.3196
     E_pauli  (PAULI)  (kJ/mol) = 145.0496
     E_disp   (DISP)   (kJ/mol) = -13.3970
  --------------------
  Classical Frozen Decomposition:
  --------------------
     E_cls_elec  (CLS ELEC)  (kJ/mol) = -453.8913
     E_mod_pauli (MOD PAULI) (kJ/mol) = 120.7333 (FRZ - CLS ELEC - CLS DISP)
     E_cls_disp  (CLS DISP)  (kJ/mol) = -11.5090
  --------------------
--------------------

Simplified EDA Summary (kJ/mol)
--------------------
 PREPARATION      0.0000
 FROZEN           -344.6670 (ELEC + PAULI + DISP)
[ELEC + PAULI = -333.1580, DISP = -11.5090]
 POLARIZATION    -158.3105
 CHARGE TRANSFER -20.3709
 TOTAL           -523.3484     (PRP + FRZ + POL + CT)
--------------------
 
 --------------------------------------------------------------
 
                    Orbital Energies (a.u.)
 --------------------------------------------------------------
 
 Alpha MOs
 -- Occupied --
-19.5123 -19.4980 -19.4980 -19.4849 -19.4849  -2.1780  -1.3198  -1.3066
 -1.3050  -1.2939  -1.2911  -0.8133  -0.8131  -0.8057  -0.8029  -0.7885
 -0.7026  -0.6924  -0.6821  -0.6677  -0.6641  -0.6049  -0.5963  -0.5935
 -0.5843  -0.5794
 -- Virtual --
 -0.1117  -0.0954  -0.0857  -0.0819  -0.0587  -0.0482  -0.0411  -0.0377
 -0.0167  -0.0133  -0.0009  -0.0003   0.0069   0.0132   0.0134   0.0177
  0.0235   0.0276   0.0291   0.0469   0.0499   0.0536   0.0682   0.0730
  0.0892   0.0950   0.1009   0.1017   0.1306   0.1312   0.1368   0.1368
  0.1499   0.1539   0.1650   0.1686   0.1687   0.1744   0.1839   0.1848
  0.1976   0.1989   0.2062   0.2077   0.2093   0.2224   0.2276   0.2297
  0.2311   0.2325   0.2413   0.2433   0.2506   0.2511   0.2560   0.2630
  0.2719   0.2738   0.2850   0.2888   0.2942   0.3008   0.3032   0.3121
  0.3185   0.3230   0.3324   0.3455   0.3808   0.3832   0.3935   0.4078
  0.4208   0.4232   0.4366   0.4381   0.4520   0.4598   0.4656   0.4676
  0.4765   0.4768   0.4921   0.5054   0.5085   0.5266   0.5268   0.5347
  0.5474   0.5587   0.5646   0.5770   0.5873   0.6038   0.6103   0.6393
  0.6503   0.6650   0.6670   0.6753   0.6813   0.6905   0.6992   0.7257
  0.7346   0.7352   0.7607   0.7939   0.8002   0.8011   0.8296   0.8376
  0.8382   0.8488   0.8627   0.8765   0.8944   0.9268   0.9539   0.9575
  0.9834   0.9860   0.9993   1.0109   1.0113   1.0161   1.0354   1.0364
  1.0530   1.0668   1.0726   1.0920   1.1143   1.1146   1.1323   1.1452
  1.1611   1.1649   1.1851   1.1882   1.2006   1.2403   1.2441   1.2452
  1.2570   1.2652   1.2707   1.2932   1.3025   1.3056   1.3354   1.3359
  1.3438   1.3578   1.3768   1.3868   1.4018   1.4253   1.4265   1.5000
  1.6423   1.7951   1.8050   1.8263   1.8394   1.8436   1.8478   1.8716
  1.8976   1.8992   1.9080   1.9188   1.9611   2.0062   2.0587   2.0770
  2.1259   2.1318   2.1382   2.1395   2.1697   2.1914   2.2097   2.2488
  2.2704   2.2931   2.3135   2.5837   2.6188   2.6302   2.6673   2.6967
  2.7684   2.7691   2.7915   2.8349   2.8397   2.8594   2.8743   2.9073
  2.9409   2.9416   3.0926   3.0996   3.1154   3.1452   3.1469   3.1693
  3.1728   3.2024   3.2113   3.2189   3.2266   3.2449   3.2761   3.2875
  3.3173   3.3203   3.3318   3.3378   3.3422   3.3497   3.3544   3.3559
  3.3588   3.3641   3.3656   3.3833   3.4021   3.4040   3.4251   3.4258
  3.4332   3.4539   3.4908   3.5541   3.5749   3.5919   3.6227   3.6562
  3.7537   3.7783   3.7970   3.7984   3.7988   3.8089   3.8202   3.8305
  3.8379   3.8771   3.9324   3.9946   3.9978   4.0011   4.0108   4.0376
  4.0400   4.0586   4.0619   4.0664   4.0746   4.1060   4.1114   4.1295
  4.1300   4.1478   4.1518   4.1769   4.1794   4.1943   4.2016   4.2245
  4.2594   4.2612   4.2973   4.2987   4.3323   4.6146   4.6163   4.6269
  4.6541   4.6545   4.6590   4.6645   4.6724   4.6851   4.7318   4.8713
  4.8766   4.8798   4.9516   4.9850   5.0967   5.1371   5.1659   5.1751
  5.2143   5.5386   5.5462   5.5463   5.5525   5.6007   6.0802   6.1051
  6.1090   6.1175   6.1564   6.2367   6.2786   6.2892   6.3921   6.4027
  6.4080   6.4089   6.4263   6.4424   6.4436   6.4486   6.4735   6.4801
  6.5095   6.5214   6.5265   6.5479   6.5592   6.5700   6.5722   6.5821
  6.5953   6.6707   6.6989   6.7010   6.7225   6.7276   6.7330   6.7457
  6.7567   6.7737   6.8070   6.8100   6.9421   6.9483   7.0158   7.0325
  7.0544   7.3497   7.3538   7.3812   7.4109   7.4540   7.4804   7.5277
  7.5323   7.5821   7.5861   7.7907   7.7928   7.8110   7.8581   7.8670
 15.2122  44.2531  44.3129  44.3371  44.3966  44.4076
 --------------------------------------------------------------
 
          Ground-State Mulliken Net Atomic Charges

     Atom                 Charge (a.u.)
  ----------------------------------------
      1 Li                    0.882496
      2 O                    -0.412271
      3 H                     0.208493
      4 H                     0.208169
      5 O                    -0.300169
      6 H                     0.163095
      7 H                     0.171926
      8 O                    -0.300367
      9 H                     0.172000
     10 H                     0.163177
     11 O                    -0.412914
     12 H                     0.138712
     13 H                     0.295910
     14 O                    -0.412930
     15 H                     0.138760
     16 H                     0.295912
  ----------------------------------------
  Sum of atomic charges =     1.000000

 -----------------------------------------------------------------
                    Cartesian Multipole Moments
 -----------------------------------------------------------------
    Charge (ESU x 10^10)
                 4.8032
    Dipole Moment (Debye)
         X       0.6103      Y       0.0030      Z      -0.0010
       Tot       0.6103
    Quadrupole Moments (Debye-Ang)
        XX       5.4771     XY      -0.0027     YY     -18.3245
        XZ       0.0058     YZ       1.3423     ZZ     -21.9496
    Octopole Moments (Debye-Ang^2)
       XXX      39.1842    XXY       0.0102    XYY     -17.3308
       YYY       0.0242    XXZ      -0.0059    XYZ     -14.3730
       YYZ      -0.0420    XZZ      -4.6104    YZZ      -0.0051
       ZZZ       0.0256
    Hexadecapole Moments (Debye-Ang^3)
      XXXX    -250.2341   XXXY      -0.1611   XXYY    -101.4671
      XYYY      -0.0061   YYYY    -170.4988   XXXZ      -0.0611
      XXYZ      56.3579   XYYZ       0.0122   YYYZ      21.2114
      XXZZ    -101.7777   XYZZ       0.0517   YYZZ     -37.1143
      XZZZ       0.0427   YZZZ     -27.8990   ZZZZ    -135.8056
 -----------------------------------------------------------------
 Total job time:  1569.77s(wall), 3229.59s(cpu) 
 Tue Jan  2 13:20:25 2024

        *************************************************************
        *                                                           *
        *  Thank you very much for using Q-Chem.  Have a nice day.  *
        *                                                           *
        *************************************************************


