
Running Job 1 of 1 032_K-5Water_almo.in
qchem 032_K-5Water_almo.in_381727.0 /scratch/qchem381727/ 6
/home/kchung25/qchem/5.4.0/exe/qcprog.exe_s 032_K-5Water_almo.in_381727.0 /scratch/qchem381727/
                  Welcome to Q-Chem
     A Quantum Leap Into The Future Of Chemistry


 Q-Chem 5.4, Q-Chem, Inc., Pleasanton, CA (2021)

 E. Epifanovsky,  A. T. B. Gilbert,  Xintian Feng,  Joonho Lee,  Yuezhi Mao,  
 N. Mardirossian,  P. Pokhilko,  A. White,  M. Wormit,  M. P. Coons,  
 A. L. Dempwolff,  Zhengting Gan,  D. Hait,  P. R. Horn,  L. D. Jacobson,  
 I. Kaliman,  J. Kussmann,  A. W. Lange,  Ka Un Lao,  D. S. Levine,  Jie Liu,  
 S. C. McKenzie,  A. F. Morrison,  K. Nanda,  F. Plasser,  D. R. Rehn,  
 M. L. Vidal,  Zhi-Qiang You,  Ying Zhu,  B. Alam,  B. Albrecht,  
 A. Aldossary,  E. Alguire,  J. H. Andersen,  D. Barton,  K. Begam,  A. Behn,  
 Y. A. Bernard,  E. J. Berquist,  H. Burton,  A. Carreras,  K. Carter-Fenk,  
 Romit Chakraborty,  A. D. Chien,  K. D. Closser,  V. Cofer-Shabica,  
 S. Dasgupta,  Jia Deng,  M. de Wergifosse,  M. Diedenhofen,  Hainam Do,  
 S. Ehlert,  Po-Tung Fang,  S. Fatehi,  Qingguo Feng,  T. Friedhoff,  
 J. Gayvert,  Qinghui Ge,  G. Gidofalvi,  M. Goldey,  J. Gomes,  
 C. Gonzalez-Espinoza,  S. Gulania,  A. Gunina,  M. W. D. Hanson-Heine,  
 P. H. P. Harbach,  A. W. Hauser,  M. F. Herbst,  M. Hernandez Vera,  
 M. Hodecker,  Z. C. Holden,  S. Houck,  Xunkun Huang,  Kerwin Hui,  
 B. C. Huynh,  M. Ivanov,  Hyunjun Ji,  Hanjie Jiang,  B. Kaduk,  S. Kaehler,  
 K. Khistyaev,  Jaehoon Kim,  P. Klunzinger,  Z. Koczor-Benda,  
 Joong Hoon Koh,  D. Kosenkov,  L. Koulias,  T. Kowalczyk,  C. M. Krauter,  
 K. Kue,  A. Kunitsa,  T. Kus,  A. Landau,  K. V. Lawler,  D. Lefrancois,  
 S. Lehtola,  Rain Li,  Yi-Pei Li,  Jiashu Liang,  M. Liebenthal,  
 Hung-Hsuan Lin,  You-Sheng Lin,  Fenglai Liu,  Kuan-Yu Liu,  
 M. Loipersberger,  A. Luenser,  A. Manjanath,  P. Manohar,  E. Mansoor,  
 S. F. Manzer,  Shan-Ping Mao,  A. V. Marenich,  T. Markovich,  S. Mason,  
 S. A. Maurer,  P. F. McLaughlin,  M. F. S. J. Menger,  J.-M. Mewes,  
 S. A. Mewes,  P. Morgante,  J. W. Mullinax,  K. J. Oosterbaan,  G. Paran,  
 Alexander C. Paul,  Suranjan K. Paul,  F. Pavosevic,  Zheng Pei,  S. Prager,  
 E. I. Proynov,  E. Ramos,  B. Rana,  A. E. Rask,  A. Rettig,  R. M. Richard,  
 F. Rob,  E. Rossomme,  T. Scheele,  M. Scheurer,  M. Schneider,  
 N. Sergueev,  S. M. Sharada,  W. Skomorowski,  D. W. Small,  C. J. Stein,  
 Yu-Chuan Su,  E. J. Sundstrom,  Zhen Tao,  J. Thirman,  T. Tsuchimochi,  
 N. M. Tubman,  S. P. Veccham,  O. Vydrov,  J. Wenzel,  J. Witte,  A. Yamada,  
 Kun Yao,  S. Yeganeh,  S. R. Yost,  A. Zech,  Igor Ying Zhang,  Xing Zhang,  
 Yu Zhang,  D. Zuev,  A. Aspuru-Guzik,  A. T. Bell,  N. A. Besley,  
 K. B. Bravaya,  B. R. Brooks,  D. Casanova,  Jeng-Da Chai,  S. Coriani,  
 C. J. Cramer,  A. E. DePrince, III,  R. A. DiStasio Jr.,  A. Dreuw,  
 B. D. Dunietz,  T. R. Furlani,  W. A. Goddard III,  S. Grimme,  
 S. Hammes-Schiffer,  T. Head-Gordon,  W. J. Hehre,  Chao-Ping Hsu,  
 T.-C. Jagau,  Yousung Jung,  A. Klamt,  Jing Kong,  D. S. Lambrecht,  
 WanZhen Liang,  N. J. Mayhall,  C. W. McCurdy,  J. B. Neaton,  T. Neudecker,  
 C. Ochsenfeld,  J. A. Parkhill,  R. Peverati,  V. A. Rassolov,  Yihan Shao,  
 L. V. Slipchenko,  R. P. Steele,  J. E. Subotnik,  A. J. W. Thom,  
 A. Tkatchenko,  D. G. Truhlar,  T. Van Voorhis,  T. A. Wesolowski,  
 K. B. Whaley,  H. L. Woodcock III,  P. M. Zimmerman,  S. Faraji,  
 P. M. W. Gill,  M. Head-Gordon,  J. M. Herbert,  A. I. Krylov

 Additional authors since Version 5.4.0: 
 Chandrima Chakravarty,  L. Cunha,  R. Kang,  Yongbin Kim,  S. Kotaru,  
 Shaozhi Li,  Xiangyuan Li,  F. Matz,  A. Molle,  V. Parravicini,  
 Haisheng Ren,  Hengyuan Shen,  Yingli Su,  Hung-Yi Tsai,  C. Utku,  
 Fang Wang,  Jeff Yang,  F. Zeller

 Contributors to earlier versions of Q-Chem not listed above: 
 R. D. Adamson,  B. Austin,  R. Baer,  J. Baker,  G. J. O. Beran,  
 K. Brandhorst,  S. T. Brown,  E. F. C. Byrd,  Arup K. Chakraborty,  
 G. K. L. Chan,  Chun-Min Chang,  Yunqing Chen,  C.-L. Cheng,  
 Siu Hung Chien,  D. M. Chipman,  D. L. Crittenden,  H. Dachsel,  
 R. J. Doerksen,  A. D. Dutoi,  R. G. Edgar,  J. Fosso-Tande,  
 L. Fusti-Molnar,  D. Ghosh,  A. Ghysels,  A. Golubeva-Zadorozhnaya,  
 J. Gonthier,  M. S. Gordon,  S. R. Gwaltney,  G. Hawkins,  J. E. Herr,  
 A. Heyden,  S. Hirata,  E. G. Hohenstein,  G. Kedziora,  F. J. Keil,  
 C. Kelley,  Jihan Kim,  R. A. King,  R. Z. Khaliullin,  P. P. Korambath,  
 W. Kurlancheek,  A. Laurent,  A. M. Lee,  M. S. Lee,  S. V. Levchenko,  
 Ching Yeh Lin,  D. Liotard,  E. Livshits,  R. C. Lochan,  I. Lotan,  
 L. A. Martinez-Martinez,  P. E. Maslen,  N. Nair,  D. P. O'Neill,  
 D. Neuhauser,  E. Neuscamman,  C. M. Oana,  R. Olivares-Amaya,  R. Olson,  
 T. M. Perrine,  B. Peters,  P. A. Pieniazek,  A. Prociuk,  Y. M. Rhee,  
 J. Ritchie,  M. A. Rohrdanz,  E. Rosta,  N. J. Russ,  H. F. Schaefer III,  
 M. W. Schmidt,  N. E. Schultz,  S. Sharma,  N. Shenvi,  C. D. Sherrill,  
 A. C. Simmonett,  A. Sodt,  T. Stein,  D. Stuck,  K. S. Thanthiriwatte,  
 V. Vanovschi,  L. Vogt,  Tao Wang,  A. Warshel,  M. A. Watson,  
 C. F. Williams,  Q. Wu,  X. Xu,  Jun Yang,  W. Zhang,  Yan Zhao

   Please cite Q-Chem as follows:
  "Software for the frontiers of quantum chemistry:
   An overview of developments in the Q-Chem 5 package"
   J. Chem. Phys. 155, 084801 (2021)
   https://doi.org/10.1063/5.0055522 (open access)

 Q-Chem 5.4.2 for Intel X86 EM64T Linux

 Parts of Q-Chem use Armadillo 9.900.5 (Nocturnal Misbehaviour).
 http://arma.sourceforge.net/

 Q-Chem begins on Tue Jan  2 15:58:21 2024  

 Host: 
0

     Scratch files written to /scratch/qchem381727//
 Dec1321 |scratch|qcdevops|jenkins|workspace|build_RNUM 5684   
 Processing $rem in /home/kchung25/qchem/5.4.0/config/preferences:
 Processing $rem in /home/kchung25/.qchemrc:

 Q-Chem warning in module libgen/rem_setup.C, line 3079:

 Neither GIA nor STOLL is specified by user. Use STOLL as the default


 Checking the input file for inconsistencies... 	...done.

--------------------------------------------------------------
User input:
--------------------------------------------------------------
$molecule
1 1
--
1 1
K      0.000000     0.000000     0.000000
--
0 1
O      2.562815    -0.694898     0.542792
H      3.373617    -0.354851     0.152568
H      2.804903    -1.571329     0.856340
O     -2.014501     1.400138    -0.990096
H     -2.534077     0.586214    -1.045531
H     -2.644148     2.124800    -0.955822
O     -1.898623    -1.351254    -1.253490
H     -1.423068    -1.204159    -2.082933
H     -2.473179    -2.106495    -1.402920
O      0.874127     0.783880     2.274824
H      0.884597     1.204885     3.136562
H      1.766396     0.455027     2.125638
O     -0.113837     0.285375    -2.618088
H     -0.754411     0.991430    -2.446719
H      0.230518     0.441625    -3.500921
$end

$rem
JOBTYPE          eda
EDA2             1
METHOD           wB97M-V
BASIS            def2-TZVPPD
SYMMETRY         false
MEM_TOTAL        50000
MEM_STATIC       10000
THRESH           14
SCF_CONVERGENCE  8
XC_GRID          000099000590
NL_GRID          1
EDA_CLS_DISP     true
FD_MAT_VEC_PROD  FALSE
$end
--------------------------------------------------------------
 ----------------------------------------------------------------
             Standard Nuclear Orientation (Angstroms)
    I     Atom           X                Y                Z
 ----------------------------------------------------------------
    1      K       0.2719650650    -0.1207165654    -0.1353160286
    2      O       2.5286136977     1.3726287461     0.0162881899
    3      H       2.8485684024     1.9060349279     0.7500548065
    4      H       2.9360803340     1.7727161652    -0.7576312137
    5      O      -1.9024469321    -1.3864954697     0.6823801370
    6      H      -2.3045951873    -1.2241077278    -0.1821495263
    7      H      -2.3530149221    -2.1487577327     1.0548177759
    8      O      -1.9452805978     0.2853765099    -1.5212467390
    9      H      -2.1663437592     1.0038179329    -0.9123640017
   10      H      -2.4528514588     0.4446841207    -2.3211378543
   11      O       2.4479295756    -1.4614205424     0.0098782962
   12      H       3.0354923891    -2.2183336574     0.0523010262
   13      H       3.0045503232    -0.6830713122     0.1142360738
   14      O      -1.6027520031     1.3133116994     1.0384732963
   15      H      -1.9674253539     0.4681764911     1.3400953671
   16      H      -1.9563069246     1.9852479881     1.6265966472
 ----------------------------------------------------------------
 Molecular Point Group                 C1    NOp =  1
 Largest Abelian Subgroup              C1    NOp =  1
 Nuclear Repulsion Energy =         369.04243414 hartrees
 There are       34 alpha and       34 beta electrons
 Requested basis set is def2-TZVPPD
 There are 154 shells and 406 basis functions

 Q-Chem warning in module libmdc/get_mega.C, line 171:

 Allowed MEM_STATIC has been capped at MEM_STATIC=8191.
 Reduce the value of MEM_STATIC to silence this warning.


 Total QAlloc Memory Limit  50000 MB
 Mega-Array Size      8007 MB
 MEM_STATIC part      8191 MB
 A cutoff of  1.0D-14 yielded  10231 shell pairs
 There are     69565 function pairs (     84140 Cartesian)
 Smallest overlap matrix eigenvalue = 4.77E-05

 Scale SEOQF with 1.000000e-01/1.000000e-01/1.000000e-01

 Standard Electronic Orientation quadrupole field applied
 Nucleus-field energy     =     0.0000000101 hartrees

 -----------------------------------------------------------------------
  General SCF calculation program by
  Eric Jon Sundstrom, Paul Horn, Yuezhi Mao, Dmitri Zuev, Alec White,
  David Stuck, Shaama M.S., Shane Yost, Joonho Lee, David Small,
  Daniel Levine, Susi Lehtola, Hugh Burton, Evgeny Epifanovsky,
  Bang C. Huynh
 -----------------------------------------------------------------------
================================================================
                 ALMO-EDA with the EDA2 driver                  
================================================================
 The second-generation ALMO-EDA (for DFT):                      
 P. R. Horn, Y. Mao and M. Head-Gordon, PCCP, 18, 23067 (2016)  
 Y. Mao et al. Annu. Rev. Phys. Chem. 72, 641 (2021)            
 Decomposition of the frozen energy:                            
 P. R. Horn, Y. Mao and M. Head-Gordon, JCP, 144, 114107 (2016) 
 FERF model for polarization:                                   
 P. R. Horn and M. Head-Gordon, JCP, 143, 114111 (2015)         
================================================================
 Using eda2 option set 1
 Option set summary: Frozen orbital wavefunction, initial wavefunction decomposition, and nDQ polarization.
--------------------------------
Printing EDA Options
--------------------------------
eda_child_super_basis      0
fragmo_guess_mode          0
child_mp                   1
child_mp_orders            232
cls_elec                   1
cls_disp                   1
scfmi_mode                 1
scfmi_occs                 0
scfmi_virts                0
frz_relax                  0
frz_relax_method           0
dc_pen_start               0
dc_pen_conv                0
dc_pen_increment           0
dc_pen_steps               0
dc_pen_thresh_factor       0
dc_pen_pre_newton_thresh   0
frz_ortho_decomp           1
frz_ortho_decomp_conv      6
plot_mo_ortho_frz          0
frgm_method                2
scfmi_freeze_ss            0
separate_rehyb             0
plot_diff_den              0
eda_nocv                   0
eda_vct_relax              1
disp_free_x                0
disp_free_c                0
eda_bsse                   0
eda_pct_a                  0
eda_covp                   0
--------------------------------
Attempting to make child job directory: /scratch/qchem381727//Frg1/
Attempting to make child job directory: /scratch/qchem381727//Frg2/
Creating input file /scratch/qchem381727/Frg1.input
using default PutDataFrgm: nothing
calling putenv with: QCSCRATCH=/scratch/qchem381727/ 
Spawning Job For Fragment 0
Done Job For Fragment 0
calling putenv with: QCSCRATCH=/scratch 
calling putenv with: QCTHREADS=6 
Creating input file /scratch/qchem381727/Frg2.input
using default PutDataFrgm: nothing
calling putenv with: QCSCRATCH=/scratch/qchem381727/ 
Spawning Job For Fragment 1
Done Job For Fragment 1
calling putenv with: QCSCRATCH=/scratch 
calling putenv with: QCTHREADS=6 
Doing General SCFMI
 Exchange:     0.1500 Hartree-Fock + 1.0000 wB97M-V + LR-HF
 Correlation:  1.0000 wB97M-V
 Using Euler-Maclaurin-Lebedev (99,590) quadrature formula
 Nonlocal Correlation:  VV10 with C = 0.0100 and b = 6.00 and scale = 1.00000
 Grid used for NLC:  SG-1 standard quadrature
performing fock build before subrot guess so that all methods have access
Printing subrot_rss_gen Method Specification:
Occupied Subspace Method is 0
Virtual Subspace Method is 0
Energy of the unrelaxed supersystem initial determinant -981.987355803231
write pseudocanon occs and virts to disk
write pseudocanon orbital energies to disk
Tolerance of ortho_decomp_scf: 1.00e-06
GDM subspace size: 20
Beginning the Orthogonal Decomposition of the Initial Supersystem Wavefunction
    1    -981.7826689999      2.98e-01     ortho_decomp Preconditoned Steepest Descent
    2    -981.8234735513      2.88e-03     ortho_decomp BFGS Step
    3    -981.8234907466      1.16e-04     ortho_decomp BFGS Step
    4    -981.8234907872      5.12e-06     ortho_decomp BFGS Step
    5    -981.8234907872      8.91e-08     ortho_decomp 00000 Convergence criterion met
 Hartree-Fock
 Hartree-Fock
 Hartree-Fock
 Exchange:     0.1500 Hartree-Fock + 1.0000 wB97M-V + LR-HF
 Correlation:  1.0000 wB97M-V
 Using Euler-Maclaurin-Lebedev (99,590) quadrature formula
 Nonlocal Correlation:  VV10 with C = 0.0100 and b = 6.00 and scale = 1.00000
 Grid used for NLC:  SG-1 standard quadrature
 Long-range K will be added via erf
 Coulomb attenuation parameter = 0.3 bohr**(-1)
 Nonlocal correlation = 2.809332543958e-01
Doing General SCFMI
 Exchange:     0.1500 Hartree-Fock + 1.0000 wB97M-V + LR-HF
 Correlation:  1.0000 wB97M-V
 Using Euler-Maclaurin-Lebedev (99,590) quadrature formula
 Nonlocal Correlation:  VV10 with C = 0.0100 and b = 6.00 and scale = 1.00000
 Grid used for NLC:  SG-1 standard quadrature
performing fock build at end of subrot_r(subrot) constructor so that all methods have access
<S^2> of initial wavefunction before polarization iterations 0.0000000000
Beginning iterations for the determination of the polarized wavefunction
Energy prior to optimization (guess energy) = -981.987355803230
Begin Timing: Total SCF Calculation
begin iterations for algorithm: DIIS         
the SCF tolerance is set to 1.00e-08
    1    -981.9873558032      7.80e-04     00000 
    2    -982.0112658292      3.64e-04     00000 
    3    -982.0136560559      1.48e-04     00000 
    4    -982.0140827870      4.40e-05     00000 
    5    -982.0141601153      1.31e-05     00000 
    6    -982.0141733098      3.98e-06     00000 
    7    -982.0141746819      1.47e-06     00000 
    8    -982.0141748533      4.15e-07     00000 
    9    -982.0141748642      2.35e-07     00000 
   10    -982.0141748656      6.03e-08     00000 
   11    -982.0141748657      2.08e-08     00000 
   12    -982.0141748658      6.95e-09     00000 Convergence criterion met
write pseudocanon occs and virts to disk
write pseudocanon orbital energies to disk
Timing for Total SCF: 191.00s (wall), 1146.61s (cpu)
<S^2> of polarized wavefunction after polarization iterations 0.0000000000
relaxing scfmi constraint to allow all rotations in the entire AO span
Doing General SCFMI
 Exchange:     0.1500 Hartree-Fock + 1.0000 wB97M-V + LR-HF
 Correlation:  1.0000 wB97M-V
 Using Euler-Maclaurin-Lebedev (99,590) quadrature formula
 Nonlocal Correlation:  VV10 with C = 0.0100 and b = 6.00 and scale = 1.00000
 Grid used for NLC:  SG-1 standard quadrature
performing fock build at end of subrot_r(subrot) constructor so that all methods have access
<S^2> of polarized wavefunction before ct-allowed iterations 0.0000000000
Beginning iterations for the determination of the CT-Allowed wavefunction
Energy prior to optimization (guess energy) = -982.014174865778
Begin Timing: Total SCF Calculation
begin iterations for algorithm: DIIS         
the SCF tolerance is set to 1.00e-08
    1    -982.0141748658      3.00e-04     00000 
    2    -982.0184227859      2.55e-05     00000 
    3    -982.0185264810      6.68e-06     00000 
    4    -982.0185290175      5.80e-06     00000 
    5    -982.0185307681      2.68e-07     00000 
    6    -982.0185307757      7.69e-08     00000 
    7    -982.0185307764      3.39e-08     00000 
    8    -982.0185307764      8.13e-09     00000 Convergence criterion met
write pseudocanon occs and virts to disk
write pseudocanon orbital energies to disk
Timing for Total SCF: 121.00s (wall), 725.28s (cpu)
<S^2> of ct_allowed wavefunction after ct-allowed iterations 0.0000000000

================================
        Results of EDA2         
================================
Basic EDA Quantities
--------------------
Fragment Energies (Ha):
1 -599.7243958034
2 -382.1987946055
--------------------
  E_prp (kJ/mol) = 0.0000
  E_frz (kJ/mol) = -168.4682
  E_pol (kJ/mol) = -70.4143
  E_vct (kJ/mol) = -11.4366
  E_int (kJ/mol) = -250.3191
--------------------


Decomposition of frozen interaction energy
--------------------
  --------------------
  Orthogonal Frozen Decomposition:
  --------------------
     E_elec   (ELEC)   (kJ/mol) = -355.3623
     E_pauli  (PAULI)  (kJ/mol) = 219.9855
     E_disp   (DISP)   (kJ/mol) = -33.0914
  --------------------
  Classical Frozen Decomposition:
  --------------------
     E_cls_elec  (CLS ELEC)  (kJ/mol) = -278.9764
     E_mod_pauli (MOD PAULI) (kJ/mol) = 140.8358 (FRZ - CLS ELEC - CLS DISP)
     E_cls_disp  (CLS DISP)  (kJ/mol) = -30.3276
  --------------------
--------------------

Simplified EDA Summary (kJ/mol)
--------------------
 PREPARATION      0.0000
 FROZEN           -168.4682 (ELEC + PAULI + DISP)
[ELEC + PAULI = -138.1407, DISP = -30.3276]
 POLARIZATION    -70.4143
 CHARGE TRANSFER -11.4366
 TOTAL           -250.3191     (PRP + FRZ + POL + CT)
--------------------
 
 --------------------------------------------------------------
 
                    Orbital Energies (a.u.)
 --------------------------------------------------------------
 
 Alpha MOs
 -- Occupied --
******** -19.5012 -19.4872 -19.4869 -19.4844 -19.4684 -13.4903 -10.7688
-10.7685 -10.7681  -1.5910  -1.3087  -1.3040  -1.2901  -1.2879  -1.2766
 -0.9460  -0.9425  -0.9412  -0.8130  -0.8031  -0.7898  -0.7882  -0.7811
 -0.6766  -0.6663  -0.6641  -0.6548  -0.6427  -0.5957  -0.5889  -0.5829
 -0.5811  -0.5653
 -- Virtual --
 -0.1129  -0.0947  -0.0817  -0.0815  -0.0560  -0.0470  -0.0405  -0.0317
 -0.0279  -0.0186  -0.0136  -0.0081  -0.0029  -0.0011   0.0003   0.0013
  0.0037   0.0111   0.0244   0.0296   0.0434   0.0463   0.0536   0.0608
  0.0649   0.0749   0.0856   0.0957   0.0992   0.1049   0.1142   0.1165
  0.1198   0.1246   0.1303   0.1442   0.1466   0.1524   0.1620   0.1675
  0.1728   0.1907   0.1945   0.2054   0.2067   0.2140   0.2187   0.2198
  0.2219   0.2260   0.2300   0.2323   0.2332   0.2408   0.2418   0.2471
  0.2523   0.2546   0.2589   0.2644   0.2715   0.2746   0.2779   0.2858
  0.2903   0.2953   0.3067   0.3099   0.3119   0.3174   0.3257   0.3289
  0.3370   0.3474   0.3519   0.3617   0.3694   0.3753   0.3862   0.3925
  0.4041   0.4124   0.4155   0.4220   0.4373   0.4410   0.4443   0.4551
  0.4586   0.4797   0.4927   0.5070   0.5143   0.5293   0.5420   0.5453
  0.5562   0.5609   0.5668   0.5689   0.5922   0.6075   0.6205   0.6304
  0.6489   0.6810   0.6882   0.6942   0.6976   0.7117   0.7217   0.7333
  0.7459   0.7520   0.7707   0.7783   0.7801   0.8061   0.8351   0.8555
  0.8654   0.8736   0.8757   0.8916   0.8994   0.9176   0.9267   0.9470
  0.9587   0.9673   0.9859   0.9974   1.0003   1.0137   1.0223   1.0312
  1.0396   1.0489   1.0580   1.0908   1.1006   1.1092   1.1226   1.1393
  1.1556   1.1630   1.1866   1.1887   1.2071   1.2350   1.2443   1.2490
  1.2537   1.2601   1.2758   1.2861   1.3017   1.3177   1.3213   1.3299
  1.3515   1.3549   1.3679   1.3864   1.4550   1.4585   1.4722   1.4824
  1.5153   1.5226   1.5965   1.6295   1.8142   1.8267   1.8303   1.8381
  1.8786   1.8816   1.8847   1.8944   1.9068   1.9154   1.9799   2.0408
  2.0824   2.0863   2.1015   2.1249   2.1418   2.1445   2.1459   2.1569
  2.1766   2.1877   2.1945   2.2143   2.2833   2.5528   2.6394   2.6500
  2.6714   2.6855   2.6906   2.7698   2.8184   2.8498   2.8617   2.8888
  2.8987   2.9136   2.9783   2.9995   3.0847   3.1009   3.1041   3.1119
  3.1180   3.1246   3.1398   3.1568   3.1736   3.1766   3.2261   3.2320
  3.2396   3.2596   3.2679   3.2965   3.3227   3.3348   3.3380   3.3421
  3.3529   3.3595   3.3620   3.3707   3.3845   3.3889   3.4022   3.4196
  3.4248   3.4440   3.4511   3.4759   3.4869   3.5117   3.5396   3.5654
  3.6616   3.6686   3.6842   3.7175   3.7718   3.7906   3.8154   3.8212
  3.8282   3.8593   3.8687   3.9188   3.9220   3.9631   3.9879   3.9974
  4.0073   4.0097   4.0246   4.0372   4.0591   4.0666   4.0753   4.0832
  4.0959   4.1072   4.1252   4.1403   4.1467   4.1585   4.1678   4.1830
  4.1929   4.2088   4.2157   4.2565   4.2608   4.2658   4.2823   4.5903
  4.5919   4.6306   4.6397   4.6443   4.6563   4.6969   4.7023   4.7061
  4.7148   4.8622   4.9158   4.9405   4.9527   4.9996   5.0815   5.1143
  5.1375   5.1597   5.1641   5.5491   5.5516   5.5545   5.5617   5.5735
  6.0908   6.1090   6.1158   6.1248   6.1519   6.3869   6.3914   6.4159
  6.4172   6.4262   6.4355   6.4731   6.4745   6.4754   6.4875   6.5203
  6.5348   6.5461   6.5703   6.5716   6.5879   6.5955   6.6090   6.6166
  6.6192   6.6406   6.6733   6.6767   6.6823   6.6859   6.7229   6.7546
  6.7697   6.7721   6.7798   6.9321   6.9997   7.0115   7.0199   7.0577
  7.3627   7.3774   7.3914   7.4007   7.4022   7.5120   7.5461   7.5734
  7.5836   7.5975   7.7198   7.7789   7.7965   7.8293   7.8355  44.2312
 44.2619  44.3231  44.3504  44.3836
 --------------------------------------------------------------
 
          Ground-State Mulliken Net Atomic Charges

     Atom                 Charge (a.u.)
  ----------------------------------------
      1 K                     1.037186
      2 O                    -0.331190
      3 H                     0.171579
      4 H                     0.180319
      5 O                    -0.399204
      6 H                     0.264783
      7 H                     0.118130
      8 O                    -0.402031
      9 H                     0.267115
     10 H                     0.118575
     11 O                    -0.389750
     12 H                     0.128734
     13 H                     0.247373
     14 O                    -0.402023
     15 H                     0.271701
     16 H                     0.118704
  ----------------------------------------
  Sum of atomic charges =     1.000000

 -----------------------------------------------------------------
                    Cartesian Multipole Moments
 -----------------------------------------------------------------
    Charge (ESU x 10^10)
                 4.8032
    Dipole Moment (Debye)
         X       0.3652      Y       1.4830      Z       0.0418
       Tot       1.5279
    Quadrupole Moments (Debye-Ang)
        XX      -6.0121     XY       4.2626     YY     -26.4987
        XZ       0.2004     YZ      -0.2153     ZZ     -33.1831
    Octopole Moments (Debye-Ang^2)
       XXX      32.0631    XXY       7.1614    XYY       9.6205
       YYY      -1.9957    XXZ      -1.5827    XYZ       1.2253
       YYZ      12.0170    XZZ     -19.7337    YZZ      12.2130
       ZZZ      -6.7150
    Hexadecapole Moments (Debye-Ang^3)
      XXXX    -621.2942   XXXY      28.6612   XXYY     -49.5816
      XYYY      15.2502   YYYY    -255.3989   XXXZ      16.8504
      XXYZ     -12.4142   XYYZ     -24.5503   YYYZ       3.7161
      XXZZ    -116.7351   XYZZ       0.5768   YYZZ     -64.6745
      XZZZ      21.1903   YZZZ       1.6427   ZZZZ    -150.4665
 -----------------------------------------------------------------
 Total job time:  1531.02s(wall), 3598.07s(cpu) 
 Tue Jan  2 16:23:52 2024

        *************************************************************
        *                                                           *
        *  Thank you very much for using Q-Chem.  Have a nice day.  *
        *                                                           *
        *************************************************************


