
Running Job 1 of 1 037_F-6Water_almo.in
qchem 037_F-6Water_almo.in_388004.0 /scratch/qchem388004/ 6
/home/kchung25/qchem/5.4.0/exe/qcprog.exe_s 037_F-6Water_almo.in_388004.0 /scratch/qchem388004/
                  Welcome to Q-Chem
     A Quantum Leap Into The Future Of Chemistry


 Q-Chem 5.4, Q-Chem, Inc., Pleasanton, CA (2021)

 E. Epifanovsky,  A. T. B. Gilbert,  Xintian Feng,  Joonho Lee,  Yuezhi Mao,  
 N. Mardirossian,  P. Pokhilko,  A. White,  M. Wormit,  M. P. Coons,  
 A. L. Dempwolff,  Zhengting Gan,  D. Hait,  P. R. Horn,  L. D. Jacobson,  
 I. Kaliman,  J. Kussmann,  A. W. Lange,  Ka Un Lao,  D. S. Levine,  Jie Liu,  
 S. C. McKenzie,  A. F. Morrison,  K. Nanda,  F. Plasser,  D. R. Rehn,  
 M. L. Vidal,  Zhi-Qiang You,  Ying Zhu,  B. Alam,  B. Albrecht,  
 A. Aldossary,  E. Alguire,  J. H. Andersen,  D. Barton,  K. Begam,  A. Behn,  
 Y. A. Bernard,  E. J. Berquist,  H. Burton,  A. Carreras,  K. Carter-Fenk,  
 Romit Chakraborty,  A. D. Chien,  K. D. Closser,  V. Cofer-Shabica,  
 S. Dasgupta,  Jia Deng,  M. de Wergifosse,  M. Diedenhofen,  Hainam Do,  
 S. Ehlert,  Po-Tung Fang,  S. Fatehi,  Qingguo Feng,  T. Friedhoff,  
 J. Gayvert,  Qinghui Ge,  G. Gidofalvi,  M. Goldey,  J. Gomes,  
 C. Gonzalez-Espinoza,  S. Gulania,  A. Gunina,  M. W. D. Hanson-Heine,  
 P. H. P. Harbach,  A. W. Hauser,  M. F. Herbst,  M. Hernandez Vera,  
 M. Hodecker,  Z. C. Holden,  S. Houck,  Xunkun Huang,  Kerwin Hui,  
 B. C. Huynh,  M. Ivanov,  Hyunjun Ji,  Hanjie Jiang,  B. Kaduk,  S. Kaehler,  
 K. Khistyaev,  Jaehoon Kim,  P. Klunzinger,  Z. Koczor-Benda,  
 Joong Hoon Koh,  D. Kosenkov,  L. Koulias,  T. Kowalczyk,  C. M. Krauter,  
 K. Kue,  A. Kunitsa,  T. Kus,  A. Landau,  K. V. Lawler,  D. Lefrancois,  
 S. Lehtola,  Rain Li,  Yi-Pei Li,  Jiashu Liang,  M. Liebenthal,  
 Hung-Hsuan Lin,  You-Sheng Lin,  Fenglai Liu,  Kuan-Yu Liu,  
 M. Loipersberger,  A. Luenser,  A. Manjanath,  P. Manohar,  E. Mansoor,  
 S. F. Manzer,  Shan-Ping Mao,  A. V. Marenich,  T. Markovich,  S. Mason,  
 S. A. Maurer,  P. F. McLaughlin,  M. F. S. J. Menger,  J.-M. Mewes,  
 S. A. Mewes,  P. Morgante,  J. W. Mullinax,  K. J. Oosterbaan,  G. Paran,  
 Alexander C. Paul,  Suranjan K. Paul,  F. Pavosevic,  Zheng Pei,  S. Prager,  
 E. I. Proynov,  E. Ramos,  B. Rana,  A. E. Rask,  A. Rettig,  R. M. Richard,  
 F. Rob,  E. Rossomme,  T. Scheele,  M. Scheurer,  M. Schneider,  
 N. Sergueev,  S. M. Sharada,  W. Skomorowski,  D. W. Small,  C. J. Stein,  
 Yu-Chuan Su,  E. J. Sundstrom,  Zhen Tao,  J. Thirman,  T. Tsuchimochi,  
 N. M. Tubman,  S. P. Veccham,  O. Vydrov,  J. Wenzel,  J. Witte,  A. Yamada,  
 Kun Yao,  S. Yeganeh,  S. R. Yost,  A. Zech,  Igor Ying Zhang,  Xing Zhang,  
 Yu Zhang,  D. Zuev,  A. Aspuru-Guzik,  A. T. Bell,  N. A. Besley,  
 K. B. Bravaya,  B. R. Brooks,  D. Casanova,  Jeng-Da Chai,  S. Coriani,  
 C. J. Cramer,  A. E. DePrince, III,  R. A. DiStasio Jr.,  A. Dreuw,  
 B. D. Dunietz,  T. R. Furlani,  W. A. Goddard III,  S. Grimme,  
 S. Hammes-Schiffer,  T. Head-Gordon,  W. J. Hehre,  Chao-Ping Hsu,  
 T.-C. Jagau,  Yousung Jung,  A. Klamt,  Jing Kong,  D. S. Lambrecht,  
 WanZhen Liang,  N. J. Mayhall,  C. W. McCurdy,  J. B. Neaton,  T. Neudecker,  
 C. Ochsenfeld,  J. A. Parkhill,  R. Peverati,  V. A. Rassolov,  Yihan Shao,  
 L. V. Slipchenko,  R. P. Steele,  J. E. Subotnik,  A. J. W. Thom,  
 A. Tkatchenko,  D. G. Truhlar,  T. Van Voorhis,  T. A. Wesolowski,  
 K. B. Whaley,  H. L. Woodcock III,  P. M. Zimmerman,  S. Faraji,  
 P. M. W. Gill,  M. Head-Gordon,  J. M. Herbert,  A. I. Krylov

 Additional authors since Version 5.4.0: 
 Chandrima Chakravarty,  L. Cunha,  R. Kang,  Yongbin Kim,  S. Kotaru,  
 Shaozhi Li,  Xiangyuan Li,  F. Matz,  A. Molle,  V. Parravicini,  
 Haisheng Ren,  Hengyuan Shen,  Yingli Su,  Hung-Yi Tsai,  C. Utku,  
 Fang Wang,  Jeff Yang,  F. Zeller

 Contributors to earlier versions of Q-Chem not listed above: 
 R. D. Adamson,  B. Austin,  R. Baer,  J. Baker,  G. J. O. Beran,  
 K. Brandhorst,  S. T. Brown,  E. F. C. Byrd,  Arup K. Chakraborty,  
 G. K. L. Chan,  Chun-Min Chang,  Yunqing Chen,  C.-L. Cheng,  
 Siu Hung Chien,  D. M. Chipman,  D. L. Crittenden,  H. Dachsel,  
 R. J. Doerksen,  A. D. Dutoi,  R. G. Edgar,  J. Fosso-Tande,  
 L. Fusti-Molnar,  D. Ghosh,  A. Ghysels,  A. Golubeva-Zadorozhnaya,  
 J. Gonthier,  M. S. Gordon,  S. R. Gwaltney,  G. Hawkins,  J. E. Herr,  
 A. Heyden,  S. Hirata,  E. G. Hohenstein,  G. Kedziora,  F. J. Keil,  
 C. Kelley,  Jihan Kim,  R. A. King,  R. Z. Khaliullin,  P. P. Korambath,  
 W. Kurlancheek,  A. Laurent,  A. M. Lee,  M. S. Lee,  S. V. Levchenko,  
 Ching Yeh Lin,  D. Liotard,  E. Livshits,  R. C. Lochan,  I. Lotan,  
 L. A. Martinez-Martinez,  P. E. Maslen,  N. Nair,  D. P. O'Neill,  
 D. Neuhauser,  E. Neuscamman,  C. M. Oana,  R. Olivares-Amaya,  R. Olson,  
 T. M. Perrine,  B. Peters,  P. A. Pieniazek,  A. Prociuk,  Y. M. Rhee,  
 J. Ritchie,  M. A. Rohrdanz,  E. Rosta,  N. J. Russ,  H. F. Schaefer III,  
 M. W. Schmidt,  N. E. Schultz,  S. Sharma,  N. Shenvi,  C. D. Sherrill,  
 A. C. Simmonett,  A. Sodt,  T. Stein,  D. Stuck,  K. S. Thanthiriwatte,  
 V. Vanovschi,  L. Vogt,  Tao Wang,  A. Warshel,  M. A. Watson,  
 C. F. Williams,  Q. Wu,  X. Xu,  Jun Yang,  W. Zhang,  Yan Zhao

   Please cite Q-Chem as follows:
  "Software for the frontiers of quantum chemistry:
   An overview of developments in the Q-Chem 5 package"
   J. Chem. Phys. 155, 084801 (2021)
   https://doi.org/10.1063/5.0055522 (open access)

 Q-Chem 5.4.2 for Intel X86 EM64T Linux

 Parts of Q-Chem use Armadillo 9.900.5 (Nocturnal Misbehaviour).
 http://arma.sourceforge.net/

 Q-Chem begins on Tue Jan  2 17:59:58 2024  

 Host: 
0

     Scratch files written to /scratch/qchem388004//
 Dec1321 |scratch|qcdevops|jenkins|workspace|build_RNUM 5684   
 Processing $rem in /home/kchung25/qchem/5.4.0/config/preferences:
 Processing $rem in /home/kchung25/.qchemrc:

 Q-Chem warning in module libgen/rem_setup.C, line 3079:

 Neither GIA nor STOLL is specified by user. Use STOLL as the default


 Checking the input file for inconsistencies... 	...done.

--------------------------------------------------------------
User input:
--------------------------------------------------------------
$molecule
-1 1
--
-1 1
F      0.000000     0.000000     0.000000
--
0 1
O      2.615040     0.830855    -0.306548
H      1.779183     0.354941    -0.172646
H      2.290422     1.727088    -0.437083
O      0.173453     2.717899    -0.376765
H      0.091851     1.810760    -0.035543
H     -0.211367     2.609582    -1.253149
O     -2.664729    -0.415500    -0.147684
H     -1.741393    -0.110673    -0.063872
H     -2.520127    -1.364697    -0.235724
O     -0.665239    -2.671544     0.084735
H     -0.273898    -1.812643    -0.151117
H     -0.743278    -2.563566     1.039506
O     -0.855421    -0.807340     2.436516
H     -0.394648    -0.437707     1.658496
H     -1.773466    -0.627104     2.215378
O     -0.924112     0.790296    -2.457210
H     -0.429820     0.436903    -1.696363
H     -1.826383     0.561602    -2.213630
$end

$rem
JOBTYPE          eda
EDA2             1
METHOD           wB97M-V
BASIS            def2-TZVPPD
SYMMETRY         false
MEM_TOTAL        50000
MEM_STATIC       10000
THRESH           14
SCF_CONVERGENCE  8
XC_GRID          000099000590
NL_GRID          1
EDA_CLS_DISP     true
FD_MAT_VEC_PROD  FALSE
$end
--------------------------------------------------------------
 ----------------------------------------------------------------
             Standard Nuclear Orientation (Angstroms)
    I     Atom           X                Y                Z
 ----------------------------------------------------------------
    1      F      -0.1034215643    -0.3414058693     0.1111133219
    2      O      -2.2544234141    -1.9037735226     0.8560457129
    3      H      -1.3956315373    -1.4689480278     0.7276552661
    4      H      -2.8002773064    -1.4044300490     0.2409445454
    5      O      -2.3761517302     0.3085622355    -1.2928994410
    6      H      -1.5216401622    -0.0305872757    -0.9754406341
    7      H      -2.4257077260     1.1384813715    -0.8064363373
    8      O       1.5882805520     1.6334480463    -0.6191793722
    9      H       0.8943348031     0.9595685996    -0.4894908641
   10      H       2.1865368270     1.3978338465     0.0992989525
   11      O       2.2872633831    -0.4311466484     1.4761929408
   12      H       1.3423904353    -0.3976618838     1.2468923630
   13      H       2.6170690623    -0.9713731495     0.7490612211
   14      O       1.9026210019    -1.4496738543    -1.3268326010
   15      H       1.0771399055    -1.2118881227    -0.8617580501
   16      H       2.1777516087    -0.5954849563    -1.6715906735
   17      O      -1.1445241051     2.0862884031     0.8451690141
   18      H      -0.8531423483     1.1600955329     0.7719379405
   19      H      -0.3925549831     2.5474096605     0.4609363437
 ----------------------------------------------------------------
 Molecular Point Group                 C1    NOp =  1
 Largest Abelian Subgroup              C1    NOp =  1
 Nuclear Repulsion Energy =         376.38372239 hartrees
 There are       35 alpha and       35 beta electrons
 Requested basis set is def2-TZVPPD
 There are 182 shells and 484 basis functions

 Q-Chem warning in module libmdc/get_mega.C, line 171:

 Allowed MEM_STATIC has been capped at MEM_STATIC=8191.
 Reduce the value of MEM_STATIC to silence this warning.


 Total QAlloc Memory Limit  50000 MB
 Mega-Array Size      8007 MB
 MEM_STATIC part      8191 MB
 A cutoff of  1.0D-14 yielded  14947 shell pairs
 There are    104481 function pairs (    127851 Cartesian)
 Smallest overlap matrix eigenvalue = 3.45E-05

 Scale SEOQF with 1.000000e-01/1.000000e-01/1.000000e-01

 Standard Electronic Orientation quadrupole field applied
 Nucleus-field energy     =     0.0000000096 hartrees

 -----------------------------------------------------------------------
  General SCF calculation program by
  Eric Jon Sundstrom, Paul Horn, Yuezhi Mao, Dmitri Zuev, Alec White,
  David Stuck, Shaama M.S., Shane Yost, Joonho Lee, David Small,
  Daniel Levine, Susi Lehtola, Hugh Burton, Evgeny Epifanovsky,
  Bang C. Huynh
 -----------------------------------------------------------------------
================================================================
                 ALMO-EDA with the EDA2 driver                  
================================================================
 The second-generation ALMO-EDA (for DFT):                      
 P. R. Horn, Y. Mao and M. Head-Gordon, PCCP, 18, 23067 (2016)  
 Y. Mao et al. Annu. Rev. Phys. Chem. 72, 641 (2021)            
 Decomposition of the frozen energy:                            
 P. R. Horn, Y. Mao and M. Head-Gordon, JCP, 144, 114107 (2016) 
 FERF model for polarization:                                   
 P. R. Horn and M. Head-Gordon, JCP, 143, 114111 (2015)         
================================================================
 Using eda2 option set 1
 Option set summary: Frozen orbital wavefunction, initial wavefunction decomposition, and nDQ polarization.
--------------------------------
Printing EDA Options
--------------------------------
eda_child_super_basis      0
fragmo_guess_mode          0
child_mp                   1
child_mp_orders            232
cls_elec                   1
cls_disp                   1
scfmi_mode                 1
scfmi_occs                 0
scfmi_virts                0
frz_relax                  0
frz_relax_method           0
dc_pen_start               0
dc_pen_conv                0
dc_pen_increment           0
dc_pen_steps               0
dc_pen_thresh_factor       0
dc_pen_pre_newton_thresh   0
frz_ortho_decomp           1
frz_ortho_decomp_conv      6
plot_mo_ortho_frz          0
frgm_method                2
scfmi_freeze_ss            0
separate_rehyb             0
plot_diff_den              0
eda_nocv                   0
eda_vct_relax              1
disp_free_x                0
disp_free_c                0
eda_bsse                   0
eda_pct_a                  0
eda_covp                   0
--------------------------------
Attempting to make child job directory: /scratch/qchem388004//Frg1/
Attempting to make child job directory: /scratch/qchem388004//Frg2/
Creating input file /scratch/qchem388004/Frg1.input
using default PutDataFrgm: nothing
calling putenv with: QCSCRATCH=/scratch/qchem388004/ 
Spawning Job For Fragment 0
Done Job For Fragment 0
calling putenv with: QCSCRATCH=/scratch 
calling putenv with: QCTHREADS=6 
Creating input file /scratch/qchem388004/Frg2.input
using default PutDataFrgm: nothing
calling putenv with: QCSCRATCH=/scratch/qchem388004/ 
Spawning Job For Fragment 1
Done Job For Fragment 1
calling putenv with: QCSCRATCH=/scratch 
calling putenv with: QCTHREADS=6 
Doing General SCFMI
 Exchange:     0.1500 Hartree-Fock + 1.0000 wB97M-V + LR-HF
 Correlation:  1.0000 wB97M-V
 Using Euler-Maclaurin-Lebedev (99,590) quadrature formula
 Nonlocal Correlation:  VV10 with C = 0.0100 and b = 6.00 and scale = 1.00000
 Grid used for NLC:  SG-1 standard quadrature
performing fock build before subrot guess so that all methods have access
Printing subrot_rss_gen Method Specification:
Occupied Subspace Method is 0
Virtual Subspace Method is 0
Energy of the unrelaxed supersystem initial determinant -558.577749666732
write pseudocanon occs and virts to disk
write pseudocanon orbital energies to disk
Tolerance of ortho_decomp_scf: 1.00e-06
GDM subspace size: 20
Beginning the Orthogonal Decomposition of the Initial Supersystem Wavefunction
    1    -558.0144805080      3.43e-01     ortho_decomp Preconditoned Steepest Descent
    2    -558.0886662939      8.42e-03     ortho_decomp BFGS Step
    3    -558.0889148078      5.89e-04     ortho_decomp BFGS Step
    4    -558.0889150353      1.69e-05     ortho_decomp BFGS Step
    5    -558.0889150358      5.23e-07     ortho_decomp 00000 Convergence criterion met
 Hartree-Fock
 Hartree-Fock
 Hartree-Fock
 Exchange:     0.1500 Hartree-Fock + 1.0000 wB97M-V + LR-HF
 Correlation:  1.0000 wB97M-V
 Using Euler-Maclaurin-Lebedev (99,590) quadrature formula
 Nonlocal Correlation:  VV10 with C = 0.0100 and b = 6.00 and scale = 1.00000
 Grid used for NLC:  SG-1 standard quadrature
 Long-range K will be added via erf
 Coulomb attenuation parameter = 0.3 bohr**(-1)
 Nonlocal correlation = 2.841036951076e-01
Doing General SCFMI
 Exchange:     0.1500 Hartree-Fock + 1.0000 wB97M-V + LR-HF
 Correlation:  1.0000 wB97M-V
 Using Euler-Maclaurin-Lebedev (99,590) quadrature formula
 Nonlocal Correlation:  VV10 with C = 0.0100 and b = 6.00 and scale = 1.00000
 Grid used for NLC:  SG-1 standard quadrature
performing fock build at end of subrot_r(subrot) constructor so that all methods have access
<S^2> of initial wavefunction before polarization iterations 0.0000000000
Beginning iterations for the determination of the polarized wavefunction
Energy prior to optimization (guess energy) = -558.577749666732
Begin Timing: Total SCF Calculation
begin iterations for algorithm: DIIS         
the SCF tolerance is set to 1.00e-08
    1    -558.5777496667      9.67e-04     00000 
    2    -558.6179291209      7.44e-04     00000 
    3    -558.6334773087      2.32e-04     00000 
    4    -558.6355394355      5.98e-05     00000 
    5    -558.6360114380      2.76e-05     00000 
    6    -558.6360597624      1.27e-05     00000 
    7    -558.6360679530      2.27e-06     00000 
    8    -558.6360686424      6.70e-07     00000 
    9    -558.6360686831      3.63e-07     00000 
   10    -558.6360686876      1.87e-07     00000 
   11    -558.6360686888      8.35e-08     00000 
   12    -558.6360686890      3.09e-08     00000 
   13    -558.6360686890      1.37e-08     00000 
   14    -558.6360686890      8.59e-09     00000 Convergence criterion met
write pseudocanon occs and virts to disk
write pseudocanon orbital energies to disk
Timing for Total SCF: 447.00s (wall), 2676.41s (cpu)
<S^2> of polarized wavefunction after polarization iterations 0.0000000000
relaxing scfmi constraint to allow all rotations in the entire AO span
Doing General SCFMI
 Exchange:     0.1500 Hartree-Fock + 1.0000 wB97M-V + LR-HF
 Correlation:  1.0000 wB97M-V
 Using Euler-Maclaurin-Lebedev (99,590) quadrature formula
 Nonlocal Correlation:  VV10 with C = 0.0100 and b = 6.00 and scale = 1.00000
 Grid used for NLC:  SG-1 standard quadrature
performing fock build at end of subrot_r(subrot) constructor so that all methods have access
<S^2> of polarized wavefunction before ct-allowed iterations 0.0000000000
Beginning iterations for the determination of the CT-Allowed wavefunction
Energy prior to optimization (guess energy) = -558.636068688991
Begin Timing: Total SCF Calculation
begin iterations for algorithm: DIIS         
the SCF tolerance is set to 1.00e-08
    1    -558.6360686890      4.19e-04     00000 
    2    -558.6582256049      1.11e-04     00000 
    3    -558.6585462132      1.19e-04     00000 
    4    -558.6594510858      6.42e-06     00000 
    5    -558.6594567021      3.22e-06     00000 
    6    -558.6594575029      4.95e-07     00000 
    7    -558.6594575427      8.34e-08     00000 
    8    -558.6594575444      2.62e-08     00000 
    9    -558.6594575445      1.67e-08     00000 
   10    -558.6594575445      3.04e-09     00000 Convergence criterion met
write pseudocanon occs and virts to disk
write pseudocanon orbital energies to disk
Timing for Total SCF: 303.00s (wall), 1819.24s (cpu)
<S^2> of ct_allowed wavefunction after ct-allowed iterations 0.0000000000

================================
        Results of EDA2         
================================
Basic EDA Quantities
--------------------
Fragment Energies (Ha):
1  -99.8700285039
2 -458.6154068301
--------------------
  E_prp (kJ/mol) = -0.0000
  E_frz (kJ/mol) = -242.3742
  E_pol (kJ/mol) = -153.1184
  E_vct (kJ/mol) = -61.4082
  E_int (kJ/mol) = -456.9007
--------------------


Decomposition of frozen interaction energy
--------------------
  --------------------
  Orthogonal Frozen Decomposition:
  --------------------
     E_elec   (ELEC)   (kJ/mol) = -1031.4573
     E_pauli  (PAULI)  (kJ/mol) = 852.0498
     E_disp   (DISP)   (kJ/mol) = -62.9667
  --------------------
  Classical Frozen Decomposition:
  --------------------
     E_cls_elec  (CLS ELEC)  (kJ/mol) = -582.1475
     E_mod_pauli (MOD PAULI) (kJ/mol) = 374.7084 (FRZ - CLS ELEC - CLS DISP)
     E_cls_disp  (CLS DISP)  (kJ/mol) = -34.9351
  --------------------
--------------------

Simplified EDA Summary (kJ/mol)
--------------------
 PREPARATION      -0.0000
 FROZEN           -242.3742 (ELEC + PAULI + DISP)
[ELEC + PAULI = -207.4391, DISP = -34.9351]
 POLARIZATION    -153.1184
 CHARGE TRANSFER -61.4082
 TOTAL           -456.9007     (PRP + FRZ + POL + CT)
--------------------
 
 --------------------------------------------------------------
 
                    Orbital Energies (a.u.)
 --------------------------------------------------------------
 
 Alpha MOs
 -- Occupied --
-24.6769 -19.1971 -19.1966 -19.1942 -19.1933 -19.1870 -19.1743  -1.0801
 -1.0084  -1.0037  -0.9988  -0.9963  -0.9925  -0.9798  -0.5021  -0.4983
 -0.4942  -0.4914  -0.4848  -0.4737  -0.4019  -0.3919  -0.3853  -0.3720
 -0.3690  -0.3623  -0.3159  -0.3112  -0.3047  -0.2973  -0.2891  -0.2885
 -0.2858  -0.2817  -0.2701
 -- Virtual --
  0.1415   0.1499   0.1563   0.1601   0.1760   0.1789   0.1865   0.1956
  0.1981   0.2072   0.2162   0.2243   0.2257   0.2292   0.2358   0.2429
  0.2575   0.2616   0.2681   0.2806   0.2878   0.2896   0.2975   0.3024
  0.3333   0.3355   0.3430   0.3533   0.3567   0.3710   0.3793   0.3863
  0.3947   0.4035   0.4084   0.4172   0.4315   0.4392   0.4460   0.4556
  0.4589   0.4645   0.4653   0.4695   0.4702   0.4769   0.4786   0.4813
  0.4913   0.4990   0.5010   0.5024   0.5092   0.5148   0.5193   0.5236
  0.5269   0.5311   0.5410   0.5450   0.5503   0.5583   0.5667   0.5750
  0.5807   0.5854   0.5927   0.5948   0.6015   0.6160   0.6184   0.6305
  0.6339   0.6438   0.6545   0.6643   0.6720   0.6879   0.6979   0.7037
  0.7097   0.7155   0.7287   0.7357   0.7435   0.7552   0.7611   0.7713
  0.7841   0.7907   0.7961   0.8038   0.8080   0.8272   0.8278   0.8345
  0.8377   0.8459   0.8557   0.8572   0.8680   0.8775   0.8927   0.8952
  0.8980   0.9127   0.9163   0.9228   0.9311   0.9532   0.9714   0.9830
  0.9881   0.9893   1.0074   1.0227   1.0289   1.0438   1.0500   1.0650
  1.0785   1.0868   1.0942   1.1012   1.1019   1.1108   1.1141   1.1282
  1.1319   1.1334   1.1455   1.1508   1.1578   1.1675   1.1781   1.1883
  1.1979   1.2151   1.2333   1.2471   1.2573   1.2717   1.2752   1.2970
  1.3005   1.3220   1.3279   1.3311   1.3549   1.3633   1.3670   1.3762
  1.3859   1.3862   1.3927   1.4083   1.4117   1.4192   1.4326   1.4498
  1.4630   1.4690   1.4792   1.4893   1.5150   1.5172   1.5340   1.5575
  1.5769   1.5972   1.6066   1.6160   1.6431   1.6590   1.6685   1.7171
  1.7236   1.7278   1.7421   1.7728   1.7923   1.9326   1.9592   1.9741
  2.0181   2.0532   2.1436   2.1486   2.1505   2.1551   2.1648   2.1760
  2.1949   2.2159   2.2300   2.2526   2.2810   2.2941   2.3052   2.3364
  2.3650   2.3731   2.3908   2.4038   2.4226   2.4265   2.4414   2.4584
  2.4591   2.4956   2.5198   2.5354   2.5487   2.5615   2.5676   2.5880
  2.6042   2.7560   2.7941   2.7989   2.8066   2.8400   2.8600   2.8830
  2.9162   2.9269   2.9665   2.9978   3.0274   3.0428   3.0548   3.0768
  3.0993   3.1762   3.2242   3.2375   3.2632   3.2801   3.2911   3.3153
  3.3462   3.3518   3.3691   3.3842   3.4000   3.4148   3.4579   3.4684
  3.4806   3.5035   3.5138   3.5287   3.5541   3.5651   3.5740   3.5843
  3.6010   3.6201   3.6393   3.6440   3.6496   3.6556   3.6688   3.6785
  3.6858   3.6921   3.7027   3.7134   3.7436   3.7453   3.7645   3.7797
  3.7953   3.8114   3.8261   3.8591   3.8999   3.9060   3.9433   3.9722
  3.9758   3.9823   4.0060   4.0240   4.0500   4.0938   4.1029   4.1148
  4.1265   4.1381   4.1486   4.1633   4.1670   4.1708   4.1896   4.1977
  4.2059   4.2130   4.2281   4.2322   4.2470   4.2558   4.2807   4.2906
  4.2994   4.3085   4.3245   4.3342   4.3623   4.3661   4.3857   4.3941
  4.4020   4.4180   4.4296   4.4330   4.4516   4.4596   4.4781   4.4829
  4.5013   4.5301   4.5449   4.5539   4.5815   4.5925   4.6124   4.6435
  4.6506   4.6675   4.6914   4.7347   4.8677   4.9226   4.9250   4.9302
  4.9386   4.9488   4.9508   5.0152   5.0382   5.0503   5.0724   5.0791
  5.1182   5.1498   5.1639   5.1708   5.1766   5.1936   5.2040   5.2179
  5.4468   5.4539   5.4792   5.4854   5.5002   5.5178   5.8551   5.8593
  5.8660   5.8756   5.8922   5.8937   6.4921   6.5130   6.5230   6.5338
  6.5428   6.5438   6.6485   6.6576   6.6612   6.6670   6.6776   6.6858
  6.7166   6.7239   6.7388   6.7497   6.7525   6.7559   6.7643   6.7766
  6.7899   6.7923   6.8063   6.8273   6.8660   6.8694   6.8907   6.8961
  6.9076   6.9106   7.0048   7.0224   7.0425   7.0487   7.0550   7.0606
  7.0657   7.0828   7.0962   7.1009   7.1147   7.1552   7.2034   7.2213
  7.2361   7.2486   7.2551   7.2619   7.2706   7.2838   7.3131   7.3425
  7.4677   7.4966   7.5149   7.7169   7.7231   7.7460   7.7497   7.7687
  7.7763   7.8745   7.8862   7.9026   7.9104   7.9193   7.9365   7.9959
  8.0029   8.0127   8.0274   8.0417   8.0755   8.9442   8.9961   9.1638
  9.2730   9.3190  44.6972  44.7382  44.7594  44.7793  44.8036  44.8432
 58.5213
 --------------------------------------------------------------
 
          Ground-State Mulliken Net Atomic Charges

     Atom                 Charge (a.u.)
  ----------------------------------------
      1 F                    -0.641134
      2 O                    -0.510268
      3 H                     0.233068
      4 H                     0.201103
      5 O                    -0.542180
      6 H                     0.257801
      7 H                     0.225394
      8 O                    -0.581131
      9 H                     0.284787
     10 H                     0.237087
     11 O                    -0.549702
     12 H                     0.269873
     13 H                     0.232413
     14 O                    -0.549034
     15 H                     0.286273
     16 H                     0.197188
     17 O                    -0.531308
     18 H                     0.276054
     19 H                     0.203716
  ----------------------------------------
  Sum of atomic charges =    -1.000000

 -----------------------------------------------------------------
                    Cartesian Multipole Moments
 -----------------------------------------------------------------
    Charge (ESU x 10^10)
                -4.8032
    Dipole Moment (Debye)
         X       1.8452      Y       1.9846      Z      -0.8955
       Tot       2.8540
    Quadrupole Moments (Debye-Ang)
        XX     -70.4146     XY      -1.4783     YY     -66.6996
        XZ      -0.4028     YZ       0.4830     ZZ     -64.3424
    Octopole Moments (Debye-Ang^2)
       XXX      14.5216    XXY      15.7190    XYY       9.2988
       YYY      14.6129    XXZ      -7.6979    XYZ      -4.9480
       YYZ      -2.9472    XZZ       2.4835    YZZ       4.1443
       ZZZ      -4.4629
    Hexadecapole Moments (Debye-Ang^3)
      XXXX   -1094.8768   XXXY     -12.9903   XXYY    -342.8621
      XYYY     -24.0207   YYYY    -668.5678   XXXZ     -32.4431
      XXYZ      13.8241   XYYZ      60.0779   YYYZ      -3.1418
      XXZZ    -315.3614   XYZZ      10.2227   YYZZ    -197.4299
      XZZZ     -31.0724   YZZZ      -0.6876   ZZZZ    -398.8998
 -----------------------------------------------------------------
 Total job time:  3331.83s(wall), 8007.14s(cpu) 
 Tue Jan  2 18:55:30 2024

        *************************************************************
        *                                                           *
        *  Thank you very much for using Q-Chem.  Have a nice day.  *
        *                                                           *
        *************************************************************


