
Running Job 1 of 1 047_Na-Water_Deg00_+00_almo.in
qchem 047_Na-Water_Deg00_+00_almo.in_416831.0 /scratch/qchem416831/ 6
/home/kchung25/qchem/5.4.0/exe/qcprog.exe_s 047_Na-Water_Deg00_+00_almo.in_416831.0 /scratch/qchem416831/
                  Welcome to Q-Chem
     A Quantum Leap Into The Future Of Chemistry


 Q-Chem 5.4, Q-Chem, Inc., Pleasanton, CA (2021)

 E. Epifanovsky,  A. T. B. Gilbert,  Xintian Feng,  Joonho Lee,  Yuezhi Mao,  
 N. Mardirossian,  P. Pokhilko,  A. White,  M. Wormit,  M. P. Coons,  
 A. L. Dempwolff,  Zhengting Gan,  D. Hait,  P. R. Horn,  L. D. Jacobson,  
 I. Kaliman,  J. Kussmann,  A. W. Lange,  Ka Un Lao,  D. S. Levine,  Jie Liu,  
 S. C. McKenzie,  A. F. Morrison,  K. Nanda,  F. Plasser,  D. R. Rehn,  
 M. L. Vidal,  Zhi-Qiang You,  Ying Zhu,  B. Alam,  B. Albrecht,  
 A. Aldossary,  E. Alguire,  J. H. Andersen,  D. Barton,  K. Begam,  A. Behn,  
 Y. A. Bernard,  E. J. Berquist,  H. Burton,  A. Carreras,  K. Carter-Fenk,  
 Romit Chakraborty,  A. D. Chien,  K. D. Closser,  V. Cofer-Shabica,  
 S. Dasgupta,  Jia Deng,  M. de Wergifosse,  M. Diedenhofen,  Hainam Do,  
 S. Ehlert,  Po-Tung Fang,  S. Fatehi,  Qingguo Feng,  T. Friedhoff,  
 J. Gayvert,  Qinghui Ge,  G. Gidofalvi,  M. Goldey,  J. Gomes,  
 C. Gonzalez-Espinoza,  S. Gulania,  A. Gunina,  M. W. D. Hanson-Heine,  
 P. H. P. Harbach,  A. W. Hauser,  M. F. Herbst,  M. Hernandez Vera,  
 M. Hodecker,  Z. C. Holden,  S. Houck,  Xunkun Huang,  Kerwin Hui,  
 B. C. Huynh,  M. Ivanov,  Hyunjun Ji,  Hanjie Jiang,  B. Kaduk,  S. Kaehler,  
 K. Khistyaev,  Jaehoon Kim,  P. Klunzinger,  Z. Koczor-Benda,  
 Joong Hoon Koh,  D. Kosenkov,  L. Koulias,  T. Kowalczyk,  C. M. Krauter,  
 K. Kue,  A. Kunitsa,  T. Kus,  A. Landau,  K. V. Lawler,  D. Lefrancois,  
 S. Lehtola,  Rain Li,  Yi-Pei Li,  Jiashu Liang,  M. Liebenthal,  
 Hung-Hsuan Lin,  You-Sheng Lin,  Fenglai Liu,  Kuan-Yu Liu,  
 M. Loipersberger,  A. Luenser,  A. Manjanath,  P. Manohar,  E. Mansoor,  
 S. F. Manzer,  Shan-Ping Mao,  A. V. Marenich,  T. Markovich,  S. Mason,  
 S. A. Maurer,  P. F. McLaughlin,  M. F. S. J. Menger,  J.-M. Mewes,  
 S. A. Mewes,  P. Morgante,  J. W. Mullinax,  K. J. Oosterbaan,  G. Paran,  
 Alexander C. Paul,  Suranjan K. Paul,  F. Pavosevic,  Zheng Pei,  S. Prager,  
 E. I. Proynov,  E. Ramos,  B. Rana,  A. E. Rask,  A. Rettig,  R. M. Richard,  
 F. Rob,  E. Rossomme,  T. Scheele,  M. Scheurer,  M. Schneider,  
 N. Sergueev,  S. M. Sharada,  W. Skomorowski,  D. W. Small,  C. J. Stein,  
 Yu-Chuan Su,  E. J. Sundstrom,  Zhen Tao,  J. Thirman,  T. Tsuchimochi,  
 N. M. Tubman,  S. P. Veccham,  O. Vydrov,  J. Wenzel,  J. Witte,  A. Yamada,  
 Kun Yao,  S. Yeganeh,  S. R. Yost,  A. Zech,  Igor Ying Zhang,  Xing Zhang,  
 Yu Zhang,  D. Zuev,  A. Aspuru-Guzik,  A. T. Bell,  N. A. Besley,  
 K. B. Bravaya,  B. R. Brooks,  D. Casanova,  Jeng-Da Chai,  S. Coriani,  
 C. J. Cramer,  A. E. DePrince, III,  R. A. DiStasio Jr.,  A. Dreuw,  
 B. D. Dunietz,  T. R. Furlani,  W. A. Goddard III,  S. Grimme,  
 S. Hammes-Schiffer,  T. Head-Gordon,  W. J. Hehre,  Chao-Ping Hsu,  
 T.-C. Jagau,  Yousung Jung,  A. Klamt,  Jing Kong,  D. S. Lambrecht,  
 WanZhen Liang,  N. J. Mayhall,  C. W. McCurdy,  J. B. Neaton,  T. Neudecker,  
 C. Ochsenfeld,  J. A. Parkhill,  R. Peverati,  V. A. Rassolov,  Yihan Shao,  
 L. V. Slipchenko,  R. P. Steele,  J. E. Subotnik,  A. J. W. Thom,  
 A. Tkatchenko,  D. G. Truhlar,  T. Van Voorhis,  T. A. Wesolowski,  
 K. B. Whaley,  H. L. Woodcock III,  P. M. Zimmerman,  S. Faraji,  
 P. M. W. Gill,  M. Head-Gordon,  J. M. Herbert,  A. I. Krylov

 Additional authors since Version 5.4.0: 
 Chandrima Chakravarty,  L. Cunha,  R. Kang,  Yongbin Kim,  S. Kotaru,  
 Shaozhi Li,  Xiangyuan Li,  F. Matz,  A. Molle,  V. Parravicini,  
 Haisheng Ren,  Hengyuan Shen,  Yingli Su,  Hung-Yi Tsai,  C. Utku,  
 Fang Wang,  Jeff Yang,  F. Zeller

 Contributors to earlier versions of Q-Chem not listed above: 
 R. D. Adamson,  B. Austin,  R. Baer,  J. Baker,  G. J. O. Beran,  
 K. Brandhorst,  S. T. Brown,  E. F. C. Byrd,  Arup K. Chakraborty,  
 G. K. L. Chan,  Chun-Min Chang,  Yunqing Chen,  C.-L. Cheng,  
 Siu Hung Chien,  D. M. Chipman,  D. L. Crittenden,  H. Dachsel,  
 R. J. Doerksen,  A. D. Dutoi,  R. G. Edgar,  J. Fosso-Tande,  
 L. Fusti-Molnar,  D. Ghosh,  A. Ghysels,  A. Golubeva-Zadorozhnaya,  
 J. Gonthier,  M. S. Gordon,  S. R. Gwaltney,  G. Hawkins,  J. E. Herr,  
 A. Heyden,  S. Hirata,  E. G. Hohenstein,  G. Kedziora,  F. J. Keil,  
 C. Kelley,  Jihan Kim,  R. A. King,  R. Z. Khaliullin,  P. P. Korambath,  
 W. Kurlancheek,  A. Laurent,  A. M. Lee,  M. S. Lee,  S. V. Levchenko,  
 Ching Yeh Lin,  D. Liotard,  E. Livshits,  R. C. Lochan,  I. Lotan,  
 L. A. Martinez-Martinez,  P. E. Maslen,  N. Nair,  D. P. O'Neill,  
 D. Neuhauser,  E. Neuscamman,  C. M. Oana,  R. Olivares-Amaya,  R. Olson,  
 T. M. Perrine,  B. Peters,  P. A. Pieniazek,  A. Prociuk,  Y. M. Rhee,  
 J. Ritchie,  M. A. Rohrdanz,  E. Rosta,  N. J. Russ,  H. F. Schaefer III,  
 M. W. Schmidt,  N. E. Schultz,  S. Sharma,  N. Shenvi,  C. D. Sherrill,  
 A. C. Simmonett,  A. Sodt,  T. Stein,  D. Stuck,  K. S. Thanthiriwatte,  
 V. Vanovschi,  L. Vogt,  Tao Wang,  A. Warshel,  M. A. Watson,  
 C. F. Williams,  Q. Wu,  X. Xu,  Jun Yang,  W. Zhang,  Yan Zhao

   Please cite Q-Chem as follows:
  "Software for the frontiers of quantum chemistry:
   An overview of developments in the Q-Chem 5 package"
   J. Chem. Phys. 155, 084801 (2021)
   https://doi.org/10.1063/5.0055522 (open access)

 Q-Chem 5.4.2 for Intel X86 EM64T Linux

 Parts of Q-Chem use Armadillo 9.900.5 (Nocturnal Misbehaviour).
 http://arma.sourceforge.net/

 Q-Chem begins on Wed Jan  3 16:45:20 2024  

 Host: 
0

     Scratch files written to /scratch/qchem416831//
 Dec1321 |scratch|qcdevops|jenkins|workspace|build_RNUM 5684   
 Processing $rem in /home/kchung25/qchem/5.4.0/config/preferences:
 Processing $rem in /home/kchung25/.qchemrc:

 Q-Chem warning in module libgen/rem_setup.C, line 3079:

 Neither GIA nor STOLL is specified by user. Use STOLL as the default


 Checking the input file for inconsistencies... 	...done.

--------------------------------------------------------------
User input:
--------------------------------------------------------------
$molecule
1 1
--
0 1
O      0.000000     0.000000     0.000000
H     -0.588073     0.760558     0.000000
H     -0.588073    -0.760558     0.000000
--
1 1
Na     2.158940     0.000000     0.000000
$end

$rem
JOBTYPE          eda
EDA2             1
METHOD           wB97M-V
BASIS            def2-TZVPPD
SYMMETRY         false
MEM_TOTAL        50000
MEM_STATIC       10000
THRESH           14
SCF_CONVERGENCE  8
XC_GRID          000099000590
NL_GRID          1
EDA_CLS_DISP     true
FD_MAT_VEC_PROD  FALSE
$end
--------------------------------------------------------------
 ----------------------------------------------------------------
             Standard Nuclear Orientation (Angstroms)
    I     Atom           X                Y                Z
 ----------------------------------------------------------------
    1      O       0.0000000000     0.0000000000     1.0748663810
    2      H       0.7605580000    -0.0000000000     1.6629393810
    3      H      -0.7605580000     0.0000000000     1.6629393810
    4      Na     -0.0000000000    -0.0000000000    -1.0840736190
 ----------------------------------------------------------------
 Molecular Point Group                 C2v   NOp =  4
 Largest Abelian Subgroup              C2v   NOp =  4
 Nuclear Repulsion Energy =          34.80874317 hartrees
 There are       10 alpha and       10 beta electrons
 Requested basis set is def2-TZVPPD
 There are 41 shells and 109 basis functions

 Q-Chem warning in module libmdc/get_mega.C, line 171:

 Allowed MEM_STATIC has been capped at MEM_STATIC=8191.
 Reduce the value of MEM_STATIC to silence this warning.


 Total QAlloc Memory Limit  50000 MB
 Mega-Array Size      8007 MB
 MEM_STATIC part      8191 MB

                       Distance Matrix (Angstroms)
             O (  1)   H (  2)   H (  3)
   H (  2)  0.961394
   H (  3)  0.961394  1.521116
   Na(  4)  2.158940  2.850356  2.850356
 
 A cutoff of  1.0D-14 yielded    855 shell pairs
 There are      6127 function pairs (      7455 Cartesian)
 Smallest overlap matrix eigenvalue = 2.80E-04

 Scale SEOQF with 1.000000e-01/1.000000e-01/1.000000e-01

 Standard Electronic Orientation quadrupole field applied
 Nucleus-field energy     =    -0.0000000029 hartrees

 -----------------------------------------------------------------------
  General SCF calculation program by
  Eric Jon Sundstrom, Paul Horn, Yuezhi Mao, Dmitri Zuev, Alec White,
  David Stuck, Shaama M.S., Shane Yost, Joonho Lee, David Small,
  Daniel Levine, Susi Lehtola, Hugh Burton, Evgeny Epifanovsky,
  Bang C. Huynh
 -----------------------------------------------------------------------
================================================================
                 ALMO-EDA with the EDA2 driver                  
================================================================
 The second-generation ALMO-EDA (for DFT):                      
 P. R. Horn, Y. Mao and M. Head-Gordon, PCCP, 18, 23067 (2016)  
 Y. Mao et al. Annu. Rev. Phys. Chem. 72, 641 (2021)            
 Decomposition of the frozen energy:                            
 P. R. Horn, Y. Mao and M. Head-Gordon, JCP, 144, 114107 (2016) 
 FERF model for polarization:                                   
 P. R. Horn and M. Head-Gordon, JCP, 143, 114111 (2015)         
================================================================
 Using eda2 option set 1
 Option set summary: Frozen orbital wavefunction, initial wavefunction decomposition, and nDQ polarization.
--------------------------------
Printing EDA Options
--------------------------------
eda_child_super_basis      0
fragmo_guess_mode          0
child_mp                   1
child_mp_orders            232
cls_elec                   1
cls_disp                   1
scfmi_mode                 1
scfmi_occs                 0
scfmi_virts                0
frz_relax                  0
frz_relax_method           0
dc_pen_start               0
dc_pen_conv                0
dc_pen_increment           0
dc_pen_steps               0
dc_pen_thresh_factor       0
dc_pen_pre_newton_thresh   0
frz_ortho_decomp           1
frz_ortho_decomp_conv      6
plot_mo_ortho_frz          0
frgm_method                2
scfmi_freeze_ss            0
separate_rehyb             0
plot_diff_den              0
eda_nocv                   0
eda_vct_relax              1
disp_free_x                0
disp_free_c                0
eda_bsse                   0
eda_pct_a                  0
eda_covp                   0
--------------------------------
Attempting to make child job directory: /scratch/qchem416831//Frg1/
Attempting to make child job directory: /scratch/qchem416831//Frg2/
Creating input file /scratch/qchem416831/Frg1.input
using default PutDataFrgm: nothing
calling putenv with: QCSCRATCH=/scratch/qchem416831/ 
Spawning Job For Fragment 0
Done Job For Fragment 0
calling putenv with: QCSCRATCH=/scratch 
calling putenv with: QCTHREADS=6 
Creating input file /scratch/qchem416831/Frg2.input
using default PutDataFrgm: nothing
calling putenv with: QCSCRATCH=/scratch/qchem416831/ 
Spawning Job For Fragment 1
Done Job For Fragment 1
calling putenv with: QCSCRATCH=/scratch 
calling putenv with: QCTHREADS=6 
Doing General SCFMI
 Exchange:     0.1500 Hartree-Fock + 1.0000 wB97M-V + LR-HF
 Correlation:  1.0000 wB97M-V
 Using Euler-Maclaurin-Lebedev (99,590) quadrature formula
 Nonlocal Correlation:  VV10 with C = 0.0100 and b = 6.00 and scale = 1.00000
 Grid used for NLC:  SG-1 standard quadrature
performing fock build before subrot guess so that all methods have access
Printing subrot_rss_gen Method Specification:
Occupied Subspace Method is 0
Virtual Subspace Method is 0
Energy of the unrelaxed supersystem initial determinant -238.532028768424
write pseudocanon occs and virts to disk
write pseudocanon orbital energies to disk
Tolerance of ortho_decomp_scf: 1.00e-06
GDM subspace size: 20
Beginning the Orthogonal Decomposition of the Initial Supersystem Wavefunction
    1    -238.4681551347      3.82e-01     ortho_decomp Preconditoned Steepest Descent
    2    -238.4758042823      4.96e-03     ortho_decomp BFGS Step
    3    -238.4758113115      2.28e-04     ortho_decomp BFGS Step
    4    -238.4758113158      4.55e-06     ortho_decomp BFGS Step
    5    -238.4758113158      4.38e-08     ortho_decomp 00000 Convergence criterion met
 Hartree-Fock
 Hartree-Fock
 Hartree-Fock
 Exchange:     0.1500 Hartree-Fock + 1.0000 wB97M-V + LR-HF
 Correlation:  1.0000 wB97M-V
 Using Euler-Maclaurin-Lebedev (99,590) quadrature formula
 Nonlocal Correlation:  VV10 with C = 0.0100 and b = 6.00 and scale = 1.00000
 Grid used for NLC:  SG-1 standard quadrature
 Long-range K will be added via erf
 Coulomb attenuation parameter = 0.3 bohr**(-1)
 Nonlocal correlation = 8.674310519551e-02
Doing General SCFMI
 Exchange:     0.1500 Hartree-Fock + 1.0000 wB97M-V + LR-HF
 Correlation:  1.0000 wB97M-V
 Using Euler-Maclaurin-Lebedev (99,590) quadrature formula
 Nonlocal Correlation:  VV10 with C = 0.0100 and b = 6.00 and scale = 1.00000
 Grid used for NLC:  SG-1 standard quadrature
performing fock build at end of subrot_r(subrot) constructor so that all methods have access
<S^2> of initial wavefunction before polarization iterations 0.0000000000
Beginning iterations for the determination of the polarized wavefunction
Energy prior to optimization (guess energy) = -238.532028768424
Begin Timing: Total SCF Calculation
begin iterations for algorithm: DIIS         
the SCF tolerance is set to 1.00e-08
    1    -238.5320287684      1.95e-03     00000 
    2    -238.5413854951      9.16e-04     00000 
    3    -238.5422450512      4.53e-04     00000 
    4    -238.5424918086      8.77e-05     00000 
    5    -238.5425153385      2.21e-05     00000 
    6    -238.5425172244      3.79e-06     00000 
    7    -238.5425172957      6.80e-07     00000 
    8    -238.5425172969      2.28e-07     00000 
    9    -238.5425172970      4.93e-08     00000 
   10    -238.5425172970      1.24e-08     00000 
   11    -238.5425172970      3.63e-09     00000 Convergence criterion met
write pseudocanon occs and virts to disk
write pseudocanon orbital energies to disk
Timing for Total SCF: 8.00s (wall), 45.38s (cpu)
<S^2> of polarized wavefunction after polarization iterations 0.0000000000
relaxing scfmi constraint to allow all rotations in the entire AO span
Doing General SCFMI
 Exchange:     0.1500 Hartree-Fock + 1.0000 wB97M-V + LR-HF
 Correlation:  1.0000 wB97M-V
 Using Euler-Maclaurin-Lebedev (99,590) quadrature formula
 Nonlocal Correlation:  VV10 with C = 0.0100 and b = 6.00 and scale = 1.00000
 Grid used for NLC:  SG-1 standard quadrature
performing fock build at end of subrot_r(subrot) constructor so that all methods have access
<S^2> of polarized wavefunction before ct-allowed iterations 0.0000000000
Beginning iterations for the determination of the CT-Allowed wavefunction
Energy prior to optimization (guess energy) = -238.542517297010
Begin Timing: Total SCF Calculation
begin iterations for algorithm: DIIS         
the SCF tolerance is set to 1.00e-08
    1    -238.5425172970      6.17e-04     00000 
    2    -238.5435791026      4.71e-05     00000 
    3    -238.5435982911      7.07e-06     00000 
    4    -238.5435987021      4.10e-06     00000 
    5    -238.5435987642      1.16e-06     00000 
    6    -238.5435987709      1.94e-07     00000 
    7    -238.5435987713      5.51e-08     00000 
    8    -238.5435987713      1.12e-08     00000 
    9    -238.5435987713      8.18e-10     00000 Convergence criterion met
write pseudocanon occs and virts to disk
write pseudocanon orbital energies to disk
Timing for Total SCF: 6.00s (wall), 37.01s (cpu)
<S^2> of ct_allowed wavefunction after ct-allowed iterations 0.0000000000

================================
        Results of EDA2         
================================
Basic EDA Quantities
--------------------
Fragment Energies (Ha):
1  -76.4363790591
2 -162.0687155490
--------------------
  E_prp (kJ/mol) = 0.0000
  E_frz (kJ/mol) = -70.7165
  E_pol (kJ/mol) = -27.5380
  E_vct (kJ/mol) = -2.8394
  E_int (kJ/mol) = -101.0939
--------------------


Decomposition of frozen interaction energy
--------------------
  --------------------
  Orthogonal Frozen Decomposition:
  --------------------
     E_elec   (ELEC)   (kJ/mol) = -129.4332
     E_pauli  (PAULI)  (kJ/mol) = 65.2544
     E_disp   (DISP)   (kJ/mol) = -6.5376
  --------------------
  Classical Frozen Decomposition:
  --------------------
     E_cls_elec  (CLS ELEC)  (kJ/mol) = -112.5588
     E_mod_pauli (MOD PAULI) (kJ/mol) = 47.6152 (FRZ - CLS ELEC - CLS DISP)
     E_cls_disp  (CLS DISP)  (kJ/mol) = -5.7729
  --------------------
--------------------

Simplified EDA Summary (kJ/mol)
--------------------
 PREPARATION      0.0000
 FROZEN           -70.7165 (ELEC + PAULI + DISP)
[ELEC + PAULI = -64.9435, DISP = -5.7729]
 POLARIZATION    -27.5380
 CHARGE TRANSFER -2.8394
 TOTAL           -101.0939     (PRP + FRZ + POL + CT)
--------------------
 
 --------------------------------------------------------------
             Orbital Energies (a.u.) and Symmetries
 --------------------------------------------------------------
 
 Alpha MOs, Restricted
 -- Occupied --                  
-38.949 -19.551  -2.591  -1.494  -1.494  -1.493  -1.358  -0.855
  1 A1    2 A1    3 A1    1 B1    1 B2    4 A1    5 A1    2 B1                 
 -0.743  -0.648
  6 A1    2 B2                                                                 
 -- Virtual --                   
 -0.179  -0.118  -0.113  -0.108  -0.055  -0.053  -0.053  -0.047
  7 A1    8 A1    3 B1    3 B2    4 B1    9 A1   10 A1    4 B2                 
 -0.037  -0.035  -0.018   0.027   0.038   0.042   0.060   0.075
  5 B1   11 A1    5 B2   12 A1    6 B1    1 A2   13 A1    6 B2                 
  0.081   0.087   0.111   0.114   0.118   0.147   0.154   0.196
  7 B1   14 A1    7 B2   15 A1    2 A2   16 A1    8 B1    8 B2                 
  0.214   0.231   0.247   0.259   0.313   0.329   0.391   0.397
  9 B1   10 B1   17 A1   18 A1   11 B1   19 A1    3 A2   20 A1                 
  0.407   0.546   0.603   0.623   0.625   0.826   0.855   0.880
  9 B2   21 A1   10 B2   22 A1   12 B1   13 B1   23 A1    4 A2                 
  0.910   0.918   0.928   0.955   0.963   0.968   1.070   1.115
 24 A1    5 A2   25 A1   11 B2   14 B1   12 B2   15 B1   13 B2                 
  1.135   1.153   1.228   1.232   1.276   1.733   1.771   1.927
 26 A1   16 B1   27 A1   17 B1   28 A1   14 B2    6 A2   29 A1                 
  2.007   2.060   2.396   2.633   2.699   2.933   3.023   3.091
 30 A1   18 B1   31 A1   19 B1   15 B2   32 A1   16 B2   33 A1                 
  3.250   3.271   3.272   3.306   3.493   3.683   3.727   3.731
 20 B1    7 A2   34 A1   21 B1   22 B1    8 A2   17 B2   35 A1                 
  3.897   3.989   4.020   4.104   4.169   4.570   4.589   4.781
  9 A2   18 B2   36 A1   23 B1   37 A1   38 A1   24 B1   25 B1                 
  5.027   5.481   5.575   5.580   5.605   5.627   5.648   6.080
 39 A1   19 B2   10 A2   40 A1   20 B2   26 B1   41 A1   42 A1                 
  6.331   6.379   6.444   6.462   6.623   6.663   6.844   7.300
 21 B2   11 A2   22 B2   27 B1   43 A1   12 A2   44 A1   28 B1                 
  7.449   7.627  44.121
 29 B1   45 A1   46 A1                                                         
 
 Beta MOs, Restricted
 -- Occupied --                  
-38.949 -19.551  -2.591  -1.494  -1.494  -1.493  -1.358  -0.855
  1 A1    2 A1    3 A1    1 B1    1 B2    4 A1    5 A1    2 B1                 
 -0.743  -0.648
  6 A1    2 B2                                                                 
 -- Virtual --                   
 -0.179  -0.118  -0.113  -0.108  -0.055  -0.053  -0.053  -0.047
  7 A1    8 A1    3 B1    3 B2    4 B1    9 A1   10 A1    4 B2                 
 -0.037  -0.035  -0.018   0.027   0.038   0.042   0.060   0.075
  5 B1   11 A1    5 B2   12 A1    6 B1    1 A2   13 A1    6 B2                 
  0.081   0.087   0.111   0.114   0.118   0.147   0.154   0.196
  7 B1   14 A1    7 B2   15 A1    2 A2   16 A1    8 B1    8 B2                 
  0.214   0.231   0.247   0.259   0.313   0.329   0.391   0.397
  9 B1   10 B1   17 A1   18 A1   11 B1   19 A1    3 A2   20 A1                 
  0.407   0.546   0.603   0.623   0.625   0.826   0.855   0.880
  9 B2   21 A1   10 B2   22 A1   12 B1   13 B1   23 A1    4 A2                 
  0.910   0.918   0.928   0.955   0.963   0.968   1.070   1.115
 24 A1    5 A2   25 A1   11 B2   14 B1   12 B2   15 B1   13 B2                 
  1.135   1.153   1.228   1.232   1.276   1.733   1.771   1.927
 26 A1   16 B1   27 A1   17 B1   28 A1   14 B2    6 A2   29 A1                 
  2.007   2.060   2.396   2.633   2.699   2.933   3.023   3.091
 30 A1   18 B1   31 A1   19 B1   15 B2   32 A1   16 B2   33 A1                 
  3.250   3.271   3.272   3.306   3.493   3.683   3.727   3.731
 20 B1    7 A2   34 A1   21 B1   22 B1    8 A2   17 B2   35 A1                 
  3.897   3.989   4.020   4.104   4.169   4.570   4.589   4.781
  9 A2   18 B2   36 A1   23 B1   37 A1   38 A1   24 B1   25 B1                 
  5.027   5.481   5.575   5.580   5.605   5.627   5.648   6.080
 39 A1   19 B2   10 A2   40 A1   20 B2   26 B1   41 A1   42 A1                 
  6.331   6.379   6.444   6.462   6.623   6.663   6.844   7.300
 21 B2   11 A2   22 B2   27 B1   43 A1   12 A2   44 A1   28 B1                 
  7.449   7.627  44.121
 29 B1   45 A1   46 A1                                                         
 --------------------------------------------------------------
 
          Ground-State Mulliken Net Atomic Charges

     Atom                 Charge (a.u.)
  ----------------------------------------
      1 O                    -0.403374
      2 H                     0.185718
      3 H                     0.185718
      4 Na                    1.031939
  ----------------------------------------
  Sum of atomic charges =     1.000000

 -----------------------------------------------------------------
                    Cartesian Multipole Moments
 -----------------------------------------------------------------
    Charge (ESU x 10^10)
                 4.8032
    Dipole Moment (Debye)
         X       0.0000      Y      -0.0000      Z      -2.2868
       Tot       2.2868
    Quadrupole Moments (Debye-Ang)
        XX      -7.1006     XY      -0.0000     YY     -10.5989
        XZ       0.0000     YZ       0.0000     ZZ       2.8822
    Octopole Moments (Debye-Ang^2)
       XXX      -0.0000    XXY       0.0000    XYY       0.0000
       YYY       0.0000    XXZ       0.0698    XYZ      -0.0000
       YYZ      -5.2631    XZZ       0.0000    YZZ      -0.0000
       ZZZ      -5.0179
    Hexadecapole Moments (Debye-Ang^3)
      XXXX      -6.8795   XXXY      -0.0000   XXYY      -2.8470
      XYYY      -0.0000   YYYY      -8.1413   XXXZ      -0.0000
      XXYZ       0.0000   XYYZ       0.0000   YYYZ       0.0000
      XXZZ      -7.2766   XYZZ      -0.0000   YYZZ     -15.7053
      XZZZ       0.0000   YZZZ       0.0000   ZZZZ     -48.2194
 -----------------------------------------------------------------
 Total job time:  46.43s(wall), 160.13s(cpu) 
 Wed Jan  3 16:46:07 2024

        *************************************************************
        *                                                           *
        *  Thank you very much for using Q-Chem.  Have a nice day.  *
        *                                                           *
        *************************************************************


