
Running Job 1 of 1 064_Li-Water_Deg45_+60_almo.in
qchem 064_Li-Water_Deg45_+60_almo.in_415804.0 /scratch/qchem415804/ 6
/home/kchung25/qchem/5.4.0/exe/qcprog.exe_s 064_Li-Water_Deg45_+60_almo.in_415804.0 /scratch/qchem415804/
                  Welcome to Q-Chem
     A Quantum Leap Into The Future Of Chemistry


 Q-Chem 5.4, Q-Chem, Inc., Pleasanton, CA (2021)

 E. Epifanovsky,  A. T. B. Gilbert,  Xintian Feng,  Joonho Lee,  Yuezhi Mao,  
 N. Mardirossian,  P. Pokhilko,  A. White,  M. Wormit,  M. P. Coons,  
 A. L. Dempwolff,  Zhengting Gan,  D. Hait,  P. R. Horn,  L. D. Jacobson,  
 I. Kaliman,  J. Kussmann,  A. W. Lange,  Ka Un Lao,  D. S. Levine,  Jie Liu,  
 S. C. McKenzie,  A. F. Morrison,  K. Nanda,  F. Plasser,  D. R. Rehn,  
 M. L. Vidal,  Zhi-Qiang You,  Ying Zhu,  B. Alam,  B. Albrecht,  
 A. Aldossary,  E. Alguire,  J. H. Andersen,  D. Barton,  K. Begam,  A. Behn,  
 Y. A. Bernard,  E. J. Berquist,  H. Burton,  A. Carreras,  K. Carter-Fenk,  
 Romit Chakraborty,  A. D. Chien,  K. D. Closser,  V. Cofer-Shabica,  
 S. Dasgupta,  Jia Deng,  M. de Wergifosse,  M. Diedenhofen,  Hainam Do,  
 S. Ehlert,  Po-Tung Fang,  S. Fatehi,  Qingguo Feng,  T. Friedhoff,  
 J. Gayvert,  Qinghui Ge,  G. Gidofalvi,  M. Goldey,  J. Gomes,  
 C. Gonzalez-Espinoza,  S. Gulania,  A. Gunina,  M. W. D. Hanson-Heine,  
 P. H. P. Harbach,  A. W. Hauser,  M. F. Herbst,  M. Hernandez Vera,  
 M. Hodecker,  Z. C. Holden,  S. Houck,  Xunkun Huang,  Kerwin Hui,  
 B. C. Huynh,  M. Ivanov,  Hyunjun Ji,  Hanjie Jiang,  B. Kaduk,  S. Kaehler,  
 K. Khistyaev,  Jaehoon Kim,  P. Klunzinger,  Z. Koczor-Benda,  
 Joong Hoon Koh,  D. Kosenkov,  L. Koulias,  T. Kowalczyk,  C. M. Krauter,  
 K. Kue,  A. Kunitsa,  T. Kus,  A. Landau,  K. V. Lawler,  D. Lefrancois,  
 S. Lehtola,  Rain Li,  Yi-Pei Li,  Jiashu Liang,  M. Liebenthal,  
 Hung-Hsuan Lin,  You-Sheng Lin,  Fenglai Liu,  Kuan-Yu Liu,  
 M. Loipersberger,  A. Luenser,  A. Manjanath,  P. Manohar,  E. Mansoor,  
 S. F. Manzer,  Shan-Ping Mao,  A. V. Marenich,  T. Markovich,  S. Mason,  
 S. A. Maurer,  P. F. McLaughlin,  M. F. S. J. Menger,  J.-M. Mewes,  
 S. A. Mewes,  P. Morgante,  J. W. Mullinax,  K. J. Oosterbaan,  G. Paran,  
 Alexander C. Paul,  Suranjan K. Paul,  F. Pavosevic,  Zheng Pei,  S. Prager,  
 E. I. Proynov,  E. Ramos,  B. Rana,  A. E. Rask,  A. Rettig,  R. M. Richard,  
 F. Rob,  E. Rossomme,  T. Scheele,  M. Scheurer,  M. Schneider,  
 N. Sergueev,  S. M. Sharada,  W. Skomorowski,  D. W. Small,  C. J. Stein,  
 Yu-Chuan Su,  E. J. Sundstrom,  Zhen Tao,  J. Thirman,  T. Tsuchimochi,  
 N. M. Tubman,  S. P. Veccham,  O. Vydrov,  J. Wenzel,  J. Witte,  A. Yamada,  
 Kun Yao,  S. Yeganeh,  S. R. Yost,  A. Zech,  Igor Ying Zhang,  Xing Zhang,  
 Yu Zhang,  D. Zuev,  A. Aspuru-Guzik,  A. T. Bell,  N. A. Besley,  
 K. B. Bravaya,  B. R. Brooks,  D. Casanova,  Jeng-Da Chai,  S. Coriani,  
 C. J. Cramer,  A. E. DePrince, III,  R. A. DiStasio Jr.,  A. Dreuw,  
 B. D. Dunietz,  T. R. Furlani,  W. A. Goddard III,  S. Grimme,  
 S. Hammes-Schiffer,  T. Head-Gordon,  W. J. Hehre,  Chao-Ping Hsu,  
 T.-C. Jagau,  Yousung Jung,  A. Klamt,  Jing Kong,  D. S. Lambrecht,  
 WanZhen Liang,  N. J. Mayhall,  C. W. McCurdy,  J. B. Neaton,  T. Neudecker,  
 C. Ochsenfeld,  J. A. Parkhill,  R. Peverati,  V. A. Rassolov,  Yihan Shao,  
 L. V. Slipchenko,  R. P. Steele,  J. E. Subotnik,  A. J. W. Thom,  
 A. Tkatchenko,  D. G. Truhlar,  T. Van Voorhis,  T. A. Wesolowski,  
 K. B. Whaley,  H. L. Woodcock III,  P. M. Zimmerman,  S. Faraji,  
 P. M. W. Gill,  M. Head-Gordon,  J. M. Herbert,  A. I. Krylov

 Additional authors since Version 5.4.0: 
 Chandrima Chakravarty,  L. Cunha,  R. Kang,  Yongbin Kim,  S. Kotaru,  
 Shaozhi Li,  Xiangyuan Li,  F. Matz,  A. Molle,  V. Parravicini,  
 Haisheng Ren,  Hengyuan Shen,  Yingli Su,  Hung-Yi Tsai,  C. Utku,  
 Fang Wang,  Jeff Yang,  F. Zeller

 Contributors to earlier versions of Q-Chem not listed above: 
 R. D. Adamson,  B. Austin,  R. Baer,  J. Baker,  G. J. O. Beran,  
 K. Brandhorst,  S. T. Brown,  E. F. C. Byrd,  Arup K. Chakraborty,  
 G. K. L. Chan,  Chun-Min Chang,  Yunqing Chen,  C.-L. Cheng,  
 Siu Hung Chien,  D. M. Chipman,  D. L. Crittenden,  H. Dachsel,  
 R. J. Doerksen,  A. D. Dutoi,  R. G. Edgar,  J. Fosso-Tande,  
 L. Fusti-Molnar,  D. Ghosh,  A. Ghysels,  A. Golubeva-Zadorozhnaya,  
 J. Gonthier,  M. S. Gordon,  S. R. Gwaltney,  G. Hawkins,  J. E. Herr,  
 A. Heyden,  S. Hirata,  E. G. Hohenstein,  G. Kedziora,  F. J. Keil,  
 C. Kelley,  Jihan Kim,  R. A. King,  R. Z. Khaliullin,  P. P. Korambath,  
 W. Kurlancheek,  A. Laurent,  A. M. Lee,  M. S. Lee,  S. V. Levchenko,  
 Ching Yeh Lin,  D. Liotard,  E. Livshits,  R. C. Lochan,  I. Lotan,  
 L. A. Martinez-Martinez,  P. E. Maslen,  N. Nair,  D. P. O'Neill,  
 D. Neuhauser,  E. Neuscamman,  C. M. Oana,  R. Olivares-Amaya,  R. Olson,  
 T. M. Perrine,  B. Peters,  P. A. Pieniazek,  A. Prociuk,  Y. M. Rhee,  
 J. Ritchie,  M. A. Rohrdanz,  E. Rosta,  N. J. Russ,  H. F. Schaefer III,  
 M. W. Schmidt,  N. E. Schultz,  S. Sharma,  N. Shenvi,  C. D. Sherrill,  
 A. C. Simmonett,  A. Sodt,  T. Stein,  D. Stuck,  K. S. Thanthiriwatte,  
 V. Vanovschi,  L. Vogt,  Tao Wang,  A. Warshel,  M. A. Watson,  
 C. F. Williams,  Q. Wu,  X. Xu,  Jun Yang,  W. Zhang,  Yan Zhao

   Please cite Q-Chem as follows:
  "Software for the frontiers of quantum chemistry:
   An overview of developments in the Q-Chem 5 package"
   J. Chem. Phys. 155, 084801 (2021)
   https://doi.org/10.1063/5.0055522 (open access)

 Q-Chem 5.4.2 for Intel X86 EM64T Linux

 Parts of Q-Chem use Armadillo 9.900.5 (Nocturnal Misbehaviour).
 http://arma.sourceforge.net/

 Q-Chem begins on Wed Jan  3 16:36:34 2024  

 Host: 
0

     Scratch files written to /scratch/qchem415804//
 Dec1321 |scratch|qcdevops|jenkins|workspace|build_RNUM 5684   
 Processing $rem in /home/kchung25/qchem/5.4.0/config/preferences:
 Processing $rem in /home/kchung25/.qchemrc:

 Q-Chem warning in module libgen/rem_setup.C, line 3079:

 Neither GIA nor STOLL is specified by user. Use STOLL as the default


 Checking the input file for inconsistencies... 	...done.

--------------------------------------------------------------
User input:
--------------------------------------------------------------
$molecule
1 1
--
0 1
O      0.000000     0.000000     0.000000
H     -0.675113    -0.125130     0.675113
H      0.260930    -0.889406    -0.260930
--
1 1
Li     1.828878     0.000000     0.000000
$end

$rem
JOBTYPE          eda
EDA2             1
METHOD           wB97M-V
BASIS            def2-TZVPPD
SYMMETRY         false
MEM_TOTAL        50000
MEM_STATIC       10000
THRESH           14
SCF_CONVERGENCE  8
XC_GRID          000099000590
NL_GRID          1
EDA_CLS_DISP     true
FD_MAT_VEC_PROD  FALSE
$end
--------------------------------------------------------------
 ----------------------------------------------------------------
             Standard Nuclear Orientation (Angstroms)
    I     Atom           X                Y                Z
 ----------------------------------------------------------------
    1      O      -0.3837194028    -0.0485371931     0.0987732979
    2      H      -1.1161057670    -0.2474640084    -0.4938910067
    3      H      -0.1281729777     0.8552158390    -0.1136848024
    4      Li      1.4380113223    -0.0731514287    -0.0608701914
 ----------------------------------------------------------------
 Molecular Point Group                 C1    NOp =  1
 Largest Abelian Subgroup              C1    NOp =  1
 Nuclear Repulsion Energy =          17.56638774 hartrees
 There are        6 alpha and        6 beta electrons
 Requested basis set is def2-TZVPPD
 There are 38 shells and 96 basis functions

 Q-Chem warning in module libmdc/get_mega.C, line 171:

 Allowed MEM_STATIC has been capped at MEM_STATIC=8191.
 Reduce the value of MEM_STATIC to silence this warning.


 Total QAlloc Memory Limit  50000 MB
 Mega-Array Size      8007 MB
 MEM_STATIC part      8191 MB

                       Distance Matrix (Angstroms)
             O (  1)   H (  2)   H (  3)
   H (  2)  0.962919
   H (  3)  0.962918  1.528552
   Li(  4)  1.828878  2.596422  1.821425
 
 A cutoff of  1.0D-14 yielded    739 shell pairs
 There are      4777 function pairs (      5740 Cartesian)
 Smallest overlap matrix eigenvalue = 3.89E-04

 Scale SEOQF with 1.000000e-01/1.000000e-01/1.000000e-01

 Standard Electronic Orientation quadrupole field applied
 Nucleus-field energy     =     0.0000000003 hartrees

 -----------------------------------------------------------------------
  General SCF calculation program by
  Eric Jon Sundstrom, Paul Horn, Yuezhi Mao, Dmitri Zuev, Alec White,
  David Stuck, Shaama M.S., Shane Yost, Joonho Lee, David Small,
  Daniel Levine, Susi Lehtola, Hugh Burton, Evgeny Epifanovsky,
  Bang C. Huynh
 -----------------------------------------------------------------------
================================================================
                 ALMO-EDA with the EDA2 driver                  
================================================================
 The second-generation ALMO-EDA (for DFT):                      
 P. R. Horn, Y. Mao and M. Head-Gordon, PCCP, 18, 23067 (2016)  
 Y. Mao et al. Annu. Rev. Phys. Chem. 72, 641 (2021)            
 Decomposition of the frozen energy:                            
 P. R. Horn, Y. Mao and M. Head-Gordon, JCP, 144, 114107 (2016) 
 FERF model for polarization:                                   
 P. R. Horn and M. Head-Gordon, JCP, 143, 114111 (2015)         
================================================================
 Using eda2 option set 1
 Option set summary: Frozen orbital wavefunction, initial wavefunction decomposition, and nDQ polarization.
--------------------------------
Printing EDA Options
--------------------------------
eda_child_super_basis      0
fragmo_guess_mode          0
child_mp                   1
child_mp_orders            232
cls_elec                   1
cls_disp                   1
scfmi_mode                 1
scfmi_occs                 0
scfmi_virts                0
frz_relax                  0
frz_relax_method           0
dc_pen_start               0
dc_pen_conv                0
dc_pen_increment           0
dc_pen_steps               0
dc_pen_thresh_factor       0
dc_pen_pre_newton_thresh   0
frz_ortho_decomp           1
frz_ortho_decomp_conv      6
plot_mo_ortho_frz          0
frgm_method                2
scfmi_freeze_ss            0
separate_rehyb             0
plot_diff_den              0
eda_nocv                   0
eda_vct_relax              1
disp_free_x                0
disp_free_c                0
eda_bsse                   0
eda_pct_a                  0
eda_covp                   0
--------------------------------
Attempting to make child job directory: /scratch/qchem415804//Frg1/
Attempting to make child job directory: /scratch/qchem415804//Frg2/
Creating input file /scratch/qchem415804/Frg1.input
using default PutDataFrgm: nothing
calling putenv with: QCSCRATCH=/scratch/qchem415804/ 
Spawning Job For Fragment 0
Done Job For Fragment 0
calling putenv with: QCSCRATCH=/scratch 
calling putenv with: QCTHREADS=6 
Creating input file /scratch/qchem415804/Frg2.input
using default PutDataFrgm: nothing
calling putenv with: QCSCRATCH=/scratch/qchem415804/ 
Spawning Job For Fragment 1
Done Job For Fragment 1
calling putenv with: QCSCRATCH=/scratch 
calling putenv with: QCTHREADS=6 
Doing General SCFMI
 Exchange:     0.1500 Hartree-Fock + 1.0000 wB97M-V + LR-HF
 Correlation:  1.0000 wB97M-V
 Using Euler-Maclaurin-Lebedev (99,590) quadrature formula
 Nonlocal Correlation:  VV10 with C = 0.0100 and b = 6.00 and scale = 1.00000
 Grid used for NLC:  SG-1 standard quadrature
performing fock build before subrot guess so that all methods have access
Printing subrot_rss_gen Method Specification:
Occupied Subspace Method is 0
Virtual Subspace Method is 0
Energy of the unrelaxed supersystem initial determinant -83.719873159468
write pseudocanon occs and virts to disk
write pseudocanon orbital energies to disk
Tolerance of ortho_decomp_scf: 1.00e-06
GDM subspace size: 20
Beginning the Orthogonal Decomposition of the Initial Supersystem Wavefunction
    1     -83.6802312554      2.68e-01     ortho_decomp Preconditoned Steepest Descent
    2     -83.6811530662      3.35e-03     ortho_decomp BFGS Step
    3     -83.6811535536      1.24e-04     ortho_decomp BFGS Step
    4     -83.6811535543      4.09e-06     ortho_decomp BFGS Step
    5     -83.6811535543      6.23e-08     ortho_decomp 00000 Convergence criterion met
 Hartree-Fock
 Hartree-Fock
 Hartree-Fock
 Exchange:     0.1500 Hartree-Fock + 1.0000 wB97M-V + LR-HF
 Correlation:  1.0000 wB97M-V
 Using Euler-Maclaurin-Lebedev (99,590) quadrature formula
 Nonlocal Correlation:  VV10 with C = 0.0100 and b = 6.00 and scale = 1.00000
 Grid used for NLC:  SG-1 standard quadrature
 Long-range K will be added via erf
 Coulomb attenuation parameter = 0.3 bohr**(-1)
 Nonlocal correlation = 5.168293705738e-02
Doing General SCFMI
 Exchange:     0.1500 Hartree-Fock + 1.0000 wB97M-V + LR-HF
 Correlation:  1.0000 wB97M-V
 Using Euler-Maclaurin-Lebedev (99,590) quadrature formula
 Nonlocal Correlation:  VV10 with C = 0.0100 and b = 6.00 and scale = 1.00000
 Grid used for NLC:  SG-1 standard quadrature
performing fock build at end of subrot_r(subrot) constructor so that all methods have access
<S^2> of initial wavefunction before polarization iterations 0.0000000000
Beginning iterations for the determination of the polarized wavefunction
Energy prior to optimization (guess energy) = -83.719873159468
Begin Timing: Total SCF Calculation
begin iterations for algorithm: DIIS         
the SCF tolerance is set to 1.00e-08
    1     -83.7198731595      3.25e-03     00000 
    2     -83.7362276971      1.12e-03     00000 
    3     -83.7371011105      4.81e-04     00000 
    4     -83.7372773348      1.69e-04     00000 
    5     -83.7373062859      2.74e-05     00000 
    6     -83.7373083967      4.87e-06     00000 
    7     -83.7373085112      8.04e-07     00000 
    8     -83.7373085138      2.05e-07     00000 
    9     -83.7373085140      3.69e-08     00000 
   10     -83.7373085140      6.51e-09     00000 Convergence criterion met
write pseudocanon occs and virts to disk
write pseudocanon orbital energies to disk
Timing for Total SCF: 5.00s (wall), 29.15s (cpu)
<S^2> of polarized wavefunction after polarization iterations 0.0000000000
relaxing scfmi constraint to allow all rotations in the entire AO span
Doing General SCFMI
 Exchange:     0.1500 Hartree-Fock + 1.0000 wB97M-V + LR-HF
 Correlation:  1.0000 wB97M-V
 Using Euler-Maclaurin-Lebedev (99,590) quadrature formula
 Nonlocal Correlation:  VV10 with C = 0.0100 and b = 6.00 and scale = 1.00000
 Grid used for NLC:  SG-1 standard quadrature
performing fock build at end of subrot_r(subrot) constructor so that all methods have access
<S^2> of polarized wavefunction before ct-allowed iterations 0.0000000000
Beginning iterations for the determination of the CT-Allowed wavefunction
Energy prior to optimization (guess energy) = -83.737308513979
Begin Timing: Total SCF Calculation
begin iterations for algorithm: DIIS         
the SCF tolerance is set to 1.00e-08
    1     -83.7373085140      1.26e-03     00000 
    2     -83.7426980028      1.47e-04     00000 
    3     -83.7428579664      6.50e-05     00000 
    4     -83.7428703912      3.11e-05     00000 
    5     -83.7428739484      2.33e-06     00000 
    6     -83.7428740057      5.40e-07     00000 
    7     -83.7428740103      8.32e-08     00000 
    8     -83.7428740104      1.92e-08     00000 
    9     -83.7428740104      4.07e-09     00000 Convergence criterion met
write pseudocanon occs and virts to disk
write pseudocanon orbital energies to disk
Timing for Total SCF: 4.00s (wall), 26.06s (cpu)
<S^2> of ct_allowed wavefunction after ct-allowed iterations 0.0000000000

================================
        Results of EDA2         
================================
Basic EDA Quantities
--------------------
Fragment Energies (Ha):
1  -76.4363625334
2   -7.2758394981
--------------------
  E_prp (kJ/mol) = 0.0000
  E_frz (kJ/mol) = -20.1408
  E_pol (kJ/mol) = -45.7771
  E_vct (kJ/mol) = -14.6124
  E_int (kJ/mol) = -80.5302
--------------------


Decomposition of frozen interaction energy
--------------------
  --------------------
  Orthogonal Frozen Decomposition:
  --------------------
     E_elec   (ELEC)   (kJ/mol) = -87.1054
     E_pauli  (PAULI)  (kJ/mol) = 72.7049
     E_disp   (DISP)   (kJ/mol) = -5.7403
  --------------------
  Classical Frozen Decomposition:
  --------------------
     E_cls_elec  (CLS ELEC)  (kJ/mol) = -77.4207
     E_mod_pauli (MOD PAULI) (kJ/mol) = 62.7481 (FRZ - CLS ELEC - CLS DISP)
     E_cls_disp  (CLS DISP)  (kJ/mol) = -5.4682
  --------------------
--------------------

Simplified EDA Summary (kJ/mol)
--------------------
 PREPARATION      0.0000
 FROZEN           -20.1408 (ELEC + PAULI + DISP)
[ELEC + PAULI = -14.6726, DISP = -5.4682]
 POLARIZATION    -45.7771
 CHARGE TRANSFER -14.6124
 TOTAL           -80.5302     (PRP + FRZ + POL + CT)
--------------------
 
 --------------------------------------------------------------
 
                    Orbital Energies (a.u.)
 --------------------------------------------------------------
 
 Alpha MOs
 -- Occupied --
-19.5975  -2.4041  -1.4070  -0.9066  -0.7732  -0.6974
 -- Virtual --
 -0.1987  -0.1389  -0.1288  -0.1195  -0.0583  -0.0540  -0.0437  -0.0397
 -0.0349  -0.0221  -0.0056   0.0152   0.0322   0.0711   0.0909   0.1096
  0.1459   0.1594   0.1653   0.1748   0.2039   0.2123   0.2282   0.2496
  0.2582   0.2805   0.3057   0.3449   0.3674   0.3933   0.4589   0.4787
  0.5408   0.5849   0.6248   0.6781   0.7296   0.7939   0.8640   0.8984
  0.9839   1.0074   1.0256   1.1541   1.2011   1.5403   1.7204   1.8004
  1.9104   1.9497   2.0704   2.3595   2.5386   2.6755   2.9053   2.9868
  3.0349   3.1559   3.2237   3.2428   3.2542   3.4484   3.6649   3.7374
  3.7810   3.8816   3.9664   3.9931   4.0498   4.4961   4.5342   4.7648
  4.9693   5.4412   5.7859   5.7999   5.9489   6.0304   6.2825   6.3780
  6.4200   6.4549   6.5185   6.6471   6.7989   7.2748   7.3687   7.5842
 14.5916  44.0649
 --------------------------------------------------------------
 
          Ground-State Mulliken Net Atomic Charges

     Atom                 Charge (a.u.)
  ----------------------------------------
      1 O                    -0.356817
      2 H                     0.230368
      3 H                     0.211529
      4 Li                    0.914919
  ----------------------------------------
  Sum of atomic charges =     1.000000

 -----------------------------------------------------------------
                    Cartesian Multipole Moments
 -----------------------------------------------------------------
    Charge (ESU x 10^10)
                 4.8032
    Dipole Moment (Debye)
         X       4.8775      Y       0.8152      Z      -1.5879
       Tot       5.1938
    Quadrupole Moments (Debye-Ang)
        XX       4.9659     XY       0.2064     YY      -5.6021
        XZ       1.1149     YZ       0.0989     ZZ      -7.0998
    Octopole Moments (Debye-Ang^2)
       XXX      16.7912    XXY      -1.6403    XYY       1.5188
       YYY       1.4311    XXZ      -2.4453    XYZ      -0.2487
       YYZ      -0.4553    XZZ       1.3642    YZZ      -0.1093
       ZZZ      -0.9599
    Hexadecapole Moments (Debye-Ang^3)
      XXXX       5.7310   XXXY      -0.0808   XXYY      -3.9842
      XYYY      -0.1074   YYYY      -6.1101   XXXZ       1.3065
      XXYZ       0.4674   XYYZ       0.2079   YYYZ      -0.1185
      XXZZ      -3.4503   XYZZ       0.1776   YYZZ      -2.4113
      XZZZ       0.6780   YZZZ       0.1435   ZZZZ      -7.1221
 -----------------------------------------------------------------
 Total job time:  34.84s(wall), 108.78s(cpu) 
 Wed Jan  3 16:37:08 2024

        *************************************************************
        *                                                           *
        *  Thank you very much for using Q-Chem.  Have a nice day.  *
        *                                                           *
        *************************************************************


