
Running Job 1 of 1 082_NaF-Na_1.30_almo.in
qchem 082_NaF-Na_1.30_almo.in_540116.0 /scratch/qchem540116/ 6
/home/kchung25/qchem/5.4.0/exe/qcprog.exe_s 082_NaF-Na_1.30_almo.in_540116.0 /scratch/qchem540116/
                  Welcome to Q-Chem
     A Quantum Leap Into The Future Of Chemistry


 Q-Chem 5.4, Q-Chem, Inc., Pleasanton, CA (2021)

 E. Epifanovsky,  A. T. B. Gilbert,  Xintian Feng,  Joonho Lee,  Yuezhi Mao,  
 N. Mardirossian,  P. Pokhilko,  A. White,  M. Wormit,  M. P. Coons,  
 A. L. Dempwolff,  Zhengting Gan,  D. Hait,  P. R. Horn,  L. D. Jacobson,  
 I. Kaliman,  J. Kussmann,  A. W. Lange,  Ka Un Lao,  D. S. Levine,  Jie Liu,  
 S. C. McKenzie,  A. F. Morrison,  K. Nanda,  F. Plasser,  D. R. Rehn,  
 M. L. Vidal,  Zhi-Qiang You,  Ying Zhu,  B. Alam,  B. Albrecht,  
 A. Aldossary,  E. Alguire,  J. H. Andersen,  D. Barton,  K. Begam,  A. Behn,  
 Y. A. Bernard,  E. J. Berquist,  H. Burton,  A. Carreras,  K. Carter-Fenk,  
 Romit Chakraborty,  A. D. Chien,  K. D. Closser,  V. Cofer-Shabica,  
 S. Dasgupta,  Jia Deng,  M. de Wergifosse,  M. Diedenhofen,  Hainam Do,  
 S. Ehlert,  Po-Tung Fang,  S. Fatehi,  Qingguo Feng,  T. Friedhoff,  
 J. Gayvert,  Qinghui Ge,  G. Gidofalvi,  M. Goldey,  J. Gomes,  
 C. Gonzalez-Espinoza,  S. Gulania,  A. Gunina,  M. W. D. Hanson-Heine,  
 P. H. P. Harbach,  A. W. Hauser,  M. F. Herbst,  M. Hernandez Vera,  
 M. Hodecker,  Z. C. Holden,  S. Houck,  Xunkun Huang,  Kerwin Hui,  
 B. C. Huynh,  M. Ivanov,  Hyunjun Ji,  Hanjie Jiang,  B. Kaduk,  S. Kaehler,  
 K. Khistyaev,  Jaehoon Kim,  P. Klunzinger,  Z. Koczor-Benda,  
 Joong Hoon Koh,  D. Kosenkov,  L. Koulias,  T. Kowalczyk,  C. M. Krauter,  
 K. Kue,  A. Kunitsa,  T. Kus,  A. Landau,  K. V. Lawler,  D. Lefrancois,  
 S. Lehtola,  Rain Li,  Yi-Pei Li,  Jiashu Liang,  M. Liebenthal,  
 Hung-Hsuan Lin,  You-Sheng Lin,  Fenglai Liu,  Kuan-Yu Liu,  
 M. Loipersberger,  A. Luenser,  A. Manjanath,  P. Manohar,  E. Mansoor,  
 S. F. Manzer,  Shan-Ping Mao,  A. V. Marenich,  T. Markovich,  S. Mason,  
 S. A. Maurer,  P. F. McLaughlin,  M. F. S. J. Menger,  J.-M. Mewes,  
 S. A. Mewes,  P. Morgante,  J. W. Mullinax,  K. J. Oosterbaan,  G. Paran,  
 Alexander C. Paul,  Suranjan K. Paul,  F. Pavosevic,  Zheng Pei,  S. Prager,  
 E. I. Proynov,  E. Ramos,  B. Rana,  A. E. Rask,  A. Rettig,  R. M. Richard,  
 F. Rob,  E. Rossomme,  T. Scheele,  M. Scheurer,  M. Schneider,  
 N. Sergueev,  S. M. Sharada,  W. Skomorowski,  D. W. Small,  C. J. Stein,  
 Yu-Chuan Su,  E. J. Sundstrom,  Zhen Tao,  J. Thirman,  T. Tsuchimochi,  
 N. M. Tubman,  S. P. Veccham,  O. Vydrov,  J. Wenzel,  J. Witte,  A. Yamada,  
 Kun Yao,  S. Yeganeh,  S. R. Yost,  A. Zech,  Igor Ying Zhang,  Xing Zhang,  
 Yu Zhang,  D. Zuev,  A. Aspuru-Guzik,  A. T. Bell,  N. A. Besley,  
 K. B. Bravaya,  B. R. Brooks,  D. Casanova,  Jeng-Da Chai,  S. Coriani,  
 C. J. Cramer,  A. E. DePrince, III,  R. A. DiStasio Jr.,  A. Dreuw,  
 B. D. Dunietz,  T. R. Furlani,  W. A. Goddard III,  S. Grimme,  
 S. Hammes-Schiffer,  T. Head-Gordon,  W. J. Hehre,  Chao-Ping Hsu,  
 T.-C. Jagau,  Yousung Jung,  A. Klamt,  Jing Kong,  D. S. Lambrecht,  
 WanZhen Liang,  N. J. Mayhall,  C. W. McCurdy,  J. B. Neaton,  T. Neudecker,  
 C. Ochsenfeld,  J. A. Parkhill,  R. Peverati,  V. A. Rassolov,  Yihan Shao,  
 L. V. Slipchenko,  R. P. Steele,  J. E. Subotnik,  A. J. W. Thom,  
 A. Tkatchenko,  D. G. Truhlar,  T. Van Voorhis,  T. A. Wesolowski,  
 K. B. Whaley,  H. L. Woodcock III,  P. M. Zimmerman,  S. Faraji,  
 P. M. W. Gill,  M. Head-Gordon,  J. M. Herbert,  A. I. Krylov

 Additional authors since Version 5.4.0: 
 Chandrima Chakravarty,  L. Cunha,  R. Kang,  Yongbin Kim,  S. Kotaru,  
 Shaozhi Li,  Xiangyuan Li,  F. Matz,  A. Molle,  V. Parravicini,  
 Haisheng Ren,  Hengyuan Shen,  Yingli Su,  Hung-Yi Tsai,  C. Utku,  
 Fang Wang,  Jeff Yang,  F. Zeller

 Contributors to earlier versions of Q-Chem not listed above: 
 R. D. Adamson,  B. Austin,  R. Baer,  J. Baker,  G. J. O. Beran,  
 K. Brandhorst,  S. T. Brown,  E. F. C. Byrd,  Arup K. Chakraborty,  
 G. K. L. Chan,  Chun-Min Chang,  Yunqing Chen,  C.-L. Cheng,  
 Siu Hung Chien,  D. M. Chipman,  D. L. Crittenden,  H. Dachsel,  
 R. J. Doerksen,  A. D. Dutoi,  R. G. Edgar,  J. Fosso-Tande,  
 L. Fusti-Molnar,  D. Ghosh,  A. Ghysels,  A. Golubeva-Zadorozhnaya,  
 J. Gonthier,  M. S. Gordon,  S. R. Gwaltney,  G. Hawkins,  J. E. Herr,  
 A. Heyden,  S. Hirata,  E. G. Hohenstein,  G. Kedziora,  F. J. Keil,  
 C. Kelley,  Jihan Kim,  R. A. King,  R. Z. Khaliullin,  P. P. Korambath,  
 W. Kurlancheek,  A. Laurent,  A. M. Lee,  M. S. Lee,  S. V. Levchenko,  
 Ching Yeh Lin,  D. Liotard,  E. Livshits,  R. C. Lochan,  I. Lotan,  
 L. A. Martinez-Martinez,  P. E. Maslen,  N. Nair,  D. P. O'Neill,  
 D. Neuhauser,  E. Neuscamman,  C. M. Oana,  R. Olivares-Amaya,  R. Olson,  
 T. M. Perrine,  B. Peters,  P. A. Pieniazek,  A. Prociuk,  Y. M. Rhee,  
 J. Ritchie,  M. A. Rohrdanz,  E. Rosta,  N. J. Russ,  H. F. Schaefer III,  
 M. W. Schmidt,  N. E. Schultz,  S. Sharma,  N. Shenvi,  C. D. Sherrill,  
 A. C. Simmonett,  A. Sodt,  T. Stein,  D. Stuck,  K. S. Thanthiriwatte,  
 V. Vanovschi,  L. Vogt,  Tao Wang,  A. Warshel,  M. A. Watson,  
 C. F. Williams,  Q. Wu,  X. Xu,  Jun Yang,  W. Zhang,  Yan Zhao

   Please cite Q-Chem as follows:
  "Software for the frontiers of quantum chemistry:
   An overview of developments in the Q-Chem 5 package"
   J. Chem. Phys. 155, 084801 (2021)
   https://doi.org/10.1063/5.0055522 (open access)

 Q-Chem 5.4.2 for Intel X86 EM64T Linux

 Parts of Q-Chem use Armadillo 9.900.5 (Nocturnal Misbehaviour).
 http://arma.sourceforge.net/

 Q-Chem begins on Sat Jan  6 15:51:49 2024  

 Host: 
0

     Scratch files written to /scratch/qchem540116//
 Dec1321 |scratch|qcdevops|jenkins|workspace|build_RNUM 5684   
 Processing $rem in /home/kchung25/qchem/5.4.0/config/preferences:
 Processing $rem in /home/kchung25/.qchemrc:

 Q-Chem warning in module libgen/rem_setup.C, line 3079:

 Neither GIA nor STOLL is specified by user. Use STOLL as the default


 Checking the input file for inconsistencies... 	...done.

--------------------------------------------------------------
User input:
--------------------------------------------------------------
$molecule
1 1
--
0 1
F      0.000000     0.000000     0.000000
Na     0.000000     1.939580     0.000000
--
1 1
Na     2.521454     0.000000     0.000000
$end

$rem
JOBTYPE          eda
EDA2             1
METHOD           wB97M-V
BASIS            def2-TZVPPD
SYMMETRY         false
MEM_TOTAL        50000
MEM_STATIC       10000
THRESH           14
SCF_CONVERGENCE  8
XC_GRID          000099000590
NL_GRID          1
EDA_CLS_DISP     true
FD_MAT_VEC_PROD  FALSE
$end
--------------------------------------------------------------
 ----------------------------------------------------------------
             Standard Nuclear Orientation (Angstroms)
    I     Atom           X                Y                Z
 ----------------------------------------------------------------
    1      F      -0.3918124362    -1.0586121616    -0.0000000000
    2      Na     -1.4231028922     0.5840717921     0.0000000000
    3      Na      1.7436767036     0.2820654311    -0.0000000000
 ----------------------------------------------------------------
 Molecular Point Group                 Cs    NOp =  2
 Largest Abelian Subgroup              Cs    NOp =  2
 Nuclear Repulsion Energy =          67.91546293 hartrees
 There are       15 alpha and       15 beta electrons
 Requested basis set is def2-TZVPPD
 There are 40 shells and 110 basis functions

 Q-Chem warning in module libmdc/get_mega.C, line 171:

 Allowed MEM_STATIC has been capped at MEM_STATIC=8191.
 Reduce the value of MEM_STATIC to silence this warning.


 Total QAlloc Memory Limit  50000 MB
 Mega-Array Size      8007 MB
 MEM_STATIC part      8191 MB

                       Distance Matrix (Angstroms)
             F (  1)   Na(  2)
   Na(  2)  1.939580
   Na(  3)  2.521454  3.181148
 
 A cutoff of  1.0D-14 yielded    798 shell pairs
 There are      6172 function pairs (      7618 Cartesian)
 Smallest overlap matrix eigenvalue = 2.05E-03

 Scale SEOQF with 1.000000e-01/1.000000e-01/1.000000e-01

 Standard Electronic Orientation quadrupole field applied
 Nucleus-field energy     =     0.0000000031 hartrees

 -----------------------------------------------------------------------
  General SCF calculation program by
  Eric Jon Sundstrom, Paul Horn, Yuezhi Mao, Dmitri Zuev, Alec White,
  David Stuck, Shaama M.S., Shane Yost, Joonho Lee, David Small,
  Daniel Levine, Susi Lehtola, Hugh Burton, Evgeny Epifanovsky,
  Bang C. Huynh
 -----------------------------------------------------------------------
================================================================
                 ALMO-EDA with the EDA2 driver                  
================================================================
 The second-generation ALMO-EDA (for DFT):                      
 P. R. Horn, Y. Mao and M. Head-Gordon, PCCP, 18, 23067 (2016)  
 Y. Mao et al. Annu. Rev. Phys. Chem. 72, 641 (2021)            
 Decomposition of the frozen energy:                            
 P. R. Horn, Y. Mao and M. Head-Gordon, JCP, 144, 114107 (2016) 
 FERF model for polarization:                                   
 P. R. Horn and M. Head-Gordon, JCP, 143, 114111 (2015)         
================================================================
 Using eda2 option set 1
 Option set summary: Frozen orbital wavefunction, initial wavefunction decomposition, and nDQ polarization.
--------------------------------
Printing EDA Options
--------------------------------
eda_child_super_basis      0
fragmo_guess_mode          0
child_mp                   1
child_mp_orders            232
cls_elec                   1
cls_disp                   1
scfmi_mode                 1
scfmi_occs                 0
scfmi_virts                0
frz_relax                  0
frz_relax_method           0
dc_pen_start               0
dc_pen_conv                0
dc_pen_increment           0
dc_pen_steps               0
dc_pen_thresh_factor       0
dc_pen_pre_newton_thresh   0
frz_ortho_decomp           1
frz_ortho_decomp_conv      6
plot_mo_ortho_frz          0
frgm_method                2
scfmi_freeze_ss            0
separate_rehyb             0
plot_diff_den              0
eda_nocv                   0
eda_vct_relax              1
disp_free_x                0
disp_free_c                0
eda_bsse                   0
eda_pct_a                  0
eda_covp                   0
--------------------------------
Attempting to make child job directory: /scratch/qchem540116//Frg1/
Attempting to make child job directory: /scratch/qchem540116//Frg2/
Creating input file /scratch/qchem540116/Frg1.input
using default PutDataFrgm: nothing
calling putenv with: QCSCRATCH=/scratch/qchem540116/ 
Spawning Job For Fragment 0
Done Job For Fragment 0
calling putenv with: QCSCRATCH=/scratch 
calling putenv with: QCTHREADS=6 
Creating input file /scratch/qchem540116/Frg2.input
using default PutDataFrgm: nothing
calling putenv with: QCSCRATCH=/scratch/qchem540116/ 
Spawning Job For Fragment 1
Done Job For Fragment 1
calling putenv with: QCSCRATCH=/scratch 
calling putenv with: QCTHREADS=6 
Doing General SCFMI
 Exchange:     0.1500 Hartree-Fock + 1.0000 wB97M-V + LR-HF
 Correlation:  1.0000 wB97M-V
 Using Euler-Maclaurin-Lebedev (99,590) quadrature formula
 Nonlocal Correlation:  VV10 with C = 0.0100 and b = 6.00 and scale = 1.00000
 Grid used for NLC:  SG-1 standard quadrature
performing fock build before subrot guess so that all methods have access
Printing subrot_rss_gen Method Specification:
Occupied Subspace Method is 0
Virtual Subspace Method is 0
Energy of the unrelaxed supersystem initial determinant -424.289460703473
write pseudocanon occs and virts to disk
write pseudocanon orbital energies to disk
Tolerance of ortho_decomp_scf: 1.00e-06
GDM subspace size: 20
Beginning the Orthogonal Decomposition of the Initial Supersystem Wavefunction
    1    -424.2377535020      1.67e-01     ortho_decomp Preconditoned Steepest Descent
    2    -424.2402242263      1.58e-03     ortho_decomp BFGS Step
    3    -424.2402255608      6.14e-05     ortho_decomp BFGS Step
    4    -424.2402255615      9.59e-07     ortho_decomp 00000 Convergence criterion met
 Hartree-Fock
 Hartree-Fock
 Hartree-Fock
 Exchange:     0.1500 Hartree-Fock + 1.0000 wB97M-V + LR-HF
 Correlation:  1.0000 wB97M-V
 Using Euler-Maclaurin-Lebedev (99,590) quadrature formula
 Nonlocal Correlation:  VV10 with C = 0.0100 and b = 6.00 and scale = 1.00000
 Grid used for NLC:  SG-1 standard quadrature
 Long-range K will be added via erf
 Coulomb attenuation parameter = 0.3 bohr**(-1)
 Nonlocal correlation = 1.313426982268e-01
Doing General SCFMI
 Exchange:     0.1500 Hartree-Fock + 1.0000 wB97M-V + LR-HF
 Correlation:  1.0000 wB97M-V
 Using Euler-Maclaurin-Lebedev (99,590) quadrature formula
 Nonlocal Correlation:  VV10 with C = 0.0100 and b = 6.00 and scale = 1.00000
 Grid used for NLC:  SG-1 standard quadrature
performing fock build at end of subrot_r(subrot) constructor so that all methods have access
<S^2> of initial wavefunction before polarization iterations 0.0000000000
Beginning iterations for the determination of the polarized wavefunction
Energy prior to optimization (guess energy) = -424.289460703473
Begin Timing: Total SCF Calculation
begin iterations for algorithm: DIIS         
the SCF tolerance is set to 1.00e-08
    1    -424.2894607035      1.21e-03     00000 
    2    -424.2975793311      3.54e-04     00000 
    3    -424.2982118508      1.09e-04     00000 
    4    -424.2983487530      3.30e-05     00000 
    5    -424.2983695801      9.95e-06     00000 
    6    -424.2983711276      8.09e-06     00000 
    7    -424.2983713440      1.13e-06     00000 
    8    -424.2983713549      3.46e-07     00000 
    9    -424.2983713561      9.77e-08     00000 
   10    -424.2983713562      2.87e-08     00000 
   11    -424.2983713562      7.37e-09     00000 Convergence criterion met
write pseudocanon occs and virts to disk
write pseudocanon orbital energies to disk
Timing for Total SCF: 5.00s (wall), 35.20s (cpu)
<S^2> of polarized wavefunction after polarization iterations 0.0000000000
relaxing scfmi constraint to allow all rotations in the entire AO span
Doing General SCFMI
 Exchange:     0.1500 Hartree-Fock + 1.0000 wB97M-V + LR-HF
 Correlation:  1.0000 wB97M-V
 Using Euler-Maclaurin-Lebedev (99,590) quadrature formula
 Nonlocal Correlation:  VV10 with C = 0.0100 and b = 6.00 and scale = 1.00000
 Grid used for NLC:  SG-1 standard quadrature
performing fock build at end of subrot_r(subrot) constructor so that all methods have access
<S^2> of polarized wavefunction before ct-allowed iterations 0.0000000000
Beginning iterations for the determination of the CT-Allowed wavefunction
Energy prior to optimization (guess energy) = -424.298371356250
Begin Timing: Total SCF Calculation
begin iterations for algorithm: DIIS         
the SCF tolerance is set to 1.00e-08
    1    -424.2983713562      4.34e-04     00000 
    2    -424.2992404702      4.69e-05     00000 
    3    -424.2992715218      2.35e-05     00000 
    4    -424.2992736044      1.52e-05     00000 
    5    -424.2992746059      8.24e-07     00000 
    6    -424.2992746214      2.62e-07     00000 
    7    -424.2992746225      8.02e-08     00000 
    8    -424.2992746227      2.48e-08     00000 
    9    -424.2992746227      5.59e-09     00000 Convergence criterion met
write pseudocanon occs and virts to disk
write pseudocanon orbital energies to disk
Timing for Total SCF: 5.00s (wall), 28.04s (cpu)
<S^2> of ct_allowed wavefunction after ct-allowed iterations 0.0000000000

================================
        Results of EDA2         
================================
Basic EDA Quantities
--------------------
Fragment Energies (Ha):
1 -262.1837923284
2 -162.0687155488
--------------------
  E_prp (kJ/mol) = 0.0000
  E_frz (kJ/mol) = -97.0208
  E_pol (kJ/mol) = -23.3952
  E_vct (kJ/mol) = -2.3716
  E_int (kJ/mol) = -122.7875
--------------------


Decomposition of frozen interaction energy
--------------------
  --------------------
  Orthogonal Frozen Decomposition:
  --------------------
     E_elec   (ELEC)   (kJ/mol) = -119.8974
     E_pauli  (PAULI)  (kJ/mol) = 26.8731
     E_disp   (DISP)   (kJ/mol) = -3.9965
  --------------------
  Classical Frozen Decomposition:
  --------------------
     E_cls_elec  (CLS ELEC)  (kJ/mol) = -112.0832
     E_mod_pauli (MOD PAULI) (kJ/mol) = 18.1425 (FRZ - CLS ELEC - CLS DISP)
     E_cls_disp  (CLS DISP)  (kJ/mol) = -3.0800
  --------------------
--------------------

Simplified EDA Summary (kJ/mol)
--------------------
 PREPARATION      0.0000
 FROZEN           -97.0208 (ELEC + PAULI + DISP)
[ELEC + PAULI = -93.9408, DISP = -3.0800]
 POLARIZATION    -23.3952
 CHARGE TRANSFER -2.3716
 TOTAL           -122.7875     (PRP + FRZ + POL + CT)
--------------------
 
 --------------------------------------------------------------
             Orbital Energies (a.u.) and Symmetries
 --------------------------------------------------------------
 
 Alpha MOs, Restricted
 -- Occupied --                  
-38.951 -38.889 -24.907  -2.592  -2.534  -1.495  -1.494  -1.491
  1 A'    2 A'    3 A'    4 A'    5 A'    6 A'    1 A"    7 A'                 
 -1.439  -1.438  -1.437  -1.290  -0.561  -0.560  -0.552
  8 A'    9 A'    2 A"   10 A'   11 A'   12 A'    3 A"                         
 -- Virtual --                   
 -0.195  -0.148  -0.116  -0.106  -0.082  -0.076  -0.067  -0.059
 13 A'   14 A'    4 A"   15 A'   16 A'    5 A"   17 A'   18 A'                 
 -0.054  -0.046  -0.037  -0.030  -0.027  -0.021  -0.016   0.012
 19 A'    6 A"   20 A'   21 A'    7 A"   22 A'   23 A'   24 A'                 
  0.044   0.046   0.051   0.061   0.085   0.087   0.095   0.100
 25 A'    8 A"   26 A'    9 A"   10 A"   27 A'   28 A'   11 A"                 
  0.104   0.109   0.122   0.129   0.171   0.178   0.181   0.195
 29 A'   30 A'   12 A"   31 A'   32 A'   13 A"   33 A'   34 A'                 
  0.208   0.289   0.312   0.373   0.522   0.554   0.601   0.602
 14 A"   35 A'   36 A'   37 A'   38 A'   15 A"   39 A'   16 A"                 
  0.626   0.737   0.773   0.829   0.926   0.930   0.950   0.961
 40 A'   17 A"   41 A'   42 A'   18 A"   43 A'   19 A"   44 A'                 
  0.974   0.977   0.991   1.028   1.042   1.066   1.081   1.122
 20 A"   45 A'   46 A'   47 A'   21 A"   48 A'   49 A'   22 A"                 
  1.163   1.189   1.220   1.354   1.371   2.347   2.372   2.372
 50 A'   23 A"   51 A'   52 A'   53 A'   24 A"   54 A'   25 A"                 
  2.388   2.503   3.419   3.450   3.587   3.630   4.061   4.188
 55 A'   56 A'   26 A"   57 A'   58 A'   59 A'   60 A'   61 A'                 
  5.578   5.579   5.588   5.601   5.629   5.636   5.641   5.661
 27 A"   62 A'   28 A"   63 A'   64 A'   29 A"   65 A'   30 A"                 
  5.686   5.746   6.970   6.971   6.975   6.977   6.985   6.989
 66 A'   67 A'   31 A"   68 A'   32 A"   69 A'   70 A'   33 A"                 
  7.032   8.582   8.601   8.603   8.614   8.689  57.430
 71 A'   34 A"   72 A'   35 A"   73 A'   74 A'   75 A'                         
 
 Beta MOs, Restricted
 -- Occupied --                  
-38.951 -38.889 -24.907  -2.592  -2.534  -1.495  -1.494  -1.491
  1 A'    2 A'    3 A'    4 A'    5 A'    6 A'    1 A"    7 A'                 
 -1.439  -1.438  -1.437  -1.290  -0.561  -0.560  -0.552
  8 A'    9 A'    2 A"   10 A'   11 A'   12 A'    3 A"                         
 -- Virtual --                   
 -0.195  -0.148  -0.116  -0.106  -0.082  -0.076  -0.067  -0.059
 13 A'   14 A'    4 A"   15 A'   16 A'    5 A"   17 A'   18 A'                 
 -0.054  -0.046  -0.037  -0.030  -0.027  -0.021  -0.016   0.012
 19 A'    6 A"   20 A'   21 A'    7 A"   22 A'   23 A'   24 A'                 
  0.044   0.046   0.051   0.061   0.085   0.087   0.095   0.100
 25 A'    8 A"   26 A'    9 A"   10 A"   27 A'   28 A'   11 A"                 
  0.104   0.109   0.122   0.129   0.171   0.178   0.181   0.195
 29 A'   30 A'   12 A"   31 A'   32 A'   13 A"   33 A'   34 A'                 
  0.208   0.289   0.312   0.373   0.522   0.554   0.601   0.602
 14 A"   35 A'   36 A'   37 A'   38 A'   15 A"   39 A'   16 A"                 
  0.626   0.737   0.773   0.829   0.926   0.930   0.950   0.961
 40 A'   17 A"   41 A'   42 A'   18 A"   43 A'   19 A"   44 A'                 
  0.974   0.977   0.991   1.028   1.042   1.066   1.081   1.122
 20 A"   45 A'   46 A'   47 A'   21 A"   48 A'   49 A'   22 A"                 
  1.163   1.189   1.220   1.354   1.371   2.347   2.372   2.372
 50 A'   23 A"   51 A'   52 A'   53 A'   24 A"   54 A'   25 A"                 
  2.388   2.503   3.419   3.450   3.587   3.630   4.061   4.188
 55 A'   56 A'   26 A"   57 A'   58 A'   59 A'   60 A'   61 A'                 
  5.578   5.579   5.588   5.601   5.629   5.636   5.641   5.661
 27 A"   62 A'   28 A"   63 A'   64 A'   29 A"   65 A'   30 A"                 
  5.686   5.746   6.970   6.971   6.975   6.977   6.985   6.989
 66 A'   67 A'   31 A"   68 A'   32 A"   69 A'   70 A'   33 A"                 
  7.032   8.582   8.601   8.603   8.614   8.689  57.430
 71 A'   34 A"   72 A'   35 A"   73 A'   74 A'   75 A'                         
 --------------------------------------------------------------
 
          Ground-State Mulliken Net Atomic Charges

     Atom                 Charge (a.u.)
  ----------------------------------------
      1 F                    -0.896318
      2 Na                    0.975814
      3 Na                    0.920504
  ----------------------------------------
  Sum of atomic charges =     1.000000

 -----------------------------------------------------------------
                    Cartesian Multipole Moments
 -----------------------------------------------------------------
    Charge (ESU x 10^10)
                 4.8032
    Dipole Moment (Debye)
         X       3.0439      Y       7.6793      Z      -0.0000
       Tot       8.2606
    Quadrupole Moments (Debye-Ang)
        XX      10.3414     XY      -2.8158     YY     -14.1618
        XZ      -0.0000     YZ       0.0000     ZZ     -13.1214
    Octopole Moments (Debye-Ang^2)
       XXX      16.7514    XXY      14.0976    XYY       1.1203
       YYY      15.7949    XXZ      -0.0000    XYZ      -0.0000
       YYZ      -0.0000    XZZ       1.6412    YZZ       4.2167
       ZZZ      -0.0000
    Hexadecapole Moments (Debye-Ang^3)
      XXXX     -43.4745   XXXY      -5.5680   XXYY     -23.7218
      XYYY      -6.2621   YYYY     -58.9433   XXXZ      -0.0000
      XXYZ      -0.0000   XYYZ      -0.0000   YYYZ       0.0000
      XXZZ     -19.3596   XYZZ      -1.5385   YYZZ     -11.2504
      XZZZ      -0.0000   YZZZ       0.0000   ZZZZ      -9.8592
 -----------------------------------------------------------------
 Total job time:  35.64s(wall), 118.51s(cpu) 
 Sat Jan  6 15:52:25 2024

        *************************************************************
        *                                                           *
        *  Thank you very much for using Q-Chem.  Have a nice day.  *
        *                                                           *
        *************************************************************


