
Running Job 1 of 1 084_NaCl-Na_1.30_almo.in
qchem 084_NaCl-Na_1.30_almo.in_541095.0 /scratch/qchem541095/ 6
/home/kchung25/qchem/5.4.0/exe/qcprog.exe_s 084_NaCl-Na_1.30_almo.in_541095.0 /scratch/qchem541095/
                  Welcome to Q-Chem
     A Quantum Leap Into The Future Of Chemistry


 Q-Chem 5.4, Q-Chem, Inc., Pleasanton, CA (2021)

 E. Epifanovsky,  A. T. B. Gilbert,  Xintian Feng,  Joonho Lee,  Yuezhi Mao,  
 N. Mardirossian,  P. Pokhilko,  A. White,  M. Wormit,  M. P. Coons,  
 A. L. Dempwolff,  Zhengting Gan,  D. Hait,  P. R. Horn,  L. D. Jacobson,  
 I. Kaliman,  J. Kussmann,  A. W. Lange,  Ka Un Lao,  D. S. Levine,  Jie Liu,  
 S. C. McKenzie,  A. F. Morrison,  K. Nanda,  F. Plasser,  D. R. Rehn,  
 M. L. Vidal,  Zhi-Qiang You,  Ying Zhu,  B. Alam,  B. Albrecht,  
 A. Aldossary,  E. Alguire,  J. H. Andersen,  D. Barton,  K. Begam,  A. Behn,  
 Y. A. Bernard,  E. J. Berquist,  H. Burton,  A. Carreras,  K. Carter-Fenk,  
 Romit Chakraborty,  A. D. Chien,  K. D. Closser,  V. Cofer-Shabica,  
 S. Dasgupta,  Jia Deng,  M. de Wergifosse,  M. Diedenhofen,  Hainam Do,  
 S. Ehlert,  Po-Tung Fang,  S. Fatehi,  Qingguo Feng,  T. Friedhoff,  
 J. Gayvert,  Qinghui Ge,  G. Gidofalvi,  M. Goldey,  J. Gomes,  
 C. Gonzalez-Espinoza,  S. Gulania,  A. Gunina,  M. W. D. Hanson-Heine,  
 P. H. P. Harbach,  A. W. Hauser,  M. F. Herbst,  M. Hernandez Vera,  
 M. Hodecker,  Z. C. Holden,  S. Houck,  Xunkun Huang,  Kerwin Hui,  
 B. C. Huynh,  M. Ivanov,  Hyunjun Ji,  Hanjie Jiang,  B. Kaduk,  S. Kaehler,  
 K. Khistyaev,  Jaehoon Kim,  P. Klunzinger,  Z. Koczor-Benda,  
 Joong Hoon Koh,  D. Kosenkov,  L. Koulias,  T. Kowalczyk,  C. M. Krauter,  
 K. Kue,  A. Kunitsa,  T. Kus,  A. Landau,  K. V. Lawler,  D. Lefrancois,  
 S. Lehtola,  Rain Li,  Yi-Pei Li,  Jiashu Liang,  M. Liebenthal,  
 Hung-Hsuan Lin,  You-Sheng Lin,  Fenglai Liu,  Kuan-Yu Liu,  
 M. Loipersberger,  A. Luenser,  A. Manjanath,  P. Manohar,  E. Mansoor,  
 S. F. Manzer,  Shan-Ping Mao,  A. V. Marenich,  T. Markovich,  S. Mason,  
 S. A. Maurer,  P. F. McLaughlin,  M. F. S. J. Menger,  J.-M. Mewes,  
 S. A. Mewes,  P. Morgante,  J. W. Mullinax,  K. J. Oosterbaan,  G. Paran,  
 Alexander C. Paul,  Suranjan K. Paul,  F. Pavosevic,  Zheng Pei,  S. Prager,  
 E. I. Proynov,  E. Ramos,  B. Rana,  A. E. Rask,  A. Rettig,  R. M. Richard,  
 F. Rob,  E. Rossomme,  T. Scheele,  M. Scheurer,  M. Schneider,  
 N. Sergueev,  S. M. Sharada,  W. Skomorowski,  D. W. Small,  C. J. Stein,  
 Yu-Chuan Su,  E. J. Sundstrom,  Zhen Tao,  J. Thirman,  T. Tsuchimochi,  
 N. M. Tubman,  S. P. Veccham,  O. Vydrov,  J. Wenzel,  J. Witte,  A. Yamada,  
 Kun Yao,  S. Yeganeh,  S. R. Yost,  A. Zech,  Igor Ying Zhang,  Xing Zhang,  
 Yu Zhang,  D. Zuev,  A. Aspuru-Guzik,  A. T. Bell,  N. A. Besley,  
 K. B. Bravaya,  B. R. Brooks,  D. Casanova,  Jeng-Da Chai,  S. Coriani,  
 C. J. Cramer,  A. E. DePrince, III,  R. A. DiStasio Jr.,  A. Dreuw,  
 B. D. Dunietz,  T. R. Furlani,  W. A. Goddard III,  S. Grimme,  
 S. Hammes-Schiffer,  T. Head-Gordon,  W. J. Hehre,  Chao-Ping Hsu,  
 T.-C. Jagau,  Yousung Jung,  A. Klamt,  Jing Kong,  D. S. Lambrecht,  
 WanZhen Liang,  N. J. Mayhall,  C. W. McCurdy,  J. B. Neaton,  T. Neudecker,  
 C. Ochsenfeld,  J. A. Parkhill,  R. Peverati,  V. A. Rassolov,  Yihan Shao,  
 L. V. Slipchenko,  R. P. Steele,  J. E. Subotnik,  A. J. W. Thom,  
 A. Tkatchenko,  D. G. Truhlar,  T. Van Voorhis,  T. A. Wesolowski,  
 K. B. Whaley,  H. L. Woodcock III,  P. M. Zimmerman,  S. Faraji,  
 P. M. W. Gill,  M. Head-Gordon,  J. M. Herbert,  A. I. Krylov

 Additional authors since Version 5.4.0: 
 Chandrima Chakravarty,  L. Cunha,  R. Kang,  Yongbin Kim,  S. Kotaru,  
 Shaozhi Li,  Xiangyuan Li,  F. Matz,  A. Molle,  V. Parravicini,  
 Haisheng Ren,  Hengyuan Shen,  Yingli Su,  Hung-Yi Tsai,  C. Utku,  
 Fang Wang,  Jeff Yang,  F. Zeller

 Contributors to earlier versions of Q-Chem not listed above: 
 R. D. Adamson,  B. Austin,  R. Baer,  J. Baker,  G. J. O. Beran,  
 K. Brandhorst,  S. T. Brown,  E. F. C. Byrd,  Arup K. Chakraborty,  
 G. K. L. Chan,  Chun-Min Chang,  Yunqing Chen,  C.-L. Cheng,  
 Siu Hung Chien,  D. M. Chipman,  D. L. Crittenden,  H. Dachsel,  
 R. J. Doerksen,  A. D. Dutoi,  R. G. Edgar,  J. Fosso-Tande,  
 L. Fusti-Molnar,  D. Ghosh,  A. Ghysels,  A. Golubeva-Zadorozhnaya,  
 J. Gonthier,  M. S. Gordon,  S. R. Gwaltney,  G. Hawkins,  J. E. Herr,  
 A. Heyden,  S. Hirata,  E. G. Hohenstein,  G. Kedziora,  F. J. Keil,  
 C. Kelley,  Jihan Kim,  R. A. King,  R. Z. Khaliullin,  P. P. Korambath,  
 W. Kurlancheek,  A. Laurent,  A. M. Lee,  M. S. Lee,  S. V. Levchenko,  
 Ching Yeh Lin,  D. Liotard,  E. Livshits,  R. C. Lochan,  I. Lotan,  
 L. A. Martinez-Martinez,  P. E. Maslen,  N. Nair,  D. P. O'Neill,  
 D. Neuhauser,  E. Neuscamman,  C. M. Oana,  R. Olivares-Amaya,  R. Olson,  
 T. M. Perrine,  B. Peters,  P. A. Pieniazek,  A. Prociuk,  Y. M. Rhee,  
 J. Ritchie,  M. A. Rohrdanz,  E. Rosta,  N. J. Russ,  H. F. Schaefer III,  
 M. W. Schmidt,  N. E. Schultz,  S. Sharma,  N. Shenvi,  C. D. Sherrill,  
 A. C. Simmonett,  A. Sodt,  T. Stein,  D. Stuck,  K. S. Thanthiriwatte,  
 V. Vanovschi,  L. Vogt,  Tao Wang,  A. Warshel,  M. A. Watson,  
 C. F. Williams,  Q. Wu,  X. Xu,  Jun Yang,  W. Zhang,  Yan Zhao

   Please cite Q-Chem as follows:
  "Software for the frontiers of quantum chemistry:
   An overview of developments in the Q-Chem 5 package"
   J. Chem. Phys. 155, 084801 (2021)
   https://doi.org/10.1063/5.0055522 (open access)

 Q-Chem 5.4.2 for Intel X86 EM64T Linux

 Parts of Q-Chem use Armadillo 9.900.5 (Nocturnal Misbehaviour).
 http://arma.sourceforge.net/

 Q-Chem begins on Sat Jan  6 16:00:49 2024  

 Host: 
0

     Scratch files written to /scratch/qchem541095//
 Dec1321 |scratch|qcdevops|jenkins|workspace|build_RNUM 5684   
 Processing $rem in /home/kchung25/qchem/5.4.0/config/preferences:
 Processing $rem in /home/kchung25/.qchemrc:

 Q-Chem warning in module libgen/rem_setup.C, line 3079:

 Neither GIA nor STOLL is specified by user. Use STOLL as the default


 Checking the input file for inconsistencies... 	...done.

--------------------------------------------------------------
User input:
--------------------------------------------------------------
$molecule
1 1
--
0 1
Cl     0.000000     0.000000     0.000000
Na     0.000000     2.370103     0.000000
--
1 1
Na     3.081134     0.000000     0.000000
$end

$rem
JOBTYPE          eda
EDA2             1
METHOD           wB97M-V
BASIS            def2-TZVPPD
SYMMETRY         false
MEM_TOTAL        50000
MEM_STATIC       10000
THRESH           14
SCF_CONVERGENCE  8
XC_GRID          000099000590
NL_GRID          1
EDA_CLS_DISP     true
FD_MAT_VEC_PROD  FALSE
$end
--------------------------------------------------------------
 ----------------------------------------------------------------
             Standard Nuclear Orientation (Angstroms)
    I     Atom           X                Y                Z
 ----------------------------------------------------------------
    1      Cl     -0.4538258629    -0.9980723639    -0.0000000000
    2      Na     -1.5657914087     1.0949925791     0.0000000000
    3      Na      2.2671586513     0.4474828925    -0.0000000000
 ----------------------------------------------------------------
 Molecular Point Group                 Cs    NOp =  2
 Largest Abelian Subgroup              Cs    NOp =  2
 Nuclear Repulsion Energy =          90.34050058 hartrees
 There are       19 alpha and       19 beta electrons
 Requested basis set is def2-TZVPPD
 There are 43 shells and 121 basis functions

 Q-Chem warning in module libmdc/get_mega.C, line 171:

 Allowed MEM_STATIC has been capped at MEM_STATIC=8191.
 Reduce the value of MEM_STATIC to silence this warning.


 Total QAlloc Memory Limit  50000 MB
 Mega-Array Size      8007 MB
 MEM_STATIC part      8191 MB

                       Distance Matrix (Angstroms)
             Cl(  1)   Na(  2)
   Na(  2)  2.370103
   Na(  3)  3.081134  3.887258
 
 A cutoff of  1.0D-14 yielded    898 shell pairs
 There are      7294 function pairs (      8983 Cartesian)
 Smallest overlap matrix eigenvalue = 1.78E-03

 Scale SEOQF with 1.000000e-01/1.000000e-01/1.000000e-01

 Standard Electronic Orientation quadrupole field applied
 Nucleus-field energy     =     0.0000000054 hartrees

 -----------------------------------------------------------------------
  General SCF calculation program by
  Eric Jon Sundstrom, Paul Horn, Yuezhi Mao, Dmitri Zuev, Alec White,
  David Stuck, Shaama M.S., Shane Yost, Joonho Lee, David Small,
  Daniel Levine, Susi Lehtola, Hugh Burton, Evgeny Epifanovsky,
  Bang C. Huynh
 -----------------------------------------------------------------------
================================================================
                 ALMO-EDA with the EDA2 driver                  
================================================================
 The second-generation ALMO-EDA (for DFT):                      
 P. R. Horn, Y. Mao and M. Head-Gordon, PCCP, 18, 23067 (2016)  
 Y. Mao et al. Annu. Rev. Phys. Chem. 72, 641 (2021)            
 Decomposition of the frozen energy:                            
 P. R. Horn, Y. Mao and M. Head-Gordon, JCP, 144, 114107 (2016) 
 FERF model for polarization:                                   
 P. R. Horn and M. Head-Gordon, JCP, 143, 114111 (2015)         
================================================================
 Using eda2 option set 1
 Option set summary: Frozen orbital wavefunction, initial wavefunction decomposition, and nDQ polarization.
--------------------------------
Printing EDA Options
--------------------------------
eda_child_super_basis      0
fragmo_guess_mode          0
child_mp                   1
child_mp_orders            232
cls_elec                   1
cls_disp                   1
scfmi_mode                 1
scfmi_occs                 0
scfmi_virts                0
frz_relax                  0
frz_relax_method           0
dc_pen_start               0
dc_pen_conv                0
dc_pen_increment           0
dc_pen_steps               0
dc_pen_thresh_factor       0
dc_pen_pre_newton_thresh   0
frz_ortho_decomp           1
frz_ortho_decomp_conv      6
plot_mo_ortho_frz          0
frgm_method                2
scfmi_freeze_ss            0
separate_rehyb             0
plot_diff_den              0
eda_nocv                   0
eda_vct_relax              1
disp_free_x                0
disp_free_c                0
eda_bsse                   0
eda_pct_a                  0
eda_covp                   0
--------------------------------
Attempting to make child job directory: /scratch/qchem541095//Frg1/
Attempting to make child job directory: /scratch/qchem541095//Frg2/
Creating input file /scratch/qchem541095/Frg1.input
using default PutDataFrgm: nothing
calling putenv with: QCSCRATCH=/scratch/qchem541095/ 
Spawning Job For Fragment 0
Done Job For Fragment 0
calling putenv with: QCSCRATCH=/scratch 
calling putenv with: QCTHREADS=6 
Creating input file /scratch/qchem541095/Frg2.input
using default PutDataFrgm: nothing
calling putenv with: QCSCRATCH=/scratch/qchem541095/ 
Spawning Job For Fragment 1
Done Job For Fragment 1
calling putenv with: QCSCRATCH=/scratch 
calling putenv with: QCTHREADS=6 
Doing General SCFMI
 Exchange:     0.1500 Hartree-Fock + 1.0000 wB97M-V + LR-HF
 Correlation:  1.0000 wB97M-V
 Using Euler-Maclaurin-Lebedev (99,590) quadrature formula
 Nonlocal Correlation:  VV10 with C = 0.0100 and b = 6.00 and scale = 1.00000
 Grid used for NLC:  SG-1 standard quadrature
performing fock build before subrot guess so that all methods have access
Printing subrot_rss_gen Method Specification:
Occupied Subspace Method is 0
Virtual Subspace Method is 0
Energy of the unrelaxed supersystem initial determinant -784.638974278925
write pseudocanon occs and virts to disk
write pseudocanon orbital energies to disk
Tolerance of ortho_decomp_scf: 1.00e-06
GDM subspace size: 20
Beginning the Orthogonal Decomposition of the Initial Supersystem Wavefunction
    1    -784.6003903414      1.22e-01     ortho_decomp Preconditoned Steepest Descent
    2    -784.6027280793      1.32e-03     ortho_decomp BFGS Step
    3    -784.6027295597      4.96e-05     ortho_decomp BFGS Step
    4    -784.6027295604      9.33e-07     ortho_decomp 00000 Convergence criterion met
 Hartree-Fock
 Hartree-Fock
 Hartree-Fock
 Exchange:     0.1500 Hartree-Fock + 1.0000 wB97M-V + LR-HF
 Correlation:  1.0000 wB97M-V
 Using Euler-Maclaurin-Lebedev (99,590) quadrature formula
 Nonlocal Correlation:  VV10 with C = 0.0100 and b = 6.00 and scale = 1.00000
 Grid used for NLC:  SG-1 standard quadrature
 Long-range K will be added via erf
 Coulomb attenuation parameter = 0.3 bohr**(-1)
 Nonlocal correlation = 1.641709517861e-01
Doing General SCFMI
 Exchange:     0.1500 Hartree-Fock + 1.0000 wB97M-V + LR-HF
 Correlation:  1.0000 wB97M-V
 Using Euler-Maclaurin-Lebedev (99,590) quadrature formula
 Nonlocal Correlation:  VV10 with C = 0.0100 and b = 6.00 and scale = 1.00000
 Grid used for NLC:  SG-1 standard quadrature
performing fock build at end of subrot_r(subrot) constructor so that all methods have access
<S^2> of initial wavefunction before polarization iterations 0.0000000000
Beginning iterations for the determination of the polarized wavefunction
Energy prior to optimization (guess energy) = -784.638974278925
Begin Timing: Total SCF Calculation
begin iterations for algorithm: DIIS         
the SCF tolerance is set to 1.00e-08
    1    -784.6389742789      9.79e-04     00000 
    2    -784.6490428930      5.33e-04     00000 
    3    -784.6503816771      1.44e-04     00000 
    4    -784.6506428530      4.41e-05     00000 
    5    -784.6506845116      1.26e-05     00000 
    6    -784.6506874954      6.34e-06     00000 
    7    -784.6506880232      1.02e-06     00000 
    8    -784.6506880509      2.23e-07     00000 
    9    -784.6506880517      7.34e-08     00000 
   10    -784.6506880518      2.37e-08     00000 
   11    -784.6506880518      4.88e-09     00000 Convergence criterion met
write pseudocanon occs and virts to disk
write pseudocanon orbital energies to disk
Timing for Total SCF: 6.00s (wall), 36.64s (cpu)
<S^2> of polarized wavefunction after polarization iterations 0.0000000000
relaxing scfmi constraint to allow all rotations in the entire AO span
Doing General SCFMI
 Exchange:     0.1500 Hartree-Fock + 1.0000 wB97M-V + LR-HF
 Correlation:  1.0000 wB97M-V
 Using Euler-Maclaurin-Lebedev (99,590) quadrature formula
 Nonlocal Correlation:  VV10 with C = 0.0100 and b = 6.00 and scale = 1.00000
 Grid used for NLC:  SG-1 standard quadrature
performing fock build at end of subrot_r(subrot) constructor so that all methods have access
<S^2> of polarized wavefunction before ct-allowed iterations 0.0000000000
Beginning iterations for the determination of the CT-Allowed wavefunction
Energy prior to optimization (guess energy) = -784.650688051780
Begin Timing: Total SCF Calculation
begin iterations for algorithm: DIIS         
the SCF tolerance is set to 1.00e-08
    1    -784.6506880518      3.88e-04     00000 
    2    -784.6518806475      4.91e-05     00000 
    3    -784.6519389603      1.28e-05     00000 
    4    -784.6519422243      7.44e-06     00000 
    5    -784.6519426826      8.71e-07     00000 
    6    -784.6519427162      3.14e-07     00000 
    7    -784.6519427187      9.39e-08     00000 
    8    -784.6519427191      2.73e-08     00000 
    9    -784.6519427191      5.94e-09     00000 Convergence criterion met
write pseudocanon occs and virts to disk
write pseudocanon orbital energies to disk
Timing for Total SCF: 5.00s (wall), 29.41s (cpu)
<S^2> of ct_allowed wavefunction after ct-allowed iterations 0.0000000000

================================
        Results of EDA2         
================================
Basic EDA Quantities
--------------------
Fragment Energies (Ha):
1 -622.5397668868
2 -162.0687155487
--------------------
  E_prp (kJ/mol) = 0.0000
  E_frz (kJ/mol) = -80.0573
  E_pol (kJ/mol) = -30.7549
  E_vct (kJ/mol) = -3.2942
  E_int (kJ/mol) = -114.1063
--------------------


Decomposition of frozen interaction energy
--------------------
  --------------------
  Orthogonal Frozen Decomposition:
  --------------------
     E_elec   (ELEC)   (kJ/mol) = -88.9371
     E_pauli  (PAULI)  (kJ/mol) = 12.0039
     E_disp   (DISP)   (kJ/mol) = -3.1240
  --------------------
  Classical Frozen Decomposition:
  --------------------
     E_cls_elec  (CLS ELEC)  (kJ/mol) = -88.0308
     E_mod_pauli (MOD PAULI) (kJ/mol) = 11.0466 (FRZ - CLS ELEC - CLS DISP)
     E_cls_disp  (CLS DISP)  (kJ/mol) = -3.0731
  --------------------
--------------------

Simplified EDA Summary (kJ/mol)
--------------------
 PREPARATION      0.0000
 FROZEN           -80.0573 (ELEC + PAULI + DISP)
[ELEC + PAULI = -76.9842, DISP = -3.0731]
 POLARIZATION    -30.7549
 CHARGE TRANSFER -3.2942
 TOTAL           -114.1063     (PRP + FRZ + POL + CT)
--------------------
 
 --------------------------------------------------------------
             Orbital Energies (a.u.) and Symmetries
 --------------------------------------------------------------
 
 Alpha MOs, Restricted
 -- Occupied --                  
-101.92  -38.95  -38.89   -9.70   -7.40   -7.40   -7.40   -2.59
  1 A'    2 A'    3 A'    4 A'    5 A'    6 A'    1 A"    7 A'                 
 -2.538  -1.494  -1.493  -1.492  -1.441  -1.440  -1.439  -0.981
  8 A'    9 A'    2 A"   10 A'   11 A'    3 A"   12 A'   13 A'                 
 -0.511  -0.507  -0.495
 14 A'   15 A'    4 A"                                                         
 -- Virtual --                   
 -0.184  -0.148  -0.110  -0.108  -0.082  -0.080  -0.071  -0.057
 16 A'   17 A'    5 A"   18 A'   19 A'    6 A"   20 A'   21 A'                 
 -0.054  -0.044  -0.038  -0.031  -0.028  -0.028  -0.019   0.000
 22 A'    7 A"   23 A'   24 A'    8 A"   25 A'   26 A'   27 A'                 
  0.005   0.007   0.030   0.055   0.055   0.072   0.080   0.085
  9 A"   28 A'   29 A'   30 A'   10 A"   31 A'   11 A"   32 A'                 
  0.088   0.096   0.099   0.117   0.135   0.137   0.141   0.158
 12 A"   33 A'   13 A"   34 A'   35 A'   14 A"   36 A'   37 A'                 
  0.163   0.185   0.215   0.242   0.246   0.272   0.282   0.314
 15 A"   38 A'   39 A'   16 A"   40 A'   41 A'   17 A"   42 A'                 
  0.327   0.505   0.590   0.610   0.619   0.627   0.630   0.662
 43 A'   18 A"   44 A'   19 A"   45 A'   20 A"   46 A'   47 A'                 
  0.687   0.915   0.920   0.935   0.944   0.966   0.972   0.973
 48 A'   49 A'   21 A"   50 A'   22 A"   51 A'   52 A'   23 A"                 
  0.976   0.989   1.023   1.085   1.119   1.126   1.163   1.166
 53 A'   24 A"   54 A'   55 A'   25 A"   56 A'   57 A'   26 A"                 
  1.214   1.249   1.927   1.941   1.942   1.953   2.024   2.104
 58 A'   59 A'   27 A"   60 A'   28 A"   61 A'   62 A'   29 A"                 
  2.109   2.116   2.116   2.133   2.139   2.251   2.343   2.477
 63 A'   30 A"   64 A'   31 A"   65 A'   66 A'   32 A"   67 A'                 
  2.510   3.536   3.673   5.576   5.577   5.587   5.595   5.604
 68 A'   69 A'   70 A'   33 A"   71 A'   34 A"   72 A'   73 A'                 
  5.631   5.635   5.650   5.661   5.722   8.197   8.203   8.205
 35 A"   74 A'   36 A"   75 A'   76 A'   37 A"   38 A"   77 A'                 
  8.212   8.271  10.891  10.999  11.034  25.037
 78 A'   79 A'   39 A"   80 A'   81 A'   82 A'                                 
 
 Beta MOs, Restricted
 -- Occupied --                  
-101.92  -38.95  -38.89   -9.70   -7.40   -7.40   -7.40   -2.59
  1 A'    2 A'    3 A'    4 A'    5 A'    6 A'    1 A"    7 A'                 
 -2.538  -1.494  -1.493  -1.492  -1.441  -1.440  -1.439  -0.981
  8 A'    9 A'    2 A"   10 A'   11 A'    3 A"   12 A'   13 A'                 
 -0.511  -0.507  -0.495
 14 A'   15 A'    4 A"                                                         
 -- Virtual --                   
 -0.184  -0.148  -0.110  -0.108  -0.082  -0.080  -0.071  -0.057
 16 A'   17 A'    5 A"   18 A'   19 A'    6 A"   20 A'   21 A'                 
 -0.054  -0.044  -0.038  -0.031  -0.028  -0.028  -0.019   0.000
 22 A'    7 A"   23 A'   24 A'    8 A"   25 A'   26 A'   27 A'                 
  0.005   0.007   0.030   0.055   0.055   0.072   0.080   0.085
  9 A"   28 A'   29 A'   30 A'   10 A"   31 A'   11 A"   32 A'                 
  0.088   0.096   0.099   0.117   0.135   0.137   0.141   0.158
 12 A"   33 A'   13 A"   34 A'   35 A'   14 A"   36 A'   37 A'                 
  0.163   0.185   0.215   0.242   0.246   0.272   0.282   0.314
 15 A"   38 A'   39 A'   16 A"   40 A'   41 A'   17 A"   42 A'                 
  0.327   0.505   0.590   0.610   0.619   0.627   0.630   0.662
 43 A'   18 A"   44 A'   19 A"   45 A'   20 A"   46 A'   47 A'                 
  0.687   0.915   0.920   0.935   0.944   0.966   0.972   0.973
 48 A'   49 A'   21 A"   50 A'   22 A"   51 A'   52 A'   23 A"                 
  0.976   0.989   1.023   1.085   1.119   1.126   1.163   1.166
 53 A'   24 A"   54 A'   55 A'   25 A"   56 A'   57 A'   26 A"                 
  1.214   1.249   1.927   1.941   1.942   1.953   2.024   2.104
 58 A'   59 A'   27 A"   60 A'   28 A"   61 A'   62 A'   29 A"                 
  2.109   2.116   2.116   2.133   2.139   2.251   2.343   2.477
 63 A'   30 A"   64 A'   31 A"   65 A'   66 A'   32 A"   67 A'                 
  2.510   3.536   3.673   5.576   5.577   5.587   5.595   5.604
 68 A'   69 A'   70 A'   33 A"   71 A'   34 A"   72 A'   73 A'                 
  5.631   5.635   5.650   5.661   5.722   8.197   8.203   8.205
 35 A"   74 A'   36 A"   75 A'   76 A'   37 A"   38 A"   77 A'                 
  8.212   8.271  10.891  10.999  11.034  25.037
 78 A'   79 A'   39 A"   80 A'   81 A'   82 A'                                 
 --------------------------------------------------------------
 
          Ground-State Mulliken Net Atomic Charges

     Atom                 Charge (a.u.)
  ----------------------------------------
      1 Cl                   -0.765815
      2 Na                    0.891343
      3 Na                    0.874472
  ----------------------------------------
  Sum of atomic charges =     1.000000

 -----------------------------------------------------------------
                    Cartesian Multipole Moments
 -----------------------------------------------------------------
    Charge (ESU x 10^10)
                 4.8032
    Dipole Moment (Debye)
         X       4.7485      Y       9.1770      Z      -0.0000
       Tot      10.3328
    Quadrupole Moments (Debye-Ang)
        XX      12.6354     XY      -3.8050     YY     -16.1214
        XZ      -0.0000     YZ       0.0000     ZZ     -22.3485
    Octopole Moments (Debye-Ang^2)
       XXX      51.7804    XXY      33.2994    XYY      -2.1522
       YYY      34.0275    XXZ      -0.0000    XYZ      -0.0000
       YYZ      -0.0000    XZZ       4.7412    YZZ       9.5584
       ZZZ      -0.0000
    Hexadecapole Moments (Debye-Ang^3)
      XXXX     -29.8466   XXXY      -7.2955   XXYY     -33.6526
      XYYY     -19.6933   YYYY    -121.5795   XXXZ      -0.0000
      XXYZ      -0.0000   XYYZ       0.0000   YYYZ       0.0000
      XXZZ     -35.0429   XYZZ      -4.0478   YYZZ     -26.2340
      XZZZ       0.0000   YZZZ       0.0000   ZZZZ     -26.6915
 -----------------------------------------------------------------
 Total job time:  38.30s(wall), 121.69s(cpu) 
 Sat Jan  6 16:01:28 2024

        *************************************************************
        *                                                           *
        *  Thank you very much for using Q-Chem.  Have a nice day.  *
        *                                                           *
        *************************************************************


