
Running Job 1 of 1 087_NaBr-Br_1.20_almo.in
qchem 087_NaBr-Br_1.20_almo.in_542622.0 /scratch/qchem542622/ 6
/home/kchung25/qchem/5.4.0/exe/qcprog.exe_s 087_NaBr-Br_1.20_almo.in_542622.0 /scratch/qchem542622/
                  Welcome to Q-Chem
     A Quantum Leap Into The Future Of Chemistry


 Q-Chem 5.4, Q-Chem, Inc., Pleasanton, CA (2021)

 E. Epifanovsky,  A. T. B. Gilbert,  Xintian Feng,  Joonho Lee,  Yuezhi Mao,  
 N. Mardirossian,  P. Pokhilko,  A. White,  M. Wormit,  M. P. Coons,  
 A. L. Dempwolff,  Zhengting Gan,  D. Hait,  P. R. Horn,  L. D. Jacobson,  
 I. Kaliman,  J. Kussmann,  A. W. Lange,  Ka Un Lao,  D. S. Levine,  Jie Liu,  
 S. C. McKenzie,  A. F. Morrison,  K. Nanda,  F. Plasser,  D. R. Rehn,  
 M. L. Vidal,  Zhi-Qiang You,  Ying Zhu,  B. Alam,  B. Albrecht,  
 A. Aldossary,  E. Alguire,  J. H. Andersen,  D. Barton,  K. Begam,  A. Behn,  
 Y. A. Bernard,  E. J. Berquist,  H. Burton,  A. Carreras,  K. Carter-Fenk,  
 Romit Chakraborty,  A. D. Chien,  K. D. Closser,  V. Cofer-Shabica,  
 S. Dasgupta,  Jia Deng,  M. de Wergifosse,  M. Diedenhofen,  Hainam Do,  
 S. Ehlert,  Po-Tung Fang,  S. Fatehi,  Qingguo Feng,  T. Friedhoff,  
 J. Gayvert,  Qinghui Ge,  G. Gidofalvi,  M. Goldey,  J. Gomes,  
 C. Gonzalez-Espinoza,  S. Gulania,  A. Gunina,  M. W. D. Hanson-Heine,  
 P. H. P. Harbach,  A. W. Hauser,  M. F. Herbst,  M. Hernandez Vera,  
 M. Hodecker,  Z. C. Holden,  S. Houck,  Xunkun Huang,  Kerwin Hui,  
 B. C. Huynh,  M. Ivanov,  Hyunjun Ji,  Hanjie Jiang,  B. Kaduk,  S. Kaehler,  
 K. Khistyaev,  Jaehoon Kim,  P. Klunzinger,  Z. Koczor-Benda,  
 Joong Hoon Koh,  D. Kosenkov,  L. Koulias,  T. Kowalczyk,  C. M. Krauter,  
 K. Kue,  A. Kunitsa,  T. Kus,  A. Landau,  K. V. Lawler,  D. Lefrancois,  
 S. Lehtola,  Rain Li,  Yi-Pei Li,  Jiashu Liang,  M. Liebenthal,  
 Hung-Hsuan Lin,  You-Sheng Lin,  Fenglai Liu,  Kuan-Yu Liu,  
 M. Loipersberger,  A. Luenser,  A. Manjanath,  P. Manohar,  E. Mansoor,  
 S. F. Manzer,  Shan-Ping Mao,  A. V. Marenich,  T. Markovich,  S. Mason,  
 S. A. Maurer,  P. F. McLaughlin,  M. F. S. J. Menger,  J.-M. Mewes,  
 S. A. Mewes,  P. Morgante,  J. W. Mullinax,  K. J. Oosterbaan,  G. Paran,  
 Alexander C. Paul,  Suranjan K. Paul,  F. Pavosevic,  Zheng Pei,  S. Prager,  
 E. I. Proynov,  E. Ramos,  B. Rana,  A. E. Rask,  A. Rettig,  R. M. Richard,  
 F. Rob,  E. Rossomme,  T. Scheele,  M. Scheurer,  M. Schneider,  
 N. Sergueev,  S. M. Sharada,  W. Skomorowski,  D. W. Small,  C. J. Stein,  
 Yu-Chuan Su,  E. J. Sundstrom,  Zhen Tao,  J. Thirman,  T. Tsuchimochi,  
 N. M. Tubman,  S. P. Veccham,  O. Vydrov,  J. Wenzel,  J. Witte,  A. Yamada,  
 Kun Yao,  S. Yeganeh,  S. R. Yost,  A. Zech,  Igor Ying Zhang,  Xing Zhang,  
 Yu Zhang,  D. Zuev,  A. Aspuru-Guzik,  A. T. Bell,  N. A. Besley,  
 K. B. Bravaya,  B. R. Brooks,  D. Casanova,  Jeng-Da Chai,  S. Coriani,  
 C. J. Cramer,  A. E. DePrince, III,  R. A. DiStasio Jr.,  A. Dreuw,  
 B. D. Dunietz,  T. R. Furlani,  W. A. Goddard III,  S. Grimme,  
 S. Hammes-Schiffer,  T. Head-Gordon,  W. J. Hehre,  Chao-Ping Hsu,  
 T.-C. Jagau,  Yousung Jung,  A. Klamt,  Jing Kong,  D. S. Lambrecht,  
 WanZhen Liang,  N. J. Mayhall,  C. W. McCurdy,  J. B. Neaton,  T. Neudecker,  
 C. Ochsenfeld,  J. A. Parkhill,  R. Peverati,  V. A. Rassolov,  Yihan Shao,  
 L. V. Slipchenko,  R. P. Steele,  J. E. Subotnik,  A. J. W. Thom,  
 A. Tkatchenko,  D. G. Truhlar,  T. Van Voorhis,  T. A. Wesolowski,  
 K. B. Whaley,  H. L. Woodcock III,  P. M. Zimmerman,  S. Faraji,  
 P. M. W. Gill,  M. Head-Gordon,  J. M. Herbert,  A. I. Krylov

 Additional authors since Version 5.4.0: 
 Chandrima Chakravarty,  L. Cunha,  R. Kang,  Yongbin Kim,  S. Kotaru,  
 Shaozhi Li,  Xiangyuan Li,  F. Matz,  A. Molle,  V. Parravicini,  
 Haisheng Ren,  Hengyuan Shen,  Yingli Su,  Hung-Yi Tsai,  C. Utku,  
 Fang Wang,  Jeff Yang,  F. Zeller

 Contributors to earlier versions of Q-Chem not listed above: 
 R. D. Adamson,  B. Austin,  R. Baer,  J. Baker,  G. J. O. Beran,  
 K. Brandhorst,  S. T. Brown,  E. F. C. Byrd,  Arup K. Chakraborty,  
 G. K. L. Chan,  Chun-Min Chang,  Yunqing Chen,  C.-L. Cheng,  
 Siu Hung Chien,  D. M. Chipman,  D. L. Crittenden,  H. Dachsel,  
 R. J. Doerksen,  A. D. Dutoi,  R. G. Edgar,  J. Fosso-Tande,  
 L. Fusti-Molnar,  D. Ghosh,  A. Ghysels,  A. Golubeva-Zadorozhnaya,  
 J. Gonthier,  M. S. Gordon,  S. R. Gwaltney,  G. Hawkins,  J. E. Herr,  
 A. Heyden,  S. Hirata,  E. G. Hohenstein,  G. Kedziora,  F. J. Keil,  
 C. Kelley,  Jihan Kim,  R. A. King,  R. Z. Khaliullin,  P. P. Korambath,  
 W. Kurlancheek,  A. Laurent,  A. M. Lee,  M. S. Lee,  S. V. Levchenko,  
 Ching Yeh Lin,  D. Liotard,  E. Livshits,  R. C. Lochan,  I. Lotan,  
 L. A. Martinez-Martinez,  P. E. Maslen,  N. Nair,  D. P. O'Neill,  
 D. Neuhauser,  E. Neuscamman,  C. M. Oana,  R. Olivares-Amaya,  R. Olson,  
 T. M. Perrine,  B. Peters,  P. A. Pieniazek,  A. Prociuk,  Y. M. Rhee,  
 J. Ritchie,  M. A. Rohrdanz,  E. Rosta,  N. J. Russ,  H. F. Schaefer III,  
 M. W. Schmidt,  N. E. Schultz,  S. Sharma,  N. Shenvi,  C. D. Sherrill,  
 A. C. Simmonett,  A. Sodt,  T. Stein,  D. Stuck,  K. S. Thanthiriwatte,  
 V. Vanovschi,  L. Vogt,  Tao Wang,  A. Warshel,  M. A. Watson,  
 C. F. Williams,  Q. Wu,  X. Xu,  Jun Yang,  W. Zhang,  Yan Zhao

   Please cite Q-Chem as follows:
  "Software for the frontiers of quantum chemistry:
   An overview of developments in the Q-Chem 5 package"
   J. Chem. Phys. 155, 084801 (2021)
   https://doi.org/10.1063/5.0055522 (open access)

 Q-Chem 5.4.2 for Intel X86 EM64T Linux

 Parts of Q-Chem use Armadillo 9.900.5 (Nocturnal Misbehaviour).
 http://arma.sourceforge.net/

 Q-Chem begins on Sat Jan  6 16:17:48 2024  

 Host: 
0

     Scratch files written to /scratch/qchem542622//
 Dec1321 |scratch|qcdevops|jenkins|workspace|build_RNUM 5684   
 Processing $rem in /home/kchung25/qchem/5.4.0/config/preferences:
 Processing $rem in /home/kchung25/.qchemrc:

 Q-Chem warning in module libgen/rem_setup.C, line 3079:

 Neither GIA nor STOLL is specified by user. Use STOLL as the default


 Checking the input file for inconsistencies... 	...done.

--------------------------------------------------------------
User input:
--------------------------------------------------------------
$molecule
-1 1
--
0 1
Na     0.000000     0.000000     0.000000
Br     0.000000     2.514159     0.000000
--
-1 1
Br     3.016991     0.000000     0.000000
$end

$rem
JOBTYPE          eda
EDA2             1
METHOD           wB97M-V
BASIS            def2-TZVPPD
SYMMETRY         false
MEM_TOTAL        50000
MEM_STATIC       10000
THRESH           14
SCF_CONVERGENCE  8
XC_GRID          000099000590
NL_GRID          1
EDA_CLS_DISP     true
FD_MAT_VEC_PROD  FALSE
$end
--------------------------------------------------------------
 ----------------------------------------------------------------
             Standard Nuclear Orientation (Angstroms)
    I     Atom           X                Y                Z
 ----------------------------------------------------------------
    1      Na     -0.3518926453    -1.6600701009     0.0000000000
    2      Br     -1.9075777722     0.3149841423    -0.0000000000
    3      Br      2.0181726036     0.2067521751     0.0000000000
 ----------------------------------------------------------------
 Molecular Point Group                 Cs    NOp =  2
 Largest Abelian Subgroup              Cs    NOp =  2
 Nuclear Repulsion Energy =         313.62589081 hartrees
 There are       41 alpha and       41 beta electrons
 Requested basis set is def2-TZVPPD
 There are 51 shells and 149 basis functions

 Q-Chem warning in module libmdc/get_mega.C, line 171:

 Allowed MEM_STATIC has been capped at MEM_STATIC=8191.
 Reduce the value of MEM_STATIC to silence this warning.


 Total QAlloc Memory Limit  50000 MB
 Mega-Array Size      8007 MB
 MEM_STATIC part      8191 MB

                       Distance Matrix (Angstroms)
             Na(  1)   Br(  2)
   Br(  2)  2.514159
   Br(  3)  3.016991  3.927242
 
 A cutoff of  1.0D-14 yielded   1223 shell pairs
 There are     10851 function pairs (     13884 Cartesian)
 Smallest overlap matrix eigenvalue = 1.40E-03

 Scale SEOQF with 1.000000e-01/1.000000e-01/1.000000e-01

 Standard Electronic Orientation quadrupole field applied
 Nucleus-field energy     =     0.0000000122 hartrees

 -----------------------------------------------------------------------
  General SCF calculation program by
  Eric Jon Sundstrom, Paul Horn, Yuezhi Mao, Dmitri Zuev, Alec White,
  David Stuck, Shaama M.S., Shane Yost, Joonho Lee, David Small,
  Daniel Levine, Susi Lehtola, Hugh Burton, Evgeny Epifanovsky,
  Bang C. Huynh
 -----------------------------------------------------------------------
================================================================
                 ALMO-EDA with the EDA2 driver                  
================================================================
 The second-generation ALMO-EDA (for DFT):                      
 P. R. Horn, Y. Mao and M. Head-Gordon, PCCP, 18, 23067 (2016)  
 Y. Mao et al. Annu. Rev. Phys. Chem. 72, 641 (2021)            
 Decomposition of the frozen energy:                            
 P. R. Horn, Y. Mao and M. Head-Gordon, JCP, 144, 114107 (2016) 
 FERF model for polarization:                                   
 P. R. Horn and M. Head-Gordon, JCP, 143, 114111 (2015)         
================================================================
 Using eda2 option set 1
 Option set summary: Frozen orbital wavefunction, initial wavefunction decomposition, and nDQ polarization.
--------------------------------
Printing EDA Options
--------------------------------
eda_child_super_basis      0
fragmo_guess_mode          0
child_mp                   1
child_mp_orders            232
cls_elec                   1
cls_disp                   1
scfmi_mode                 1
scfmi_occs                 0
scfmi_virts                0
frz_relax                  0
frz_relax_method           0
dc_pen_start               0
dc_pen_conv                0
dc_pen_increment           0
dc_pen_steps               0
dc_pen_thresh_factor       0
dc_pen_pre_newton_thresh   0
frz_ortho_decomp           1
frz_ortho_decomp_conv      6
plot_mo_ortho_frz          0
frgm_method                2
scfmi_freeze_ss            0
separate_rehyb             0
plot_diff_den              0
eda_nocv                   0
eda_vct_relax              1
disp_free_x                0
disp_free_c                0
eda_bsse                   0
eda_pct_a                  0
eda_covp                   0
--------------------------------
Attempting to make child job directory: /scratch/qchem542622//Frg1/
Attempting to make child job directory: /scratch/qchem542622//Frg2/
Creating input file /scratch/qchem542622/Frg1.input
using default PutDataFrgm: nothing
calling putenv with: QCSCRATCH=/scratch/qchem542622/ 
Spawning Job For Fragment 0
Done Job For Fragment 0
calling putenv with: QCSCRATCH=/scratch 
calling putenv with: QCTHREADS=6 
Creating input file /scratch/qchem542622/Frg2.input
using default PutDataFrgm: nothing
calling putenv with: QCSCRATCH=/scratch/qchem542622/ 
Spawning Job For Fragment 1
Done Job For Fragment 1
calling putenv with: QCSCRATCH=/scratch 
calling putenv with: QCTHREADS=6 
Doing General SCFMI
 Exchange:     0.1500 Hartree-Fock + 1.0000 wB97M-V + LR-HF
 Correlation:  1.0000 wB97M-V
 Using Euler-Maclaurin-Lebedev (99,590) quadrature formula
 Nonlocal Correlation:  VV10 with C = 0.0100 and b = 6.00 and scale = 1.00000
 Grid used for NLC:  SG-1 standard quadrature
performing fock build before subrot guess so that all methods have access
Printing subrot_rss_gen Method Specification:
Occupied Subspace Method is 0
Virtual Subspace Method is 0
Energy of the unrelaxed supersystem initial determinant -5310.484745798119
write pseudocanon occs and virts to disk
write pseudocanon orbital energies to disk
Tolerance of ortho_decomp_scf: 1.00e-06
GDM subspace size: 20
Beginning the Orthogonal Decomposition of the Initial Supersystem Wavefunction
    1   -5310.3843476951      3.32e-01     ortho_decomp Preconditoned Steepest Descent
    2   -5310.4226020336      1.50e-03     ortho_decomp BFGS Step
    3   -5310.4226135211      8.37e-05     ortho_decomp BFGS Step
    4   -5310.4226135575      3.83e-06     ortho_decomp BFGS Step
    5   -5310.4226135576      1.62e-07     ortho_decomp 00000 Convergence criterion met
 Hartree-Fock
 Hartree-Fock
 Hartree-Fock
 Exchange:     0.1500 Hartree-Fock + 1.0000 wB97M-V + LR-HF
 Correlation:  1.0000 wB97M-V
 Using Euler-Maclaurin-Lebedev (99,590) quadrature formula
 Nonlocal Correlation:  VV10 with C = 0.0100 and b = 6.00 and scale = 1.00000
 Grid used for NLC:  SG-1 standard quadrature
 Long-range K will be added via erf
 Coulomb attenuation parameter = 0.3 bohr**(-1)
 Nonlocal correlation = 3.439839289269e-01
Doing General SCFMI
 Exchange:     0.1500 Hartree-Fock + 1.0000 wB97M-V + LR-HF
 Correlation:  1.0000 wB97M-V
 Using Euler-Maclaurin-Lebedev (99,590) quadrature formula
 Nonlocal Correlation:  VV10 with C = 0.0100 and b = 6.00 and scale = 1.00000
 Grid used for NLC:  SG-1 standard quadrature
performing fock build at end of subrot_r(subrot) constructor so that all methods have access
<S^2> of initial wavefunction before polarization iterations 0.0000000000
Beginning iterations for the determination of the polarized wavefunction
Energy prior to optimization (guess energy) = -5310.484745798116
Begin Timing: Total SCF Calculation
begin iterations for algorithm: DIIS         
the SCF tolerance is set to 1.00e-08
    1   -5310.4847457981      7.83e-04     00000 
    2   -5310.4942535665      3.92e-04     00000 
    3   -5310.4955722832      1.12e-04     00000 
    4   -5310.4958521246      5.16e-05     00000 
    5   -5310.4958936928      1.89e-05     00000 
    6   -5310.4959037578      4.99e-06     00000 
    7   -5310.4959045810      1.84e-06     00000 
    8   -5310.4959046586      5.56e-07     00000 
    9   -5310.4959046627      2.27e-07     00000 
   10   -5310.4959046633      1.03e-07     00000 
   11   -5310.4959046634      2.73e-08     00000 
   12   -5310.4959046634      9.04e-09     00000 Convergence criterion met
write pseudocanon occs and virts to disk
write pseudocanon orbital energies to disk
Timing for Total SCF: 14.00s (wall), 82.78s (cpu)
<S^2> of polarized wavefunction after polarization iterations 0.0000000000
relaxing scfmi constraint to allow all rotations in the entire AO span
Doing General SCFMI
 Exchange:     0.1500 Hartree-Fock + 1.0000 wB97M-V + LR-HF
 Correlation:  1.0000 wB97M-V
 Using Euler-Maclaurin-Lebedev (99,590) quadrature formula
 Nonlocal Correlation:  VV10 with C = 0.0100 and b = 6.00 and scale = 1.00000
 Grid used for NLC:  SG-1 standard quadrature
performing fock build at end of subrot_r(subrot) constructor so that all methods have access
<S^2> of polarized wavefunction before ct-allowed iterations 0.0000000000
Beginning iterations for the determination of the CT-Allowed wavefunction
Energy prior to optimization (guess energy) = -5310.495904663363
Begin Timing: Total SCF Calculation
begin iterations for algorithm: DIIS         
the SCF tolerance is set to 1.00e-08
    1   -5310.4959046634      5.86e-04     00000 
    2   -5310.4980030006      5.33e-05     00000 
    3   -5310.4981114262      1.69e-05     00000 
    4   -5310.4981199060      1.12e-05     00000 
    5   -5310.4981212292      1.47e-06     00000 
    6   -5310.4981213865      6.14e-07     00000 
    7   -5310.4981214121      1.69e-07     00000 
    8   -5310.4981214145      5.42e-08     00000 
    9   -5310.4981214147      1.59e-08     00000 
   10   -5310.4981214147      5.82e-09     00000 Convergence criterion met
write pseudocanon occs and virts to disk
write pseudocanon orbital energies to disk
Timing for Total SCF: 11.00s (wall), 67.17s (cpu)
<S^2> of ct_allowed wavefunction after ct-allowed iterations 0.0000000000

================================
        Results of EDA2         
================================
Basic EDA Quantities
--------------------
Fragment Energies (Ha):
1-2736.3661852977
2-2574.0946475102
--------------------
  E_prp (kJ/mol) = -0.0000
  E_frz (kJ/mol) = -62.7843
  E_pol (kJ/mol) = -29.2979
  E_vct (kJ/mol) = -5.8201
  E_int (kJ/mol) = -97.9024
--------------------


Decomposition of frozen interaction energy
--------------------
  --------------------
  Orthogonal Frozen Decomposition:
  --------------------
     E_elec   (ELEC)   (kJ/mol) = -123.6777
     E_pauli  (PAULI)  (kJ/mol) = 74.9771
     E_disp   (DISP)   (kJ/mol) = -14.0837
  --------------------
  Classical Frozen Decomposition:
  --------------------
     E_cls_elec  (CLS ELEC)  (kJ/mol) = -100.6554
     E_mod_pauli (MOD PAULI) (kJ/mol) = 52.6839 (FRZ - CLS ELEC - CLS DISP)
     E_cls_disp  (CLS DISP)  (kJ/mol) = -14.8127
  --------------------
--------------------

Simplified EDA Summary (kJ/mol)
--------------------
 PREPARATION      -0.0000
 FROZEN           -62.7843 (ELEC + PAULI + DISP)
[ELEC + PAULI = -47.9716, DISP = -14.8127]
 POLARIZATION    -29.2979
 CHARGE TRANSFER -5.8201
 TOTAL           -97.9024     (PRP + FRZ + POL + CT)
--------------------
 
 --------------------------------------------------------------
             Orbital Energies (a.u.) and Symmetries
 --------------------------------------------------------------
 
 Alpha MOs, Restricted
 -- Occupied --                  
-483.26 -483.24  -62.57  -62.55  -56.25  -56.25  -56.25  -56.24
  1 A'    2 A'    3 A'    4 A'    5 A'    1 A"    6 A'    7 A'                 
-56.235 -56.235 -38.587  -8.650  -8.632  -6.430  -6.429  -6.428
  2 A"    8 A'    9 A'   10 A'   11 A'   12 A'    3 A"   13 A'                 
 -6.412  -6.411  -6.410  -2.512  -2.512  -2.512  -2.511  -2.511
 14 A'    4 A"   15 A'   16 A'    5 A"   17 A'    6 A"   18 A'                 
 -2.494  -2.494  -2.494  -2.493  -2.493  -2.231  -1.134  -1.133
 19 A'    7 A"   20 A'    8 A"   21 A'   22 A'    9 A"   23 A'                 
 -1.132  -0.641  -0.619  -0.198  -0.182  -0.178  -0.163  -0.156
 24 A'   25 A'   26 A'   27 A'   28 A'   10 A"   29 A'   11 A"                 
 -0.146
 30 A'                                                                         
 -- Virtual --                   
  0.073   0.092   0.093   0.109   0.148   0.159   0.173   0.175
 31 A'   12 A"   32 A'   33 A'   34 A'   13 A"   35 A'   36 A'                 
  0.188   0.195   0.204   0.205   0.210   0.227   0.325   0.328
 37 A'   14 A"   38 A'   15 A"   39 A'   40 A'   16 A"   41 A'                 
  0.339   0.340   0.343   0.351   0.353   0.368   0.376   0.398
 17 A"   42 A'   43 A'   18 A"   44 A'   45 A'   19 A"   46 A'                 
  0.401   0.404   0.422   0.427   0.452   0.474   0.494   0.498
 47 A'   48 A'   20 A"   49 A'   50 A'   21 A"   51 A'   22 A"                 
  0.537   0.579   0.616   0.629   0.636   0.677   0.712   0.730
 52 A'   53 A'   54 A'   23 A"   24 A"   55 A'   56 A'   25 A"                 
  0.739   0.745   0.747   0.756   0.757   0.769   0.781   0.802
 57 A'   58 A'   26 A"   59 A'   27 A"   28 A"   60 A'   61 A'                 
  0.831   0.871   1.169   1.189   1.280   1.286   1.286   1.300
 62 A'   63 A'   64 A'   65 A'   29 A"   66 A'   30 A"   67 A'                 
  1.360   1.470   1.470   1.555   1.787   1.797   1.805   1.811
 68 A'   69 A'   31 A"   70 A'   71 A'   32 A"   72 A'   33 A"                 
  1.817   1.823   1.831   1.834   1.847   1.849   1.852   1.856
 73 A'   34 A"   35 A"   74 A'   36 A"   75 A'   76 A'   37 A"                 
  1.865   1.867   1.868   1.870   1.874   1.876   1.878   1.895
 77 A'   38 A"   78 A'   79 A'   39 A"   80 A'   40 A"   41 A"                 
  1.902   1.916   1.965   1.996   2.004   2.010   2.022   2.064
 81 A'   82 A'   83 A'   42 A"   43 A"   84 A'   85 A'   86 A'                 
  2.147   2.253   4.003   4.456   4.458   4.469   4.471   4.481
 87 A'   88 A'   89 A'   90 A'   44 A"   91 A'   45 A"   92 A'                 
  4.485   4.499   4.529   4.561   4.567   5.950   5.957   5.961
 46 A"   47 A"   93 A'   94 A'   95 A'   48 A"   96 A'   49 A"                 
  5.971   6.023   7.735   7.796
 97 A'   98 A'   99 A'  100 A'                                                 
 
 Beta MOs, Restricted
 -- Occupied --                  
-483.26 -483.24  -62.57  -62.55  -56.25  -56.25  -56.25  -56.24
  1 A'    2 A'    3 A'    4 A'    5 A'    1 A"    6 A'    7 A'                 
-56.235 -56.235 -38.587  -8.650  -8.632  -6.430  -6.429  -6.428
  2 A"    8 A'    9 A'   10 A'   11 A'   12 A'    3 A"   13 A'                 
 -6.412  -6.411  -6.410  -2.512  -2.512  -2.512  -2.511  -2.511
 14 A'    4 A"   15 A'   16 A'    5 A"   17 A'    6 A"   18 A'                 
 -2.494  -2.494  -2.494  -2.493  -2.493  -2.231  -1.134  -1.133
 19 A'    7 A"   20 A'    8 A"   21 A'   22 A'    9 A"   23 A'                 
 -1.132  -0.641  -0.619  -0.198  -0.182  -0.178  -0.163  -0.156
 24 A'   25 A'   26 A'   27 A'   28 A'   10 A"   29 A'   11 A"                 
 -0.146
 30 A'                                                                         
 -- Virtual --                   
  0.073   0.092   0.093   0.109   0.148   0.159   0.173   0.175
 31 A'   12 A"   32 A'   33 A'   34 A'   13 A"   35 A'   36 A'                 
  0.188   0.195   0.204   0.205   0.210   0.227   0.325   0.328
 37 A'   14 A"   38 A'   15 A"   39 A'   40 A'   16 A"   41 A'                 
  0.339   0.340   0.343   0.351   0.353   0.368   0.376   0.398
 17 A"   42 A'   43 A'   18 A"   44 A'   45 A'   19 A"   46 A'                 
  0.401   0.404   0.422   0.427   0.452   0.474   0.494   0.498
 47 A'   48 A'   20 A"   49 A'   50 A'   21 A"   51 A'   22 A"                 
  0.537   0.579   0.616   0.629   0.636   0.677   0.712   0.730
 52 A'   53 A'   54 A'   23 A"   24 A"   55 A'   56 A'   25 A"                 
  0.739   0.745   0.747   0.756   0.757   0.769   0.781   0.802
 57 A'   58 A'   26 A"   59 A'   27 A"   28 A"   60 A'   61 A'                 
  0.831   0.871   1.169   1.189   1.280   1.286   1.286   1.300
 62 A'   63 A'   64 A'   65 A'   29 A"   66 A'   30 A"   67 A'                 
  1.360   1.470   1.470   1.555   1.787   1.797   1.805   1.811
 68 A'   69 A'   31 A"   70 A'   71 A'   32 A"   72 A'   33 A"                 
  1.817   1.823   1.831   1.834   1.847   1.849   1.852   1.856
 73 A'   34 A"   35 A"   74 A'   36 A"   75 A'   76 A'   37 A"                 
  1.865   1.867   1.868   1.870   1.874   1.876   1.878   1.895
 77 A'   38 A"   78 A'   79 A'   39 A"   80 A'   40 A"   41 A"                 
  1.902   1.916   1.965   1.996   2.004   2.010   2.022   2.064
 81 A'   82 A'   83 A'   42 A"   43 A"   84 A'   85 A'   86 A'                 
  2.147   2.253   4.003   4.456   4.458   4.469   4.471   4.481
 87 A'   88 A'   89 A'   90 A'   44 A"   91 A'   45 A"   92 A'                 
  4.485   4.499   4.529   4.561   4.567   5.950   5.957   5.961
 46 A"   47 A"   93 A'   94 A'   95 A'   48 A"   96 A'   49 A"                 
  5.971   6.023   7.735   7.796
 97 A'   98 A'   99 A'  100 A'                                                 
 --------------------------------------------------------------
 
          Ground-State Mulliken Net Atomic Charges

     Atom                 Charge (a.u.)
  ----------------------------------------
      1 Na                    0.576168
      2 Br                   -0.780484
      3 Br                   -0.795684
  ----------------------------------------
  Sum of atomic charges =    -1.000000

 -----------------------------------------------------------------
                    Cartesian Multipole Moments
 -----------------------------------------------------------------
    Charge (ESU x 10^10)
                -4.8032
    Dipole Moment (Debye)
         X      -1.9104      Y      -6.6442      Z      -0.0000
       Tot       6.9133
    Quadrupole Moments (Debye-Ang)
        XX     -84.2743     XY       2.7041     YY     -38.1323
        XZ      -0.0000     YZ       0.0000     ZZ     -50.3435
    Octopole Moments (Debye-Ang^2)
       XXX     -10.2373    XXY      -3.5164    XYY      -6.5027
       YYY     -30.9991    XXZ      -0.0000    XYZ       0.0000
       YYZ      -0.0000    XZZ      -1.9968    YZZ      -3.6780
       ZZZ      -0.0000
    Hexadecapole Moments (Debye-Ang^3)
      XXXX   -1302.3495   XXXY       5.8388   XXYY    -220.1220
      XYYY      12.3216   YYYY    -123.6589   XXXZ      -0.0000
      XXYZ      -0.0000   XYYZ      -0.0000   YYYZ       0.0000
      XXZZ    -210.2171   XYZZ       1.7001   YYZZ     -40.6415
      XZZZ      -0.0000   YZZZ       0.0000   ZZZZ     -85.8329
 -----------------------------------------------------------------
 Total job time:  76.87s(wall), 284.64s(cpu) 
 Sat Jan  6 16:19:05 2024

        *************************************************************
        *                                                           *
        *  Thank you very much for using Q-Chem.  Have a nice day.  *
        *                                                           *
        *************************************************************


