
Running Job 1 of 1 087_NaBr-Br_1.40_almo.in
qchem 087_NaBr-Br_1.40_almo.in_542804.0 /scratch/qchem542804/ 6
/home/kchung25/qchem/5.4.0/exe/qcprog.exe_s 087_NaBr-Br_1.40_almo.in_542804.0 /scratch/qchem542804/
                  Welcome to Q-Chem
     A Quantum Leap Into The Future Of Chemistry


 Q-Chem 5.4, Q-Chem, Inc., Pleasanton, CA (2021)

 E. Epifanovsky,  A. T. B. Gilbert,  Xintian Feng,  Joonho Lee,  Yuezhi Mao,  
 N. Mardirossian,  P. Pokhilko,  A. White,  M. Wormit,  M. P. Coons,  
 A. L. Dempwolff,  Zhengting Gan,  D. Hait,  P. R. Horn,  L. D. Jacobson,  
 I. Kaliman,  J. Kussmann,  A. W. Lange,  Ka Un Lao,  D. S. Levine,  Jie Liu,  
 S. C. McKenzie,  A. F. Morrison,  K. Nanda,  F. Plasser,  D. R. Rehn,  
 M. L. Vidal,  Zhi-Qiang You,  Ying Zhu,  B. Alam,  B. Albrecht,  
 A. Aldossary,  E. Alguire,  J. H. Andersen,  D. Barton,  K. Begam,  A. Behn,  
 Y. A. Bernard,  E. J. Berquist,  H. Burton,  A. Carreras,  K. Carter-Fenk,  
 Romit Chakraborty,  A. D. Chien,  K. D. Closser,  V. Cofer-Shabica,  
 S. Dasgupta,  Jia Deng,  M. de Wergifosse,  M. Diedenhofen,  Hainam Do,  
 S. Ehlert,  Po-Tung Fang,  S. Fatehi,  Qingguo Feng,  T. Friedhoff,  
 J. Gayvert,  Qinghui Ge,  G. Gidofalvi,  M. Goldey,  J. Gomes,  
 C. Gonzalez-Espinoza,  S. Gulania,  A. Gunina,  M. W. D. Hanson-Heine,  
 P. H. P. Harbach,  A. W. Hauser,  M. F. Herbst,  M. Hernandez Vera,  
 M. Hodecker,  Z. C. Holden,  S. Houck,  Xunkun Huang,  Kerwin Hui,  
 B. C. Huynh,  M. Ivanov,  Hyunjun Ji,  Hanjie Jiang,  B. Kaduk,  S. Kaehler,  
 K. Khistyaev,  Jaehoon Kim,  P. Klunzinger,  Z. Koczor-Benda,  
 Joong Hoon Koh,  D. Kosenkov,  L. Koulias,  T. Kowalczyk,  C. M. Krauter,  
 K. Kue,  A. Kunitsa,  T. Kus,  A. Landau,  K. V. Lawler,  D. Lefrancois,  
 S. Lehtola,  Rain Li,  Yi-Pei Li,  Jiashu Liang,  M. Liebenthal,  
 Hung-Hsuan Lin,  You-Sheng Lin,  Fenglai Liu,  Kuan-Yu Liu,  
 M. Loipersberger,  A. Luenser,  A. Manjanath,  P. Manohar,  E. Mansoor,  
 S. F. Manzer,  Shan-Ping Mao,  A. V. Marenich,  T. Markovich,  S. Mason,  
 S. A. Maurer,  P. F. McLaughlin,  M. F. S. J. Menger,  J.-M. Mewes,  
 S. A. Mewes,  P. Morgante,  J. W. Mullinax,  K. J. Oosterbaan,  G. Paran,  
 Alexander C. Paul,  Suranjan K. Paul,  F. Pavosevic,  Zheng Pei,  S. Prager,  
 E. I. Proynov,  E. Ramos,  B. Rana,  A. E. Rask,  A. Rettig,  R. M. Richard,  
 F. Rob,  E. Rossomme,  T. Scheele,  M. Scheurer,  M. Schneider,  
 N. Sergueev,  S. M. Sharada,  W. Skomorowski,  D. W. Small,  C. J. Stein,  
 Yu-Chuan Su,  E. J. Sundstrom,  Zhen Tao,  J. Thirman,  T. Tsuchimochi,  
 N. M. Tubman,  S. P. Veccham,  O. Vydrov,  J. Wenzel,  J. Witte,  A. Yamada,  
 Kun Yao,  S. Yeganeh,  S. R. Yost,  A. Zech,  Igor Ying Zhang,  Xing Zhang,  
 Yu Zhang,  D. Zuev,  A. Aspuru-Guzik,  A. T. Bell,  N. A. Besley,  
 K. B. Bravaya,  B. R. Brooks,  D. Casanova,  Jeng-Da Chai,  S. Coriani,  
 C. J. Cramer,  A. E. DePrince, III,  R. A. DiStasio Jr.,  A. Dreuw,  
 B. D. Dunietz,  T. R. Furlani,  W. A. Goddard III,  S. Grimme,  
 S. Hammes-Schiffer,  T. Head-Gordon,  W. J. Hehre,  Chao-Ping Hsu,  
 T.-C. Jagau,  Yousung Jung,  A. Klamt,  Jing Kong,  D. S. Lambrecht,  
 WanZhen Liang,  N. J. Mayhall,  C. W. McCurdy,  J. B. Neaton,  T. Neudecker,  
 C. Ochsenfeld,  J. A. Parkhill,  R. Peverati,  V. A. Rassolov,  Yihan Shao,  
 L. V. Slipchenko,  R. P. Steele,  J. E. Subotnik,  A. J. W. Thom,  
 A. Tkatchenko,  D. G. Truhlar,  T. Van Voorhis,  T. A. Wesolowski,  
 K. B. Whaley,  H. L. Woodcock III,  P. M. Zimmerman,  S. Faraji,  
 P. M. W. Gill,  M. Head-Gordon,  J. M. Herbert,  A. I. Krylov

 Additional authors since Version 5.4.0: 
 Chandrima Chakravarty,  L. Cunha,  R. Kang,  Yongbin Kim,  S. Kotaru,  
 Shaozhi Li,  Xiangyuan Li,  F. Matz,  A. Molle,  V. Parravicini,  
 Haisheng Ren,  Hengyuan Shen,  Yingli Su,  Hung-Yi Tsai,  C. Utku,  
 Fang Wang,  Jeff Yang,  F. Zeller

 Contributors to earlier versions of Q-Chem not listed above: 
 R. D. Adamson,  B. Austin,  R. Baer,  J. Baker,  G. J. O. Beran,  
 K. Brandhorst,  S. T. Brown,  E. F. C. Byrd,  Arup K. Chakraborty,  
 G. K. L. Chan,  Chun-Min Chang,  Yunqing Chen,  C.-L. Cheng,  
 Siu Hung Chien,  D. M. Chipman,  D. L. Crittenden,  H. Dachsel,  
 R. J. Doerksen,  A. D. Dutoi,  R. G. Edgar,  J. Fosso-Tande,  
 L. Fusti-Molnar,  D. Ghosh,  A. Ghysels,  A. Golubeva-Zadorozhnaya,  
 J. Gonthier,  M. S. Gordon,  S. R. Gwaltney,  G. Hawkins,  J. E. Herr,  
 A. Heyden,  S. Hirata,  E. G. Hohenstein,  G. Kedziora,  F. J. Keil,  
 C. Kelley,  Jihan Kim,  R. A. King,  R. Z. Khaliullin,  P. P. Korambath,  
 W. Kurlancheek,  A. Laurent,  A. M. Lee,  M. S. Lee,  S. V. Levchenko,  
 Ching Yeh Lin,  D. Liotard,  E. Livshits,  R. C. Lochan,  I. Lotan,  
 L. A. Martinez-Martinez,  P. E. Maslen,  N. Nair,  D. P. O'Neill,  
 D. Neuhauser,  E. Neuscamman,  C. M. Oana,  R. Olivares-Amaya,  R. Olson,  
 T. M. Perrine,  B. Peters,  P. A. Pieniazek,  A. Prociuk,  Y. M. Rhee,  
 J. Ritchie,  M. A. Rohrdanz,  E. Rosta,  N. J. Russ,  H. F. Schaefer III,  
 M. W. Schmidt,  N. E. Schultz,  S. Sharma,  N. Shenvi,  C. D. Sherrill,  
 A. C. Simmonett,  A. Sodt,  T. Stein,  D. Stuck,  K. S. Thanthiriwatte,  
 V. Vanovschi,  L. Vogt,  Tao Wang,  A. Warshel,  M. A. Watson,  
 C. F. Williams,  Q. Wu,  X. Xu,  Jun Yang,  W. Zhang,  Yan Zhao

   Please cite Q-Chem as follows:
  "Software for the frontiers of quantum chemistry:
   An overview of developments in the Q-Chem 5 package"
   J. Chem. Phys. 155, 084801 (2021)
   https://doi.org/10.1063/5.0055522 (open access)

 Q-Chem 5.4.2 for Intel X86 EM64T Linux

 Parts of Q-Chem use Armadillo 9.900.5 (Nocturnal Misbehaviour).
 http://arma.sourceforge.net/

 Q-Chem begins on Sat Jan  6 16:20:26 2024  

 Host: 
0

     Scratch files written to /scratch/qchem542804//
 Dec1321 |scratch|qcdevops|jenkins|workspace|build_RNUM 5684   
 Processing $rem in /home/kchung25/qchem/5.4.0/config/preferences:
 Processing $rem in /home/kchung25/.qchemrc:

 Q-Chem warning in module libgen/rem_setup.C, line 3079:

 Neither GIA nor STOLL is specified by user. Use STOLL as the default


 Checking the input file for inconsistencies... 	...done.

--------------------------------------------------------------
User input:
--------------------------------------------------------------
$molecule
-1 1
--
0 1
Na     0.000000     0.000000     0.000000
Br     0.000000     2.514159     0.000000
--
-1 1
Br     3.519823     0.000000     0.000000
$end

$rem
JOBTYPE          eda
EDA2             1
METHOD           wB97M-V
BASIS            def2-TZVPPD
SYMMETRY         false
MEM_TOTAL        50000
MEM_STATIC       10000
THRESH           14
SCF_CONVERGENCE  8
XC_GRID          000099000590
NL_GRID          1
EDA_CLS_DISP     true
FD_MAT_VEC_PROD  FALSE
$end
--------------------------------------------------------------
 ----------------------------------------------------------------
             Standard Nuclear Orientation (Angstroms)
    I     Atom           X                Y                Z
 ----------------------------------------------------------------
    1      Na     -0.6877648319    -1.7379123237     0.0000000000
    2      Br     -2.0523430872     0.3737035652    -0.0000000000
    3      Br      2.2684977486     0.1724974508     0.0000000000
 ----------------------------------------------------------------
 Molecular Point Group                 Cs    NOp =  2
 Largest Abelian Subgroup              Cs    NOp =  2
 Nuclear Repulsion Energy =         288.78045175 hartrees
 There are       41 alpha and       41 beta electrons
 Requested basis set is def2-TZVPPD
 There are 51 shells and 149 basis functions

 Q-Chem warning in module libmdc/get_mega.C, line 171:

 Allowed MEM_STATIC has been capped at MEM_STATIC=8191.
 Reduce the value of MEM_STATIC to silence this warning.


 Total QAlloc Memory Limit  50000 MB
 Mega-Array Size      8007 MB
 MEM_STATIC part      8191 MB

                       Distance Matrix (Angstroms)
             Na(  1)   Br(  2)
   Br(  2)  2.514159
   Br(  3)  3.519823  4.325523
 
 A cutoff of  1.0D-14 yielded   1191 shell pairs
 There are     10567 function pairs (     13530 Cartesian)
 Smallest overlap matrix eigenvalue = 1.45E-03

 Scale SEOQF with 1.000000e-01/1.000000e-01/1.000000e-01

 Standard Electronic Orientation quadrupole field applied
 Nucleus-field energy     =     0.0000000147 hartrees

 -----------------------------------------------------------------------
  General SCF calculation program by
  Eric Jon Sundstrom, Paul Horn, Yuezhi Mao, Dmitri Zuev, Alec White,
  David Stuck, Shaama M.S., Shane Yost, Joonho Lee, David Small,
  Daniel Levine, Susi Lehtola, Hugh Burton, Evgeny Epifanovsky,
  Bang C. Huynh
 -----------------------------------------------------------------------
================================================================
                 ALMO-EDA with the EDA2 driver                  
================================================================
 The second-generation ALMO-EDA (for DFT):                      
 P. R. Horn, Y. Mao and M. Head-Gordon, PCCP, 18, 23067 (2016)  
 Y. Mao et al. Annu. Rev. Phys. Chem. 72, 641 (2021)            
 Decomposition of the frozen energy:                            
 P. R. Horn, Y. Mao and M. Head-Gordon, JCP, 144, 114107 (2016) 
 FERF model for polarization:                                   
 P. R. Horn and M. Head-Gordon, JCP, 143, 114111 (2015)         
================================================================
 Using eda2 option set 1
 Option set summary: Frozen orbital wavefunction, initial wavefunction decomposition, and nDQ polarization.
--------------------------------
Printing EDA Options
--------------------------------
eda_child_super_basis      0
fragmo_guess_mode          0
child_mp                   1
child_mp_orders            232
cls_elec                   1
cls_disp                   1
scfmi_mode                 1
scfmi_occs                 0
scfmi_virts                0
frz_relax                  0
frz_relax_method           0
dc_pen_start               0
dc_pen_conv                0
dc_pen_increment           0
dc_pen_steps               0
dc_pen_thresh_factor       0
dc_pen_pre_newton_thresh   0
frz_ortho_decomp           1
frz_ortho_decomp_conv      6
plot_mo_ortho_frz          0
frgm_method                2
scfmi_freeze_ss            0
separate_rehyb             0
plot_diff_den              0
eda_nocv                   0
eda_vct_relax              1
disp_free_x                0
disp_free_c                0
eda_bsse                   0
eda_pct_a                  0
eda_covp                   0
--------------------------------
Attempting to make child job directory: /scratch/qchem542804//Frg1/
Attempting to make child job directory: /scratch/qchem542804//Frg2/
Creating input file /scratch/qchem542804/Frg1.input
using default PutDataFrgm: nothing
calling putenv with: QCSCRATCH=/scratch/qchem542804/ 
Spawning Job For Fragment 0
Done Job For Fragment 0
calling putenv with: QCSCRATCH=/scratch 
calling putenv with: QCTHREADS=6 
Creating input file /scratch/qchem542804/Frg2.input
using default PutDataFrgm: nothing
calling putenv with: QCSCRATCH=/scratch/qchem542804/ 
Spawning Job For Fragment 1
Done Job For Fragment 1
calling putenv with: QCSCRATCH=/scratch 
calling putenv with: QCTHREADS=6 
Doing General SCFMI
 Exchange:     0.1500 Hartree-Fock + 1.0000 wB97M-V + LR-HF
 Correlation:  1.0000 wB97M-V
 Using Euler-Maclaurin-Lebedev (99,590) quadrature formula
 Nonlocal Correlation:  VV10 with C = 0.0100 and b = 6.00 and scale = 1.00000
 Grid used for NLC:  SG-1 standard quadrature
performing fock build before subrot guess so that all methods have access
Printing subrot_rss_gen Method Specification:
Occupied Subspace Method is 0
Virtual Subspace Method is 0
Energy of the unrelaxed supersystem initial determinant -5310.480030947848
write pseudocanon occs and virts to disk
write pseudocanon orbital energies to disk
Tolerance of ortho_decomp_scf: 1.00e-06
GDM subspace size: 20
Beginning the Orthogonal Decomposition of the Initial Supersystem Wavefunction
    1   -5310.4279567433      2.18e-01     ortho_decomp Preconditoned Steepest Descent
    2   -5310.4447271075      8.61e-04     ortho_decomp BFGS Step
    3   -5310.4447306673      4.02e-05     ortho_decomp BFGS Step
    4   -5310.4447306783      2.05e-06     ortho_decomp BFGS Step
    5   -5310.4447306783      8.02e-08     ortho_decomp 00000 Convergence criterion met
 Hartree-Fock
 Hartree-Fock
 Hartree-Fock
 Exchange:     0.1500 Hartree-Fock + 1.0000 wB97M-V + LR-HF
 Correlation:  1.0000 wB97M-V
 Using Euler-Maclaurin-Lebedev (99,590) quadrature formula
 Nonlocal Correlation:  VV10 with C = 0.0100 and b = 6.00 and scale = 1.00000
 Grid used for NLC:  SG-1 standard quadrature
 Long-range K will be added via erf
 Coulomb attenuation parameter = 0.3 bohr**(-1)
 Nonlocal correlation = 3.446779747374e-01
Doing General SCFMI
 Exchange:     0.1500 Hartree-Fock + 1.0000 wB97M-V + LR-HF
 Correlation:  1.0000 wB97M-V
 Using Euler-Maclaurin-Lebedev (99,590) quadrature formula
 Nonlocal Correlation:  VV10 with C = 0.0100 and b = 6.00 and scale = 1.00000
 Grid used for NLC:  SG-1 standard quadrature
performing fock build at end of subrot_r(subrot) constructor so that all methods have access
<S^2> of initial wavefunction before polarization iterations 0.0000000000
Beginning iterations for the determination of the polarized wavefunction
Energy prior to optimization (guess energy) = -5310.480030947848
Begin Timing: Total SCF Calculation
begin iterations for algorithm: DIIS         
the SCF tolerance is set to 1.00e-08
    1   -5310.4800309478      6.04e-04     00000 
    2   -5310.4862081473      2.99e-04     00000 
    3   -5310.4870522279      8.48e-05     00000 
    4   -5310.4872503969      3.71e-05     00000 
    5   -5310.4872752658      1.51e-05     00000 
    6   -5310.4872804418      3.35e-06     00000 
    7   -5310.4872809096      1.12e-06     00000 
    8   -5310.4872809573      3.10e-07     00000 
    9   -5310.4872809605      1.20e-07     00000 
   10   -5310.4872809610      5.01e-08     00000 
   11   -5310.4872809610      1.18e-08     00000 
   12   -5310.4872809610      2.98e-09     00000 Convergence criterion met
write pseudocanon occs and virts to disk
write pseudocanon orbital energies to disk
Timing for Total SCF: 14.00s (wall), 83.80s (cpu)
<S^2> of polarized wavefunction after polarization iterations 0.0000000000
relaxing scfmi constraint to allow all rotations in the entire AO span
Doing General SCFMI
 Exchange:     0.1500 Hartree-Fock + 1.0000 wB97M-V + LR-HF
 Correlation:  1.0000 wB97M-V
 Using Euler-Maclaurin-Lebedev (99,590) quadrature formula
 Nonlocal Correlation:  VV10 with C = 0.0100 and b = 6.00 and scale = 1.00000
 Grid used for NLC:  SG-1 standard quadrature
performing fock build at end of subrot_r(subrot) constructor so that all methods have access
<S^2> of polarized wavefunction before ct-allowed iterations 0.0000000000
Beginning iterations for the determination of the CT-Allowed wavefunction
Energy prior to optimization (guess energy) = -5310.487280961043
Begin Timing: Total SCF Calculation
begin iterations for algorithm: DIIS         
the SCF tolerance is set to 1.00e-08
    1   -5310.4872809610      4.99e-04     00000 
    2   -5310.4887363287      4.60e-05     00000 
    3   -5310.4888378512      1.53e-05     00000 
    4   -5310.4888487466      1.02e-05     00000 
    5   -5310.4888502115      1.63e-06     00000 
    6   -5310.4888504724      6.41e-07     00000 
    7   -5310.4888505011      1.61e-07     00000 
    8   -5310.4888505035      4.90e-08     00000 
    9   -5310.4888505036      1.55e-08     00000 
   10   -5310.4888505036      5.37e-09     00000 Convergence criterion met
write pseudocanon occs and virts to disk
write pseudocanon orbital energies to disk
Timing for Total SCF: 11.00s (wall), 68.63s (cpu)
<S^2> of ct_allowed wavefunction after ct-allowed iterations 0.0000000000

================================
        Results of EDA2         
================================
Basic EDA Quantities
--------------------
Fragment Energies (Ha):
1-2736.3661901658
2-2574.0946475102
--------------------
  E_prp (kJ/mol) = 0.0000
  E_frz (kJ/mol) = -50.3925
  E_pol (kJ/mol) = -19.0351
  E_vct (kJ/mol) = -4.1209
  E_int (kJ/mol) = -73.5486
--------------------


Decomposition of frozen interaction energy
--------------------
  --------------------
  Orthogonal Frozen Decomposition:
  --------------------
     E_elec   (ELEC)   (kJ/mol) = -72.3247
     E_pauli  (PAULI)  (kJ/mol) = 30.3486
     E_disp   (DISP)   (kJ/mol) = -8.4165
  --------------------
  Classical Frozen Decomposition:
  --------------------
     E_cls_elec  (CLS ELEC)  (kJ/mol) = -58.0752
     E_mod_pauli (MOD PAULI) (kJ/mol) = 16.0618 (FRZ - CLS ELEC - CLS DISP)
     E_cls_disp  (CLS DISP)  (kJ/mol) = -8.3791
  --------------------
--------------------

Simplified EDA Summary (kJ/mol)
--------------------
 PREPARATION      0.0000
 FROZEN           -50.3925 (ELEC + PAULI + DISP)
[ELEC + PAULI = -42.0134, DISP = -8.3791]
 POLARIZATION    -19.0351
 CHARGE TRANSFER -4.1209
 TOTAL           -73.5486     (PRP + FRZ + POL + CT)
--------------------
 
 --------------------------------------------------------------
             Orbital Energies (a.u.) and Symmetries
 --------------------------------------------------------------
 
 Alpha MOs, Restricted
 -- Occupied --                  
-483.27 -483.24  -62.58  -62.54  -56.27  -56.26  -56.26  -56.23
  1 A'    2 A'    3 A'    4 A'    5 A'    1 A"    6 A'    7 A'                 
-56.227 -56.227 -38.611  -8.662  -8.625  -6.442  -6.441  -6.440
  2 A"    8 A'    9 A'   10 A'   11 A'   12 A'    3 A"   13 A'                 
 -6.404  -6.403  -6.403  -2.524  -2.524  -2.524  -2.523  -2.523
 14 A'    4 A"   15 A'   16 A'    5 A"   17 A'    6 A"   18 A'                 
 -2.486  -2.486  -2.486  -2.485  -2.485  -2.255  -1.157  -1.157
 19 A'    7 A"   20 A'    8 A"   21 A'   22 A'    9 A"   23 A'                 
 -1.156  -0.653  -0.610  -0.206  -0.189  -0.188  -0.153  -0.148
 24 A'   25 A'   26 A'   27 A'   10 A"   28 A'   29 A'   11 A"                 
 -0.144
 30 A'                                                                         
 -- Virtual --                   
  0.067   0.089   0.091   0.103   0.144   0.152   0.166   0.172
 31 A'   12 A"   32 A'   33 A'   34 A'   13 A"   35 A'   36 A'                 
  0.188   0.192   0.202   0.204   0.211   0.215   0.316   0.320
 37 A'   14 A"   38 A'   15 A"   39 A'   40 A'   16 A"   41 A'                 
  0.321   0.327   0.334   0.346   0.349   0.355   0.363   0.382
 42 A'   17 A"   43 A'   44 A'   18 A"   45 A'   19 A"   46 A'                 
  0.390   0.395   0.411   0.422   0.446   0.452   0.474   0.484
 47 A'   48 A'   20 A"   49 A'   50 A'   21 A"   51 A'   22 A"                 
  0.511   0.563   0.608   0.624   0.626   0.660   0.706   0.722
 52 A'   53 A'   54 A'   23 A"   24 A"   55 A'   56 A'   25 A"                 
  0.727   0.737   0.745   0.760   0.760   0.767   0.774   0.789
 57 A'   26 A"   58 A'   59 A'   27 A"   60 A'   28 A"   61 A'                 
  0.808   0.821   1.160   1.179   1.261   1.263   1.266   1.278
 62 A'   63 A'   64 A'   65 A'   29 A"   30 A"   66 A'   67 A'                 
  1.337   1.439   1.443   1.534   1.789   1.792   1.808   1.817
 68 A'   69 A'   31 A"   70 A'   32 A"   71 A'   33 A"   72 A'                 
  1.820   1.822   1.826   1.827   1.834   1.836   1.838   1.848
 73 A'   34 A"   35 A"   74 A'   75 A'   36 A"   76 A'   77 A'                 
  1.849   1.861   1.873   1.875   1.875   1.878   1.879   1.882
 37 A"   78 A'   38 A"   39 A"   79 A'   80 A'   40 A"   81 A'                 
  1.885   1.893   1.924   1.984   1.994   2.005   2.009   2.044
 41 A"   82 A'   83 A'   42 A"   84 A'   43 A"   85 A'   86 A'                 
  2.107   2.235   3.914   4.451   4.453   4.466   4.479   4.487
 87 A'   88 A'   89 A'   44 A"   90 A'   45 A"   91 A'   92 A'                 
  4.487   4.497   4.517   4.526   4.539   5.922   5.930   5.937
 46 A"   47 A"   93 A'   94 A'   95 A'   48 A"   96 A'   49 A"                 
  5.944   5.997   7.717   7.778
 97 A'   98 A'   99 A'  100 A'                                                 
 
 Beta MOs, Restricted
 -- Occupied --                  
-483.27 -483.24  -62.58  -62.54  -56.27  -56.26  -56.26  -56.23
  1 A'    2 A'    3 A'    4 A'    5 A'    1 A"    6 A'    7 A'                 
-56.227 -56.227 -38.611  -8.662  -8.625  -6.442  -6.441  -6.440
  2 A"    8 A'    9 A'   10 A'   11 A'   12 A'    3 A"   13 A'                 
 -6.404  -6.403  -6.403  -2.524  -2.524  -2.524  -2.523  -2.523
 14 A'    4 A"   15 A'   16 A'    5 A"   17 A'    6 A"   18 A'                 
 -2.486  -2.486  -2.486  -2.485  -2.485  -2.255  -1.157  -1.157
 19 A'    7 A"   20 A'    8 A"   21 A'   22 A'    9 A"   23 A'                 
 -1.156  -0.653  -0.610  -0.206  -0.189  -0.188  -0.153  -0.148
 24 A'   25 A'   26 A'   27 A'   10 A"   28 A'   29 A'   11 A"                 
 -0.144
 30 A'                                                                         
 -- Virtual --                   
  0.067   0.089   0.091   0.103   0.144   0.152   0.166   0.172
 31 A'   12 A"   32 A'   33 A'   34 A'   13 A"   35 A'   36 A'                 
  0.188   0.192   0.202   0.204   0.211   0.215   0.316   0.320
 37 A'   14 A"   38 A'   15 A"   39 A'   40 A'   16 A"   41 A'                 
  0.321   0.327   0.334   0.346   0.349   0.355   0.363   0.382
 42 A'   17 A"   43 A'   44 A'   18 A"   45 A'   19 A"   46 A'                 
  0.390   0.395   0.411   0.422   0.446   0.452   0.474   0.484
 47 A'   48 A'   20 A"   49 A'   50 A'   21 A"   51 A'   22 A"                 
  0.511   0.563   0.608   0.624   0.626   0.660   0.706   0.722
 52 A'   53 A'   54 A'   23 A"   24 A"   55 A'   56 A'   25 A"                 
  0.727   0.737   0.745   0.760   0.760   0.767   0.774   0.789
 57 A'   26 A"   58 A'   59 A'   27 A"   60 A'   28 A"   61 A'                 
  0.808   0.821   1.160   1.179   1.261   1.263   1.266   1.278
 62 A'   63 A'   64 A'   65 A'   29 A"   30 A"   66 A'   67 A'                 
  1.337   1.439   1.443   1.534   1.789   1.792   1.808   1.817
 68 A'   69 A'   31 A"   70 A'   32 A"   71 A'   33 A"   72 A'                 
  1.820   1.822   1.826   1.827   1.834   1.836   1.838   1.848
 73 A'   34 A"   35 A"   74 A'   75 A'   36 A"   76 A'   77 A'                 
  1.849   1.861   1.873   1.875   1.875   1.878   1.879   1.882
 37 A"   78 A'   38 A"   39 A"   79 A'   80 A'   40 A"   81 A'                 
  1.885   1.893   1.924   1.984   1.994   2.005   2.009   2.044
 41 A"   82 A'   83 A'   42 A"   84 A'   43 A"   85 A'   86 A'                 
  2.107   2.235   3.914   4.451   4.453   4.466   4.479   4.487
 87 A'   88 A'   89 A'   44 A"   90 A'   45 A"   91 A'   92 A'                 
  4.487   4.497   4.517   4.526   4.539   5.922   5.930   5.937
 46 A"   47 A"   93 A'   94 A'   95 A'   48 A"   96 A'   49 A"                 
  5.944   5.997   7.717   7.778
 97 A'   98 A'   99 A'  100 A'                                                 
 --------------------------------------------------------------
 
          Ground-State Mulliken Net Atomic Charges

     Atom                 Charge (a.u.)
  ----------------------------------------
      1 Na                    0.651743
      2 Br                   -0.764615
      3 Br                   -0.887128
  ----------------------------------------
  Sum of atomic charges =    -1.000000

 -----------------------------------------------------------------
                    Cartesian Multipole Moments
 -----------------------------------------------------------------
    Charge (ESU x 10^10)
                -4.8032
    Dipole Moment (Debye)
         X      -3.9847      Y      -7.2566      Z      -0.0000
       Tot       8.2787
    Quadrupole Moments (Debye-Ang)
        XX     -90.0488     XY       5.3914     YY     -36.9867
        XZ       0.0000     YZ       0.0000     ZZ     -50.4601
    Octopole Moments (Debye-Ang^2)
       XXX     -25.7335    XXY      -7.1813    XYY     -13.7722
       YYY     -35.2937    XXZ      -0.0000    XYZ       0.0000
       YYZ       0.0000    XZZ      -4.1267    YZZ      -4.0805
       ZZZ      -0.0000
    Hexadecapole Moments (Debye-Ang^3)
      XXXX   -1603.5077   XXXY      12.6446   XXYY    -256.7911
      XYYY      25.9727   YYYY    -125.6918   XXXZ       0.0000
      XXYZ       0.0000   XYYZ       0.0000   YYYZ       0.0000
      XXZZ    -250.5405   XYZZ       3.3021   YYZZ     -42.3202
      XZZZ       0.0000   YZZZ       0.0000   ZZZZ     -86.8030
 -----------------------------------------------------------------
 Total job time:  78.93s(wall), 286.39s(cpu) 
 Sat Jan  6 16:21:45 2024

        *************************************************************
        *                                                           *
        *  Thank you very much for using Q-Chem.  Have a nice day.  *
        *                                                           *
        *************************************************************


