
Running Job 1 of 1 087_NaBr-Br_2.00_almo.in
qchem 087_NaBr-Br_2.00_almo.in_542986.0 /scratch/qchem542986/ 6
/home/kchung25/qchem/5.4.0/exe/qcprog.exe_s 087_NaBr-Br_2.00_almo.in_542986.0 /scratch/qchem542986/
                  Welcome to Q-Chem
     A Quantum Leap Into The Future Of Chemistry


 Q-Chem 5.4, Q-Chem, Inc., Pleasanton, CA (2021)

 E. Epifanovsky,  A. T. B. Gilbert,  Xintian Feng,  Joonho Lee,  Yuezhi Mao,  
 N. Mardirossian,  P. Pokhilko,  A. White,  M. Wormit,  M. P. Coons,  
 A. L. Dempwolff,  Zhengting Gan,  D. Hait,  P. R. Horn,  L. D. Jacobson,  
 I. Kaliman,  J. Kussmann,  A. W. Lange,  Ka Un Lao,  D. S. Levine,  Jie Liu,  
 S. C. McKenzie,  A. F. Morrison,  K. Nanda,  F. Plasser,  D. R. Rehn,  
 M. L. Vidal,  Zhi-Qiang You,  Ying Zhu,  B. Alam,  B. Albrecht,  
 A. Aldossary,  E. Alguire,  J. H. Andersen,  D. Barton,  K. Begam,  A. Behn,  
 Y. A. Bernard,  E. J. Berquist,  H. Burton,  A. Carreras,  K. Carter-Fenk,  
 Romit Chakraborty,  A. D. Chien,  K. D. Closser,  V. Cofer-Shabica,  
 S. Dasgupta,  Jia Deng,  M. de Wergifosse,  M. Diedenhofen,  Hainam Do,  
 S. Ehlert,  Po-Tung Fang,  S. Fatehi,  Qingguo Feng,  T. Friedhoff,  
 J. Gayvert,  Qinghui Ge,  G. Gidofalvi,  M. Goldey,  J. Gomes,  
 C. Gonzalez-Espinoza,  S. Gulania,  A. Gunina,  M. W. D. Hanson-Heine,  
 P. H. P. Harbach,  A. W. Hauser,  M. F. Herbst,  M. Hernandez Vera,  
 M. Hodecker,  Z. C. Holden,  S. Houck,  Xunkun Huang,  Kerwin Hui,  
 B. C. Huynh,  M. Ivanov,  Hyunjun Ji,  Hanjie Jiang,  B. Kaduk,  S. Kaehler,  
 K. Khistyaev,  Jaehoon Kim,  P. Klunzinger,  Z. Koczor-Benda,  
 Joong Hoon Koh,  D. Kosenkov,  L. Koulias,  T. Kowalczyk,  C. M. Krauter,  
 K. Kue,  A. Kunitsa,  T. Kus,  A. Landau,  K. V. Lawler,  D. Lefrancois,  
 S. Lehtola,  Rain Li,  Yi-Pei Li,  Jiashu Liang,  M. Liebenthal,  
 Hung-Hsuan Lin,  You-Sheng Lin,  Fenglai Liu,  Kuan-Yu Liu,  
 M. Loipersberger,  A. Luenser,  A. Manjanath,  P. Manohar,  E. Mansoor,  
 S. F. Manzer,  Shan-Ping Mao,  A. V. Marenich,  T. Markovich,  S. Mason,  
 S. A. Maurer,  P. F. McLaughlin,  M. F. S. J. Menger,  J.-M. Mewes,  
 S. A. Mewes,  P. Morgante,  J. W. Mullinax,  K. J. Oosterbaan,  G. Paran,  
 Alexander C. Paul,  Suranjan K. Paul,  F. Pavosevic,  Zheng Pei,  S. Prager,  
 E. I. Proynov,  E. Ramos,  B. Rana,  A. E. Rask,  A. Rettig,  R. M. Richard,  
 F. Rob,  E. Rossomme,  T. Scheele,  M. Scheurer,  M. Schneider,  
 N. Sergueev,  S. M. Sharada,  W. Skomorowski,  D. W. Small,  C. J. Stein,  
 Yu-Chuan Su,  E. J. Sundstrom,  Zhen Tao,  J. Thirman,  T. Tsuchimochi,  
 N. M. Tubman,  S. P. Veccham,  O. Vydrov,  J. Wenzel,  J. Witte,  A. Yamada,  
 Kun Yao,  S. Yeganeh,  S. R. Yost,  A. Zech,  Igor Ying Zhang,  Xing Zhang,  
 Yu Zhang,  D. Zuev,  A. Aspuru-Guzik,  A. T. Bell,  N. A. Besley,  
 K. B. Bravaya,  B. R. Brooks,  D. Casanova,  Jeng-Da Chai,  S. Coriani,  
 C. J. Cramer,  A. E. DePrince, III,  R. A. DiStasio Jr.,  A. Dreuw,  
 B. D. Dunietz,  T. R. Furlani,  W. A. Goddard III,  S. Grimme,  
 S. Hammes-Schiffer,  T. Head-Gordon,  W. J. Hehre,  Chao-Ping Hsu,  
 T.-C. Jagau,  Yousung Jung,  A. Klamt,  Jing Kong,  D. S. Lambrecht,  
 WanZhen Liang,  N. J. Mayhall,  C. W. McCurdy,  J. B. Neaton,  T. Neudecker,  
 C. Ochsenfeld,  J. A. Parkhill,  R. Peverati,  V. A. Rassolov,  Yihan Shao,  
 L. V. Slipchenko,  R. P. Steele,  J. E. Subotnik,  A. J. W. Thom,  
 A. Tkatchenko,  D. G. Truhlar,  T. Van Voorhis,  T. A. Wesolowski,  
 K. B. Whaley,  H. L. Woodcock III,  P. M. Zimmerman,  S. Faraji,  
 P. M. W. Gill,  M. Head-Gordon,  J. M. Herbert,  A. I. Krylov

 Additional authors since Version 5.4.0: 
 Chandrima Chakravarty,  L. Cunha,  R. Kang,  Yongbin Kim,  S. Kotaru,  
 Shaozhi Li,  Xiangyuan Li,  F. Matz,  A. Molle,  V. Parravicini,  
 Haisheng Ren,  Hengyuan Shen,  Yingli Su,  Hung-Yi Tsai,  C. Utku,  
 Fang Wang,  Jeff Yang,  F. Zeller

 Contributors to earlier versions of Q-Chem not listed above: 
 R. D. Adamson,  B. Austin,  R. Baer,  J. Baker,  G. J. O. Beran,  
 K. Brandhorst,  S. T. Brown,  E. F. C. Byrd,  Arup K. Chakraborty,  
 G. K. L. Chan,  Chun-Min Chang,  Yunqing Chen,  C.-L. Cheng,  
 Siu Hung Chien,  D. M. Chipman,  D. L. Crittenden,  H. Dachsel,  
 R. J. Doerksen,  A. D. Dutoi,  R. G. Edgar,  J. Fosso-Tande,  
 L. Fusti-Molnar,  D. Ghosh,  A. Ghysels,  A. Golubeva-Zadorozhnaya,  
 J. Gonthier,  M. S. Gordon,  S. R. Gwaltney,  G. Hawkins,  J. E. Herr,  
 A. Heyden,  S. Hirata,  E. G. Hohenstein,  G. Kedziora,  F. J. Keil,  
 C. Kelley,  Jihan Kim,  R. A. King,  R. Z. Khaliullin,  P. P. Korambath,  
 W. Kurlancheek,  A. Laurent,  A. M. Lee,  M. S. Lee,  S. V. Levchenko,  
 Ching Yeh Lin,  D. Liotard,  E. Livshits,  R. C. Lochan,  I. Lotan,  
 L. A. Martinez-Martinez,  P. E. Maslen,  N. Nair,  D. P. O'Neill,  
 D. Neuhauser,  E. Neuscamman,  C. M. Oana,  R. Olivares-Amaya,  R. Olson,  
 T. M. Perrine,  B. Peters,  P. A. Pieniazek,  A. Prociuk,  Y. M. Rhee,  
 J. Ritchie,  M. A. Rohrdanz,  E. Rosta,  N. J. Russ,  H. F. Schaefer III,  
 M. W. Schmidt,  N. E. Schultz,  S. Sharma,  N. Shenvi,  C. D. Sherrill,  
 A. C. Simmonett,  A. Sodt,  T. Stein,  D. Stuck,  K. S. Thanthiriwatte,  
 V. Vanovschi,  L. Vogt,  Tao Wang,  A. Warshel,  M. A. Watson,  
 C. F. Williams,  Q. Wu,  X. Xu,  Jun Yang,  W. Zhang,  Yan Zhao

   Please cite Q-Chem as follows:
  "Software for the frontiers of quantum chemistry:
   An overview of developments in the Q-Chem 5 package"
   J. Chem. Phys. 155, 084801 (2021)
   https://doi.org/10.1063/5.0055522 (open access)

 Q-Chem 5.4.2 for Intel X86 EM64T Linux

 Parts of Q-Chem use Armadillo 9.900.5 (Nocturnal Misbehaviour).
 http://arma.sourceforge.net/

 Q-Chem begins on Sat Jan  6 16:22:59 2024  

 Host: 
0

     Scratch files written to /scratch/qchem542986//
 Dec1321 |scratch|qcdevops|jenkins|workspace|build_RNUM 5684   
 Processing $rem in /home/kchung25/qchem/5.4.0/config/preferences:
 Processing $rem in /home/kchung25/.qchemrc:

 Q-Chem warning in module libgen/rem_setup.C, line 3079:

 Neither GIA nor STOLL is specified by user. Use STOLL as the default


 Checking the input file for inconsistencies... 	...done.

--------------------------------------------------------------
User input:
--------------------------------------------------------------
$molecule
-1 1
--
0 1
Na     0.000000     0.000000     0.000000
Br     0.000000     2.514159     0.000000
--
-1 1
Br     5.028318     0.000000     0.000000
$end

$rem
JOBTYPE          eda
EDA2             1
METHOD           wB97M-V
BASIS            def2-TZVPPD
SYMMETRY         false
MEM_TOTAL        50000
MEM_STATIC       10000
THRESH           14
SCF_CONVERGENCE  8
XC_GRID          000099000590
NL_GRID          1
EDA_CLS_DISP     true
FD_MAT_VEC_PROD  FALSE
$end
--------------------------------------------------------------
 ----------------------------------------------------------------
             Standard Nuclear Orientation (Angstroms)
    I     Atom           X                Y                Z
 ----------------------------------------------------------------
    1      Na     -1.5849955046    -1.8408513836    -0.0000000000
    2      Br     -2.5554714376     0.4784528097     0.0000000000
    3      Br      3.0536128819     0.1001004823    -0.0000000000
 ----------------------------------------------------------------
 Molecular Point Group                 Cs    NOp =  2
 Largest Abelian Subgroup              Cs    NOp =  2
 Nuclear Repulsion Energy =         236.85952719 hartrees
 There are       41 alpha and       41 beta electrons
 Requested basis set is def2-TZVPPD
 There are 51 shells and 149 basis functions

 Q-Chem warning in module libmdc/get_mega.C, line 171:

 Allowed MEM_STATIC has been capped at MEM_STATIC=8191.
 Reduce the value of MEM_STATIC to silence this warning.


 Total QAlloc Memory Limit  50000 MB
 Mega-Array Size      8007 MB
 MEM_STATIC part      8191 MB

                       Distance Matrix (Angstroms)
             Na(  1)   Br(  2)
   Br(  2)  2.514159
   Br(  3)  5.028318  5.621830
 
 A cutoff of  1.0D-14 yielded   1113 shell pairs
 There are      9629 function pairs (     12174 Cartesian)
 Smallest overlap matrix eigenvalue = 1.50E-03

 Scale SEOQF with 1.000000e-01/1.000000e-01/1.000000e-01

 Standard Electronic Orientation quadrupole field applied
 Nucleus-field energy     =     0.0000000241 hartrees

 -----------------------------------------------------------------------
  General SCF calculation program by
  Eric Jon Sundstrom, Paul Horn, Yuezhi Mao, Dmitri Zuev, Alec White,
  David Stuck, Shaama M.S., Shane Yost, Joonho Lee, David Small,
  Daniel Levine, Susi Lehtola, Hugh Burton, Evgeny Epifanovsky,
  Bang C. Huynh
 -----------------------------------------------------------------------
================================================================
                 ALMO-EDA with the EDA2 driver                  
================================================================
 The second-generation ALMO-EDA (for DFT):                      
 P. R. Horn, Y. Mao and M. Head-Gordon, PCCP, 18, 23067 (2016)  
 Y. Mao et al. Annu. Rev. Phys. Chem. 72, 641 (2021)            
 Decomposition of the frozen energy:                            
 P. R. Horn, Y. Mao and M. Head-Gordon, JCP, 144, 114107 (2016) 
 FERF model for polarization:                                   
 P. R. Horn and M. Head-Gordon, JCP, 143, 114111 (2015)         
================================================================
 Using eda2 option set 1
 Option set summary: Frozen orbital wavefunction, initial wavefunction decomposition, and nDQ polarization.
--------------------------------
Printing EDA Options
--------------------------------
eda_child_super_basis      0
fragmo_guess_mode          0
child_mp                   1
child_mp_orders            232
cls_elec                   1
cls_disp                   1
scfmi_mode                 1
scfmi_occs                 0
scfmi_virts                0
frz_relax                  0
frz_relax_method           0
dc_pen_start               0
dc_pen_conv                0
dc_pen_increment           0
dc_pen_steps               0
dc_pen_thresh_factor       0
dc_pen_pre_newton_thresh   0
frz_ortho_decomp           1
frz_ortho_decomp_conv      6
plot_mo_ortho_frz          0
frgm_method                2
scfmi_freeze_ss            0
separate_rehyb             0
plot_diff_den              0
eda_nocv                   0
eda_vct_relax              1
disp_free_x                0
disp_free_c                0
eda_bsse                   0
eda_pct_a                  0
eda_covp                   0
--------------------------------
Attempting to make child job directory: /scratch/qchem542986//Frg1/
Attempting to make child job directory: /scratch/qchem542986//Frg2/
Creating input file /scratch/qchem542986/Frg1.input
using default PutDataFrgm: nothing
calling putenv with: QCSCRATCH=/scratch/qchem542986/ 
Spawning Job For Fragment 0
Done Job For Fragment 0
calling putenv with: QCSCRATCH=/scratch 
calling putenv with: QCTHREADS=6 
Creating input file /scratch/qchem542986/Frg2.input
using default PutDataFrgm: nothing
calling putenv with: QCSCRATCH=/scratch/qchem542986/ 
Spawning Job For Fragment 1
Done Job For Fragment 1
calling putenv with: QCSCRATCH=/scratch 
calling putenv with: QCTHREADS=6 
Doing General SCFMI
 Exchange:     0.1500 Hartree-Fock + 1.0000 wB97M-V + LR-HF
 Correlation:  1.0000 wB97M-V
 Using Euler-Maclaurin-Lebedev (99,590) quadrature formula
 Nonlocal Correlation:  VV10 with C = 0.0100 and b = 6.00 and scale = 1.00000
 Grid used for NLC:  SG-1 standard quadrature
performing fock build before subrot guess so that all methods have access
Printing subrot_rss_gen Method Specification:
Occupied Subspace Method is 0
Virtual Subspace Method is 0
Energy of the unrelaxed supersystem initial determinant -5310.468231156088
write pseudocanon occs and virts to disk
write pseudocanon orbital energies to disk
Tolerance of ortho_decomp_scf: 1.00e-06
GDM subspace size: 20
Beginning the Orthogonal Decomposition of the Initial Supersystem Wavefunction
    1   -5310.4582360941      5.99e-02     ortho_decomp Preconditoned Steepest Descent
    2   -5310.4596106177      1.84e-04     ortho_decomp BFGS Step
    3   -5310.4596108129      8.51e-06     ortho_decomp BFGS Step
    4   -5310.4596108137      3.98e-07     ortho_decomp 00000 Convergence criterion met
 Hartree-Fock
 Hartree-Fock
 Hartree-Fock
 Exchange:     0.1500 Hartree-Fock + 1.0000 wB97M-V + LR-HF
 Correlation:  1.0000 wB97M-V
 Using Euler-Maclaurin-Lebedev (99,590) quadrature formula
 Nonlocal Correlation:  VV10 with C = 0.0100 and b = 6.00 and scale = 1.00000
 Grid used for NLC:  SG-1 standard quadrature
 Long-range K will be added via erf
 Coulomb attenuation parameter = 0.3 bohr**(-1)
 Nonlocal correlation = 3.457140707792e-01
Doing General SCFMI
 Exchange:     0.1500 Hartree-Fock + 1.0000 wB97M-V + LR-HF
 Correlation:  1.0000 wB97M-V
 Using Euler-Maclaurin-Lebedev (99,590) quadrature formula
 Nonlocal Correlation:  VV10 with C = 0.0100 and b = 6.00 and scale = 1.00000
 Grid used for NLC:  SG-1 standard quadrature
performing fock build at end of subrot_r(subrot) constructor so that all methods have access
<S^2> of initial wavefunction before polarization iterations 0.0000000000
Beginning iterations for the determination of the polarized wavefunction
Energy prior to optimization (guess energy) = -5310.468231156095
Begin Timing: Total SCF Calculation
begin iterations for algorithm: DIIS         
the SCF tolerance is set to 1.00e-08
    1   -5310.4682311561      3.20e-04     00000 
    2   -5310.4699999770      1.58e-04     00000 
    3   -5310.4702257429      3.88e-05     00000 
    4   -5310.4702740833      1.25e-05     00000 
    5   -5310.4702792088      6.49e-06     00000 
    6   -5310.4702797677      1.72e-06     00000 
    7   -5310.4702798845      5.13e-07     00000 
    8   -5310.4702798947      1.39e-07     00000 
    9   -5310.4702798953      4.56e-08     00000 
   10   -5310.4702798954      1.42e-08     00000 
   11   -5310.4702798954      5.98e-09     00000 Convergence criterion met
write pseudocanon occs and virts to disk
write pseudocanon orbital energies to disk
Timing for Total SCF: 12.00s (wall), 68.09s (cpu)
<S^2> of polarized wavefunction after polarization iterations 0.0000000000
relaxing scfmi constraint to allow all rotations in the entire AO span
Doing General SCFMI
 Exchange:     0.1500 Hartree-Fock + 1.0000 wB97M-V + LR-HF
 Correlation:  1.0000 wB97M-V
 Using Euler-Maclaurin-Lebedev (99,590) quadrature formula
 Nonlocal Correlation:  VV10 with C = 0.0100 and b = 6.00 and scale = 1.00000
 Grid used for NLC:  SG-1 standard quadrature
performing fock build at end of subrot_r(subrot) constructor so that all methods have access
<S^2> of polarized wavefunction before ct-allowed iterations 0.0000000000
Beginning iterations for the determination of the CT-Allowed wavefunction
Energy prior to optimization (guess energy) = -5310.470279895430
Begin Timing: Total SCF Calculation
begin iterations for algorithm: DIIS         
the SCF tolerance is set to 1.00e-08
    1   -5310.4702798954      2.99e-04     00000 
    2   -5310.4705628702      1.83e-05     00000 
    3   -5310.4705932516      7.04e-06     00000 
    4   -5310.4705998184      3.36e-06     00000 
    5   -5310.4706002685      1.07e-06     00000 
    6   -5310.4706004236      2.23e-07     00000 
    7   -5310.4706004276      7.93e-08     00000 
    8   -5310.4706004280      1.71e-08     00000 
    9   -5310.4706004280      7.62e-09     00000 Convergence criterion met
write pseudocanon occs and virts to disk
write pseudocanon orbital energies to disk
Timing for Total SCF: 9.00s (wall), 54.62s (cpu)
<S^2> of ct_allowed wavefunction after ct-allowed iterations 0.0000000000

================================
        Results of EDA2         
================================
Basic EDA Quantities
--------------------
Fragment Energies (Ha):
1-2736.3661861903
2-2574.0946475104
--------------------
  E_prp (kJ/mol) = 0.0000
  E_frz (kJ/mol) = -19.4222
  E_pol (kJ/mol) = -5.3790
  E_vct (kJ/mol) = -0.8416
  E_int (kJ/mol) = -25.6428
--------------------


Decomposition of frozen interaction energy
--------------------
  --------------------
  Orthogonal Frozen Decomposition:
  --------------------
     E_elec   (ELEC)   (kJ/mol) = -19.9371
     E_pauli  (PAULI)  (kJ/mol) = 2.1239
     E_disp   (DISP)   (kJ/mol) = -1.6091
  --------------------
  Classical Frozen Decomposition:
  --------------------
     E_cls_elec  (CLS ELEC)  (kJ/mol) = -18.4846
     E_mod_pauli (MOD PAULI) (kJ/mol) = 0.5895 (FRZ - CLS ELEC - CLS DISP)
     E_cls_disp  (CLS DISP)  (kJ/mol) = -1.5272
  --------------------
--------------------

Simplified EDA Summary (kJ/mol)
--------------------
 PREPARATION      0.0000
 FROZEN           -19.4222 (ELEC + PAULI + DISP)
[ELEC + PAULI = -17.8951, DISP = -1.5272]
 POLARIZATION    -5.3790
 CHARGE TRANSFER -0.8416
 TOTAL           -25.6428     (PRP + FRZ + POL + CT)
--------------------
 
 --------------------------------------------------------------
             Orbital Energies (a.u.) and Symmetries
 --------------------------------------------------------------
 
 Alpha MOs, Restricted
 -- Occupied --                  
-483.30 -483.22  -62.61  -62.52  -56.29  -56.29  -56.29  -56.21
  1 A'    2 A'    3 A'    4 A'    5 A'    1 A"    6 A'    7 A'                 
-56.209 -56.209 -38.658  -8.692  -8.606  -6.472  -6.471  -6.470
  2 A"    8 A'    9 A'   10 A'   11 A'   12 A'    3 A"   13 A'                 
 -6.385  -6.385  -6.385  -2.554  -2.554  -2.554  -2.552  -2.552
 14 A'    4 A"   15 A'   16 A'    5 A"   17 A'    6 A"   18 A'                 
 -2.467  -2.467  -2.467  -2.467  -2.467  -2.302  -1.204  -1.204
 19 A'    7 A"   20 A'    8 A"   21 A'   22 A'    9 A"   23 A'                 
 -1.203  -0.683  -0.591  -0.235  -0.217  -0.216  -0.132  -0.131
 24 A'   25 A'   26 A'   27 A'   10 A"   28 A'   29 A'   11 A"                 
 -0.130
 30 A'                                                                         
 -- Virtual --                   
  0.047   0.081   0.086   0.089   0.133   0.133   0.143   0.164
 31 A'   12 A"   32 A'   33 A'   13 A"   34 A'   35 A'   36 A'                 
  0.176   0.179   0.192   0.203   0.206   0.214   0.276   0.292
 37 A'   14 A"   38 A'   15 A"   39 A'   40 A'   41 A'   16 A"                 
  0.297   0.300   0.311   0.323   0.329   0.330   0.348   0.356
 17 A"   42 A'   43 A'   44 A'   18 A"   45 A'   46 A'   19 A"                 
  0.364   0.371   0.381   0.382   0.396   0.422   0.444   0.457
 47 A'   48 A'   49 A'   20 A"   21 A"   50 A'   51 A'   22 A"                 
  0.472   0.525   0.599   0.606   0.628   0.628   0.633   0.672
 52 A'   53 A'   23 A"   54 A'   55 A'   24 A"   56 A'   57 A'                 
  0.695   0.698   0.699   0.731   0.762   0.770   0.776   0.779
 25 A"   58 A'   26 A"   59 A'   60 A'   27 A"   61 A'   28 A"                 
  0.795   0.801   1.119   1.135   1.203   1.220   1.225   1.228
 62 A'   63 A'   64 A'   65 A'   29 A"   30 A"   66 A'   67 A'                 
  1.292   1.394   1.398   1.413   1.756   1.764   1.779   1.791
 68 A'   69 A'   31 A"   70 A'   32 A"   71 A'   33 A"   72 A'                 
  1.793   1.806   1.807   1.810   1.810   1.834   1.834   1.841
 73 A'   34 A"   74 A'   75 A'   35 A"   76 A'   36 A"   37 A"                 
  1.845   1.846   1.853   1.863   1.892   1.892   1.892   1.892
 38 A"   77 A'   78 A'   79 A'   39 A"   80 A'   81 A'   40 A"                 
  1.893   1.893   1.894   1.956   1.961   1.968   2.014   2.018
 82 A'   41 A"   83 A'   42 A"   84 A'   85 A'   43 A"   86 A'                 
  2.034   2.188   3.761   4.417   4.423   4.435   4.447   4.493
 87 A'   88 A'   89 A'   44 A"   90 A'   45 A"   91 A'   92 A'                 
  4.499   4.502   4.505   4.518   4.527   5.868   5.875   5.891
 46 A"   93 A'   47 A"   94 A'   95 A'   48 A"   96 A'   49 A"                 
  5.893   5.943   7.671   7.730
 97 A'   98 A'   99 A'  100 A'                                                 
 
 Beta MOs, Restricted
 -- Occupied --                  
-483.30 -483.22  -62.61  -62.52  -56.29  -56.29  -56.29  -56.21
  1 A'    2 A'    3 A'    4 A'    5 A'    1 A"    6 A'    7 A'                 
-56.209 -56.209 -38.658  -8.692  -8.606  -6.472  -6.471  -6.470
  2 A"    8 A'    9 A'   10 A'   11 A'   12 A'    3 A"   13 A'                 
 -6.385  -6.385  -6.385  -2.554  -2.554  -2.554  -2.552  -2.552
 14 A'    4 A"   15 A'   16 A'    5 A"   17 A'    6 A"   18 A'                 
 -2.467  -2.467  -2.467  -2.467  -2.467  -2.302  -1.204  -1.204
 19 A'    7 A"   20 A'    8 A"   21 A'   22 A'    9 A"   23 A'                 
 -1.203  -0.683  -0.591  -0.235  -0.217  -0.216  -0.132  -0.131
 24 A'   25 A'   26 A'   27 A'   10 A"   28 A'   29 A'   11 A"                 
 -0.130
 30 A'                                                                         
 -- Virtual --                   
  0.047   0.081   0.086   0.089   0.133   0.133   0.143   0.164
 31 A'   12 A"   32 A'   33 A'   13 A"   34 A'   35 A'   36 A'                 
  0.176   0.179   0.192   0.203   0.206   0.214   0.276   0.292
 37 A'   14 A"   38 A'   15 A"   39 A'   40 A'   41 A'   16 A"                 
  0.297   0.300   0.311   0.323   0.329   0.330   0.348   0.356
 17 A"   42 A'   43 A'   44 A'   18 A"   45 A'   46 A'   19 A"                 
  0.364   0.371   0.381   0.382   0.396   0.422   0.444   0.457
 47 A'   48 A'   49 A'   20 A"   21 A"   50 A'   51 A'   22 A"                 
  0.472   0.525   0.599   0.606   0.628   0.628   0.633   0.672
 52 A'   53 A'   23 A"   54 A'   55 A'   24 A"   56 A'   57 A'                 
  0.695   0.698   0.699   0.731   0.762   0.770   0.776   0.779
 25 A"   58 A'   26 A"   59 A'   60 A'   27 A"   61 A'   28 A"                 
  0.795   0.801   1.119   1.135   1.203   1.220   1.225   1.228
 62 A'   63 A'   64 A'   65 A'   29 A"   30 A"   66 A'   67 A'                 
  1.292   1.394   1.398   1.413   1.756   1.764   1.779   1.791
 68 A'   69 A'   31 A"   70 A'   32 A"   71 A'   33 A"   72 A'                 
  1.793   1.806   1.807   1.810   1.810   1.834   1.834   1.841
 73 A'   34 A"   74 A'   75 A'   35 A"   76 A'   36 A"   37 A"                 
  1.845   1.846   1.853   1.863   1.892   1.892   1.892   1.892
 38 A"   77 A'   78 A'   79 A'   39 A"   80 A'   81 A'   40 A"                 
  1.893   1.893   1.894   1.956   1.961   1.968   2.014   2.018
 82 A'   41 A"   83 A'   42 A"   84 A'   85 A'   43 A"   86 A'                 
  2.034   2.188   3.761   4.417   4.423   4.435   4.447   4.493
 87 A'   88 A'   89 A'   44 A"   90 A'   45 A"   91 A'   92 A'                 
  4.499   4.502   4.505   4.518   4.527   5.868   5.875   5.891
 46 A"   93 A'   47 A"   94 A'   95 A'   48 A"   96 A'   49 A"                 
  5.893   5.943   7.671   7.730
 97 A'   98 A'   99 A'  100 A'                                                 
 --------------------------------------------------------------
 
          Ground-State Mulliken Net Atomic Charges

     Atom                 Charge (a.u.)
  ----------------------------------------
      1 Na                    0.729565
      2 Br                   -0.742693
      3 Br                   -0.986872
  ----------------------------------------
  Sum of atomic charges =    -1.000000

 -----------------------------------------------------------------
                    Cartesian Multipole Moments
 -----------------------------------------------------------------
    Charge (ESU x 10^10)
                -4.8032
    Dipole Moment (Debye)
         X     -10.0469      Y      -8.3511      Z       0.0000
       Tot      13.0645
    Quadrupole Moments (Debye-Ang)
        XX    -111.8709     XY      13.0363     YY     -34.9459
        XZ       0.0000     YZ      -0.0000     ZZ     -50.5942
    Octopole Moments (Debye-Ang^2)
       XXX    -107.5165    XXY     -26.8074    XYY     -35.3031
       YYY     -42.7717    XXZ       0.0000    XYZ      -0.0000
       YYZ       0.0000    XZZ     -10.1948    YZZ      -4.8945
       ZZZ       0.0000
    Hexadecapole Moments (Debye-Ang^3)
      XXXX   -2947.1461   XXXY      54.0912   XXYY    -388.9900
      XYYY      67.2431   YYYY    -127.5958   XXXZ       0.0000
      XXYZ       0.0000   XYYZ       0.0000   YYYZ       0.0000
      XXZZ    -413.6365   XYZZ       7.6901   YYZZ     -44.8673
      XZZZ       0.0000   YZZZ       0.0000   ZZZZ     -88.3315
 -----------------------------------------------------------------
 Total job time:  69.24s(wall), 229.46s(cpu) 
 Sat Jan  6 16:24:08 2024

        *************************************************************
        *                                                           *
        *  Thank you very much for using Q-Chem.  Have a nice day.  *
        *                                                           *
        *************************************************************


