
Running Job 1 of 1 111_Br-Water_neq_1.50_almo.in
qchem 111_Br-Water_neq_1.50_almo.in_493347.0 /scratch/qchem493347/ 6
/home/kchung25/qchem/5.4.0/exe/qcprog.exe_s 111_Br-Water_neq_1.50_almo.in_493347.0 /scratch/qchem493347/
                  Welcome to Q-Chem
     A Quantum Leap Into The Future Of Chemistry


 Q-Chem 5.4, Q-Chem, Inc., Pleasanton, CA (2021)

 E. Epifanovsky,  A. T. B. Gilbert,  Xintian Feng,  Joonho Lee,  Yuezhi Mao,  
 N. Mardirossian,  P. Pokhilko,  A. White,  M. Wormit,  M. P. Coons,  
 A. L. Dempwolff,  Zhengting Gan,  D. Hait,  P. R. Horn,  L. D. Jacobson,  
 I. Kaliman,  J. Kussmann,  A. W. Lange,  Ka Un Lao,  D. S. Levine,  Jie Liu,  
 S. C. McKenzie,  A. F. Morrison,  K. Nanda,  F. Plasser,  D. R. Rehn,  
 M. L. Vidal,  Zhi-Qiang You,  Ying Zhu,  B. Alam,  B. Albrecht,  
 A. Aldossary,  E. Alguire,  J. H. Andersen,  D. Barton,  K. Begam,  A. Behn,  
 Y. A. Bernard,  E. J. Berquist,  H. Burton,  A. Carreras,  K. Carter-Fenk,  
 Romit Chakraborty,  A. D. Chien,  K. D. Closser,  V. Cofer-Shabica,  
 S. Dasgupta,  Jia Deng,  M. de Wergifosse,  M. Diedenhofen,  Hainam Do,  
 S. Ehlert,  Po-Tung Fang,  S. Fatehi,  Qingguo Feng,  T. Friedhoff,  
 J. Gayvert,  Qinghui Ge,  G. Gidofalvi,  M. Goldey,  J. Gomes,  
 C. Gonzalez-Espinoza,  S. Gulania,  A. Gunina,  M. W. D. Hanson-Heine,  
 P. H. P. Harbach,  A. W. Hauser,  M. F. Herbst,  M. Hernandez Vera,  
 M. Hodecker,  Z. C. Holden,  S. Houck,  Xunkun Huang,  Kerwin Hui,  
 B. C. Huynh,  M. Ivanov,  Hyunjun Ji,  Hanjie Jiang,  B. Kaduk,  S. Kaehler,  
 K. Khistyaev,  Jaehoon Kim,  P. Klunzinger,  Z. Koczor-Benda,  
 Joong Hoon Koh,  D. Kosenkov,  L. Koulias,  T. Kowalczyk,  C. M. Krauter,  
 K. Kue,  A. Kunitsa,  T. Kus,  A. Landau,  K. V. Lawler,  D. Lefrancois,  
 S. Lehtola,  Rain Li,  Yi-Pei Li,  Jiashu Liang,  M. Liebenthal,  
 Hung-Hsuan Lin,  You-Sheng Lin,  Fenglai Liu,  Kuan-Yu Liu,  
 M. Loipersberger,  A. Luenser,  A. Manjanath,  P. Manohar,  E. Mansoor,  
 S. F. Manzer,  Shan-Ping Mao,  A. V. Marenich,  T. Markovich,  S. Mason,  
 S. A. Maurer,  P. F. McLaughlin,  M. F. S. J. Menger,  J.-M. Mewes,  
 S. A. Mewes,  P. Morgante,  J. W. Mullinax,  K. J. Oosterbaan,  G. Paran,  
 Alexander C. Paul,  Suranjan K. Paul,  F. Pavosevic,  Zheng Pei,  S. Prager,  
 E. I. Proynov,  E. Ramos,  B. Rana,  A. E. Rask,  A. Rettig,  R. M. Richard,  
 F. Rob,  E. Rossomme,  T. Scheele,  M. Scheurer,  M. Schneider,  
 N. Sergueev,  S. M. Sharada,  W. Skomorowski,  D. W. Small,  C. J. Stein,  
 Yu-Chuan Su,  E. J. Sundstrom,  Zhen Tao,  J. Thirman,  T. Tsuchimochi,  
 N. M. Tubman,  S. P. Veccham,  O. Vydrov,  J. Wenzel,  J. Witte,  A. Yamada,  
 Kun Yao,  S. Yeganeh,  S. R. Yost,  A. Zech,  Igor Ying Zhang,  Xing Zhang,  
 Yu Zhang,  D. Zuev,  A. Aspuru-Guzik,  A. T. Bell,  N. A. Besley,  
 K. B. Bravaya,  B. R. Brooks,  D. Casanova,  Jeng-Da Chai,  S. Coriani,  
 C. J. Cramer,  A. E. DePrince, III,  R. A. DiStasio Jr.,  A. Dreuw,  
 B. D. Dunietz,  T. R. Furlani,  W. A. Goddard III,  S. Grimme,  
 S. Hammes-Schiffer,  T. Head-Gordon,  W. J. Hehre,  Chao-Ping Hsu,  
 T.-C. Jagau,  Yousung Jung,  A. Klamt,  Jing Kong,  D. S. Lambrecht,  
 WanZhen Liang,  N. J. Mayhall,  C. W. McCurdy,  J. B. Neaton,  T. Neudecker,  
 C. Ochsenfeld,  J. A. Parkhill,  R. Peverati,  V. A. Rassolov,  Yihan Shao,  
 L. V. Slipchenko,  R. P. Steele,  J. E. Subotnik,  A. J. W. Thom,  
 A. Tkatchenko,  D. G. Truhlar,  T. Van Voorhis,  T. A. Wesolowski,  
 K. B. Whaley,  H. L. Woodcock III,  P. M. Zimmerman,  S. Faraji,  
 P. M. W. Gill,  M. Head-Gordon,  J. M. Herbert,  A. I. Krylov

 Additional authors since Version 5.4.0: 
 Chandrima Chakravarty,  L. Cunha,  R. Kang,  Yongbin Kim,  S. Kotaru,  
 Shaozhi Li,  Xiangyuan Li,  F. Matz,  A. Molle,  V. Parravicini,  
 Haisheng Ren,  Hengyuan Shen,  Yingli Su,  Hung-Yi Tsai,  C. Utku,  
 Fang Wang,  Jeff Yang,  F. Zeller

 Contributors to earlier versions of Q-Chem not listed above: 
 R. D. Adamson,  B. Austin,  R. Baer,  J. Baker,  G. J. O. Beran,  
 K. Brandhorst,  S. T. Brown,  E. F. C. Byrd,  Arup K. Chakraborty,  
 G. K. L. Chan,  Chun-Min Chang,  Yunqing Chen,  C.-L. Cheng,  
 Siu Hung Chien,  D. M. Chipman,  D. L. Crittenden,  H. Dachsel,  
 R. J. Doerksen,  A. D. Dutoi,  R. G. Edgar,  J. Fosso-Tande,  
 L. Fusti-Molnar,  D. Ghosh,  A. Ghysels,  A. Golubeva-Zadorozhnaya,  
 J. Gonthier,  M. S. Gordon,  S. R. Gwaltney,  G. Hawkins,  J. E. Herr,  
 A. Heyden,  S. Hirata,  E. G. Hohenstein,  G. Kedziora,  F. J. Keil,  
 C. Kelley,  Jihan Kim,  R. A. King,  R. Z. Khaliullin,  P. P. Korambath,  
 W. Kurlancheek,  A. Laurent,  A. M. Lee,  M. S. Lee,  S. V. Levchenko,  
 Ching Yeh Lin,  D. Liotard,  E. Livshits,  R. C. Lochan,  I. Lotan,  
 L. A. Martinez-Martinez,  P. E. Maslen,  N. Nair,  D. P. O'Neill,  
 D. Neuhauser,  E. Neuscamman,  C. M. Oana,  R. Olivares-Amaya,  R. Olson,  
 T. M. Perrine,  B. Peters,  P. A. Pieniazek,  A. Prociuk,  Y. M. Rhee,  
 J. Ritchie,  M. A. Rohrdanz,  E. Rosta,  N. J. Russ,  H. F. Schaefer III,  
 M. W. Schmidt,  N. E. Schultz,  S. Sharma,  N. Shenvi,  C. D. Sherrill,  
 A. C. Simmonett,  A. Sodt,  T. Stein,  D. Stuck,  K. S. Thanthiriwatte,  
 V. Vanovschi,  L. Vogt,  Tao Wang,  A. Warshel,  M. A. Watson,  
 C. F. Williams,  Q. Wu,  X. Xu,  Jun Yang,  W. Zhang,  Yan Zhao

   Please cite Q-Chem as follows:
  "Software for the frontiers of quantum chemistry:
   An overview of developments in the Q-Chem 5 package"
   J. Chem. Phys. 155, 084801 (2021)
   https://doi.org/10.1063/5.0055522 (open access)

 Q-Chem 5.4.2 for Intel X86 EM64T Linux

 Parts of Q-Chem use Armadillo 9.900.5 (Nocturnal Misbehaviour).
 http://arma.sourceforge.net/

 Q-Chem begins on Thu Jan  4 17:17:48 2024  

 Host: 
0

     Scratch files written to /scratch/qchem493347//
 Dec1321 |scratch|qcdevops|jenkins|workspace|build_RNUM 5684   
 Processing $rem in /home/kchung25/qchem/5.4.0/config/preferences:
 Processing $rem in /home/kchung25/.qchemrc:

 Q-Chem warning in module libgen/rem_setup.C, line 3079:

 Neither GIA nor STOLL is specified by user. Use STOLL as the default


 Checking the input file for inconsistencies... 	...done.

--------------------------------------------------------------
User input:
--------------------------------------------------------------
$molecule
-1 1
--
0 1
O      0.000000     0.000000     0.000000
H     -0.588538     0.756918     0.000000
H     -0.588538    -0.756918     0.000000
--
-1 1
Br     5.040000     0.000000     0.000000
$end

$rem
JOBTYPE          eda
EDA2             1
METHOD           wB97M-V
BASIS            def2-TZVPPD
SYMMETRY         false
MEM_TOTAL        50000
MEM_STATIC       10000
THRESH           14
SCF_CONVERGENCE  8
XC_GRID          000099000590
NL_GRID          1
EDA_CLS_DISP     true
FD_MAT_VEC_PROD  FALSE
$end
--------------------------------------------------------------
 ----------------------------------------------------------------
             Standard Nuclear Orientation (Angstroms)
    I     Atom           X                Y                Z
 ----------------------------------------------------------------
    1      O       0.0000000000     0.0000000000     3.8938427556
    2      H       0.7569180000    -0.0000000000     4.4823807556
    3      H      -0.7569180000     0.0000000000     4.4823807556
    4      Br     -0.0000000000    -0.0000000000    -1.1461572444
 ----------------------------------------------------------------
 Molecular Point Group                 C2v   NOp =  4
 Largest Abelian Subgroup              C2v   NOp =  4
 Nuclear Repulsion Energy =          45.10139529 hartrees
 There are       23 alpha and       23 beta electrons
 Requested basis set is def2-TZVPPD
 There are 47 shells and 131 basis functions

 Q-Chem warning in module libmdc/get_mega.C, line 171:

 Allowed MEM_STATIC has been capped at MEM_STATIC=8191.
 Reduce the value of MEM_STATIC to silence this warning.


 Total QAlloc Memory Limit  50000 MB
 Mega-Array Size      8007 MB
 MEM_STATIC part      8191 MB

                       Distance Matrix (Angstroms)
             O (  1)   H (  2)   H (  3)
   H (  2)  0.958802
   H (  3)  0.958802  1.513836
   Br(  4)  5.040000  5.679205  5.679205
 
 A cutoff of  1.0D-14 yielded    935 shell pairs
 There are      7241 function pairs (      9056 Cartesian)
 Smallest overlap matrix eigenvalue = 6.36E-04

 Scale SEOQF with 1.000000e-01/1.000000e-01/1.000000e-01

 Standard Electronic Orientation quadrupole field applied
 Nucleus-field energy     =    -0.0000000222 hartrees

 -----------------------------------------------------------------------
  General SCF calculation program by
  Eric Jon Sundstrom, Paul Horn, Yuezhi Mao, Dmitri Zuev, Alec White,
  David Stuck, Shaama M.S., Shane Yost, Joonho Lee, David Small,
  Daniel Levine, Susi Lehtola, Hugh Burton, Evgeny Epifanovsky,
  Bang C. Huynh
 -----------------------------------------------------------------------
================================================================
                 ALMO-EDA with the EDA2 driver                  
================================================================
 The second-generation ALMO-EDA (for DFT):                      
 P. R. Horn, Y. Mao and M. Head-Gordon, PCCP, 18, 23067 (2016)  
 Y. Mao et al. Annu. Rev. Phys. Chem. 72, 641 (2021)            
 Decomposition of the frozen energy:                            
 P. R. Horn, Y. Mao and M. Head-Gordon, JCP, 144, 114107 (2016) 
 FERF model for polarization:                                   
 P. R. Horn and M. Head-Gordon, JCP, 143, 114111 (2015)         
================================================================
 Using eda2 option set 1
 Option set summary: Frozen orbital wavefunction, initial wavefunction decomposition, and nDQ polarization.
--------------------------------
Printing EDA Options
--------------------------------
eda_child_super_basis      0
fragmo_guess_mode          0
child_mp                   1
child_mp_orders            232
cls_elec                   1
cls_disp                   1
scfmi_mode                 1
scfmi_occs                 0
scfmi_virts                0
frz_relax                  0
frz_relax_method           0
dc_pen_start               0
dc_pen_conv                0
dc_pen_increment           0
dc_pen_steps               0
dc_pen_thresh_factor       0
dc_pen_pre_newton_thresh   0
frz_ortho_decomp           1
frz_ortho_decomp_conv      6
plot_mo_ortho_frz          0
frgm_method                2
scfmi_freeze_ss            0
separate_rehyb             0
plot_diff_den              0
eda_nocv                   0
eda_vct_relax              1
disp_free_x                0
disp_free_c                0
eda_bsse                   0
eda_pct_a                  0
eda_covp                   0
--------------------------------
Attempting to make child job directory: /scratch/qchem493347//Frg1/
Attempting to make child job directory: /scratch/qchem493347//Frg2/
Creating input file /scratch/qchem493347/Frg1.input
using default PutDataFrgm: nothing
calling putenv with: QCSCRATCH=/scratch/qchem493347/ 
Spawning Job For Fragment 0
Done Job For Fragment 0
calling putenv with: QCSCRATCH=/scratch 
calling putenv with: QCTHREADS=6 
Creating input file /scratch/qchem493347/Frg2.input
using default PutDataFrgm: nothing
calling putenv with: QCSCRATCH=/scratch/qchem493347/ 
Spawning Job For Fragment 1
Done Job For Fragment 1
calling putenv with: QCSCRATCH=/scratch 
calling putenv with: QCTHREADS=6 
Doing General SCFMI
 Exchange:     0.1500 Hartree-Fock + 1.0000 wB97M-V + LR-HF
 Correlation:  1.0000 wB97M-V
 Using Euler-Maclaurin-Lebedev (99,590) quadrature formula
 Nonlocal Correlation:  VV10 with C = 0.0100 and b = 6.00 and scale = 1.00000
 Grid used for NLC:  SG-1 standard quadrature
performing fock build before subrot guess so that all methods have access
Printing subrot_rss_gen Method Specification:
Occupied Subspace Method is 0
Virtual Subspace Method is 0
Energy of the unrelaxed supersystem initial determinant -2650.523474037888
write pseudocanon occs and virts to disk
write pseudocanon orbital energies to disk
Tolerance of ortho_decomp_scf: 1.00e-06
GDM subspace size: 20
Beginning the Orthogonal Decomposition of the Initial Supersystem Wavefunction
    1   -2650.5302105683      5.25e-02     ortho_decomp Preconditoned Steepest Descent
    2   -2650.5305306130      2.45e-04     ortho_decomp BFGS Step
    3   -2650.5305307274      1.65e-05     ortho_decomp BFGS Step
    4   -2650.5305307277      3.31e-07     ortho_decomp 00000 Convergence criterion met
 Hartree-Fock
 Hartree-Fock
 Hartree-Fock
 Exchange:     0.1500 Hartree-Fock + 1.0000 wB97M-V + LR-HF
 Correlation:  1.0000 wB97M-V
 Using Euler-Maclaurin-Lebedev (99,590) quadrature formula
 Nonlocal Correlation:  VV10 with C = 0.0100 and b = 6.00 and scale = 1.00000
 Grid used for NLC:  SG-1 standard quadrature
 Long-range K will be added via erf
 Coulomb attenuation parameter = 0.3 bohr**(-1)
 Nonlocal correlation = 1.935295670096e-01
Doing General SCFMI
 Exchange:     0.1500 Hartree-Fock + 1.0000 wB97M-V + LR-HF
 Correlation:  1.0000 wB97M-V
 Using Euler-Maclaurin-Lebedev (99,590) quadrature formula
 Nonlocal Correlation:  VV10 with C = 0.0100 and b = 6.00 and scale = 1.00000
 Grid used for NLC:  SG-1 standard quadrature
performing fock build at end of subrot_r(subrot) constructor so that all methods have access
<S^2> of initial wavefunction before polarization iterations 0.0000000000
Beginning iterations for the determination of the polarized wavefunction
Energy prior to optimization (guess energy) = -2650.523474037886
Begin Timing: Total SCF Calculation
begin iterations for algorithm: DIIS         
the SCF tolerance is set to 1.00e-08
    1   -2650.5234740379      3.09e-04     00000 
    2   -2650.5239728861      1.63e-04     00000 
    3   -2650.5240243770      7.18e-05     00000 
    4   -2650.5240366202      1.51e-05     00000 
    5   -2650.5240376691      3.22e-06     00000 
    6   -2650.5240377489      1.06e-06     00000 
    7   -2650.5240377561      3.10e-07     00000 
    8   -2650.5240377567      1.35e-07     00000 
    9   -2650.5240377568      1.77e-08     00000 
   10   -2650.5240377568      2.86e-09     00000 Convergence criterion met
write pseudocanon occs and virts to disk
write pseudocanon orbital energies to disk
Timing for Total SCF: 8.00s (wall), 46.08s (cpu)
<S^2> of polarized wavefunction after polarization iterations 0.0000000000
relaxing scfmi constraint to allow all rotations in the entire AO span
Doing General SCFMI
 Exchange:     0.1500 Hartree-Fock + 1.0000 wB97M-V + LR-HF
 Correlation:  1.0000 wB97M-V
 Using Euler-Maclaurin-Lebedev (99,590) quadrature formula
 Nonlocal Correlation:  VV10 with C = 0.0100 and b = 6.00 and scale = 1.00000
 Grid used for NLC:  SG-1 standard quadrature
performing fock build at end of subrot_r(subrot) constructor so that all methods have access
<S^2> of polarized wavefunction before ct-allowed iterations 0.0000000000
Beginning iterations for the determination of the CT-Allowed wavefunction
Energy prior to optimization (guess energy) = -2650.524037756776
Begin Timing: Total SCF Calculation
begin iterations for algorithm: DIIS         
the SCF tolerance is set to 1.00e-08
    1   -2650.5240377568      2.38e-04     00000 
    2   -2650.5240778037      5.03e-06     00000 
    3   -2650.5240786455      1.10e-06     00000 
    4   -2650.5240786965      5.35e-07     00000 
    5   -2650.5240786985      1.19e-07     00000 
    6   -2650.5240786990      5.52e-08     00000 
    7   -2650.5240786990      1.50e-08     00000 
    8   -2650.5240786990      2.71e-09     00000 Convergence criterion met
write pseudocanon occs and virts to disk
write pseudocanon orbital energies to disk
Timing for Total SCF: 6.00s (wall), 35.56s (cpu)
<S^2> of ct_allowed wavefunction after ct-allowed iterations 0.0000000000

================================
        Results of EDA2         
================================
Basic EDA Quantities
--------------------
Fragment Energies (Ha):
1  -76.4363779947
2-2574.0946475099
--------------------
  E_prp (kJ/mol) = 0.0000
  E_frz (kJ/mol) = 19.8266
  E_pol (kJ/mol) = -1.4801
  E_vct (kJ/mol) = -0.1075
  E_int (kJ/mol) = 18.2391
--------------------


Decomposition of frozen interaction energy
--------------------
  --------------------
  Orthogonal Frozen Decomposition:
  --------------------
     E_elec   (ELEC)   (kJ/mol) = 19.6640
     E_pauli  (PAULI)  (kJ/mol) = 0.8957
     E_disp   (DISP)   (kJ/mol) = -0.7330
  --------------------
  Classical Frozen Decomposition:
  --------------------
     E_cls_elec  (CLS ELEC)  (kJ/mol) = 20.2314
     E_mod_pauli (MOD PAULI) (kJ/mol) = 0.2815 (FRZ - CLS ELEC - CLS DISP)
     E_cls_disp  (CLS DISP)  (kJ/mol) = -0.6863
  --------------------
--------------------

Simplified EDA Summary (kJ/mol)
--------------------
 PREPARATION      0.0000
 FROZEN           19.8266 (ELEC + PAULI + DISP)
[ELEC + PAULI = 20.5129, DISP = -0.6863]
 POLARIZATION    -1.4801
 CHARGE TRANSFER -0.1075
 TOTAL           18.2391     (PRP + FRZ + POL + CT)
--------------------
 
 --------------------------------------------------------------
             Orbital Energies (a.u.) and Symmetries
 --------------------------------------------------------------
 
 Alpha MOs, Restricted
 -- Occupied --                  
-483.20  -62.51  -56.19  -56.19  -56.19  -19.24   -8.59   -6.37
  1 A1    2 A1    1 B1    1 B2    3 A1    4 A1    5 A1    2 B1                 
 -6.366  -6.366  -2.449  -2.449  -2.449  -2.449  -2.449  -1.046
  2 B2    6 A1    7 A1    1 A2    3 B1    3 B2    8 A1    9 A1                 
 -0.573  -0.544  -0.402  -0.329  -0.113  -0.113  -0.113
 10 A1    4 B1   11 A1    4 B2    5 B1    5 B2   12 A1                         
 -- Virtual --                   
  0.116   0.164   0.197   0.211   0.215   0.218   0.232   0.283
 13 A1    6 B1    6 B2    7 B1   14 A1    7 B2   15 A1    8 B1                 
  0.291   0.315   0.339   0.339   0.353   0.384   0.384   0.391
 16 A1    2 A2   17 A1   18 A1    8 B2   19 A1    3 A2    9 B1                 
  0.409   0.410   0.414   0.461   0.472   0.563   0.583   0.625
  9 B2   20 A1   10 B1   11 B1   21 A1   12 B1   22 A1   10 B2                 
  0.640   0.640   0.651   0.671   0.685   0.783   0.785   0.790
 13 B1   11 B2   23 A1    4 A2   24 A1   25 A1    5 A2   14 B1                 
  0.792   0.796   0.815   0.860   0.860   0.862   1.030   1.119
 12 B2   26 A1   27 A1   28 A1   15 B1   13 B2   16 B1   29 A1                 
  1.131   1.140   1.200   1.274   1.337   1.450   1.500   1.848
  6 A2   30 A1   14 B2   31 A1   17 B1   18 B1   32 A1    7 A2                 
  1.848   1.856   1.859   1.878   1.910   1.910   1.910   1.910
 33 A1   15 B2   19 B1   34 A1   16 B2   20 B1    8 A2   35 A1                 
  1.911   1.911   1.913   2.024   2.028   2.030   2.040   2.083
 17 B2   21 B1   36 A1   18 B2   22 B1   19 B2   37 A1    9 A2                 
  2.181   2.242   2.347   2.617   2.842   2.971   3.220   3.277
 38 A1   39 A1   23 B1   40 A1   24 B1   20 B2   41 A1   21 B2                 
  3.373   3.492   3.560   3.562   3.570   3.795   3.968   4.000
 42 A1   25 B1   10 A2   43 A1   26 B1   27 B1   11 A2   22 B2                 
  4.103   4.191   4.287   4.330   4.392   4.515   4.515   4.520
 44 A1   12 A2   23 B2   45 A1   28 B1   13 A2   46 A1   24 B2                 
  4.523   4.540   4.838   4.890   5.078   5.301   5.814   6.382
 29 B1   47 A1   48 A1   30 B1   31 B1   49 A1   25 B2   50 A1                 
  6.642   6.695   6.756   6.779   6.850   6.991   7.150   7.631
 26 B2   14 A2   27 B2   32 B1   51 A1   15 A2   52 A1   33 B1                 
  7.659   7.737   7.923  44.381
 53 A1   34 B1   54 A1   55 A1                                                 
 
 Beta MOs, Restricted
 -- Occupied --                  
-483.20  -62.51  -56.19  -56.19  -56.19  -19.24   -8.59   -6.37
  1 A1    2 A1    1 B1    1 B2    3 A1    4 A1    5 A1    2 B1                 
 -6.366  -6.366  -2.449  -2.449  -2.449  -2.449  -2.449  -1.046
  2 B2    6 A1    7 A1    1 A2    3 B1    3 B2    8 A1    9 A1                 
 -0.573  -0.544  -0.402  -0.329  -0.113  -0.113  -0.113
 10 A1    4 B1   11 A1    4 B2    5 B1    5 B2   12 A1                         
 -- Virtual --                   
  0.116   0.164   0.197   0.211   0.215   0.218   0.232   0.283
 13 A1    6 B1    6 B2    7 B1   14 A1    7 B2   15 A1    8 B1                 
  0.291   0.315   0.339   0.339   0.353   0.384   0.384   0.391
 16 A1    2 A2   17 A1   18 A1    8 B2   19 A1    3 A2    9 B1                 
  0.409   0.410   0.414   0.461   0.472   0.563   0.583   0.625
  9 B2   20 A1   10 B1   11 B1   21 A1   12 B1   22 A1   10 B2                 
  0.640   0.640   0.651   0.671   0.685   0.783   0.785   0.790
 13 B1   11 B2   23 A1    4 A2   24 A1   25 A1    5 A2   14 B1                 
  0.792   0.796   0.815   0.860   0.860   0.862   1.030   1.119
 12 B2   26 A1   27 A1   28 A1   15 B1   13 B2   16 B1   29 A1                 
  1.131   1.140   1.200   1.274   1.337   1.450   1.500   1.848
  6 A2   30 A1   14 B2   31 A1   17 B1   18 B1   32 A1    7 A2                 
  1.848   1.856   1.859   1.878   1.910   1.910   1.910   1.910
 33 A1   15 B2   19 B1   34 A1   16 B2   20 B1    8 A2   35 A1                 
  1.911   1.911   1.913   2.024   2.028   2.030   2.040   2.083
 17 B2   21 B1   36 A1   18 B2   22 B1   19 B2   37 A1    9 A2                 
  2.181   2.242   2.347   2.617   2.842   2.971   3.220   3.277
 38 A1   39 A1   23 B1   40 A1   24 B1   20 B2   41 A1   21 B2                 
  3.373   3.492   3.560   3.562   3.570   3.795   3.968   4.000
 42 A1   25 B1   10 A2   43 A1   26 B1   27 B1   11 A2   22 B2                 
  4.103   4.191   4.287   4.330   4.392   4.515   4.515   4.520
 44 A1   12 A2   23 B2   45 A1   28 B1   13 A2   46 A1   24 B2                 
  4.523   4.540   4.838   4.890   5.078   5.301   5.814   6.382
 29 B1   47 A1   48 A1   30 B1   31 B1   49 A1   25 B2   50 A1                 
  6.642   6.695   6.756   6.779   6.850   6.991   7.150   7.631
 26 B2   14 A2   27 B2   32 B1   51 A1   15 A2   52 A1   33 B1                 
  7.659   7.737   7.923  44.381
 53 A1   34 B1   54 A1   55 A1                                                 
 --------------------------------------------------------------
 
          Ground-State Mulliken Net Atomic Charges

     Atom                 Charge (a.u.)
  ----------------------------------------
      1 O                    -0.298767
      2 H                     0.149710
      3 H                     0.149710
      4 Br                   -1.000654
  ----------------------------------------
  Sum of atomic charges =    -1.000000

 -----------------------------------------------------------------
                    Cartesian Multipole Moments
 -----------------------------------------------------------------
    Charge (ESU x 10^10)
                -4.8032
    Dipole Moment (Debye)
         X       0.0000      Y      -0.0000      Z       7.2806
       Tot       7.2806
    Quadrupole Moments (Debye-Ang)
        XX     -29.0428     XY      -0.0000     YY     -32.3277
        XZ      -0.0000     YZ      -0.0000     ZZ     -24.5506
    Octopole Moments (Debye-Ang^2)
       XXX      -0.0000    XXY      -0.0000    XYY       0.0000
       YYY      -0.0000    XXZ      11.0697    XYZ       0.0000
       YYZ      -3.2031    XZZ       0.0000    YZZ      -0.0000
       ZZZ      93.1469
    Hexadecapole Moments (Debye-Ang^3)
      XXXX     -56.5519   XXXY      -0.0000   XXYY     -19.3384
      XYYY      -0.0000   YYYY     -57.5916   XXXZ       0.0000
      XXYZ       0.0000   XYYZ      -0.0000   YYYZ       0.0000
      XXZZ    -115.4564   XYZZ      -0.0000   YYZZ    -177.4883
      XZZZ       0.0000   YZZZ      -0.0000   ZZZZ    -460.1424
 -----------------------------------------------------------------
 Total job time:  48.59s(wall), 158.63s(cpu) 
 Thu Jan  4 17:18:37 2024

        *************************************************************
        *                                                           *
        *  Thank you very much for using Q-Chem.  Have a nice day.  *
        *                                                           *
        *************************************************************


