
Running Job 1 of 1 113_2Na-Water_neq_2.00_almo.in
qchem 113_2Na-Water_neq_2.00_almo.in_497401.0 /scratch/qchem497401/ 6
/home/kchung25/qchem/5.4.0/exe/qcprog.exe_s 113_2Na-Water_neq_2.00_almo.in_497401.0 /scratch/qchem497401/
                  Welcome to Q-Chem
     A Quantum Leap Into The Future Of Chemistry


 Q-Chem 5.4, Q-Chem, Inc., Pleasanton, CA (2021)

 E. Epifanovsky,  A. T. B. Gilbert,  Xintian Feng,  Joonho Lee,  Yuezhi Mao,  
 N. Mardirossian,  P. Pokhilko,  A. White,  M. Wormit,  M. P. Coons,  
 A. L. Dempwolff,  Zhengting Gan,  D. Hait,  P. R. Horn,  L. D. Jacobson,  
 I. Kaliman,  J. Kussmann,  A. W. Lange,  Ka Un Lao,  D. S. Levine,  Jie Liu,  
 S. C. McKenzie,  A. F. Morrison,  K. Nanda,  F. Plasser,  D. R. Rehn,  
 M. L. Vidal,  Zhi-Qiang You,  Ying Zhu,  B. Alam,  B. Albrecht,  
 A. Aldossary,  E. Alguire,  J. H. Andersen,  D. Barton,  K. Begam,  A. Behn,  
 Y. A. Bernard,  E. J. Berquist,  H. Burton,  A. Carreras,  K. Carter-Fenk,  
 Romit Chakraborty,  A. D. Chien,  K. D. Closser,  V. Cofer-Shabica,  
 S. Dasgupta,  Jia Deng,  M. de Wergifosse,  M. Diedenhofen,  Hainam Do,  
 S. Ehlert,  Po-Tung Fang,  S. Fatehi,  Qingguo Feng,  T. Friedhoff,  
 J. Gayvert,  Qinghui Ge,  G. Gidofalvi,  M. Goldey,  J. Gomes,  
 C. Gonzalez-Espinoza,  S. Gulania,  A. Gunina,  M. W. D. Hanson-Heine,  
 P. H. P. Harbach,  A. W. Hauser,  M. F. Herbst,  M. Hernandez Vera,  
 M. Hodecker,  Z. C. Holden,  S. Houck,  Xunkun Huang,  Kerwin Hui,  
 B. C. Huynh,  M. Ivanov,  Hyunjun Ji,  Hanjie Jiang,  B. Kaduk,  S. Kaehler,  
 K. Khistyaev,  Jaehoon Kim,  P. Klunzinger,  Z. Koczor-Benda,  
 Joong Hoon Koh,  D. Kosenkov,  L. Koulias,  T. Kowalczyk,  C. M. Krauter,  
 K. Kue,  A. Kunitsa,  T. Kus,  A. Landau,  K. V. Lawler,  D. Lefrancois,  
 S. Lehtola,  Rain Li,  Yi-Pei Li,  Jiashu Liang,  M. Liebenthal,  
 Hung-Hsuan Lin,  You-Sheng Lin,  Fenglai Liu,  Kuan-Yu Liu,  
 M. Loipersberger,  A. Luenser,  A. Manjanath,  P. Manohar,  E. Mansoor,  
 S. F. Manzer,  Shan-Ping Mao,  A. V. Marenich,  T. Markovich,  S. Mason,  
 S. A. Maurer,  P. F. McLaughlin,  M. F. S. J. Menger,  J.-M. Mewes,  
 S. A. Mewes,  P. Morgante,  J. W. Mullinax,  K. J. Oosterbaan,  G. Paran,  
 Alexander C. Paul,  Suranjan K. Paul,  F. Pavosevic,  Zheng Pei,  S. Prager,  
 E. I. Proynov,  E. Ramos,  B. Rana,  A. E. Rask,  A. Rettig,  R. M. Richard,  
 F. Rob,  E. Rossomme,  T. Scheele,  M. Scheurer,  M. Schneider,  
 N. Sergueev,  S. M. Sharada,  W. Skomorowski,  D. W. Small,  C. J. Stein,  
 Yu-Chuan Su,  E. J. Sundstrom,  Zhen Tao,  J. Thirman,  T. Tsuchimochi,  
 N. M. Tubman,  S. P. Veccham,  O. Vydrov,  J. Wenzel,  J. Witte,  A. Yamada,  
 Kun Yao,  S. Yeganeh,  S. R. Yost,  A. Zech,  Igor Ying Zhang,  Xing Zhang,  
 Yu Zhang,  D. Zuev,  A. Aspuru-Guzik,  A. T. Bell,  N. A. Besley,  
 K. B. Bravaya,  B. R. Brooks,  D. Casanova,  Jeng-Da Chai,  S. Coriani,  
 C. J. Cramer,  A. E. DePrince, III,  R. A. DiStasio Jr.,  A. Dreuw,  
 B. D. Dunietz,  T. R. Furlani,  W. A. Goddard III,  S. Grimme,  
 S. Hammes-Schiffer,  T. Head-Gordon,  W. J. Hehre,  Chao-Ping Hsu,  
 T.-C. Jagau,  Yousung Jung,  A. Klamt,  Jing Kong,  D. S. Lambrecht,  
 WanZhen Liang,  N. J. Mayhall,  C. W. McCurdy,  J. B. Neaton,  T. Neudecker,  
 C. Ochsenfeld,  J. A. Parkhill,  R. Peverati,  V. A. Rassolov,  Yihan Shao,  
 L. V. Slipchenko,  R. P. Steele,  J. E. Subotnik,  A. J. W. Thom,  
 A. Tkatchenko,  D. G. Truhlar,  T. Van Voorhis,  T. A. Wesolowski,  
 K. B. Whaley,  H. L. Woodcock III,  P. M. Zimmerman,  S. Faraji,  
 P. M. W. Gill,  M. Head-Gordon,  J. M. Herbert,  A. I. Krylov

 Additional authors since Version 5.4.0: 
 Chandrima Chakravarty,  L. Cunha,  R. Kang,  Yongbin Kim,  S. Kotaru,  
 Shaozhi Li,  Xiangyuan Li,  F. Matz,  A. Molle,  V. Parravicini,  
 Haisheng Ren,  Hengyuan Shen,  Yingli Su,  Hung-Yi Tsai,  C. Utku,  
 Fang Wang,  Jeff Yang,  F. Zeller

 Contributors to earlier versions of Q-Chem not listed above: 
 R. D. Adamson,  B. Austin,  R. Baer,  J. Baker,  G. J. O. Beran,  
 K. Brandhorst,  S. T. Brown,  E. F. C. Byrd,  Arup K. Chakraborty,  
 G. K. L. Chan,  Chun-Min Chang,  Yunqing Chen,  C.-L. Cheng,  
 Siu Hung Chien,  D. M. Chipman,  D. L. Crittenden,  H. Dachsel,  
 R. J. Doerksen,  A. D. Dutoi,  R. G. Edgar,  J. Fosso-Tande,  
 L. Fusti-Molnar,  D. Ghosh,  A. Ghysels,  A. Golubeva-Zadorozhnaya,  
 J. Gonthier,  M. S. Gordon,  S. R. Gwaltney,  G. Hawkins,  J. E. Herr,  
 A. Heyden,  S. Hirata,  E. G. Hohenstein,  G. Kedziora,  F. J. Keil,  
 C. Kelley,  Jihan Kim,  R. A. King,  R. Z. Khaliullin,  P. P. Korambath,  
 W. Kurlancheek,  A. Laurent,  A. M. Lee,  M. S. Lee,  S. V. Levchenko,  
 Ching Yeh Lin,  D. Liotard,  E. Livshits,  R. C. Lochan,  I. Lotan,  
 L. A. Martinez-Martinez,  P. E. Maslen,  N. Nair,  D. P. O'Neill,  
 D. Neuhauser,  E. Neuscamman,  C. M. Oana,  R. Olivares-Amaya,  R. Olson,  
 T. M. Perrine,  B. Peters,  P. A. Pieniazek,  A. Prociuk,  Y. M. Rhee,  
 J. Ritchie,  M. A. Rohrdanz,  E. Rosta,  N. J. Russ,  H. F. Schaefer III,  
 M. W. Schmidt,  N. E. Schultz,  S. Sharma,  N. Shenvi,  C. D. Sherrill,  
 A. C. Simmonett,  A. Sodt,  T. Stein,  D. Stuck,  K. S. Thanthiriwatte,  
 V. Vanovschi,  L. Vogt,  Tao Wang,  A. Warshel,  M. A. Watson,  
 C. F. Williams,  Q. Wu,  X. Xu,  Jun Yang,  W. Zhang,  Yan Zhao

   Please cite Q-Chem as follows:
  "Software for the frontiers of quantum chemistry:
   An overview of developments in the Q-Chem 5 package"
   J. Chem. Phys. 155, 084801 (2021)
   https://doi.org/10.1063/5.0055522 (open access)

 Q-Chem 5.4.2 for Intel X86 EM64T Linux

 Parts of Q-Chem use Armadillo 9.900.5 (Nocturnal Misbehaviour).
 http://arma.sourceforge.net/

 Q-Chem begins on Thu Jan  4 18:24:09 2024  

 Host: 
0

     Scratch files written to /scratch/qchem497401//
 Dec1321 |scratch|qcdevops|jenkins|workspace|build_RNUM 5684   
 Processing $rem in /home/kchung25/qchem/5.4.0/config/preferences:
 Processing $rem in /home/kchung25/.qchemrc:

 Q-Chem warning in module libgen/rem_setup.C, line 3079:

 Neither GIA nor STOLL is specified by user. Use STOLL as the default


 Checking the input file for inconsistencies... 	...done.

--------------------------------------------------------------
User input:
--------------------------------------------------------------
$molecule
2 1
--
0 1
O      0.000000     0.000000     0.000000
H     -0.588538     0.000000     0.756918
H     -0.588538     0.000000    -0.756918
--
2 1
Na     3.422397     3.422397     0.000000
Na     3.422397    -3.422397     0.000000
$end

$rem
JOBTYPE          eda
EDA2             1
METHOD           wB97M-V
BASIS            def2-TZVPPD
SYMMETRY         false
MEM_TOTAL        50000
MEM_STATIC       10000
THRESH           14
SCF_CONVERGENCE  8
XC_GRID          000099000590
NL_GRID          1
EDA_CLS_DISP     true
FD_MAT_VEC_PROD  FALSE
$end
--------------------------------------------------------------
 ----------------------------------------------------------------
             Standard Nuclear Orientation (Angstroms)
    I     Atom           X                Y                Z
 ----------------------------------------------------------------
    1      O       0.0000000000     0.0000000000    -2.3161143125
    2      H       0.0000000000     0.7569180000    -2.9046523125
    3      H       0.0000000000    -0.7569180000    -2.9046523125
    4      Na      3.4223970000    -0.0000000000     1.1062826875
    5      Na     -3.4223970000     0.0000000000     1.1062826875
 ----------------------------------------------------------------
 Molecular Point Group                 C2v   NOp =  4
 Largest Abelian Subgroup              C2v   NOp =  4
 Nuclear Repulsion Energy =          42.14880385 hartrees
 There are       15 alpha and       15 beta electrons
 Requested basis set is def2-TZVPPD
 There are 54 shells and 144 basis functions

 Q-Chem warning in module libmdc/get_mega.C, line 171:

 Allowed MEM_STATIC has been capped at MEM_STATIC=8191.
 Reduce the value of MEM_STATIC to silence this warning.


 Total QAlloc Memory Limit  50000 MB
 Mega-Array Size      8007 MB
 MEM_STATIC part      8191 MB

                       Distance Matrix (Angstroms)
             O (  1)   H (  2)   H (  3)   Na(  4)
   H (  2)  0.958802
   H (  3)  0.958802  1.513836
   Na(  4)  4.840000  5.326662  5.326662
   Na(  5)  4.840000  5.326662  5.326662  6.844794
 
 A cutoff of  1.0D-14 yielded   1270 shell pairs
 There are      9136 function pairs (     10982 Cartesian)
 Smallest overlap matrix eigenvalue = 6.12E-04

 Scale SEOQF with 1.000000e-02/1.000000e-01/1.000000e-01

 Standard Electronic Orientation quadrupole field applied
 Nucleus-field energy     =    -0.0000000083 hartrees

 -----------------------------------------------------------------------
  General SCF calculation program by
  Eric Jon Sundstrom, Paul Horn, Yuezhi Mao, Dmitri Zuev, Alec White,
  David Stuck, Shaama M.S., Shane Yost, Joonho Lee, David Small,
  Daniel Levine, Susi Lehtola, Hugh Burton, Evgeny Epifanovsky,
  Bang C. Huynh
 -----------------------------------------------------------------------
================================================================
                 ALMO-EDA with the EDA2 driver                  
================================================================
 The second-generation ALMO-EDA (for DFT):                      
 P. R. Horn, Y. Mao and M. Head-Gordon, PCCP, 18, 23067 (2016)  
 Y. Mao et al. Annu. Rev. Phys. Chem. 72, 641 (2021)            
 Decomposition of the frozen energy:                            
 P. R. Horn, Y. Mao and M. Head-Gordon, JCP, 144, 114107 (2016) 
 FERF model for polarization:                                   
 P. R. Horn and M. Head-Gordon, JCP, 143, 114111 (2015)         
================================================================
 Using eda2 option set 1
 Option set summary: Frozen orbital wavefunction, initial wavefunction decomposition, and nDQ polarization.
--------------------------------
Printing EDA Options
--------------------------------
eda_child_super_basis      0
fragmo_guess_mode          0
child_mp                   1
child_mp_orders            232
cls_elec                   1
cls_disp                   1
scfmi_mode                 1
scfmi_occs                 0
scfmi_virts                0
frz_relax                  0
frz_relax_method           0
dc_pen_start               0
dc_pen_conv                0
dc_pen_increment           0
dc_pen_steps               0
dc_pen_thresh_factor       0
dc_pen_pre_newton_thresh   0
frz_ortho_decomp           1
frz_ortho_decomp_conv      6
plot_mo_ortho_frz          0
frgm_method                2
scfmi_freeze_ss            0
separate_rehyb             0
plot_diff_den              0
eda_nocv                   0
eda_vct_relax              1
disp_free_x                0
disp_free_c                0
eda_bsse                   0
eda_pct_a                  0
eda_covp                   0
--------------------------------
Attempting to make child job directory: /scratch/qchem497401//Frg1/
Attempting to make child job directory: /scratch/qchem497401//Frg2/
Creating input file /scratch/qchem497401/Frg1.input
using default PutDataFrgm: nothing
calling putenv with: QCSCRATCH=/scratch/qchem497401/ 
Spawning Job For Fragment 0
Done Job For Fragment 0
calling putenv with: QCSCRATCH=/scratch 
calling putenv with: QCTHREADS=6 
Creating input file /scratch/qchem497401/Frg2.input
using default PutDataFrgm: nothing
calling putenv with: QCSCRATCH=/scratch/qchem497401/ 
Spawning Job For Fragment 1
Done Job For Fragment 1
calling putenv with: QCSCRATCH=/scratch 
calling putenv with: QCTHREADS=6 
Doing General SCFMI
 Exchange:     0.1500 Hartree-Fock + 1.0000 wB97M-V + LR-HF
 Correlation:  1.0000 wB97M-V
 Using Euler-Maclaurin-Lebedev (99,590) quadrature formula
 Nonlocal Correlation:  VV10 with C = 0.0100 and b = 6.00 and scale = 1.00000
 Grid used for NLC:  SG-1 standard quadrature
performing fock build before subrot guess so that all methods have access
Printing subrot_rss_gen Method Specification:
Occupied Subspace Method is 0
Virtual Subspace Method is 0
Energy of the unrelaxed supersystem initial determinant -400.510726020450
write pseudocanon occs and virts to disk
write pseudocanon orbital energies to disk
Tolerance of ortho_decomp_scf: 1.00e-06
GDM subspace size: 20
Beginning the Orthogonal Decomposition of the Initial Supersystem Wavefunction
    1    -400.4965319073      5.41e-03     ortho_decomp Preconditoned Steepest Descent
    2    -400.4965344403      2.81e-05     ortho_decomp BFGS Step
    3    -400.4965344410      6.92e-07     ortho_decomp 00000 Convergence criterion met
 Hartree-Fock
 Hartree-Fock
 Hartree-Fock
 Exchange:     0.1500 Hartree-Fock + 1.0000 wB97M-V + LR-HF
 Correlation:  1.0000 wB97M-V
 Using Euler-Maclaurin-Lebedev (99,590) quadrature formula
 Nonlocal Correlation:  VV10 with C = 0.0100 and b = 6.00 and scale = 1.00000
 Grid used for NLC:  SG-1 standard quadrature
 Long-range K will be added via erf
 Coulomb attenuation parameter = 0.3 bohr**(-1)
 Nonlocal correlation = 1.323964282058e-01
Doing General SCFMI
 Exchange:     0.1500 Hartree-Fock + 1.0000 wB97M-V + LR-HF
 Correlation:  1.0000 wB97M-V
 Using Euler-Maclaurin-Lebedev (99,590) quadrature formula
 Nonlocal Correlation:  VV10 with C = 0.0100 and b = 6.00 and scale = 1.00000
 Grid used for NLC:  SG-1 standard quadrature
performing fock build at end of subrot_r(subrot) constructor so that all methods have access
<S^2> of initial wavefunction before polarization iterations 0.0000000000
Beginning iterations for the determination of the polarized wavefunction
Energy prior to optimization (guess energy) = -400.510726020450
Begin Timing: Total SCF Calculation
begin iterations for algorithm: DIIS         
the SCF tolerance is set to 1.00e-08
    1    -400.5107260204      4.43e-04     00000 
    2    -400.5120347958      1.93e-04     00000 
    3    -400.5121338391      1.09e-04     00000 
    4    -400.5121651933      1.91e-05     00000 
    5    -400.5121677086      3.77e-06     00000 
    6    -400.5121678362      6.16e-07     00000 
    7    -400.5121678409      6.06e-08     00000 
    8    -400.5121678409      9.78e-09     00000 Convergence criterion met
write pseudocanon occs and virts to disk
write pseudocanon orbital energies to disk
Timing for Total SCF: 6.00s (wall), 36.63s (cpu)
<S^2> of polarized wavefunction after polarization iterations 0.0000000000
relaxing scfmi constraint to allow all rotations in the entire AO span
Doing General SCFMI
 Exchange:     0.1500 Hartree-Fock + 1.0000 wB97M-V + LR-HF
 Correlation:  1.0000 wB97M-V
 Using Euler-Maclaurin-Lebedev (99,590) quadrature formula
 Nonlocal Correlation:  VV10 with C = 0.0100 and b = 6.00 and scale = 1.00000
 Grid used for NLC:  SG-1 standard quadrature
performing fock build at end of subrot_r(subrot) constructor so that all methods have access
<S^2> of polarized wavefunction before ct-allowed iterations 0.0000000000
Beginning iterations for the determination of the CT-Allowed wavefunction
Energy prior to optimization (guess energy) = -400.512167840940
Begin Timing: Total SCF Calculation
begin iterations for algorithm: DIIS         
the SCF tolerance is set to 1.00e-08
    1    -400.5121678409      9.48e-05     00000 
    2    -400.5122114200      6.42e-06     00000 
    3    -400.5122132379      1.93e-06     00000 
    4    -400.5122133603      1.61e-06     00000 
    5    -400.5122133815      1.34e-07     00000 
    6    -400.5122133824      2.33e-08     00000 
    7    -400.5122133824      8.13e-09     00000 Convergence criterion met
write pseudocanon occs and virts to disk
write pseudocanon orbital energies to disk
Timing for Total SCF: 5.00s (wall), 31.87s (cpu)
<S^2> of ct_allowed wavefunction after ct-allowed iterations 0.0000000000

================================
        Results of EDA2         
================================
Basic EDA Quantities
--------------------
Fragment Energies (Ha):
1  -76.4363779945
2 -324.0601654700
--------------------
  E_prp (kJ/mol) = -0.0000
  E_frz (kJ/mol) = -37.2367
  E_pol (kJ/mol) = -3.7855
  E_vct (kJ/mol) = -0.1196
  E_int (kJ/mol) = -41.1419
--------------------


Decomposition of frozen interaction energy
--------------------
  --------------------
  Orthogonal Frozen Decomposition:
  --------------------
     E_elec   (ELEC)   (kJ/mol) = -37.1531
     E_pauli  (PAULI)  (kJ/mol) = 0.0170
     E_disp   (DISP)   (kJ/mol) = -0.1007
  --------------------
  Classical Frozen Decomposition:
  --------------------
     E_cls_elec  (CLS ELEC)  (kJ/mol) = -37.1517
     E_mod_pauli (MOD PAULI) (kJ/mol) = 0.0141 (FRZ - CLS ELEC - CLS DISP)
     E_cls_disp  (CLS DISP)  (kJ/mol) = -0.0991
  --------------------
--------------------

Simplified EDA Summary (kJ/mol)
--------------------
 PREPARATION      -0.0000
 FROZEN           -37.2367 (ELEC + PAULI + DISP)
[ELEC + PAULI = -37.1377, DISP = -0.0991]
 POLARIZATION    -3.7855
 CHARGE TRANSFER -0.1196
 TOTAL           -41.1419     (PRP + FRZ + POL + CT)
--------------------
 
 --------------------------------------------------------------
             Orbital Energies (a.u.) and Symmetries
 --------------------------------------------------------------
 
 Alpha MOs, Restricted
 -- Occupied --                  
-39.080 -39.080 -19.550  -2.720  -2.720  -1.621  -1.621  -1.621
  1 B1    1 A1    2 A1    2 B1    3 A1    4 A1    3 B1    1 A2                 
 -1.621  -1.621  -1.621  -1.356  -0.853  -0.722  -0.643
  1 B2    5 A1    4 B1    6 A1    2 B2    7 A1    5 B1                         
 -- Virtual --                   
 -0.290  -0.282  -0.211  -0.200  -0.200  -0.192  -0.191  -0.182
  8 A1    6 B1    9 A1   10 A1    3 B2    7 B1    2 A2    8 B1                 
 -0.149  -0.128  -0.123  -0.119  -0.107  -0.106  -0.103  -0.103
 11 A1   12 A1    4 B2    9 B1   13 A1    5 B2   14 A1   10 B1                 
 -0.101  -0.092  -0.081  -0.076  -0.042  -0.039  -0.026  -0.024
  3 A2   11 B1   15 A1   12 B1   16 A1    6 B2    4 A2   17 A1                 
 -0.023  -0.022  -0.021  -0.020  -0.015  -0.010  -0.003  -0.001
  7 B2   13 B1   14 B1    5 A2   18 A1    8 B2   15 B1   19 A1                 
  0.000   0.012   0.021   0.030   0.038   0.052   0.073   0.100
  6 A2   20 A1   16 B1    9 B2   17 B1    7 A2   21 A1   22 A1                 
  0.135   0.140   0.164   0.180   0.258   0.284   0.301   0.361
 10 B2   23 A1   18 B1   11 B2   12 B2   24 A1   19 B1    8 A2                 
  0.381   0.506   0.544   0.559   0.571   0.715   0.790   0.795
 25 A1   26 A1   13 B2   27 A1   20 B1   14 B2    9 A2   28 A1                 
  0.799   0.799   0.800   0.801   0.811   0.813   0.822   0.825
 29 A1   15 B2   10 A2   21 B1   22 B1   16 B2   30 A1   23 B1                 
  0.845   0.856   0.932   0.942   0.993   0.995   0.999   0.999
 11 A2   31 A1   24 B1   32 A1   17 B2   33 A1   25 B1   12 A2                 
  1.014   1.016   1.043   1.166   1.213   1.725   1.773   1.866
 34 A1   26 B1   18 B2   19 B2   35 A1   27 B1   13 A2   36 A1                 
  1.941   2.035   2.322   2.534   2.671   2.905   2.975   3.071
 37 A1   20 B2   38 A1   21 B2   28 B1   39 A1   29 B1   40 A1                 
  3.189   3.221   3.223   3.260   3.264   3.271   3.493   3.666
 22 B2   30 B1   41 A1   14 A2   42 A1   23 B2   24 B2   15 A2                 
  3.717   3.792   3.890   3.985   4.027   4.093   4.532   4.589
 31 B1   43 A1   16 A2   32 B1   44 A1   25 B2   45 A1   26 B2                 
  4.772   5.001   5.446   5.447   5.447   5.447   5.448   5.450
 27 B2   46 A1   28 B2   47 A1   17 A2   33 B1   18 A2   48 A1                 
  5.452   5.452   5.461   5.464   5.502   6.078   6.332   6.384
 34 B1   29 B2   35 B1   49 A1   36 B1   50 A1   37 B1   19 A2                 
  6.450   6.466   6.535   6.677   6.841   7.316   7.431   7.618
 38 B1   30 B2   51 A1   20 A2   52 A1   31 B2   32 B2   53 A1                 
 44.071
 54 A1                                                                         
 
 Beta MOs, Restricted
 -- Occupied --                  
-39.080 -39.080 -19.550  -2.720  -2.720  -1.621  -1.621  -1.621
  1 B1    1 A1    2 A1    2 B1    3 A1    4 A1    3 B1    1 A2                 
 -1.621  -1.621  -1.621  -1.356  -0.853  -0.722  -0.643
  1 B2    5 A1    4 B1    6 A1    2 B2    7 A1    5 B1                         
 -- Virtual --                   
 -0.290  -0.282  -0.211  -0.200  -0.200  -0.192  -0.191  -0.182
  8 A1    6 B1    9 A1   10 A1    3 B2    7 B1    2 A2    8 B1                 
 -0.149  -0.128  -0.123  -0.119  -0.107  -0.106  -0.103  -0.103
 11 A1   12 A1    4 B2    9 B1   13 A1    5 B2   14 A1   10 B1                 
 -0.101  -0.092  -0.081  -0.076  -0.042  -0.039  -0.026  -0.024
  3 A2   11 B1   15 A1   12 B1   16 A1    6 B2    4 A2   17 A1                 
 -0.023  -0.022  -0.021  -0.020  -0.015  -0.010  -0.003  -0.001
  7 B2   13 B1   14 B1    5 A2   18 A1    8 B2   15 B1   19 A1                 
  0.000   0.012   0.021   0.030   0.038   0.052   0.073   0.100
  6 A2   20 A1   16 B1    9 B2   17 B1    7 A2   21 A1   22 A1                 
  0.135   0.140   0.164   0.180   0.258   0.284   0.301   0.361
 10 B2   23 A1   18 B1   11 B2   12 B2   24 A1   19 B1    8 A2                 
  0.381   0.506   0.544   0.559   0.571   0.715   0.790   0.795
 25 A1   26 A1   13 B2   27 A1   20 B1   14 B2    9 A2   28 A1                 
  0.799   0.799   0.800   0.801   0.811   0.813   0.822   0.825
 29 A1   15 B2   10 A2   21 B1   22 B1   16 B2   30 A1   23 B1                 
  0.845   0.856   0.932   0.942   0.993   0.995   0.999   0.999
 11 A2   31 A1   24 B1   32 A1   17 B2   33 A1   25 B1   12 A2                 
  1.014   1.016   1.043   1.166   1.213   1.725   1.773   1.866
 34 A1   26 B1   18 B2   19 B2   35 A1   27 B1   13 A2   36 A1                 
  1.941   2.035   2.322   2.534   2.671   2.905   2.975   3.071
 37 A1   20 B2   38 A1   21 B2   28 B1   39 A1   29 B1   40 A1                 
  3.189   3.221   3.223   3.260   3.264   3.271   3.493   3.666
 22 B2   30 B1   41 A1   14 A2   42 A1   23 B2   24 B2   15 A2                 
  3.717   3.792   3.890   3.985   4.027   4.093   4.532   4.589
 31 B1   43 A1   16 A2   32 B1   44 A1   25 B2   45 A1   26 B2                 
  4.772   5.001   5.446   5.447   5.447   5.447   5.448   5.450
 27 B2   46 A1   28 B2   47 A1   17 A2   33 B1   18 A2   48 A1                 
  5.452   5.452   5.461   5.464   5.502   6.078   6.332   6.384
 34 B1   29 B2   35 B1   49 A1   36 B1   50 A1   37 B1   19 A2                 
  6.450   6.466   6.535   6.677   6.841   7.316   7.431   7.618
 38 B1   30 B2   51 A1   20 A2   52 A1   31 B2   32 B2   53 A1                 
 44.071
 54 A1                                                                         
 --------------------------------------------------------------
 
          Ground-State Mulliken Net Atomic Charges

     Atom                 Charge (a.u.)
  ----------------------------------------
      1 O                    -0.379700
      2 H                     0.190004
      3 H                     0.190004
      4 Na                    0.999846
      5 Na                    0.999846
  ----------------------------------------
  Sum of atomic charges =     2.000000

 -----------------------------------------------------------------
                    Cartesian Multipole Moments
 -----------------------------------------------------------------
    Charge (ESU x 10^10)
                 9.6064
    Dipole Moment (Debye)
         X       0.0000      Y      -0.0000      Z       8.3240
       Tot       8.3240
    Quadrupole Moments (Debye-Ang)
        XX      98.9041     XY      -0.0000     YY     -10.2635
        XZ       0.0000     YZ       0.0000     ZZ      10.5606
    Octopole Moments (Debye-Ang^2)
       XXX       0.0000    XXY       0.0000    XYY       0.0000
       YYY      -0.0000    XXZ     136.8209    XYZ      -0.0000
       YYZ       2.6776    XZZ       0.0000    YZZ      -0.0000
       ZZZ      -1.4679
    Hexadecapole Moments (Debye-Ang^3)
      XXXX     899.7308   XXXY      -0.0000   XXYY     -71.9569
      XYYY      -0.0000   YYYY      -8.4270   XXXZ       0.0000
      XXYZ       0.0000   XYYZ       0.0000   YYYZ       0.0000
      XXZZ      14.2173   XYZZ      -0.0000   YYZZ     -28.3803
      XZZZ       0.0000   YZZZ       0.0000   ZZZZ    -120.7864
 -----------------------------------------------------------------
 Total job time:  42.92s(wall), 133.97s(cpu) 
 Thu Jan  4 18:24:52 2024

        *************************************************************
        *                                                           *
        *  Thank you very much for using Q-Chem.  Have a nice day.  *
        *                                                           *
        *************************************************************


