
Running Job 1 of 1 115_2F-Water_neq_2.00_almo.in
qchem 115_2F-Water_neq_2.00_almo.in_498525.0 /scratch/qchem498525/ 6
/home/kchung25/qchem/5.4.0/exe/qcprog.exe_s 115_2F-Water_neq_2.00_almo.in_498525.0 /scratch/qchem498525/
                  Welcome to Q-Chem
     A Quantum Leap Into The Future Of Chemistry


 Q-Chem 5.4, Q-Chem, Inc., Pleasanton, CA (2021)

 E. Epifanovsky,  A. T. B. Gilbert,  Xintian Feng,  Joonho Lee,  Yuezhi Mao,  
 N. Mardirossian,  P. Pokhilko,  A. White,  M. Wormit,  M. P. Coons,  
 A. L. Dempwolff,  Zhengting Gan,  D. Hait,  P. R. Horn,  L. D. Jacobson,  
 I. Kaliman,  J. Kussmann,  A. W. Lange,  Ka Un Lao,  D. S. Levine,  Jie Liu,  
 S. C. McKenzie,  A. F. Morrison,  K. Nanda,  F. Plasser,  D. R. Rehn,  
 M. L. Vidal,  Zhi-Qiang You,  Ying Zhu,  B. Alam,  B. Albrecht,  
 A. Aldossary,  E. Alguire,  J. H. Andersen,  D. Barton,  K. Begam,  A. Behn,  
 Y. A. Bernard,  E. J. Berquist,  H. Burton,  A. Carreras,  K. Carter-Fenk,  
 Romit Chakraborty,  A. D. Chien,  K. D. Closser,  V. Cofer-Shabica,  
 S. Dasgupta,  Jia Deng,  M. de Wergifosse,  M. Diedenhofen,  Hainam Do,  
 S. Ehlert,  Po-Tung Fang,  S. Fatehi,  Qingguo Feng,  T. Friedhoff,  
 J. Gayvert,  Qinghui Ge,  G. Gidofalvi,  M. Goldey,  J. Gomes,  
 C. Gonzalez-Espinoza,  S. Gulania,  A. Gunina,  M. W. D. Hanson-Heine,  
 P. H. P. Harbach,  A. W. Hauser,  M. F. Herbst,  M. Hernandez Vera,  
 M. Hodecker,  Z. C. Holden,  S. Houck,  Xunkun Huang,  Kerwin Hui,  
 B. C. Huynh,  M. Ivanov,  Hyunjun Ji,  Hanjie Jiang,  B. Kaduk,  S. Kaehler,  
 K. Khistyaev,  Jaehoon Kim,  P. Klunzinger,  Z. Koczor-Benda,  
 Joong Hoon Koh,  D. Kosenkov,  L. Koulias,  T. Kowalczyk,  C. M. Krauter,  
 K. Kue,  A. Kunitsa,  T. Kus,  A. Landau,  K. V. Lawler,  D. Lefrancois,  
 S. Lehtola,  Rain Li,  Yi-Pei Li,  Jiashu Liang,  M. Liebenthal,  
 Hung-Hsuan Lin,  You-Sheng Lin,  Fenglai Liu,  Kuan-Yu Liu,  
 M. Loipersberger,  A. Luenser,  A. Manjanath,  P. Manohar,  E. Mansoor,  
 S. F. Manzer,  Shan-Ping Mao,  A. V. Marenich,  T. Markovich,  S. Mason,  
 S. A. Maurer,  P. F. McLaughlin,  M. F. S. J. Menger,  J.-M. Mewes,  
 S. A. Mewes,  P. Morgante,  J. W. Mullinax,  K. J. Oosterbaan,  G. Paran,  
 Alexander C. Paul,  Suranjan K. Paul,  F. Pavosevic,  Zheng Pei,  S. Prager,  
 E. I. Proynov,  E. Ramos,  B. Rana,  A. E. Rask,  A. Rettig,  R. M. Richard,  
 F. Rob,  E. Rossomme,  T. Scheele,  M. Scheurer,  M. Schneider,  
 N. Sergueev,  S. M. Sharada,  W. Skomorowski,  D. W. Small,  C. J. Stein,  
 Yu-Chuan Su,  E. J. Sundstrom,  Zhen Tao,  J. Thirman,  T. Tsuchimochi,  
 N. M. Tubman,  S. P. Veccham,  O. Vydrov,  J. Wenzel,  J. Witte,  A. Yamada,  
 Kun Yao,  S. Yeganeh,  S. R. Yost,  A. Zech,  Igor Ying Zhang,  Xing Zhang,  
 Yu Zhang,  D. Zuev,  A. Aspuru-Guzik,  A. T. Bell,  N. A. Besley,  
 K. B. Bravaya,  B. R. Brooks,  D. Casanova,  Jeng-Da Chai,  S. Coriani,  
 C. J. Cramer,  A. E. DePrince, III,  R. A. DiStasio Jr.,  A. Dreuw,  
 B. D. Dunietz,  T. R. Furlani,  W. A. Goddard III,  S. Grimme,  
 S. Hammes-Schiffer,  T. Head-Gordon,  W. J. Hehre,  Chao-Ping Hsu,  
 T.-C. Jagau,  Yousung Jung,  A. Klamt,  Jing Kong,  D. S. Lambrecht,  
 WanZhen Liang,  N. J. Mayhall,  C. W. McCurdy,  J. B. Neaton,  T. Neudecker,  
 C. Ochsenfeld,  J. A. Parkhill,  R. Peverati,  V. A. Rassolov,  Yihan Shao,  
 L. V. Slipchenko,  R. P. Steele,  J. E. Subotnik,  A. J. W. Thom,  
 A. Tkatchenko,  D. G. Truhlar,  T. Van Voorhis,  T. A. Wesolowski,  
 K. B. Whaley,  H. L. Woodcock III,  P. M. Zimmerman,  S. Faraji,  
 P. M. W. Gill,  M. Head-Gordon,  J. M. Herbert,  A. I. Krylov

 Additional authors since Version 5.4.0: 
 Chandrima Chakravarty,  L. Cunha,  R. Kang,  Yongbin Kim,  S. Kotaru,  
 Shaozhi Li,  Xiangyuan Li,  F. Matz,  A. Molle,  V. Parravicini,  
 Haisheng Ren,  Hengyuan Shen,  Yingli Su,  Hung-Yi Tsai,  C. Utku,  
 Fang Wang,  Jeff Yang,  F. Zeller

 Contributors to earlier versions of Q-Chem not listed above: 
 R. D. Adamson,  B. Austin,  R. Baer,  J. Baker,  G. J. O. Beran,  
 K. Brandhorst,  S. T. Brown,  E. F. C. Byrd,  Arup K. Chakraborty,  
 G. K. L. Chan,  Chun-Min Chang,  Yunqing Chen,  C.-L. Cheng,  
 Siu Hung Chien,  D. M. Chipman,  D. L. Crittenden,  H. Dachsel,  
 R. J. Doerksen,  A. D. Dutoi,  R. G. Edgar,  J. Fosso-Tande,  
 L. Fusti-Molnar,  D. Ghosh,  A. Ghysels,  A. Golubeva-Zadorozhnaya,  
 J. Gonthier,  M. S. Gordon,  S. R. Gwaltney,  G. Hawkins,  J. E. Herr,  
 A. Heyden,  S. Hirata,  E. G. Hohenstein,  G. Kedziora,  F. J. Keil,  
 C. Kelley,  Jihan Kim,  R. A. King,  R. Z. Khaliullin,  P. P. Korambath,  
 W. Kurlancheek,  A. Laurent,  A. M. Lee,  M. S. Lee,  S. V. Levchenko,  
 Ching Yeh Lin,  D. Liotard,  E. Livshits,  R. C. Lochan,  I. Lotan,  
 L. A. Martinez-Martinez,  P. E. Maslen,  N. Nair,  D. P. O'Neill,  
 D. Neuhauser,  E. Neuscamman,  C. M. Oana,  R. Olivares-Amaya,  R. Olson,  
 T. M. Perrine,  B. Peters,  P. A. Pieniazek,  A. Prociuk,  Y. M. Rhee,  
 J. Ritchie,  M. A. Rohrdanz,  E. Rosta,  N. J. Russ,  H. F. Schaefer III,  
 M. W. Schmidt,  N. E. Schultz,  S. Sharma,  N. Shenvi,  C. D. Sherrill,  
 A. C. Simmonett,  A. Sodt,  T. Stein,  D. Stuck,  K. S. Thanthiriwatte,  
 V. Vanovschi,  L. Vogt,  Tao Wang,  A. Warshel,  M. A. Watson,  
 C. F. Williams,  Q. Wu,  X. Xu,  Jun Yang,  W. Zhang,  Yan Zhao

   Please cite Q-Chem as follows:
  "Software for the frontiers of quantum chemistry:
   An overview of developments in the Q-Chem 5 package"
   J. Chem. Phys. 155, 084801 (2021)
   https://doi.org/10.1063/5.0055522 (open access)

 Q-Chem 5.4.2 for Intel X86 EM64T Linux

 Parts of Q-Chem use Armadillo 9.900.5 (Nocturnal Misbehaviour).
 http://arma.sourceforge.net/

 Q-Chem begins on Thu Jan  4 18:37:49 2024  

 Host: 
0

     Scratch files written to /scratch/qchem498525//
 Dec1321 |scratch|qcdevops|jenkins|workspace|build_RNUM 5684   
 Processing $rem in /home/kchung25/qchem/5.4.0/config/preferences:
 Processing $rem in /home/kchung25/.qchemrc:

 Q-Chem warning in module libgen/rem_setup.C, line 3079:

 Neither GIA nor STOLL is specified by user. Use STOLL as the default


 Checking the input file for inconsistencies... 	...done.

--------------------------------------------------------------
User input:
--------------------------------------------------------------
$molecule
-2 1
--
0 1
O      0.000000     0.000000     0.000000
H      0.588538     0.756918     0.000000
H      0.588538    -0.756918     0.000000
--
-2 1
F      3.860803     3.860803     0.000000
F      3.860803    -3.860803     0.000000
$end

$rem
JOBTYPE          eda
EDA2             1
METHOD           wB97M-V
BASIS            def2-TZVPPD
SYMMETRY         false
MEM_TOTAL        50000
MEM_STATIC       10000
THRESH           14
SCF_CONVERGENCE  8
XC_GRID          000099000590
NL_GRID          1
EDA_CLS_DISP     true
FD_MAT_VEC_PROD  FALSE
$end
--------------------------------------------------------------
 ----------------------------------------------------------------
             Standard Nuclear Orientation (Angstroms)
    I     Atom           X                Y                Z
 ----------------------------------------------------------------
    1      O      -0.0000000000    -0.0000000000     2.5239832143
    2      H      -0.7569180000    -0.0000000000     1.9354452143
    3      H       0.7569180000     0.0000000000     1.9354452143
    4      F      -3.8608030000    -0.0000000000    -1.3368197857
    5      F       3.8608030000     0.0000000000    -1.3368197857
 ----------------------------------------------------------------
 Molecular Point Group                 C2v   NOp =  4
 Largest Abelian Subgroup              C2v   NOp =  4
 Nuclear Repulsion Energy =          32.48255413 hartrees
 There are       15 alpha and       15 beta electrons
 Requested basis set is def2-TZVPPD
 There are 56 shells and 154 basis functions

 Q-Chem warning in module libmdc/get_mega.C, line 171:

 Allowed MEM_STATIC has been capped at MEM_STATIC=8191.
 Reduce the value of MEM_STATIC to silence this warning.


 Total QAlloc Memory Limit  50000 MB
 Mega-Array Size      8007 MB
 MEM_STATIC part      8191 MB

                       Distance Matrix (Angstroms)
             O (  1)   H (  2)   H (  3)   F (  4)
   H (  2)  0.958802
   H (  3)  0.958802  1.513836
   F (  4)  5.460000  4.510191  5.659599
   F (  5)  5.460000  5.659599  4.510191  7.721606
 
 A cutoff of  1.0D-14 yielded   1189 shell pairs
 There are      8475 function pairs (     10527 Cartesian)
 Smallest overlap matrix eigenvalue = 6.13E-04

 Scale SEOQF with 1.000000e-01/1.000000e-01/1.000000e-01

 Standard Electronic Orientation quadrupole field applied

 -----------------------------------------------------------------------
  General SCF calculation program by
  Eric Jon Sundstrom, Paul Horn, Yuezhi Mao, Dmitri Zuev, Alec White,
  David Stuck, Shaama M.S., Shane Yost, Joonho Lee, David Small,
  Daniel Levine, Susi Lehtola, Hugh Burton, Evgeny Epifanovsky,
  Bang C. Huynh
 -----------------------------------------------------------------------
================================================================
                 ALMO-EDA with the EDA2 driver                  
================================================================
 The second-generation ALMO-EDA (for DFT):                      
 P. R. Horn, Y. Mao and M. Head-Gordon, PCCP, 18, 23067 (2016)  
 Y. Mao et al. Annu. Rev. Phys. Chem. 72, 641 (2021)            
 Decomposition of the frozen energy:                            
 P. R. Horn, Y. Mao and M. Head-Gordon, JCP, 144, 114107 (2016) 
 FERF model for polarization:                                   
 P. R. Horn and M. Head-Gordon, JCP, 143, 114111 (2015)         
================================================================
 Using eda2 option set 1
 Option set summary: Frozen orbital wavefunction, initial wavefunction decomposition, and nDQ polarization.
--------------------------------
Printing EDA Options
--------------------------------
eda_child_super_basis      0
fragmo_guess_mode          0
child_mp                   1
child_mp_orders            232
cls_elec                   1
cls_disp                   1
scfmi_mode                 1
scfmi_occs                 0
scfmi_virts                0
frz_relax                  0
frz_relax_method           0
dc_pen_start               0
dc_pen_conv                0
dc_pen_increment           0
dc_pen_steps               0
dc_pen_thresh_factor       0
dc_pen_pre_newton_thresh   0
frz_ortho_decomp           1
frz_ortho_decomp_conv      6
plot_mo_ortho_frz          0
frgm_method                2
scfmi_freeze_ss            0
separate_rehyb             0
plot_diff_den              0
eda_nocv                   0
eda_vct_relax              1
disp_free_x                0
disp_free_c                0
eda_bsse                   0
eda_pct_a                  0
eda_covp                   0
--------------------------------
Attempting to make child job directory: /scratch/qchem498525//Frg1/
Attempting to make child job directory: /scratch/qchem498525//Frg2/
Creating input file /scratch/qchem498525/Frg1.input
using default PutDataFrgm: nothing
calling putenv with: QCSCRATCH=/scratch/qchem498525/ 
Spawning Job For Fragment 0
Done Job For Fragment 0
calling putenv with: QCSCRATCH=/scratch 
calling putenv with: QCTHREADS=6 
Creating input file /scratch/qchem498525/Frg2.input
using default PutDataFrgm: nothing
calling putenv with: QCSCRATCH=/scratch/qchem498525/ 
Spawning Job For Fragment 1
Done Job For Fragment 1
calling putenv with: QCSCRATCH=/scratch 
calling putenv with: QCTHREADS=6 
Doing General SCFMI
 Exchange:     0.1500 Hartree-Fock + 1.0000 wB97M-V + LR-HF
 Correlation:  1.0000 wB97M-V
 Using Euler-Maclaurin-Lebedev (99,590) quadrature formula
 Nonlocal Correlation:  VV10 with C = 0.0100 and b = 6.00 and scale = 1.00000
 Grid used for NLC:  SG-1 standard quadrature
performing fock build before subrot guess so that all methods have access
Printing subrot_rss_gen Method Specification:
Occupied Subspace Method is 0
Virtual Subspace Method is 0
Energy of the unrelaxed supersystem initial determinant -276.120374771080
write pseudocanon occs and virts to disk
write pseudocanon orbital energies to disk
Tolerance of ortho_decomp_scf: 1.00e-06
GDM subspace size: 20
Beginning the Orthogonal Decomposition of the Initial Supersystem Wavefunction
    1    -276.1079543824      4.51e-03     ortho_decomp Preconditoned Steepest Descent
    2    -276.1079697563      1.47e-04     ortho_decomp BFGS Step
    3    -276.1079697814      7.42e-07     ortho_decomp 00000 Convergence criterion met
 Hartree-Fock
 Hartree-Fock
 Hartree-Fock
 Exchange:     0.1500 Hartree-Fock + 1.0000 wB97M-V + LR-HF
 Correlation:  1.0000 wB97M-V
 Using Euler-Maclaurin-Lebedev (99,590) quadrature formula
 Nonlocal Correlation:  VV10 with C = 0.0100 and b = 6.00 and scale = 1.00000
 Grid used for NLC:  SG-1 standard quadrature
 Long-range K will be added via erf
 Coulomb attenuation parameter = 0.3 bohr**(-1)
 Nonlocal correlation = 1.285669219933e-01
Doing General SCFMI
 Exchange:     0.1500 Hartree-Fock + 1.0000 wB97M-V + LR-HF
 Correlation:  1.0000 wB97M-V
 Using Euler-Maclaurin-Lebedev (99,590) quadrature formula
 Nonlocal Correlation:  VV10 with C = 0.0100 and b = 6.00 and scale = 1.00000
 Grid used for NLC:  SG-1 standard quadrature
performing fock build at end of subrot_r(subrot) constructor so that all methods have access
<S^2> of initial wavefunction before polarization iterations 0.0000000000
Beginning iterations for the determination of the polarized wavefunction
Energy prior to optimization (guess energy) = -276.120374771080
Begin Timing: Total SCF Calculation
begin iterations for algorithm: DIIS         
the SCF tolerance is set to 1.00e-08
    1    -276.1203747711      3.32e-04     00000 
    2    -276.1212433602      1.51e-04     00000 
    3    -276.1213150110      8.26e-05     00000 
    4    -276.1213377658      1.48e-05     00000 
    5    -276.1213398537      3.33e-06     00000 
    6    -276.1213399961      1.20e-06     00000 
    7    -276.1213400033      8.24e-07     00000 
    8    -276.1213400061      5.16e-08     00000 
    9    -276.1213400061      1.09e-08     00000 
   10    -276.1213400061      1.83e-09     00000 Convergence criterion met
write pseudocanon occs and virts to disk
write pseudocanon orbital energies to disk
Timing for Total SCF: 7.00s (wall), 42.16s (cpu)
<S^2> of polarized wavefunction after polarization iterations 0.0000000000
relaxing scfmi constraint to allow all rotations in the entire AO span
Doing General SCFMI
 Exchange:     0.1500 Hartree-Fock + 1.0000 wB97M-V + LR-HF
 Correlation:  1.0000 wB97M-V
 Using Euler-Maclaurin-Lebedev (99,590) quadrature formula
 Nonlocal Correlation:  VV10 with C = 0.0100 and b = 6.00 and scale = 1.00000
 Grid used for NLC:  SG-1 standard quadrature
performing fock build at end of subrot_r(subrot) constructor so that all methods have access
<S^2> of polarized wavefunction before ct-allowed iterations 0.0000000000
Beginning iterations for the determination of the CT-Allowed wavefunction
Energy prior to optimization (guess energy) = -276.121340006109
Begin Timing: Total SCF Calculation
begin iterations for algorithm: DIIS         
the SCF tolerance is set to 1.00e-08
    1    -276.1213400061      7.83e-05     00000 
    2    -276.1213787927      5.77e-06     00000 
    3    -276.1213813877      2.02e-06     00000 
    4    -276.1213816796      2.07e-06     00000 
    5    -276.1213817241      2.29e-07     00000 
    6    -276.1213817273      1.44e-07     00000 
    7    -276.1213817276      2.97e-08     00000 
    8    -276.1213817277      4.79e-09     00000 Convergence criterion met
write pseudocanon occs and virts to disk
write pseudocanon orbital energies to disk
Timing for Total SCF: 5.00s (wall), 33.06s (cpu)
<S^2> of ct_allowed wavefunction after ct-allowed iterations 0.0000000000

================================
        Results of EDA2         
================================
Basic EDA Quantities
--------------------
Fragment Energies (Ha):
1  -76.4363779942
2 -199.6717853284
--------------------
  E_prp (kJ/mol) = 0.0000
  E_frz (kJ/mol) = -32.0615
  E_pol (kJ/mol) = -2.5343
  E_vct (kJ/mol) = -0.1095
  E_int (kJ/mol) = -34.7053
--------------------


Decomposition of frozen interaction energy
--------------------
  --------------------
  Orthogonal Frozen Decomposition:
  --------------------
     E_elec   (ELEC)   (kJ/mol) = -31.9643
     E_pauli  (PAULI)  (kJ/mol) = 0.3694
     E_disp   (DISP)   (kJ/mol) = -0.4667
  --------------------
  Classical Frozen Decomposition:
  --------------------
     E_cls_elec  (CLS ELEC)  (kJ/mol) = -31.6589
     E_mod_pauli (MOD PAULI) (kJ/mol) = 0.0178 (FRZ - CLS ELEC - CLS DISP)
     E_cls_disp  (CLS DISP)  (kJ/mol) = -0.4204
  --------------------
--------------------

Simplified EDA Summary (kJ/mol)
--------------------
 PREPARATION      0.0000
 FROZEN           -32.0615 (ELEC + PAULI + DISP)
[ELEC + PAULI = -31.6412, DISP = -0.4204]
 POLARIZATION    -2.5343
 CHARGE TRANSFER -0.1095
 TOTAL           -34.7053     (PRP + FRZ + POL + CT)
--------------------
 
 --------------------------------------------------------------
             Orbital Energies (a.u.) and Symmetries
 --------------------------------------------------------------
 
 Alpha MOs, Restricted
 -- Occupied --                  
-24.404 -24.404 -19.138  -0.944  -0.777  -0.777  -0.442  -0.308
  1 B1    1 A1    2 A1    3 A1    2 B1    4 A1    3 B1    5 A1                 
 -0.231  -0.042  -0.042  -0.042  -0.042  -0.042  -0.042
  1 B2    6 A1    4 B1    2 B2    1 A2    7 A1    5 B1                         
 -- Virtual --                   
  0.249   0.268   0.276   0.278   0.382   0.390   0.402   0.410
  8 A1    6 B1    3 B2    9 A1    7 B1   10 A1    2 A2    4 B2                 
  0.419   0.422   0.432   0.436   0.452   0.456   0.467   0.473
  8 B1   11 A1    9 B1   12 A1    3 A2   13 A1   14 A1    5 B2                 
  0.486   0.550   0.594   0.596   0.666   0.682   0.693   0.752
 10 B1   11 B1   15 A1   12 B1   16 A1   13 B1    6 B2   17 A1                 
  0.767   0.894   0.898   0.903   0.903   0.903   0.903   0.907
  4 A2   18 A1    7 B2   19 A1    5 A2   14 B1    8 B2   20 A1                 
  0.908   0.911   0.924   0.927   0.976   0.979   1.003   1.142
 15 B1    6 A2   16 B1   21 A1    9 B2   22 A1   17 B1   18 B1                 
  1.171   1.172   1.173   1.177   1.186   1.190   1.236   1.259
 23 A1   10 B2    7 A2   19 B1   24 A1   20 B1    8 A2   25 A1                 
  1.303   1.347   1.367   1.387   1.450   1.586   1.623   2.118
 11 B2   26 A1   21 B1   27 A1   22 B1   23 B1   28 A1   12 B2                 
  2.186   2.252   2.343   2.454   2.723   2.794   2.794   2.794
  9 A2   29 A1   30 A1   24 B1   31 A1   13 B2   32 A1   10 A2                 
  2.794   2.794   2.796   2.796   2.796   2.808   2.814   2.980
 25 B1   14 B2   11 A2   33 A1   26 B1   27 B1   34 A1   28 B1                 
  3.073   3.341   3.384   3.482   3.607   3.670   3.684   3.688
 15 B2   35 A1   16 B2   36 A1   29 B1   12 A2   30 B1   37 A1                 
  3.866   3.866   3.868   3.869   3.881   3.882   3.902   4.073
 38 A1   17 B2   13 A2   31 B1   39 A1   32 B1   33 B1   14 A2                 
  4.106   4.202   4.300   4.393   4.420   4.428   4.445   4.506
 18 B2   40 A1   15 A2   19 B2   41 A1   34 B1   42 A1   35 B1                 
  4.942   4.998   5.183   5.409   5.913   6.485   6.742   6.797
 43 A1   36 B1   37 B1   44 A1   20 B2   45 A1   21 B2   16 A2                 
  6.852   6.878   6.933   7.090   7.256   7.486   7.486   7.486
 22 B2   38 B1   46 A1   17 A2   47 A1   23 B2   18 A2   48 A1                 
  7.486   7.486   7.486   7.486   7.486   7.486   7.486   7.487
 39 B1   40 B1   49 A1   24 B2   19 A2   50 A1   41 B1   20 A2                 
  7.487   7.487   7.487   7.737   7.852   8.024   9.050   9.050
 25 B2   51 A1   42 B1   43 B1   44 B1   52 A1   26 B2   53 A1                 
  9.050   9.050   9.050   9.050   9.051   9.051   9.061   9.064
 21 A2   45 B1   27 B2   22 A2   54 A1   46 B1   55 A1   47 B1                 
 44.531  57.660  57.663
 56 A1   57 A1   48 B1                                                         
 
 Beta MOs, Restricted
 -- Occupied --                  
-24.404 -24.404 -19.138  -0.944  -0.777  -0.777  -0.442  -0.308
  1 B1    1 A1    2 A1    3 A1    2 B1    4 A1    3 B1    5 A1                 
 -0.231  -0.042  -0.042  -0.042  -0.042  -0.042  -0.042
  1 B2    6 A1    4 B1    2 B2    1 A2    7 A1    5 B1                         
 -- Virtual --                   
  0.249   0.268   0.276   0.278   0.382   0.390   0.402   0.410
  8 A1    6 B1    3 B2    9 A1    7 B1   10 A1    2 A2    4 B2                 
  0.419   0.422   0.432   0.436   0.452   0.456   0.467   0.473
  8 B1   11 A1    9 B1   12 A1    3 A2   13 A1   14 A1    5 B2                 
  0.486   0.550   0.594   0.596   0.666   0.682   0.693   0.752
 10 B1   11 B1   15 A1   12 B1   16 A1   13 B1    6 B2   17 A1                 
  0.767   0.894   0.898   0.903   0.903   0.903   0.903   0.907
  4 A2   18 A1    7 B2   19 A1    5 A2   14 B1    8 B2   20 A1                 
  0.908   0.911   0.924   0.927   0.976   0.979   1.003   1.142
 15 B1    6 A2   16 B1   21 A1    9 B2   22 A1   17 B1   18 B1                 
  1.171   1.172   1.173   1.177   1.186   1.190   1.236   1.259
 23 A1   10 B2    7 A2   19 B1   24 A1   20 B1    8 A2   25 A1                 
  1.303   1.347   1.367   1.387   1.450   1.586   1.623   2.118
 11 B2   26 A1   21 B1   27 A1   22 B1   23 B1   28 A1   12 B2                 
  2.186   2.252   2.343   2.454   2.723   2.794   2.794   2.794
  9 A2   29 A1   30 A1   24 B1   31 A1   13 B2   32 A1   10 A2                 
  2.794   2.794   2.796   2.796   2.796   2.808   2.814   2.980
 25 B1   14 B2   11 A2   33 A1   26 B1   27 B1   34 A1   28 B1                 
  3.073   3.341   3.384   3.482   3.607   3.670   3.684   3.688
 15 B2   35 A1   16 B2   36 A1   29 B1   12 A2   30 B1   37 A1                 
  3.866   3.866   3.868   3.869   3.881   3.882   3.902   4.073
 38 A1   17 B2   13 A2   31 B1   39 A1   32 B1   33 B1   14 A2                 
  4.106   4.202   4.300   4.393   4.420   4.428   4.445   4.506
 18 B2   40 A1   15 A2   19 B2   41 A1   34 B1   42 A1   35 B1                 
  4.942   4.998   5.183   5.409   5.913   6.485   6.742   6.797
 43 A1   36 B1   37 B1   44 A1   20 B2   45 A1   21 B2   16 A2                 
  6.852   6.878   6.933   7.090   7.256   7.486   7.486   7.486
 22 B2   38 B1   46 A1   17 A2   47 A1   23 B2   18 A2   48 A1                 
  7.486   7.486   7.486   7.486   7.486   7.486   7.486   7.487
 39 B1   40 B1   49 A1   24 B2   19 A2   50 A1   41 B1   20 A2                 
  7.487   7.487   7.487   7.737   7.852   8.024   9.050   9.050
 25 B2   51 A1   42 B1   43 B1   44 B1   52 A1   26 B2   53 A1                 
  9.050   9.050   9.050   9.050   9.051   9.051   9.061   9.064
 21 A2   45 B1   27 B2   22 A2   54 A1   46 B1   55 A1   47 B1                 
 44.531  57.660  57.663
 56 A1   57 A1   48 B1                                                         
 --------------------------------------------------------------
 
          Ground-State Mulliken Net Atomic Charges

     Atom                 Charge (a.u.)
  ----------------------------------------
      1 O                    -0.389183
      2 H                     0.193882
      3 H                     0.193882
      4 F                    -0.999290
      5 F                    -0.999290
  ----------------------------------------
  Sum of atomic charges =    -2.000000

 -----------------------------------------------------------------
                    Cartesian Multipole Moments
 -----------------------------------------------------------------
    Charge (ESU x 10^10)
                -9.6064
    Dipole Moment (Debye)
         X       0.0000      Y       0.0000      Z      10.5687
       Tot      10.5687
    Quadrupole Moments (Debye-Ang)
        XX    -164.9443     XY       0.0000     YY     -23.8471
        XZ      -0.0000     YZ       0.0000     ZZ     -50.0832
    Octopole Moments (Debye-Ang^2)
       XXX       0.0000    XXY       0.0000    XYY       0.0000
       YYY       0.0000    XXZ     201.6614    XYZ       0.0000
       YYZ       1.8283    XZZ       0.0000    YZZ       0.0000
       ZZZ      -0.0961
    Hexadecapole Moments (Debye-Ang^3)
      XXXX   -3635.7925   XXXY      -0.0000   XXYY    -249.0940
      XYYY      -0.0000   YYYY     -31.7328   XXXZ       0.0000
      XXYZ      -0.0000   XYYZ      -0.0000   YYYZ       0.0000
      XXZZ    -566.9410   XYZZ       0.0000   YYZZ     -86.7777
      XZZZ       0.0000   YZZZ       0.0000   ZZZZ    -595.4523
 -----------------------------------------------------------------
 Total job time:  45.56s(wall), 133.39s(cpu) 
 Thu Jan  4 18:38:34 2024

        *************************************************************
        *                                                           *
        *  Thank you very much for using Q-Chem.  Have a nice day.  *
        *                                                           *
        *************************************************************


