
Running Job 1 of 1 116_2Cl-Water_neq_1.20_almo.in
qchem 116_2Cl-Water_neq_1.20_almo.in_498782.0 /scratch/qchem498782/ 6
/home/kchung25/qchem/5.4.0/exe/qcprog.exe_s 116_2Cl-Water_neq_1.20_almo.in_498782.0 /scratch/qchem498782/
                  Welcome to Q-Chem
     A Quantum Leap Into The Future Of Chemistry


 Q-Chem 5.4, Q-Chem, Inc., Pleasanton, CA (2021)

 E. Epifanovsky,  A. T. B. Gilbert,  Xintian Feng,  Joonho Lee,  Yuezhi Mao,  
 N. Mardirossian,  P. Pokhilko,  A. White,  M. Wormit,  M. P. Coons,  
 A. L. Dempwolff,  Zhengting Gan,  D. Hait,  P. R. Horn,  L. D. Jacobson,  
 I. Kaliman,  J. Kussmann,  A. W. Lange,  Ka Un Lao,  D. S. Levine,  Jie Liu,  
 S. C. McKenzie,  A. F. Morrison,  K. Nanda,  F. Plasser,  D. R. Rehn,  
 M. L. Vidal,  Zhi-Qiang You,  Ying Zhu,  B. Alam,  B. Albrecht,  
 A. Aldossary,  E. Alguire,  J. H. Andersen,  D. Barton,  K. Begam,  A. Behn,  
 Y. A. Bernard,  E. J. Berquist,  H. Burton,  A. Carreras,  K. Carter-Fenk,  
 Romit Chakraborty,  A. D. Chien,  K. D. Closser,  V. Cofer-Shabica,  
 S. Dasgupta,  Jia Deng,  M. de Wergifosse,  M. Diedenhofen,  Hainam Do,  
 S. Ehlert,  Po-Tung Fang,  S. Fatehi,  Qingguo Feng,  T. Friedhoff,  
 J. Gayvert,  Qinghui Ge,  G. Gidofalvi,  M. Goldey,  J. Gomes,  
 C. Gonzalez-Espinoza,  S. Gulania,  A. Gunina,  M. W. D. Hanson-Heine,  
 P. H. P. Harbach,  A. W. Hauser,  M. F. Herbst,  M. Hernandez Vera,  
 M. Hodecker,  Z. C. Holden,  S. Houck,  Xunkun Huang,  Kerwin Hui,  
 B. C. Huynh,  M. Ivanov,  Hyunjun Ji,  Hanjie Jiang,  B. Kaduk,  S. Kaehler,  
 K. Khistyaev,  Jaehoon Kim,  P. Klunzinger,  Z. Koczor-Benda,  
 Joong Hoon Koh,  D. Kosenkov,  L. Koulias,  T. Kowalczyk,  C. M. Krauter,  
 K. Kue,  A. Kunitsa,  T. Kus,  A. Landau,  K. V. Lawler,  D. Lefrancois,  
 S. Lehtola,  Rain Li,  Yi-Pei Li,  Jiashu Liang,  M. Liebenthal,  
 Hung-Hsuan Lin,  You-Sheng Lin,  Fenglai Liu,  Kuan-Yu Liu,  
 M. Loipersberger,  A. Luenser,  A. Manjanath,  P. Manohar,  E. Mansoor,  
 S. F. Manzer,  Shan-Ping Mao,  A. V. Marenich,  T. Markovich,  S. Mason,  
 S. A. Maurer,  P. F. McLaughlin,  M. F. S. J. Menger,  J.-M. Mewes,  
 S. A. Mewes,  P. Morgante,  J. W. Mullinax,  K. J. Oosterbaan,  G. Paran,  
 Alexander C. Paul,  Suranjan K. Paul,  F. Pavosevic,  Zheng Pei,  S. Prager,  
 E. I. Proynov,  E. Ramos,  B. Rana,  A. E. Rask,  A. Rettig,  R. M. Richard,  
 F. Rob,  E. Rossomme,  T. Scheele,  M. Scheurer,  M. Schneider,  
 N. Sergueev,  S. M. Sharada,  W. Skomorowski,  D. W. Small,  C. J. Stein,  
 Yu-Chuan Su,  E. J. Sundstrom,  Zhen Tao,  J. Thirman,  T. Tsuchimochi,  
 N. M. Tubman,  S. P. Veccham,  O. Vydrov,  J. Wenzel,  J. Witte,  A. Yamada,  
 Kun Yao,  S. Yeganeh,  S. R. Yost,  A. Zech,  Igor Ying Zhang,  Xing Zhang,  
 Yu Zhang,  D. Zuev,  A. Aspuru-Guzik,  A. T. Bell,  N. A. Besley,  
 K. B. Bravaya,  B. R. Brooks,  D. Casanova,  Jeng-Da Chai,  S. Coriani,  
 C. J. Cramer,  A. E. DePrince, III,  R. A. DiStasio Jr.,  A. Dreuw,  
 B. D. Dunietz,  T. R. Furlani,  W. A. Goddard III,  S. Grimme,  
 S. Hammes-Schiffer,  T. Head-Gordon,  W. J. Hehre,  Chao-Ping Hsu,  
 T.-C. Jagau,  Yousung Jung,  A. Klamt,  Jing Kong,  D. S. Lambrecht,  
 WanZhen Liang,  N. J. Mayhall,  C. W. McCurdy,  J. B. Neaton,  T. Neudecker,  
 C. Ochsenfeld,  J. A. Parkhill,  R. Peverati,  V. A. Rassolov,  Yihan Shao,  
 L. V. Slipchenko,  R. P. Steele,  J. E. Subotnik,  A. J. W. Thom,  
 A. Tkatchenko,  D. G. Truhlar,  T. Van Voorhis,  T. A. Wesolowski,  
 K. B. Whaley,  H. L. Woodcock III,  P. M. Zimmerman,  S. Faraji,  
 P. M. W. Gill,  M. Head-Gordon,  J. M. Herbert,  A. I. Krylov

 Additional authors since Version 5.4.0: 
 Chandrima Chakravarty,  L. Cunha,  R. Kang,  Yongbin Kim,  S. Kotaru,  
 Shaozhi Li,  Xiangyuan Li,  F. Matz,  A. Molle,  V. Parravicini,  
 Haisheng Ren,  Hengyuan Shen,  Yingli Su,  Hung-Yi Tsai,  C. Utku,  
 Fang Wang,  Jeff Yang,  F. Zeller

 Contributors to earlier versions of Q-Chem not listed above: 
 R. D. Adamson,  B. Austin,  R. Baer,  J. Baker,  G. J. O. Beran,  
 K. Brandhorst,  S. T. Brown,  E. F. C. Byrd,  Arup K. Chakraborty,  
 G. K. L. Chan,  Chun-Min Chang,  Yunqing Chen,  C.-L. Cheng,  
 Siu Hung Chien,  D. M. Chipman,  D. L. Crittenden,  H. Dachsel,  
 R. J. Doerksen,  A. D. Dutoi,  R. G. Edgar,  J. Fosso-Tande,  
 L. Fusti-Molnar,  D. Ghosh,  A. Ghysels,  A. Golubeva-Zadorozhnaya,  
 J. Gonthier,  M. S. Gordon,  S. R. Gwaltney,  G. Hawkins,  J. E. Herr,  
 A. Heyden,  S. Hirata,  E. G. Hohenstein,  G. Kedziora,  F. J. Keil,  
 C. Kelley,  Jihan Kim,  R. A. King,  R. Z. Khaliullin,  P. P. Korambath,  
 W. Kurlancheek,  A. Laurent,  A. M. Lee,  M. S. Lee,  S. V. Levchenko,  
 Ching Yeh Lin,  D. Liotard,  E. Livshits,  R. C. Lochan,  I. Lotan,  
 L. A. Martinez-Martinez,  P. E. Maslen,  N. Nair,  D. P. O'Neill,  
 D. Neuhauser,  E. Neuscamman,  C. M. Oana,  R. Olivares-Amaya,  R. Olson,  
 T. M. Perrine,  B. Peters,  P. A. Pieniazek,  A. Prociuk,  Y. M. Rhee,  
 J. Ritchie,  M. A. Rohrdanz,  E. Rosta,  N. J. Russ,  H. F. Schaefer III,  
 M. W. Schmidt,  N. E. Schultz,  S. Sharma,  N. Shenvi,  C. D. Sherrill,  
 A. C. Simmonett,  A. Sodt,  T. Stein,  D. Stuck,  K. S. Thanthiriwatte,  
 V. Vanovschi,  L. Vogt,  Tao Wang,  A. Warshel,  M. A. Watson,  
 C. F. Williams,  Q. Wu,  X. Xu,  Jun Yang,  W. Zhang,  Yan Zhao

   Please cite Q-Chem as follows:
  "Software for the frontiers of quantum chemistry:
   An overview of developments in the Q-Chem 5 package"
   J. Chem. Phys. 155, 084801 (2021)
   https://doi.org/10.1063/5.0055522 (open access)

 Q-Chem 5.4.2 for Intel X86 EM64T Linux

 Parts of Q-Chem use Armadillo 9.900.5 (Nocturnal Misbehaviour).
 http://arma.sourceforge.net/

 Q-Chem begins on Thu Jan  4 18:41:14 2024  

 Host: 
0

     Scratch files written to /scratch/qchem498782//
 Dec1321 |scratch|qcdevops|jenkins|workspace|build_RNUM 5684   
 Processing $rem in /home/kchung25/qchem/5.4.0/config/preferences:
 Processing $rem in /home/kchung25/.qchemrc:

 Q-Chem warning in module libgen/rem_setup.C, line 3079:

 Neither GIA nor STOLL is specified by user. Use STOLL as the default


 Checking the input file for inconsistencies... 	...done.

--------------------------------------------------------------
User input:
--------------------------------------------------------------
$molecule
-2 1
--
0 1
O      0.000000     0.000000     0.000000
H      0.588538     0.756918     0.000000
H      0.588538    -0.756918     0.000000
--
-2 1
Cl     2.723775     2.723775     0.000000
Cl     2.723775    -2.723775     0.000000
$end

$rem
JOBTYPE          eda
EDA2             1
METHOD           wB97M-V
BASIS            def2-TZVPPD
SYMMETRY         false
MEM_TOTAL        50000
MEM_STATIC       10000
THRESH           14
SCF_CONVERGENCE  8
XC_GRID          000099000590
NL_GRID          1
EDA_CLS_DISP     true
FD_MAT_VEC_PROD  FALSE
$end
--------------------------------------------------------------
 ----------------------------------------------------------------
             Standard Nuclear Orientation (Angstroms)
    I     Atom           X                Y                Z
 ----------------------------------------------------------------
    1      O      -0.0000000000     0.0000000000     2.1314869545
    2      H      -0.7569180000     0.0000000000     1.5429489545
    3      H       0.7569180000    -0.0000000000     1.5429489545
    4      Cl     -2.7237750000     0.0000000000    -0.5922880455
    5      Cl      2.7237750000    -0.0000000000    -0.5922880455
 ----------------------------------------------------------------
 Molecular Point Group                 C2v   NOp =  4
 Largest Abelian Subgroup              C2v   NOp =  4
 Nuclear Repulsion Energy =          85.22409705 hartrees
 There are       23 alpha and       23 beta electrons
 Requested basis set is def2-TZVPPD
 There are 62 shells and 176 basis functions

 Q-Chem warning in module libmdc/get_mega.C, line 171:

 Allowed MEM_STATIC has been capped at MEM_STATIC=8191.
 Reduce the value of MEM_STATIC to silence this warning.


 Total QAlloc Memory Limit  50000 MB
 Mega-Array Size      8007 MB
 MEM_STATIC part      8191 MB

                       Distance Matrix (Angstroms)
             O (  1)   H (  2)   H (  3)   Cl(  4)
   H (  2)  0.958802
   H (  3)  0.958802  1.513836
   Cl(  4)  3.852000  2.903061  4.083437
   Cl(  5)  3.852000  4.083437  2.903061  5.447550
 
 A cutoff of  1.0D-14 yielded   1696 shell pairs
 There are     13810 function pairs (     17475 Cartesian)
 Smallest overlap matrix eigenvalue = 4.38E-04

 Scale SEOQF with 1.000000e-01/1.000000e-01/1.000000e-01

 Standard Electronic Orientation quadrupole field applied
 Nucleus-field energy     =     0.0000000034 hartrees

 -----------------------------------------------------------------------
  General SCF calculation program by
  Eric Jon Sundstrom, Paul Horn, Yuezhi Mao, Dmitri Zuev, Alec White,
  David Stuck, Shaama M.S., Shane Yost, Joonho Lee, David Small,
  Daniel Levine, Susi Lehtola, Hugh Burton, Evgeny Epifanovsky,
  Bang C. Huynh
 -----------------------------------------------------------------------
================================================================
                 ALMO-EDA with the EDA2 driver                  
================================================================
 The second-generation ALMO-EDA (for DFT):                      
 P. R. Horn, Y. Mao and M. Head-Gordon, PCCP, 18, 23067 (2016)  
 Y. Mao et al. Annu. Rev. Phys. Chem. 72, 641 (2021)            
 Decomposition of the frozen energy:                            
 P. R. Horn, Y. Mao and M. Head-Gordon, JCP, 144, 114107 (2016) 
 FERF model for polarization:                                   
 P. R. Horn and M. Head-Gordon, JCP, 143, 114111 (2015)         
================================================================
 Using eda2 option set 1
 Option set summary: Frozen orbital wavefunction, initial wavefunction decomposition, and nDQ polarization.
--------------------------------
Printing EDA Options
--------------------------------
eda_child_super_basis      0
fragmo_guess_mode          0
child_mp                   1
child_mp_orders            232
cls_elec                   1
cls_disp                   1
scfmi_mode                 1
scfmi_occs                 0
scfmi_virts                0
frz_relax                  0
frz_relax_method           0
dc_pen_start               0
dc_pen_conv                0
dc_pen_increment           0
dc_pen_steps               0
dc_pen_thresh_factor       0
dc_pen_pre_newton_thresh   0
frz_ortho_decomp           1
frz_ortho_decomp_conv      6
plot_mo_ortho_frz          0
frgm_method                2
scfmi_freeze_ss            0
separate_rehyb             0
plot_diff_den              0
eda_nocv                   0
eda_vct_relax              1
disp_free_x                0
disp_free_c                0
eda_bsse                   0
eda_pct_a                  0
eda_covp                   0
--------------------------------
Attempting to make child job directory: /scratch/qchem498782//Frg1/
Attempting to make child job directory: /scratch/qchem498782//Frg2/
Creating input file /scratch/qchem498782/Frg1.input
using default PutDataFrgm: nothing
calling putenv with: QCSCRATCH=/scratch/qchem498782/ 
Spawning Job For Fragment 0
Done Job For Fragment 0
calling putenv with: QCSCRATCH=/scratch 
calling putenv with: QCTHREADS=6 
Creating input file /scratch/qchem498782/Frg2.input
using default PutDataFrgm: nothing
calling putenv with: QCSCRATCH=/scratch/qchem498782/ 
Spawning Job For Fragment 1
Done Job For Fragment 1
calling putenv with: QCSCRATCH=/scratch 
calling putenv with: QCTHREADS=6 
Doing General SCFMI
 Exchange:     0.1500 Hartree-Fock + 1.0000 wB97M-V + LR-HF
 Correlation:  1.0000 wB97M-V
 Using Euler-Maclaurin-Lebedev (99,590) quadrature formula
 Nonlocal Correlation:  VV10 with C = 0.0100 and b = 6.00 and scale = 1.00000
 Grid used for NLC:  SG-1 standard quadrature
performing fock build before subrot guess so that all methods have access
Printing subrot_rss_gen Method Specification:
Occupied Subspace Method is 0
Virtual Subspace Method is 0
Energy of the unrelaxed supersystem initial determinant -996.886858029057
write pseudocanon occs and virts to disk
write pseudocanon orbital energies to disk
Tolerance of ortho_decomp_scf: 1.00e-06
GDM subspace size: 20
Beginning the Orthogonal Decomposition of the Initial Supersystem Wavefunction
    1    -996.8426027515      1.29e-01     ortho_decomp Preconditoned Steepest Descent
    2    -996.8472860286      1.45e-03     ortho_decomp BFGS Step
    3    -996.8472895611      8.21e-05     ortho_decomp BFGS Step
    4    -996.8472895699      2.90e-06     ortho_decomp BFGS Step
    5    -996.8472895699      5.41e-08     ortho_decomp 00000 Convergence criterion met
 Hartree-Fock
 Hartree-Fock
 Hartree-Fock
 Exchange:     0.1500 Hartree-Fock + 1.0000 wB97M-V + LR-HF
 Correlation:  1.0000 wB97M-V
 Using Euler-Maclaurin-Lebedev (99,590) quadrature formula
 Nonlocal Correlation:  VV10 with C = 0.0100 and b = 6.00 and scale = 1.00000
 Grid used for NLC:  SG-1 standard quadrature
 Long-range K will be added via erf
 Coulomb attenuation parameter = 0.3 bohr**(-1)
 Nonlocal correlation = 1.925669349606e-01
Doing General SCFMI
 Exchange:     0.1500 Hartree-Fock + 1.0000 wB97M-V + LR-HF
 Correlation:  1.0000 wB97M-V
 Using Euler-Maclaurin-Lebedev (99,590) quadrature formula
 Nonlocal Correlation:  VV10 with C = 0.0100 and b = 6.00 and scale = 1.00000
 Grid used for NLC:  SG-1 standard quadrature
performing fock build at end of subrot_r(subrot) constructor so that all methods have access
<S^2> of initial wavefunction before polarization iterations 0.0000000000
Beginning iterations for the determination of the polarized wavefunction
Energy prior to optimization (guess energy) = -996.886858029057
Begin Timing: Total SCF Calculation
begin iterations for algorithm: DIIS         
the SCF tolerance is set to 1.00e-08
    1    -996.8868580291      4.87e-04     00000 
    2    -996.8903522116      1.73e-04     00000 
    3    -996.8906347064      1.01e-04     00000 
    4    -996.8907028762      3.04e-05     00000 
    5    -996.8907140044      1.01e-05     00000 
    6    -996.8907151977      2.44e-06     00000 
    7    -996.8907152834      4.61e-07     00000 
    8    -996.8907152897      1.15e-07     00000 
    9    -996.8907152899      4.57e-08     00000 
   10    -996.8907152899      9.26e-09     00000 Convergence criterion met
write pseudocanon occs and virts to disk
write pseudocanon orbital energies to disk
Timing for Total SCF: 12.00s (wall), 68.41s (cpu)
<S^2> of polarized wavefunction after polarization iterations 0.0000000000
relaxing scfmi constraint to allow all rotations in the entire AO span
Doing General SCFMI
 Exchange:     0.1500 Hartree-Fock + 1.0000 wB97M-V + LR-HF
 Correlation:  1.0000 wB97M-V
 Using Euler-Maclaurin-Lebedev (99,590) quadrature formula
 Nonlocal Correlation:  VV10 with C = 0.0100 and b = 6.00 and scale = 1.00000
 Grid used for NLC:  SG-1 standard quadrature
performing fock build at end of subrot_r(subrot) constructor so that all methods have access
<S^2> of polarized wavefunction before ct-allowed iterations 0.0000000000
Beginning iterations for the determination of the CT-Allowed wavefunction
Energy prior to optimization (guess energy) = -996.890715289892
Begin Timing: Total SCF Calculation
begin iterations for algorithm: DIIS         
the SCF tolerance is set to 1.00e-08
    1    -996.8907152899      3.10e-04     00000 
    2    -996.8925719657      4.41e-05     00000 
    3    -996.8926667587      1.31e-05     00000 
    4    -996.8926709278      9.59e-06     00000 
    5    -996.8926721079      1.53e-06     00000 
    6    -996.8926721595      5.98e-07     00000 
    7    -996.8926721711      9.00e-08     00000 
    8    -996.8926721717      2.99e-08     00000 
    9    -996.8926721718      7.15e-09     00000 Convergence criterion met
write pseudocanon occs and virts to disk
write pseudocanon orbital energies to disk
Timing for Total SCF: 10.00s (wall), 61.37s (cpu)
<S^2> of ct_allowed wavefunction after ct-allowed iterations 0.0000000000

================================
        Results of EDA2         
================================
Basic EDA Quantities
--------------------
Fragment Energies (Ha):
1  -76.4363779942
2 -920.4259210827
--------------------
  E_prp (kJ/mol) = 0.0000
  E_frz (kJ/mol) = -64.4803
  E_pol (kJ/mol) = -10.1274
  E_vct (kJ/mol) = -5.1379
  E_int (kJ/mol) = -79.7455
--------------------


Decomposition of frozen interaction energy
--------------------
  --------------------
  Orthogonal Frozen Decomposition:
  --------------------
     E_elec   (ELEC)   (kJ/mol) = -86.1717
     E_pauli  (PAULI)  (kJ/mol) = 29.5976
     E_disp   (DISP)   (kJ/mol) = -7.9061
  --------------------
  Classical Frozen Decomposition:
  --------------------
     E_cls_elec  (CLS ELEC)  (kJ/mol) = -70.4036
     E_mod_pauli (MOD PAULI) (kJ/mol) = 12.9300 (FRZ - CLS ELEC - CLS DISP)
     E_cls_disp  (CLS DISP)  (kJ/mol) = -7.0067
  --------------------
--------------------

Simplified EDA Summary (kJ/mol)
--------------------
 PREPARATION      0.0000
 FROZEN           -64.4803 (ELEC + PAULI + DISP)
[ELEC + PAULI = -57.4736, DISP = -7.0067]
 POLARIZATION    -10.1274
 CHARGE TRANSFER -5.1379
 TOTAL           -79.7455     (PRP + FRZ + POL + CT)
--------------------
 
 --------------------------------------------------------------
             Orbital Energies (a.u.) and Symmetries
 --------------------------------------------------------------
 
 Alpha MOs, Restricted
 -- Occupied --                  
-101.47 -101.47  -19.05   -9.24   -9.24   -6.94   -6.94   -6.94
  1 B1    1 A1    2 A1    2 B1    3 A1    3 B1    4 A1    1 A2                 
 -6.942  -6.941  -6.941  -0.860  -0.521  -0.521  -0.358  -0.228
  1 B2    5 A1    4 B1    6 A1    7 A1    5 B1    6 B1    8 A1                 
 -0.150  -0.046  -0.045  -0.044  -0.043  -0.043  -0.041
  2 B2    9 A1    7 B1   10 A1    3 B2    2 A2    8 B1                         
 -- Virtual --                   
  0.279   0.281   0.306   0.315   0.317   0.328   0.329   0.341
 11 A1    9 B1    4 B2   12 A1   10 B1    3 A2   13 A1    5 B2                 
  0.350   0.359   0.454   0.463   0.493   0.511   0.512   0.517
 11 B1   14 A1   15 A1   12 B1   16 A1    4 A2   17 A1    6 B2                 
  0.526   0.543   0.549   0.557   0.567   0.611   0.614   0.622
 13 B1    7 B2   18 A1   14 B1    5 A2   15 B1   19 A1    8 B2                 
  0.626   0.626   0.628   0.633   0.715   0.726   0.742   0.762
 16 B1   17 B1    6 A2   20 A1   21 A1   18 B1   22 A1    9 B2                 
  0.843   0.849   0.850   0.868   0.891   0.916   0.944   0.990
 23 A1    7 A2   19 B1   10 B2   20 B1   24 A1    8 A2   25 A1                 
  1.026   1.031   1.035   1.039   1.045   1.050   1.050   1.056
 26 A1   11 B2   27 A1   21 B1    9 A2   22 B1   12 B2   28 A1                 
  1.062   1.074   1.079   1.087   1.132   1.159   1.169   1.240
 10 A2   23 B1   29 A1   24 B1   13 B2   30 A1   25 B1   26 B1                 
  1.316   1.326   1.381   1.391   1.428   1.469   1.572   1.679
 31 A1   11 A2   27 B1   14 B2   32 A1   33 A1   28 B1   29 B1                 
  1.713   2.199   2.295   2.330   2.346   2.347   2.359   2.359
 34 A1   15 B2   12 A2   35 A1   16 B2   36 A1   30 B1   13 A2                 
  2.363   2.367   2.369   2.374   2.387   2.401   2.458   2.541
 37 A1   17 B2   31 B1   14 A2   38 A1   32 B1   39 A1   33 B1                 
  2.560   2.560   2.560   2.560   2.561   2.561   2.561   2.561
 18 B2   40 A1   15 A2   34 B1   16 A2   19 B2   41 A1   35 B1                 
  2.566   2.574   2.574   2.576   2.583   2.626   2.752   2.756
 20 B2   17 A2   42 A1   36 B1   43 A1   37 B1   21 B2   18 A2                 
  2.758   2.763   2.824   2.928   2.943   3.106   3.213   3.476
 38 B1   44 A1   45 A1   46 A1   39 B1   40 B1   22 B2   23 B2                 
  3.542   3.585   3.711   3.762   3.794   3.818   4.004   4.164
 47 A1   48 A1   41 B1   19 A2   42 B1   49 A1   43 B1   20 A2                 
  4.199   4.313   4.397   4.487   4.537   4.629   5.036   5.091
 24 B2   50 A1   21 A2   25 B2   51 A1   44 B1   52 A1   45 B1                 
  5.289   5.511   5.997   6.573   6.827   6.896   6.935   6.966
 46 B1   53 A1   26 B2   54 A1   27 B2   22 A2   28 B2   47 B1                 
  7.022   7.182   7.367   7.851   7.951   8.114   8.632   8.633
 55 A1   23 A2   56 A1   48 B1   49 B1   57 A1   58 A1   29 B2                 
  8.640   8.640   8.644   8.645   8.649   8.663   8.665   8.671
 24 A2   50 B1   59 A1   30 B2   25 A2   51 B1   60 A1   52 B1                 
 11.316  11.319  11.320  11.327  11.443  11.466  25.054  25.192
 31 B2   26 A2   53 B1   61 A1   62 A1   54 B1   63 A1   55 B1                 
 44.739
 64 A1                                                                         
 
 Beta MOs, Restricted
 -- Occupied --                  
-101.47 -101.47  -19.05   -9.24   -9.24   -6.94   -6.94   -6.94
  1 B1    1 A1    2 A1    2 B1    3 A1    3 B1    4 A1    1 A2                 
 -6.942  -6.941  -6.941  -0.860  -0.521  -0.521  -0.358  -0.228
  1 B2    5 A1    4 B1    6 A1    7 A1    5 B1    6 B1    8 A1                 
 -0.150  -0.046  -0.045  -0.044  -0.043  -0.043  -0.041
  2 B2    9 A1    7 B1   10 A1    3 B2    2 A2    8 B1                         
 -- Virtual --                   
  0.279   0.281   0.306   0.315   0.317   0.328   0.329   0.341
 11 A1    9 B1    4 B2   12 A1   10 B1    3 A2   13 A1    5 B2                 
  0.350   0.359   0.454   0.463   0.493   0.511   0.512   0.517
 11 B1   14 A1   15 A1   12 B1   16 A1    4 A2   17 A1    6 B2                 
  0.526   0.543   0.549   0.557   0.567   0.611   0.614   0.622
 13 B1    7 B2   18 A1   14 B1    5 A2   15 B1   19 A1    8 B2                 
  0.626   0.626   0.628   0.633   0.715   0.726   0.742   0.762
 16 B1   17 B1    6 A2   20 A1   21 A1   18 B1   22 A1    9 B2                 
  0.843   0.849   0.850   0.868   0.891   0.916   0.944   0.990
 23 A1    7 A2   19 B1   10 B2   20 B1   24 A1    8 A2   25 A1                 
  1.026   1.031   1.035   1.039   1.045   1.050   1.050   1.056
 26 A1   11 B2   27 A1   21 B1    9 A2   22 B1   12 B2   28 A1                 
  1.062   1.074   1.079   1.087   1.132   1.159   1.169   1.240
 10 A2   23 B1   29 A1   24 B1   13 B2   30 A1   25 B1   26 B1                 
  1.316   1.326   1.381   1.391   1.428   1.469   1.572   1.679
 31 A1   11 A2   27 B1   14 B2   32 A1   33 A1   28 B1   29 B1                 
  1.713   2.199   2.295   2.330   2.346   2.347   2.359   2.359
 34 A1   15 B2   12 A2   35 A1   16 B2   36 A1   30 B1   13 A2                 
  2.363   2.367   2.369   2.374   2.387   2.401   2.458   2.541
 37 A1   17 B2   31 B1   14 A2   38 A1   32 B1   39 A1   33 B1                 
  2.560   2.560   2.560   2.560   2.561   2.561   2.561   2.561
 18 B2   40 A1   15 A2   34 B1   16 A2   19 B2   41 A1   35 B1                 
  2.566   2.574   2.574   2.576   2.583   2.626   2.752   2.756
 20 B2   17 A2   42 A1   36 B1   43 A1   37 B1   21 B2   18 A2                 
  2.758   2.763   2.824   2.928   2.943   3.106   3.213   3.476
 38 B1   44 A1   45 A1   46 A1   39 B1   40 B1   22 B2   23 B2                 
  3.542   3.585   3.711   3.762   3.794   3.818   4.004   4.164
 47 A1   48 A1   41 B1   19 A2   42 B1   49 A1   43 B1   20 A2                 
  4.199   4.313   4.397   4.487   4.537   4.629   5.036   5.091
 24 B2   50 A1   21 A2   25 B2   51 A1   44 B1   52 A1   45 B1                 
  5.289   5.511   5.997   6.573   6.827   6.896   6.935   6.966
 46 B1   53 A1   26 B2   54 A1   27 B2   22 A2   28 B2   47 B1                 
  7.022   7.182   7.367   7.851   7.951   8.114   8.632   8.633
 55 A1   23 A2   56 A1   48 B1   49 B1   57 A1   58 A1   29 B2                 
  8.640   8.640   8.644   8.645   8.649   8.663   8.665   8.671
 24 A2   50 B1   59 A1   30 B2   25 A2   51 B1   60 A1   52 B1                 
 11.316  11.319  11.320  11.327  11.443  11.466  25.054  25.192
 31 B2   26 A2   53 B1   61 A1   62 A1   54 B1   63 A1   55 B1                 
 44.739
 64 A1                                                                         
 --------------------------------------------------------------
 
          Ground-State Mulliken Net Atomic Charges

     Atom                 Charge (a.u.)
  ----------------------------------------
      1 O                    -0.456417
      2 H                     0.202102
      3 H                     0.202102
      4 Cl                   -0.973894
      5 Cl                   -0.973894
  ----------------------------------------
  Sum of atomic charges =    -2.000000

 -----------------------------------------------------------------
                    Cartesian Multipole Moments
 -----------------------------------------------------------------
    Charge (ESU x 10^10)
                -9.6064
    Dipole Moment (Debye)
         X       0.0000      Y       0.0000      Z       2.7314
       Tot       2.7314
    Quadrupole Moments (Debye-Ang)
        XX    -115.6085     XY      -0.0000     YY     -43.5500
        XZ       0.0000     YZ       0.0000     ZZ     -55.4025
    Octopole Moments (Debye-Ang^2)
       XXX      -0.0000    XXY      -0.0000    XYY      -0.0000
       YYY      -0.0000    XXZ      53.0603    XYZ       0.0000
       YYZ       4.0914    XZZ      -0.0000    YZZ       0.0000
       ZZZ      -8.0438
    Hexadecapole Moments (Debye-Ang^3)
      XXXX   -2286.2300   XXXY      -0.0000   XXYY    -295.4527
      XYYY      -0.0000   YYYY     -78.8781   XXXZ       0.0000
      XXYZ       0.0000   XYYZ       0.0000   YYYZ       0.0000
      XXZZ    -356.8434   XYZZ      -0.0000   YYZZ     -73.6410
      XZZZ       0.0000   YZZZ       0.0000   ZZZZ    -411.9352
 -----------------------------------------------------------------
 Total job time:  71.89s(wall), 256.51s(cpu) 
 Thu Jan  4 18:42:26 2024

        *************************************************************
        *                                                           *
        *  Thank you very much for using Q-Chem.  Have a nice day.  *
        *                                                           *
        *************************************************************


