
Running Job 1 of 1 117_2Br-Water_neq_1.30_almo.in
qchem 117_2Br-Water_neq_1.30_almo.in_499524.0 /scratch/qchem499524/ 6
/home/kchung25/qchem/5.4.0/exe/qcprog.exe_s 117_2Br-Water_neq_1.30_almo.in_499524.0 /scratch/qchem499524/
                  Welcome to Q-Chem
     A Quantum Leap Into The Future Of Chemistry


 Q-Chem 5.4, Q-Chem, Inc., Pleasanton, CA (2021)

 E. Epifanovsky,  A. T. B. Gilbert,  Xintian Feng,  Joonho Lee,  Yuezhi Mao,  
 N. Mardirossian,  P. Pokhilko,  A. White,  M. Wormit,  M. P. Coons,  
 A. L. Dempwolff,  Zhengting Gan,  D. Hait,  P. R. Horn,  L. D. Jacobson,  
 I. Kaliman,  J. Kussmann,  A. W. Lange,  Ka Un Lao,  D. S. Levine,  Jie Liu,  
 S. C. McKenzie,  A. F. Morrison,  K. Nanda,  F. Plasser,  D. R. Rehn,  
 M. L. Vidal,  Zhi-Qiang You,  Ying Zhu,  B. Alam,  B. Albrecht,  
 A. Aldossary,  E. Alguire,  J. H. Andersen,  D. Barton,  K. Begam,  A. Behn,  
 Y. A. Bernard,  E. J. Berquist,  H. Burton,  A. Carreras,  K. Carter-Fenk,  
 Romit Chakraborty,  A. D. Chien,  K. D. Closser,  V. Cofer-Shabica,  
 S. Dasgupta,  Jia Deng,  M. de Wergifosse,  M. Diedenhofen,  Hainam Do,  
 S. Ehlert,  Po-Tung Fang,  S. Fatehi,  Qingguo Feng,  T. Friedhoff,  
 J. Gayvert,  Qinghui Ge,  G. Gidofalvi,  M. Goldey,  J. Gomes,  
 C. Gonzalez-Espinoza,  S. Gulania,  A. Gunina,  M. W. D. Hanson-Heine,  
 P. H. P. Harbach,  A. W. Hauser,  M. F. Herbst,  M. Hernandez Vera,  
 M. Hodecker,  Z. C. Holden,  S. Houck,  Xunkun Huang,  Kerwin Hui,  
 B. C. Huynh,  M. Ivanov,  Hyunjun Ji,  Hanjie Jiang,  B. Kaduk,  S. Kaehler,  
 K. Khistyaev,  Jaehoon Kim,  P. Klunzinger,  Z. Koczor-Benda,  
 Joong Hoon Koh,  D. Kosenkov,  L. Koulias,  T. Kowalczyk,  C. M. Krauter,  
 K. Kue,  A. Kunitsa,  T. Kus,  A. Landau,  K. V. Lawler,  D. Lefrancois,  
 S. Lehtola,  Rain Li,  Yi-Pei Li,  Jiashu Liang,  M. Liebenthal,  
 Hung-Hsuan Lin,  You-Sheng Lin,  Fenglai Liu,  Kuan-Yu Liu,  
 M. Loipersberger,  A. Luenser,  A. Manjanath,  P. Manohar,  E. Mansoor,  
 S. F. Manzer,  Shan-Ping Mao,  A. V. Marenich,  T. Markovich,  S. Mason,  
 S. A. Maurer,  P. F. McLaughlin,  M. F. S. J. Menger,  J.-M. Mewes,  
 S. A. Mewes,  P. Morgante,  J. W. Mullinax,  K. J. Oosterbaan,  G. Paran,  
 Alexander C. Paul,  Suranjan K. Paul,  F. Pavosevic,  Zheng Pei,  S. Prager,  
 E. I. Proynov,  E. Ramos,  B. Rana,  A. E. Rask,  A. Rettig,  R. M. Richard,  
 F. Rob,  E. Rossomme,  T. Scheele,  M. Scheurer,  M. Schneider,  
 N. Sergueev,  S. M. Sharada,  W. Skomorowski,  D. W. Small,  C. J. Stein,  
 Yu-Chuan Su,  E. J. Sundstrom,  Zhen Tao,  J. Thirman,  T. Tsuchimochi,  
 N. M. Tubman,  S. P. Veccham,  O. Vydrov,  J. Wenzel,  J. Witte,  A. Yamada,  
 Kun Yao,  S. Yeganeh,  S. R. Yost,  A. Zech,  Igor Ying Zhang,  Xing Zhang,  
 Yu Zhang,  D. Zuev,  A. Aspuru-Guzik,  A. T. Bell,  N. A. Besley,  
 K. B. Bravaya,  B. R. Brooks,  D. Casanova,  Jeng-Da Chai,  S. Coriani,  
 C. J. Cramer,  A. E. DePrince, III,  R. A. DiStasio Jr.,  A. Dreuw,  
 B. D. Dunietz,  T. R. Furlani,  W. A. Goddard III,  S. Grimme,  
 S. Hammes-Schiffer,  T. Head-Gordon,  W. J. Hehre,  Chao-Ping Hsu,  
 T.-C. Jagau,  Yousung Jung,  A. Klamt,  Jing Kong,  D. S. Lambrecht,  
 WanZhen Liang,  N. J. Mayhall,  C. W. McCurdy,  J. B. Neaton,  T. Neudecker,  
 C. Ochsenfeld,  J. A. Parkhill,  R. Peverati,  V. A. Rassolov,  Yihan Shao,  
 L. V. Slipchenko,  R. P. Steele,  J. E. Subotnik,  A. J. W. Thom,  
 A. Tkatchenko,  D. G. Truhlar,  T. Van Voorhis,  T. A. Wesolowski,  
 K. B. Whaley,  H. L. Woodcock III,  P. M. Zimmerman,  S. Faraji,  
 P. M. W. Gill,  M. Head-Gordon,  J. M. Herbert,  A. I. Krylov

 Additional authors since Version 5.4.0: 
 Chandrima Chakravarty,  L. Cunha,  R. Kang,  Yongbin Kim,  S. Kotaru,  
 Shaozhi Li,  Xiangyuan Li,  F. Matz,  A. Molle,  V. Parravicini,  
 Haisheng Ren,  Hengyuan Shen,  Yingli Su,  Hung-Yi Tsai,  C. Utku,  
 Fang Wang,  Jeff Yang,  F. Zeller

 Contributors to earlier versions of Q-Chem not listed above: 
 R. D. Adamson,  B. Austin,  R. Baer,  J. Baker,  G. J. O. Beran,  
 K. Brandhorst,  S. T. Brown,  E. F. C. Byrd,  Arup K. Chakraborty,  
 G. K. L. Chan,  Chun-Min Chang,  Yunqing Chen,  C.-L. Cheng,  
 Siu Hung Chien,  D. M. Chipman,  D. L. Crittenden,  H. Dachsel,  
 R. J. Doerksen,  A. D. Dutoi,  R. G. Edgar,  J. Fosso-Tande,  
 L. Fusti-Molnar,  D. Ghosh,  A. Ghysels,  A. Golubeva-Zadorozhnaya,  
 J. Gonthier,  M. S. Gordon,  S. R. Gwaltney,  G. Hawkins,  J. E. Herr,  
 A. Heyden,  S. Hirata,  E. G. Hohenstein,  G. Kedziora,  F. J. Keil,  
 C. Kelley,  Jihan Kim,  R. A. King,  R. Z. Khaliullin,  P. P. Korambath,  
 W. Kurlancheek,  A. Laurent,  A. M. Lee,  M. S. Lee,  S. V. Levchenko,  
 Ching Yeh Lin,  D. Liotard,  E. Livshits,  R. C. Lochan,  I. Lotan,  
 L. A. Martinez-Martinez,  P. E. Maslen,  N. Nair,  D. P. O'Neill,  
 D. Neuhauser,  E. Neuscamman,  C. M. Oana,  R. Olivares-Amaya,  R. Olson,  
 T. M. Perrine,  B. Peters,  P. A. Pieniazek,  A. Prociuk,  Y. M. Rhee,  
 J. Ritchie,  M. A. Rohrdanz,  E. Rosta,  N. J. Russ,  H. F. Schaefer III,  
 M. W. Schmidt,  N. E. Schultz,  S. Sharma,  N. Shenvi,  C. D. Sherrill,  
 A. C. Simmonett,  A. Sodt,  T. Stein,  D. Stuck,  K. S. Thanthiriwatte,  
 V. Vanovschi,  L. Vogt,  Tao Wang,  A. Warshel,  M. A. Watson,  
 C. F. Williams,  Q. Wu,  X. Xu,  Jun Yang,  W. Zhang,  Yan Zhao

   Please cite Q-Chem as follows:
  "Software for the frontiers of quantum chemistry:
   An overview of developments in the Q-Chem 5 package"
   J. Chem. Phys. 155, 084801 (2021)
   https://doi.org/10.1063/5.0055522 (open access)

 Q-Chem 5.4.2 for Intel X86 EM64T Linux

 Parts of Q-Chem use Armadillo 9.900.5 (Nocturnal Misbehaviour).
 http://arma.sourceforge.net/

 Q-Chem begins on Thu Jan  4 18:52:16 2024  

 Host: 
0

     Scratch files written to /scratch/qchem499524//
 Dec1321 |scratch|qcdevops|jenkins|workspace|build_RNUM 5684   
 Processing $rem in /home/kchung25/qchem/5.4.0/config/preferences:
 Processing $rem in /home/kchung25/.qchemrc:

 Q-Chem warning in module libgen/rem_setup.C, line 3079:

 Neither GIA nor STOLL is specified by user. Use STOLL as the default


 Checking the input file for inconsistencies... 	...done.

--------------------------------------------------------------
User input:
--------------------------------------------------------------
$molecule
-2 1
--
0 1
O      0.000000     0.000000     0.000000
H      0.588538     0.756918     0.000000
H      0.588538    -0.756918     0.000000
--
-2 1
Br     3.088642     3.088642     0.000000
Br     3.088642    -3.088642     0.000000
$end

$rem
JOBTYPE          eda
EDA2             1
METHOD           wB97M-V
BASIS            def2-TZVPPD
SYMMETRY         false
MEM_TOTAL        50000
MEM_STATIC       10000
THRESH           14
SCF_CONVERGENCE  8
XC_GRID          000099000590
NL_GRID          1
EDA_CLS_DISP     true
FD_MAT_VEC_PROD  FALSE
$end
--------------------------------------------------------------
 ----------------------------------------------------------------
             Standard Nuclear Orientation (Angstroms)
    I     Atom           X                Y                Z
 ----------------------------------------------------------------
    1      O       0.0000000000    -0.0000000000     2.7172752000
    2      H      -0.7569180000     0.0000000000     2.1287372000
    3      H       0.7569180000    -0.0000000000     2.1287372000
    4      Br     -3.0886420000     0.0000000000    -0.3713668000
    5      Br      3.0886420000    -0.0000000000    -0.3713668000
 ----------------------------------------------------------------
 Molecular Point Group                 C2v   NOp =  4
 Largest Abelian Subgroup              C2v   NOp =  4
 Nuclear Repulsion Energy =         200.87420336 hartrees
 There are       41 alpha and       41 beta electrons
 Requested basis set is def2-TZVPPD
 There are 66 shells and 188 basis functions

 Q-Chem warning in module libmdc/get_mega.C, line 171:

 Allowed MEM_STATIC has been capped at MEM_STATIC=8191.
 Reduce the value of MEM_STATIC to silence this warning.


 Total QAlloc Memory Limit  50000 MB
 Mega-Array Size      8007 MB
 MEM_STATIC part      8191 MB

                       Distance Matrix (Angstroms)
             O (  1)   H (  2)   H (  3)   Br(  4)
   H (  2)  0.958802
   H (  3)  0.958802  1.513836
   Br(  4)  4.367999  3.418692  4.586813
   Br(  5)  4.367999  4.586813  3.418692  6.177284
 
 A cutoff of  1.0D-14 yielded   1843 shell pairs
 There are     15137 function pairs (     19210 Cartesian)
 Smallest overlap matrix eigenvalue = 4.46E-04

 Scale SEOQF with 1.000000e-01/1.000000e-01/1.000000e-01

 Standard Electronic Orientation quadrupole field applied
 Nucleus-field energy     =     0.0000000156 hartrees

 -----------------------------------------------------------------------
  General SCF calculation program by
  Eric Jon Sundstrom, Paul Horn, Yuezhi Mao, Dmitri Zuev, Alec White,
  David Stuck, Shaama M.S., Shane Yost, Joonho Lee, David Small,
  Daniel Levine, Susi Lehtola, Hugh Burton, Evgeny Epifanovsky,
  Bang C. Huynh
 -----------------------------------------------------------------------
================================================================
                 ALMO-EDA with the EDA2 driver                  
================================================================
 The second-generation ALMO-EDA (for DFT):                      
 P. R. Horn, Y. Mao and M. Head-Gordon, PCCP, 18, 23067 (2016)  
 Y. Mao et al. Annu. Rev. Phys. Chem. 72, 641 (2021)            
 Decomposition of the frozen energy:                            
 P. R. Horn, Y. Mao and M. Head-Gordon, JCP, 144, 114107 (2016) 
 FERF model for polarization:                                   
 P. R. Horn and M. Head-Gordon, JCP, 143, 114111 (2015)         
================================================================
 Using eda2 option set 1
 Option set summary: Frozen orbital wavefunction, initial wavefunction decomposition, and nDQ polarization.
--------------------------------
Printing EDA Options
--------------------------------
eda_child_super_basis      0
fragmo_guess_mode          0
child_mp                   1
child_mp_orders            232
cls_elec                   1
cls_disp                   1
scfmi_mode                 1
scfmi_occs                 0
scfmi_virts                0
frz_relax                  0
frz_relax_method           0
dc_pen_start               0
dc_pen_conv                0
dc_pen_increment           0
dc_pen_steps               0
dc_pen_thresh_factor       0
dc_pen_pre_newton_thresh   0
frz_ortho_decomp           1
frz_ortho_decomp_conv      6
plot_mo_ortho_frz          0
frgm_method                2
scfmi_freeze_ss            0
separate_rehyb             0
plot_diff_den              0
eda_nocv                   0
eda_vct_relax              1
disp_free_x                0
disp_free_c                0
eda_bsse                   0
eda_pct_a                  0
eda_covp                   0
--------------------------------
Attempting to make child job directory: /scratch/qchem499524//Frg1/
Attempting to make child job directory: /scratch/qchem499524//Frg2/
Creating input file /scratch/qchem499524/Frg1.input
using default PutDataFrgm: nothing
calling putenv with: QCSCRATCH=/scratch/qchem499524/ 
Spawning Job For Fragment 0
Done Job For Fragment 0
calling putenv with: QCSCRATCH=/scratch 
calling putenv with: QCTHREADS=6 
Creating input file /scratch/qchem499524/Frg2.input
using default PutDataFrgm: nothing
calling putenv with: QCSCRATCH=/scratch/qchem499524/ 
Spawning Job For Fragment 1
Done Job For Fragment 1
calling putenv with: QCSCRATCH=/scratch 
calling putenv with: QCTHREADS=6 
Doing General SCFMI
 Exchange:     0.1500 Hartree-Fock + 1.0000 wB97M-V + LR-HF
 Correlation:  1.0000 wB97M-V
 Using Euler-Maclaurin-Lebedev (99,590) quadrature formula
 Nonlocal Correlation:  VV10 with C = 0.0100 and b = 6.00 and scale = 1.00000
 Grid used for NLC:  SG-1 standard quadrature
performing fock build before subrot guess so that all methods have access
Printing subrot_rss_gen Method Specification:
Occupied Subspace Method is 0
Virtual Subspace Method is 0
Energy of the unrelaxed supersystem initial determinant -5224.562003702591
write pseudocanon occs and virts to disk
write pseudocanon orbital energies to disk
Tolerance of ortho_decomp_scf: 1.00e-06
GDM subspace size: 20
Beginning the Orthogonal Decomposition of the Initial Supersystem Wavefunction
    1   -5224.5339569346      1.23e-01     ortho_decomp Preconditoned Steepest Descent
    2   -5224.5367026850      6.35e-04     ortho_decomp BFGS Step
    3   -5224.5367043000      5.86e-05     ortho_decomp BFGS Step
    4   -5224.5367043045      1.36e-06     ortho_decomp BFGS Step
    5   -5224.5367043045      2.78e-08     ortho_decomp 00000 Convergence criterion met
 Hartree-Fock
 Hartree-Fock
 Hartree-Fock
 Exchange:     0.1500 Hartree-Fock + 1.0000 wB97M-V + LR-HF
 Correlation:  1.0000 wB97M-V
 Using Euler-Maclaurin-Lebedev (99,590) quadrature formula
 Nonlocal Correlation:  VV10 with C = 0.0100 and b = 6.00 and scale = 1.00000
 Grid used for NLC:  SG-1 standard quadrature
 Long-range K will be added via erf
 Coulomb attenuation parameter = 0.3 bohr**(-1)
 Nonlocal correlation = 3.437084824016e-01
Doing General SCFMI
 Exchange:     0.1500 Hartree-Fock + 1.0000 wB97M-V + LR-HF
 Correlation:  1.0000 wB97M-V
 Using Euler-Maclaurin-Lebedev (99,590) quadrature formula
 Nonlocal Correlation:  VV10 with C = 0.0100 and b = 6.00 and scale = 1.00000
 Grid used for NLC:  SG-1 standard quadrature
performing fock build at end of subrot_r(subrot) constructor so that all methods have access
<S^2> of initial wavefunction before polarization iterations 0.0000000000
Beginning iterations for the determination of the polarized wavefunction
Energy prior to optimization (guess energy) = -5224.562003702593
Begin Timing: Total SCF Calculation
begin iterations for algorithm: DIIS         
the SCF tolerance is set to 1.00e-08
    1   -5224.5620037026      3.48e-04     00000 
    2   -5224.5641546620      1.36e-04     00000 
    3   -5224.5643360266      7.87e-05     00000 
    4   -5224.5643865252      2.10e-05     00000 
    5   -5224.5643942283      5.32e-06     00000 
    6   -5224.5643948645      1.48e-06     00000 
    7   -5224.5643949059      3.16e-07     00000 
    8   -5224.5643949102      6.00e-08     00000 
    9   -5224.5643949104      3.22e-08     00000 
   10   -5224.5643949104      6.36e-09     00000 Convergence criterion met
write pseudocanon occs and virts to disk
write pseudocanon orbital energies to disk
Timing for Total SCF: 17.00s (wall), 100.96s (cpu)
<S^2> of polarized wavefunction after polarization iterations 0.0000000000
relaxing scfmi constraint to allow all rotations in the entire AO span
Doing General SCFMI
 Exchange:     0.1500 Hartree-Fock + 1.0000 wB97M-V + LR-HF
 Correlation:  1.0000 wB97M-V
 Using Euler-Maclaurin-Lebedev (99,590) quadrature formula
 Nonlocal Correlation:  VV10 with C = 0.0100 and b = 6.00 and scale = 1.00000
 Grid used for NLC:  SG-1 standard quadrature
performing fock build at end of subrot_r(subrot) constructor so that all methods have access
<S^2> of polarized wavefunction before ct-allowed iterations 0.0000000000
Beginning iterations for the determination of the CT-Allowed wavefunction
Energy prior to optimization (guess energy) = -5224.564394910371
Begin Timing: Total SCF Calculation
begin iterations for algorithm: DIIS         
the SCF tolerance is set to 1.00e-08
    1   -5224.5643949104      3.42e-04     00000 
    2   -5224.5652372503      2.54e-05     00000 
    3   -5224.5652780769      7.43e-06     00000 
    4   -5224.5652808102      5.42e-06     00000 
    5   -5224.5652811630      7.43e-07     00000 
    6   -5224.5652811850      4.60e-07     00000 
    7   -5224.5652811898      6.65e-08     00000 
    8   -5224.5652811902      2.00e-08     00000 
    9   -5224.5652811902      3.80e-09     00000 Convergence criterion met
write pseudocanon occs and virts to disk
write pseudocanon orbital energies to disk
Timing for Total SCF: 15.00s (wall), 89.95s (cpu)
<S^2> of ct_allowed wavefunction after ct-allowed iterations 0.0000000000

================================
        Results of EDA2         
================================
Basic EDA Quantities
--------------------
Fragment Energies (Ha):
1  -76.4363779941
2-5148.1063741747
--------------------
  E_prp (kJ/mol) = 0.0000
  E_frz (kJ/mol) = -50.5455
  E_pol (kJ/mol) = -6.2782
  E_vct (kJ/mol) = -2.3270
  E_int (kJ/mol) = -59.1506
--------------------


Decomposition of frozen interaction energy
--------------------
  --------------------
  Orthogonal Frozen Decomposition:
  --------------------
     E_elec   (ELEC)   (kJ/mol) = -57.1194
     E_pauli  (PAULI)  (kJ/mol) = 11.3092
     E_disp   (DISP)   (kJ/mol) = -4.7353
  --------------------
  Classical Frozen Decomposition:
  --------------------
     E_cls_elec  (CLS ELEC)  (kJ/mol) = -51.0388
     E_mod_pauli (MOD PAULI) (kJ/mol) = 4.8241 (FRZ - CLS ELEC - CLS DISP)
     E_cls_disp  (CLS DISP)  (kJ/mol) = -4.3308
  --------------------
--------------------

Simplified EDA Summary (kJ/mol)
--------------------
 PREPARATION      0.0000
 FROZEN           -50.5455 (ELEC + PAULI + DISP)
[ELEC + PAULI = -46.2147, DISP = -4.3308]
 POLARIZATION    -6.2782
 CHARGE TRANSFER -2.3270
 TOTAL           -59.1506     (PRP + FRZ + POL + CT)
--------------------
 
 --------------------------------------------------------------
             Orbital Energies (a.u.) and Symmetries
 --------------------------------------------------------------
 
 Alpha MOs, Restricted
 -- Occupied --                  
-483.14 -483.14  -62.44  -62.44  -56.13  -56.13  -56.13  -56.13
  1 B1    1 A1    2 B1    2 A1    3 B1    3 A1    1 A2    1 B2                 
-56.126 -56.126 -19.089  -8.523  -8.523  -6.302  -6.302  -6.302
  4 A1    4 B1    5 A1    5 B1    6 A1    6 B1    7 A1    2 A2                 
 -6.302  -6.302  -6.302  -2.384  -2.384  -2.384  -2.384  -2.384
  2 B2    8 A1    7 B1    8 B1    9 A1    3 A2    3 B2    9 B1                 
 -2.384  -2.384  -2.384  -2.384  -2.384  -0.895  -0.509  -0.509
 10 A1    4 A2    4 B2   10 B1   11 A1   12 A1   13 A1   11 B1                 
 -0.392  -0.261  -0.184  -0.050  -0.049  -0.048  -0.048  -0.048
 12 B1   14 A1    5 B2   15 A1   13 B1    6 B2   16 A1    5 A2                 
 -0.046
 14 B1                                                                         
 -- Virtual --                   
  0.252   0.253   0.269   0.280   0.282   0.286   0.297   0.314
 17 A1   15 B1    7 B2   16 B1    6 A2   18 A1   19 A1    8 B2                 
  0.316   0.323   0.399   0.407   0.429   0.439   0.442   0.443
 17 B1   20 A1   21 A1   18 B1   22 A1    9 B2   23 A1    7 A2                 
  0.453   0.454   0.463   0.472   0.478   0.517   0.518   0.538
 19 B1   10 B2   20 B1    8 A2   24 A1   21 B1   25 A1   22 B1                 
  0.546   0.547   0.548   0.592   0.671   0.673   0.704   0.708
 26 A1    9 A2   11 B2   23 B1   24 B1   27 A1   28 A1   10 A2                 
  0.708   0.726   0.734   0.735   0.749   0.806   0.842   0.845
 12 B2   29 A1   25 B1   13 B2   26 B1   30 A1   27 B1   14 B2                 
  0.848   0.851   0.856   0.856   0.858   0.864   0.869   0.874
 31 A1   32 A1   11 A2   28 B1   33 A1   15 B2   12 A2   13 A2                 
  0.890   0.892   0.974   0.982   1.043   1.064   1.067   1.207
 29 B1   34 A1   35 A1   30 B1   31 B1   36 A1   16 B2   37 A1                 
  1.214   1.252   1.286   1.353   1.400   1.428   1.523   1.678
 32 B1   33 B1   14 A2   17 B2   38 A1   39 A1   34 B1   35 B1                 
  1.683   1.908   1.910   1.918   1.919   1.919   1.921   1.931
 40 A1   18 B2   41 A1   15 A2   42 A1   36 B1   19 B2   16 A2                 
  1.946   1.956   1.957   1.975   1.975   1.975   1.975   1.976
 43 A1   37 B1   38 B1   20 B2   17 A2   44 A1   39 B1   21 B2                 
  1.976   1.976   1.976   1.979   1.980   1.983   1.988   2.009
 18 A2   45 A1   40 B1   22 B2   19 A2   46 A1   41 B1   47 A1                 
  2.026   2.097   2.100   2.102   2.107   2.169   2.182   2.188
 42 B1   23 B2   20 A2   43 B1   48 A1   24 B2   49 A1   44 B1                 
  2.262   2.314   2.412   2.527   2.789   3.057   3.160   3.437
 21 A2   50 A1   51 A1   45 B1   52 A1   46 B1   25 B2   26 B2                 
  3.468   3.544   3.667   3.723   3.762   3.788   3.965   4.125
 53 A1   54 A1   47 B1   22 A2   48 B1   55 A1   49 B1   23 A2                 
  4.159   4.265   4.357   4.448   4.499   4.572   4.575   4.576
 27 B2   56 A1   24 A2   28 B2   57 A1   50 B1   29 B2   58 A1                 
  4.584   4.584   4.585   4.587   4.594   4.612   4.616   4.628
 25 A2   59 A1   51 B1   30 B2   26 A2   60 A1   52 B1   53 B1                 
  4.997   5.053   5.241   5.466   5.962   6.536   6.792   6.857
 61 A1   54 B1   55 B1   62 A1   31 B2   63 A1   32 B2   27 A2                 
  6.901   6.929   6.985   7.145   7.325   7.719   7.765   7.812
 33 B2   56 B1   64 A1   28 A2   65 A1   66 A1   57 B1   58 B1                 
  7.920   8.077  44.717
 59 B1   67 A1   68 A1                                                         
 
 Beta MOs, Restricted
 -- Occupied --                  
-483.14 -483.14  -62.44  -62.44  -56.13  -56.13  -56.13  -56.13
  1 B1    1 A1    2 B1    2 A1    3 B1    3 A1    1 A2    1 B2                 
-56.126 -56.126 -19.089  -8.523  -8.523  -6.302  -6.302  -6.302
  4 A1    4 B1    5 A1    5 B1    6 A1    6 B1    7 A1    2 A2                 
 -6.302  -6.302  -6.302  -2.384  -2.384  -2.384  -2.384  -2.384
  2 B2    8 A1    7 B1    8 B1    9 A1    3 A2    3 B2    9 B1                 
 -2.384  -2.384  -2.384  -2.384  -2.384  -0.895  -0.509  -0.509
 10 A1    4 A2    4 B2   10 B1   11 A1   12 A1   13 A1   11 B1                 
 -0.392  -0.261  -0.184  -0.050  -0.049  -0.048  -0.048  -0.048
 12 B1   14 A1    5 B2   15 A1   13 B1    6 B2   16 A1    5 A2                 
 -0.046
 14 B1                                                                         
 -- Virtual --                   
  0.252   0.253   0.269   0.280   0.282   0.286   0.297   0.314
 17 A1   15 B1    7 B2   16 B1    6 A2   18 A1   19 A1    8 B2                 
  0.316   0.323   0.399   0.407   0.429   0.439   0.442   0.443
 17 B1   20 A1   21 A1   18 B1   22 A1    9 B2   23 A1    7 A2                 
  0.453   0.454   0.463   0.472   0.478   0.517   0.518   0.538
 19 B1   10 B2   20 B1    8 A2   24 A1   21 B1   25 A1   22 B1                 
  0.546   0.547   0.548   0.592   0.671   0.673   0.704   0.708
 26 A1    9 A2   11 B2   23 B1   24 B1   27 A1   28 A1   10 A2                 
  0.708   0.726   0.734   0.735   0.749   0.806   0.842   0.845
 12 B2   29 A1   25 B1   13 B2   26 B1   30 A1   27 B1   14 B2                 
  0.848   0.851   0.856   0.856   0.858   0.864   0.869   0.874
 31 A1   32 A1   11 A2   28 B1   33 A1   15 B2   12 A2   13 A2                 
  0.890   0.892   0.974   0.982   1.043   1.064   1.067   1.207
 29 B1   34 A1   35 A1   30 B1   31 B1   36 A1   16 B2   37 A1                 
  1.214   1.252   1.286   1.353   1.400   1.428   1.523   1.678
 32 B1   33 B1   14 A2   17 B2   38 A1   39 A1   34 B1   35 B1                 
  1.683   1.908   1.910   1.918   1.919   1.919   1.921   1.931
 40 A1   18 B2   41 A1   15 A2   42 A1   36 B1   19 B2   16 A2                 
  1.946   1.956   1.957   1.975   1.975   1.975   1.975   1.976
 43 A1   37 B1   38 B1   20 B2   17 A2   44 A1   39 B1   21 B2                 
  1.976   1.976   1.976   1.979   1.980   1.983   1.988   2.009
 18 A2   45 A1   40 B1   22 B2   19 A2   46 A1   41 B1   47 A1                 
  2.026   2.097   2.100   2.102   2.107   2.169   2.182   2.188
 42 B1   23 B2   20 A2   43 B1   48 A1   24 B2   49 A1   44 B1                 
  2.262   2.314   2.412   2.527   2.789   3.057   3.160   3.437
 21 A2   50 A1   51 A1   45 B1   52 A1   46 B1   25 B2   26 B2                 
  3.468   3.544   3.667   3.723   3.762   3.788   3.965   4.125
 53 A1   54 A1   47 B1   22 A2   48 B1   55 A1   49 B1   23 A2                 
  4.159   4.265   4.357   4.448   4.499   4.572   4.575   4.576
 27 B2   56 A1   24 A2   28 B2   57 A1   50 B1   29 B2   58 A1                 
  4.584   4.584   4.585   4.587   4.594   4.612   4.616   4.628
 25 A2   59 A1   51 B1   30 B2   26 A2   60 A1   52 B1   53 B1                 
  4.997   5.053   5.241   5.466   5.962   6.536   6.792   6.857
 61 A1   54 B1   55 B1   62 A1   31 B2   63 A1   32 B2   27 A2                 
  6.901   6.929   6.985   7.145   7.325   7.719   7.765   7.812
 33 B2   56 B1   64 A1   28 A2   65 A1   66 A1   57 B1   58 B1                 
  7.920   8.077  44.717
 59 B1   67 A1   68 A1                                                         
 --------------------------------------------------------------
 
          Ground-State Mulliken Net Atomic Charges

     Atom                 Charge (a.u.)
  ----------------------------------------
      1 O                    -0.426552
      2 H                     0.198227
      3 H                     0.198227
      4 Br                   -0.984951
      5 Br                   -0.984951
  ----------------------------------------
  Sum of atomic charges =    -2.000000

 -----------------------------------------------------------------
                    Cartesian Multipole Moments
 -----------------------------------------------------------------
    Charge (ESU x 10^10)
                -9.6064
    Dipole Moment (Debye)
         X       0.0000      Y       0.0000      Z       0.7908
       Tot       0.7908
    Quadrupole Moments (Debye-Ang)
        XX    -150.6359     XY       0.0000     YY     -56.7486
        XZ      -0.0000     YZ       0.0000     ZZ     -68.9820
    Octopole Moments (Debye-Ang^2)
       XXX       0.0000    XXY       0.0000    XYY       0.0000
       YYY       0.0000    XXZ      38.4630    XYZ      -0.0000
       YYZ      -3.3477    XZZ       0.0000    YZZ       0.0000
       ZZZ     -46.9160
    Hexadecapole Moments (Debye-Ang^3)
      XXXX   -3930.1330   XXXY       0.0000   XXYY    -508.9714
      XYYY       0.0000   YYYY    -106.3659   XXXZ       0.0000
      XXYZ       0.0000   XYYZ       0.0000   YYYZ       0.0000
      XXZZ    -565.7846   XYZZ       0.0000   YYZZ     -98.7018
      XZZZ      -0.0000   YZZZ       0.0000   ZZZZ    -596.4769
 -----------------------------------------------------------------
 Total job time:  107.60s(wall), 381.58s(cpu) 
 Thu Jan  4 18:54:04 2024

        *************************************************************
        *                                                           *
        *  Thank you very much for using Q-Chem.  Have a nice day.  *
        *                                                           *
        *************************************************************


