
Running Job 1 of 1 118_Li-Water_Cls_021_almo.in
qchem 118_Li-Water_Cls_021_almo.in_682615.0 /scratch/qchem682615/ 6
/home/kchung25/qchem/5.4.0/exe/qcprog.exe_s 118_Li-Water_Cls_021_almo.in_682615.0 /scratch/qchem682615/
                  Welcome to Q-Chem
     A Quantum Leap Into The Future Of Chemistry


 Q-Chem 5.4, Q-Chem, Inc., Pleasanton, CA (2021)

 E. Epifanovsky,  A. T. B. Gilbert,  Xintian Feng,  Joonho Lee,  Yuezhi Mao,  
 N. Mardirossian,  P. Pokhilko,  A. White,  M. Wormit,  M. P. Coons,  
 A. L. Dempwolff,  Zhengting Gan,  D. Hait,  P. R. Horn,  L. D. Jacobson,  
 I. Kaliman,  J. Kussmann,  A. W. Lange,  Ka Un Lao,  D. S. Levine,  Jie Liu,  
 S. C. McKenzie,  A. F. Morrison,  K. Nanda,  F. Plasser,  D. R. Rehn,  
 M. L. Vidal,  Zhi-Qiang You,  Ying Zhu,  B. Alam,  B. Albrecht,  
 A. Aldossary,  E. Alguire,  J. H. Andersen,  D. Barton,  K. Begam,  A. Behn,  
 Y. A. Bernard,  E. J. Berquist,  H. Burton,  A. Carreras,  K. Carter-Fenk,  
 Romit Chakraborty,  A. D. Chien,  K. D. Closser,  V. Cofer-Shabica,  
 S. Dasgupta,  Jia Deng,  M. de Wergifosse,  M. Diedenhofen,  Hainam Do,  
 S. Ehlert,  Po-Tung Fang,  S. Fatehi,  Qingguo Feng,  T. Friedhoff,  
 J. Gayvert,  Qinghui Ge,  G. Gidofalvi,  M. Goldey,  J. Gomes,  
 C. Gonzalez-Espinoza,  S. Gulania,  A. Gunina,  M. W. D. Hanson-Heine,  
 P. H. P. Harbach,  A. W. Hauser,  M. F. Herbst,  M. Hernandez Vera,  
 M. Hodecker,  Z. C. Holden,  S. Houck,  Xunkun Huang,  Kerwin Hui,  
 B. C. Huynh,  M. Ivanov,  Hyunjun Ji,  Hanjie Jiang,  B. Kaduk,  S. Kaehler,  
 K. Khistyaev,  Jaehoon Kim,  P. Klunzinger,  Z. Koczor-Benda,  
 Joong Hoon Koh,  D. Kosenkov,  L. Koulias,  T. Kowalczyk,  C. M. Krauter,  
 K. Kue,  A. Kunitsa,  T. Kus,  A. Landau,  K. V. Lawler,  D. Lefrancois,  
 S. Lehtola,  Rain Li,  Yi-Pei Li,  Jiashu Liang,  M. Liebenthal,  
 Hung-Hsuan Lin,  You-Sheng Lin,  Fenglai Liu,  Kuan-Yu Liu,  
 M. Loipersberger,  A. Luenser,  A. Manjanath,  P. Manohar,  E. Mansoor,  
 S. F. Manzer,  Shan-Ping Mao,  A. V. Marenich,  T. Markovich,  S. Mason,  
 S. A. Maurer,  P. F. McLaughlin,  M. F. S. J. Menger,  J.-M. Mewes,  
 S. A. Mewes,  P. Morgante,  J. W. Mullinax,  K. J. Oosterbaan,  G. Paran,  
 Alexander C. Paul,  Suranjan K. Paul,  F. Pavosevic,  Zheng Pei,  S. Prager,  
 E. I. Proynov,  E. Ramos,  B. Rana,  A. E. Rask,  A. Rettig,  R. M. Richard,  
 F. Rob,  E. Rossomme,  T. Scheele,  M. Scheurer,  M. Schneider,  
 N. Sergueev,  S. M. Sharada,  W. Skomorowski,  D. W. Small,  C. J. Stein,  
 Yu-Chuan Su,  E. J. Sundstrom,  Zhen Tao,  J. Thirman,  T. Tsuchimochi,  
 N. M. Tubman,  S. P. Veccham,  O. Vydrov,  J. Wenzel,  J. Witte,  A. Yamada,  
 Kun Yao,  S. Yeganeh,  S. R. Yost,  A. Zech,  Igor Ying Zhang,  Xing Zhang,  
 Yu Zhang,  D. Zuev,  A. Aspuru-Guzik,  A. T. Bell,  N. A. Besley,  
 K. B. Bravaya,  B. R. Brooks,  D. Casanova,  Jeng-Da Chai,  S. Coriani,  
 C. J. Cramer,  A. E. DePrince, III,  R. A. DiStasio Jr.,  A. Dreuw,  
 B. D. Dunietz,  T. R. Furlani,  W. A. Goddard III,  S. Grimme,  
 S. Hammes-Schiffer,  T. Head-Gordon,  W. J. Hehre,  Chao-Ping Hsu,  
 T.-C. Jagau,  Yousung Jung,  A. Klamt,  Jing Kong,  D. S. Lambrecht,  
 WanZhen Liang,  N. J. Mayhall,  C. W. McCurdy,  J. B. Neaton,  T. Neudecker,  
 C. Ochsenfeld,  J. A. Parkhill,  R. Peverati,  V. A. Rassolov,  Yihan Shao,  
 L. V. Slipchenko,  R. P. Steele,  J. E. Subotnik,  A. J. W. Thom,  
 A. Tkatchenko,  D. G. Truhlar,  T. Van Voorhis,  T. A. Wesolowski,  
 K. B. Whaley,  H. L. Woodcock III,  P. M. Zimmerman,  S. Faraji,  
 P. M. W. Gill,  M. Head-Gordon,  J. M. Herbert,  A. I. Krylov

 Additional authors since Version 5.4.0: 
 Chandrima Chakravarty,  L. Cunha,  R. Kang,  Yongbin Kim,  S. Kotaru,  
 Shaozhi Li,  Xiangyuan Li,  F. Matz,  A. Molle,  V. Parravicini,  
 Haisheng Ren,  Hengyuan Shen,  Yingli Su,  Hung-Yi Tsai,  C. Utku,  
 Fang Wang,  Jeff Yang,  F. Zeller

 Contributors to earlier versions of Q-Chem not listed above: 
 R. D. Adamson,  B. Austin,  R. Baer,  J. Baker,  G. J. O. Beran,  
 K. Brandhorst,  S. T. Brown,  E. F. C. Byrd,  Arup K. Chakraborty,  
 G. K. L. Chan,  Chun-Min Chang,  Yunqing Chen,  C.-L. Cheng,  
 Siu Hung Chien,  D. M. Chipman,  D. L. Crittenden,  H. Dachsel,  
 R. J. Doerksen,  A. D. Dutoi,  R. G. Edgar,  J. Fosso-Tande,  
 L. Fusti-Molnar,  D. Ghosh,  A. Ghysels,  A. Golubeva-Zadorozhnaya,  
 J. Gonthier,  M. S. Gordon,  S. R. Gwaltney,  G. Hawkins,  J. E. Herr,  
 A. Heyden,  S. Hirata,  E. G. Hohenstein,  G. Kedziora,  F. J. Keil,  
 C. Kelley,  Jihan Kim,  R. A. King,  R. Z. Khaliullin,  P. P. Korambath,  
 W. Kurlancheek,  A. Laurent,  A. M. Lee,  M. S. Lee,  S. V. Levchenko,  
 Ching Yeh Lin,  D. Liotard,  E. Livshits,  R. C. Lochan,  I. Lotan,  
 L. A. Martinez-Martinez,  P. E. Maslen,  N. Nair,  D. P. O'Neill,  
 D. Neuhauser,  E. Neuscamman,  C. M. Oana,  R. Olivares-Amaya,  R. Olson,  
 T. M. Perrine,  B. Peters,  P. A. Pieniazek,  A. Prociuk,  Y. M. Rhee,  
 J. Ritchie,  M. A. Rohrdanz,  E. Rosta,  N. J. Russ,  H. F. Schaefer III,  
 M. W. Schmidt,  N. E. Schultz,  S. Sharma,  N. Shenvi,  C. D. Sherrill,  
 A. C. Simmonett,  A. Sodt,  T. Stein,  D. Stuck,  K. S. Thanthiriwatte,  
 V. Vanovschi,  L. Vogt,  Tao Wang,  A. Warshel,  M. A. Watson,  
 C. F. Williams,  Q. Wu,  X. Xu,  Jun Yang,  W. Zhang,  Yan Zhao

   Please cite Q-Chem as follows:
  "Software for the frontiers of quantum chemistry:
   An overview of developments in the Q-Chem 5 package"
   J. Chem. Phys. 155, 084801 (2021)
   https://doi.org/10.1063/5.0055522 (open access)

 Q-Chem 5.4.2 for Intel X86 EM64T Linux

 Parts of Q-Chem use Armadillo 9.900.5 (Nocturnal Misbehaviour).
 http://arma.sourceforge.net/

 Q-Chem begins on Tue Jan  9 14:03:01 2024  

 Host: 
0

     Scratch files written to /scratch/qchem682615//
 Dec1321 |scratch|qcdevops|jenkins|workspace|build_RNUM 5684   
 Processing $rem in /home/kchung25/qchem/5.4.0/config/preferences:
 Processing $rem in /home/kchung25/.qchemrc:

 Q-Chem warning in module libgen/rem_setup.C, line 3079:

 Neither GIA nor STOLL is specified by user. Use STOLL as the default


 Checking the input file for inconsistencies... 	...done.

--------------------------------------------------------------
User input:
--------------------------------------------------------------
$molecule
1 1
--
1 1
Li     0.000000     0.000000     0.000000
--
0 1
O     -1.162740     1.014321     1.159155
H     -0.442200     0.986359     1.801023
H     -1.860620     0.437939     1.470678
O      1.767946     0.216161     0.641309
H      2.204606    -0.360946     0.000281
H      2.328164     0.028607     1.374471
O     -0.688386    -1.786161     0.152623
H     -1.542320    -1.770103    -0.317065
H     -0.023824    -2.188879    -0.406850
O      0.091354     1.071377    -1.593210
H     -0.332237     0.917174    -2.464800
H      0.896186     1.508063    -1.838482
$end

$rem
JOBTYPE          eda
EDA2             1
METHOD           wB97M-V
BASIS            def2-TZVPPD
SYMMETRY         false
MEM_TOTAL        50000
MEM_STATIC       10000
THRESH           14
SCF_CONVERGENCE  8
XC_GRID          000099000590
NL_GRID          1
EDA_CLS_DISP     true
FD_MAT_VEC_PROD  FALSE
$end
--------------------------------------------------------------
 ----------------------------------------------------------------
             Standard Nuclear Orientation (Angstroms)
    I     Atom           X                Y                Z
 ----------------------------------------------------------------
    1      Li      0.0452320577     0.0027001830     0.0978059400
    2      O       0.6760424586     0.9825903776    -1.4404869961
    3      H       0.5454617867     0.1643510037    -1.9358528302
    4      H       1.6178067624     1.1253146403    -1.3455709027
    5      O      -0.8908383693    -1.5135160966    -0.5413311496
    6      H      -1.1010586657    -1.9019840162     0.3186348057
    7      H      -0.7787914364    -2.3198774747    -1.0143787597
    8      O       1.6651504526    -0.4040712563     1.0454037308
    9      H       1.9668721962     0.4481094645     1.4098484612
   10      H       1.2418786521    -0.9147087848     1.7360011348
   11      O      -1.4293274231     1.0610006847     0.7304090691
   12      H      -1.4769984469     1.6423720047     1.5194666654
   13      H      -2.3190839722     0.7402929387     0.6664763719
 ----------------------------------------------------------------
 Molecular Point Group                 C1    NOp =  1
 Largest Abelian Subgroup              C1    NOp =  1
 Nuclear Repulsion Energy =         166.68387570 hartrees
 There are       21 alpha and       21 beta electrons
 Requested basis set is def2-TZVPPD
 There are 122 shells and 318 basis functions

 Q-Chem warning in module libmdc/get_mega.C, line 171:

 Allowed MEM_STATIC has been capped at MEM_STATIC=8191.
 Reduce the value of MEM_STATIC to silence this warning.


 Total QAlloc Memory Limit  50000 MB
 Mega-Array Size      8007 MB
 MEM_STATIC part      8191 MB

                       Distance Matrix (Angstroms)
             Li(  1)   O (  2)   H (  3)   H (  4)   O (  5)   H (  6)
   O (  2)  1.929884
   H (  3)  2.100507  0.965378
   H (  4)  2.411761  0.957235  1.556216
   O (  5)  1.893049  3.081257  2.612066  3.728744
   H (  6)  2.233958  3.817508  3.473253  4.396174  0.966769
   H (  7)  2.703763  3.633786  2.962120  4.209836  0.941566  1.433672
   O (  8)  1.920297  3.013440  3.234918  2.838666  3.206505  3.228599
   H (  9)  2.369081  3.174323  3.646182  2.858809  3.977636  4.015705
   H ( 10)  2.226496  3.742992  3.889971  3.714714  3.176995  2.910841
   O ( 11)  1.922111  3.025148  3.436965  3.687663  2.921546  3.009418
   H ( 12)  2.650817  3.719170  4.267801  4.248954  3.814459  3.761089
   H ( 13)  2.541145  3.669984  3.912729  4.437982  2.928880  2.930223
             H (  7)   O (  8)   H (  9)   H ( 10)   O ( 11)   H ( 12)
   O (  8)  3.726375
   H (  9)  4.591002  0.974714
   H ( 10)  3.690826  0.957515  1.577740
   O ( 11)  3.859769  3.438234  3.517307  3.471309
   H ( 12)  4.754712  3.779651  3.646714  3.738695  0.981263
   H ( 13)  3.816074  4.162605  4.359747  4.069812  0.947949  1.500149

 
 A cutoff of  1.0D-14 yielded   7052 shell pairs
 There are     48166 function pairs (     58648 Cartesian)
 Smallest overlap matrix eigenvalue = 9.63E-05

 Scale SEOQF with 1.000000e-01/1.000000e-01/1.000000e-01

 Standard Electronic Orientation quadrupole field applied
 Nucleus-field energy     =     0.0000000010 hartrees

 -----------------------------------------------------------------------
  General SCF calculation program by
  Eric Jon Sundstrom, Paul Horn, Yuezhi Mao, Dmitri Zuev, Alec White,
  David Stuck, Shaama M.S., Shane Yost, Joonho Lee, David Small,
  Daniel Levine, Susi Lehtola, Hugh Burton, Evgeny Epifanovsky,
  Bang C. Huynh
 -----------------------------------------------------------------------
================================================================
                 ALMO-EDA with the EDA2 driver                  
================================================================
 The second-generation ALMO-EDA (for DFT):                      
 P. R. Horn, Y. Mao and M. Head-Gordon, PCCP, 18, 23067 (2016)  
 Y. Mao et al. Annu. Rev. Phys. Chem. 72, 641 (2021)            
 Decomposition of the frozen energy:                            
 P. R. Horn, Y. Mao and M. Head-Gordon, JCP, 144, 114107 (2016) 
 FERF model for polarization:                                   
 P. R. Horn and M. Head-Gordon, JCP, 143, 114111 (2015)         
================================================================
 Using eda2 option set 1
 Option set summary: Frozen orbital wavefunction, initial wavefunction decomposition, and nDQ polarization.
--------------------------------
Printing EDA Options
--------------------------------
eda_child_super_basis      0
fragmo_guess_mode          0
child_mp                   1
child_mp_orders            232
cls_elec                   1
cls_disp                   1
scfmi_mode                 1
scfmi_occs                 0
scfmi_virts                0
frz_relax                  0
frz_relax_method           0
dc_pen_start               0
dc_pen_conv                0
dc_pen_increment           0
dc_pen_steps               0
dc_pen_thresh_factor       0
dc_pen_pre_newton_thresh   0
frz_ortho_decomp           1
frz_ortho_decomp_conv      6
plot_mo_ortho_frz          0
frgm_method                2
scfmi_freeze_ss            0
separate_rehyb             0
plot_diff_den              0
eda_nocv                   0
eda_vct_relax              1
disp_free_x                0
disp_free_c                0
eda_bsse                   0
eda_pct_a                  0
eda_covp                   0
--------------------------------
Attempting to make child job directory: /scratch/qchem682615//Frg1/
Attempting to make child job directory: /scratch/qchem682615//Frg2/
Creating input file /scratch/qchem682615/Frg1.input
using default PutDataFrgm: nothing
calling putenv with: QCSCRATCH=/scratch/qchem682615/ 
Spawning Job For Fragment 0
Done Job For Fragment 0
calling putenv with: QCSCRATCH=/scratch 
calling putenv with: QCTHREADS=6 
Creating input file /scratch/qchem682615/Frg2.input
using default PutDataFrgm: nothing
calling putenv with: QCSCRATCH=/scratch/qchem682615/ 
Spawning Job For Fragment 1
Done Job For Fragment 1
calling putenv with: QCSCRATCH=/scratch 
calling putenv with: QCTHREADS=6 
Doing General SCFMI
 Exchange:     0.1500 Hartree-Fock + 1.0000 wB97M-V + LR-HF
 Correlation:  1.0000 wB97M-V
 Using Euler-Maclaurin-Lebedev (99,590) quadrature formula
 Nonlocal Correlation:  VV10 with C = 0.0100 and b = 6.00 and scale = 1.00000
 Grid used for NLC:  SG-1 standard quadrature
performing fock build before subrot guess so that all methods have access
Printing subrot_rss_gen Method Specification:
Occupied Subspace Method is 0
Virtual Subspace Method is 0
Energy of the unrelaxed supersystem initial determinant -313.088204009108
write pseudocanon occs and virts to disk
write pseudocanon orbital energies to disk
Tolerance of ortho_decomp_scf: 1.00e-06
GDM subspace size: 20
Beginning the Orthogonal Decomposition of the Initial Supersystem Wavefunction
    1    -312.9294232349      2.03e-01     ortho_decomp Preconditoned Steepest Descent
    2    -312.9315356890      2.48e-03     ortho_decomp BFGS Step
    3    -312.9315367732      9.59e-05     ortho_decomp BFGS Step
    4    -312.9315367749      3.25e-06     ortho_decomp BFGS Step
    5    -312.9315367749      5.74e-08     ortho_decomp 00000 Convergence criterion met
 Hartree-Fock
 Hartree-Fock
 Hartree-Fock
 Exchange:     0.1500 Hartree-Fock + 1.0000 wB97M-V + LR-HF
 Correlation:  1.0000 wB97M-V
 Using Euler-Maclaurin-Lebedev (99,590) quadrature formula
 Nonlocal Correlation:  VV10 with C = 0.0100 and b = 6.00 and scale = 1.00000
 Grid used for NLC:  SG-1 standard quadrature
 Long-range K will be added via erf
 Coulomb attenuation parameter = 0.3 bohr**(-1)
 Nonlocal correlation = 1.749325544738e-01
Doing General SCFMI
 Exchange:     0.1500 Hartree-Fock + 1.0000 wB97M-V + LR-HF
 Correlation:  1.0000 wB97M-V
 Using Euler-Maclaurin-Lebedev (99,590) quadrature formula
 Nonlocal Correlation:  VV10 with C = 0.0100 and b = 6.00 and scale = 1.00000
 Grid used for NLC:  SG-1 standard quadrature
performing fock build at end of subrot_r(subrot) constructor so that all methods have access
<S^2> of initial wavefunction before polarization iterations 0.0000000000
Beginning iterations for the determination of the polarized wavefunction
Energy prior to optimization (guess energy) = -313.088204009108
Begin Timing: Total SCF Calculation
begin iterations for algorithm: DIIS         
the SCF tolerance is set to 1.00e-08
    1    -313.0882040091      1.56e-03     00000 
    2    -313.1413097483      7.09e-04     00000 
    3    -313.1464552505      2.78e-04     00000 
    4    -313.1472586738      6.43e-05     00000 
    5    -313.1473188157      8.65e-06     00000 
    6    -313.1473223239      2.48e-06     00000 
    7    -313.1473225082      1.55e-06     00000 
    8    -313.1473225544      1.67e-07     00000 
    9    -313.1473225559      4.10e-08     00000 
   10    -313.1473225559      1.08e-08     00000 
   11    -313.1473225559      7.43e-09     00000 Convergence criterion met
write pseudocanon occs and virts to disk
write pseudocanon orbital energies to disk
Timing for Total SCF: 95.00s (wall), 568.32s (cpu)
<S^2> of polarized wavefunction after polarization iterations 0.0000000000
relaxing scfmi constraint to allow all rotations in the entire AO span
Doing General SCFMI
 Exchange:     0.1500 Hartree-Fock + 1.0000 wB97M-V + LR-HF
 Correlation:  1.0000 wB97M-V
 Using Euler-Maclaurin-Lebedev (99,590) quadrature formula
 Nonlocal Correlation:  VV10 with C = 0.0100 and b = 6.00 and scale = 1.00000
 Grid used for NLC:  SG-1 standard quadrature
performing fock build at end of subrot_r(subrot) constructor so that all methods have access
<S^2> of polarized wavefunction before ct-allowed iterations 0.0000000000
Beginning iterations for the determination of the CT-Allowed wavefunction
Energy prior to optimization (guess energy) = -313.147322555943
Begin Timing: Total SCF Calculation
begin iterations for algorithm: DIIS         
the SCF tolerance is set to 1.00e-08
    1    -313.1473225559      5.61e-04     00000 
    2    -313.1562413006      4.52e-05     00000 
    3    -313.1563519096      1.29e-05     00000 
    4    -313.1563555253      8.54e-06     00000 
    5    -313.1563577919      8.20e-07     00000 
    6    -313.1563578200      1.03e-07     00000 
    7    -313.1563578212      3.04e-08     00000 
    8    -313.1563578213      1.89e-08     00000 
    9    -313.1563578213      2.43e-09     00000 Convergence criterion met
write pseudocanon occs and virts to disk
write pseudocanon orbital energies to disk
Timing for Total SCF: 76.00s (wall), 451.49s (cpu)
<S^2> of ct_allowed wavefunction after ct-allowed iterations 0.0000000000

================================
        Results of EDA2         
================================
Basic EDA Quantities
--------------------
Fragment Energies (Ha):
1   -7.2758394981
2 -305.7309619461
--------------------
  E_prp (kJ/mol) = 0.0000
  E_frz (kJ/mol) = -213.7250
  E_pol (kJ/mol) = -155.2176
  E_vct (kJ/mol) = -23.7224
  E_int (kJ/mol) = -392.6649
--------------------


Decomposition of frozen interaction energy
--------------------
  --------------------
  Orthogonal Frozen Decomposition:
  --------------------
     E_elec   (ELEC)   (kJ/mol) = -374.2875
     E_pauli  (PAULI)  (kJ/mol) = 175.0780
     E_disp   (DISP)   (kJ/mol) = -14.5155
  --------------------
  Classical Frozen Decomposition:
  --------------------
     E_cls_elec  (CLS ELEC)  (kJ/mol) = -350.2581
     E_mod_pauli (MOD PAULI) (kJ/mol) = 148.8048 (FRZ - CLS ELEC - CLS DISP)
     E_cls_disp  (CLS DISP)  (kJ/mol) = -12.2717
  --------------------
--------------------

Simplified EDA Summary (kJ/mol)
--------------------
 PREPARATION      0.0000
 FROZEN           -213.7250 (ELEC + PAULI + DISP)
[ELEC + PAULI = -201.4532, DISP = -12.2717]
 POLARIZATION    -155.2176
 CHARGE TRANSFER -23.7224
 TOTAL           -392.6649     (PRP + FRZ + POL + CT)
--------------------
 
 --------------------------------------------------------------
 
                    Orbital Energies (a.u.)
 --------------------------------------------------------------
 
 Alpha MOs
 -- Occupied --
-19.5435 -19.5379 -19.5270 -19.5098  -2.2228  -1.3596  -1.3434  -1.3337
 -1.3188  -0.8510  -0.8400  -0.8250  -0.8204  -0.7420  -0.7200  -0.7054
 -0.6744  -0.6466  -0.6383  -0.6217  -0.6100
 -- Virtual --
 -0.1428  -0.1081  -0.1022  -0.0948  -0.0540  -0.0509  -0.0431  -0.0411
 -0.0320  -0.0202  -0.0088  -0.0057  -0.0011   0.0047   0.0085   0.0163
  0.0216   0.0239   0.0330   0.0419   0.0639   0.0664   0.0723   0.0821
  0.0970   0.1110   0.1166   0.1289   0.1311   0.1416   0.1557   0.1579
  0.1636   0.1732   0.1814   0.1903   0.1941   0.1967   0.2049   0.2069
  0.2141   0.2193   0.2264   0.2277   0.2362   0.2468   0.2493   0.2523
  0.2581   0.2623   0.2699   0.2756   0.2854   0.2942   0.3023   0.3141
  0.3179   0.3199   0.3354   0.3613   0.3695   0.3802   0.3881   0.3968
  0.4161   0.4375   0.4420   0.4571   0.4651   0.4814   0.4958   0.5080
  0.5202   0.5331   0.5379   0.5550   0.5821   0.5924   0.6026   0.6124
  0.6267   0.6368   0.6562   0.6603   0.6823   0.6884   0.6928   0.7082
  0.7185   0.7360   0.7405   0.7727   0.7931   0.8052   0.8113   0.8202
  0.8419   0.8756   0.8794   0.9074   0.9104   0.9369   0.9637   0.9754
  0.9987   1.0281   1.0359   1.0429   1.0533   1.0692   1.0753   1.1018
  1.1185   1.1233   1.1318   1.1543   1.1688   1.1943   1.2152   1.2251
  1.2607   1.2653   1.2810   1.2905   1.3059   1.3265   1.3427   1.3513
  1.3522   1.3753   1.3929   1.4308   1.7501   1.7989   1.8071   1.8218
  1.8476   1.8658   1.8734   1.9042   1.9234   1.9611   1.9779   1.9892
  2.0487   2.0714   2.0840   2.0954   2.1112   2.1816   2.2168   2.2245
  2.2480   2.5089   2.5537   2.5638   2.6455   2.6610   2.6943   2.7422
  2.7862   2.8270   2.8591   2.9112   2.9336   3.0256   3.0742   3.0885
  3.0958   3.1085   3.1327   3.1598   3.1633   3.1914   3.2082   3.2152
  3.2369   3.2406   3.2766   3.2914   3.2981   3.3066   3.3167   3.3244
  3.3457   3.3597   3.3708   3.3828   3.3959   3.4104   3.4345   3.4591
  3.4851   3.5255   3.5672   3.5747   3.6322   3.7352   3.7614   3.8150
  3.8277   3.8476   3.8554   3.9077   3.9202   3.9465   3.9587   3.9740
  3.9840   4.0142   4.0417   4.0488   4.0592   4.0791   4.0838   4.0906
  4.1139   4.1225   4.1267   4.1502   4.1542   4.1625   4.1792   4.2098
  4.2746   4.5604   4.5748   4.5793   4.5918   4.6094   4.6286   4.6560
  4.7306   4.8287   4.8563   4.8977   4.9342   5.0424   5.0938   5.1326
  5.1629   5.4789   5.5166   5.5246   5.5309   5.9788   6.0523   6.1298
  6.1817   6.2022   6.2378   6.2665   6.3328   6.3429   6.3567   6.3786
  6.3980   6.4217   6.4418   6.4551   6.4696   6.4803   6.4971   6.5560
  6.5656   6.5758   6.6027   6.6166   6.6312   6.6468   6.6642   6.7047
  6.7162   6.7321   6.7513   6.7881   6.8639   6.8842   6.9677   7.0027
  7.3361   7.3564   7.3673   7.3858   7.4490   7.4597   7.5485   7.5812
  7.6720   7.6988   7.7367   7.7896  15.1432  44.2121  44.2621  44.2772
 44.3110
 --------------------------------------------------------------
 
          Ground-State Mulliken Net Atomic Charges

     Atom                 Charge (a.u.)
  ----------------------------------------
      1 Li                    0.812657
      2 O                    -0.400630
      3 H                     0.241585
      4 H                     0.218327
      5 O                    -0.270205
      6 H                     0.198338
      7 H                     0.115780
      8 O                    -0.392039
      9 H                     0.249484
     10 H                     0.202574
     11 O                    -0.333804
     12 H                     0.189166
     13 H                     0.168765
  ----------------------------------------
  Sum of atomic charges =     1.000000

 -----------------------------------------------------------------
                    Cartesian Multipole Moments
 -----------------------------------------------------------------
    Charge (ESU x 10^10)
                 4.8032
    Dipole Moment (Debye)
         X      -0.5022      Y      -2.0370      Z       3.0928
       Tot       3.7373
    Quadrupole Moments (Debye-Ang)
        XX     -14.7921     XY       4.0332     YY     -15.0021
        XZ      -3.1461     YZ       5.2369     ZZ     -14.5797
    Octopole Moments (Debye-Ang^2)
       XXX     -10.4380    XXY      14.5654    XYY      -8.9243
       YYY     -22.9172    XXZ       9.8005    XYZ      -6.5923
       YYZ       6.4929    XZZ       5.6634    YZZ      -3.0796
       ZZZ       7.7909
    Hexadecapole Moments (Debye-Ang^3)
      XXXX    -209.1302   XXXY       8.6515   XXYY     -59.2117
      XYYY      20.0247   YYYY    -142.0132   XXXZ     -20.6772
      XXYZ       8.8659   XYYZ      -6.6014   YYYZ      29.9830
      XXZZ     -51.0023   XYZZ      -4.4407   YYZZ     -43.7157
      XZZZ       1.0899   YZZZ      17.5613   ZZZZ    -155.6680
 -----------------------------------------------------------------
 Total job time:  913.47s(wall), 1941.79s(cpu) 
 Tue Jan  9 14:18:15 2024

        *************************************************************
        *                                                           *
        *  Thank you very much for using Q-Chem.  Have a nice day.  *
        *                                                           *
        *************************************************************


