
Running Job 1 of 1 118_Li-Water_Cls_024_almo.in
qchem 118_Li-Water_Cls_024_almo.in_683876.0 /scratch/qchem683876/ 6
/home/kchung25/qchem/5.4.0/exe/qcprog.exe_s 118_Li-Water_Cls_024_almo.in_683876.0 /scratch/qchem683876/
                  Welcome to Q-Chem
     A Quantum Leap Into The Future Of Chemistry


 Q-Chem 5.4, Q-Chem, Inc., Pleasanton, CA (2021)

 E. Epifanovsky,  A. T. B. Gilbert,  Xintian Feng,  Joonho Lee,  Yuezhi Mao,  
 N. Mardirossian,  P. Pokhilko,  A. White,  M. Wormit,  M. P. Coons,  
 A. L. Dempwolff,  Zhengting Gan,  D. Hait,  P. R. Horn,  L. D. Jacobson,  
 I. Kaliman,  J. Kussmann,  A. W. Lange,  Ka Un Lao,  D. S. Levine,  Jie Liu,  
 S. C. McKenzie,  A. F. Morrison,  K. Nanda,  F. Plasser,  D. R. Rehn,  
 M. L. Vidal,  Zhi-Qiang You,  Ying Zhu,  B. Alam,  B. Albrecht,  
 A. Aldossary,  E. Alguire,  J. H. Andersen,  D. Barton,  K. Begam,  A. Behn,  
 Y. A. Bernard,  E. J. Berquist,  H. Burton,  A. Carreras,  K. Carter-Fenk,  
 Romit Chakraborty,  A. D. Chien,  K. D. Closser,  V. Cofer-Shabica,  
 S. Dasgupta,  Jia Deng,  M. de Wergifosse,  M. Diedenhofen,  Hainam Do,  
 S. Ehlert,  Po-Tung Fang,  S. Fatehi,  Qingguo Feng,  T. Friedhoff,  
 J. Gayvert,  Qinghui Ge,  G. Gidofalvi,  M. Goldey,  J. Gomes,  
 C. Gonzalez-Espinoza,  S. Gulania,  A. Gunina,  M. W. D. Hanson-Heine,  
 P. H. P. Harbach,  A. W. Hauser,  M. F. Herbst,  M. Hernandez Vera,  
 M. Hodecker,  Z. C. Holden,  S. Houck,  Xunkun Huang,  Kerwin Hui,  
 B. C. Huynh,  M. Ivanov,  Hyunjun Ji,  Hanjie Jiang,  B. Kaduk,  S. Kaehler,  
 K. Khistyaev,  Jaehoon Kim,  P. Klunzinger,  Z. Koczor-Benda,  
 Joong Hoon Koh,  D. Kosenkov,  L. Koulias,  T. Kowalczyk,  C. M. Krauter,  
 K. Kue,  A. Kunitsa,  T. Kus,  A. Landau,  K. V. Lawler,  D. Lefrancois,  
 S. Lehtola,  Rain Li,  Yi-Pei Li,  Jiashu Liang,  M. Liebenthal,  
 Hung-Hsuan Lin,  You-Sheng Lin,  Fenglai Liu,  Kuan-Yu Liu,  
 M. Loipersberger,  A. Luenser,  A. Manjanath,  P. Manohar,  E. Mansoor,  
 S. F. Manzer,  Shan-Ping Mao,  A. V. Marenich,  T. Markovich,  S. Mason,  
 S. A. Maurer,  P. F. McLaughlin,  M. F. S. J. Menger,  J.-M. Mewes,  
 S. A. Mewes,  P. Morgante,  J. W. Mullinax,  K. J. Oosterbaan,  G. Paran,  
 Alexander C. Paul,  Suranjan K. Paul,  F. Pavosevic,  Zheng Pei,  S. Prager,  
 E. I. Proynov,  E. Ramos,  B. Rana,  A. E. Rask,  A. Rettig,  R. M. Richard,  
 F. Rob,  E. Rossomme,  T. Scheele,  M. Scheurer,  M. Schneider,  
 N. Sergueev,  S. M. Sharada,  W. Skomorowski,  D. W. Small,  C. J. Stein,  
 Yu-Chuan Su,  E. J. Sundstrom,  Zhen Tao,  J. Thirman,  T. Tsuchimochi,  
 N. M. Tubman,  S. P. Veccham,  O. Vydrov,  J. Wenzel,  J. Witte,  A. Yamada,  
 Kun Yao,  S. Yeganeh,  S. R. Yost,  A. Zech,  Igor Ying Zhang,  Xing Zhang,  
 Yu Zhang,  D. Zuev,  A. Aspuru-Guzik,  A. T. Bell,  N. A. Besley,  
 K. B. Bravaya,  B. R. Brooks,  D. Casanova,  Jeng-Da Chai,  S. Coriani,  
 C. J. Cramer,  A. E. DePrince, III,  R. A. DiStasio Jr.,  A. Dreuw,  
 B. D. Dunietz,  T. R. Furlani,  W. A. Goddard III,  S. Grimme,  
 S. Hammes-Schiffer,  T. Head-Gordon,  W. J. Hehre,  Chao-Ping Hsu,  
 T.-C. Jagau,  Yousung Jung,  A. Klamt,  Jing Kong,  D. S. Lambrecht,  
 WanZhen Liang,  N. J. Mayhall,  C. W. McCurdy,  J. B. Neaton,  T. Neudecker,  
 C. Ochsenfeld,  J. A. Parkhill,  R. Peverati,  V. A. Rassolov,  Yihan Shao,  
 L. V. Slipchenko,  R. P. Steele,  J. E. Subotnik,  A. J. W. Thom,  
 A. Tkatchenko,  D. G. Truhlar,  T. Van Voorhis,  T. A. Wesolowski,  
 K. B. Whaley,  H. L. Woodcock III,  P. M. Zimmerman,  S. Faraji,  
 P. M. W. Gill,  M. Head-Gordon,  J. M. Herbert,  A. I. Krylov

 Additional authors since Version 5.4.0: 
 Chandrima Chakravarty,  L. Cunha,  R. Kang,  Yongbin Kim,  S. Kotaru,  
 Shaozhi Li,  Xiangyuan Li,  F. Matz,  A. Molle,  V. Parravicini,  
 Haisheng Ren,  Hengyuan Shen,  Yingli Su,  Hung-Yi Tsai,  C. Utku,  
 Fang Wang,  Jeff Yang,  F. Zeller

 Contributors to earlier versions of Q-Chem not listed above: 
 R. D. Adamson,  B. Austin,  R. Baer,  J. Baker,  G. J. O. Beran,  
 K. Brandhorst,  S. T. Brown,  E. F. C. Byrd,  Arup K. Chakraborty,  
 G. K. L. Chan,  Chun-Min Chang,  Yunqing Chen,  C.-L. Cheng,  
 Siu Hung Chien,  D. M. Chipman,  D. L. Crittenden,  H. Dachsel,  
 R. J. Doerksen,  A. D. Dutoi,  R. G. Edgar,  J. Fosso-Tande,  
 L. Fusti-Molnar,  D. Ghosh,  A. Ghysels,  A. Golubeva-Zadorozhnaya,  
 J. Gonthier,  M. S. Gordon,  S. R. Gwaltney,  G. Hawkins,  J. E. Herr,  
 A. Heyden,  S. Hirata,  E. G. Hohenstein,  G. Kedziora,  F. J. Keil,  
 C. Kelley,  Jihan Kim,  R. A. King,  R. Z. Khaliullin,  P. P. Korambath,  
 W. Kurlancheek,  A. Laurent,  A. M. Lee,  M. S. Lee,  S. V. Levchenko,  
 Ching Yeh Lin,  D. Liotard,  E. Livshits,  R. C. Lochan,  I. Lotan,  
 L. A. Martinez-Martinez,  P. E. Maslen,  N. Nair,  D. P. O'Neill,  
 D. Neuhauser,  E. Neuscamman,  C. M. Oana,  R. Olivares-Amaya,  R. Olson,  
 T. M. Perrine,  B. Peters,  P. A. Pieniazek,  A. Prociuk,  Y. M. Rhee,  
 J. Ritchie,  M. A. Rohrdanz,  E. Rosta,  N. J. Russ,  H. F. Schaefer III,  
 M. W. Schmidt,  N. E. Schultz,  S. Sharma,  N. Shenvi,  C. D. Sherrill,  
 A. C. Simmonett,  A. Sodt,  T. Stein,  D. Stuck,  K. S. Thanthiriwatte,  
 V. Vanovschi,  L. Vogt,  Tao Wang,  A. Warshel,  M. A. Watson,  
 C. F. Williams,  Q. Wu,  X. Xu,  Jun Yang,  W. Zhang,  Yan Zhao

   Please cite Q-Chem as follows:
  "Software for the frontiers of quantum chemistry:
   An overview of developments in the Q-Chem 5 package"
   J. Chem. Phys. 155, 084801 (2021)
   https://doi.org/10.1063/5.0055522 (open access)

 Q-Chem 5.4.2 for Intel X86 EM64T Linux

 Parts of Q-Chem use Armadillo 9.900.5 (Nocturnal Misbehaviour).
 http://arma.sourceforge.net/

 Q-Chem begins on Tue Jan  9 14:39:19 2024  

 Host: 
0

     Scratch files written to /scratch/qchem683876//
 Dec1321 |scratch|qcdevops|jenkins|workspace|build_RNUM 5684   
 Processing $rem in /home/kchung25/qchem/5.4.0/config/preferences:
 Processing $rem in /home/kchung25/.qchemrc:

 Q-Chem warning in module libgen/rem_setup.C, line 3079:

 Neither GIA nor STOLL is specified by user. Use STOLL as the default


 Checking the input file for inconsistencies... 	...done.

--------------------------------------------------------------
User input:
--------------------------------------------------------------
$molecule
1 1
--
1 1
Li     0.000000     0.000000     0.000000
--
0 1
O     -1.823214    -0.719894     0.345269
H     -2.765845    -0.448248     0.422513
H     -1.777057    -1.712165     0.634199
O      0.476037     1.149236     1.715289
H      0.711857     2.093154     1.538815
H      0.685084     0.967159     2.641652
O      1.728929    -0.875103     0.471180
H      2.397221    -1.337494    -0.064528
H      2.188841    -0.670296     1.297771
O      0.027016     0.508388    -1.723464
H      0.534035     1.318936    -1.962317
H      0.013326    -0.084920    -2.476549
$end

$rem
JOBTYPE          eda
EDA2             1
METHOD           wB97M-V
BASIS            def2-TZVPPD
SYMMETRY         false
MEM_TOTAL        50000
MEM_STATIC       10000
THRESH           14
SCF_CONVERGENCE  8
XC_GRID          000099000590
NL_GRID          1
EDA_CLS_DISP     true
FD_MAT_VEC_PROD  FALSE
$end
--------------------------------------------------------------
 ----------------------------------------------------------------
             Standard Nuclear Orientation (Angstroms)
    I     Atom           X                Y                Z
 ----------------------------------------------------------------
    1      Li      0.2181601255    -0.0790988590     0.0191480274
    2      O       1.5287376442     1.3136171430    -0.5324823278
    3      H       2.1728166090     1.9636118796    -0.1705700229
    4      H       1.4631490138     1.4970230249    -1.5484907751
    5      O      -1.3728862059     0.9857305595     0.9270471647
    6      H      -1.5879091815     0.7145775062     1.8533173615
    7      H      -2.0757187815     1.5790755457     0.6287701325
    8      O      -1.2827437551    -0.7965325884    -1.0806645589
    9      H      -1.4046556313    -1.6380778079    -1.5543119314
   10      H      -2.1766009875    -0.4316193361    -1.0130243147
   11      O       1.1777008902    -1.4389286378     0.6971309739
   12      H       0.8101718320    -1.9293469207     1.4688299964
   13      H       1.7377981633    -2.0290391248     0.1897854565
 ----------------------------------------------------------------
 Molecular Point Group                 C1    NOp =  1
 Largest Abelian Subgroup              C1    NOp =  1
 Nuclear Repulsion Energy =         161.32954170 hartrees
 There are       21 alpha and       21 beta electrons
 Requested basis set is def2-TZVPPD
 There are 122 shells and 318 basis functions

 Q-Chem warning in module libmdc/get_mega.C, line 171:

 Allowed MEM_STATIC has been capped at MEM_STATIC=8191.
 Reduce the value of MEM_STATIC to silence this warning.


 Total QAlloc Memory Limit  50000 MB
 Mega-Array Size      8007 MB
 MEM_STATIC part      8191 MB

                       Distance Matrix (Angstroms)
             Li(  1)   O (  2)   H (  3)   H (  4)   O (  5)   H (  6)
   O (  2)  1.990369
   H (  3)  2.833609  0.984028
   H (  4)  2.547871  1.034511  1.618641
   O (  5)  2.118861  3.264530  3.838362  3.799053
   H (  6)  2.693694  3.970438  4.449637  4.636106  0.988805
   H (  7)  2.895352  3.796193  4.340146  4.155813  0.966955  1.576335
   O (  8)  1.994245  3.557761  4.515259  3.608211  2.686167  3.314337
   H (  9)  2.745856  4.285024  5.261674  4.248905  3.611443  4.144937
   H ( 10)  2.631450  4.123870  5.036298  4.153813  2.533518  3.142649
   O ( 11)  1.797086  3.035076  3.649718  3.707305  3.526660  3.690929
   H ( 12)  2.423938  3.877938  4.438419  4.612008  3.681976  3.590120
   H ( 13)  2.478040  3.426183  4.032414  3.940831  4.394172  4.621158
             H (  7)   O (  8)   H (  9)   H ( 10)   O ( 11)   H ( 12)
   O (  8)  3.032242
   H (  9)  3.945409  0.973346
   H ( 10)  2.597799  0.967842  1.531154
   O ( 11)  4.438216  3.102744  3.431796  3.897518
   H ( 12)  4.619859  3.487619  3.758947  4.162163  0.985448
   H ( 13)  5.268217  3.500970  3.615210  4.395568  0.958822  1.583156

 
 A cutoff of  1.0D-14 yielded   6928 shell pairs
 There are     46974 function pairs (     57089 Cartesian)
 Smallest overlap matrix eigenvalue = 8.31E-05

 Scale SEOQF with 1.000000e-01/1.000000e-01/1.000000e-01

 Standard Electronic Orientation quadrupole field applied
 Nucleus-field energy     =     0.0000000038 hartrees

 -----------------------------------------------------------------------
  General SCF calculation program by
  Eric Jon Sundstrom, Paul Horn, Yuezhi Mao, Dmitri Zuev, Alec White,
  David Stuck, Shaama M.S., Shane Yost, Joonho Lee, David Small,
  Daniel Levine, Susi Lehtola, Hugh Burton, Evgeny Epifanovsky,
  Bang C. Huynh
 -----------------------------------------------------------------------
================================================================
                 ALMO-EDA with the EDA2 driver                  
================================================================
 The second-generation ALMO-EDA (for DFT):                      
 P. R. Horn, Y. Mao and M. Head-Gordon, PCCP, 18, 23067 (2016)  
 Y. Mao et al. Annu. Rev. Phys. Chem. 72, 641 (2021)            
 Decomposition of the frozen energy:                            
 P. R. Horn, Y. Mao and M. Head-Gordon, JCP, 144, 114107 (2016) 
 FERF model for polarization:                                   
 P. R. Horn and M. Head-Gordon, JCP, 143, 114111 (2015)         
================================================================
 Using eda2 option set 1
 Option set summary: Frozen orbital wavefunction, initial wavefunction decomposition, and nDQ polarization.
--------------------------------
Printing EDA Options
--------------------------------
eda_child_super_basis      0
fragmo_guess_mode          0
child_mp                   1
child_mp_orders            232
cls_elec                   1
cls_disp                   1
scfmi_mode                 1
scfmi_occs                 0
scfmi_virts                0
frz_relax                  0
frz_relax_method           0
dc_pen_start               0
dc_pen_conv                0
dc_pen_increment           0
dc_pen_steps               0
dc_pen_thresh_factor       0
dc_pen_pre_newton_thresh   0
frz_ortho_decomp           1
frz_ortho_decomp_conv      6
plot_mo_ortho_frz          0
frgm_method                2
scfmi_freeze_ss            0
separate_rehyb             0
plot_diff_den              0
eda_nocv                   0
eda_vct_relax              1
disp_free_x                0
disp_free_c                0
eda_bsse                   0
eda_pct_a                  0
eda_covp                   0
--------------------------------
Attempting to make child job directory: /scratch/qchem683876//Frg1/
Attempting to make child job directory: /scratch/qchem683876//Frg2/
Creating input file /scratch/qchem683876/Frg1.input
using default PutDataFrgm: nothing
calling putenv with: QCSCRATCH=/scratch/qchem683876/ 
Spawning Job For Fragment 0
Done Job For Fragment 0
calling putenv with: QCSCRATCH=/scratch 
calling putenv with: QCTHREADS=6 
Creating input file /scratch/qchem683876/Frg2.input
using default PutDataFrgm: nothing
calling putenv with: QCSCRATCH=/scratch/qchem683876/ 
Spawning Job For Fragment 1
Done Job For Fragment 1
calling putenv with: QCSCRATCH=/scratch 
calling putenv with: QCTHREADS=6 
Doing General SCFMI
 Exchange:     0.1500 Hartree-Fock + 1.0000 wB97M-V + LR-HF
 Correlation:  1.0000 wB97M-V
 Using Euler-Maclaurin-Lebedev (99,590) quadrature formula
 Nonlocal Correlation:  VV10 with C = 0.0100 and b = 6.00 and scale = 1.00000
 Grid used for NLC:  SG-1 standard quadrature
performing fock build before subrot guess so that all methods have access
Printing subrot_rss_gen Method Specification:
Occupied Subspace Method is 0
Virtual Subspace Method is 0
Energy of the unrelaxed supersystem initial determinant -313.104514915481
write pseudocanon occs and virts to disk
write pseudocanon orbital energies to disk
Tolerance of ortho_decomp_scf: 1.00e-06
GDM subspace size: 20
Beginning the Orthogonal Decomposition of the Initial Supersystem Wavefunction
    1    -312.9344053678      2.23e-01     ortho_decomp Preconditoned Steepest Descent
    2    -312.9367981281      2.38e-03     ortho_decomp BFGS Step
    3    -312.9367988738      7.55e-05     ortho_decomp BFGS Step
    4    -312.9367988751      3.20e-06     ortho_decomp BFGS Step
    5    -312.9367988751      5.24e-08     ortho_decomp 00000 Convergence criterion met
 Hartree-Fock
 Hartree-Fock
 Hartree-Fock
 Exchange:     0.1500 Hartree-Fock + 1.0000 wB97M-V + LR-HF
 Correlation:  1.0000 wB97M-V
 Using Euler-Maclaurin-Lebedev (99,590) quadrature formula
 Nonlocal Correlation:  VV10 with C = 0.0100 and b = 6.00 and scale = 1.00000
 Grid used for NLC:  SG-1 standard quadrature
 Long-range K will be added via erf
 Coulomb attenuation parameter = 0.3 bohr**(-1)
 Nonlocal correlation = 1.753563181616e-01
Doing General SCFMI
 Exchange:     0.1500 Hartree-Fock + 1.0000 wB97M-V + LR-HF
 Correlation:  1.0000 wB97M-V
 Using Euler-Maclaurin-Lebedev (99,590) quadrature formula
 Nonlocal Correlation:  VV10 with C = 0.0100 and b = 6.00 and scale = 1.00000
 Grid used for NLC:  SG-1 standard quadrature
performing fock build at end of subrot_r(subrot) constructor so that all methods have access
<S^2> of initial wavefunction before polarization iterations 0.0000000000
Beginning iterations for the determination of the polarized wavefunction
Energy prior to optimization (guess energy) = -313.104514915481
Begin Timing: Total SCF Calculation
begin iterations for algorithm: DIIS         
the SCF tolerance is set to 1.00e-08
    1    -313.1045149155      1.50e-03     00000 
    2    -313.1527208657      8.21e-04     00000 
    3    -313.1596024236      3.09e-04     00000 
    4    -313.1606139035      5.62e-05     00000 
    5    -313.1606670784      1.01e-05     00000 
    6    -313.1606701306      6.65e-06     00000 
    7    -313.1606707054      1.09e-06     00000 
    8    -313.1606707519      1.41e-07     00000 
    9    -313.1606707524      9.52e-08     00000 
   10    -313.1606707525      1.85e-08     00000 
   11    -313.1606707525      4.06e-09     00000 Convergence criterion met
write pseudocanon occs and virts to disk
write pseudocanon orbital energies to disk
Timing for Total SCF: 90.00s (wall), 539.73s (cpu)
<S^2> of polarized wavefunction after polarization iterations 0.0000000000
relaxing scfmi constraint to allow all rotations in the entire AO span
Doing General SCFMI
 Exchange:     0.1500 Hartree-Fock + 1.0000 wB97M-V + LR-HF
 Correlation:  1.0000 wB97M-V
 Using Euler-Maclaurin-Lebedev (99,590) quadrature formula
 Nonlocal Correlation:  VV10 with C = 0.0100 and b = 6.00 and scale = 1.00000
 Grid used for NLC:  SG-1 standard quadrature
performing fock build at end of subrot_r(subrot) constructor so that all methods have access
<S^2> of polarized wavefunction before ct-allowed iterations 0.0000000000
Beginning iterations for the determination of the CT-Allowed wavefunction
Energy prior to optimization (guess energy) = -313.160670752505
Begin Timing: Total SCF Calculation
begin iterations for algorithm: DIIS         
the SCF tolerance is set to 1.00e-08
    1    -313.1606707525      5.05e-04     00000 
    2    -313.1681788989      4.09e-05     00000 
    3    -313.1682745929      8.35e-06     00000 
    4    -313.1682760849      6.39e-06     00000 
    5    -313.1682773402      7.84e-07     00000 
    6    -313.1682773640      1.03e-07     00000 
    7    -313.1682773648      6.53e-08     00000 
    8    -313.1682773649      1.32e-08     00000 
    9    -313.1682773650      1.80e-09     00000 Convergence criterion met
write pseudocanon occs and virts to disk
write pseudocanon orbital energies to disk
Timing for Total SCF: 71.00s (wall), 428.23s (cpu)
<S^2> of ct_allowed wavefunction after ct-allowed iterations 0.0000000000

================================
        Results of EDA2         
================================
Basic EDA Quantities
--------------------
Fragment Energies (Ha):
1   -7.2758394981
2 -305.7200583489
--------------------
  E_prp (kJ/mol) = -0.0000
  E_frz (kJ/mol) = -285.1775
  E_pol (kJ/mol) = -147.4389
  E_vct (kJ/mol) = -19.9714
  E_int (kJ/mol) = -452.5878
--------------------


Decomposition of frozen interaction energy
--------------------
  --------------------
  Orthogonal Frozen Decomposition:
  --------------------
     E_elec   (ELEC)   (kJ/mol) = -410.0803
     E_pauli  (PAULI)  (kJ/mol) = 137.3905
     E_disp   (DISP)   (kJ/mol) = -12.4877
  --------------------
  Classical Frozen Decomposition:
  --------------------
     E_cls_elec  (CLS ELEC)  (kJ/mol) = -389.4273
     E_mod_pauli (MOD PAULI) (kJ/mol) = 115.2117 (FRZ - CLS ELEC - CLS DISP)
     E_cls_disp  (CLS DISP)  (kJ/mol) = -10.9619
  --------------------
--------------------

Simplified EDA Summary (kJ/mol)
--------------------
 PREPARATION      -0.0000
 FROZEN           -285.1775 (ELEC + PAULI + DISP)
[ELEC + PAULI = -274.2156, DISP = -10.9619]
 POLARIZATION    -147.4389
 CHARGE TRANSFER -19.9714
 TOTAL           -452.5878     (PRP + FRZ + POL + CT)
--------------------
 
 --------------------------------------------------------------
 
                    Orbital Energies (a.u.)
 --------------------------------------------------------------
 
 Alpha MOs
 -- Occupied --
-19.5216 -19.5103 -19.5103 -19.5096  -2.2104  -1.3248  -1.3142  -1.3053
 -1.2916  -0.8311  -0.8150  -0.8057  -0.7937  -0.7123  -0.7044  -0.6849
 -0.6737  -0.6205  -0.6087  -0.5941  -0.5900
 -- Virtual --
 -0.1268  -0.0991  -0.0984  -0.0919  -0.0547  -0.0470  -0.0451  -0.0357
 -0.0302  -0.0060  -0.0051  -0.0010   0.0051   0.0081   0.0093   0.0191
  0.0220   0.0242   0.0358   0.0399   0.0597   0.0753   0.0853   0.0915
  0.1064   0.1128   0.1194   0.1270   0.1449   0.1480   0.1534   0.1552
  0.1632   0.1727   0.1804   0.1868   0.1928   0.2000   0.2032   0.2078
  0.2102   0.2150   0.2201   0.2271   0.2347   0.2453   0.2466   0.2577
  0.2618   0.2629   0.2716   0.2758   0.2836   0.2886   0.3036   0.3041
  0.3234   0.3383   0.3434   0.3481   0.3733   0.3934   0.4057   0.4141
  0.4236   0.4373   0.4499   0.4624   0.4805   0.4950   0.4953   0.4984
  0.5090   0.5196   0.5310   0.5420   0.5547   0.5633   0.5861   0.5993
  0.6201   0.6265   0.6439   0.6492   0.6514   0.6599   0.6837   0.7062
  0.7278   0.7333   0.7665   0.7679   0.7746   0.8057   0.8217   0.8524
  0.8752   0.8968   0.9124   0.9151   0.9400   0.9640   0.9840   1.0096
  1.0105   1.0276   1.0333   1.0425   1.0577   1.0636   1.0739   1.0886
  1.1046   1.1386   1.1458   1.1721   1.1766   1.1840   1.2064   1.2157
  1.2252   1.2569   1.2669   1.2762   1.2847   1.3037   1.3166   1.3421
  1.3604   1.3682   1.3868   1.3977   1.7771   1.7976   1.8085   1.8201
  1.8259   1.8390   1.8490   1.8785   1.8976   1.9274   1.9675   1.9904
  2.0479   2.0894   2.1143   2.1320   2.1380   2.1468   2.1645   2.2199
  2.2445   2.5722   2.6256   2.6322   2.6824   2.7116   2.7384   2.7670
  2.8050   2.8179   2.8425   2.8453   2.8781   3.0345   3.0552   3.0888
  3.1153   3.1504   3.1615   3.1643   3.1891   3.2147   3.2264   3.2436
  3.2524   3.2571   3.2671   3.2740   3.2814   3.2920   3.2991   3.3179
  3.3324   3.3364   3.3455   3.3519   3.3585   3.3769   3.3976   3.4090
  3.4173   3.4944   3.5254   3.5465   3.6017   3.7313   3.7650   3.7782
  3.7956   3.8026   3.8243   3.8488   3.8816   3.9269   3.9759   3.9856
  3.9981   4.0073   4.0096   4.0377   4.0430   4.0605   4.0703   4.0738
  4.0832   4.1068   4.1235   4.1263   4.1464   4.1494   4.1593   4.1791
  4.2370   4.4873   4.5453   4.5601   4.5656   4.5832   4.6062   4.6092
  4.6335   4.8010   4.8232   4.8632   4.9003   5.0059   5.0463   5.0693
  5.1196   5.4461   5.4742   5.4977   5.5211   5.9008   5.9711   6.0140
  6.0935   6.1720   6.1822   6.2270   6.2570   6.3280   6.3480   6.3604
  6.3652   6.4094   6.4203   6.4346   6.4430   6.4875   6.5061   6.5215
  6.5277   6.5541   6.5727   6.5856   6.6595   6.6657   6.6686   6.6843
  6.6910   6.7078   6.7165   6.8026   6.8656   6.9121   6.9317   6.9507
  7.2648   7.2920   7.3097   7.3114   7.3663   7.3777   7.4047   7.5152
  7.6769   7.7124   7.7326   7.7476  15.1148  44.1134  44.1788  44.2742
 44.2866
 --------------------------------------------------------------
 
          Ground-State Mulliken Net Atomic Charges

     Atom                 Charge (a.u.)
  ----------------------------------------
      1 Li                    0.861234
      2 O                    -0.432489
      3 H                     0.182029
      4 H                     0.270640
      5 O                    -0.353684
      6 H                     0.211670
      7 H                     0.166110
      8 O                    -0.309080
      9 H                     0.165622
     10 H                     0.176237
     11 O                    -0.362941
     12 H                     0.222443
     13 H                     0.202208
  ----------------------------------------
  Sum of atomic charges =     1.000000

 -----------------------------------------------------------------
                    Cartesian Multipole Moments
 -----------------------------------------------------------------
    Charge (ESU x 10^10)
                 4.8032
    Dipole Moment (Debye)
         X      -0.9478      Y      -0.9946      Z      -0.0695
       Tot       1.3757
    Quadrupole Moments (Debye-Ang)
        XX      -7.9259     XY      -0.2792     YY      -9.6504
        XZ      -2.0209     YZ      -1.3313     ZZ     -15.4370
    Octopole Moments (Debye-Ang^2)
       XXX     -14.2684    XXY      12.1287    XYY      14.0145
       YYY     -10.7709    XXZ      -5.0703    XYZ     -13.0081
       YYZ      -2.8161    XZZ      -6.4075    YZZ      -4.2190
       ZZZ       5.8423
    Hexadecapole Moments (Debye-Ang^3)
      XXXX    -231.2161   XXXY       1.6096   XXYY     -22.5389
      XYYY      -2.1608   YYYY    -178.7495   XXXZ       0.3190
      XXYZ      11.8205   XYYZ       3.8789   YYYZ      -9.1987
      XXZZ     -52.8285   XYZZ       8.2256   YYZZ     -35.6801
      XZZZ     -18.1387   YZZZ      -7.3847   ZZZZ    -105.9809
 -----------------------------------------------------------------
 Total job time:  851.75s(wall), 1841.75s(cpu) 
 Tue Jan  9 14:53:30 2024

        *************************************************************
        *                                                           *
        *  Thank you very much for using Q-Chem.  Have a nice day.  *
        *                                                           *
        *************************************************************


