
Running Job 1 of 1 118_Li-Water_Cls_058_almo.in
qchem 118_Li-Water_Cls_058_almo.in_699490.0 /scratch/qchem699490/ 6
/home/kchung25/qchem/5.4.0/exe/qcprog.exe_s 118_Li-Water_Cls_058_almo.in_699490.0 /scratch/qchem699490/
                  Welcome to Q-Chem
     A Quantum Leap Into The Future Of Chemistry


 Q-Chem 5.4, Q-Chem, Inc., Pleasanton, CA (2021)

 E. Epifanovsky,  A. T. B. Gilbert,  Xintian Feng,  Joonho Lee,  Yuezhi Mao,  
 N. Mardirossian,  P. Pokhilko,  A. White,  M. Wormit,  M. P. Coons,  
 A. L. Dempwolff,  Zhengting Gan,  D. Hait,  P. R. Horn,  L. D. Jacobson,  
 I. Kaliman,  J. Kussmann,  A. W. Lange,  Ka Un Lao,  D. S. Levine,  Jie Liu,  
 S. C. McKenzie,  A. F. Morrison,  K. Nanda,  F. Plasser,  D. R. Rehn,  
 M. L. Vidal,  Zhi-Qiang You,  Ying Zhu,  B. Alam,  B. Albrecht,  
 A. Aldossary,  E. Alguire,  J. H. Andersen,  D. Barton,  K. Begam,  A. Behn,  
 Y. A. Bernard,  E. J. Berquist,  H. Burton,  A. Carreras,  K. Carter-Fenk,  
 Romit Chakraborty,  A. D. Chien,  K. D. Closser,  V. Cofer-Shabica,  
 S. Dasgupta,  Jia Deng,  M. de Wergifosse,  M. Diedenhofen,  Hainam Do,  
 S. Ehlert,  Po-Tung Fang,  S. Fatehi,  Qingguo Feng,  T. Friedhoff,  
 J. Gayvert,  Qinghui Ge,  G. Gidofalvi,  M. Goldey,  J. Gomes,  
 C. Gonzalez-Espinoza,  S. Gulania,  A. Gunina,  M. W. D. Hanson-Heine,  
 P. H. P. Harbach,  A. W. Hauser,  M. F. Herbst,  M. Hernandez Vera,  
 M. Hodecker,  Z. C. Holden,  S. Houck,  Xunkun Huang,  Kerwin Hui,  
 B. C. Huynh,  M. Ivanov,  Hyunjun Ji,  Hanjie Jiang,  B. Kaduk,  S. Kaehler,  
 K. Khistyaev,  Jaehoon Kim,  P. Klunzinger,  Z. Koczor-Benda,  
 Joong Hoon Koh,  D. Kosenkov,  L. Koulias,  T. Kowalczyk,  C. M. Krauter,  
 K. Kue,  A. Kunitsa,  T. Kus,  A. Landau,  K. V. Lawler,  D. Lefrancois,  
 S. Lehtola,  Rain Li,  Yi-Pei Li,  Jiashu Liang,  M. Liebenthal,  
 Hung-Hsuan Lin,  You-Sheng Lin,  Fenglai Liu,  Kuan-Yu Liu,  
 M. Loipersberger,  A. Luenser,  A. Manjanath,  P. Manohar,  E. Mansoor,  
 S. F. Manzer,  Shan-Ping Mao,  A. V. Marenich,  T. Markovich,  S. Mason,  
 S. A. Maurer,  P. F. McLaughlin,  M. F. S. J. Menger,  J.-M. Mewes,  
 S. A. Mewes,  P. Morgante,  J. W. Mullinax,  K. J. Oosterbaan,  G. Paran,  
 Alexander C. Paul,  Suranjan K. Paul,  F. Pavosevic,  Zheng Pei,  S. Prager,  
 E. I. Proynov,  E. Ramos,  B. Rana,  A. E. Rask,  A. Rettig,  R. M. Richard,  
 F. Rob,  E. Rossomme,  T. Scheele,  M. Scheurer,  M. Schneider,  
 N. Sergueev,  S. M. Sharada,  W. Skomorowski,  D. W. Small,  C. J. Stein,  
 Yu-Chuan Su,  E. J. Sundstrom,  Zhen Tao,  J. Thirman,  T. Tsuchimochi,  
 N. M. Tubman,  S. P. Veccham,  O. Vydrov,  J. Wenzel,  J. Witte,  A. Yamada,  
 Kun Yao,  S. Yeganeh,  S. R. Yost,  A. Zech,  Igor Ying Zhang,  Xing Zhang,  
 Yu Zhang,  D. Zuev,  A. Aspuru-Guzik,  A. T. Bell,  N. A. Besley,  
 K. B. Bravaya,  B. R. Brooks,  D. Casanova,  Jeng-Da Chai,  S. Coriani,  
 C. J. Cramer,  A. E. DePrince, III,  R. A. DiStasio Jr.,  A. Dreuw,  
 B. D. Dunietz,  T. R. Furlani,  W. A. Goddard III,  S. Grimme,  
 S. Hammes-Schiffer,  T. Head-Gordon,  W. J. Hehre,  Chao-Ping Hsu,  
 T.-C. Jagau,  Yousung Jung,  A. Klamt,  Jing Kong,  D. S. Lambrecht,  
 WanZhen Liang,  N. J. Mayhall,  C. W. McCurdy,  J. B. Neaton,  T. Neudecker,  
 C. Ochsenfeld,  J. A. Parkhill,  R. Peverati,  V. A. Rassolov,  Yihan Shao,  
 L. V. Slipchenko,  R. P. Steele,  J. E. Subotnik,  A. J. W. Thom,  
 A. Tkatchenko,  D. G. Truhlar,  T. Van Voorhis,  T. A. Wesolowski,  
 K. B. Whaley,  H. L. Woodcock III,  P. M. Zimmerman,  S. Faraji,  
 P. M. W. Gill,  M. Head-Gordon,  J. M. Herbert,  A. I. Krylov

 Additional authors since Version 5.4.0: 
 Chandrima Chakravarty,  L. Cunha,  R. Kang,  Yongbin Kim,  S. Kotaru,  
 Shaozhi Li,  Xiangyuan Li,  F. Matz,  A. Molle,  V. Parravicini,  
 Haisheng Ren,  Hengyuan Shen,  Yingli Su,  Hung-Yi Tsai,  C. Utku,  
 Fang Wang,  Jeff Yang,  F. Zeller

 Contributors to earlier versions of Q-Chem not listed above: 
 R. D. Adamson,  B. Austin,  R. Baer,  J. Baker,  G. J. O. Beran,  
 K. Brandhorst,  S. T. Brown,  E. F. C. Byrd,  Arup K. Chakraborty,  
 G. K. L. Chan,  Chun-Min Chang,  Yunqing Chen,  C.-L. Cheng,  
 Siu Hung Chien,  D. M. Chipman,  D. L. Crittenden,  H. Dachsel,  
 R. J. Doerksen,  A. D. Dutoi,  R. G. Edgar,  J. Fosso-Tande,  
 L. Fusti-Molnar,  D. Ghosh,  A. Ghysels,  A. Golubeva-Zadorozhnaya,  
 J. Gonthier,  M. S. Gordon,  S. R. Gwaltney,  G. Hawkins,  J. E. Herr,  
 A. Heyden,  S. Hirata,  E. G. Hohenstein,  G. Kedziora,  F. J. Keil,  
 C. Kelley,  Jihan Kim,  R. A. King,  R. Z. Khaliullin,  P. P. Korambath,  
 W. Kurlancheek,  A. Laurent,  A. M. Lee,  M. S. Lee,  S. V. Levchenko,  
 Ching Yeh Lin,  D. Liotard,  E. Livshits,  R. C. Lochan,  I. Lotan,  
 L. A. Martinez-Martinez,  P. E. Maslen,  N. Nair,  D. P. O'Neill,  
 D. Neuhauser,  E. Neuscamman,  C. M. Oana,  R. Olivares-Amaya,  R. Olson,  
 T. M. Perrine,  B. Peters,  P. A. Pieniazek,  A. Prociuk,  Y. M. Rhee,  
 J. Ritchie,  M. A. Rohrdanz,  E. Rosta,  N. J. Russ,  H. F. Schaefer III,  
 M. W. Schmidt,  N. E. Schultz,  S. Sharma,  N. Shenvi,  C. D. Sherrill,  
 A. C. Simmonett,  A. Sodt,  T. Stein,  D. Stuck,  K. S. Thanthiriwatte,  
 V. Vanovschi,  L. Vogt,  Tao Wang,  A. Warshel,  M. A. Watson,  
 C. F. Williams,  Q. Wu,  X. Xu,  Jun Yang,  W. Zhang,  Yan Zhao

   Please cite Q-Chem as follows:
  "Software for the frontiers of quantum chemistry:
   An overview of developments in the Q-Chem 5 package"
   J. Chem. Phys. 155, 084801 (2021)
   https://doi.org/10.1063/5.0055522 (open access)

 Q-Chem 5.4.2 for Intel X86 EM64T Linux

 Parts of Q-Chem use Armadillo 9.900.5 (Nocturnal Misbehaviour).
 http://arma.sourceforge.net/

 Q-Chem begins on Tue Jan  9 22:10:21 2024  

 Host: 
0

     Scratch files written to /scratch/qchem699490//
 Dec1321 |scratch|qcdevops|jenkins|workspace|build_RNUM 5684   
 Processing $rem in /home/kchung25/qchem/5.4.0/config/preferences:
 Processing $rem in /home/kchung25/.qchemrc:

 Q-Chem warning in module libgen/rem_setup.C, line 3079:

 Neither GIA nor STOLL is specified by user. Use STOLL as the default


 Checking the input file for inconsistencies... 	...done.

--------------------------------------------------------------
User input:
--------------------------------------------------------------
$molecule
1 1
--
1 1
Li     0.000000     0.000000     0.000000
--
0 1
O     -1.338879    -1.195158     0.469759
H     -2.206298    -0.841443     0.411118
H     -1.348766    -2.032418     0.013778
O     -0.934211     1.705753    -0.411991
H     -1.886530     1.902021    -0.625808
H     -0.587757     2.579575    -0.080228
O      1.030291     0.006627    -1.612348
H      1.063590    -0.834805    -1.968945
H      0.649284     0.567706    -2.305850
O      1.441199    -0.544489     1.384860
H      0.936835    -0.980818     2.110251
H      1.651553     0.325783     1.741433
$end

$rem
JOBTYPE          eda
EDA2             1
METHOD           wB97M-V
BASIS            def2-TZVPPD
SYMMETRY         false
MEM_TOTAL        50000
MEM_STATIC       10000
THRESH           14
SCF_CONVERGENCE  8
XC_GRID          000099000590
NL_GRID          1
EDA_CLS_DISP     true
FD_MAT_VEC_PROD  FALSE
$end
--------------------------------------------------------------
 ----------------------------------------------------------------
             Standard Nuclear Orientation (Angstroms)
    I     Atom           X                Y                Z
 ----------------------------------------------------------------
    1      Li      0.0388564507     0.0183724960    -0.0241062087
    2      O       0.5636355948     1.6200740496     0.7510274073
    3      H      -0.0635731851     2.3126355847     0.6619406166
    4      H       0.8176179042     1.5916189320     1.6695610352
    5      O      -1.7234630160     0.3902669661    -0.8655363447
    6      H      -2.3812784905     1.1239109221    -0.7234249007
    7      H      -1.9408189886     0.0599872544    -1.7805957106
    8      O      -0.5612179289    -1.5597778576     0.8762058125
    9      H      -0.2236433726    -1.5860457485     1.7256947596
   10      H      -1.5250982220    -1.5970566265     0.9785096546
   11      O       1.8687963090    -0.6190021646    -0.7565225557
   12      H       2.4050430936     0.2038220056    -0.8362590881
   13      H       1.6131742375    -0.8164777605    -1.6645022962
 ----------------------------------------------------------------
 Molecular Point Group                 C1    NOp =  1
 Largest Abelian Subgroup              C1    NOp =  1
 Nuclear Repulsion Energy =         163.69653877 hartrees
 There are       21 alpha and       21 beta electrons
 Requested basis set is def2-TZVPPD
 There are 122 shells and 318 basis functions

 Q-Chem warning in module libmdc/get_mega.C, line 171:

 Allowed MEM_STATIC has been capped at MEM_STATIC=8191.
 Reduce the value of MEM_STATIC to silence this warning.


 Total QAlloc Memory Limit  50000 MB
 Mega-Array Size      8007 MB
 MEM_STATIC part      8191 MB

                       Distance Matrix (Angstroms)
             Li(  1)   O (  2)   H (  3)   H (  4)   O (  5)   H (  6)
   O (  2)  1.855175
   H (  3)  2.396830  0.938599
   H (  4)  2.439279  0.953426  1.520415
   O (  5)  1.987984  3.058844  2.963768  3.785110
   H (  6)  2.751057  3.330571  2.950265  4.022197  0.995565
   H (  7)  2.646904  3.887837  3.816341  4.675302  0.996826  1.563185
   O (  8)  1.913429  3.375266  3.910134  3.530142  2.861320  3.615747
   H (  9)  2.388486  3.442236  4.044368  3.344388  3.587443  4.242339
   H ( 10)  2.461870  3.842458  4.185925  4.016656  2.718328  3.321640
   O ( 11)  2.071560  2.998268  3.786897  3.446404  3.732939  4.593689
   H ( 12)  2.508550  2.813544  3.575719  3.274910  4.132818  4.875261
   H ( 13)  2.422055  3.587910  4.244428  4.189012  3.636994  4.539426
             H (  7)   O (  8)   H (  9)   H ( 10)   O ( 11)   H ( 12)
   O (  8)  3.403753
   H (  9)  4.237002  0.914482
   H ( 10)  3.245193  0.970011  1.500730
   O ( 11)  4.002864  3.075033  3.387459  3.935155
   H ( 12)  4.449604  3.852470  4.083776  4.688556  0.985372
   H ( 13)  3.662313  3.425737  3.931866  4.176550  0.963725  1.534293

 
 A cutoff of  1.0D-14 yielded   6988 shell pairs
 There are     47572 function pairs (     57859 Cartesian)
 Smallest overlap matrix eigenvalue = 9.58E-05

 Scale SEOQF with 1.000000e-01/1.000000e-01/1.000000e-01

 Standard Electronic Orientation quadrupole field applied
 Nucleus-field energy     =     0.0000000032 hartrees

 -----------------------------------------------------------------------
  General SCF calculation program by
  Eric Jon Sundstrom, Paul Horn, Yuezhi Mao, Dmitri Zuev, Alec White,
  David Stuck, Shaama M.S., Shane Yost, Joonho Lee, David Small,
  Daniel Levine, Susi Lehtola, Hugh Burton, Evgeny Epifanovsky,
  Bang C. Huynh
 -----------------------------------------------------------------------
================================================================
                 ALMO-EDA with the EDA2 driver                  
================================================================
 The second-generation ALMO-EDA (for DFT):                      
 P. R. Horn, Y. Mao and M. Head-Gordon, PCCP, 18, 23067 (2016)  
 Y. Mao et al. Annu. Rev. Phys. Chem. 72, 641 (2021)            
 Decomposition of the frozen energy:                            
 P. R. Horn, Y. Mao and M. Head-Gordon, JCP, 144, 114107 (2016) 
 FERF model for polarization:                                   
 P. R. Horn and M. Head-Gordon, JCP, 143, 114111 (2015)         
================================================================
 Using eda2 option set 1
 Option set summary: Frozen orbital wavefunction, initial wavefunction decomposition, and nDQ polarization.
--------------------------------
Printing EDA Options
--------------------------------
eda_child_super_basis      0
fragmo_guess_mode          0
child_mp                   1
child_mp_orders            232
cls_elec                   1
cls_disp                   1
scfmi_mode                 1
scfmi_occs                 0
scfmi_virts                0
frz_relax                  0
frz_relax_method           0
dc_pen_start               0
dc_pen_conv                0
dc_pen_increment           0
dc_pen_steps               0
dc_pen_thresh_factor       0
dc_pen_pre_newton_thresh   0
frz_ortho_decomp           1
frz_ortho_decomp_conv      6
plot_mo_ortho_frz          0
frgm_method                2
scfmi_freeze_ss            0
separate_rehyb             0
plot_diff_den              0
eda_nocv                   0
eda_vct_relax              1
disp_free_x                0
disp_free_c                0
eda_bsse                   0
eda_pct_a                  0
eda_covp                   0
--------------------------------
Attempting to make child job directory: /scratch/qchem699490//Frg1/
Attempting to make child job directory: /scratch/qchem699490//Frg2/
Creating input file /scratch/qchem699490/Frg1.input
using default PutDataFrgm: nothing
calling putenv with: QCSCRATCH=/scratch/qchem699490/ 
Spawning Job For Fragment 0
Done Job For Fragment 0
calling putenv with: QCSCRATCH=/scratch 
calling putenv with: QCTHREADS=6 
Creating input file /scratch/qchem699490/Frg2.input
using default PutDataFrgm: nothing
calling putenv with: QCSCRATCH=/scratch/qchem699490/ 
Spawning Job For Fragment 1
Done Job For Fragment 1
calling putenv with: QCSCRATCH=/scratch 
calling putenv with: QCTHREADS=6 
Doing General SCFMI
 Exchange:     0.1500 Hartree-Fock + 1.0000 wB97M-V + LR-HF
 Correlation:  1.0000 wB97M-V
 Using Euler-Maclaurin-Lebedev (99,590) quadrature formula
 Nonlocal Correlation:  VV10 with C = 0.0100 and b = 6.00 and scale = 1.00000
 Grid used for NLC:  SG-1 standard quadrature
performing fock build before subrot guess so that all methods have access
Printing subrot_rss_gen Method Specification:
Occupied Subspace Method is 0
Virtual Subspace Method is 0
Energy of the unrelaxed supersystem initial determinant -313.101273685678
write pseudocanon occs and virts to disk
write pseudocanon orbital energies to disk
Tolerance of ortho_decomp_scf: 1.00e-06
GDM subspace size: 20
Beginning the Orthogonal Decomposition of the Initial Supersystem Wavefunction
    1    -312.9341116256      2.01e-01     ortho_decomp Preconditoned Steepest Descent
    2    -312.9361265468      2.30e-03     ortho_decomp BFGS Step
    3    -312.9361273692      8.05e-05     ortho_decomp BFGS Step
    4    -312.9361273706      2.98e-06     ortho_decomp BFGS Step
    5    -312.9361273706      5.57e-08     ortho_decomp 00000 Convergence criterion met
 Hartree-Fock
 Hartree-Fock
 Hartree-Fock
 Exchange:     0.1500 Hartree-Fock + 1.0000 wB97M-V + LR-HF
 Correlation:  1.0000 wB97M-V
 Using Euler-Maclaurin-Lebedev (99,590) quadrature formula
 Nonlocal Correlation:  VV10 with C = 0.0100 and b = 6.00 and scale = 1.00000
 Grid used for NLC:  SG-1 standard quadrature
 Long-range K will be added via erf
 Coulomb attenuation parameter = 0.3 bohr**(-1)
 Nonlocal correlation = 1.752800099949e-01
Doing General SCFMI
 Exchange:     0.1500 Hartree-Fock + 1.0000 wB97M-V + LR-HF
 Correlation:  1.0000 wB97M-V
 Using Euler-Maclaurin-Lebedev (99,590) quadrature formula
 Nonlocal Correlation:  VV10 with C = 0.0100 and b = 6.00 and scale = 1.00000
 Grid used for NLC:  SG-1 standard quadrature
performing fock build at end of subrot_r(subrot) constructor so that all methods have access
<S^2> of initial wavefunction before polarization iterations 0.0000000000
Beginning iterations for the determination of the polarized wavefunction
Energy prior to optimization (guess energy) = -313.101273685678
Begin Timing: Total SCF Calculation
begin iterations for algorithm: DIIS         
the SCF tolerance is set to 1.00e-08
    1    -313.1012736857      1.51e-03     00000 
    2    -313.1516716487      7.20e-04     00000 
    3    -313.1569020685      2.89e-04     00000 
    4    -313.1577795824      6.08e-05     00000 
    5    -313.1578377959      1.08e-05     00000 
    6    -313.1578414537      7.10e-06     00000 
    7    -313.1578421510      1.19e-06     00000 
    8    -313.1578422232      1.51e-07     00000 
    9    -313.1578422245      6.87e-08     00000 
   10    -313.1578422246      2.87e-08     00000 
   11    -313.1578422246      6.77e-09     00000 Convergence criterion met
write pseudocanon occs and virts to disk
write pseudocanon orbital energies to disk
Timing for Total SCF: 93.00s (wall), 553.51s (cpu)
<S^2> of polarized wavefunction after polarization iterations 0.0000000000
relaxing scfmi constraint to allow all rotations in the entire AO span
Doing General SCFMI
 Exchange:     0.1500 Hartree-Fock + 1.0000 wB97M-V + LR-HF
 Correlation:  1.0000 wB97M-V
 Using Euler-Maclaurin-Lebedev (99,590) quadrature formula
 Nonlocal Correlation:  VV10 with C = 0.0100 and b = 6.00 and scale = 1.00000
 Grid used for NLC:  SG-1 standard quadrature
performing fock build at end of subrot_r(subrot) constructor so that all methods have access
<S^2> of polarized wavefunction before ct-allowed iterations 0.0000000000
Beginning iterations for the determination of the CT-Allowed wavefunction
Energy prior to optimization (guess energy) = -313.157842224581
Begin Timing: Total SCF Calculation
begin iterations for algorithm: DIIS         
the SCF tolerance is set to 1.00e-08
    1    -313.1578422246      5.31e-04     00000 
    2    -313.1660340228      4.31e-05     00000 
    3    -313.1661395127      1.01e-05     00000 
    4    -313.1661416402      7.52e-06     00000 
    5    -313.1661433872      7.38e-07     00000 
    6    -313.1661434099      1.26e-07     00000 
    7    -313.1661434109      8.44e-08     00000 
    8    -313.1661434112      1.22e-08     00000 
    9    -313.1661434112      1.79e-09     00000 Convergence criterion met
write pseudocanon occs and virts to disk
write pseudocanon orbital energies to disk
Timing for Total SCF: 74.00s (wall), 439.76s (cpu)
<S^2> of ct_allowed wavefunction after ct-allowed iterations 0.0000000000

================================
        Results of EDA2         
================================
Basic EDA Quantities
--------------------
Fragment Energies (Ha):
1   -7.2758394981
2 -305.7275873241
--------------------
  E_prp (kJ/mol) = -0.0000
  E_frz (kJ/mol) = -256.9000
  E_pol (kJ/mol) = -148.5225
  E_vct (kJ/mol) = -21.7950
  E_int (kJ/mol) = -427.2175
--------------------


Decomposition of frozen interaction energy
--------------------
  --------------------
  Orthogonal Frozen Decomposition:
  --------------------
     E_elec   (ELEC)   (kJ/mol) = -399.8820
     E_pauli  (PAULI)  (kJ/mol) = 156.4996
     E_disp   (DISP)   (kJ/mol) = -13.5176
  --------------------
  Classical Frozen Decomposition:
  --------------------
     E_cls_elec  (CLS ELEC)  (kJ/mol) = -377.3524
     E_mod_pauli (MOD PAULI) (kJ/mol) = 131.9858 (FRZ - CLS ELEC - CLS DISP)
     E_cls_disp  (CLS DISP)  (kJ/mol) = -11.5334
  --------------------
--------------------

Simplified EDA Summary (kJ/mol)
--------------------
 PREPARATION      -0.0000
 FROZEN           -256.9000 (ELEC + PAULI + DISP)
[ELEC + PAULI = -245.3666, DISP = -11.5334]
 POLARIZATION    -148.5225
 CHARGE TRANSFER -21.7950
 TOTAL           -427.2175     (PRP + FRZ + POL + CT)
--------------------
 
 --------------------------------------------------------------
 
                    Orbital Energies (a.u.)
 --------------------------------------------------------------
 
 Alpha MOs
 -- Occupied --
-19.5368 -19.5322 -19.5116 -19.5096  -2.2153  -1.3497  -1.3324  -1.3250
 -1.3094  -0.8508  -0.8290  -0.8192  -0.8033  -0.7246  -0.7170  -0.6997
 -0.6735  -0.6381  -0.6283  -0.6118  -0.6050
 -- Virtual --
 -0.1362  -0.1066  -0.0990  -0.0946  -0.0549  -0.0494  -0.0412  -0.0391
 -0.0350  -0.0111  -0.0076  -0.0033   0.0019   0.0066   0.0118   0.0173
  0.0199   0.0254   0.0350   0.0377   0.0516   0.0590   0.0707   0.0888
  0.1010   0.1081   0.1182   0.1263   0.1359   0.1436   0.1534   0.1638
  0.1661   0.1728   0.1786   0.1845   0.1877   0.2021   0.2072   0.2134
  0.2189   0.2293   0.2333   0.2355   0.2369   0.2405   0.2431   0.2465
  0.2554   0.2621   0.2635   0.2712   0.2835   0.2907   0.2946   0.3013
  0.3132   0.3204   0.3348   0.3454   0.3740   0.3863   0.3930   0.3985
  0.4122   0.4223   0.4328   0.4542   0.4618   0.4710   0.4825   0.4937
  0.5058   0.5354   0.5554   0.5601   0.5806   0.6000   0.6048   0.6135
  0.6165   0.6302   0.6601   0.6644   0.6704   0.6874   0.7007   0.7061
  0.7296   0.7307   0.7523   0.7574   0.7823   0.7944   0.8105   0.8239
  0.8394   0.8740   0.8888   0.8968   0.9271   0.9399   0.9542   0.9861
  0.9921   1.0132   1.0354   1.0450   1.0625   1.0735   1.0843   1.0928
  1.1007   1.1216   1.1359   1.1525   1.1707   1.1864   1.1942   1.2095
  1.2325   1.2370   1.2535   1.2853   1.2976   1.3068   1.3206   1.3409
  1.3563   1.3789   1.3973   1.4112   1.7456   1.7787   1.7981   1.8193
  1.8322   1.8673   1.8766   1.8939   1.9163   1.9703   1.9750   1.9867
  2.0276   2.0784   2.0940   2.1099   2.1178   2.1391   2.1984   2.2444
  2.2552   2.4870   2.5434   2.5816   2.6368   2.6837   2.6916   2.7075
  2.7565   2.8077   2.8516   2.8901   2.9046   3.0300   3.0663   3.0750
  3.0926   3.1310   3.1458   3.1599   3.1733   3.1889   3.2141   3.2213
  3.2358   3.2474   3.2654   3.2768   3.2874   3.2982   3.3167   3.3218
  3.3307   3.3515   3.3563   3.3734   3.3819   3.4036   3.4137   3.4430
  3.4772   3.5058   3.5650   3.5824   3.6072   3.7177   3.7873   3.7964
  3.8224   3.8387   3.8865   3.8983   3.9267   3.9363   3.9485   3.9751
  3.9917   4.0049   4.0149   4.0329   4.0425   4.0557   4.0715   4.0800
  4.0823   4.0958   4.1144   4.1332   4.1469   4.1580   4.1643   4.1830
  4.2319   4.5313   4.5419   4.5658   4.6013   4.6151   4.6328   4.6452
  4.6967   4.7863   4.8609   4.9053   4.9223   5.0273   5.0889   5.1259
  5.1912   5.4562   5.5221   5.5273   5.5673   5.9898   6.0928   6.1114
  6.1704   6.1746   6.1979   6.2234   6.2633   6.3273   6.3366   6.3664
  6.3848   6.4252   6.4335   6.4590   6.4798   6.4975   6.5244   6.5403
  6.5646   6.5939   6.6054   6.6093   6.6459   6.6496   6.6544   6.6909
  6.7192   6.7518   6.7661   6.8027   6.8364   6.9181   6.9534   6.9861
  7.2708   7.3703   7.3870   7.4014   7.4661   7.4682   7.5086   7.5747
  7.6257   7.6726   7.7707   7.8140  15.0342  44.1552  44.2198  44.2768
 44.3500
 --------------------------------------------------------------
 
          Ground-State Mulliken Net Atomic Charges

     Atom                 Charge (a.u.)
  ----------------------------------------
      1 Li                    0.798096
      2 O                    -0.327476
      3 H                     0.177410
      4 H                     0.199622
      5 O                    -0.387097
      6 H                     0.201830
      7 H                     0.217763
      8 O                    -0.302610
      9 H                     0.150224
     10 H                     0.216566
     11 O                    -0.407937
     12 H                     0.247408
     13 H                     0.216203
  ----------------------------------------
  Sum of atomic charges =     1.000000

 -----------------------------------------------------------------
                    Cartesian Multipole Moments
 -----------------------------------------------------------------
    Charge (ESU x 10^10)
                 4.8032
    Dipole Moment (Debye)
         X      -2.5682      Y       2.7708      Z       0.0624
       Tot       3.7785
    Quadrupole Moments (Debye-Ang)
        XX     -12.5508     XY       0.4486     YY     -18.7103
        XZ       1.0652     YZ       0.9851     ZZ     -10.2378
    Octopole Moments (Debye-Ang^2)
       XXX     -16.6779    XXY      10.2445    XYY     -12.0601
       YYY      19.3454    XXZ     -14.0456    XYZ       6.9460
       YYZ      11.6758    XZZ      -0.6596    YZZ      -4.0044
       ZZZ       0.5198
    Hexadecapole Moments (Debye-Ang^3)
      XXXX    -228.9790   XXXY       1.5792   XXYY     -76.9276
      XYYY      -6.6398   YYYY    -211.3563   XXXZ       7.7247
      XXYZ     -10.5360   XYYZ      -0.8996   YYYZ       9.0929
      XXZZ     -39.2172   XYZZ       4.9490   YYZZ     -39.5148
      XZZZ      12.9008   YZZZ       6.9085   ZZZZ     -86.8861
 -----------------------------------------------------------------
 Total job time:  882.13s(wall), 1891.26s(cpu) 
 Tue Jan  9 22:25:03 2024

        *************************************************************
        *                                                           *
        *  Thank you very much for using Q-Chem.  Have a nice day.  *
        *                                                           *
        *************************************************************


