
Running Job 1 of 1 118_Li-Water_Cls_043_almo.in
qchem 118_Li-Water_Cls_043_almo.in_692136.0 /scratch/qchem692136/ 6
/home/kchung25/qchem/5.4.0/exe/qcprog.exe_s 118_Li-Water_Cls_043_almo.in_692136.0 /scratch/qchem692136/
                  Welcome to Q-Chem
     A Quantum Leap Into The Future Of Chemistry


 Q-Chem 5.4, Q-Chem, Inc., Pleasanton, CA (2021)

 E. Epifanovsky,  A. T. B. Gilbert,  Xintian Feng,  Joonho Lee,  Yuezhi Mao,  
 N. Mardirossian,  P. Pokhilko,  A. White,  M. Wormit,  M. P. Coons,  
 A. L. Dempwolff,  Zhengting Gan,  D. Hait,  P. R. Horn,  L. D. Jacobson,  
 I. Kaliman,  J. Kussmann,  A. W. Lange,  Ka Un Lao,  D. S. Levine,  Jie Liu,  
 S. C. McKenzie,  A. F. Morrison,  K. Nanda,  F. Plasser,  D. R. Rehn,  
 M. L. Vidal,  Zhi-Qiang You,  Ying Zhu,  B. Alam,  B. Albrecht,  
 A. Aldossary,  E. Alguire,  J. H. Andersen,  D. Barton,  K. Begam,  A. Behn,  
 Y. A. Bernard,  E. J. Berquist,  H. Burton,  A. Carreras,  K. Carter-Fenk,  
 Romit Chakraborty,  A. D. Chien,  K. D. Closser,  V. Cofer-Shabica,  
 S. Dasgupta,  Jia Deng,  M. de Wergifosse,  M. Diedenhofen,  Hainam Do,  
 S. Ehlert,  Po-Tung Fang,  S. Fatehi,  Qingguo Feng,  T. Friedhoff,  
 J. Gayvert,  Qinghui Ge,  G. Gidofalvi,  M. Goldey,  J. Gomes,  
 C. Gonzalez-Espinoza,  S. Gulania,  A. Gunina,  M. W. D. Hanson-Heine,  
 P. H. P. Harbach,  A. W. Hauser,  M. F. Herbst,  M. Hernandez Vera,  
 M. Hodecker,  Z. C. Holden,  S. Houck,  Xunkun Huang,  Kerwin Hui,  
 B. C. Huynh,  M. Ivanov,  Hyunjun Ji,  Hanjie Jiang,  B. Kaduk,  S. Kaehler,  
 K. Khistyaev,  Jaehoon Kim,  P. Klunzinger,  Z. Koczor-Benda,  
 Joong Hoon Koh,  D. Kosenkov,  L. Koulias,  T. Kowalczyk,  C. M. Krauter,  
 K. Kue,  A. Kunitsa,  T. Kus,  A. Landau,  K. V. Lawler,  D. Lefrancois,  
 S. Lehtola,  Rain Li,  Yi-Pei Li,  Jiashu Liang,  M. Liebenthal,  
 Hung-Hsuan Lin,  You-Sheng Lin,  Fenglai Liu,  Kuan-Yu Liu,  
 M. Loipersberger,  A. Luenser,  A. Manjanath,  P. Manohar,  E. Mansoor,  
 S. F. Manzer,  Shan-Ping Mao,  A. V. Marenich,  T. Markovich,  S. Mason,  
 S. A. Maurer,  P. F. McLaughlin,  M. F. S. J. Menger,  J.-M. Mewes,  
 S. A. Mewes,  P. Morgante,  J. W. Mullinax,  K. J. Oosterbaan,  G. Paran,  
 Alexander C. Paul,  Suranjan K. Paul,  F. Pavosevic,  Zheng Pei,  S. Prager,  
 E. I. Proynov,  E. Ramos,  B. Rana,  A. E. Rask,  A. Rettig,  R. M. Richard,  
 F. Rob,  E. Rossomme,  T. Scheele,  M. Scheurer,  M. Schneider,  
 N. Sergueev,  S. M. Sharada,  W. Skomorowski,  D. W. Small,  C. J. Stein,  
 Yu-Chuan Su,  E. J. Sundstrom,  Zhen Tao,  J. Thirman,  T. Tsuchimochi,  
 N. M. Tubman,  S. P. Veccham,  O. Vydrov,  J. Wenzel,  J. Witte,  A. Yamada,  
 Kun Yao,  S. Yeganeh,  S. R. Yost,  A. Zech,  Igor Ying Zhang,  Xing Zhang,  
 Yu Zhang,  D. Zuev,  A. Aspuru-Guzik,  A. T. Bell,  N. A. Besley,  
 K. B. Bravaya,  B. R. Brooks,  D. Casanova,  Jeng-Da Chai,  S. Coriani,  
 C. J. Cramer,  A. E. DePrince, III,  R. A. DiStasio Jr.,  A. Dreuw,  
 B. D. Dunietz,  T. R. Furlani,  W. A. Goddard III,  S. Grimme,  
 S. Hammes-Schiffer,  T. Head-Gordon,  W. J. Hehre,  Chao-Ping Hsu,  
 T.-C. Jagau,  Yousung Jung,  A. Klamt,  Jing Kong,  D. S. Lambrecht,  
 WanZhen Liang,  N. J. Mayhall,  C. W. McCurdy,  J. B. Neaton,  T. Neudecker,  
 C. Ochsenfeld,  J. A. Parkhill,  R. Peverati,  V. A. Rassolov,  Yihan Shao,  
 L. V. Slipchenko,  R. P. Steele,  J. E. Subotnik,  A. J. W. Thom,  
 A. Tkatchenko,  D. G. Truhlar,  T. Van Voorhis,  T. A. Wesolowski,  
 K. B. Whaley,  H. L. Woodcock III,  P. M. Zimmerman,  S. Faraji,  
 P. M. W. Gill,  M. Head-Gordon,  J. M. Herbert,  A. I. Krylov

 Additional authors since Version 5.4.0: 
 Chandrima Chakravarty,  L. Cunha,  R. Kang,  Yongbin Kim,  S. Kotaru,  
 Shaozhi Li,  Xiangyuan Li,  F. Matz,  A. Molle,  V. Parravicini,  
 Haisheng Ren,  Hengyuan Shen,  Yingli Su,  Hung-Yi Tsai,  C. Utku,  
 Fang Wang,  Jeff Yang,  F. Zeller

 Contributors to earlier versions of Q-Chem not listed above: 
 R. D. Adamson,  B. Austin,  R. Baer,  J. Baker,  G. J. O. Beran,  
 K. Brandhorst,  S. T. Brown,  E. F. C. Byrd,  Arup K. Chakraborty,  
 G. K. L. Chan,  Chun-Min Chang,  Yunqing Chen,  C.-L. Cheng,  
 Siu Hung Chien,  D. M. Chipman,  D. L. Crittenden,  H. Dachsel,  
 R. J. Doerksen,  A. D. Dutoi,  R. G. Edgar,  J. Fosso-Tande,  
 L. Fusti-Molnar,  D. Ghosh,  A. Ghysels,  A. Golubeva-Zadorozhnaya,  
 J. Gonthier,  M. S. Gordon,  S. R. Gwaltney,  G. Hawkins,  J. E. Herr,  
 A. Heyden,  S. Hirata,  E. G. Hohenstein,  G. Kedziora,  F. J. Keil,  
 C. Kelley,  Jihan Kim,  R. A. King,  R. Z. Khaliullin,  P. P. Korambath,  
 W. Kurlancheek,  A. Laurent,  A. M. Lee,  M. S. Lee,  S. V. Levchenko,  
 Ching Yeh Lin,  D. Liotard,  E. Livshits,  R. C. Lochan,  I. Lotan,  
 L. A. Martinez-Martinez,  P. E. Maslen,  N. Nair,  D. P. O'Neill,  
 D. Neuhauser,  E. Neuscamman,  C. M. Oana,  R. Olivares-Amaya,  R. Olson,  
 T. M. Perrine,  B. Peters,  P. A. Pieniazek,  A. Prociuk,  Y. M. Rhee,  
 J. Ritchie,  M. A. Rohrdanz,  E. Rosta,  N. J. Russ,  H. F. Schaefer III,  
 M. W. Schmidt,  N. E. Schultz,  S. Sharma,  N. Shenvi,  C. D. Sherrill,  
 A. C. Simmonett,  A. Sodt,  T. Stein,  D. Stuck,  K. S. Thanthiriwatte,  
 V. Vanovschi,  L. Vogt,  Tao Wang,  A. Warshel,  M. A. Watson,  
 C. F. Williams,  Q. Wu,  X. Xu,  Jun Yang,  W. Zhang,  Yan Zhao

   Please cite Q-Chem as follows:
  "Software for the frontiers of quantum chemistry:
   An overview of developments in the Q-Chem 5 package"
   J. Chem. Phys. 155, 084801 (2021)
   https://doi.org/10.1063/5.0055522 (open access)

 Q-Chem 5.4.2 for Intel X86 EM64T Linux

 Parts of Q-Chem use Armadillo 9.900.5 (Nocturnal Misbehaviour).
 http://arma.sourceforge.net/

 Q-Chem begins on Tue Jan  9 18:37:06 2024  

 Host: 
0

     Scratch files written to /scratch/qchem692136//
 Dec1321 |scratch|qcdevops|jenkins|workspace|build_RNUM 5684   
 Processing $rem in /home/kchung25/qchem/5.4.0/config/preferences:
 Processing $rem in /home/kchung25/.qchemrc:

 Q-Chem warning in module libgen/rem_setup.C, line 3079:

 Neither GIA nor STOLL is specified by user. Use STOLL as the default


 Checking the input file for inconsistencies... 	...done.

--------------------------------------------------------------
User input:
--------------------------------------------------------------
$molecule
1 1
--
1 1
Li     0.000000     0.000000     0.000000
--
0 1
O     -0.398786    -1.589021    -1.083653
H      0.104594    -1.896182    -1.796161
H     -0.340299    -2.316178    -0.427544
O      1.473191    -0.539863     0.795211
H      2.355782    -0.467384     0.412253
H      1.505819    -1.406148     1.233169
O      0.501553     1.463017    -1.262223
H     -0.051961     1.314977    -2.033203
H      1.407051     1.606647    -1.681690
O     -1.690669     0.465935     0.912623
H     -1.690927     0.654825     1.943650
H     -2.533637     0.109345     0.695255
$end

$rem
JOBTYPE          eda
EDA2             1
METHOD           wB97M-V
BASIS            def2-TZVPPD
SYMMETRY         false
MEM_TOTAL        50000
MEM_STATIC       10000
THRESH           14
SCF_CONVERGENCE  8
XC_GRID          000099000590
NL_GRID          1
EDA_CLS_DISP     true
FD_MAT_VEC_PROD  FALSE
$end
--------------------------------------------------------------
 ----------------------------------------------------------------
             Standard Nuclear Orientation (Angstroms)
    I     Atom           X                Y                Z
 ----------------------------------------------------------------
    1      Li      0.0775183669     0.0312105267    -0.1624402898
    2      O      -0.2885099388    -1.0768504168     1.4176059316
    3      H      -1.0855092283    -1.1014993176     1.8862118626
    4      H      -0.1976883581    -1.9883187800     1.0659897844
    5      O      -1.0074358767    -0.7278542748    -1.3203691443
    6      H      -1.9419416230    -0.5074880860    -1.4153147148
    7      H      -1.0074758482    -1.6924079333    -1.4342011945
    8      O      -0.6353992204     1.8562181955     0.2200209219
    9      H      -0.4831750515     1.9810876992     1.1602013087
   10      H      -1.5930139953     2.1564808723     0.1234546917
   11      O       2.0467139750     0.1107926786    -0.3182387810
   12      H       2.5040145708    -0.0786723604    -1.2421843083
   13      H       2.6492829194    -0.1612631340     0.3510120140
 ----------------------------------------------------------------
 Molecular Point Group                 C1    NOp =  1
 Largest Abelian Subgroup              C1    NOp =  1
 Nuclear Repulsion Energy =         164.60482818 hartrees
 There are       21 alpha and       21 beta electrons
 Requested basis set is def2-TZVPPD
 There are 122 shells and 318 basis functions

 Q-Chem warning in module libmdc/get_mega.C, line 171:

 Allowed MEM_STATIC has been capped at MEM_STATIC=8191.
 Reduce the value of MEM_STATIC to silence this warning.


 Total QAlloc Memory Limit  50000 MB
 Mega-Array Size      8007 MB
 MEM_STATIC part      8191 MB

                       Distance Matrix (Angstroms)
             Li(  1)   O (  2)   H (  3)   H (  4)   O (  5)   H (  6)
   O (  2)  1.964261
   H (  3)  2.613932  0.924882
   H (  4)  2.379764  0.981151  1.499146
   O (  5)  1.759007  2.852220  3.229221  2.817653
   H (  6)  2.436824  3.329181  3.462139  3.375226  0.964820
   H (  7)  2.401135  3.004767  3.373486  2.644669  0.971247  1.509178
   O (  8)  1.996292  3.187073  3.424454  3.960772  3.031278  3.157290
   H (  9)  2.421937  3.074921  3.223700  3.980775  3.710316  3.867078
   H ( 10)  2.718306  3.719004  3.738891  4.473776  3.278249  3.096174
   O ( 11)  1.976952  3.142757  4.017471  3.370415  3.321961  4.182729
   H ( 12)  2.658158  3.983596  4.870084  4.034057  3.571811  4.469942
   H ( 13)  2.629573  3.256770  4.146029  3.457538  4.060312  4.931442
             H (  7)   O (  8)   H (  9)   H ( 10)   O ( 11)   H ( 12)
   O (  8)  3.932892
   H (  9)  4.527735  0.960575
   H ( 10)  4.193220  1.008221  1.528839
   O ( 11)  3.718196  3.244991  3.476223  4.198518
   H ( 12)  3.869312  3.967085  4.351709  4.862769  1.048187
   H ( 13)  4.347790  3.857010  3.880302  4.839504  0.940745  1.601936

 
 A cutoff of  1.0D-14 yielded   7002 shell pairs
 There are     47736 function pairs (     58072 Cartesian)
 Smallest overlap matrix eigenvalue = 9.10E-05

 Scale SEOQF with 1.000000e-01/1.000000e-01/1.000000e-01

 Standard Electronic Orientation quadrupole field applied
 Nucleus-field energy     =     0.0000000019 hartrees

 -----------------------------------------------------------------------
  General SCF calculation program by
  Eric Jon Sundstrom, Paul Horn, Yuezhi Mao, Dmitri Zuev, Alec White,
  David Stuck, Shaama M.S., Shane Yost, Joonho Lee, David Small,
  Daniel Levine, Susi Lehtola, Hugh Burton, Evgeny Epifanovsky,
  Bang C. Huynh
 -----------------------------------------------------------------------
================================================================
                 ALMO-EDA with the EDA2 driver                  
================================================================
 The second-generation ALMO-EDA (for DFT):                      
 P. R. Horn, Y. Mao and M. Head-Gordon, PCCP, 18, 23067 (2016)  
 Y. Mao et al. Annu. Rev. Phys. Chem. 72, 641 (2021)            
 Decomposition of the frozen energy:                            
 P. R. Horn, Y. Mao and M. Head-Gordon, JCP, 144, 114107 (2016) 
 FERF model for polarization:                                   
 P. R. Horn and M. Head-Gordon, JCP, 143, 114111 (2015)         
================================================================
 Using eda2 option set 1
 Option set summary: Frozen orbital wavefunction, initial wavefunction decomposition, and nDQ polarization.
--------------------------------
Printing EDA Options
--------------------------------
eda_child_super_basis      0
fragmo_guess_mode          0
child_mp                   1
child_mp_orders            232
cls_elec                   1
cls_disp                   1
scfmi_mode                 1
scfmi_occs                 0
scfmi_virts                0
frz_relax                  0
frz_relax_method           0
dc_pen_start               0
dc_pen_conv                0
dc_pen_increment           0
dc_pen_steps               0
dc_pen_thresh_factor       0
dc_pen_pre_newton_thresh   0
frz_ortho_decomp           1
frz_ortho_decomp_conv      6
plot_mo_ortho_frz          0
frgm_method                2
scfmi_freeze_ss            0
separate_rehyb             0
plot_diff_den              0
eda_nocv                   0
eda_vct_relax              1
disp_free_x                0
disp_free_c                0
eda_bsse                   0
eda_pct_a                  0
eda_covp                   0
--------------------------------
Attempting to make child job directory: /scratch/qchem692136//Frg1/
Attempting to make child job directory: /scratch/qchem692136//Frg2/
Creating input file /scratch/qchem692136/Frg1.input
using default PutDataFrgm: nothing
calling putenv with: QCSCRATCH=/scratch/qchem692136/ 
Spawning Job For Fragment 0
Done Job For Fragment 0
calling putenv with: QCSCRATCH=/scratch 
calling putenv with: QCTHREADS=6 
Creating input file /scratch/qchem692136/Frg2.input
using default PutDataFrgm: nothing
calling putenv with: QCSCRATCH=/scratch/qchem692136/ 
Spawning Job For Fragment 1
Done Job For Fragment 1
calling putenv with: QCSCRATCH=/scratch 
calling putenv with: QCTHREADS=6 
Doing General SCFMI
 Exchange:     0.1500 Hartree-Fock + 1.0000 wB97M-V + LR-HF
 Correlation:  1.0000 wB97M-V
 Using Euler-Maclaurin-Lebedev (99,590) quadrature formula
 Nonlocal Correlation:  VV10 with C = 0.0100 and b = 6.00 and scale = 1.00000
 Grid used for NLC:  SG-1 standard quadrature
performing fock build before subrot guess so that all methods have access
Printing subrot_rss_gen Method Specification:
Occupied Subspace Method is 0
Virtual Subspace Method is 0
Energy of the unrelaxed supersystem initial determinant -313.092465537606
write pseudocanon occs and virts to disk
write pseudocanon orbital energies to disk
Tolerance of ortho_decomp_scf: 1.00e-06
GDM subspace size: 20
Beginning the Orthogonal Decomposition of the Initial Supersystem Wavefunction
    1    -312.9175524610      2.32e-01     ortho_decomp Preconditoned Steepest Descent
    2    -312.9201922671      2.63e-03     ortho_decomp BFGS Step
    3    -312.9201932759      9.27e-05     ortho_decomp BFGS Step
    4    -312.9201932778      3.76e-06     ortho_decomp BFGS Step
    5    -312.9201932778      6.85e-08     ortho_decomp 00000 Convergence criterion met
 Hartree-Fock
 Hartree-Fock
 Hartree-Fock
 Exchange:     0.1500 Hartree-Fock + 1.0000 wB97M-V + LR-HF
 Correlation:  1.0000 wB97M-V
 Using Euler-Maclaurin-Lebedev (99,590) quadrature formula
 Nonlocal Correlation:  VV10 with C = 0.0100 and b = 6.00 and scale = 1.00000
 Grid used for NLC:  SG-1 standard quadrature
 Long-range K will be added via erf
 Coulomb attenuation parameter = 0.3 bohr**(-1)
 Nonlocal correlation = 1.751074336937e-01
Doing General SCFMI
 Exchange:     0.1500 Hartree-Fock + 1.0000 wB97M-V + LR-HF
 Correlation:  1.0000 wB97M-V
 Using Euler-Maclaurin-Lebedev (99,590) quadrature formula
 Nonlocal Correlation:  VV10 with C = 0.0100 and b = 6.00 and scale = 1.00000
 Grid used for NLC:  SG-1 standard quadrature
performing fock build at end of subrot_r(subrot) constructor so that all methods have access
<S^2> of initial wavefunction before polarization iterations 0.0000000000
Beginning iterations for the determination of the polarized wavefunction
Energy prior to optimization (guess energy) = -313.092465537606
Begin Timing: Total SCF Calculation
begin iterations for algorithm: DIIS         
the SCF tolerance is set to 1.00e-08
    1    -313.0924655376      1.56e-03     00000 
    2    -313.1436848441      8.14e-04     00000 
    3    -313.1504113354      3.12e-04     00000 
    4    -313.1514333078      5.93e-05     00000 
    5    -313.1514896663      9.69e-06     00000 
    6    -313.1514930657      5.70e-06     00000 
    7    -313.1514935291      1.28e-06     00000 
    8    -313.1514935926      1.37e-07     00000 
    9    -313.1514935938      3.93e-08     00000 
   10    -313.1514935939      1.15e-08     00000 
   11    -313.1514935939      7.88e-09     00000 Convergence criterion met
write pseudocanon occs and virts to disk
write pseudocanon orbital energies to disk
Timing for Total SCF: 93.00s (wall), 557.03s (cpu)
<S^2> of polarized wavefunction after polarization iterations 0.0000000000
relaxing scfmi constraint to allow all rotations in the entire AO span
Doing General SCFMI
 Exchange:     0.1500 Hartree-Fock + 1.0000 wB97M-V + LR-HF
 Correlation:  1.0000 wB97M-V
 Using Euler-Maclaurin-Lebedev (99,590) quadrature formula
 Nonlocal Correlation:  VV10 with C = 0.0100 and b = 6.00 and scale = 1.00000
 Grid used for NLC:  SG-1 standard quadrature
performing fock build at end of subrot_r(subrot) constructor so that all methods have access
<S^2> of polarized wavefunction before ct-allowed iterations 0.0000000000
Beginning iterations for the determination of the CT-Allowed wavefunction
Energy prior to optimization (guess energy) = -313.151493593917
Begin Timing: Total SCF Calculation
begin iterations for algorithm: DIIS         
the SCF tolerance is set to 1.00e-08
    1    -313.1514935939      5.51e-04     00000 
    2    -313.1602790513      4.45e-05     00000 
    3    -313.1603895765      9.39e-06     00000 
    4    -313.1603915243      6.88e-06     00000 
    5    -313.1603929697      9.73e-07     00000 
    6    -313.1603930059      1.20e-07     00000 
    7    -313.1603930070      7.86e-08     00000 
    8    -313.1603930072      1.37e-08     00000 
    9    -313.1603930072      1.90e-09     00000 Convergence criterion met
write pseudocanon occs and virts to disk
write pseudocanon orbital energies to disk
Timing for Total SCF: 74.00s (wall), 443.84s (cpu)
<S^2> of ct_allowed wavefunction after ct-allowed iterations 0.0000000000

================================
        Results of EDA2         
================================
Basic EDA Quantities
--------------------
Fragment Energies (Ha):
1   -7.2758394982
2 -305.7174298785
--------------------
  E_prp (kJ/mol) = 0.0000
  E_frz (kJ/mol) = -260.4426
  E_pol (kJ/mol) = -154.9800
  E_vct (kJ/mol) = -23.3657
  E_int (kJ/mol) = -438.7883
--------------------


Decomposition of frozen interaction energy
--------------------
  --------------------
  Orthogonal Frozen Decomposition:
  --------------------
     E_elec   (ELEC)   (kJ/mol) = -416.5894
     E_pauli  (PAULI)  (kJ/mol) = 170.2801
     E_disp   (DISP)   (kJ/mol) = -14.1334
  --------------------
  Classical Frozen Decomposition:
  --------------------
     E_cls_elec  (CLS ELEC)  (kJ/mol) = -392.1410
     E_mod_pauli (MOD PAULI) (kJ/mol) = 144.0430 (FRZ - CLS ELEC - CLS DISP)
     E_cls_disp  (CLS DISP)  (kJ/mol) = -12.3446
  --------------------
--------------------

Simplified EDA Summary (kJ/mol)
--------------------
 PREPARATION      0.0000
 FROZEN           -260.4426 (ELEC + PAULI + DISP)
[ELEC + PAULI = -248.0980, DISP = -12.3446]
 POLARIZATION    -154.9800
 CHARGE TRANSFER -23.3657
 TOTAL           -438.7883     (PRP + FRZ + POL + CT)
--------------------
 
 --------------------------------------------------------------
 
                    Orbital Energies (a.u.)
 --------------------------------------------------------------
 
 Alpha MOs
 -- Occupied --
-19.5344 -19.5223 -19.5162 -19.5159  -2.2061  -1.3440  -1.3361  -1.3120
 -1.3065  -0.8375  -0.8282  -0.8069  -0.8013  -0.7319  -0.7103  -0.6972
 -0.6849  -0.6488  -0.6094  -0.6060  -0.6047
 -- Virtual --
 -0.1369  -0.1052  -0.0998  -0.0928  -0.0558  -0.0499  -0.0446  -0.0380
 -0.0313  -0.0138  -0.0051  -0.0039   0.0005   0.0062   0.0090   0.0161
  0.0223   0.0269   0.0336   0.0460   0.0561   0.0663   0.0809   0.0877
  0.1016   0.1050   0.1160   0.1278   0.1347   0.1446   0.1555   0.1627
  0.1700   0.1718   0.1776   0.1814   0.1914   0.1986   0.1997   0.2042
  0.2093   0.2226   0.2310   0.2333   0.2350   0.2419   0.2492   0.2530
  0.2598   0.2631   0.2694   0.2746   0.2807   0.2933   0.2977   0.3048
  0.3169   0.3294   0.3453   0.3493   0.3637   0.3827   0.3921   0.4069
  0.4301   0.4451   0.4470   0.4529   0.4692   0.4880   0.4897   0.4988
  0.5159   0.5300   0.5557   0.5597   0.5731   0.5740   0.6003   0.6020
  0.6208   0.6300   0.6377   0.6432   0.6546   0.6860   0.7109   0.7242
  0.7423   0.7634   0.7680   0.7823   0.8005   0.8027   0.8189   0.8476
  0.8823   0.8865   0.8992   0.9081   0.9278   0.9372   0.9709   0.9822
  0.9920   1.0118   1.0237   1.0284   1.0482   1.0589   1.0678   1.0771
  1.1005   1.1165   1.1308   1.1544   1.1843   1.1923   1.2277   1.2382
  1.2466   1.2648   1.2718   1.2862   1.3016   1.3103   1.3215   1.3608
  1.3655   1.3741   1.3859   1.3921   1.7271   1.7947   1.8129   1.8258
  1.8558   1.8618   1.8876   1.8991   1.9223   1.9437   1.9678   2.0005
  2.0193   2.0634   2.0854   2.1063   2.1275   2.1646   2.1847   2.2301
  2.2925   2.4864   2.5256   2.5779   2.6096   2.6927   2.7439   2.7525
  2.7723   2.8547   2.8767   2.8925   2.9246   3.0091   3.0403   3.0712
  3.0932   3.1107   3.1262   3.1526   3.1599   3.1814   3.1965   3.2023
  3.2182   3.2552   3.2629   3.2760   3.2889   3.2928   3.3016   3.3057
  3.3341   3.3416   3.3529   3.3566   3.3680   3.3895   3.4012   3.4289
  3.4459   3.5173   3.5530   3.5714   3.6178   3.7501   3.7616   3.7667
  3.8081   3.8225   3.8431   3.8868   3.9377   3.9512   3.9703   3.9910
  3.9998   4.0127   4.0156   4.0254   4.0325   4.0540   4.0656   4.0841
  4.0895   4.1061   4.1123   4.1224   4.1596   4.1716   4.1742   4.1922
  4.2624   4.4877   4.5400   4.5612   4.5823   4.6035   4.6256   4.6330
  4.6770   4.8197   4.8362   4.8625   4.8937   5.0567   5.0721   5.0962
  5.1865   5.4635   5.4999   5.5059   5.5478   5.9333   6.0758   6.1045
  6.1388   6.1546   6.1734   6.1965   6.2375   6.2819   6.3314   6.3688
  6.4113   6.4152   6.4295   6.4334   6.4812   6.4936   6.5252   6.5350
  6.5477   6.5653   6.5788   6.6151   6.6327   6.6584   6.6802   6.6971
  6.6994   6.7224   6.7488   6.7910   6.8481   6.8680   6.8884   6.9448
  7.3211   7.3419   7.3471   7.3758   7.4326   7.4813   7.5159   7.5550
  7.6281   7.6568   7.7188   7.7642  15.1055  44.1573  44.1794  44.2320
 44.3309
 --------------------------------------------------------------
 
          Ground-State Mulliken Net Atomic Charges

     Atom                 Charge (a.u.)
  ----------------------------------------
      1 Li                    0.836936
      2 O                    -0.293426
      3 H                     0.116674
      4 H                     0.207224
      5 O                    -0.320247
      6 H                     0.171733
      7 H                     0.196956
      8 O                    -0.376676
      9 H                     0.204485
     10 H                     0.206469
     11 O                    -0.400197
     12 H                     0.280895
     13 H                     0.169173
  ----------------------------------------
  Sum of atomic charges =     1.000000

 -----------------------------------------------------------------
                    Cartesian Multipole Moments
 -----------------------------------------------------------------
    Charge (ESU x 10^10)
                 4.8032
    Dipole Moment (Debye)
         X      -1.9724      Y      -2.6029      Z       0.1811
       Tot       3.2708
    Quadrupole Moments (Debye-Ang)
        XX      -5.7113     XY      -2.1430     YY     -14.5137
        XZ      -1.9481     YZ       3.6989     ZZ     -18.7410
    Octopole Moments (Debye-Ang^2)
       XXX      12.6485    XXY      -2.0482    XYY     -18.9487
       YYY     -12.6582    XXZ      -9.8867    XYZ      -1.2035
       YYZ       6.7194    XZZ      -5.1275    YZZ      -3.4563
       ZZZ       2.4588
    Hexadecapole Moments (Debye-Ang^3)
      XXXX    -130.7384   XXXY     -20.1537   XXYY     -63.8741
      XYYY     -12.9314   YYYY    -182.8493   XXXZ       0.1911
      XXYZ       3.6230   XYYZ      -0.2821   YYYZ      15.3403
      XXZZ     -35.1483   XYZZ      10.5326   YYZZ     -46.9433
      XZZZ     -19.1234   YZZZ       7.5073   ZZZZ    -169.6411
 -----------------------------------------------------------------
 Total job time:  899.51s(wall), 1904.98s(cpu) 
 Tue Jan  9 18:52:05 2024

        *************************************************************
        *                                                           *
        *  Thank you very much for using Q-Chem.  Have a nice day.  *
        *                                                           *
        *************************************************************


