
Running Job 1 of 1 119_Na-Water_Cls_083_almo.in
qchem 119_Na-Water_Cls_083_almo.in_792910.0 /scratch/qchem792910/ 6
/home/kchung25/qchem/5.4.0/exe/qcprog.exe_s 119_Na-Water_Cls_083_almo.in_792910.0 /scratch/qchem792910/
                  Welcome to Q-Chem
     A Quantum Leap Into The Future Of Chemistry


 Q-Chem 5.4, Q-Chem, Inc., Pleasanton, CA (2021)

 E. Epifanovsky,  A. T. B. Gilbert,  Xintian Feng,  Joonho Lee,  Yuezhi Mao,  
 N. Mardirossian,  P. Pokhilko,  A. White,  M. Wormit,  M. P. Coons,  
 A. L. Dempwolff,  Zhengting Gan,  D. Hait,  P. R. Horn,  L. D. Jacobson,  
 I. Kaliman,  J. Kussmann,  A. W. Lange,  Ka Un Lao,  D. S. Levine,  Jie Liu,  
 S. C. McKenzie,  A. F. Morrison,  K. Nanda,  F. Plasser,  D. R. Rehn,  
 M. L. Vidal,  Zhi-Qiang You,  Ying Zhu,  B. Alam,  B. Albrecht,  
 A. Aldossary,  E. Alguire,  J. H. Andersen,  D. Barton,  K. Begam,  A. Behn,  
 Y. A. Bernard,  E. J. Berquist,  H. Burton,  A. Carreras,  K. Carter-Fenk,  
 Romit Chakraborty,  A. D. Chien,  K. D. Closser,  V. Cofer-Shabica,  
 S. Dasgupta,  Jia Deng,  M. de Wergifosse,  M. Diedenhofen,  Hainam Do,  
 S. Ehlert,  Po-Tung Fang,  S. Fatehi,  Qingguo Feng,  T. Friedhoff,  
 J. Gayvert,  Qinghui Ge,  G. Gidofalvi,  M. Goldey,  J. Gomes,  
 C. Gonzalez-Espinoza,  S. Gulania,  A. Gunina,  M. W. D. Hanson-Heine,  
 P. H. P. Harbach,  A. W. Hauser,  M. F. Herbst,  M. Hernandez Vera,  
 M. Hodecker,  Z. C. Holden,  S. Houck,  Xunkun Huang,  Kerwin Hui,  
 B. C. Huynh,  M. Ivanov,  Hyunjun Ji,  Hanjie Jiang,  B. Kaduk,  S. Kaehler,  
 K. Khistyaev,  Jaehoon Kim,  P. Klunzinger,  Z. Koczor-Benda,  
 Joong Hoon Koh,  D. Kosenkov,  L. Koulias,  T. Kowalczyk,  C. M. Krauter,  
 K. Kue,  A. Kunitsa,  T. Kus,  A. Landau,  K. V. Lawler,  D. Lefrancois,  
 S. Lehtola,  Rain Li,  Yi-Pei Li,  Jiashu Liang,  M. Liebenthal,  
 Hung-Hsuan Lin,  You-Sheng Lin,  Fenglai Liu,  Kuan-Yu Liu,  
 M. Loipersberger,  A. Luenser,  A. Manjanath,  P. Manohar,  E. Mansoor,  
 S. F. Manzer,  Shan-Ping Mao,  A. V. Marenich,  T. Markovich,  S. Mason,  
 S. A. Maurer,  P. F. McLaughlin,  M. F. S. J. Menger,  J.-M. Mewes,  
 S. A. Mewes,  P. Morgante,  J. W. Mullinax,  K. J. Oosterbaan,  G. Paran,  
 Alexander C. Paul,  Suranjan K. Paul,  F. Pavosevic,  Zheng Pei,  S. Prager,  
 E. I. Proynov,  E. Ramos,  B. Rana,  A. E. Rask,  A. Rettig,  R. M. Richard,  
 F. Rob,  E. Rossomme,  T. Scheele,  M. Scheurer,  M. Schneider,  
 N. Sergueev,  S. M. Sharada,  W. Skomorowski,  D. W. Small,  C. J. Stein,  
 Yu-Chuan Su,  E. J. Sundstrom,  Zhen Tao,  J. Thirman,  T. Tsuchimochi,  
 N. M. Tubman,  S. P. Veccham,  O. Vydrov,  J. Wenzel,  J. Witte,  A. Yamada,  
 Kun Yao,  S. Yeganeh,  S. R. Yost,  A. Zech,  Igor Ying Zhang,  Xing Zhang,  
 Yu Zhang,  D. Zuev,  A. Aspuru-Guzik,  A. T. Bell,  N. A. Besley,  
 K. B. Bravaya,  B. R. Brooks,  D. Casanova,  Jeng-Da Chai,  S. Coriani,  
 C. J. Cramer,  A. E. DePrince, III,  R. A. DiStasio Jr.,  A. Dreuw,  
 B. D. Dunietz,  T. R. Furlani,  W. A. Goddard III,  S. Grimme,  
 S. Hammes-Schiffer,  T. Head-Gordon,  W. J. Hehre,  Chao-Ping Hsu,  
 T.-C. Jagau,  Yousung Jung,  A. Klamt,  Jing Kong,  D. S. Lambrecht,  
 WanZhen Liang,  N. J. Mayhall,  C. W. McCurdy,  J. B. Neaton,  T. Neudecker,  
 C. Ochsenfeld,  J. A. Parkhill,  R. Peverati,  V. A. Rassolov,  Yihan Shao,  
 L. V. Slipchenko,  R. P. Steele,  J. E. Subotnik,  A. J. W. Thom,  
 A. Tkatchenko,  D. G. Truhlar,  T. Van Voorhis,  T. A. Wesolowski,  
 K. B. Whaley,  H. L. Woodcock III,  P. M. Zimmerman,  S. Faraji,  
 P. M. W. Gill,  M. Head-Gordon,  J. M. Herbert,  A. I. Krylov

 Additional authors since Version 5.4.0: 
 Chandrima Chakravarty,  L. Cunha,  R. Kang,  Yongbin Kim,  S. Kotaru,  
 Shaozhi Li,  Xiangyuan Li,  F. Matz,  A. Molle,  V. Parravicini,  
 Haisheng Ren,  Hengyuan Shen,  Yingli Su,  Hung-Yi Tsai,  C. Utku,  
 Fang Wang,  Jeff Yang,  F. Zeller

 Contributors to earlier versions of Q-Chem not listed above: 
 R. D. Adamson,  B. Austin,  R. Baer,  J. Baker,  G. J. O. Beran,  
 K. Brandhorst,  S. T. Brown,  E. F. C. Byrd,  Arup K. Chakraborty,  
 G. K. L. Chan,  Chun-Min Chang,  Yunqing Chen,  C.-L. Cheng,  
 Siu Hung Chien,  D. M. Chipman,  D. L. Crittenden,  H. Dachsel,  
 R. J. Doerksen,  A. D. Dutoi,  R. G. Edgar,  J. Fosso-Tande,  
 L. Fusti-Molnar,  D. Ghosh,  A. Ghysels,  A. Golubeva-Zadorozhnaya,  
 J. Gonthier,  M. S. Gordon,  S. R. Gwaltney,  G. Hawkins,  J. E. Herr,  
 A. Heyden,  S. Hirata,  E. G. Hohenstein,  G. Kedziora,  F. J. Keil,  
 C. Kelley,  Jihan Kim,  R. A. King,  R. Z. Khaliullin,  P. P. Korambath,  
 W. Kurlancheek,  A. Laurent,  A. M. Lee,  M. S. Lee,  S. V. Levchenko,  
 Ching Yeh Lin,  D. Liotard,  E. Livshits,  R. C. Lochan,  I. Lotan,  
 L. A. Martinez-Martinez,  P. E. Maslen,  N. Nair,  D. P. O'Neill,  
 D. Neuhauser,  E. Neuscamman,  C. M. Oana,  R. Olivares-Amaya,  R. Olson,  
 T. M. Perrine,  B. Peters,  P. A. Pieniazek,  A. Prociuk,  Y. M. Rhee,  
 J. Ritchie,  M. A. Rohrdanz,  E. Rosta,  N. J. Russ,  H. F. Schaefer III,  
 M. W. Schmidt,  N. E. Schultz,  S. Sharma,  N. Shenvi,  C. D. Sherrill,  
 A. C. Simmonett,  A. Sodt,  T. Stein,  D. Stuck,  K. S. Thanthiriwatte,  
 V. Vanovschi,  L. Vogt,  Tao Wang,  A. Warshel,  M. A. Watson,  
 C. F. Williams,  Q. Wu,  X. Xu,  Jun Yang,  W. Zhang,  Yan Zhao

   Please cite Q-Chem as follows:
  "Software for the frontiers of quantum chemistry:
   An overview of developments in the Q-Chem 5 package"
   J. Chem. Phys. 155, 084801 (2021)
   https://doi.org/10.1063/5.0055522 (open access)

 Q-Chem 5.4.2 for Intel X86 EM64T Linux

 Parts of Q-Chem use Armadillo 9.900.5 (Nocturnal Misbehaviour).
 http://arma.sourceforge.net/

 Q-Chem begins on Thu Jan 11 18:22:17 2024  

 Host: 
0

     Scratch files written to /scratch/qchem792910//
 Dec1321 |scratch|qcdevops|jenkins|workspace|build_RNUM 5684   
 Processing $rem in /home/kchung25/qchem/5.4.0/config/preferences:
 Processing $rem in /home/kchung25/.qchemrc:

 Q-Chem warning in module libgen/rem_setup.C, line 3079:

 Neither GIA nor STOLL is specified by user. Use STOLL as the default


 Checking the input file for inconsistencies... 	...done.

--------------------------------------------------------------
User input:
--------------------------------------------------------------
$molecule
1 1
--
1 1
Na     0.000000     0.000000     0.000000
--
0 1
O      1.953031     0.831091     0.860219
H      2.066769     1.791772     0.968498
H      2.719642     0.442245     0.453626
O      0.997390    -1.806691    -0.823923
H      0.719927    -2.694832    -0.590439
H      1.062663    -1.693952    -1.760597
O     -2.359813    -0.522401    -0.218748
H     -3.107352    -1.043213     0.090344
H     -2.840960     0.185888    -0.550284
O     -1.307455     1.999734     0.923894
H     -2.152987     2.044750     1.490236
H     -1.483833     2.732670     0.295877
O     -0.718067     0.947143    -2.169991
H     -1.389460     1.635350    -2.029136
H      0.120162     1.348159    -2.406870
O     -0.441223    -1.492378     2.010603
H      0.380909    -1.895708     2.175635
H     -0.383827    -0.728813     2.596321
$end

$rem
JOBTYPE          eda
EDA2             1
METHOD           wB97M-V
BASIS            def2-TZVPPD
SYMMETRY         false
MEM_TOTAL        50000
MEM_STATIC       10000
THRESH           14
SCF_CONVERGENCE  8
XC_GRID          000099000590
NL_GRID          1
EDA_CLS_DISP     true
FD_MAT_VEC_PROD  FALSE
$end
--------------------------------------------------------------
 ----------------------------------------------------------------
             Standard Nuclear Orientation (Angstroms)
    I     Atom           X                Y                Z
 ----------------------------------------------------------------
    1      Na      0.1945026536     0.2044914707     0.0247543401
    2      O       1.4520079781     0.9709105772     1.7786931011
    3      H       1.0150615443     1.2816044564     2.5911681996
    4      H       2.1240210994     1.5829618380     1.4994027083
    5      O       1.7290659770     0.7791233338    -1.4761393670
    6      H       2.1093933332     0.1444977310    -2.0867917860
    7      H       1.4158101575     1.5517777078    -1.9224630598
    8      O      -1.3439414960    -1.1687054673    -1.2546950162
    9      H      -1.5054398681    -2.0056947646    -1.7007496681
   10      H      -2.2207196632    -0.9589319113    -1.0804912188
   11      O      -1.6530323143    -0.5575923760     1.6271892136
   12      H      -2.1344254767    -1.4505218234     1.7200960993
   13      H      -2.4092524681     0.0565943396     1.7438746397
   14      O      -1.5813788262     1.7265616277    -0.7821585583
   15      H      -2.4396078702     1.4685442683    -0.4065157537
   16      H      -1.2594796103     2.5214260770    -0.3530609570
   17      O       1.3653710098    -2.0514112647    -0.0413092280
   18      H       2.2686757551    -1.8375640160     0.0228902010
   19      H       1.1516952504    -2.1951915268     0.8877016932
 ----------------------------------------------------------------
 Molecular Point Group                 C1    NOp =  1
 Largest Abelian Subgroup              C1    NOp =  1
 Nuclear Repulsion Energy =         409.25388564 hartrees
 There are       35 alpha and       35 beta electrons
 Requested basis set is def2-TZVPPD
 There are 181 shells and 479 basis functions

 Q-Chem warning in module libmdc/get_mega.C, line 171:

 Allowed MEM_STATIC has been capped at MEM_STATIC=8191.
 Reduce the value of MEM_STATIC to silence this warning.


 Total QAlloc Memory Limit  50000 MB
 Mega-Array Size      8007 MB
 MEM_STATIC part      8191 MB
 A cutoff of  1.0D-14 yielded  14565 shell pairs
 There are    100519 function pairs (    121893 Cartesian)
 Smallest overlap matrix eigenvalue = 8.16E-05

 Scale SEOQF with 1.000000e-01/1.000000e-01/1.000000e-01

 Standard Electronic Orientation quadrupole field applied
 Nucleus-field energy     =     0.0000000020 hartrees

 -----------------------------------------------------------------------
  General SCF calculation program by
  Eric Jon Sundstrom, Paul Horn, Yuezhi Mao, Dmitri Zuev, Alec White,
  David Stuck, Shaama M.S., Shane Yost, Joonho Lee, David Small,
  Daniel Levine, Susi Lehtola, Hugh Burton, Evgeny Epifanovsky,
  Bang C. Huynh
 -----------------------------------------------------------------------
================================================================
                 ALMO-EDA with the EDA2 driver                  
================================================================
 The second-generation ALMO-EDA (for DFT):                      
 P. R. Horn, Y. Mao and M. Head-Gordon, PCCP, 18, 23067 (2016)  
 Y. Mao et al. Annu. Rev. Phys. Chem. 72, 641 (2021)            
 Decomposition of the frozen energy:                            
 P. R. Horn, Y. Mao and M. Head-Gordon, JCP, 144, 114107 (2016) 
 FERF model for polarization:                                   
 P. R. Horn and M. Head-Gordon, JCP, 143, 114111 (2015)         
================================================================
 Using eda2 option set 1
 Option set summary: Frozen orbital wavefunction, initial wavefunction decomposition, and nDQ polarization.
--------------------------------
Printing EDA Options
--------------------------------
eda_child_super_basis      0
fragmo_guess_mode          0
child_mp                   1
child_mp_orders            232
cls_elec                   1
cls_disp                   1
scfmi_mode                 1
scfmi_occs                 0
scfmi_virts                0
frz_relax                  0
frz_relax_method           0
dc_pen_start               0
dc_pen_conv                0
dc_pen_increment           0
dc_pen_steps               0
dc_pen_thresh_factor       0
dc_pen_pre_newton_thresh   0
frz_ortho_decomp           1
frz_ortho_decomp_conv      6
plot_mo_ortho_frz          0
frgm_method                2
scfmi_freeze_ss            0
separate_rehyb             0
plot_diff_den              0
eda_nocv                   0
eda_vct_relax              1
disp_free_x                0
disp_free_c                0
eda_bsse                   0
eda_pct_a                  0
eda_covp                   0
--------------------------------
Attempting to make child job directory: /scratch/qchem792910//Frg1/
Attempting to make child job directory: /scratch/qchem792910//Frg2/
Creating input file /scratch/qchem792910/Frg1.input
using default PutDataFrgm: nothing
calling putenv with: QCSCRATCH=/scratch/qchem792910/ 
Spawning Job For Fragment 0
Done Job For Fragment 0
calling putenv with: QCSCRATCH=/scratch 
calling putenv with: QCTHREADS=6 
Creating input file /scratch/qchem792910/Frg2.input
using default PutDataFrgm: nothing
calling putenv with: QCSCRATCH=/scratch/qchem792910/ 
Spawning Job For Fragment 1
Done Job For Fragment 1
calling putenv with: QCSCRATCH=/scratch 
calling putenv with: QCTHREADS=6 
Doing General SCFMI
 Exchange:     0.1500 Hartree-Fock + 1.0000 wB97M-V + LR-HF
 Correlation:  1.0000 wB97M-V
 Using Euler-Maclaurin-Lebedev (99,590) quadrature formula
 Nonlocal Correlation:  VV10 with C = 0.0100 and b = 6.00 and scale = 1.00000
 Grid used for NLC:  SG-1 standard quadrature
performing fock build before subrot guess so that all methods have access
Printing subrot_rss_gen Method Specification:
Occupied Subspace Method is 0
Virtual Subspace Method is 0
Energy of the unrelaxed supersystem initial determinant -620.766735999717
write pseudocanon occs and virts to disk
write pseudocanon orbital energies to disk
Tolerance of ortho_decomp_scf: 1.00e-06
GDM subspace size: 20
Beginning the Orthogonal Decomposition of the Initial Supersystem Wavefunction
    1    -620.5658411889      2.32e-01     ortho_decomp Preconditoned Steepest Descent
    2    -620.5831549444      3.00e-03     ortho_decomp BFGS Step
    3    -620.5831706954      1.34e-04     ortho_decomp BFGS Step
    4    -620.5831707037      2.64e-06     ortho_decomp BFGS Step
    5    -620.5831707037      4.59e-08     ortho_decomp 00000 Convergence criterion met
 Hartree-Fock
 Hartree-Fock
 Hartree-Fock
 Exchange:     0.1500 Hartree-Fock + 1.0000 wB97M-V + LR-HF
 Correlation:  1.0000 wB97M-V
 Using Euler-Maclaurin-Lebedev (99,590) quadrature formula
 Nonlocal Correlation:  VV10 with C = 0.0100 and b = 6.00 and scale = 1.00000
 Grid used for NLC:  SG-1 standard quadrature
 Long-range K will be added via erf
 Coulomb attenuation parameter = 0.3 bohr**(-1)
 Nonlocal correlation = 2.910906436595e-01
Doing General SCFMI
 Exchange:     0.1500 Hartree-Fock + 1.0000 wB97M-V + LR-HF
 Correlation:  1.0000 wB97M-V
 Using Euler-Maclaurin-Lebedev (99,590) quadrature formula
 Nonlocal Correlation:  VV10 with C = 0.0100 and b = 6.00 and scale = 1.00000
 Grid used for NLC:  SG-1 standard quadrature
performing fock build at end of subrot_r(subrot) constructor so that all methods have access
<S^2> of initial wavefunction before polarization iterations 0.0000000000
Beginning iterations for the determination of the polarized wavefunction
Energy prior to optimization (guess energy) = -620.766735999717
Begin Timing: Total SCF Calculation
begin iterations for algorithm: DIIS         
the SCF tolerance is set to 1.00e-08
    1    -620.7667359997      8.30e-04     00000 
    2    -620.8032862433      4.11e-04     00000 
    3    -620.8074465566      1.67e-04     00000 
    4    -620.8081559705      3.88e-05     00000 
    5    -620.8082319913      1.00e-05     00000 
    6    -620.8082395865      5.80e-06     00000 
    7    -620.8082406905      1.41e-06     00000 
    8    -620.8082408244      2.41e-07     00000 
    9    -620.8082408279      1.25e-07     00000 
   10    -620.8082408286      5.79e-08     00000 
   11    -620.8082408288      2.11e-08     00000 
   12    -620.8082408288      5.74e-09     00000 Convergence criterion met
write pseudocanon occs and virts to disk
write pseudocanon orbital energies to disk
Timing for Total SCF: 314.00s (wall), 1881.26s (cpu)
<S^2> of polarized wavefunction after polarization iterations 0.0000000000
relaxing scfmi constraint to allow all rotations in the entire AO span
Doing General SCFMI
 Exchange:     0.1500 Hartree-Fock + 1.0000 wB97M-V + LR-HF
 Correlation:  1.0000 wB97M-V
 Using Euler-Maclaurin-Lebedev (99,590) quadrature formula
 Nonlocal Correlation:  VV10 with C = 0.0100 and b = 6.00 and scale = 1.00000
 Grid used for NLC:  SG-1 standard quadrature
performing fock build at end of subrot_r(subrot) constructor so that all methods have access
<S^2> of polarized wavefunction before ct-allowed iterations 0.0000000000
Beginning iterations for the determination of the CT-Allowed wavefunction
Energy prior to optimization (guess energy) = -620.808240828793
Begin Timing: Total SCF Calculation
begin iterations for algorithm: DIIS         
the SCF tolerance is set to 1.00e-08
    1    -620.8082408288      2.16e-04     00000 
    2    -620.8102794794      1.27e-05     00000 
    3    -620.8103001573      1.68e-06     00000 
    4    -620.8103003575      1.23e-06     00000 
    5    -620.8103004583      1.99e-07     00000 
    6    -620.8103004614      4.20e-08     00000 
    7    -620.8103004616      1.28e-08     00000 
    8    -620.8103004617      5.75e-09     00000 Convergence criterion met
write pseudocanon occs and virts to disk
write pseudocanon orbital energies to disk
Timing for Total SCF: 197.00s (wall), 1182.07s (cpu)
<S^2> of ct_allowed wavefunction after ct-allowed iterations 0.0000000000

================================
        Results of EDA2         
================================
Basic EDA Quantities
--------------------
Fragment Energies (Ha):
1 -162.0687155489
2 -458.5890485981
--------------------
  E_prp (kJ/mol) = 0.0000
  E_frz (kJ/mol) = -286.1090
  E_pol (kJ/mol) = -108.9722
  E_vct (kJ/mol) = -5.4076
  E_int (kJ/mol) = -400.4888
--------------------


Decomposition of frozen interaction energy
--------------------
  --------------------
  Orthogonal Frozen Decomposition:
  --------------------
     E_elec   (ELEC)   (kJ/mol) = -428.3704
     E_pauli  (PAULI)  (kJ/mol) = 164.2333
     E_disp   (DISP)   (kJ/mol) = -21.9719
  --------------------
  Classical Frozen Decomposition:
  --------------------
     E_cls_elec  (CLS ELEC)  (kJ/mol) = -378.7627
     E_mod_pauli (MOD PAULI) (kJ/mol) = 110.7832 (FRZ - CLS ELEC - CLS DISP)
     E_cls_disp  (CLS DISP)  (kJ/mol) = -18.1295
  --------------------
--------------------

Simplified EDA Summary (kJ/mol)
--------------------
 PREPARATION      0.0000
 FROZEN           -286.1090 (ELEC + PAULI + DISP)
[ELEC + PAULI = -267.9795, DISP = -18.1295]
 POLARIZATION    -108.9722
 CHARGE TRANSFER -5.4076
 TOTAL           -400.4888     (PRP + FRZ + POL + CT)
--------------------
 
 --------------------------------------------------------------
 
                    Orbital Energies (a.u.)
 --------------------------------------------------------------
 
 Alpha MOs
 -- Occupied --
-38.7885 -19.4994 -19.4947 -19.4923 -19.4850 -19.4688 -19.4682  -2.4346
 -1.3406  -1.3394  -1.3391  -1.2982  -1.2950  -1.2932  -1.2910  -1.2849
 -1.2840  -0.8121  -0.8089  -0.8076  -0.7740  -0.7708  -0.7679  -0.6789
 -0.6672  -0.6632  -0.6536  -0.6515  -0.6418  -0.5956  -0.5896  -0.5859
 -0.5824  -0.5656  -0.5578
 -- Virtual --
 -0.1260  -0.1000  -0.0903  -0.0868  -0.0560  -0.0507  -0.0479  -0.0409
 -0.0355  -0.0275  -0.0241  -0.0228  -0.0100  -0.0082  -0.0047   0.0025
  0.0035   0.0114   0.0129   0.0213   0.0396   0.0437   0.0487   0.0508
  0.0579   0.0593   0.0660   0.0715   0.0750   0.0851   0.0873   0.0933
  0.0997   0.1085   0.1124   0.1213   0.1222   0.1318   0.1363   0.1440
  0.1486   0.1551   0.1625   0.1682   0.1704   0.1798   0.1848   0.1932
  0.1955   0.2001   0.2028   0.2154   0.2196   0.2235   0.2282   0.2323
  0.2330   0.2402   0.2426   0.2541   0.2584   0.2608   0.2680   0.2689
  0.2754   0.2765   0.2804   0.2824   0.2903   0.2946   0.3005   0.3067
  0.3087   0.3137   0.3170   0.3203   0.3270   0.3285   0.3329   0.3349
  0.3393   0.3480   0.3509   0.3598   0.3654   0.3806   0.3854   0.4017
  0.4100   0.4148   0.4169   0.4319   0.4376   0.4546   0.4599   0.4629
  0.4706   0.4869   0.4923   0.5078   0.5146   0.5177   0.5302   0.5513
  0.5542   0.5646   0.5679   0.5758   0.5860   0.5917   0.6091   0.6099
  0.6184   0.6318   0.6425   0.6498   0.6568   0.6602   0.6682   0.6871
  0.6939   0.7013   0.7091   0.7125   0.7317   0.7506   0.7532   0.7646
  0.7732   0.7800   0.7977   0.8048   0.8249   0.8292   0.8506   0.8590
  0.8652   0.8910   0.8934   0.9012   0.9134   0.9201   0.9314   0.9418
  0.9455   0.9651   0.9776   0.9940   1.0052   1.0248   1.0409   1.0500
  1.0579   1.0589   1.0644   1.0796   1.0901   1.1004   1.1099   1.1236
  1.1309   1.1373   1.1475   1.1557   1.1694   1.1838   1.1950   1.1994
  1.2064   1.2153   1.2268   1.2312   1.2491   1.2514   1.2743   1.2837
  1.2871   1.3050   1.3150   1.3385   1.3437   1.3502   1.3603   1.3731
  1.3814   1.4051   1.4111   1.4249   1.4381   1.4437   1.4517   1.4726
  1.4848   1.5438   1.5579   1.6765   1.7401   1.7663   1.8500   1.8571
  1.8616   1.8711   1.8867   1.8935   1.8953   1.9062   1.9251   1.9376
  1.9438   1.9631   1.9837   1.9874   2.0086   2.0176   2.0368   2.0516
  2.0965   2.1245   2.1262   2.1533   2.1739   2.1926   2.2022   2.2370
  2.2528   2.2757   2.3026   2.3197   2.5126   2.5673   2.6045   2.6237
  2.6521   2.6815   2.7128   2.7217   2.7401   2.7601   2.7932   2.8438
  2.8657   2.9068   2.9283   2.9506   2.9571   2.9907   3.0517   3.0721
  3.0831   3.1146   3.1447   3.1469   3.1709   3.1777   3.1879   3.2020
  3.2049   3.2226   3.2279   3.2404   3.2451   3.2568   3.2698   3.2831
  3.2879   3.2924   3.3087   3.3096   3.3160   3.3223   3.3460   3.3554
  3.3627   3.3643   3.3723   3.3985   3.4094   3.4232   3.4401   3.4517
  3.4559   3.4674   3.4809   3.4903   3.5186   3.5320   3.5364   3.5599
  3.5746   3.5847   3.6027   3.6062   3.6819   3.7232   3.7418   3.8398
  3.8644   3.8690   3.8765   3.8931   3.9082   3.9191   3.9248   3.9279
  3.9503   3.9685   3.9791   3.9976   4.0028   4.0161   4.0193   4.0245
  4.0328   4.0416   4.0542   4.0576   4.0819   4.0863   4.0907   4.0966
  4.1101   4.1244   4.1291   4.1317   4.1376   4.1498   4.1602   4.1718
  4.1752   4.1797   4.1920   4.2145   4.2251   4.2490   4.2639   4.3145
  4.5515   4.6067   4.6139   4.6204   4.6230   4.6354   4.6498   4.6569
  4.6755   4.6814   4.7706   4.8032   4.8515   4.9104   4.9151   4.9373
  4.9447   4.9795   5.0661   5.0754   5.0924   5.1143   5.2230   5.2841
  5.4029   5.5045   5.5161   5.5204   5.5620   5.6265   5.6402   5.8515
  5.8574   5.8980   5.9722   5.9973   6.0140   6.0225   6.0398   6.0821
  6.2369   6.3059   6.3372   6.3756   6.3895   6.4178   6.4212   6.4381
  6.4576   6.4726   6.4792   6.4842   6.5032   6.5135   6.5217   6.5356
  6.5487   6.5533   6.5600   6.5761   6.5882   6.6106   6.6169   6.6194
  6.6399   6.6449   6.6762   6.6949   6.7016   6.7134   6.7206   6.7275
  6.7341   6.7428   6.7481   6.7587   6.8240   6.8466   6.8526   6.9609
  6.9653   7.0002   7.0048   7.0451   7.3250   7.3342   7.3584   7.3711
  7.4244   7.4311   7.4509   7.4931   7.5083   7.5446   7.5897   7.6631
  7.7301   7.7478   7.7860   7.7979   7.8172   7.8476  44.2053  44.2853
 44.3708  44.3838  44.4346  44.5083
 --------------------------------------------------------------
 
          Ground-State Mulliken Net Atomic Charges

     Atom                 Charge (a.u.)
  ----------------------------------------
      1 Na                    0.935808
      2 O                    -0.403249
      3 H                     0.198702
      4 H                     0.193061
      5 O                    -0.375999
      6 H                     0.177559
      7 H                     0.172362
      8 O                    -0.164142
      9 H                     0.090004
     10 H                     0.082375
     11 O                    -0.334711
     12 H                     0.210298
     13 H                     0.162668
     14 O                    -0.351185
     15 H                     0.175853
     16 H                     0.195006
     17 O                    -0.317188
     18 H                     0.152735
     19 H                     0.200044
  ----------------------------------------
  Sum of atomic charges =     1.000000

 -----------------------------------------------------------------
                    Cartesian Multipole Moments
 -----------------------------------------------------------------
    Charge (ESU x 10^10)
                 4.8032
    Dipole Moment (Debye)
         X      -1.9191      Y       1.9895      Z       1.8551
       Tot       3.3290
    Quadrupole Moments (Debye-Ang)
        XX     -14.8284     XY       4.5338     YY     -25.2845
        XZ      -4.7834     YZ       2.5731     ZZ     -29.1440
    Octopole Moments (Debye-Ang^2)
       XXX     -28.5853    XXY      -8.5432    XYY      -7.0518
       YYY      17.9281    XXZ       5.5289    XYZ      -3.6659
       YYZ       9.2675    XZZ      10.8815    YZZ       3.2326
       ZZZ       3.2595
    Hexadecapole Moments (Debye-Ang^3)
      XXXX    -423.8194   XXXY      -0.1235   XXYY    -116.0998
      XYYY      34.9665   YYYY    -390.7298   XXXZ     -34.5819
      XXYZ      18.1610   XYYZ      13.8318   YYYZ      -2.4903
      XXZZ    -118.5773   XYZZ      42.0604   YYZZ     -98.8475
      XZZZ     -32.2206   YZZZ      32.4045   ZZZZ    -370.3254
 -----------------------------------------------------------------
 Total job time:  2795.11s(wall), 5974.70s(cpu) 
 Thu Jan 11 19:08:52 2024

        *************************************************************
        *                                                           *
        *  Thank you very much for using Q-Chem.  Have a nice day.  *
        *                                                           *
        *************************************************************


