
Running Job 1 of 1 119_Na-Water_Cls_084_almo.in
qchem 119_Na-Water_Cls_084_almo.in_794448.0 /scratch/qchem794448/ 6
/home/kchung25/qchem/5.4.0/exe/qcprog.exe_s 119_Na-Water_Cls_084_almo.in_794448.0 /scratch/qchem794448/
                  Welcome to Q-Chem
     A Quantum Leap Into The Future Of Chemistry


 Q-Chem 5.4, Q-Chem, Inc., Pleasanton, CA (2021)

 E. Epifanovsky,  A. T. B. Gilbert,  Xintian Feng,  Joonho Lee,  Yuezhi Mao,  
 N. Mardirossian,  P. Pokhilko,  A. White,  M. Wormit,  M. P. Coons,  
 A. L. Dempwolff,  Zhengting Gan,  D. Hait,  P. R. Horn,  L. D. Jacobson,  
 I. Kaliman,  J. Kussmann,  A. W. Lange,  Ka Un Lao,  D. S. Levine,  Jie Liu,  
 S. C. McKenzie,  A. F. Morrison,  K. Nanda,  F. Plasser,  D. R. Rehn,  
 M. L. Vidal,  Zhi-Qiang You,  Ying Zhu,  B. Alam,  B. Albrecht,  
 A. Aldossary,  E. Alguire,  J. H. Andersen,  D. Barton,  K. Begam,  A. Behn,  
 Y. A. Bernard,  E. J. Berquist,  H. Burton,  A. Carreras,  K. Carter-Fenk,  
 Romit Chakraborty,  A. D. Chien,  K. D. Closser,  V. Cofer-Shabica,  
 S. Dasgupta,  Jia Deng,  M. de Wergifosse,  M. Diedenhofen,  Hainam Do,  
 S. Ehlert,  Po-Tung Fang,  S. Fatehi,  Qingguo Feng,  T. Friedhoff,  
 J. Gayvert,  Qinghui Ge,  G. Gidofalvi,  M. Goldey,  J. Gomes,  
 C. Gonzalez-Espinoza,  S. Gulania,  A. Gunina,  M. W. D. Hanson-Heine,  
 P. H. P. Harbach,  A. W. Hauser,  M. F. Herbst,  M. Hernandez Vera,  
 M. Hodecker,  Z. C. Holden,  S. Houck,  Xunkun Huang,  Kerwin Hui,  
 B. C. Huynh,  M. Ivanov,  Hyunjun Ji,  Hanjie Jiang,  B. Kaduk,  S. Kaehler,  
 K. Khistyaev,  Jaehoon Kim,  P. Klunzinger,  Z. Koczor-Benda,  
 Joong Hoon Koh,  D. Kosenkov,  L. Koulias,  T. Kowalczyk,  C. M. Krauter,  
 K. Kue,  A. Kunitsa,  T. Kus,  A. Landau,  K. V. Lawler,  D. Lefrancois,  
 S. Lehtola,  Rain Li,  Yi-Pei Li,  Jiashu Liang,  M. Liebenthal,  
 Hung-Hsuan Lin,  You-Sheng Lin,  Fenglai Liu,  Kuan-Yu Liu,  
 M. Loipersberger,  A. Luenser,  A. Manjanath,  P. Manohar,  E. Mansoor,  
 S. F. Manzer,  Shan-Ping Mao,  A. V. Marenich,  T. Markovich,  S. Mason,  
 S. A. Maurer,  P. F. McLaughlin,  M. F. S. J. Menger,  J.-M. Mewes,  
 S. A. Mewes,  P. Morgante,  J. W. Mullinax,  K. J. Oosterbaan,  G. Paran,  
 Alexander C. Paul,  Suranjan K. Paul,  F. Pavosevic,  Zheng Pei,  S. Prager,  
 E. I. Proynov,  E. Ramos,  B. Rana,  A. E. Rask,  A. Rettig,  R. M. Richard,  
 F. Rob,  E. Rossomme,  T. Scheele,  M. Scheurer,  M. Schneider,  
 N. Sergueev,  S. M. Sharada,  W. Skomorowski,  D. W. Small,  C. J. Stein,  
 Yu-Chuan Su,  E. J. Sundstrom,  Zhen Tao,  J. Thirman,  T. Tsuchimochi,  
 N. M. Tubman,  S. P. Veccham,  O. Vydrov,  J. Wenzel,  J. Witte,  A. Yamada,  
 Kun Yao,  S. Yeganeh,  S. R. Yost,  A. Zech,  Igor Ying Zhang,  Xing Zhang,  
 Yu Zhang,  D. Zuev,  A. Aspuru-Guzik,  A. T. Bell,  N. A. Besley,  
 K. B. Bravaya,  B. R. Brooks,  D. Casanova,  Jeng-Da Chai,  S. Coriani,  
 C. J. Cramer,  A. E. DePrince, III,  R. A. DiStasio Jr.,  A. Dreuw,  
 B. D. Dunietz,  T. R. Furlani,  W. A. Goddard III,  S. Grimme,  
 S. Hammes-Schiffer,  T. Head-Gordon,  W. J. Hehre,  Chao-Ping Hsu,  
 T.-C. Jagau,  Yousung Jung,  A. Klamt,  Jing Kong,  D. S. Lambrecht,  
 WanZhen Liang,  N. J. Mayhall,  C. W. McCurdy,  J. B. Neaton,  T. Neudecker,  
 C. Ochsenfeld,  J. A. Parkhill,  R. Peverati,  V. A. Rassolov,  Yihan Shao,  
 L. V. Slipchenko,  R. P. Steele,  J. E. Subotnik,  A. J. W. Thom,  
 A. Tkatchenko,  D. G. Truhlar,  T. Van Voorhis,  T. A. Wesolowski,  
 K. B. Whaley,  H. L. Woodcock III,  P. M. Zimmerman,  S. Faraji,  
 P. M. W. Gill,  M. Head-Gordon,  J. M. Herbert,  A. I. Krylov

 Additional authors since Version 5.4.0: 
 Chandrima Chakravarty,  L. Cunha,  R. Kang,  Yongbin Kim,  S. Kotaru,  
 Shaozhi Li,  Xiangyuan Li,  F. Matz,  A. Molle,  V. Parravicini,  
 Haisheng Ren,  Hengyuan Shen,  Yingli Su,  Hung-Yi Tsai,  C. Utku,  
 Fang Wang,  Jeff Yang,  F. Zeller

 Contributors to earlier versions of Q-Chem not listed above: 
 R. D. Adamson,  B. Austin,  R. Baer,  J. Baker,  G. J. O. Beran,  
 K. Brandhorst,  S. T. Brown,  E. F. C. Byrd,  Arup K. Chakraborty,  
 G. K. L. Chan,  Chun-Min Chang,  Yunqing Chen,  C.-L. Cheng,  
 Siu Hung Chien,  D. M. Chipman,  D. L. Crittenden,  H. Dachsel,  
 R. J. Doerksen,  A. D. Dutoi,  R. G. Edgar,  J. Fosso-Tande,  
 L. Fusti-Molnar,  D. Ghosh,  A. Ghysels,  A. Golubeva-Zadorozhnaya,  
 J. Gonthier,  M. S. Gordon,  S. R. Gwaltney,  G. Hawkins,  J. E. Herr,  
 A. Heyden,  S. Hirata,  E. G. Hohenstein,  G. Kedziora,  F. J. Keil,  
 C. Kelley,  Jihan Kim,  R. A. King,  R. Z. Khaliullin,  P. P. Korambath,  
 W. Kurlancheek,  A. Laurent,  A. M. Lee,  M. S. Lee,  S. V. Levchenko,  
 Ching Yeh Lin,  D. Liotard,  E. Livshits,  R. C. Lochan,  I. Lotan,  
 L. A. Martinez-Martinez,  P. E. Maslen,  N. Nair,  D. P. O'Neill,  
 D. Neuhauser,  E. Neuscamman,  C. M. Oana,  R. Olivares-Amaya,  R. Olson,  
 T. M. Perrine,  B. Peters,  P. A. Pieniazek,  A. Prociuk,  Y. M. Rhee,  
 J. Ritchie,  M. A. Rohrdanz,  E. Rosta,  N. J. Russ,  H. F. Schaefer III,  
 M. W. Schmidt,  N. E. Schultz,  S. Sharma,  N. Shenvi,  C. D. Sherrill,  
 A. C. Simmonett,  A. Sodt,  T. Stein,  D. Stuck,  K. S. Thanthiriwatte,  
 V. Vanovschi,  L. Vogt,  Tao Wang,  A. Warshel,  M. A. Watson,  
 C. F. Williams,  Q. Wu,  X. Xu,  Jun Yang,  W. Zhang,  Yan Zhao

   Please cite Q-Chem as follows:
  "Software for the frontiers of quantum chemistry:
   An overview of developments in the Q-Chem 5 package"
   J. Chem. Phys. 155, 084801 (2021)
   https://doi.org/10.1063/5.0055522 (open access)

 Q-Chem 5.4.2 for Intel X86 EM64T Linux

 Parts of Q-Chem use Armadillo 9.900.5 (Nocturnal Misbehaviour).
 http://arma.sourceforge.net/

 Q-Chem begins on Thu Jan 11 19:08:52 2024  

 Host: 
0

     Scratch files written to /scratch/qchem794448//
 Dec1321 |scratch|qcdevops|jenkins|workspace|build_RNUM 5684   
 Processing $rem in /home/kchung25/qchem/5.4.0/config/preferences:
 Processing $rem in /home/kchung25/.qchemrc:

 Q-Chem warning in module libgen/rem_setup.C, line 3079:

 Neither GIA nor STOLL is specified by user. Use STOLL as the default


 Checking the input file for inconsistencies... 	...done.

--------------------------------------------------------------
User input:
--------------------------------------------------------------
$molecule
1 1
--
1 1
Na     0.000000     0.000000     0.000000
--
0 1
O     -1.748724     1.414062     0.874886
H     -1.689945     2.308594     0.549541
H     -2.361366     1.350837     1.632814
O      0.302414     0.965556    -2.034213
H     -0.601270     1.062348    -2.426937
H      0.779372     0.758555    -2.825749
O      1.437561    -1.515632     0.722924
H      2.205461    -0.891894     0.700578
H      1.302992    -1.600284     1.634306
O      1.297210     1.818155     1.214323
H      1.433743     2.095204     2.181625
H      2.169762     1.506935     0.937370
O     -1.726322    -1.655173    -0.241891
H     -2.216976    -1.775963     0.645435
H     -1.679070    -2.537642    -0.673875
$end

$rem
JOBTYPE          eda
EDA2             1
METHOD           wB97M-V
BASIS            def2-TZVPPD
SYMMETRY         false
MEM_TOTAL        50000
MEM_STATIC       10000
THRESH           14
SCF_CONVERGENCE  8
XC_GRID          000099000590
NL_GRID          1
EDA_CLS_DISP     true
FD_MAT_VEC_PROD  FALSE
$end
--------------------------------------------------------------
 ----------------------------------------------------------------
             Standard Nuclear Orientation (Angstroms)
    I     Atom           X                Y                Z
 ----------------------------------------------------------------
    1      Na     -0.1185726772    -0.1436401161    -0.1068010876
    2      O       0.1458881896     1.9345599341     1.0907704060
    3      H       0.7809791950     2.5139199758     0.6778621889
    4      H      -0.0731024562     2.2332571363     1.9944327060
    5      O       0.2804448843     0.5727137318    -2.2256208761
    6      H      -0.2819397918     1.3777723409    -2.3515165282
    7      H       0.2040267493     0.2089673898    -3.0966641899
    8      O      -0.2386251252    -2.3096523917     0.3178391482
    9      H       0.6876853482    -2.4856137753     0.0174971021
   10      H      -0.1511834147    -2.4090975121     1.2334572685
   11      O       2.3485911535    -0.1541792245     0.5063981426
   12      H       2.8873354945    -0.2356570451     1.3632449595
   13      H       2.5583453656    -0.9649808857     0.0231676780
   14      O      -2.4684940102     0.1374205959     0.3141159687
   15      H      -2.6261054866     0.2867351115     1.3118848799
   16      H      -3.2241822899    -0.3921626233    -0.0265764170
 ----------------------------------------------------------------
 Molecular Point Group                 C1    NOp =  1
 Largest Abelian Subgroup              C1    NOp =  1
 Nuclear Repulsion Energy =         304.17301513 hartrees
 There are       30 alpha and       30 beta electrons
 Requested basis set is def2-TZVPPD
 There are 153 shells and 405 basis functions

 Q-Chem warning in module libmdc/get_mega.C, line 171:

 Allowed MEM_STATIC has been capped at MEM_STATIC=8191.
 Reduce the value of MEM_STATIC to silence this warning.


 Total QAlloc Memory Limit  50000 MB
 Mega-Array Size      8007 MB
 MEM_STATIC part      8191 MB
 A cutoff of  1.0D-14 yielded  10493 shell pairs
 There are     72545 function pairs (     87955 Cartesian)
 Smallest overlap matrix eigenvalue = 1.04E-04

 Scale SEOQF with 1.000000e-01/1.000000e-01/1.000000e-01

 Standard Electronic Orientation quadrupole field applied
 Nucleus-field energy     =     0.0000000036 hartrees

 -----------------------------------------------------------------------
  General SCF calculation program by
  Eric Jon Sundstrom, Paul Horn, Yuezhi Mao, Dmitri Zuev, Alec White,
  David Stuck, Shaama M.S., Shane Yost, Joonho Lee, David Small,
  Daniel Levine, Susi Lehtola, Hugh Burton, Evgeny Epifanovsky,
  Bang C. Huynh
 -----------------------------------------------------------------------
================================================================
                 ALMO-EDA with the EDA2 driver                  
================================================================
 The second-generation ALMO-EDA (for DFT):                      
 P. R. Horn, Y. Mao and M. Head-Gordon, PCCP, 18, 23067 (2016)  
 Y. Mao et al. Annu. Rev. Phys. Chem. 72, 641 (2021)            
 Decomposition of the frozen energy:                            
 P. R. Horn, Y. Mao and M. Head-Gordon, JCP, 144, 114107 (2016) 
 FERF model for polarization:                                   
 P. R. Horn and M. Head-Gordon, JCP, 143, 114111 (2015)         
================================================================
 Using eda2 option set 1
 Option set summary: Frozen orbital wavefunction, initial wavefunction decomposition, and nDQ polarization.
--------------------------------
Printing EDA Options
--------------------------------
eda_child_super_basis      0
fragmo_guess_mode          0
child_mp                   1
child_mp_orders            232
cls_elec                   1
cls_disp                   1
scfmi_mode                 1
scfmi_occs                 0
scfmi_virts                0
frz_relax                  0
frz_relax_method           0
dc_pen_start               0
dc_pen_conv                0
dc_pen_increment           0
dc_pen_steps               0
dc_pen_thresh_factor       0
dc_pen_pre_newton_thresh   0
frz_ortho_decomp           1
frz_ortho_decomp_conv      6
plot_mo_ortho_frz          0
frgm_method                2
scfmi_freeze_ss            0
separate_rehyb             0
plot_diff_den              0
eda_nocv                   0
eda_vct_relax              1
disp_free_x                0
disp_free_c                0
eda_bsse                   0
eda_pct_a                  0
eda_covp                   0
--------------------------------
Attempting to make child job directory: /scratch/qchem794448//Frg1/
Attempting to make child job directory: /scratch/qchem794448//Frg2/
Creating input file /scratch/qchem794448/Frg1.input
using default PutDataFrgm: nothing
calling putenv with: QCSCRATCH=/scratch/qchem794448/ 
Spawning Job For Fragment 0
Done Job For Fragment 0
calling putenv with: QCSCRATCH=/scratch 
calling putenv with: QCTHREADS=6 
Creating input file /scratch/qchem794448/Frg2.input
using default PutDataFrgm: nothing
calling putenv with: QCSCRATCH=/scratch/qchem794448/ 
Spawning Job For Fragment 1
Done Job For Fragment 1
calling putenv with: QCSCRATCH=/scratch 
calling putenv with: QCTHREADS=6 
Doing General SCFMI
 Exchange:     0.1500 Hartree-Fock + 1.0000 wB97M-V + LR-HF
 Correlation:  1.0000 wB97M-V
 Using Euler-Maclaurin-Lebedev (99,590) quadrature formula
 Nonlocal Correlation:  VV10 with C = 0.0100 and b = 6.00 and scale = 1.00000
 Grid used for NLC:  SG-1 standard quadrature
performing fock build before subrot guess so that all methods have access
Printing subrot_rss_gen Method Specification:
Occupied Subspace Method is 0
Virtual Subspace Method is 0
Energy of the unrelaxed supersystem initial determinant -544.320634644698
write pseudocanon occs and virts to disk
write pseudocanon orbital energies to disk
Tolerance of ortho_decomp_scf: 1.00e-06
GDM subspace size: 20
Beginning the Orthogonal Decomposition of the Initial Supersystem Wavefunction
    1    -544.1321490724      2.59e-01     ortho_decomp Preconditoned Steepest Descent
    2    -544.1499002708      3.31e-03     ortho_decomp BFGS Step
    3    -544.1499162698      1.48e-04     ortho_decomp BFGS Step
    4    -544.1499162777      2.72e-06     ortho_decomp BFGS Step
    5    -544.1499162777      2.75e-08     ortho_decomp 00000 Convergence criterion met
 Hartree-Fock
 Hartree-Fock
 Hartree-Fock
 Exchange:     0.1500 Hartree-Fock + 1.0000 wB97M-V + LR-HF
 Correlation:  1.0000 wB97M-V
 Using Euler-Maclaurin-Lebedev (99,590) quadrature formula
 Nonlocal Correlation:  VV10 with C = 0.0100 and b = 6.00 and scale = 1.00000
 Grid used for NLC:  SG-1 standard quadrature
 Long-range K will be added via erf
 Coulomb attenuation parameter = 0.3 bohr**(-1)
 Nonlocal correlation = 2.512569718829e-01
Doing General SCFMI
 Exchange:     0.1500 Hartree-Fock + 1.0000 wB97M-V + LR-HF
 Correlation:  1.0000 wB97M-V
 Using Euler-Maclaurin-Lebedev (99,590) quadrature formula
 Nonlocal Correlation:  VV10 with C = 0.0100 and b = 6.00 and scale = 1.00000
 Grid used for NLC:  SG-1 standard quadrature
performing fock build at end of subrot_r(subrot) constructor so that all methods have access
<S^2> of initial wavefunction before polarization iterations 0.0000000000
Beginning iterations for the determination of the polarized wavefunction
Energy prior to optimization (guess energy) = -544.320634644698
Begin Timing: Total SCF Calculation
begin iterations for algorithm: DIIS         
the SCF tolerance is set to 1.00e-08
    1    -544.3206346447      9.37e-04     00000 
    2    -544.3544513167      4.46e-04     00000 
    3    -544.3578205837      1.95e-04     00000 
    4    -544.3585064992      4.43e-05     00000 
    5    -544.3585771654      1.08e-05     00000 
    6    -544.3585839241      5.53e-06     00000 
    7    -544.3585846643      1.70e-06     00000 
    8    -544.3585847941      3.31e-07     00000 
    9    -544.3585847998      1.56e-07     00000 
   10    -544.3585848008      6.84e-08     00000 
   11    -544.3585848009      3.00e-08     00000 
   12    -544.3585848009      6.45e-09     00000 Convergence criterion met
write pseudocanon occs and virts to disk
write pseudocanon orbital energies to disk
Timing for Total SCF: 186.00s (wall), 1114.84s (cpu)
<S^2> of polarized wavefunction after polarization iterations 0.0000000000
relaxing scfmi constraint to allow all rotations in the entire AO span
Doing General SCFMI
 Exchange:     0.1500 Hartree-Fock + 1.0000 wB97M-V + LR-HF
 Correlation:  1.0000 wB97M-V
 Using Euler-Maclaurin-Lebedev (99,590) quadrature formula
 Nonlocal Correlation:  VV10 with C = 0.0100 and b = 6.00 and scale = 1.00000
 Grid used for NLC:  SG-1 standard quadrature
performing fock build at end of subrot_r(subrot) constructor so that all methods have access
<S^2> of polarized wavefunction before ct-allowed iterations 0.0000000000
Beginning iterations for the determination of the CT-Allowed wavefunction
Energy prior to optimization (guess energy) = -544.358584800934
Begin Timing: Total SCF Calculation
begin iterations for algorithm: DIIS         
the SCF tolerance is set to 1.00e-08
    1    -544.3585848009      2.34e-04     00000 
    2    -544.3606129679      1.53e-05     00000 
    3    -544.3606348360      1.91e-06     00000 
    4    -544.3606350234      1.48e-06     00000 
    5    -544.3606351316      1.96e-07     00000 
    6    -544.3606351339      3.70e-08     00000 
    7    -544.3606351341      1.08e-08     00000 
    8    -544.3606351341      3.96e-09     00000 Convergence criterion met
write pseudocanon occs and virts to disk
write pseudocanon orbital energies to disk
Timing for Total SCF: 117.00s (wall), 702.51s (cpu)
<S^2> of ct_allowed wavefunction after ct-allowed iterations 0.0000000000

================================
        Results of EDA2         
================================
Basic EDA Quantities
--------------------
Fragment Energies (Ha):
1 -162.0687155489
2 -382.1563749534
--------------------
  E_prp (kJ/mol) = 0.0000
  E_frz (kJ/mol) = -250.8541
  E_pol (kJ/mol) = -99.6393
  E_vct (kJ/mol) = -5.3832
  E_int (kJ/mol) = -355.8767
--------------------


Decomposition of frozen interaction energy
--------------------
  --------------------
  Orthogonal Frozen Decomposition:
  --------------------
     E_elec   (ELEC)   (kJ/mol) = -396.1431
     E_pauli  (PAULI)  (kJ/mol) = 165.9629
     E_disp   (DISP)   (kJ/mol) = -20.6740
  --------------------
  Classical Frozen Decomposition:
  --------------------
     E_cls_elec  (CLS ELEC)  (kJ/mol) = -348.7308
     E_mod_pauli (MOD PAULI) (kJ/mol) = 115.1199 (FRZ - CLS ELEC - CLS DISP)
     E_cls_disp  (CLS DISP)  (kJ/mol) = -17.2432
  --------------------
--------------------

Simplified EDA Summary (kJ/mol)
--------------------
 PREPARATION      0.0000
 FROZEN           -250.8541 (ELEC + PAULI + DISP)
[ELEC + PAULI = -233.6109, DISP = -17.2432]
 POLARIZATION    -99.6393
 CHARGE TRANSFER -5.3832
 TOTAL           -355.8767     (PRP + FRZ + POL + CT)
--------------------
 
 --------------------------------------------------------------
 
                    Orbital Energies (a.u.)
 --------------------------------------------------------------
 
 Alpha MOs
 -- Occupied --
-38.8073 -19.5060 -19.4992 -19.4986 -19.4901 -19.4852  -2.4536  -1.3612
 -1.3581  -1.3564  -1.3161  -1.3030  -1.2888  -1.2865  -1.2727  -0.8074
 -0.8016  -0.7867  -0.7843  -0.7773  -0.6888  -0.6838  -0.6665  -0.6578
 -0.6464  -0.6097  -0.5924  -0.5837  -0.5773  -0.5734
 -- Virtual --
 -0.1269  -0.1005  -0.0958  -0.0883  -0.0538  -0.0504  -0.0442  -0.0392
 -0.0353  -0.0310  -0.0252  -0.0207  -0.0100  -0.0021   0.0016   0.0044
  0.0070   0.0127   0.0137   0.0291   0.0464   0.0494   0.0569   0.0573
  0.0625   0.0715   0.0772   0.0802   0.0833   0.0925   0.1010   0.1095
  0.1185   0.1265   0.1314   0.1346   0.1433   0.1524   0.1558   0.1648
  0.1718   0.1806   0.1843   0.1876   0.1906   0.2009   0.2035   0.2070
  0.2160   0.2224   0.2316   0.2355   0.2410   0.2420   0.2470   0.2510
  0.2588   0.2642   0.2748   0.2799   0.2805   0.2853   0.2898   0.2932
  0.2967   0.3020   0.3061   0.3160   0.3182   0.3212   0.3283   0.3343
  0.3414   0.3593   0.3689   0.3785   0.3872   0.3975   0.4178   0.4223
  0.4347   0.4472   0.4640   0.4739   0.4795   0.4822   0.4884   0.5004
  0.5077   0.5167   0.5261   0.5290   0.5418   0.5570   0.5604   0.5711
  0.5795   0.5952   0.6097   0.6167   0.6246   0.6392   0.6548   0.6684
  0.6826   0.6974   0.7005   0.7145   0.7229   0.7463   0.7629   0.7668
  0.7792   0.8022   0.8228   0.8293   0.8362   0.8504   0.8595   0.8924
  0.8967   0.9146   0.9261   0.9346   0.9479   0.9611   0.9688   0.9844
  1.0020   1.0119   1.0239   1.0293   1.0459   1.0476   1.0605   1.0799
  1.0906   1.0964   1.1007   1.1119   1.1188   1.1316   1.1451   1.1772
  1.1799   1.1903   1.1999   1.2116   1.2371   1.2508   1.2536   1.2767
  1.2857   1.2927   1.3071   1.3154   1.3245   1.3375   1.3596   1.3615
  1.3755   1.3797   1.4024   1.4273   1.4686   1.5282   1.5776   1.6570
  1.7178   1.8192   1.8357   1.8405   1.8493   1.8574   1.8662   1.8737
  1.8910   1.9011   1.9193   1.9532   1.9673   1.9741   1.9926   1.9943
  2.0714   2.0916   2.1053   2.1270   2.1352   2.1690   2.1959   2.2176
  2.2317   2.2838   2.5176   2.5395   2.6027   2.6360   2.6682   2.6847
  2.7399   2.7950   2.8118   2.8488   2.8858   2.9067   2.9142   2.9278
  2.9743   3.0381   3.0583   3.0745   3.0790   3.1208   3.1268   3.1316
  3.1424   3.1747   3.1922   3.2098   3.2191   3.2493   3.2603   3.2684
  3.2784   3.2817   3.2897   3.2971   3.3076   3.3103   3.3211   3.3278
  3.3359   3.3429   3.3610   3.3676   3.3830   3.3838   3.3967   3.4203
  3.4311   3.4366   3.4662   3.4883   3.5358   3.5559   3.6008   3.6323
  3.6492   3.7509   3.7558   3.7675   3.7737   3.8060   3.8452   3.8561
  3.8618   3.8743   3.9117   3.9501   3.9623   3.9753   3.9781   3.9929
  3.9960   4.0069   4.0199   4.0294   4.0319   4.0535   4.0628   4.0702
  4.0795   4.0882   4.0991   4.1052   4.1155   4.1289   4.1480   4.1589
  4.1729   4.1900   4.2109   4.2341   4.5206   4.5394   4.5557   4.5727
  4.5876   4.6036   4.6105   4.6368   4.7013   4.7137   4.7814   4.8269
  4.8339   4.8424   4.9095   4.9428   5.0230   5.0570   5.0908   5.1438
  5.1752   5.4738   5.5080   5.5146   5.5464   5.5696   5.8114   5.8266
  5.8582   5.8944   5.9503   5.9580   6.0030   6.0444   6.1972   6.2173
  6.2428   6.2516   6.3103   6.3173   6.3894   6.3973   6.4096   6.4296
  6.4573   6.4735   6.4766   6.4875   6.4990   6.5090   6.5424   6.5530
  6.5585   6.5726   6.5899   6.6290   6.6597   6.6733   6.6888   6.6902
  6.6933   6.7057   6.7132   6.7253   6.7346   6.7805   6.8649   6.8730
  6.9078   6.9236   7.0027   7.2890   7.3178   7.3408   7.3475   7.3891
  7.4346   7.4356   7.4475   7.5664   7.5751   7.6671   7.6788   7.6957
  7.7102   7.8279  44.1696  44.1941  44.3207  44.3360  44.3847
 --------------------------------------------------------------
 
          Ground-State Mulliken Net Atomic Charges

     Atom                 Charge (a.u.)
  ----------------------------------------
      1 Na                    0.983175
      2 O                    -0.308076
      3 H                     0.173106
      4 H                     0.152022
      5 O                    -0.378663
      6 H                     0.215129
      7 H                     0.127716
      8 O                    -0.426215
      9 H                     0.237512
     10 H                     0.172367
     11 O                    -0.341460
     12 H                     0.201262
     13 H                     0.178006
     14 O                    -0.397792
     15 H                     0.236659
     16 H                     0.175251
  ----------------------------------------
  Sum of atomic charges =     1.000000

 -----------------------------------------------------------------
                    Cartesian Multipole Moments
 -----------------------------------------------------------------
    Charge (ESU x 10^10)
                 4.8032
    Dipole Moment (Debye)
         X       0.5237      Y      -0.6472      Z       1.3569
       Tot       1.5919
    Quadrupole Moments (Debye-Ang)
        XX     -18.1216     XY      -4.2949     YY     -22.6729
        XZ       1.7305     YZ      -0.3463     ZZ     -14.2204
    Octopole Moments (Debye-Ang^2)
       XXX     -14.6342    XXY     -19.8889    XYY      19.2793
       YYY      14.5983    XXZ      21.6602    XYZ       2.1028
       YYZ      13.1703    XZZ      -5.1900    YZZ      11.8600
       ZZZ     -18.9178
    Hexadecapole Moments (Debye-Ang^3)
      XXXX    -298.7378   XXXY      -3.8936   XXYY    -142.6808
      XYYY      -9.0406   YYYY    -342.1408   XXXZ      25.0717
      XXYZ       6.4949   XYYZ       3.2787   YYYZ       3.6415
      XXZZ    -100.9305   XYZZ     -13.7575   YYZZ     -70.3392
      XZZZ       3.8590   YZZZ       1.0847   ZZZZ    -135.0366
 -----------------------------------------------------------------
 Total job time:  1559.50s(wall), 3513.29s(cpu) 
 Thu Jan 11 19:34:51 2024

        *************************************************************
        *                                                           *
        *  Thank you very much for using Q-Chem.  Have a nice day.  *
        *                                                           *
        *************************************************************


