
Running Job 1 of 1 119_Na-Water_Cls_047_almo.in
qchem 119_Na-Water_Cls_047_almo.in_760173.0 /scratch/qchem760173/ 6
/home/kchung25/qchem/5.4.0/exe/qcprog.exe_s 119_Na-Water_Cls_047_almo.in_760173.0 /scratch/qchem760173/
                  Welcome to Q-Chem
     A Quantum Leap Into The Future Of Chemistry


 Q-Chem 5.4, Q-Chem, Inc., Pleasanton, CA (2021)

 E. Epifanovsky,  A. T. B. Gilbert,  Xintian Feng,  Joonho Lee,  Yuezhi Mao,  
 N. Mardirossian,  P. Pokhilko,  A. White,  M. Wormit,  M. P. Coons,  
 A. L. Dempwolff,  Zhengting Gan,  D. Hait,  P. R. Horn,  L. D. Jacobson,  
 I. Kaliman,  J. Kussmann,  A. W. Lange,  Ka Un Lao,  D. S. Levine,  Jie Liu,  
 S. C. McKenzie,  A. F. Morrison,  K. Nanda,  F. Plasser,  D. R. Rehn,  
 M. L. Vidal,  Zhi-Qiang You,  Ying Zhu,  B. Alam,  B. Albrecht,  
 A. Aldossary,  E. Alguire,  J. H. Andersen,  D. Barton,  K. Begam,  A. Behn,  
 Y. A. Bernard,  E. J. Berquist,  H. Burton,  A. Carreras,  K. Carter-Fenk,  
 Romit Chakraborty,  A. D. Chien,  K. D. Closser,  V. Cofer-Shabica,  
 S. Dasgupta,  Jia Deng,  M. de Wergifosse,  M. Diedenhofen,  Hainam Do,  
 S. Ehlert,  Po-Tung Fang,  S. Fatehi,  Qingguo Feng,  T. Friedhoff,  
 J. Gayvert,  Qinghui Ge,  G. Gidofalvi,  M. Goldey,  J. Gomes,  
 C. Gonzalez-Espinoza,  S. Gulania,  A. Gunina,  M. W. D. Hanson-Heine,  
 P. H. P. Harbach,  A. W. Hauser,  M. F. Herbst,  M. Hernandez Vera,  
 M. Hodecker,  Z. C. Holden,  S. Houck,  Xunkun Huang,  Kerwin Hui,  
 B. C. Huynh,  M. Ivanov,  Hyunjun Ji,  Hanjie Jiang,  B. Kaduk,  S. Kaehler,  
 K. Khistyaev,  Jaehoon Kim,  P. Klunzinger,  Z. Koczor-Benda,  
 Joong Hoon Koh,  D. Kosenkov,  L. Koulias,  T. Kowalczyk,  C. M. Krauter,  
 K. Kue,  A. Kunitsa,  T. Kus,  A. Landau,  K. V. Lawler,  D. Lefrancois,  
 S. Lehtola,  Rain Li,  Yi-Pei Li,  Jiashu Liang,  M. Liebenthal,  
 Hung-Hsuan Lin,  You-Sheng Lin,  Fenglai Liu,  Kuan-Yu Liu,  
 M. Loipersberger,  A. Luenser,  A. Manjanath,  P. Manohar,  E. Mansoor,  
 S. F. Manzer,  Shan-Ping Mao,  A. V. Marenich,  T. Markovich,  S. Mason,  
 S. A. Maurer,  P. F. McLaughlin,  M. F. S. J. Menger,  J.-M. Mewes,  
 S. A. Mewes,  P. Morgante,  J. W. Mullinax,  K. J. Oosterbaan,  G. Paran,  
 Alexander C. Paul,  Suranjan K. Paul,  F. Pavosevic,  Zheng Pei,  S. Prager,  
 E. I. Proynov,  E. Ramos,  B. Rana,  A. E. Rask,  A. Rettig,  R. M. Richard,  
 F. Rob,  E. Rossomme,  T. Scheele,  M. Scheurer,  M. Schneider,  
 N. Sergueev,  S. M. Sharada,  W. Skomorowski,  D. W. Small,  C. J. Stein,  
 Yu-Chuan Su,  E. J. Sundstrom,  Zhen Tao,  J. Thirman,  T. Tsuchimochi,  
 N. M. Tubman,  S. P. Veccham,  O. Vydrov,  J. Wenzel,  J. Witte,  A. Yamada,  
 Kun Yao,  S. Yeganeh,  S. R. Yost,  A. Zech,  Igor Ying Zhang,  Xing Zhang,  
 Yu Zhang,  D. Zuev,  A. Aspuru-Guzik,  A. T. Bell,  N. A. Besley,  
 K. B. Bravaya,  B. R. Brooks,  D. Casanova,  Jeng-Da Chai,  S. Coriani,  
 C. J. Cramer,  A. E. DePrince, III,  R. A. DiStasio Jr.,  A. Dreuw,  
 B. D. Dunietz,  T. R. Furlani,  W. A. Goddard III,  S. Grimme,  
 S. Hammes-Schiffer,  T. Head-Gordon,  W. J. Hehre,  Chao-Ping Hsu,  
 T.-C. Jagau,  Yousung Jung,  A. Klamt,  Jing Kong,  D. S. Lambrecht,  
 WanZhen Liang,  N. J. Mayhall,  C. W. McCurdy,  J. B. Neaton,  T. Neudecker,  
 C. Ochsenfeld,  J. A. Parkhill,  R. Peverati,  V. A. Rassolov,  Yihan Shao,  
 L. V. Slipchenko,  R. P. Steele,  J. E. Subotnik,  A. J. W. Thom,  
 A. Tkatchenko,  D. G. Truhlar,  T. Van Voorhis,  T. A. Wesolowski,  
 K. B. Whaley,  H. L. Woodcock III,  P. M. Zimmerman,  S. Faraji,  
 P. M. W. Gill,  M. Head-Gordon,  J. M. Herbert,  A. I. Krylov

 Additional authors since Version 5.4.0: 
 Chandrima Chakravarty,  L. Cunha,  R. Kang,  Yongbin Kim,  S. Kotaru,  
 Shaozhi Li,  Xiangyuan Li,  F. Matz,  A. Molle,  V. Parravicini,  
 Haisheng Ren,  Hengyuan Shen,  Yingli Su,  Hung-Yi Tsai,  C. Utku,  
 Fang Wang,  Jeff Yang,  F. Zeller

 Contributors to earlier versions of Q-Chem not listed above: 
 R. D. Adamson,  B. Austin,  R. Baer,  J. Baker,  G. J. O. Beran,  
 K. Brandhorst,  S. T. Brown,  E. F. C. Byrd,  Arup K. Chakraborty,  
 G. K. L. Chan,  Chun-Min Chang,  Yunqing Chen,  C.-L. Cheng,  
 Siu Hung Chien,  D. M. Chipman,  D. L. Crittenden,  H. Dachsel,  
 R. J. Doerksen,  A. D. Dutoi,  R. G. Edgar,  J. Fosso-Tande,  
 L. Fusti-Molnar,  D. Ghosh,  A. Ghysels,  A. Golubeva-Zadorozhnaya,  
 J. Gonthier,  M. S. Gordon,  S. R. Gwaltney,  G. Hawkins,  J. E. Herr,  
 A. Heyden,  S. Hirata,  E. G. Hohenstein,  G. Kedziora,  F. J. Keil,  
 C. Kelley,  Jihan Kim,  R. A. King,  R. Z. Khaliullin,  P. P. Korambath,  
 W. Kurlancheek,  A. Laurent,  A. M. Lee,  M. S. Lee,  S. V. Levchenko,  
 Ching Yeh Lin,  D. Liotard,  E. Livshits,  R. C. Lochan,  I. Lotan,  
 L. A. Martinez-Martinez,  P. E. Maslen,  N. Nair,  D. P. O'Neill,  
 D. Neuhauser,  E. Neuscamman,  C. M. Oana,  R. Olivares-Amaya,  R. Olson,  
 T. M. Perrine,  B. Peters,  P. A. Pieniazek,  A. Prociuk,  Y. M. Rhee,  
 J. Ritchie,  M. A. Rohrdanz,  E. Rosta,  N. J. Russ,  H. F. Schaefer III,  
 M. W. Schmidt,  N. E. Schultz,  S. Sharma,  N. Shenvi,  C. D. Sherrill,  
 A. C. Simmonett,  A. Sodt,  T. Stein,  D. Stuck,  K. S. Thanthiriwatte,  
 V. Vanovschi,  L. Vogt,  Tao Wang,  A. Warshel,  M. A. Watson,  
 C. F. Williams,  Q. Wu,  X. Xu,  Jun Yang,  W. Zhang,  Yan Zhao

   Please cite Q-Chem as follows:
  "Software for the frontiers of quantum chemistry:
   An overview of developments in the Q-Chem 5 package"
   J. Chem. Phys. 155, 084801 (2021)
   https://doi.org/10.1063/5.0055522 (open access)

 Q-Chem 5.4.2 for Intel X86 EM64T Linux

 Parts of Q-Chem use Armadillo 9.900.5 (Nocturnal Misbehaviour).
 http://arma.sourceforge.net/

 Q-Chem begins on Thu Jan 11 03:10:12 2024  

 Host: 
0

     Scratch files written to /scratch/qchem760173//
 Dec1321 |scratch|qcdevops|jenkins|workspace|build_RNUM 5684   
 Processing $rem in /home/kchung25/qchem/5.4.0/config/preferences:
 Processing $rem in /home/kchung25/.qchemrc:

 Q-Chem warning in module libgen/rem_setup.C, line 3079:

 Neither GIA nor STOLL is specified by user. Use STOLL as the default


 Checking the input file for inconsistencies... 	...done.

--------------------------------------------------------------
User input:
--------------------------------------------------------------
$molecule
1 1
--
1 1
Na     0.000000     0.000000     0.000000
--
0 1
O     -1.303188     1.664866     1.104595
H     -0.470288     2.199361     1.156535
H     -1.573108     1.918059     0.254875
O      0.729354    -2.356522     0.687908
H      1.312049    -1.877683     1.251734
H      0.115995    -2.750276     1.273369
O      0.100788    -0.239392    -2.295890
H     -0.074582     0.302705    -3.084869
H     -0.313292    -1.090884    -2.589965
O      2.035040     1.209218     0.044939
H      2.826981     0.709029     0.335038
H      2.348264     1.657480    -0.765905
$end

$rem
JOBTYPE          eda
EDA2             1
METHOD           wB97M-V
BASIS            def2-TZVPPD
SYMMETRY         false
MEM_TOTAL        50000
MEM_STATIC       10000
THRESH           14
SCF_CONVERGENCE  8
XC_GRID          000099000590
NL_GRID          1
EDA_CLS_DISP     true
FD_MAT_VEC_PROD  FALSE
$end
--------------------------------------------------------------
 ----------------------------------------------------------------
             Standard Nuclear Orientation (Angstroms)
    I     Atom           X                Y                Z
 ----------------------------------------------------------------
    1      Na      0.0625091117    -0.1772697977     0.2979073196
    2      O       2.2322115534    -1.0050394033     0.8432481948
    3      H       2.4867192780    -0.7851262138    -0.0889369187
    4      H       2.3782994954    -0.1722812069     1.2229318520
    5      O      -2.2140244081    -1.3271024372     0.0662812316
    6      H      -1.8316935822    -1.6488694944    -0.7318472729
    7      H      -2.2755077956    -2.0835285427     0.6122257324
    8      O      -0.6550900098     1.9648834916     0.7824776744
    9      H      -0.2565771999     2.8293301316     0.9850392792
   10      H      -1.3811045730     1.9598016434     1.4576502501
   11      O       0.5777487136     0.4131664499    -1.9362656094
   12      H      -0.0702741731     0.1321847187    -2.6164366306
   13      H       0.7357715278     1.3511919304    -2.1635387387
 ----------------------------------------------------------------
 Molecular Point Group                 C1    NOp =  1
 Largest Abelian Subgroup              C1    NOp =  1
 Nuclear Repulsion Energy =         211.85299848 hartrees
 There are       25 alpha and       25 beta electrons
 Requested basis set is def2-TZVPPD
 There are 125 shells and 331 basis functions

 Q-Chem warning in module libmdc/get_mega.C, line 171:

 Allowed MEM_STATIC has been capped at MEM_STATIC=8191.
 Reduce the value of MEM_STATIC to silence this warning.


 Total QAlloc Memory Limit  50000 MB
 Mega-Array Size      8007 MB
 MEM_STATIC part      8191 MB

                       Distance Matrix (Angstroms)
             Na(  1)   O (  2)   H (  3)   H (  4)   O (  5)   H (  6)
   O (  2)  2.385416
   H (  3)  2.529018  0.991012
   H (  4)  2.493708  0.926816  1.452010
   O (  5)  2.560932  4.525087  4.734429  4.874514
   H (  6)  2.610365  4.405765  4.450626  4.870885  0.941658
   H (  7)  3.032976  4.640694  4.985608  5.067914  0.934888  1.480686
   O (  8)  2.310536  4.142541  4.265312  3.736700  3.712194  4.091062
   H (  9)  3.100582  4.573463  4.662981  4.001105  4.685259  5.048065
   H ( 10)  2.827737  4.714215  4.988649  4.328278  3.665161  4.244931
   O ( 11)  2.367618  3.531891  2.914223  3.683105  3.851328  3.392348
   H ( 12)  2.933734  4.308612  3.710516  4.563876  3.731241  3.134714
   H ( 13)  2.974591  4.102673  3.454511  4.060425  4.565814  4.200236
             H (  7)   O (  8)   H (  9)   H ( 10)   O ( 11)   H ( 12)
   O (  8)  4.363987
   H (  9)  5.324589  0.973197
   H ( 10)  4.226490  0.991454  1.498000
   O ( 11)  4.568300  3.364414  3.881748  4.212820
   H ( 12)  4.494074  3.905562  4.503324  4.653670  0.980570
   H ( 13)  5.345089  3.315136  3.617070  4.238464  0.978016  1.529969

 
 A cutoff of  1.0D-14 yielded   7078 shell pairs
 There are     48682 function pairs (     58839 Cartesian)
 Smallest overlap matrix eigenvalue = 1.75E-04

 Scale SEOQF with 1.000000e-01/1.000000e-01/1.000000e-01

 Standard Electronic Orientation quadrupole field applied
 Nucleus-field energy     =     0.0000000030 hartrees

 -----------------------------------------------------------------------
  General SCF calculation program by
  Eric Jon Sundstrom, Paul Horn, Yuezhi Mao, Dmitri Zuev, Alec White,
  David Stuck, Shaama M.S., Shane Yost, Joonho Lee, David Small,
  Daniel Levine, Susi Lehtola, Hugh Burton, Evgeny Epifanovsky,
  Bang C. Huynh
 -----------------------------------------------------------------------
================================================================
                 ALMO-EDA with the EDA2 driver                  
================================================================
 The second-generation ALMO-EDA (for DFT):                      
 P. R. Horn, Y. Mao and M. Head-Gordon, PCCP, 18, 23067 (2016)  
 Y. Mao et al. Annu. Rev. Phys. Chem. 72, 641 (2021)            
 Decomposition of the frozen energy:                            
 P. R. Horn, Y. Mao and M. Head-Gordon, JCP, 144, 114107 (2016) 
 FERF model for polarization:                                   
 P. R. Horn and M. Head-Gordon, JCP, 143, 114111 (2015)         
================================================================
 Using eda2 option set 1
 Option set summary: Frozen orbital wavefunction, initial wavefunction decomposition, and nDQ polarization.
--------------------------------
Printing EDA Options
--------------------------------
eda_child_super_basis      0
fragmo_guess_mode          0
child_mp                   1
child_mp_orders            232
cls_elec                   1
cls_disp                   1
scfmi_mode                 1
scfmi_occs                 0
scfmi_virts                0
frz_relax                  0
frz_relax_method           0
dc_pen_start               0
dc_pen_conv                0
dc_pen_increment           0
dc_pen_steps               0
dc_pen_thresh_factor       0
dc_pen_pre_newton_thresh   0
frz_ortho_decomp           1
frz_ortho_decomp_conv      6
plot_mo_ortho_frz          0
frgm_method                2
scfmi_freeze_ss            0
separate_rehyb             0
plot_diff_den              0
eda_nocv                   0
eda_vct_relax              1
disp_free_x                0
disp_free_c                0
eda_bsse                   0
eda_pct_a                  0
eda_covp                   0
--------------------------------
Attempting to make child job directory: /scratch/qchem760173//Frg1/
Attempting to make child job directory: /scratch/qchem760173//Frg2/
Creating input file /scratch/qchem760173/Frg1.input
using default PutDataFrgm: nothing
calling putenv with: QCSCRATCH=/scratch/qchem760173/ 
Spawning Job For Fragment 0
Done Job For Fragment 0
calling putenv with: QCSCRATCH=/scratch 
calling putenv with: QCTHREADS=6 
Creating input file /scratch/qchem760173/Frg2.input
using default PutDataFrgm: nothing
calling putenv with: QCSCRATCH=/scratch/qchem760173/ 
Spawning Job For Fragment 1
Done Job For Fragment 1
calling putenv with: QCSCRATCH=/scratch 
calling putenv with: QCTHREADS=6 
Doing General SCFMI
 Exchange:     0.1500 Hartree-Fock + 1.0000 wB97M-V + LR-HF
 Correlation:  1.0000 wB97M-V
 Using Euler-Maclaurin-Lebedev (99,590) quadrature formula
 Nonlocal Correlation:  VV10 with C = 0.0100 and b = 6.00 and scale = 1.00000
 Grid used for NLC:  SG-1 standard quadrature
performing fock build before subrot guess so that all methods have access
Printing subrot_rss_gen Method Specification:
Occupied Subspace Method is 0
Virtual Subspace Method is 0
Energy of the unrelaxed supersystem initial determinant -467.872526183400
write pseudocanon occs and virts to disk
write pseudocanon orbital energies to disk
Tolerance of ortho_decomp_scf: 1.00e-06
GDM subspace size: 20
Beginning the Orthogonal Decomposition of the Initial Supersystem Wavefunction
    1    -467.7379409567      2.51e-01     ortho_decomp Preconditoned Steepest Descent
    2    -467.7509771844      3.07e-03     ortho_decomp BFGS Step
    3    -467.7509881747      1.37e-04     ortho_decomp BFGS Step
    4    -467.7509881805      2.49e-06     ortho_decomp BFGS Step
    5    -467.7509881805      3.06e-08     ortho_decomp 00000 Convergence criterion met
 Hartree-Fock
 Hartree-Fock
 Hartree-Fock
 Exchange:     0.1500 Hartree-Fock + 1.0000 wB97M-V + LR-HF
 Correlation:  1.0000 wB97M-V
 Using Euler-Maclaurin-Lebedev (99,590) quadrature formula
 Nonlocal Correlation:  VV10 with C = 0.0100 and b = 6.00 and scale = 1.00000
 Grid used for NLC:  SG-1 standard quadrature
 Long-range K will be added via erf
 Coulomb attenuation parameter = 0.3 bohr**(-1)
 Nonlocal correlation = 2.112602971735e-01
Doing General SCFMI
 Exchange:     0.1500 Hartree-Fock + 1.0000 wB97M-V + LR-HF
 Correlation:  1.0000 wB97M-V
 Using Euler-Maclaurin-Lebedev (99,590) quadrature formula
 Nonlocal Correlation:  VV10 with C = 0.0100 and b = 6.00 and scale = 1.00000
 Grid used for NLC:  SG-1 standard quadrature
performing fock build at end of subrot_r(subrot) constructor so that all methods have access
<S^2> of initial wavefunction before polarization iterations 0.0000000000
Beginning iterations for the determination of the polarized wavefunction
Energy prior to optimization (guess energy) = -467.872526183400
Begin Timing: Total SCF Calculation
begin iterations for algorithm: DIIS         
the SCF tolerance is set to 1.00e-08
    1    -467.8725261834      1.01e-03     00000 
    2    -467.9008329887      4.14e-04     00000 
    3    -467.9028731934      1.97e-04     00000 
    4    -467.9033679364      5.39e-05     00000 
    5    -467.9034396601      1.21e-05     00000 
    6    -467.9034470431      2.93e-06     00000 
    7    -467.9034473875      1.89e-06     00000 
    8    -467.9034474413      3.20e-07     00000 
    9    -467.9034474447      1.01e-07     00000 
   10    -467.9034474451      3.35e-08     00000 
   11    -467.9034474451      1.46e-08     00000 
   12    -467.9034474451      6.25e-09     00000 Convergence criterion met
write pseudocanon occs and virts to disk
write pseudocanon orbital energies to disk
Timing for Total SCF: 102.00s (wall), 612.78s (cpu)
<S^2> of polarized wavefunction after polarization iterations 0.0000000000
relaxing scfmi constraint to allow all rotations in the entire AO span
Doing General SCFMI
 Exchange:     0.1500 Hartree-Fock + 1.0000 wB97M-V + LR-HF
 Correlation:  1.0000 wB97M-V
 Using Euler-Maclaurin-Lebedev (99,590) quadrature formula
 Nonlocal Correlation:  VV10 with C = 0.0100 and b = 6.00 and scale = 1.00000
 Grid used for NLC:  SG-1 standard quadrature
performing fock build at end of subrot_r(subrot) constructor so that all methods have access
<S^2> of polarized wavefunction before ct-allowed iterations 0.0000000000
Beginning iterations for the determination of the CT-Allowed wavefunction
Energy prior to optimization (guess energy) = -467.903447445103
Begin Timing: Total SCF Calculation
begin iterations for algorithm: DIIS         
the SCF tolerance is set to 1.00e-08
    1    -467.9034474451      2.47e-04     00000 
    2    -467.9050603335      1.66e-05     00000 
    3    -467.9050786494      2.29e-06     00000 
    4    -467.9050788020      2.01e-06     00000 
    5    -467.9050789376      1.70e-07     00000 
    6    -467.9050789390      4.06e-08     00000 
    7    -467.9050789392      1.22e-08     00000 
    8    -467.9050789392      4.67e-09     00000 Convergence criterion met
write pseudocanon occs and virts to disk
write pseudocanon orbital energies to disk
Timing for Total SCF: 65.00s (wall), 388.77s (cpu)
<S^2> of ct_allowed wavefunction after ct-allowed iterations 0.0000000000

================================
        Results of EDA2         
================================
Basic EDA Quantities
--------------------
Fragment Energies (Ha):
1 -162.0687155489
2 -305.7386294858
--------------------
  E_prp (kJ/mol) = 0.0000
  E_frz (kJ/mol) = -171.1351
  E_pol (kJ/mol) = -81.1847
  E_vct (kJ/mol) = -4.2835
  E_int (kJ/mol) = -256.6034
--------------------


Decomposition of frozen interaction energy
--------------------
  --------------------
  Orthogonal Frozen Decomposition:
  --------------------
     E_elec   (ELEC)   (kJ/mol) = -278.3915
     E_pauli  (PAULI)  (kJ/mol) = 123.6809
     E_disp   (DISP)   (kJ/mol) = -16.4245
  --------------------
  Classical Frozen Decomposition:
  --------------------
     E_cls_elec  (CLS ELEC)  (kJ/mol) = -243.9501
     E_mod_pauli (MOD PAULI) (kJ/mol) = 86.5334 (FRZ - CLS ELEC - CLS DISP)
     E_cls_disp  (CLS DISP)  (kJ/mol) = -13.7184
  --------------------
--------------------

Simplified EDA Summary (kJ/mol)
--------------------
 PREPARATION      0.0000
 FROZEN           -171.1351 (ELEC + PAULI + DISP)
[ELEC + PAULI = -157.4167, DISP = -13.7184]
 POLARIZATION    -81.1847
 CHARGE TRANSFER -4.2835
 TOTAL           -256.6034     (PRP + FRZ + POL + CT)
--------------------
 
 --------------------------------------------------------------
 
                    Orbital Energies (a.u.)
 --------------------------------------------------------------
 
 Alpha MOs
 -- Occupied --
-38.8597 -19.5224 -19.5202 -19.5125 -19.5052  -2.5042  -1.4083  -1.4076
 -1.4067  -1.3243  -1.3232  -1.3184  -1.3157  -0.8199  -0.8118  -0.8026
 -0.8010  -0.7068  -0.6994  -0.6872  -0.6782  -0.6146  -0.6126  -0.6077
 -0.6047
 -- Virtual --
 -0.1383  -0.1091  -0.1014  -0.0937  -0.0542  -0.0503  -0.0465  -0.0439
 -0.0371  -0.0354  -0.0314  -0.0262  -0.0191  -0.0044   0.0017   0.0103
  0.0146   0.0196   0.0279   0.0303   0.0428   0.0527   0.0545   0.0614
  0.0719   0.0757   0.0780   0.0902   0.0985   0.1035   0.1087   0.1221
  0.1289   0.1311   0.1416   0.1558   0.1636   0.1697   0.1801   0.1872
  0.1987   0.2024   0.2132   0.2174   0.2252   0.2270   0.2331   0.2338
  0.2476   0.2516   0.2538   0.2614   0.2716   0.2778   0.2790   0.2844
  0.2903   0.2941   0.3005   0.3066   0.3194   0.3276   0.3411   0.3437
  0.3488   0.3665   0.3826   0.3991   0.4034   0.4279   0.4341   0.4416
  0.4459   0.4611   0.4691   0.4802   0.4918   0.5072   0.5100   0.5322
  0.5495   0.5529   0.5658   0.5917   0.6162   0.6229   0.6406   0.6546
  0.6751   0.6764   0.6839   0.7142   0.7201   0.7366   0.7385   0.7660
  0.7847   0.7936   0.8106   0.8263   0.8401   0.8694   0.8797   0.8963
  0.9270   0.9441   0.9588   0.9803   0.9848   0.9949   1.0138   1.0253
  1.0380   1.0418   1.0517   1.0649   1.0785   1.0917   1.1156   1.1224
  1.1596   1.1703   1.1774   1.1846   1.1906   1.2078   1.2142   1.2523
  1.2634   1.2876   1.3050   1.3181   1.3310   1.3390   1.3453   1.3604
  1.3973   1.5254   1.5666   1.5930   1.8060   1.8124   1.8290   1.8325
  1.8572   1.8685   1.8776   1.8993   1.9205   1.9424   1.9492   1.9803
  2.0563   2.0604   2.0759   2.1339   2.1400   2.1527   2.1696   2.1926
  2.4256   2.4936   2.5151   2.5434   2.6246   2.6504   2.6916   2.7593
  2.8198   2.8728   2.9292   2.9376   2.9928   3.0235   3.0381   3.0647
  3.0812   3.0958   3.1112   3.1401   3.1524   3.1770   3.1995   3.2226
  3.2589   3.2604   3.2711   3.2844   3.2941   3.3072   3.3134   3.3315
  3.3489   3.3539   3.3694   3.3747   3.3849   3.4015   3.4267   3.4292
  3.5412   3.5546   3.5979   3.6079   3.7104   3.7519   3.7641   3.7735
  3.8156   3.8235   3.8604   3.9035   3.9145   3.9188   3.9465   3.9532
  3.9689   3.9803   3.9905   3.9962   4.0116   4.0243   4.0401   4.0597
  4.0606   4.0716   4.0801   4.1230   4.1329   4.1650   4.1845   4.1992
  4.3954   4.5430   4.5558   4.5676   4.5983   4.6204   4.6462   4.7035
  4.7217   4.7825   4.8021   4.8198   4.8889   5.0364   5.0628   5.1346
  5.1893   5.4973   5.4999   5.5600   5.5933   5.7326   5.7543   5.7832
  5.8030   5.8353   6.0823   6.1393   6.2199   6.2244   6.2743   6.3022
  6.3084   6.3300   6.3849   6.3880   6.4169   6.4333   6.4574   6.4846
  6.4947   6.5209   6.5290   6.5379   6.5787   6.5846   6.6093   6.6497
  6.6657   6.6792   6.6865   6.6964   6.7658   6.7770   6.8285   6.8561
  6.8760   6.9431   7.3183   7.3328   7.4158   7.4447   7.4610   7.5099
  7.5655   7.5855   7.5884   7.6206   7.6588   7.7489  44.1662  44.1868
 44.2588  44.3205
 --------------------------------------------------------------
 
          Ground-State Mulliken Net Atomic Charges

     Atom                 Charge (a.u.)
  ----------------------------------------
      1 Na                    0.910045
      2 O                    -0.422659
      3 H                     0.269549
      4 H                     0.192530
      5 O                    -0.351671
      6 H                     0.198483
      7 H                     0.193850
      8 O                    -0.372671
      9 H                     0.156339
     10 H                     0.215573
     11 O                    -0.394893
     12 H                     0.201504
     13 H                     0.204021
  ----------------------------------------
  Sum of atomic charges =     1.000000

 -----------------------------------------------------------------
                    Cartesian Multipole Moments
 -----------------------------------------------------------------
    Charge (ESU x 10^10)
                 4.8032
    Dipole Moment (Debye)
         X      -0.0624      Y       1.9170      Z      -0.3821
       Tot       1.9557
    Quadrupole Moments (Debye-Ang)
        XX     -24.3465     XY       6.7757     YY     -13.6565
        XZ      -2.5566     YZ       3.8909     ZZ     -15.9243
    Octopole Moments (Debye-Ang^2)
       XXX      13.6115    XXY       1.0479    XYY     -19.2353
       YYY      20.5227    XXZ       6.2828    XYZ      -1.6853
       YYZ       8.0817    XZZ      -9.4471    YZZ      13.6274
       ZZZ     -17.5010
    Hexadecapole Moments (Debye-Ang^3)
      XXXX    -431.8699   XXXY      22.7370   XXYY     -98.8756
      XYYY      37.6065   YYYY    -178.6261   XXXZ     -19.9454
      XXYZ      13.1675   XYYZ     -30.4712   YYYZ      30.7162
      XXZZ     -98.2236   XYZZ       8.9168   YYZZ     -55.3944
      XZZZ       3.7637   YZZZ      -6.0295   ZZZZ    -160.5465
 -----------------------------------------------------------------
 Total job time:  802.39s(wall), 1915.84s(cpu) 
 Thu Jan 11 03:23:34 2024

        *************************************************************
        *                                                           *
        *  Thank you very much for using Q-Chem.  Have a nice day.  *
        *                                                           *
        *************************************************************


