
Running Job 1 of 1 119_Na-Water_Cls_092_almo.in
qchem 119_Na-Water_Cls_092_almo.in_800362.0 /scratch/qchem800362/ 6
/home/kchung25/qchem/5.4.0/exe/qcprog.exe_s 119_Na-Water_Cls_092_almo.in_800362.0 /scratch/qchem800362/
                  Welcome to Q-Chem
     A Quantum Leap Into The Future Of Chemistry


 Q-Chem 5.4, Q-Chem, Inc., Pleasanton, CA (2021)

 E. Epifanovsky,  A. T. B. Gilbert,  Xintian Feng,  Joonho Lee,  Yuezhi Mao,  
 N. Mardirossian,  P. Pokhilko,  A. White,  M. Wormit,  M. P. Coons,  
 A. L. Dempwolff,  Zhengting Gan,  D. Hait,  P. R. Horn,  L. D. Jacobson,  
 I. Kaliman,  J. Kussmann,  A. W. Lange,  Ka Un Lao,  D. S. Levine,  Jie Liu,  
 S. C. McKenzie,  A. F. Morrison,  K. Nanda,  F. Plasser,  D. R. Rehn,  
 M. L. Vidal,  Zhi-Qiang You,  Ying Zhu,  B. Alam,  B. Albrecht,  
 A. Aldossary,  E. Alguire,  J. H. Andersen,  D. Barton,  K. Begam,  A. Behn,  
 Y. A. Bernard,  E. J. Berquist,  H. Burton,  A. Carreras,  K. Carter-Fenk,  
 Romit Chakraborty,  A. D. Chien,  K. D. Closser,  V. Cofer-Shabica,  
 S. Dasgupta,  Jia Deng,  M. de Wergifosse,  M. Diedenhofen,  Hainam Do,  
 S. Ehlert,  Po-Tung Fang,  S. Fatehi,  Qingguo Feng,  T. Friedhoff,  
 J. Gayvert,  Qinghui Ge,  G. Gidofalvi,  M. Goldey,  J. Gomes,  
 C. Gonzalez-Espinoza,  S. Gulania,  A. Gunina,  M. W. D. Hanson-Heine,  
 P. H. P. Harbach,  A. W. Hauser,  M. F. Herbst,  M. Hernandez Vera,  
 M. Hodecker,  Z. C. Holden,  S. Houck,  Xunkun Huang,  Kerwin Hui,  
 B. C. Huynh,  M. Ivanov,  Hyunjun Ji,  Hanjie Jiang,  B. Kaduk,  S. Kaehler,  
 K. Khistyaev,  Jaehoon Kim,  P. Klunzinger,  Z. Koczor-Benda,  
 Joong Hoon Koh,  D. Kosenkov,  L. Koulias,  T. Kowalczyk,  C. M. Krauter,  
 K. Kue,  A. Kunitsa,  T. Kus,  A. Landau,  K. V. Lawler,  D. Lefrancois,  
 S. Lehtola,  Rain Li,  Yi-Pei Li,  Jiashu Liang,  M. Liebenthal,  
 Hung-Hsuan Lin,  You-Sheng Lin,  Fenglai Liu,  Kuan-Yu Liu,  
 M. Loipersberger,  A. Luenser,  A. Manjanath,  P. Manohar,  E. Mansoor,  
 S. F. Manzer,  Shan-Ping Mao,  A. V. Marenich,  T. Markovich,  S. Mason,  
 S. A. Maurer,  P. F. McLaughlin,  M. F. S. J. Menger,  J.-M. Mewes,  
 S. A. Mewes,  P. Morgante,  J. W. Mullinax,  K. J. Oosterbaan,  G. Paran,  
 Alexander C. Paul,  Suranjan K. Paul,  F. Pavosevic,  Zheng Pei,  S. Prager,  
 E. I. Proynov,  E. Ramos,  B. Rana,  A. E. Rask,  A. Rettig,  R. M. Richard,  
 F. Rob,  E. Rossomme,  T. Scheele,  M. Scheurer,  M. Schneider,  
 N. Sergueev,  S. M. Sharada,  W. Skomorowski,  D. W. Small,  C. J. Stein,  
 Yu-Chuan Su,  E. J. Sundstrom,  Zhen Tao,  J. Thirman,  T. Tsuchimochi,  
 N. M. Tubman,  S. P. Veccham,  O. Vydrov,  J. Wenzel,  J. Witte,  A. Yamada,  
 Kun Yao,  S. Yeganeh,  S. R. Yost,  A. Zech,  Igor Ying Zhang,  Xing Zhang,  
 Yu Zhang,  D. Zuev,  A. Aspuru-Guzik,  A. T. Bell,  N. A. Besley,  
 K. B. Bravaya,  B. R. Brooks,  D. Casanova,  Jeng-Da Chai,  S. Coriani,  
 C. J. Cramer,  A. E. DePrince, III,  R. A. DiStasio Jr.,  A. Dreuw,  
 B. D. Dunietz,  T. R. Furlani,  W. A. Goddard III,  S. Grimme,  
 S. Hammes-Schiffer,  T. Head-Gordon,  W. J. Hehre,  Chao-Ping Hsu,  
 T.-C. Jagau,  Yousung Jung,  A. Klamt,  Jing Kong,  D. S. Lambrecht,  
 WanZhen Liang,  N. J. Mayhall,  C. W. McCurdy,  J. B. Neaton,  T. Neudecker,  
 C. Ochsenfeld,  J. A. Parkhill,  R. Peverati,  V. A. Rassolov,  Yihan Shao,  
 L. V. Slipchenko,  R. P. Steele,  J. E. Subotnik,  A. J. W. Thom,  
 A. Tkatchenko,  D. G. Truhlar,  T. Van Voorhis,  T. A. Wesolowski,  
 K. B. Whaley,  H. L. Woodcock III,  P. M. Zimmerman,  S. Faraji,  
 P. M. W. Gill,  M. Head-Gordon,  J. M. Herbert,  A. I. Krylov

 Additional authors since Version 5.4.0: 
 Chandrima Chakravarty,  L. Cunha,  R. Kang,  Yongbin Kim,  S. Kotaru,  
 Shaozhi Li,  Xiangyuan Li,  F. Matz,  A. Molle,  V. Parravicini,  
 Haisheng Ren,  Hengyuan Shen,  Yingli Su,  Hung-Yi Tsai,  C. Utku,  
 Fang Wang,  Jeff Yang,  F. Zeller

 Contributors to earlier versions of Q-Chem not listed above: 
 R. D. Adamson,  B. Austin,  R. Baer,  J. Baker,  G. J. O. Beran,  
 K. Brandhorst,  S. T. Brown,  E. F. C. Byrd,  Arup K. Chakraborty,  
 G. K. L. Chan,  Chun-Min Chang,  Yunqing Chen,  C.-L. Cheng,  
 Siu Hung Chien,  D. M. Chipman,  D. L. Crittenden,  H. Dachsel,  
 R. J. Doerksen,  A. D. Dutoi,  R. G. Edgar,  J. Fosso-Tande,  
 L. Fusti-Molnar,  D. Ghosh,  A. Ghysels,  A. Golubeva-Zadorozhnaya,  
 J. Gonthier,  M. S. Gordon,  S. R. Gwaltney,  G. Hawkins,  J. E. Herr,  
 A. Heyden,  S. Hirata,  E. G. Hohenstein,  G. Kedziora,  F. J. Keil,  
 C. Kelley,  Jihan Kim,  R. A. King,  R. Z. Khaliullin,  P. P. Korambath,  
 W. Kurlancheek,  A. Laurent,  A. M. Lee,  M. S. Lee,  S. V. Levchenko,  
 Ching Yeh Lin,  D. Liotard,  E. Livshits,  R. C. Lochan,  I. Lotan,  
 L. A. Martinez-Martinez,  P. E. Maslen,  N. Nair,  D. P. O'Neill,  
 D. Neuhauser,  E. Neuscamman,  C. M. Oana,  R. Olivares-Amaya,  R. Olson,  
 T. M. Perrine,  B. Peters,  P. A. Pieniazek,  A. Prociuk,  Y. M. Rhee,  
 J. Ritchie,  M. A. Rohrdanz,  E. Rosta,  N. J. Russ,  H. F. Schaefer III,  
 M. W. Schmidt,  N. E. Schultz,  S. Sharma,  N. Shenvi,  C. D. Sherrill,  
 A. C. Simmonett,  A. Sodt,  T. Stein,  D. Stuck,  K. S. Thanthiriwatte,  
 V. Vanovschi,  L. Vogt,  Tao Wang,  A. Warshel,  M. A. Watson,  
 C. F. Williams,  Q. Wu,  X. Xu,  Jun Yang,  W. Zhang,  Yan Zhao

   Please cite Q-Chem as follows:
  "Software for the frontiers of quantum chemistry:
   An overview of developments in the Q-Chem 5 package"
   J. Chem. Phys. 155, 084801 (2021)
   https://doi.org/10.1063/5.0055522 (open access)

 Q-Chem 5.4.2 for Intel X86 EM64T Linux

 Parts of Q-Chem use Armadillo 9.900.5 (Nocturnal Misbehaviour).
 http://arma.sourceforge.net/

 Q-Chem begins on Thu Jan 11 22:09:03 2024  

 Host: 
0

     Scratch files written to /scratch/qchem800362//
 Dec1321 |scratch|qcdevops|jenkins|workspace|build_RNUM 5684   
 Processing $rem in /home/kchung25/qchem/5.4.0/config/preferences:
 Processing $rem in /home/kchung25/.qchemrc:

 Q-Chem warning in module libgen/rem_setup.C, line 3079:

 Neither GIA nor STOLL is specified by user. Use STOLL as the default


 Checking the input file for inconsistencies... 	...done.

--------------------------------------------------------------
User input:
--------------------------------------------------------------
$molecule
1 1
--
1 1
Na     0.000000     0.000000     0.000000
--
0 1
O      1.334000    -1.849241     0.833682
H      0.843314    -2.454108     0.292436
H      1.075079    -1.910830     1.778471
O      0.600992     2.170522     0.487660
H      0.984422     2.164393     1.361891
H     -0.125654     2.794966     0.541435
O     -0.992808     0.222812     2.227261
H     -1.843637     0.610825     2.337129
H     -0.512337     0.213665     3.094299
O     -0.600025    -1.874107    -1.325344
H     -0.153155    -2.069651    -2.176957
H     -1.332728    -2.491016    -1.134304
O     -2.219894     1.097809    -0.293701
H     -2.721279     0.507752    -0.888427
H     -2.724866     1.291058     0.464875
$end

$rem
JOBTYPE          eda
EDA2             1
METHOD           wB97M-V
BASIS            def2-TZVPPD
SYMMETRY         false
MEM_TOTAL        50000
MEM_STATIC       10000
THRESH           14
SCF_CONVERGENCE  8
XC_GRID          000099000590
NL_GRID          1
EDA_CLS_DISP     true
FD_MAT_VEC_PROD  FALSE
$end
--------------------------------------------------------------
 ----------------------------------------------------------------
             Standard Nuclear Orientation (Angstroms)
    I     Atom           X                Y                Z
 ----------------------------------------------------------------
    1      Na      0.1573731289    -0.0125970668     0.4713434244
    2      O       1.9765839712    -1.5508891153     0.0040068884
    3      H       2.5464944614    -0.8219121674    -0.2042686824
    4      H       1.6761908349    -2.0226079496    -0.8026558966
    5      O      -1.7891110411    -0.7833033916     1.4343494207
    6      H      -1.9333886686    -1.6671107242     1.1035858557
    7      H      -2.5831378123    -0.2989350211     1.1982451272
    8      O      -0.9960425163    -0.8500154606    -1.5197284622
    9      H      -1.6275586278    -0.3155532859    -1.9692533642
   10      H      -1.1074005201    -1.7984916279    -1.7855917694
   11      O       2.0841733666     1.3405140754     0.1791536791
   12      H       2.6450145948     1.6124030787     0.9372489510
   13      H       2.3768426081     1.7335524660    -0.6657085704
   14      O      -1.3950478281     1.7858303289    -0.2869588398
   15      H      -0.8257593938     2.5597152938    -0.4609299188
   16      H      -1.9428495120     1.6204161786    -1.0220308898
 ----------------------------------------------------------------
 Molecular Point Group                 C1    NOp =  1
 Largest Abelian Subgroup              C1    NOp =  1
 Nuclear Repulsion Energy =         307.57532182 hartrees
 There are       30 alpha and       30 beta electrons
 Requested basis set is def2-TZVPPD
 There are 153 shells and 405 basis functions

 Q-Chem warning in module libmdc/get_mega.C, line 171:

 Allowed MEM_STATIC has been capped at MEM_STATIC=8191.
 Reduce the value of MEM_STATIC to silence this warning.


 Total QAlloc Memory Limit  50000 MB
 Mega-Array Size      8007 MB
 MEM_STATIC part      8191 MB
 A cutoff of  1.0D-14 yielded  10602 shell pairs
 There are     73372 function pairs (     88997 Cartesian)
 Smallest overlap matrix eigenvalue = 9.75E-05

 Scale SEOQF with 1.000000e-01/1.000000e-01/1.000000e-01

 Standard Electronic Orientation quadrupole field applied
 Nucleus-field energy     =     0.0000000069 hartrees

 -----------------------------------------------------------------------
  General SCF calculation program by
  Eric Jon Sundstrom, Paul Horn, Yuezhi Mao, Dmitri Zuev, Alec White,
  David Stuck, Shaama M.S., Shane Yost, Joonho Lee, David Small,
  Daniel Levine, Susi Lehtola, Hugh Burton, Evgeny Epifanovsky,
  Bang C. Huynh
 -----------------------------------------------------------------------
================================================================
                 ALMO-EDA with the EDA2 driver                  
================================================================
 The second-generation ALMO-EDA (for DFT):                      
 P. R. Horn, Y. Mao and M. Head-Gordon, PCCP, 18, 23067 (2016)  
 Y. Mao et al. Annu. Rev. Phys. Chem. 72, 641 (2021)            
 Decomposition of the frozen energy:                            
 P. R. Horn, Y. Mao and M. Head-Gordon, JCP, 144, 114107 (2016) 
 FERF model for polarization:                                   
 P. R. Horn and M. Head-Gordon, JCP, 143, 114111 (2015)         
================================================================
 Using eda2 option set 1
 Option set summary: Frozen orbital wavefunction, initial wavefunction decomposition, and nDQ polarization.
--------------------------------
Printing EDA Options
--------------------------------
eda_child_super_basis      0
fragmo_guess_mode          0
child_mp                   1
child_mp_orders            232
cls_elec                   1
cls_disp                   1
scfmi_mode                 1
scfmi_occs                 0
scfmi_virts                0
frz_relax                  0
frz_relax_method           0
dc_pen_start               0
dc_pen_conv                0
dc_pen_increment           0
dc_pen_steps               0
dc_pen_thresh_factor       0
dc_pen_pre_newton_thresh   0
frz_ortho_decomp           1
frz_ortho_decomp_conv      6
plot_mo_ortho_frz          0
frgm_method                2
scfmi_freeze_ss            0
separate_rehyb             0
plot_diff_den              0
eda_nocv                   0
eda_vct_relax              1
disp_free_x                0
disp_free_c                0
eda_bsse                   0
eda_pct_a                  0
eda_covp                   0
--------------------------------
Attempting to make child job directory: /scratch/qchem800362//Frg1/
Attempting to make child job directory: /scratch/qchem800362//Frg2/
Creating input file /scratch/qchem800362/Frg1.input
using default PutDataFrgm: nothing
calling putenv with: QCSCRATCH=/scratch/qchem800362/ 
Spawning Job For Fragment 0
Done Job For Fragment 0
calling putenv with: QCSCRATCH=/scratch 
calling putenv with: QCTHREADS=6 
Creating input file /scratch/qchem800362/Frg2.input
using default PutDataFrgm: nothing
calling putenv with: QCSCRATCH=/scratch/qchem800362/ 
Spawning Job For Fragment 1
Done Job For Fragment 1
calling putenv with: QCSCRATCH=/scratch 
calling putenv with: QCTHREADS=6 
Doing General SCFMI
 Exchange:     0.1500 Hartree-Fock + 1.0000 wB97M-V + LR-HF
 Correlation:  1.0000 wB97M-V
 Using Euler-Maclaurin-Lebedev (99,590) quadrature formula
 Nonlocal Correlation:  VV10 with C = 0.0100 and b = 6.00 and scale = 1.00000
 Grid used for NLC:  SG-1 standard quadrature
performing fock build before subrot guess so that all methods have access
Printing subrot_rss_gen Method Specification:
Occupied Subspace Method is 0
Virtual Subspace Method is 0
Energy of the unrelaxed supersystem initial determinant -544.327719760766
write pseudocanon occs and virts to disk
write pseudocanon orbital energies to disk
Tolerance of ortho_decomp_scf: 1.00e-06
GDM subspace size: 20
Beginning the Orthogonal Decomposition of the Initial Supersystem Wavefunction
    1    -544.1551003094      2.30e-01     ortho_decomp Preconditoned Steepest Descent
    2    -544.1692104871      2.92e-03     ortho_decomp BFGS Step
    3    -544.1692229832      1.28e-04     ortho_decomp BFGS Step
    4    -544.1692229896      2.37e-06     ortho_decomp BFGS Step
    5    -544.1692229896      3.04e-08     ortho_decomp 00000 Convergence criterion met
 Hartree-Fock
 Hartree-Fock
 Hartree-Fock
 Exchange:     0.1500 Hartree-Fock + 1.0000 wB97M-V + LR-HF
 Correlation:  1.0000 wB97M-V
 Using Euler-Maclaurin-Lebedev (99,590) quadrature formula
 Nonlocal Correlation:  VV10 with C = 0.0100 and b = 6.00 and scale = 1.00000
 Grid used for NLC:  SG-1 standard quadrature
 Long-range K will be added via erf
 Coulomb attenuation parameter = 0.3 bohr**(-1)
 Nonlocal correlation = 2.505020417754e-01
Doing General SCFMI
 Exchange:     0.1500 Hartree-Fock + 1.0000 wB97M-V + LR-HF
 Correlation:  1.0000 wB97M-V
 Using Euler-Maclaurin-Lebedev (99,590) quadrature formula
 Nonlocal Correlation:  VV10 with C = 0.0100 and b = 6.00 and scale = 1.00000
 Grid used for NLC:  SG-1 standard quadrature
performing fock build at end of subrot_r(subrot) constructor so that all methods have access
<S^2> of initial wavefunction before polarization iterations 0.0000000000
Beginning iterations for the determination of the polarized wavefunction
Energy prior to optimization (guess energy) = -544.327719760767
Begin Timing: Total SCF Calculation
begin iterations for algorithm: DIIS         
the SCF tolerance is set to 1.00e-08
    1    -544.3277197608      9.06e-04     00000 
    2    -544.3598642414      4.22e-04     00000 
    3    -544.3629326494      1.81e-04     00000 
    4    -544.3635394931      4.36e-05     00000 
    5    -544.3636090165      1.03e-05     00000 
    6    -544.3636157887      3.45e-06     00000 
    7    -544.3636161730      1.99e-06     00000 
    8    -544.3636162845      3.78e-07     00000 
    9    -544.3636162915      1.51e-07     00000 
   10    -544.3636162925      4.71e-08     00000 
   11    -544.3636162926      2.34e-08     00000 
   12    -544.3636162926      8.03e-09     00000 Convergence criterion met
write pseudocanon occs and virts to disk
write pseudocanon orbital energies to disk
Timing for Total SCF: 194.00s (wall), 1161.96s (cpu)
<S^2> of polarized wavefunction after polarization iterations 0.0000000000
relaxing scfmi constraint to allow all rotations in the entire AO span
Doing General SCFMI
 Exchange:     0.1500 Hartree-Fock + 1.0000 wB97M-V + LR-HF
 Correlation:  1.0000 wB97M-V
 Using Euler-Maclaurin-Lebedev (99,590) quadrature formula
 Nonlocal Correlation:  VV10 with C = 0.0100 and b = 6.00 and scale = 1.00000
 Grid used for NLC:  SG-1 standard quadrature
performing fock build at end of subrot_r(subrot) constructor so that all methods have access
<S^2> of polarized wavefunction before ct-allowed iterations 0.0000000000
Beginning iterations for the determination of the CT-Allowed wavefunction
Energy prior to optimization (guess energy) = -544.363616292650
Begin Timing: Total SCF Calculation
begin iterations for algorithm: DIIS         
the SCF tolerance is set to 1.00e-08
    1    -544.3636162926      2.30e-04     00000 
    2    -544.3652389650      1.33e-05     00000 
    3    -544.3652552704      1.62e-06     00000 
    4    -544.3652554143      1.22e-06     00000 
    5    -544.3652554872      1.52e-07     00000 
    6    -544.3652554885      3.87e-08     00000 
    7    -544.3652554886      7.44e-09     00000 Convergence criterion met
write pseudocanon occs and virts to disk
write pseudocanon orbital energies to disk
Timing for Total SCF: 106.00s (wall), 635.29s (cpu)
<S^2> of ct_allowed wavefunction after ct-allowed iterations 0.0000000000

================================
        Results of EDA2         
================================
Basic EDA Quantities
--------------------
Fragment Energies (Ha):
1 -162.0687155489
2 -382.1613692305
--------------------
  E_prp (kJ/mol) = -0.0000
  E_frz (kJ/mol) = -256.3437
  E_pol (kJ/mol) = -94.2475
  E_vct (kJ/mol) = -4.3038
  E_int (kJ/mol) = -354.8949
--------------------


Decomposition of frozen interaction energy
--------------------
  --------------------
  Orthogonal Frozen Decomposition:
  --------------------
     E_elec   (ELEC)   (kJ/mol) = -371.3517
     E_pauli  (PAULI)  (kJ/mol) = 133.5863
     E_disp   (DISP)   (kJ/mol) = -18.5783
  --------------------
  Classical Frozen Decomposition:
  --------------------
     E_cls_elec  (CLS ELEC)  (kJ/mol) = -331.1811
     E_mod_pauli (MOD PAULI) (kJ/mol) = 90.2644 (FRZ - CLS ELEC - CLS DISP)
     E_cls_disp  (CLS DISP)  (kJ/mol) = -15.4269
  --------------------
--------------------

Simplified EDA Summary (kJ/mol)
--------------------
 PREPARATION      -0.0000
 FROZEN           -256.3437 (ELEC + PAULI + DISP)
[ELEC + PAULI = -240.9168, DISP = -15.4269]
 POLARIZATION    -94.2475
 CHARGE TRANSFER -4.3038
 TOTAL           -354.8949     (PRP + FRZ + POL + CT)
--------------------
 
 --------------------------------------------------------------
 
                    Orbital Energies (a.u.)
 --------------------------------------------------------------
 
 Alpha MOs
 -- Occupied --
-38.8170 -19.5168 -19.5067 -19.4982 -19.4844 -19.4811  -2.4619  -1.3661
 -1.3659  -1.3649  -1.3122  -1.3105  -1.3056  -1.2931  -1.2839  -0.8284
 -0.8264  -0.8114  -0.8000  -0.7920  -0.6859  -0.6774  -0.6656  -0.6602
 -0.6416  -0.6113  -0.6065  -0.5932  -0.5771  -0.5732
 -- Virtual --
 -0.1310  -0.1072  -0.0944  -0.0859  -0.0560  -0.0527  -0.0491  -0.0383
 -0.0365  -0.0292  -0.0274  -0.0214  -0.0153  -0.0078  -0.0050   0.0006
  0.0035   0.0078   0.0185   0.0251   0.0436   0.0469   0.0479   0.0560
  0.0659   0.0716   0.0746   0.0806   0.0841   0.0906   0.0970   0.1008
  0.1100   0.1222   0.1361   0.1427   0.1445   0.1524   0.1570   0.1636
  0.1662   0.1801   0.1832   0.1916   0.1977   0.2001   0.2069   0.2165
  0.2189   0.2247   0.2270   0.2385   0.2424   0.2492   0.2527   0.2553
  0.2572   0.2659   0.2698   0.2786   0.2795   0.2823   0.2858   0.2933
  0.3005   0.3024   0.3132   0.3156   0.3179   0.3337   0.3430   0.3455
  0.3528   0.3570   0.3695   0.3813   0.3824   0.4073   0.4147   0.4279
  0.4313   0.4392   0.4468   0.4553   0.4746   0.4773   0.4867   0.4952
  0.5002   0.5111   0.5201   0.5286   0.5451   0.5581   0.5599   0.5747
  0.5802   0.5949   0.6087   0.6328   0.6468   0.6581   0.6664   0.6742
  0.6838   0.6996   0.7072   0.7141   0.7303   0.7402   0.7576   0.7631
  0.7798   0.7926   0.8064   0.8237   0.8352   0.8453   0.8567   0.8707
  0.8723   0.8963   0.9058   0.9178   0.9219   0.9426   0.9702   0.9854
  0.9943   1.0072   1.0114   1.0147   1.0349   1.0445   1.0568   1.0734
  1.0843   1.1046   1.1076   1.1217   1.1290   1.1395   1.1489   1.1577
  1.1781   1.1898   1.2045   1.2105   1.2195   1.2239   1.2397   1.2566
  1.2724   1.2787   1.2927   1.3236   1.3262   1.3376   1.3575   1.3672
  1.3739   1.3915   1.4107   1.4301   1.4816   1.5093   1.6289   1.6347
  1.7711   1.8049   1.8201   1.8408   1.8507   1.8575   1.8764   1.8954
  1.9009   1.9131   1.9393   1.9547   1.9607   1.9935   2.0005   2.0403
  2.0864   2.1100   2.1266   2.1447   2.1677   2.1768   2.1876   2.2049
  2.2305   2.2647   2.5210   2.5656   2.6054   2.6501   2.6805   2.6961
  2.7152   2.7280   2.7368   2.7979   2.8621   2.8726   2.9084   2.9402
  2.9714   3.0213   3.0772   3.1332   3.1368   3.1475   3.1643   3.1726
  3.1769   3.2041   3.2155   3.2205   3.2360   3.2397   3.2461   3.2713
  3.2741   3.2781   3.2896   3.2961   3.3043   3.3115   3.3136   3.3227
  3.3359   3.3531   3.3635   3.3692   3.3827   3.4046   3.4084   3.4360
  3.4785   3.4963   3.5203   3.5362   3.5649   3.5688   3.5905   3.6061
  3.6137   3.8043   3.8118   3.8190   3.8475   3.8659   3.8770   3.8900
  3.8988   3.9226   3.9360   3.9516   3.9791   3.9828   3.9932   4.0071
  4.0148   4.0365   4.0376   4.0563   4.0718   4.0792   4.0857   4.0970
  4.1062   4.1079   4.1185   4.1268   4.1338   4.1419   4.1592   4.1622
  4.1762   4.1897   4.2284   4.2305   4.5267   4.5728   4.5913   4.6086
  4.6198   4.6252   4.6384   4.6721   4.6746   4.6848   4.8829   4.8862
  4.8981   4.9277   4.9489   4.9567   5.0632   5.0749   5.1121   5.1449
  5.1768   5.4482   5.5104   5.5212   5.5405   5.5758   5.7829   5.8074
  5.8204   5.8733   5.9004   5.9398   5.9801   6.0168   6.0503   6.1594
  6.3422   6.3684   6.3805   6.4114   6.4165   6.4381   6.4810   6.4841
  6.5012   6.5155   6.5349   6.5377   6.5539   6.5624   6.5720   6.5785
  6.5956   6.6166   6.6237   6.6470   6.6519   6.6583   6.6650   6.6844
  6.7004   6.7230   6.7468   6.7546   6.7633   6.7758   6.9558   6.9704
  6.9832   7.0072   7.0278   7.2201   7.3246   7.3286   7.3394   7.4002
  7.4214   7.4309   7.4447   7.4746   7.5384   7.7393   7.7546   7.7721
  7.8336   7.8736  44.2304  44.2742  44.3083  44.3302  44.4170
 --------------------------------------------------------------
 
          Ground-State Mulliken Net Atomic Charges

     Atom                 Charge (a.u.)
  ----------------------------------------
      1 Na                    0.911497
      2 O                    -0.437512
      3 H                     0.230649
      4 H                     0.225810
      5 O                    -0.365367
      6 H                     0.183780
      7 H                     0.186313
      8 O                    -0.264479
      9 H                     0.111846
     10 H                     0.176345
     11 O                    -0.407712
     12 H                     0.217517
     13 H                     0.201613
     14 O                    -0.296965
     15 H                     0.186210
     16 H                     0.140454
  ----------------------------------------
  Sum of atomic charges =     1.000000

 -----------------------------------------------------------------
                    Cartesian Multipole Moments
 -----------------------------------------------------------------
    Charge (ESU x 10^10)
                 4.8032
    Dipole Moment (Debye)
         X      -0.1410      Y       1.5235      Z      -3.6372
       Tot       3.9459
    Quadrupole Moments (Debye-Ang)
        XX     -12.9983     XY      10.0654     YY     -19.9291
        XZ       4.6908     YZ       2.4841     ZZ     -29.0736
    Octopole Moments (Debye-Ang^2)
       XXX       4.2029    XXY      17.6999    XYY      -1.0356
       YYY       5.8813    XXZ      -9.3708    XYZ       8.9605
       YYZ     -18.2227    XZZ      -1.8354    YZZ       1.9029
       ZZZ     -13.4694
    Hexadecapole Moments (Debye-Ang^3)
      XXXX    -442.6375   XXXY      77.9340   XXYY    -126.5027
      XYYY      45.0375   YYYY    -289.9058   XXXZ       9.4782
      XXYZ       7.1203   XYYZ       2.9634   YYYZ       8.4395
      XXZZ     -97.5734   XYZZ      10.2618   YYZZ     -71.7552
      XZZZ      40.6374   YZZZ      18.1154   ZZZZ    -217.3859
 -----------------------------------------------------------------
 Total job time:  1613.04s(wall), 3561.13s(cpu) 
 Thu Jan 11 22:35:56 2024

        *************************************************************
        *                                                           *
        *  Thank you very much for using Q-Chem.  Have a nice day.  *
        *                                                           *
        *************************************************************


