
Running Job 1 of 1 119_Na-Water_Cls_091_almo.in
qchem 119_Na-Water_Cls_091_almo.in_799548.0 /scratch/qchem799548/ 6
/home/kchung25/qchem/5.4.0/exe/qcprog.exe_s 119_Na-Water_Cls_091_almo.in_799548.0 /scratch/qchem799548/
                  Welcome to Q-Chem
     A Quantum Leap Into The Future Of Chemistry


 Q-Chem 5.4, Q-Chem, Inc., Pleasanton, CA (2021)

 E. Epifanovsky,  A. T. B. Gilbert,  Xintian Feng,  Joonho Lee,  Yuezhi Mao,  
 N. Mardirossian,  P. Pokhilko,  A. White,  M. Wormit,  M. P. Coons,  
 A. L. Dempwolff,  Zhengting Gan,  D. Hait,  P. R. Horn,  L. D. Jacobson,  
 I. Kaliman,  J. Kussmann,  A. W. Lange,  Ka Un Lao,  D. S. Levine,  Jie Liu,  
 S. C. McKenzie,  A. F. Morrison,  K. Nanda,  F. Plasser,  D. R. Rehn,  
 M. L. Vidal,  Zhi-Qiang You,  Ying Zhu,  B. Alam,  B. Albrecht,  
 A. Aldossary,  E. Alguire,  J. H. Andersen,  D. Barton,  K. Begam,  A. Behn,  
 Y. A. Bernard,  E. J. Berquist,  H. Burton,  A. Carreras,  K. Carter-Fenk,  
 Romit Chakraborty,  A. D. Chien,  K. D. Closser,  V. Cofer-Shabica,  
 S. Dasgupta,  Jia Deng,  M. de Wergifosse,  M. Diedenhofen,  Hainam Do,  
 S. Ehlert,  Po-Tung Fang,  S. Fatehi,  Qingguo Feng,  T. Friedhoff,  
 J. Gayvert,  Qinghui Ge,  G. Gidofalvi,  M. Goldey,  J. Gomes,  
 C. Gonzalez-Espinoza,  S. Gulania,  A. Gunina,  M. W. D. Hanson-Heine,  
 P. H. P. Harbach,  A. W. Hauser,  M. F. Herbst,  M. Hernandez Vera,  
 M. Hodecker,  Z. C. Holden,  S. Houck,  Xunkun Huang,  Kerwin Hui,  
 B. C. Huynh,  M. Ivanov,  Hyunjun Ji,  Hanjie Jiang,  B. Kaduk,  S. Kaehler,  
 K. Khistyaev,  Jaehoon Kim,  P. Klunzinger,  Z. Koczor-Benda,  
 Joong Hoon Koh,  D. Kosenkov,  L. Koulias,  T. Kowalczyk,  C. M. Krauter,  
 K. Kue,  A. Kunitsa,  T. Kus,  A. Landau,  K. V. Lawler,  D. Lefrancois,  
 S. Lehtola,  Rain Li,  Yi-Pei Li,  Jiashu Liang,  M. Liebenthal,  
 Hung-Hsuan Lin,  You-Sheng Lin,  Fenglai Liu,  Kuan-Yu Liu,  
 M. Loipersberger,  A. Luenser,  A. Manjanath,  P. Manohar,  E. Mansoor,  
 S. F. Manzer,  Shan-Ping Mao,  A. V. Marenich,  T. Markovich,  S. Mason,  
 S. A. Maurer,  P. F. McLaughlin,  M. F. S. J. Menger,  J.-M. Mewes,  
 S. A. Mewes,  P. Morgante,  J. W. Mullinax,  K. J. Oosterbaan,  G. Paran,  
 Alexander C. Paul,  Suranjan K. Paul,  F. Pavosevic,  Zheng Pei,  S. Prager,  
 E. I. Proynov,  E. Ramos,  B. Rana,  A. E. Rask,  A. Rettig,  R. M. Richard,  
 F. Rob,  E. Rossomme,  T. Scheele,  M. Scheurer,  M. Schneider,  
 N. Sergueev,  S. M. Sharada,  W. Skomorowski,  D. W. Small,  C. J. Stein,  
 Yu-Chuan Su,  E. J. Sundstrom,  Zhen Tao,  J. Thirman,  T. Tsuchimochi,  
 N. M. Tubman,  S. P. Veccham,  O. Vydrov,  J. Wenzel,  J. Witte,  A. Yamada,  
 Kun Yao,  S. Yeganeh,  S. R. Yost,  A. Zech,  Igor Ying Zhang,  Xing Zhang,  
 Yu Zhang,  D. Zuev,  A. Aspuru-Guzik,  A. T. Bell,  N. A. Besley,  
 K. B. Bravaya,  B. R. Brooks,  D. Casanova,  Jeng-Da Chai,  S. Coriani,  
 C. J. Cramer,  A. E. DePrince, III,  R. A. DiStasio Jr.,  A. Dreuw,  
 B. D. Dunietz,  T. R. Furlani,  W. A. Goddard III,  S. Grimme,  
 S. Hammes-Schiffer,  T. Head-Gordon,  W. J. Hehre,  Chao-Ping Hsu,  
 T.-C. Jagau,  Yousung Jung,  A. Klamt,  Jing Kong,  D. S. Lambrecht,  
 WanZhen Liang,  N. J. Mayhall,  C. W. McCurdy,  J. B. Neaton,  T. Neudecker,  
 C. Ochsenfeld,  J. A. Parkhill,  R. Peverati,  V. A. Rassolov,  Yihan Shao,  
 L. V. Slipchenko,  R. P. Steele,  J. E. Subotnik,  A. J. W. Thom,  
 A. Tkatchenko,  D. G. Truhlar,  T. Van Voorhis,  T. A. Wesolowski,  
 K. B. Whaley,  H. L. Woodcock III,  P. M. Zimmerman,  S. Faraji,  
 P. M. W. Gill,  M. Head-Gordon,  J. M. Herbert,  A. I. Krylov

 Additional authors since Version 5.4.0: 
 Chandrima Chakravarty,  L. Cunha,  R. Kang,  Yongbin Kim,  S. Kotaru,  
 Shaozhi Li,  Xiangyuan Li,  F. Matz,  A. Molle,  V. Parravicini,  
 Haisheng Ren,  Hengyuan Shen,  Yingli Su,  Hung-Yi Tsai,  C. Utku,  
 Fang Wang,  Jeff Yang,  F. Zeller

 Contributors to earlier versions of Q-Chem not listed above: 
 R. D. Adamson,  B. Austin,  R. Baer,  J. Baker,  G. J. O. Beran,  
 K. Brandhorst,  S. T. Brown,  E. F. C. Byrd,  Arup K. Chakraborty,  
 G. K. L. Chan,  Chun-Min Chang,  Yunqing Chen,  C.-L. Cheng,  
 Siu Hung Chien,  D. M. Chipman,  D. L. Crittenden,  H. Dachsel,  
 R. J. Doerksen,  A. D. Dutoi,  R. G. Edgar,  J. Fosso-Tande,  
 L. Fusti-Molnar,  D. Ghosh,  A. Ghysels,  A. Golubeva-Zadorozhnaya,  
 J. Gonthier,  M. S. Gordon,  S. R. Gwaltney,  G. Hawkins,  J. E. Herr,  
 A. Heyden,  S. Hirata,  E. G. Hohenstein,  G. Kedziora,  F. J. Keil,  
 C. Kelley,  Jihan Kim,  R. A. King,  R. Z. Khaliullin,  P. P. Korambath,  
 W. Kurlancheek,  A. Laurent,  A. M. Lee,  M. S. Lee,  S. V. Levchenko,  
 Ching Yeh Lin,  D. Liotard,  E. Livshits,  R. C. Lochan,  I. Lotan,  
 L. A. Martinez-Martinez,  P. E. Maslen,  N. Nair,  D. P. O'Neill,  
 D. Neuhauser,  E. Neuscamman,  C. M. Oana,  R. Olivares-Amaya,  R. Olson,  
 T. M. Perrine,  B. Peters,  P. A. Pieniazek,  A. Prociuk,  Y. M. Rhee,  
 J. Ritchie,  M. A. Rohrdanz,  E. Rosta,  N. J. Russ,  H. F. Schaefer III,  
 M. W. Schmidt,  N. E. Schultz,  S. Sharma,  N. Shenvi,  C. D. Sherrill,  
 A. C. Simmonett,  A. Sodt,  T. Stein,  D. Stuck,  K. S. Thanthiriwatte,  
 V. Vanovschi,  L. Vogt,  Tao Wang,  A. Warshel,  M. A. Watson,  
 C. F. Williams,  Q. Wu,  X. Xu,  Jun Yang,  W. Zhang,  Yan Zhao

   Please cite Q-Chem as follows:
  "Software for the frontiers of quantum chemistry:
   An overview of developments in the Q-Chem 5 package"
   J. Chem. Phys. 155, 084801 (2021)
   https://doi.org/10.1063/5.0055522 (open access)

 Q-Chem 5.4.2 for Intel X86 EM64T Linux

 Parts of Q-Chem use Armadillo 9.900.5 (Nocturnal Misbehaviour).
 http://arma.sourceforge.net/

 Q-Chem begins on Thu Jan 11 21:43:55 2024  

 Host: 
0

     Scratch files written to /scratch/qchem799548//
 Dec1321 |scratch|qcdevops|jenkins|workspace|build_RNUM 5684   
 Processing $rem in /home/kchung25/qchem/5.4.0/config/preferences:
 Processing $rem in /home/kchung25/.qchemrc:

 Q-Chem warning in module libgen/rem_setup.C, line 3079:

 Neither GIA nor STOLL is specified by user. Use STOLL as the default


 Checking the input file for inconsistencies... 	...done.

--------------------------------------------------------------
User input:
--------------------------------------------------------------
$molecule
1 1
--
1 1
Na     0.000000     0.000000     0.000000
--
0 1
O      0.708023    -1.342751    -1.859325
H      0.651312    -1.530173    -2.824257
H      0.765287    -2.234127    -1.494177
O      1.966844     1.359311     0.168930
H      2.774677     1.014819     0.464956
H      2.154278     2.048941    -0.513915
O      1.251839    -1.361885     1.616700
H      1.002389    -2.318327     1.850238
H      2.110395    -1.505860     1.250054
O     -1.064373     1.917554    -1.138065
H     -1.512374     2.639764    -0.689674
H     -1.757728     1.278248    -1.399230
O     -2.229190    -0.753886     0.938174
H     -2.626923    -1.541755     0.554601
H     -2.610605     0.056120     0.627425
$end

$rem
JOBTYPE          eda
EDA2             1
METHOD           wB97M-V
BASIS            def2-TZVPPD
SYMMETRY         false
MEM_TOTAL        50000
MEM_STATIC       10000
THRESH           14
SCF_CONVERGENCE  8
XC_GRID          000099000590
NL_GRID          1
EDA_CLS_DISP     true
FD_MAT_VEC_PROD  FALSE
$end
--------------------------------------------------------------
 ----------------------------------------------------------------
             Standard Nuclear Orientation (Angstroms)
    I     Atom           X                Y                Z
 ----------------------------------------------------------------
    1      Na     -0.0941996562    -0.0304644174     0.0917486646
    2      O       0.6187255456     0.0911176125    -2.1969893586
    3      H       0.4186958985     0.3661569641    -3.1209906592
    4      H       1.0807240876    -0.7436587550    -2.3414509953
    5      O       1.2180856981     1.7944891822     0.9237285732
    6      H       2.1403529230     1.7395510907     0.9965657795
    7      H       0.9793205992     2.7249018494     0.6906581297
    8      O       1.9009864602    -1.2914821022     0.7733770713
    9      H       2.0805378539    -2.2484078107     0.4842385494
   10      H       2.6456538031    -0.8635575401     0.3801498945
   11      O      -2.0166518370     1.5216615646     0.1050797789
   12      H      -2.5852401287     1.6815910580     0.8630221122
   13      H      -2.4658683567     0.8471172093    -0.4434226423
   14      O      -1.6159432105    -2.0095861955     0.5220696537
   15      H      -1.7714705951    -2.6153085812    -0.2093460768
   16      H      -2.3281311167    -1.4028773861     0.6732148494
 ----------------------------------------------------------------
 Molecular Point Group                 C1    NOp =  1
 Largest Abelian Subgroup              C1    NOp =  1
 Nuclear Repulsion Energy =         296.54340245 hartrees
 There are       30 alpha and       30 beta electrons
 Requested basis set is def2-TZVPPD
 There are 153 shells and 405 basis functions

 Q-Chem warning in module libmdc/get_mega.C, line 171:

 Allowed MEM_STATIC has been capped at MEM_STATIC=8191.
 Reduce the value of MEM_STATIC to silence this warning.


 Total QAlloc Memory Limit  50000 MB
 Mega-Array Size      8007 MB
 MEM_STATIC part      8191 MB
 A cutoff of  1.0D-14 yielded  10348 shell pairs
 There are     71066 function pairs (     85955 Cartesian)
 Smallest overlap matrix eigenvalue = 1.48E-04

 Scale SEOQF with 1.000000e-01/1.000000e-01/1.000000e-01

 Standard Electronic Orientation quadrupole field applied
 Nucleus-field energy     =     0.0000000058 hartrees

 -----------------------------------------------------------------------
  General SCF calculation program by
  Eric Jon Sundstrom, Paul Horn, Yuezhi Mao, Dmitri Zuev, Alec White,
  David Stuck, Shaama M.S., Shane Yost, Joonho Lee, David Small,
  Daniel Levine, Susi Lehtola, Hugh Burton, Evgeny Epifanovsky,
  Bang C. Huynh
 -----------------------------------------------------------------------
================================================================
                 ALMO-EDA with the EDA2 driver                  
================================================================
 The second-generation ALMO-EDA (for DFT):                      
 P. R. Horn, Y. Mao and M. Head-Gordon, PCCP, 18, 23067 (2016)  
 Y. Mao et al. Annu. Rev. Phys. Chem. 72, 641 (2021)            
 Decomposition of the frozen energy:                            
 P. R. Horn, Y. Mao and M. Head-Gordon, JCP, 144, 114107 (2016) 
 FERF model for polarization:                                   
 P. R. Horn and M. Head-Gordon, JCP, 143, 114111 (2015)         
================================================================
 Using eda2 option set 1
 Option set summary: Frozen orbital wavefunction, initial wavefunction decomposition, and nDQ polarization.
--------------------------------
Printing EDA Options
--------------------------------
eda_child_super_basis      0
fragmo_guess_mode          0
child_mp                   1
child_mp_orders            232
cls_elec                   1
cls_disp                   1
scfmi_mode                 1
scfmi_occs                 0
scfmi_virts                0
frz_relax                  0
frz_relax_method           0
dc_pen_start               0
dc_pen_conv                0
dc_pen_increment           0
dc_pen_steps               0
dc_pen_thresh_factor       0
dc_pen_pre_newton_thresh   0
frz_ortho_decomp           1
frz_ortho_decomp_conv      6
plot_mo_ortho_frz          0
frgm_method                2
scfmi_freeze_ss            0
separate_rehyb             0
plot_diff_den              0
eda_nocv                   0
eda_vct_relax              1
disp_free_x                0
disp_free_c                0
eda_bsse                   0
eda_pct_a                  0
eda_covp                   0
--------------------------------
Attempting to make child job directory: /scratch/qchem799548//Frg1/
Attempting to make child job directory: /scratch/qchem799548//Frg2/
Creating input file /scratch/qchem799548/Frg1.input
using default PutDataFrgm: nothing
calling putenv with: QCSCRATCH=/scratch/qchem799548/ 
Spawning Job For Fragment 0
Done Job For Fragment 0
calling putenv with: QCSCRATCH=/scratch 
calling putenv with: QCTHREADS=6 
Creating input file /scratch/qchem799548/Frg2.input
using default PutDataFrgm: nothing
calling putenv with: QCSCRATCH=/scratch/qchem799548/ 
Spawning Job For Fragment 1
Done Job For Fragment 1
calling putenv with: QCSCRATCH=/scratch 
calling putenv with: QCTHREADS=6 
Doing General SCFMI
 Exchange:     0.1500 Hartree-Fock + 1.0000 wB97M-V + LR-HF
 Correlation:  1.0000 wB97M-V
 Using Euler-Maclaurin-Lebedev (99,590) quadrature formula
 Nonlocal Correlation:  VV10 with C = 0.0100 and b = 6.00 and scale = 1.00000
 Grid used for NLC:  SG-1 standard quadrature
performing fock build before subrot guess so that all methods have access
Printing subrot_rss_gen Method Specification:
Occupied Subspace Method is 0
Virtual Subspace Method is 0
Energy of the unrelaxed supersystem initial determinant -544.325454698206
write pseudocanon occs and virts to disk
write pseudocanon orbital energies to disk
Tolerance of ortho_decomp_scf: 1.00e-06
GDM subspace size: 20
Beginning the Orthogonal Decomposition of the Initial Supersystem Wavefunction
    1    -544.1675345720      2.10e-01     ortho_decomp Preconditoned Steepest Descent
    2    -544.1793422837      2.62e-03     ortho_decomp BFGS Step
    3    -544.1793522872      1.11e-04     ortho_decomp BFGS Step
    4    -544.1793522921      2.01e-06     ortho_decomp BFGS Step
    5    -544.1793522921      3.32e-08     ortho_decomp 00000 Convergence criterion met
 Hartree-Fock
 Hartree-Fock
 Hartree-Fock
 Exchange:     0.1500 Hartree-Fock + 1.0000 wB97M-V + LR-HF
 Correlation:  1.0000 wB97M-V
 Using Euler-Maclaurin-Lebedev (99,590) quadrature formula
 Nonlocal Correlation:  VV10 with C = 0.0100 and b = 6.00 and scale = 1.00000
 Grid used for NLC:  SG-1 standard quadrature
 Long-range K will be added via erf
 Coulomb attenuation parameter = 0.3 bohr**(-1)
 Nonlocal correlation = 2.520830199959e-01
Doing General SCFMI
 Exchange:     0.1500 Hartree-Fock + 1.0000 wB97M-V + LR-HF
 Correlation:  1.0000 wB97M-V
 Using Euler-Maclaurin-Lebedev (99,590) quadrature formula
 Nonlocal Correlation:  VV10 with C = 0.0100 and b = 6.00 and scale = 1.00000
 Grid used for NLC:  SG-1 standard quadrature
performing fock build at end of subrot_r(subrot) constructor so that all methods have access
<S^2> of initial wavefunction before polarization iterations 0.0000000000
Beginning iterations for the determination of the polarized wavefunction
Energy prior to optimization (guess energy) = -544.325454698206
Begin Timing: Total SCF Calculation
begin iterations for algorithm: DIIS         
the SCF tolerance is set to 1.00e-08
    1    -544.3254546982      8.82e-04     00000 
    2    -544.3574037547      3.97e-04     00000 
    3    -544.3601846843      1.79e-04     00000 
    4    -544.3607815126      4.43e-05     00000 
    5    -544.3608551372      1.04e-05     00000 
    6    -544.3608622232      3.47e-06     00000 
    7    -544.3608626075      1.82e-06     00000 
    8    -544.3608627057      2.35e-07     00000 
    9    -544.3608627083      9.64e-08     00000 
   10    -544.3608627086      3.95e-08     00000 
   11    -544.3608627087      1.89e-08     00000 
   12    -544.3608627087      4.52e-09     00000 Convergence criterion met
write pseudocanon occs and virts to disk
write pseudocanon orbital energies to disk
Timing for Total SCF: 182.00s (wall), 1088.20s (cpu)
<S^2> of polarized wavefunction after polarization iterations 0.0000000000
relaxing scfmi constraint to allow all rotations in the entire AO span
Doing General SCFMI
 Exchange:     0.1500 Hartree-Fock + 1.0000 wB97M-V + LR-HF
 Correlation:  1.0000 wB97M-V
 Using Euler-Maclaurin-Lebedev (99,590) quadrature formula
 Nonlocal Correlation:  VV10 with C = 0.0100 and b = 6.00 and scale = 1.00000
 Grid used for NLC:  SG-1 standard quadrature
performing fock build at end of subrot_r(subrot) constructor so that all methods have access
<S^2> of polarized wavefunction before ct-allowed iterations 0.0000000000
Beginning iterations for the determination of the CT-Allowed wavefunction
Energy prior to optimization (guess energy) = -544.360862708670
Begin Timing: Total SCF Calculation
begin iterations for algorithm: DIIS         
the SCF tolerance is set to 1.00e-08
    1    -544.3608627087      2.21e-04     00000 
    2    -544.3624298801      1.31e-05     00000 
    3    -544.3624464116      1.42e-06     00000 
    4    -544.3624465864      7.04e-07     00000 
    5    -544.3624466090      1.87e-07     00000 
    6    -544.3624466110      4.14e-08     00000 
    7    -544.3624466111      7.56e-09     00000 Convergence criterion met
write pseudocanon occs and virts to disk
write pseudocanon orbital energies to disk
Timing for Total SCF: 99.00s (wall), 596.37s (cpu)
<S^2> of ct_allowed wavefunction after ct-allowed iterations 0.0000000000

================================
        Results of EDA2         
================================
Basic EDA Quantities
--------------------
Fragment Energies (Ha):
1 -162.0687155489
2 -382.1621532572
--------------------
  E_prp (kJ/mol) = 0.0000
  E_frz (kJ/mol) = -248.3382
  E_pol (kJ/mol) = -92.9648
  E_vct (kJ/mol) = -4.1586
  E_int (kJ/mol) = -345.4616
--------------------


Decomposition of frozen interaction energy
--------------------
  --------------------
  Orthogonal Frozen Decomposition:
  --------------------
     E_elec   (ELEC)   (kJ/mol) = -343.7453
     E_pauli  (PAULI)  (kJ/mol) = 112.5794
     E_disp   (DISP)   (kJ/mol) = -17.1723
  --------------------
  Classical Frozen Decomposition:
  --------------------
     E_cls_elec  (CLS ELEC)  (kJ/mol) = -308.5381
     E_mod_pauli (MOD PAULI) (kJ/mol) = 74.3995 (FRZ - CLS ELEC - CLS DISP)
     E_cls_disp  (CLS DISP)  (kJ/mol) = -14.1996
  --------------------
--------------------

Simplified EDA Summary (kJ/mol)
--------------------
 PREPARATION      0.0000
 FROZEN           -248.3382 (ELEC + PAULI + DISP)
[ELEC + PAULI = -234.1386, DISP = -14.1996]
 POLARIZATION    -92.9648
 CHARGE TRANSFER -4.1586
 TOTAL           -345.4616     (PRP + FRZ + POL + CT)
--------------------
 
 --------------------------------------------------------------
 
                    Orbital Energies (a.u.)
 --------------------------------------------------------------
 
 Alpha MOs
 -- Occupied --
-38.8252 -19.5051 -19.5040 -19.4987 -19.4977 -19.4827  -2.4691  -1.3732
 -1.3726  -1.3714  -1.3052  -1.3037  -1.3031  -1.2962  -1.2898  -0.8233
 -0.8066  -0.7974  -0.7947  -0.7795  -0.6859  -0.6764  -0.6689  -0.6545
 -0.6529  -0.6028  -0.5957  -0.5913  -0.5878  -0.5769
 -- Virtual --
 -0.1292  -0.1070  -0.0925  -0.0864  -0.0559  -0.0499  -0.0441  -0.0364
 -0.0355  -0.0309  -0.0257  -0.0185  -0.0142  -0.0061  -0.0029   0.0031
  0.0124   0.0150   0.0174   0.0276   0.0410   0.0467   0.0488   0.0568
  0.0621   0.0635   0.0744   0.0772   0.0830   0.0920   0.0993   0.1068
  0.1124   0.1179   0.1241   0.1324   0.1366   0.1429   0.1549   0.1597
  0.1643   0.1689   0.1795   0.1886   0.1902   0.1982   0.2057   0.2111
  0.2142   0.2176   0.2280   0.2326   0.2381   0.2441   0.2500   0.2522
  0.2561   0.2583   0.2665   0.2714   0.2747   0.2771   0.2809   0.2860
  0.2937   0.3033   0.3078   0.3084   0.3163   0.3229   0.3304   0.3411
  0.3449   0.3527   0.3564   0.3749   0.3854   0.3942   0.4138   0.4182
  0.4263   0.4408   0.4477   0.4513   0.4657   0.4732   0.4796   0.4847
  0.4977   0.5089   0.5097   0.5255   0.5282   0.5352   0.5534   0.5635
  0.5749   0.5828   0.5945   0.6008   0.6141   0.6212   0.6429   0.6611
  0.6684   0.6809   0.7043   0.7169   0.7257   0.7319   0.7482   0.7624
  0.7746   0.7922   0.8122   0.8234   0.8283   0.8414   0.8551   0.8692
  0.8929   0.9049   0.9090   0.9149   0.9368   0.9458   0.9760   1.0012
  1.0023   1.0121   1.0210   1.0329   1.0497   1.0540   1.0629   1.0673
  1.0717   1.0880   1.0999   1.1133   1.1199   1.1279   1.1326   1.1394
  1.1704   1.1835   1.1897   1.1990   1.2182   1.2295   1.2422   1.2521
  1.2592   1.2757   1.2908   1.2980   1.3131   1.3190   1.3317   1.3497
  1.3621   1.3760   1.3914   1.4188   1.4233   1.4655   1.5691   1.6039
  1.6405   1.8237   1.8320   1.8381   1.8437   1.8540   1.8618   1.8720
  1.8869   1.8952   1.9168   1.9265   1.9578   1.9782   1.9926   2.0119
  2.0685   2.0779   2.1114   2.1313   2.1357   2.1486   2.1783   2.1924
  2.2235   2.2462   2.5271   2.5437   2.5602   2.5858   2.6532   2.6747
  2.7161   2.7288   2.8080   2.8466   2.8804   2.8845   2.8969   2.9452
  2.9638   3.0354   3.0514   3.0821   3.1010   3.1167   3.1328   3.1401
  3.1487   3.1523   3.1689   3.1814   3.1919   3.2028   3.2271   3.2547
  3.2562   3.2686   3.2802   3.2841   3.3097   3.3125   3.3181   3.3313
  3.3384   3.3458   3.3530   3.3599   3.3659   3.3729   3.3834   3.3932
  3.4277   3.4319   3.4593   3.4836   3.5542   3.5689   3.5785   3.5943
  3.6234   3.7510   3.7580   3.7893   3.8158   3.8434   3.8459   3.8635
  3.8880   3.8969   3.9237   3.9303   3.9441   3.9637   3.9674   3.9851
  3.9881   4.0138   4.0207   4.0235   4.0338   4.0436   4.0526   4.0608
  4.0766   4.0780   4.0943   4.1038   4.1193   4.1323   4.1420   4.1576
  4.1688   4.1812   4.1849   4.2019   4.5482   4.5748   4.5781   4.5997
  4.6110   4.6158   4.6521   4.6571   4.6729   4.6858   4.8251   4.8332
  4.8683   4.9089   4.9243   4.9617   5.0441   5.0564   5.0869   5.0974
  5.1652   5.4999   5.5260   5.5310   5.5378   5.5540   5.7891   5.7979
  5.8183   5.8547   5.9163   5.9540   6.0529   6.0984   6.1337   6.1480
  6.2427   6.3251   6.3608   6.3634   6.4151   6.4204   6.4235   6.4455
  6.4564   6.4708   6.4897   6.5086   6.5303   6.5409   6.5477   6.5592
  6.5638   6.5731   6.5892   6.6198   6.6373   6.6702   6.6786   6.6970
  6.7004   6.7076   6.7309   6.7408   6.7588   6.7850   6.8595   6.8863
  6.9213   6.9738   7.0370   7.3008   7.3491   7.3597   7.3892   7.3911
  7.4044   7.4407   7.4954   7.5336   7.5718   7.6354   7.6562   7.7070
  7.8107   7.8395  44.2234  44.2480  44.2743  44.3180  44.3375
 --------------------------------------------------------------
 
          Ground-State Mulliken Net Atomic Charges

     Atom                 Charge (a.u.)
  ----------------------------------------
      1 Na                    0.894695
      2 O                    -0.346383
      3 H                     0.155103
      4 H                     0.188430
      5 O                    -0.284002
      6 H                     0.110493
      7 H                     0.189673
      8 O                    -0.339027
      9 H                     0.204124
     10 H                     0.167789
     11 O                    -0.375798
     12 H                     0.185301
     13 H                     0.221545
     14 O                    -0.381323
     15 H                     0.207565
     16 H                     0.201815
  ----------------------------------------
  Sum of atomic charges =     1.000000

 -----------------------------------------------------------------
                    Cartesian Multipole Moments
 -----------------------------------------------------------------
    Charge (ESU x 10^10)
                 4.8032
    Dipole Moment (Debye)
         X      -0.3503      Y      -1.0674      Z      -3.2523
       Tot       3.4408
    Quadrupole Moments (Debye-Ang)
        XX      -8.6414     XY      -0.2665     YY     -20.6934
        XZ      -3.0956     YZ       7.6148     ZZ     -26.8464
    Octopole Moments (Debye-Ang^2)
       XXX      -7.0172    XXY      -4.7449    XYY      13.5663
       YYY      -3.5498    XXZ       9.0244    XYZ      -1.7734
       YYZ      -1.4515    XZZ      -0.2430    YZZ       4.1361
       ZZZ     -47.4542
    Hexadecapole Moments (Debye-Ang^3)
      XXXX    -329.4493   XXXY     -15.8809   XXYY     -97.9395
      XYYY      20.5608   YYYY    -329.2362   XXXZ      -8.8302
      XXYZ      35.4887   XYYZ       8.2872   YYYZ      46.9042
      XXZZ    -128.4118   XYZZ     -10.8630   YYZZ    -128.7493
      XZZZ     -34.6665   YZZZ      -0.6308   ZZZZ    -162.5962
 -----------------------------------------------------------------
 Total job time:  1508.44s(wall), 3337.22s(cpu) 
 Thu Jan 11 22:09:03 2024

        *************************************************************
        *                                                           *
        *  Thank you very much for using Q-Chem.  Have a nice day.  *
        *                                                           *
        *************************************************************


