
Running Job 1 of 1 119_Na-Water_Cls_074_almo.in
qchem 119_Na-Water_Cls_074_almo.in_786449.0 /scratch/qchem786449/ 6
/home/kchung25/qchem/5.4.0/exe/qcprog.exe_s 119_Na-Water_Cls_074_almo.in_786449.0 /scratch/qchem786449/
                  Welcome to Q-Chem
     A Quantum Leap Into The Future Of Chemistry


 Q-Chem 5.4, Q-Chem, Inc., Pleasanton, CA (2021)

 E. Epifanovsky,  A. T. B. Gilbert,  Xintian Feng,  Joonho Lee,  Yuezhi Mao,  
 N. Mardirossian,  P. Pokhilko,  A. White,  M. Wormit,  M. P. Coons,  
 A. L. Dempwolff,  Zhengting Gan,  D. Hait,  P. R. Horn,  L. D. Jacobson,  
 I. Kaliman,  J. Kussmann,  A. W. Lange,  Ka Un Lao,  D. S. Levine,  Jie Liu,  
 S. C. McKenzie,  A. F. Morrison,  K. Nanda,  F. Plasser,  D. R. Rehn,  
 M. L. Vidal,  Zhi-Qiang You,  Ying Zhu,  B. Alam,  B. Albrecht,  
 A. Aldossary,  E. Alguire,  J. H. Andersen,  D. Barton,  K. Begam,  A. Behn,  
 Y. A. Bernard,  E. J. Berquist,  H. Burton,  A. Carreras,  K. Carter-Fenk,  
 Romit Chakraborty,  A. D. Chien,  K. D. Closser,  V. Cofer-Shabica,  
 S. Dasgupta,  Jia Deng,  M. de Wergifosse,  M. Diedenhofen,  Hainam Do,  
 S. Ehlert,  Po-Tung Fang,  S. Fatehi,  Qingguo Feng,  T. Friedhoff,  
 J. Gayvert,  Qinghui Ge,  G. Gidofalvi,  M. Goldey,  J. Gomes,  
 C. Gonzalez-Espinoza,  S. Gulania,  A. Gunina,  M. W. D. Hanson-Heine,  
 P. H. P. Harbach,  A. W. Hauser,  M. F. Herbst,  M. Hernandez Vera,  
 M. Hodecker,  Z. C. Holden,  S. Houck,  Xunkun Huang,  Kerwin Hui,  
 B. C. Huynh,  M. Ivanov,  Hyunjun Ji,  Hanjie Jiang,  B. Kaduk,  S. Kaehler,  
 K. Khistyaev,  Jaehoon Kim,  P. Klunzinger,  Z. Koczor-Benda,  
 Joong Hoon Koh,  D. Kosenkov,  L. Koulias,  T. Kowalczyk,  C. M. Krauter,  
 K. Kue,  A. Kunitsa,  T. Kus,  A. Landau,  K. V. Lawler,  D. Lefrancois,  
 S. Lehtola,  Rain Li,  Yi-Pei Li,  Jiashu Liang,  M. Liebenthal,  
 Hung-Hsuan Lin,  You-Sheng Lin,  Fenglai Liu,  Kuan-Yu Liu,  
 M. Loipersberger,  A. Luenser,  A. Manjanath,  P. Manohar,  E. Mansoor,  
 S. F. Manzer,  Shan-Ping Mao,  A. V. Marenich,  T. Markovich,  S. Mason,  
 S. A. Maurer,  P. F. McLaughlin,  M. F. S. J. Menger,  J.-M. Mewes,  
 S. A. Mewes,  P. Morgante,  J. W. Mullinax,  K. J. Oosterbaan,  G. Paran,  
 Alexander C. Paul,  Suranjan K. Paul,  F. Pavosevic,  Zheng Pei,  S. Prager,  
 E. I. Proynov,  E. Ramos,  B. Rana,  A. E. Rask,  A. Rettig,  R. M. Richard,  
 F. Rob,  E. Rossomme,  T. Scheele,  M. Scheurer,  M. Schneider,  
 N. Sergueev,  S. M. Sharada,  W. Skomorowski,  D. W. Small,  C. J. Stein,  
 Yu-Chuan Su,  E. J. Sundstrom,  Zhen Tao,  J. Thirman,  T. Tsuchimochi,  
 N. M. Tubman,  S. P. Veccham,  O. Vydrov,  J. Wenzel,  J. Witte,  A. Yamada,  
 Kun Yao,  S. Yeganeh,  S. R. Yost,  A. Zech,  Igor Ying Zhang,  Xing Zhang,  
 Yu Zhang,  D. Zuev,  A. Aspuru-Guzik,  A. T. Bell,  N. A. Besley,  
 K. B. Bravaya,  B. R. Brooks,  D. Casanova,  Jeng-Da Chai,  S. Coriani,  
 C. J. Cramer,  A. E. DePrince, III,  R. A. DiStasio Jr.,  A. Dreuw,  
 B. D. Dunietz,  T. R. Furlani,  W. A. Goddard III,  S. Grimme,  
 S. Hammes-Schiffer,  T. Head-Gordon,  W. J. Hehre,  Chao-Ping Hsu,  
 T.-C. Jagau,  Yousung Jung,  A. Klamt,  Jing Kong,  D. S. Lambrecht,  
 WanZhen Liang,  N. J. Mayhall,  C. W. McCurdy,  J. B. Neaton,  T. Neudecker,  
 C. Ochsenfeld,  J. A. Parkhill,  R. Peverati,  V. A. Rassolov,  Yihan Shao,  
 L. V. Slipchenko,  R. P. Steele,  J. E. Subotnik,  A. J. W. Thom,  
 A. Tkatchenko,  D. G. Truhlar,  T. Van Voorhis,  T. A. Wesolowski,  
 K. B. Whaley,  H. L. Woodcock III,  P. M. Zimmerman,  S. Faraji,  
 P. M. W. Gill,  M. Head-Gordon,  J. M. Herbert,  A. I. Krylov

 Additional authors since Version 5.4.0: 
 Chandrima Chakravarty,  L. Cunha,  R. Kang,  Yongbin Kim,  S. Kotaru,  
 Shaozhi Li,  Xiangyuan Li,  F. Matz,  A. Molle,  V. Parravicini,  
 Haisheng Ren,  Hengyuan Shen,  Yingli Su,  Hung-Yi Tsai,  C. Utku,  
 Fang Wang,  Jeff Yang,  F. Zeller

 Contributors to earlier versions of Q-Chem not listed above: 
 R. D. Adamson,  B. Austin,  R. Baer,  J. Baker,  G. J. O. Beran,  
 K. Brandhorst,  S. T. Brown,  E. F. C. Byrd,  Arup K. Chakraborty,  
 G. K. L. Chan,  Chun-Min Chang,  Yunqing Chen,  C.-L. Cheng,  
 Siu Hung Chien,  D. M. Chipman,  D. L. Crittenden,  H. Dachsel,  
 R. J. Doerksen,  A. D. Dutoi,  R. G. Edgar,  J. Fosso-Tande,  
 L. Fusti-Molnar,  D. Ghosh,  A. Ghysels,  A. Golubeva-Zadorozhnaya,  
 J. Gonthier,  M. S. Gordon,  S. R. Gwaltney,  G. Hawkins,  J. E. Herr,  
 A. Heyden,  S. Hirata,  E. G. Hohenstein,  G. Kedziora,  F. J. Keil,  
 C. Kelley,  Jihan Kim,  R. A. King,  R. Z. Khaliullin,  P. P. Korambath,  
 W. Kurlancheek,  A. Laurent,  A. M. Lee,  M. S. Lee,  S. V. Levchenko,  
 Ching Yeh Lin,  D. Liotard,  E. Livshits,  R. C. Lochan,  I. Lotan,  
 L. A. Martinez-Martinez,  P. E. Maslen,  N. Nair,  D. P. O'Neill,  
 D. Neuhauser,  E. Neuscamman,  C. M. Oana,  R. Olivares-Amaya,  R. Olson,  
 T. M. Perrine,  B. Peters,  P. A. Pieniazek,  A. Prociuk,  Y. M. Rhee,  
 J. Ritchie,  M. A. Rohrdanz,  E. Rosta,  N. J. Russ,  H. F. Schaefer III,  
 M. W. Schmidt,  N. E. Schultz,  S. Sharma,  N. Shenvi,  C. D. Sherrill,  
 A. C. Simmonett,  A. Sodt,  T. Stein,  D. Stuck,  K. S. Thanthiriwatte,  
 V. Vanovschi,  L. Vogt,  Tao Wang,  A. Warshel,  M. A. Watson,  
 C. F. Williams,  Q. Wu,  X. Xu,  Jun Yang,  W. Zhang,  Yan Zhao

   Please cite Q-Chem as follows:
  "Software for the frontiers of quantum chemistry:
   An overview of developments in the Q-Chem 5 package"
   J. Chem. Phys. 155, 084801 (2021)
   https://doi.org/10.1063/5.0055522 (open access)

 Q-Chem 5.4.2 for Intel X86 EM64T Linux

 Parts of Q-Chem use Armadillo 9.900.5 (Nocturnal Misbehaviour).
 http://arma.sourceforge.net/

 Q-Chem begins on Thu Jan 11 15:08:28 2024  

 Host: 
0

     Scratch files written to /scratch/qchem786449//
 Dec1321 |scratch|qcdevops|jenkins|workspace|build_RNUM 5684   
 Processing $rem in /home/kchung25/qchem/5.4.0/config/preferences:
 Processing $rem in /home/kchung25/.qchemrc:

 Q-Chem warning in module libgen/rem_setup.C, line 3079:

 Neither GIA nor STOLL is specified by user. Use STOLL as the default


 Checking the input file for inconsistencies... 	...done.

--------------------------------------------------------------
User input:
--------------------------------------------------------------
$molecule
1 1
--
1 1
Na     0.000000     0.000000     0.000000
--
0 1
O      0.897942     0.232779    -2.242681
H      0.375770     0.945152    -2.637263
H      1.742548     0.701814    -2.136948
O     -0.526370    -2.247938    -0.113789
H     -0.067939    -2.929889     0.403156
H     -1.121253    -2.676460    -0.712395
O      0.965071     2.227927    -0.066810
H      1.977096     2.201242     0.110202
H      0.828364     2.723446    -0.874262
O     -0.282618     0.653366     2.269494
H     -1.091358     0.346471     2.688083
H      0.398640     0.607206     2.959686
$end

$rem
JOBTYPE          eda
EDA2             1
METHOD           wB97M-V
BASIS            def2-TZVPPD
SYMMETRY         false
MEM_TOTAL        50000
MEM_STATIC       10000
THRESH           14
SCF_CONVERGENCE  8
XC_GRID          000099000590
NL_GRID          1
EDA_CLS_DISP     true
FD_MAT_VEC_PROD  FALSE
$end
--------------------------------------------------------------
 ----------------------------------------------------------------
             Standard Nuclear Orientation (Angstroms)
    I     Atom           X                Y                Z
 ----------------------------------------------------------------
    1      Na      0.2461909627     0.0218077538    -0.1428868559
    2      O      -1.0694055682     2.0532970161     0.0370050872
    3      H      -1.6068337890     2.0629041588    -0.7673035935
    4      H      -1.7661157603     1.8550746257     0.6849521421
    5      O       2.3342908423     0.9908655748     0.0668853969
    6      H       2.9124700200     0.8511602564     0.8341138789
    7      H       2.7303650902     1.6454912068    -0.4902828932
    8      O      -2.0588319065    -0.7287486899     0.0088330366
    9      H      -2.3737352047    -0.7703774766     0.9862494754
   10      H      -2.7032277229    -0.2151849116    -0.4782120259
   11      O       0.5721326418    -2.3319200439    -0.0375751465
   12      H       1.2948061188    -2.6712998660    -0.5723891903
   13      H       0.5786825828    -2.8656041427     0.7734406277
 ----------------------------------------------------------------
 Molecular Point Group                 C1    NOp =  1
 Largest Abelian Subgroup              C1    NOp =  1
 Nuclear Repulsion Energy =         213.61527450 hartrees
 There are       25 alpha and       25 beta electrons
 Requested basis set is def2-TZVPPD
 There are 125 shells and 331 basis functions

 Q-Chem warning in module libmdc/get_mega.C, line 171:

 Allowed MEM_STATIC has been capped at MEM_STATIC=8191.
 Reduce the value of MEM_STATIC to silence this warning.


 Total QAlloc Memory Limit  50000 MB
 Mega-Array Size      8007 MB
 MEM_STATIC part      8191 MB

                       Distance Matrix (Angstroms)
             Na(  1)   O (  2)   H (  3)   H (  4)   O (  5)   H (  6)
   O (  2)  2.426954
   H (  3)  2.826601  0.967385
   H (  4)  2.845270  0.971871  1.475673
   O (  5)  2.311545  3.565782  4.168645  4.235823
   H (  6)  2.958277  4.235074  4.945399  4.787406  0.970798
   H (  7)  2.988002  3.857797  4.366036  4.652251  0.946491  1.555040
   O (  8)  2.428885  2.952886  2.932578  2.686813  4.718047  5.281197
   H (  9)  2.960831  3.251996  3.419148  2.711638  5.110060  5.531410
   H ( 10)  2.977865  2.842681  2.544670  2.552862  5.208482  5.864755
   O ( 11)  2.378521  4.682984  4.959322  4.849781  3.762581  4.045865
   H ( 12)  2.921796  5.318146  5.556095  5.606979  3.860137  4.123447
   H ( 13)  3.047516  5.239668  5.607189  5.271690  4.295782  4.389144
             H (  7)   O (  8)   H (  9)   H ( 10)   O ( 11)   H ( 12)
   O (  8)  5.368663
   H (  9)  5.836815  1.027735
   H ( 10)  5.743361  0.957187  1.600454
   O ( 11)  4.547825  3.081280  3.487803  3.924629
   H ( 12)  4.549973  3.918956  4.416000  4.693149  0.960969
   H ( 13)  5.155261  3.479549  3.626573  4.400260  0.970880  1.536830

 
 A cutoff of  1.0D-14 yielded   6998 shell pairs
 There are     48298 function pairs (     58477 Cartesian)
 Smallest overlap matrix eigenvalue = 1.27E-04

 Scale SEOQF with 1.000000e-01/1.000000e-01/1.000000e-01

 Standard Electronic Orientation quadrupole field applied
 Nucleus-field energy     =     0.0000000124 hartrees

 -----------------------------------------------------------------------
  General SCF calculation program by
  Eric Jon Sundstrom, Paul Horn, Yuezhi Mao, Dmitri Zuev, Alec White,
  David Stuck, Shaama M.S., Shane Yost, Joonho Lee, David Small,
  Daniel Levine, Susi Lehtola, Hugh Burton, Evgeny Epifanovsky,
  Bang C. Huynh
 -----------------------------------------------------------------------
================================================================
                 ALMO-EDA with the EDA2 driver                  
================================================================
 The second-generation ALMO-EDA (for DFT):                      
 P. R. Horn, Y. Mao and M. Head-Gordon, PCCP, 18, 23067 (2016)  
 Y. Mao et al. Annu. Rev. Phys. Chem. 72, 641 (2021)            
 Decomposition of the frozen energy:                            
 P. R. Horn, Y. Mao and M. Head-Gordon, JCP, 144, 114107 (2016) 
 FERF model for polarization:                                   
 P. R. Horn and M. Head-Gordon, JCP, 143, 114111 (2015)         
================================================================
 Using eda2 option set 1
 Option set summary: Frozen orbital wavefunction, initial wavefunction decomposition, and nDQ polarization.
--------------------------------
Printing EDA Options
--------------------------------
eda_child_super_basis      0
fragmo_guess_mode          0
child_mp                   1
child_mp_orders            232
cls_elec                   1
cls_disp                   1
scfmi_mode                 1
scfmi_occs                 0
scfmi_virts                0
frz_relax                  0
frz_relax_method           0
dc_pen_start               0
dc_pen_conv                0
dc_pen_increment           0
dc_pen_steps               0
dc_pen_thresh_factor       0
dc_pen_pre_newton_thresh   0
frz_ortho_decomp           1
frz_ortho_decomp_conv      6
plot_mo_ortho_frz          0
frgm_method                2
scfmi_freeze_ss            0
separate_rehyb             0
plot_diff_den              0
eda_nocv                   0
eda_vct_relax              1
disp_free_x                0
disp_free_c                0
eda_bsse                   0
eda_pct_a                  0
eda_covp                   0
--------------------------------
Attempting to make child job directory: /scratch/qchem786449//Frg1/
Attempting to make child job directory: /scratch/qchem786449//Frg2/
Creating input file /scratch/qchem786449/Frg1.input
using default PutDataFrgm: nothing
calling putenv with: QCSCRATCH=/scratch/qchem786449/ 
Spawning Job For Fragment 0
Done Job For Fragment 0
calling putenv with: QCSCRATCH=/scratch 
calling putenv with: QCTHREADS=6 
Creating input file /scratch/qchem786449/Frg2.input
using default PutDataFrgm: nothing
calling putenv with: QCSCRATCH=/scratch/qchem786449/ 
Spawning Job For Fragment 1
Done Job For Fragment 1
calling putenv with: QCSCRATCH=/scratch 
calling putenv with: QCTHREADS=6 
Doing General SCFMI
 Exchange:     0.1500 Hartree-Fock + 1.0000 wB97M-V + LR-HF
 Correlation:  1.0000 wB97M-V
 Using Euler-Maclaurin-Lebedev (99,590) quadrature formula
 Nonlocal Correlation:  VV10 with C = 0.0100 and b = 6.00 and scale = 1.00000
 Grid used for NLC:  SG-1 standard quadrature
performing fock build before subrot guess so that all methods have access
Printing subrot_rss_gen Method Specification:
Occupied Subspace Method is 0
Virtual Subspace Method is 0
Energy of the unrelaxed supersystem initial determinant -467.881886504564
write pseudocanon occs and virts to disk
write pseudocanon orbital energies to disk
Tolerance of ortho_decomp_scf: 1.00e-06
GDM subspace size: 20
Beginning the Orthogonal Decomposition of the Initial Supersystem Wavefunction
    1    -467.7297120611      2.43e-01     ortho_decomp Preconditoned Steepest Descent
    2    -467.7421337677      3.02e-03     ortho_decomp BFGS Step
    3    -467.7421444263      1.33e-04     ortho_decomp BFGS Step
    4    -467.7421444318      2.42e-06     ortho_decomp BFGS Step
    5    -467.7421444318      2.76e-08     ortho_decomp 00000 Convergence criterion met
 Hartree-Fock
 Hartree-Fock
 Hartree-Fock
 Exchange:     0.1500 Hartree-Fock + 1.0000 wB97M-V + LR-HF
 Correlation:  1.0000 wB97M-V
 Using Euler-Maclaurin-Lebedev (99,590) quadrature formula
 Nonlocal Correlation:  VV10 with C = 0.0100 and b = 6.00 and scale = 1.00000
 Grid used for NLC:  SG-1 standard quadrature
 Long-range K will be added via erf
 Coulomb attenuation parameter = 0.3 bohr**(-1)
 Nonlocal correlation = 2.106608639849e-01
Doing General SCFMI
 Exchange:     0.1500 Hartree-Fock + 1.0000 wB97M-V + LR-HF
 Correlation:  1.0000 wB97M-V
 Using Euler-Maclaurin-Lebedev (99,590) quadrature formula
 Nonlocal Correlation:  VV10 with C = 0.0100 and b = 6.00 and scale = 1.00000
 Grid used for NLC:  SG-1 standard quadrature
performing fock build at end of subrot_r(subrot) constructor so that all methods have access
<S^2> of initial wavefunction before polarization iterations 0.0000000000
Beginning iterations for the determination of the polarized wavefunction
Energy prior to optimization (guess energy) = -467.881886504564
Begin Timing: Total SCF Calculation
begin iterations for algorithm: DIIS         
the SCF tolerance is set to 1.00e-08
    1    -467.8818865046      1.02e-03     00000 
    2    -467.9096247621      4.61e-04     00000 
    3    -467.9120174673      2.16e-04     00000 
    4    -467.9125909743      4.90e-05     00000 
    5    -467.9126536134      1.24e-05     00000 
    6    -467.9126593025      5.95e-06     00000 
    7    -467.9126598636      1.78e-06     00000 
    8    -467.9126599523      2.81e-07     00000 
    9    -467.9126599542      1.68e-07     00000 
   10    -467.9126599546      5.96e-08     00000 
   11    -467.9126599547      1.59e-08     00000 
   12    -467.9126599547      5.60e-09     00000 Convergence criterion met
write pseudocanon occs and virts to disk
write pseudocanon orbital energies to disk
Timing for Total SCF: 103.00s (wall), 616.03s (cpu)
<S^2> of polarized wavefunction after polarization iterations 0.0000000000
relaxing scfmi constraint to allow all rotations in the entire AO span
Doing General SCFMI
 Exchange:     0.1500 Hartree-Fock + 1.0000 wB97M-V + LR-HF
 Correlation:  1.0000 wB97M-V
 Using Euler-Maclaurin-Lebedev (99,590) quadrature formula
 Nonlocal Correlation:  VV10 with C = 0.0100 and b = 6.00 and scale = 1.00000
 Grid used for NLC:  SG-1 standard quadrature
performing fock build at end of subrot_r(subrot) constructor so that all methods have access
<S^2> of polarized wavefunction before ct-allowed iterations 0.0000000000
Beginning iterations for the determination of the CT-Allowed wavefunction
Energy prior to optimization (guess energy) = -467.912659954695
Begin Timing: Total SCF Calculation
begin iterations for algorithm: DIIS         
the SCF tolerance is set to 1.00e-08
    1    -467.9126599547      2.53e-04     00000 
    2    -467.9141300859      1.58e-05     00000 
    3    -467.9141464276      1.68e-06     00000 
    4    -467.9141465984      1.01e-06     00000 
    5    -467.9141466331      1.86e-07     00000 
    6    -467.9141466347      3.35e-08     00000 
    7    -467.9141466348      1.17e-08     00000 
    8    -467.9141466348      4.89e-09     00000 Convergence criterion met
write pseudocanon occs and virts to disk
write pseudocanon orbital energies to disk
Timing for Total SCF: 64.00s (wall), 389.30s (cpu)
<S^2> of ct_allowed wavefunction after ct-allowed iterations 0.0000000000

================================
        Results of EDA2         
================================
Basic EDA Quantities
--------------------
Fragment Energies (Ha):
1 -162.0687155489
2 -305.7263077877
--------------------
  E_prp (kJ/mol) = 0.0000
  E_frz (kJ/mol) = -228.0620
  E_pol (kJ/mol) = -80.7967
  E_vct (kJ/mol) = -3.9033
  E_int (kJ/mol) = -312.7619
--------------------


Decomposition of frozen interaction energy
--------------------
  --------------------
  Orthogonal Frozen Decomposition:
  --------------------
     E_elec   (ELEC)   (kJ/mol) = -328.3262
     E_pauli  (PAULI)  (kJ/mol) = 116.1208
     E_disp   (DISP)   (kJ/mol) = -15.8566
  --------------------
  Classical Frozen Decomposition:
  --------------------
     E_cls_elec  (CLS ELEC)  (kJ/mol) = -293.5801
     E_mod_pauli (MOD PAULI) (kJ/mol) = 78.7842 (FRZ - CLS ELEC - CLS DISP)
     E_cls_disp  (CLS DISP)  (kJ/mol) = -13.2661
  --------------------
--------------------

Simplified EDA Summary (kJ/mol)
--------------------
 PREPARATION      0.0000
 FROZEN           -228.0620 (ELEC + PAULI + DISP)
[ELEC + PAULI = -214.7959, DISP = -13.2661]
 POLARIZATION    -80.7967
 CHARGE TRANSFER -3.9033
 TOTAL           -312.7619     (PRP + FRZ + POL + CT)
--------------------
 
 --------------------------------------------------------------
 
                    Orbital Energies (a.u.)
 --------------------------------------------------------------
 
 Alpha MOs
 -- Occupied --
-38.8407 -19.5087 -19.5055 -19.5022 -19.4987  -2.4846  -1.3895  -1.3874
 -1.3866  -1.3105  -1.3080  -1.3015  -1.2978  -0.8151  -0.8044  -0.8005
 -0.7925  -0.6901  -0.6817  -0.6787  -0.6614  -0.6180  -0.5977  -0.5913
 -0.5796
 -- Virtual --
 -0.1337  -0.1065  -0.0976  -0.0887  -0.0543  -0.0510  -0.0457  -0.0387
 -0.0372  -0.0353  -0.0263  -0.0207  -0.0082  -0.0059  -0.0012   0.0073
  0.0107   0.0193   0.0272   0.0393   0.0488   0.0537   0.0558   0.0670
  0.0758   0.0793   0.0887   0.0978   0.0984   0.1207   0.1278   0.1307
  0.1486   0.1544   0.1602   0.1662   0.1744   0.1828   0.1854   0.1910
  0.1984   0.2082   0.2130   0.2160   0.2210   0.2232   0.2380   0.2433
  0.2488   0.2541   0.2615   0.2634   0.2699   0.2746   0.2811   0.2842
  0.2900   0.2944   0.3005   0.3018   0.3187   0.3294   0.3396   0.3574
  0.3703   0.3867   0.3988   0.4067   0.4171   0.4355   0.4410   0.4590
  0.4642   0.4808   0.4889   0.5016   0.5047   0.5221   0.5248   0.5395
  0.5471   0.5537   0.5703   0.5768   0.5978   0.6172   0.6549   0.6589
  0.6741   0.6905   0.6938   0.7078   0.7215   0.7512   0.7563   0.7762
  0.7982   0.8111   0.8347   0.8564   0.8662   0.8753   0.8938   0.9353
  0.9488   0.9576   0.9605   0.9756   1.0014   1.0144   1.0202   1.0249
  1.0263   1.0448   1.0512   1.0624   1.0717   1.0888   1.1116   1.1213
  1.1529   1.1590   1.1849   1.2034   1.2120   1.2274   1.2373   1.2487
  1.2608   1.2847   1.2884   1.2945   1.3090   1.3288   1.3382   1.3612
  1.3948   1.4739   1.5583   1.5905   1.8170   1.8214   1.8282   1.8296
  1.8412   1.8587   1.8736   1.9077   1.9398   1.9542   1.9697   1.9907
  2.0727   2.1071   2.1098   2.1214   2.1422   2.1468   2.1696   2.2047
  2.4692   2.4988   2.5647   2.6534   2.6881   2.7027   2.7361   2.7406
  2.7839   2.8451   2.8905   2.9385   3.0103   3.0433   3.0716   3.0959
  3.1188   3.1315   3.1501   3.1574   3.1699   3.2029   3.2364   3.2496
  3.2643   3.2798   3.2918   3.2950   3.3027   3.3045   3.3203   3.3326
  3.3358   3.3440   3.3567   3.3636   3.3847   3.3960   3.4124   3.4295
  3.5127   3.5575   3.5733   3.5880   3.7432   3.7718   3.7731   3.7865
  3.8124   3.8228   3.8711   3.8975   3.9280   3.9435   3.9636   3.9716
  3.9925   4.0003   4.0203   4.0350   4.0407   4.0578   4.0659   4.0794
  4.0924   4.1006   4.1195   4.1231   4.1374   4.1469   4.1631   4.2178
  4.4955   4.5578   4.5716   4.5799   4.6019   4.6194   4.6275   4.6811
  4.6953   4.8021   4.8190   4.8620   4.8738   5.0335   5.0815   5.1016
  5.1357   5.4790   5.5271   5.5347   5.5480   5.7274   5.7384   5.7561
  5.7940   5.9019   5.9519   6.0593   6.1051   6.2045   6.2139   6.3431
  6.3759   6.3793   6.3912   6.4309   6.4347   6.4479   6.4568   6.5110
  6.5203   6.5276   6.5348   6.5409   6.5833   6.6113   6.6426   6.6430
  6.6698   6.6992   6.7007   6.7103   6.7154   6.7475   6.8799   6.9040
  6.9175   6.9469   7.3027   7.3364   7.3458   7.3576   7.3730   7.4540
  7.4881   7.5508   7.6069   7.6809   7.7589   7.7624  44.1606  44.2013
 44.2619  44.3023
 --------------------------------------------------------------
 
          Ground-State Mulliken Net Atomic Charges

     Atom                 Charge (a.u.)
  ----------------------------------------
      1 Na                    0.962336
      2 O                    -0.402259
      3 H                     0.211536
      4 H                     0.210212
      5 O                    -0.351221
      6 H                     0.184538
      7 H                     0.153297
      8 O                    -0.396929
      9 H                     0.256455
     10 H                     0.166988
     11 O                    -0.357793
     12 H                     0.182479
     13 H                     0.180360
  ----------------------------------------
  Sum of atomic charges =     1.000000

 -----------------------------------------------------------------
                    Cartesian Multipole Moments
 -----------------------------------------------------------------
    Charge (ESU x 10^10)
                 4.8032
    Dipole Moment (Debye)
         X       0.3385      Y      -0.1585      Z       0.7854
       Tot       0.8698
    Quadrupole Moments (Debye-Ang)
        XX      -2.7935     XY      -4.1730     YY     -19.3285
        XZ      -0.8695     YZ      -4.8803     ZZ     -21.9491
    Octopole Moments (Debye-Ang^2)
       XXX       4.6439    XXY      23.9139    XYY      20.8565
       YYY     -31.2505    XXZ       6.8815    XYZ       4.3900
       YYZ       1.3531    XZZ      -1.5937    YZZ      -0.6064
       ZZZ       1.5965
    Hexadecapole Moments (Debye-Ang^3)
      XXXX    -274.2688   XXXY      31.2763   XXYY     -98.8997
      XYYY     -44.5721   YYYY    -385.8868   XXXZ      12.4332
      XXYZ      -7.2640   XYYZ     -12.1045   YYYZ     -34.1169
      XXZZ     -52.9652   XYZZ      -2.4277   YYZZ     -59.8888
      XZZZ      -1.5194   YZZZ      -6.0505   ZZZZ     -27.8875
 -----------------------------------------------------------------
 Total job time:  809.29s(wall), 1922.68s(cpu) 
 Thu Jan 11 15:21:57 2024

        *************************************************************
        *                                                           *
        *  Thank you very much for using Q-Chem.  Have a nice day.  *
        *                                                           *
        *************************************************************


