
Running Job 1 of 1 120_K-Water_Cls_085_almo.in
qchem 120_K-Water_Cls_085_almo.in_897761.0 /scratch/qchem897761/ 6
/home/kchung25/qchem/5.4.0/exe/qcprog.exe_s 120_K-Water_Cls_085_almo.in_897761.0 /scratch/qchem897761/
                  Welcome to Q-Chem
     A Quantum Leap Into The Future Of Chemistry


 Q-Chem 5.4, Q-Chem, Inc., Pleasanton, CA (2021)

 E. Epifanovsky,  A. T. B. Gilbert,  Xintian Feng,  Joonho Lee,  Yuezhi Mao,  
 N. Mardirossian,  P. Pokhilko,  A. White,  M. Wormit,  M. P. Coons,  
 A. L. Dempwolff,  Zhengting Gan,  D. Hait,  P. R. Horn,  L. D. Jacobson,  
 I. Kaliman,  J. Kussmann,  A. W. Lange,  Ka Un Lao,  D. S. Levine,  Jie Liu,  
 S. C. McKenzie,  A. F. Morrison,  K. Nanda,  F. Plasser,  D. R. Rehn,  
 M. L. Vidal,  Zhi-Qiang You,  Ying Zhu,  B. Alam,  B. Albrecht,  
 A. Aldossary,  E. Alguire,  J. H. Andersen,  D. Barton,  K. Begam,  A. Behn,  
 Y. A. Bernard,  E. J. Berquist,  H. Burton,  A. Carreras,  K. Carter-Fenk,  
 Romit Chakraborty,  A. D. Chien,  K. D. Closser,  V. Cofer-Shabica,  
 S. Dasgupta,  Jia Deng,  M. de Wergifosse,  M. Diedenhofen,  Hainam Do,  
 S. Ehlert,  Po-Tung Fang,  S. Fatehi,  Qingguo Feng,  T. Friedhoff,  
 J. Gayvert,  Qinghui Ge,  G. Gidofalvi,  M. Goldey,  J. Gomes,  
 C. Gonzalez-Espinoza,  S. Gulania,  A. Gunina,  M. W. D. Hanson-Heine,  
 P. H. P. Harbach,  A. W. Hauser,  M. F. Herbst,  M. Hernandez Vera,  
 M. Hodecker,  Z. C. Holden,  S. Houck,  Xunkun Huang,  Kerwin Hui,  
 B. C. Huynh,  M. Ivanov,  Hyunjun Ji,  Hanjie Jiang,  B. Kaduk,  S. Kaehler,  
 K. Khistyaev,  Jaehoon Kim,  P. Klunzinger,  Z. Koczor-Benda,  
 Joong Hoon Koh,  D. Kosenkov,  L. Koulias,  T. Kowalczyk,  C. M. Krauter,  
 K. Kue,  A. Kunitsa,  T. Kus,  A. Landau,  K. V. Lawler,  D. Lefrancois,  
 S. Lehtola,  Rain Li,  Yi-Pei Li,  Jiashu Liang,  M. Liebenthal,  
 Hung-Hsuan Lin,  You-Sheng Lin,  Fenglai Liu,  Kuan-Yu Liu,  
 M. Loipersberger,  A. Luenser,  A. Manjanath,  P. Manohar,  E. Mansoor,  
 S. F. Manzer,  Shan-Ping Mao,  A. V. Marenich,  T. Markovich,  S. Mason,  
 S. A. Maurer,  P. F. McLaughlin,  M. F. S. J. Menger,  J.-M. Mewes,  
 S. A. Mewes,  P. Morgante,  J. W. Mullinax,  K. J. Oosterbaan,  G. Paran,  
 Alexander C. Paul,  Suranjan K. Paul,  F. Pavosevic,  Zheng Pei,  S. Prager,  
 E. I. Proynov,  E. Ramos,  B. Rana,  A. E. Rask,  A. Rettig,  R. M. Richard,  
 F. Rob,  E. Rossomme,  T. Scheele,  M. Scheurer,  M. Schneider,  
 N. Sergueev,  S. M. Sharada,  W. Skomorowski,  D. W. Small,  C. J. Stein,  
 Yu-Chuan Su,  E. J. Sundstrom,  Zhen Tao,  J. Thirman,  T. Tsuchimochi,  
 N. M. Tubman,  S. P. Veccham,  O. Vydrov,  J. Wenzel,  J. Witte,  A. Yamada,  
 Kun Yao,  S. Yeganeh,  S. R. Yost,  A. Zech,  Igor Ying Zhang,  Xing Zhang,  
 Yu Zhang,  D. Zuev,  A. Aspuru-Guzik,  A. T. Bell,  N. A. Besley,  
 K. B. Bravaya,  B. R. Brooks,  D. Casanova,  Jeng-Da Chai,  S. Coriani,  
 C. J. Cramer,  A. E. DePrince, III,  R. A. DiStasio Jr.,  A. Dreuw,  
 B. D. Dunietz,  T. R. Furlani,  W. A. Goddard III,  S. Grimme,  
 S. Hammes-Schiffer,  T. Head-Gordon,  W. J. Hehre,  Chao-Ping Hsu,  
 T.-C. Jagau,  Yousung Jung,  A. Klamt,  Jing Kong,  D. S. Lambrecht,  
 WanZhen Liang,  N. J. Mayhall,  C. W. McCurdy,  J. B. Neaton,  T. Neudecker,  
 C. Ochsenfeld,  J. A. Parkhill,  R. Peverati,  V. A. Rassolov,  Yihan Shao,  
 L. V. Slipchenko,  R. P. Steele,  J. E. Subotnik,  A. J. W. Thom,  
 A. Tkatchenko,  D. G. Truhlar,  T. Van Voorhis,  T. A. Wesolowski,  
 K. B. Whaley,  H. L. Woodcock III,  P. M. Zimmerman,  S. Faraji,  
 P. M. W. Gill,  M. Head-Gordon,  J. M. Herbert,  A. I. Krylov

 Additional authors since Version 5.4.0: 
 Chandrima Chakravarty,  L. Cunha,  R. Kang,  Yongbin Kim,  S. Kotaru,  
 Shaozhi Li,  Xiangyuan Li,  F. Matz,  A. Molle,  V. Parravicini,  
 Haisheng Ren,  Hengyuan Shen,  Yingli Su,  Hung-Yi Tsai,  C. Utku,  
 Fang Wang,  Jeff Yang,  F. Zeller

 Contributors to earlier versions of Q-Chem not listed above: 
 R. D. Adamson,  B. Austin,  R. Baer,  J. Baker,  G. J. O. Beran,  
 K. Brandhorst,  S. T. Brown,  E. F. C. Byrd,  Arup K. Chakraborty,  
 G. K. L. Chan,  Chun-Min Chang,  Yunqing Chen,  C.-L. Cheng,  
 Siu Hung Chien,  D. M. Chipman,  D. L. Crittenden,  H. Dachsel,  
 R. J. Doerksen,  A. D. Dutoi,  R. G. Edgar,  J. Fosso-Tande,  
 L. Fusti-Molnar,  D. Ghosh,  A. Ghysels,  A. Golubeva-Zadorozhnaya,  
 J. Gonthier,  M. S. Gordon,  S. R. Gwaltney,  G. Hawkins,  J. E. Herr,  
 A. Heyden,  S. Hirata,  E. G. Hohenstein,  G. Kedziora,  F. J. Keil,  
 C. Kelley,  Jihan Kim,  R. A. King,  R. Z. Khaliullin,  P. P. Korambath,  
 W. Kurlancheek,  A. Laurent,  A. M. Lee,  M. S. Lee,  S. V. Levchenko,  
 Ching Yeh Lin,  D. Liotard,  E. Livshits,  R. C. Lochan,  I. Lotan,  
 L. A. Martinez-Martinez,  P. E. Maslen,  N. Nair,  D. P. O'Neill,  
 D. Neuhauser,  E. Neuscamman,  C. M. Oana,  R. Olivares-Amaya,  R. Olson,  
 T. M. Perrine,  B. Peters,  P. A. Pieniazek,  A. Prociuk,  Y. M. Rhee,  
 J. Ritchie,  M. A. Rohrdanz,  E. Rosta,  N. J. Russ,  H. F. Schaefer III,  
 M. W. Schmidt,  N. E. Schultz,  S. Sharma,  N. Shenvi,  C. D. Sherrill,  
 A. C. Simmonett,  A. Sodt,  T. Stein,  D. Stuck,  K. S. Thanthiriwatte,  
 V. Vanovschi,  L. Vogt,  Tao Wang,  A. Warshel,  M. A. Watson,  
 C. F. Williams,  Q. Wu,  X. Xu,  Jun Yang,  W. Zhang,  Yan Zhao

   Please cite Q-Chem as follows:
  "Software for the frontiers of quantum chemistry:
   An overview of developments in the Q-Chem 5 package"
   J. Chem. Phys. 155, 084801 (2021)
   https://doi.org/10.1063/5.0055522 (open access)

 Q-Chem 5.4.2 for Intel X86 EM64T Linux

 Parts of Q-Chem use Armadillo 9.900.5 (Nocturnal Misbehaviour).
 http://arma.sourceforge.net/

 Q-Chem begins on Sat Jan 13 21:02:29 2024  

 Host: 
0

     Scratch files written to /scratch/qchem897761//
 Dec1321 |scratch|qcdevops|jenkins|workspace|build_RNUM 5684   
 Processing $rem in /home/kchung25/qchem/5.4.0/config/preferences:
 Processing $rem in /home/kchung25/.qchemrc:

 Q-Chem warning in module libgen/rem_setup.C, line 3079:

 Neither GIA nor STOLL is specified by user. Use STOLL as the default


 Checking the input file for inconsistencies... 	...done.

--------------------------------------------------------------
User input:
--------------------------------------------------------------
$molecule
1 1
--
1 1
K      0.000000     0.000000     0.000000
--
0 1
O      0.614161    -2.662596    -1.000568
H     -0.113826    -3.251565    -1.198118
H      1.186112    -2.667876    -1.734079
O      0.729810     2.373837    -1.025151
H      1.167478     2.701220    -1.857432
H     -0.147525     2.842033    -0.995735
O     -1.008658     0.423253     2.460831
H     -0.735495    -0.358124     2.948601
H     -1.939879     0.354150     2.274018
O      2.850153    -0.237363     0.329338
H      3.197928    -1.122902     0.376841
H      3.494571     0.227443    -0.233883
O     -2.469746    -0.508728    -1.426203
H     -3.370408    -0.248234    -1.430514
H     -2.421727    -0.991925    -2.274776
$end

$rem
JOBTYPE          eda
EDA2             1
METHOD           wB97M-V
BASIS            def2-TZVPPD
SYMMETRY         false
MEM_TOTAL        50000
MEM_STATIC       10000
THRESH           14
SCF_CONVERGENCE  8
XC_GRID          000099000590
NL_GRID          1
EDA_CLS_DISP     true
FD_MAT_VEC_PROD  FALSE
$end
--------------------------------------------------------------
 ----------------------------------------------------------------
             Standard Nuclear Orientation (Angstroms)
    I     Atom           X                Y                Z
 ----------------------------------------------------------------
    1      K      -0.0555892333     0.1652235704     0.0862798493
    2      O       0.0822014692    -2.7385642132     0.2158087883
    3      H      -0.7344479586    -3.2268938219     0.3182463932
    4      H       0.5544982684    -3.1260013453    -0.4856343057
    5      O       0.8437169550     1.7903666212    -1.8550644672
    6      H       1.2147603445     1.6878517377    -2.7733465979
    7      H       0.0444919197     2.3725358410    -1.9651000988
    8      O      -0.6920627767     1.6795801947     2.2202547124
    9      H      -0.4644811476     1.1174423169     2.9654360474
   10      H      -1.6402162104     1.6999640926     2.1340199438
   11      O       2.7587018062    -0.3981910279     0.3110169636
   12      H       2.9923245073    -1.2392689147     0.6923196362
   13      H       3.3839007312    -0.3057477231    -0.4300077396
   14      O      -2.7262842406    -0.4392395237    -0.8595092529
   15      H      -3.5794301238    -0.0543207995    -0.9147127368
   16      H      -2.8453906030    -1.2164256295    -1.4405916334
 ----------------------------------------------------------------
 Molecular Point Group                 C1    NOp =  1
 Largest Abelian Subgroup              C1    NOp =  1
 Nuclear Repulsion Energy =         338.11011783 hartrees
 There are       34 alpha and       34 beta electrons
 Requested basis set is def2-TZVPPD
 There are 154 shells and 406 basis functions

 Q-Chem warning in module libmdc/get_mega.C, line 171:

 Allowed MEM_STATIC has been capped at MEM_STATIC=8191.
 Reduce the value of MEM_STATIC to silence this warning.


 Total QAlloc Memory Limit  50000 MB
 Mega-Array Size      8007 MB
 MEM_STATIC part      8191 MB
 A cutoff of  1.0D-14 yielded   9942 shell pairs
 There are     66636 function pairs (     80077 Cartesian)
 Smallest overlap matrix eigenvalue = 9.45E-05

 Scale SEOQF with 1.000000e-01/1.000000e-01/1.000000e-01

 Standard Electronic Orientation quadrupole field applied
 Nucleus-field energy     =     0.0000000058 hartrees

 -----------------------------------------------------------------------
  General SCF calculation program by
  Eric Jon Sundstrom, Paul Horn, Yuezhi Mao, Dmitri Zuev, Alec White,
  David Stuck, Shaama M.S., Shane Yost, Joonho Lee, David Small,
  Daniel Levine, Susi Lehtola, Hugh Burton, Evgeny Epifanovsky,
  Bang C. Huynh
 -----------------------------------------------------------------------
================================================================
                 ALMO-EDA with the EDA2 driver                  
================================================================
 The second-generation ALMO-EDA (for DFT):                      
 P. R. Horn, Y. Mao and M. Head-Gordon, PCCP, 18, 23067 (2016)  
 Y. Mao et al. Annu. Rev. Phys. Chem. 72, 641 (2021)            
 Decomposition of the frozen energy:                            
 P. R. Horn, Y. Mao and M. Head-Gordon, JCP, 144, 114107 (2016) 
 FERF model for polarization:                                   
 P. R. Horn and M. Head-Gordon, JCP, 143, 114111 (2015)         
================================================================
 Using eda2 option set 1
 Option set summary: Frozen orbital wavefunction, initial wavefunction decomposition, and nDQ polarization.
--------------------------------
Printing EDA Options
--------------------------------
eda_child_super_basis      0
fragmo_guess_mode          0
child_mp                   1
child_mp_orders            232
cls_elec                   1
cls_disp                   1
scfmi_mode                 1
scfmi_occs                 0
scfmi_virts                0
frz_relax                  0
frz_relax_method           0
dc_pen_start               0
dc_pen_conv                0
dc_pen_increment           0
dc_pen_steps               0
dc_pen_thresh_factor       0
dc_pen_pre_newton_thresh   0
frz_ortho_decomp           1
frz_ortho_decomp_conv      6
plot_mo_ortho_frz          0
frgm_method                2
scfmi_freeze_ss            0
separate_rehyb             0
plot_diff_den              0
eda_nocv                   0
eda_vct_relax              1
disp_free_x                0
disp_free_c                0
eda_bsse                   0
eda_pct_a                  0
eda_covp                   0
--------------------------------
Attempting to make child job directory: /scratch/qchem897761//Frg1/
Attempting to make child job directory: /scratch/qchem897761//Frg2/
Creating input file /scratch/qchem897761/Frg1.input
using default PutDataFrgm: nothing
calling putenv with: QCSCRATCH=/scratch/qchem897761/ 
Spawning Job For Fragment 0
Done Job For Fragment 0
calling putenv with: QCSCRATCH=/scratch 
calling putenv with: QCTHREADS=6 
Creating input file /scratch/qchem897761/Frg2.input
using default PutDataFrgm: nothing
calling putenv with: QCSCRATCH=/scratch/qchem897761/ 
Spawning Job For Fragment 1
Done Job For Fragment 1
calling putenv with: QCSCRATCH=/scratch 
calling putenv with: QCTHREADS=6 
Doing General SCFMI
 Exchange:     0.1500 Hartree-Fock + 1.0000 wB97M-V + LR-HF
 Correlation:  1.0000 wB97M-V
 Using Euler-Maclaurin-Lebedev (99,590) quadrature formula
 Nonlocal Correlation:  VV10 with C = 0.0100 and b = 6.00 and scale = 1.00000
 Grid used for NLC:  SG-1 standard quadrature
performing fock build before subrot guess so that all methods have access
Printing subrot_rss_gen Method Specification:
Occupied Subspace Method is 0
Virtual Subspace Method is 0
Energy of the unrelaxed supersystem initial determinant -981.970211932780
write pseudocanon occs and virts to disk
write pseudocanon orbital energies to disk
Tolerance of ortho_decomp_scf: 1.00e-06
GDM subspace size: 20
Beginning the Orthogonal Decomposition of the Initial Supersystem Wavefunction
    1    -981.7954316779      2.45e-01     ortho_decomp Preconditoned Steepest Descent
    2    -981.8227906421      2.37e-03     ortho_decomp BFGS Step
    3    -981.8228038086      1.06e-04     ortho_decomp BFGS Step
    4    -981.8228038393      4.18e-06     ortho_decomp BFGS Step
    5    -981.8228038393      7.66e-08     ortho_decomp 00000 Convergence criterion met
 Hartree-Fock
 Hartree-Fock
 Hartree-Fock
 Exchange:     0.1500 Hartree-Fock + 1.0000 wB97M-V + LR-HF
 Correlation:  1.0000 wB97M-V
 Using Euler-Maclaurin-Lebedev (99,590) quadrature formula
 Nonlocal Correlation:  VV10 with C = 0.0100 and b = 6.00 and scale = 1.00000
 Grid used for NLC:  SG-1 standard quadrature
 Long-range K will be added via erf
 Coulomb attenuation parameter = 0.3 bohr**(-1)
 Nonlocal correlation = 2.852148591826e-01
Doing General SCFMI
 Exchange:     0.1500 Hartree-Fock + 1.0000 wB97M-V + LR-HF
 Correlation:  1.0000 wB97M-V
 Using Euler-Maclaurin-Lebedev (99,590) quadrature formula
 Nonlocal Correlation:  VV10 with C = 0.0100 and b = 6.00 and scale = 1.00000
 Grid used for NLC:  SG-1 standard quadrature
performing fock build at end of subrot_r(subrot) constructor so that all methods have access
<S^2> of initial wavefunction before polarization iterations 0.0000000000
Beginning iterations for the determination of the polarized wavefunction
Energy prior to optimization (guess energy) = -981.970211932780
Begin Timing: Total SCF Calculation
begin iterations for algorithm: DIIS         
the SCF tolerance is set to 1.00e-08
    1    -981.9702119328      6.87e-04     00000 
    2    -981.9914414982      2.84e-04     00000 
    3    -981.9929763901      1.43e-04     00000 
    4    -981.9933994725      3.81e-05     00000 
    5    -981.9934677770      1.06e-05     00000 
    6    -981.9934779396      3.80e-06     00000 
    7    -981.9934787374      2.11e-06     00000 
    8    -981.9934789417      3.38e-07     00000 
    9    -981.9934789507      1.13e-07     00000 
   10    -981.9934789515      3.45e-08     00000 
   11    -981.9934789515      1.71e-08     00000 
   12    -981.9934789515      3.47e-09     00000 Convergence criterion met
write pseudocanon occs and virts to disk
write pseudocanon orbital energies to disk
Timing for Total SCF: 163.00s (wall), 977.83s (cpu)
<S^2> of polarized wavefunction after polarization iterations 0.0000000000
relaxing scfmi constraint to allow all rotations in the entire AO span
Doing General SCFMI
 Exchange:     0.1500 Hartree-Fock + 1.0000 wB97M-V + LR-HF
 Correlation:  1.0000 wB97M-V
 Using Euler-Maclaurin-Lebedev (99,590) quadrature formula
 Nonlocal Correlation:  VV10 with C = 0.0100 and b = 6.00 and scale = 1.00000
 Grid used for NLC:  SG-1 standard quadrature
performing fock build at end of subrot_r(subrot) constructor so that all methods have access
<S^2> of polarized wavefunction before ct-allowed iterations 0.0000000000
Beginning iterations for the determination of the CT-Allowed wavefunction
Energy prior to optimization (guess energy) = -981.993478951532
Begin Timing: Total SCF Calculation
begin iterations for algorithm: DIIS         
the SCF tolerance is set to 1.00e-08
    1    -981.9934789515      2.54e-04     00000 
    2    -981.9966404421      2.19e-05     00000 
    3    -981.9967272368      5.18e-06     00000 
    4    -981.9967294031      4.70e-06     00000 
    5    -981.9967305675      2.43e-07     00000 
    6    -981.9967305743      8.00e-08     00000 
    7    -981.9967305748      3.93e-08     00000 
    8    -981.9967305749      7.11e-09     00000 Convergence criterion met
write pseudocanon occs and virts to disk
write pseudocanon orbital energies to disk
Timing for Total SCF: 103.00s (wall), 619.37s (cpu)
<S^2> of ct_allowed wavefunction after ct-allowed iterations 0.0000000000

================================
        Results of EDA2         
================================
Basic EDA Quantities
--------------------
Fragment Energies (Ha):
1 -599.7243958034
2 -382.1689510120
--------------------
  E_prp (kJ/mol) = 0.0000
  E_frz (kJ/mol) = -201.8118
  E_pol (kJ/mol) = -61.0883
  E_vct (kJ/mol) = -8.5372
  E_int (kJ/mol) = -271.4373
--------------------


Decomposition of frozen interaction energy
--------------------
  --------------------
  Orthogonal Frozen Decomposition:
  --------------------
     E_elec   (ELEC)   (kJ/mol) = -331.1202
     E_pauli  (PAULI)  (kJ/mol) = 154.6901
     E_disp   (DISP)   (kJ/mol) = -25.3817
  --------------------
  Classical Frozen Decomposition:
  --------------------
     E_cls_elec  (CLS ELEC)  (kJ/mol) = -274.3005
     E_mod_pauli (MOD PAULI) (kJ/mol) = 95.3116 (FRZ - CLS ELEC - CLS DISP)
     E_cls_disp  (CLS DISP)  (kJ/mol) = -22.8229
  --------------------
--------------------

Simplified EDA Summary (kJ/mol)
--------------------
 PREPARATION      0.0000
 FROZEN           -201.8118 (ELEC + PAULI + DISP)
[ELEC + PAULI = -178.9889, DISP = -22.8229]
 POLARIZATION    -61.0883
 CHARGE TRANSFER -8.5372
 TOTAL           -271.4373     (PRP + FRZ + POL + CT)
--------------------
 
 --------------------------------------------------------------
 
                    Orbital Energies (a.u.)
 --------------------------------------------------------------
 
 Alpha MOs
 -- Occupied --
******** -19.4881 -19.4856 -19.4796 -19.4792 -19.4701 -13.4954 -10.7737
-10.7735 -10.7735  -1.5939  -1.2973  -1.2945  -1.2881  -1.2748  -1.2735
 -0.9449  -0.9438  -0.9427  -0.7989  -0.7943  -0.7842  -0.7727  -0.7687
 -0.6703  -0.6529  -0.6494  -0.6441  -0.6427  -0.5815  -0.5775  -0.5757
 -0.5718  -0.5621
 -- Virtual --
 -0.1192  -0.0949  -0.0915  -0.0875  -0.0553  -0.0460  -0.0429  -0.0381
 -0.0338  -0.0182  -0.0125  -0.0102  -0.0062  -0.0018   0.0022   0.0036
  0.0078   0.0106   0.0180   0.0313   0.0401   0.0468   0.0478   0.0562
  0.0606   0.0614   0.0697   0.0719   0.0804   0.0979   0.1018   0.1038
  0.1096   0.1235   0.1270   0.1327   0.1372   0.1455   0.1512   0.1543
  0.1681   0.1737   0.1744   0.1840   0.1881   0.1952   0.1986   0.2024
  0.2073   0.2104   0.2116   0.2171   0.2243   0.2265   0.2313   0.2357
  0.2393   0.2434   0.2463   0.2522   0.2538   0.2613   0.2670   0.2709
  0.2748   0.2782   0.2860   0.2881   0.2982   0.3005   0.3021   0.3109
  0.3152   0.3197   0.3281   0.3315   0.3443   0.3508   0.3537   0.3564
  0.3727   0.3816   0.3913   0.3979   0.4068   0.4210   0.4359   0.4462
  0.4493   0.4619   0.4661   0.4693   0.4792   0.4886   0.4950   0.5016
  0.5079   0.5271   0.5364   0.5452   0.5617   0.5808   0.6009   0.6104
  0.6252   0.6357   0.6480   0.6518   0.6631   0.6701   0.6812   0.6943
  0.6986   0.7031   0.7257   0.7417   0.7429   0.7567   0.7640   0.7767
  0.7814   0.7988   0.8091   0.8484   0.8624   0.8847   0.9044   0.9150
  0.9240   0.9359   0.9435   0.9608   0.9700   0.9891   0.9932   1.0205
  1.0291   1.0383   1.0407   1.0449   1.0587   1.0636   1.0783   1.0811
  1.0829   1.0962   1.1070   1.1247   1.1319   1.1442   1.1510   1.1575
  1.1697   1.2101   1.2162   1.2382   1.2523   1.2679   1.2808   1.2893
  1.3013   1.3097   1.3313   1.3436   1.3449   1.3503   1.3723   1.3802
  1.4080   1.4670   1.4742   1.5049   1.8265   1.8387   1.8449   1.8577
  1.8636   1.8733   1.8770   1.8786   1.8829   1.8908   1.9537   1.9665
  1.9697   1.9884   1.9953   2.0700   2.0790   2.0873   2.1097   2.1121
  2.1456   2.1589   2.1749   2.1840   2.2025   2.4998   2.5127   2.5442
  2.5667   2.6165   2.6577   2.6857   2.7037   2.7154   2.7419   2.7800
  2.8162   2.8513   2.8646   2.8909   3.0131   3.0466   3.0529   3.0724
  3.0834   3.0961   3.1028   3.1286   3.1364   3.1430   3.1542   3.1576
  3.1626   3.1656   3.1977   3.2566   3.2772   3.2874   3.2941   3.2970
  3.3036   3.3181   3.3205   3.3241   3.3267   3.3468   3.3611   3.3693
  3.3779   3.3820   3.3904   3.3925   3.4112   3.4122   3.4574   3.5295
  3.5702   3.5873   3.6013   3.6180   3.7537   3.7662   3.8022   3.8063
  3.8212   3.8329   3.8367   3.8477   3.8692   3.8917   3.9099   3.9243
  3.9359   3.9545   3.9657   3.9682   3.9776   4.0000   4.0079   4.0104
  4.0253   4.0474   4.0654   4.0816   4.0893   4.0939   4.1109   4.1230
  4.1283   4.1354   4.1570   4.1640   4.1694   4.1868   4.2000   4.5534
  4.5684   4.6033   4.6154   4.6297   4.6418   4.6434   4.6814   4.6917
  4.7200   4.8236   4.8344   4.8611   4.9044   4.9240   5.0090   5.0727
  5.1202   5.1396   5.1477   5.5024   5.5569   5.5790   5.5822   5.5890
  6.0143   6.0807   6.1560   6.1763   6.2373   6.2911   6.3586   6.3730
  6.4012   6.4428   6.4532   6.4568   6.4577   6.4743   6.4782   6.4878
  6.5085   6.5242   6.5367   6.5422   6.5479   6.5517   6.5612   6.6085
  6.6111   6.6533   6.6557   6.6660   6.6746   6.6786   6.7047   6.7409
  6.7587   6.7615   6.7753   6.8809   6.8902   6.9260   6.9745   6.9847
  7.3083   7.3756   7.3854   7.4011   7.4078   7.4245   7.4616   7.5354
  7.5572   7.5870   7.6426   7.6843   7.7069   7.7613   7.8169  44.1008
 44.1740  44.2121  44.2451  44.2761
 --------------------------------------------------------------
 
          Ground-State Mulliken Net Atomic Charges

     Atom                 Charge (a.u.)
  ----------------------------------------
      1 K                     0.955817
      2 O                    -0.270714
      3 H                     0.143716
      4 H                     0.143714
      5 O                    -0.406769
      6 H                     0.187497
      7 H                     0.212441
      8 O                    -0.400344
      9 H                     0.205756
     10 H                     0.201188
     11 O                    -0.319615
     12 H                     0.161115
     13 H                     0.173498
     14 O                    -0.278155
     15 H                     0.115065
     16 H                     0.175789
  ----------------------------------------
  Sum of atomic charges =     1.000000

 -----------------------------------------------------------------
                    Cartesian Multipole Moments
 -----------------------------------------------------------------
    Charge (ESU x 10^10)
                 4.8032
    Dipole Moment (Debye)
         X      -2.7035      Y      -2.5974      Z      -2.7716
       Tot       4.6623
    Quadrupole Moments (Debye-Ang)
        XX     -15.3738     XY      -4.1928     YY     -26.8880
        XZ      -2.7781     YZ      -1.6052     ZZ     -24.1559
    Octopole Moments (Debye-Ang^2)
       XXX     -19.5800    XXY     -19.9743    XYY     -13.5112
       YYY     -43.6772    XXZ     -23.8412    XYZ     -12.0075
       YYZ     -27.4032    XZZ      -4.1185    YZZ      15.6373
       ZZZ      -5.1561
    Hexadecapole Moments (Debye-Ang^3)
      XXXX    -321.6262   XXXY     -48.1351   XXYY    -164.2397
      XYYY       3.9024   YYYY    -438.9292   XXXZ      27.4805
      XXYZ      16.1012   XYYZ      -3.1853   YYYZ     -16.5609
      XXZZ    -130.0678   XYZZ      10.3840   YYZZ    -137.3244
      XZZZ     -44.0856   YZZZ     -34.1992   ZZZZ    -251.1739
 -----------------------------------------------------------------
 Total job time:  1322.84s(wall), 3071.31s(cpu) 
 Sat Jan 13 21:24:32 2024

        *************************************************************
        *                                                           *
        *  Thank you very much for using Q-Chem.  Have a nice day.  *
        *                                                           *
        *************************************************************


