
Running Job 1 of 1 120_K-Water_Cls_073_almo.in
qchem 120_K-Water_Cls_073_almo.in_887721.0 /scratch/qchem887721/ 6
/home/kchung25/qchem/5.4.0/exe/qcprog.exe_s 120_K-Water_Cls_073_almo.in_887721.0 /scratch/qchem887721/
                  Welcome to Q-Chem
     A Quantum Leap Into The Future Of Chemistry


 Q-Chem 5.4, Q-Chem, Inc., Pleasanton, CA (2021)

 E. Epifanovsky,  A. T. B. Gilbert,  Xintian Feng,  Joonho Lee,  Yuezhi Mao,  
 N. Mardirossian,  P. Pokhilko,  A. White,  M. Wormit,  M. P. Coons,  
 A. L. Dempwolff,  Zhengting Gan,  D. Hait,  P. R. Horn,  L. D. Jacobson,  
 I. Kaliman,  J. Kussmann,  A. W. Lange,  Ka Un Lao,  D. S. Levine,  Jie Liu,  
 S. C. McKenzie,  A. F. Morrison,  K. Nanda,  F. Plasser,  D. R. Rehn,  
 M. L. Vidal,  Zhi-Qiang You,  Ying Zhu,  B. Alam,  B. Albrecht,  
 A. Aldossary,  E. Alguire,  J. H. Andersen,  D. Barton,  K. Begam,  A. Behn,  
 Y. A. Bernard,  E. J. Berquist,  H. Burton,  A. Carreras,  K. Carter-Fenk,  
 Romit Chakraborty,  A. D. Chien,  K. D. Closser,  V. Cofer-Shabica,  
 S. Dasgupta,  Jia Deng,  M. de Wergifosse,  M. Diedenhofen,  Hainam Do,  
 S. Ehlert,  Po-Tung Fang,  S. Fatehi,  Qingguo Feng,  T. Friedhoff,  
 J. Gayvert,  Qinghui Ge,  G. Gidofalvi,  M. Goldey,  J. Gomes,  
 C. Gonzalez-Espinoza,  S. Gulania,  A. Gunina,  M. W. D. Hanson-Heine,  
 P. H. P. Harbach,  A. W. Hauser,  M. F. Herbst,  M. Hernandez Vera,  
 M. Hodecker,  Z. C. Holden,  S. Houck,  Xunkun Huang,  Kerwin Hui,  
 B. C. Huynh,  M. Ivanov,  Hyunjun Ji,  Hanjie Jiang,  B. Kaduk,  S. Kaehler,  
 K. Khistyaev,  Jaehoon Kim,  P. Klunzinger,  Z. Koczor-Benda,  
 Joong Hoon Koh,  D. Kosenkov,  L. Koulias,  T. Kowalczyk,  C. M. Krauter,  
 K. Kue,  A. Kunitsa,  T. Kus,  A. Landau,  K. V. Lawler,  D. Lefrancois,  
 S. Lehtola,  Rain Li,  Yi-Pei Li,  Jiashu Liang,  M. Liebenthal,  
 Hung-Hsuan Lin,  You-Sheng Lin,  Fenglai Liu,  Kuan-Yu Liu,  
 M. Loipersberger,  A. Luenser,  A. Manjanath,  P. Manohar,  E. Mansoor,  
 S. F. Manzer,  Shan-Ping Mao,  A. V. Marenich,  T. Markovich,  S. Mason,  
 S. A. Maurer,  P. F. McLaughlin,  M. F. S. J. Menger,  J.-M. Mewes,  
 S. A. Mewes,  P. Morgante,  J. W. Mullinax,  K. J. Oosterbaan,  G. Paran,  
 Alexander C. Paul,  Suranjan K. Paul,  F. Pavosevic,  Zheng Pei,  S. Prager,  
 E. I. Proynov,  E. Ramos,  B. Rana,  A. E. Rask,  A. Rettig,  R. M. Richard,  
 F. Rob,  E. Rossomme,  T. Scheele,  M. Scheurer,  M. Schneider,  
 N. Sergueev,  S. M. Sharada,  W. Skomorowski,  D. W. Small,  C. J. Stein,  
 Yu-Chuan Su,  E. J. Sundstrom,  Zhen Tao,  J. Thirman,  T. Tsuchimochi,  
 N. M. Tubman,  S. P. Veccham,  O. Vydrov,  J. Wenzel,  J. Witte,  A. Yamada,  
 Kun Yao,  S. Yeganeh,  S. R. Yost,  A. Zech,  Igor Ying Zhang,  Xing Zhang,  
 Yu Zhang,  D. Zuev,  A. Aspuru-Guzik,  A. T. Bell,  N. A. Besley,  
 K. B. Bravaya,  B. R. Brooks,  D. Casanova,  Jeng-Da Chai,  S. Coriani,  
 C. J. Cramer,  A. E. DePrince, III,  R. A. DiStasio Jr.,  A. Dreuw,  
 B. D. Dunietz,  T. R. Furlani,  W. A. Goddard III,  S. Grimme,  
 S. Hammes-Schiffer,  T. Head-Gordon,  W. J. Hehre,  Chao-Ping Hsu,  
 T.-C. Jagau,  Yousung Jung,  A. Klamt,  Jing Kong,  D. S. Lambrecht,  
 WanZhen Liang,  N. J. Mayhall,  C. W. McCurdy,  J. B. Neaton,  T. Neudecker,  
 C. Ochsenfeld,  J. A. Parkhill,  R. Peverati,  V. A. Rassolov,  Yihan Shao,  
 L. V. Slipchenko,  R. P. Steele,  J. E. Subotnik,  A. J. W. Thom,  
 A. Tkatchenko,  D. G. Truhlar,  T. Van Voorhis,  T. A. Wesolowski,  
 K. B. Whaley,  H. L. Woodcock III,  P. M. Zimmerman,  S. Faraji,  
 P. M. W. Gill,  M. Head-Gordon,  J. M. Herbert,  A. I. Krylov

 Additional authors since Version 5.4.0: 
 Chandrima Chakravarty,  L. Cunha,  R. Kang,  Yongbin Kim,  S. Kotaru,  
 Shaozhi Li,  Xiangyuan Li,  F. Matz,  A. Molle,  V. Parravicini,  
 Haisheng Ren,  Hengyuan Shen,  Yingli Su,  Hung-Yi Tsai,  C. Utku,  
 Fang Wang,  Jeff Yang,  F. Zeller

 Contributors to earlier versions of Q-Chem not listed above: 
 R. D. Adamson,  B. Austin,  R. Baer,  J. Baker,  G. J. O. Beran,  
 K. Brandhorst,  S. T. Brown,  E. F. C. Byrd,  Arup K. Chakraborty,  
 G. K. L. Chan,  Chun-Min Chang,  Yunqing Chen,  C.-L. Cheng,  
 Siu Hung Chien,  D. M. Chipman,  D. L. Crittenden,  H. Dachsel,  
 R. J. Doerksen,  A. D. Dutoi,  R. G. Edgar,  J. Fosso-Tande,  
 L. Fusti-Molnar,  D. Ghosh,  A. Ghysels,  A. Golubeva-Zadorozhnaya,  
 J. Gonthier,  M. S. Gordon,  S. R. Gwaltney,  G. Hawkins,  J. E. Herr,  
 A. Heyden,  S. Hirata,  E. G. Hohenstein,  G. Kedziora,  F. J. Keil,  
 C. Kelley,  Jihan Kim,  R. A. King,  R. Z. Khaliullin,  P. P. Korambath,  
 W. Kurlancheek,  A. Laurent,  A. M. Lee,  M. S. Lee,  S. V. Levchenko,  
 Ching Yeh Lin,  D. Liotard,  E. Livshits,  R. C. Lochan,  I. Lotan,  
 L. A. Martinez-Martinez,  P. E. Maslen,  N. Nair,  D. P. O'Neill,  
 D. Neuhauser,  E. Neuscamman,  C. M. Oana,  R. Olivares-Amaya,  R. Olson,  
 T. M. Perrine,  B. Peters,  P. A. Pieniazek,  A. Prociuk,  Y. M. Rhee,  
 J. Ritchie,  M. A. Rohrdanz,  E. Rosta,  N. J. Russ,  H. F. Schaefer III,  
 M. W. Schmidt,  N. E. Schultz,  S. Sharma,  N. Shenvi,  C. D. Sherrill,  
 A. C. Simmonett,  A. Sodt,  T. Stein,  D. Stuck,  K. S. Thanthiriwatte,  
 V. Vanovschi,  L. Vogt,  Tao Wang,  A. Warshel,  M. A. Watson,  
 C. F. Williams,  Q. Wu,  X. Xu,  Jun Yang,  W. Zhang,  Yan Zhao

   Please cite Q-Chem as follows:
  "Software for the frontiers of quantum chemistry:
   An overview of developments in the Q-Chem 5 package"
   J. Chem. Phys. 155, 084801 (2021)
   https://doi.org/10.1063/5.0055522 (open access)

 Q-Chem 5.4.2 for Intel X86 EM64T Linux

 Parts of Q-Chem use Armadillo 9.900.5 (Nocturnal Misbehaviour).
 http://arma.sourceforge.net/

 Q-Chem begins on Sat Jan 13 15:56:26 2024  

 Host: 
0

     Scratch files written to /scratch/qchem887721//
 Dec1321 |scratch|qcdevops|jenkins|workspace|build_RNUM 5684   
 Processing $rem in /home/kchung25/qchem/5.4.0/config/preferences:
 Processing $rem in /home/kchung25/.qchemrc:

 Q-Chem warning in module libgen/rem_setup.C, line 3079:

 Neither GIA nor STOLL is specified by user. Use STOLL as the default


 Checking the input file for inconsistencies... 	...done.

--------------------------------------------------------------
User input:
--------------------------------------------------------------
$molecule
1 1
--
1 1
K      0.000000     0.000000     0.000000
--
0 1
O      1.071555     0.954094    -2.190576
H      0.988044     0.627626    -3.082246
H      2.033843     1.175330    -2.123700
O      0.274950    -2.378870     1.386517
H      1.061758    -2.885643     1.678485
H     -0.286488    -2.176641     2.185497
O     -2.600308    -0.631598     1.158703
H     -3.127240     0.272988     1.162722
H     -3.320091    -1.304406     1.282020
O      1.663337     0.245190     1.974484
H      1.864456    -0.680749     1.983483
H      0.980603     0.492300     2.612029
O     -1.135864     2.411578    -0.478100
H     -1.659332     3.079461    -0.022507
H     -0.274050     2.843524    -0.678120
$end

$rem
JOBTYPE          eda
EDA2             1
METHOD           wB97M-V
BASIS            def2-TZVPPD
SYMMETRY         false
MEM_TOTAL        50000
MEM_STATIC       10000
THRESH           14
SCF_CONVERGENCE  8
XC_GRID          000099000590
NL_GRID          1
EDA_CLS_DISP     true
FD_MAT_VEC_PROD  FALSE
$end
--------------------------------------------------------------
 ----------------------------------------------------------------
             Standard Nuclear Orientation (Angstroms)
    I     Atom           X                Y                Z
 ----------------------------------------------------------------
    1      K       0.1418067214     0.1454810115     0.2475598257
    2      O       2.4307333705     1.1732096057     0.9970512680
    3      H       2.8009737303     1.2193502615     1.8742194087
    4      H       2.6298404094     2.0679781258     0.6240075112
    5      O      -2.5014868068     0.7669360782     0.7803283444
    6      H      -2.9974540181     1.6124036839     0.7621055980
    7      H      -2.9549405255     0.1200281851     0.1717495579
    8      O      -1.3413430127    -2.3643858307     0.3103744034
    9      H      -0.7389997098    -3.0531954288    -0.1982248488
   10      H      -1.9750963265    -2.9495334261     0.8022323946
   11      O      -0.8908246616     1.5816660096    -1.6488684635
   12      H      -1.5464977209     1.9546760512    -1.0754147042
   13      H      -1.2117443302     0.8193252718    -2.1483680727
   14      O       2.1075832364    -1.3916967963    -0.8047149327
   15      H       2.2291945260    -2.0651122423    -1.4824861047
   16      H       2.6330992539    -0.6158922333    -1.1068223858
 ----------------------------------------------------------------
 Molecular Point Group                 C1    NOp =  1
 Largest Abelian Subgroup              C1    NOp =  1
 Nuclear Repulsion Energy =         352.36829589 hartrees
 There are       34 alpha and       34 beta electrons
 Requested basis set is def2-TZVPPD
 There are 154 shells and 406 basis functions

 Q-Chem warning in module libmdc/get_mega.C, line 171:

 Allowed MEM_STATIC has been capped at MEM_STATIC=8191.
 Reduce the value of MEM_STATIC to silence this warning.


 Total QAlloc Memory Limit  50000 MB
 Mega-Array Size      8007 MB
 MEM_STATIC part      8191 MB
 A cutoff of  1.0D-14 yielded  10120 shell pairs
 There are     68378 function pairs (     82402 Cartesian)
 Smallest overlap matrix eigenvalue = 7.89E-05

 Scale SEOQF with 1.000000e-01/1.000000e-01/1.000000e-01

 Standard Electronic Orientation quadrupole field applied
 Nucleus-field energy     =     0.0000000108 hartrees

 -----------------------------------------------------------------------
  General SCF calculation program by
  Eric Jon Sundstrom, Paul Horn, Yuezhi Mao, Dmitri Zuev, Alec White,
  David Stuck, Shaama M.S., Shane Yost, Joonho Lee, David Small,
  Daniel Levine, Susi Lehtola, Hugh Burton, Evgeny Epifanovsky,
  Bang C. Huynh
 -----------------------------------------------------------------------
================================================================
                 ALMO-EDA with the EDA2 driver                  
================================================================
 The second-generation ALMO-EDA (for DFT):                      
 P. R. Horn, Y. Mao and M. Head-Gordon, PCCP, 18, 23067 (2016)  
 Y. Mao et al. Annu. Rev. Phys. Chem. 72, 641 (2021)            
 Decomposition of the frozen energy:                            
 P. R. Horn, Y. Mao and M. Head-Gordon, JCP, 144, 114107 (2016) 
 FERF model for polarization:                                   
 P. R. Horn and M. Head-Gordon, JCP, 143, 114111 (2015)         
================================================================
 Using eda2 option set 1
 Option set summary: Frozen orbital wavefunction, initial wavefunction decomposition, and nDQ polarization.
--------------------------------
Printing EDA Options
--------------------------------
eda_child_super_basis      0
fragmo_guess_mode          0
child_mp                   1
child_mp_orders            232
cls_elec                   1
cls_disp                   1
scfmi_mode                 1
scfmi_occs                 0
scfmi_virts                0
frz_relax                  0
frz_relax_method           0
dc_pen_start               0
dc_pen_conv                0
dc_pen_increment           0
dc_pen_steps               0
dc_pen_thresh_factor       0
dc_pen_pre_newton_thresh   0
frz_ortho_decomp           1
frz_ortho_decomp_conv      6
plot_mo_ortho_frz          0
frgm_method                2
scfmi_freeze_ss            0
separate_rehyb             0
plot_diff_den              0
eda_nocv                   0
eda_vct_relax              1
disp_free_x                0
disp_free_c                0
eda_bsse                   0
eda_pct_a                  0
eda_covp                   0
--------------------------------
Attempting to make child job directory: /scratch/qchem887721//Frg1/
Attempting to make child job directory: /scratch/qchem887721//Frg2/
Creating input file /scratch/qchem887721/Frg1.input
using default PutDataFrgm: nothing
calling putenv with: QCSCRATCH=/scratch/qchem887721/ 
Spawning Job For Fragment 0
Done Job For Fragment 0
calling putenv with: QCSCRATCH=/scratch 
calling putenv with: QCTHREADS=6 
Creating input file /scratch/qchem887721/Frg2.input
using default PutDataFrgm: nothing
calling putenv with: QCSCRATCH=/scratch/qchem887721/ 
Spawning Job For Fragment 1
Done Job For Fragment 1
calling putenv with: QCSCRATCH=/scratch 
calling putenv with: QCTHREADS=6 
Doing General SCFMI
 Exchange:     0.1500 Hartree-Fock + 1.0000 wB97M-V + LR-HF
 Correlation:  1.0000 wB97M-V
 Using Euler-Maclaurin-Lebedev (99,590) quadrature formula
 Nonlocal Correlation:  VV10 with C = 0.0100 and b = 6.00 and scale = 1.00000
 Grid used for NLC:  SG-1 standard quadrature
performing fock build before subrot guess so that all methods have access
Printing subrot_rss_gen Method Specification:
Occupied Subspace Method is 0
Virtual Subspace Method is 0
Energy of the unrelaxed supersystem initial determinant -981.955993795505
write pseudocanon occs and virts to disk
write pseudocanon orbital energies to disk
Tolerance of ortho_decomp_scf: 1.00e-06
GDM subspace size: 20
Beginning the Orthogonal Decomposition of the Initial Supersystem Wavefunction
    1    -981.7580023634      2.88e-01     ortho_decomp Preconditoned Steepest Descent
    2    -981.7957790415      2.86e-03     ortho_decomp BFGS Step
    3    -981.7957982832      1.31e-04     ortho_decomp BFGS Step
    4    -981.7957983295      5.46e-06     ortho_decomp BFGS Step
    5    -981.7957983295      1.23e-07     ortho_decomp 00000 Convergence criterion met
 Hartree-Fock
 Hartree-Fock
 Hartree-Fock
 Exchange:     0.1500 Hartree-Fock + 1.0000 wB97M-V + LR-HF
 Correlation:  1.0000 wB97M-V
 Using Euler-Maclaurin-Lebedev (99,590) quadrature formula
 Nonlocal Correlation:  VV10 with C = 0.0100 and b = 6.00 and scale = 1.00000
 Grid used for NLC:  SG-1 standard quadrature
 Long-range K will be added via erf
 Coulomb attenuation parameter = 0.3 bohr**(-1)
 Nonlocal correlation = 2.832449665486e-01
Doing General SCFMI
 Exchange:     0.1500 Hartree-Fock + 1.0000 wB97M-V + LR-HF
 Correlation:  1.0000 wB97M-V
 Using Euler-Maclaurin-Lebedev (99,590) quadrature formula
 Nonlocal Correlation:  VV10 with C = 0.0100 and b = 6.00 and scale = 1.00000
 Grid used for NLC:  SG-1 standard quadrature
performing fock build at end of subrot_r(subrot) constructor so that all methods have access
<S^2> of initial wavefunction before polarization iterations 0.0000000000
Beginning iterations for the determination of the polarized wavefunction
Energy prior to optimization (guess energy) = -981.955993795506
Begin Timing: Total SCF Calculation
begin iterations for algorithm: DIIS         
the SCF tolerance is set to 1.00e-08
    1    -981.9559937955      7.38e-04     00000 
    2    -981.9792045438      3.13e-04     00000 
    3    -981.9809767867      1.52e-04     00000 
    4    -981.9814316760      4.27e-05     00000 
    5    -981.9815072052      1.23e-05     00000 
    6    -981.9815193341      6.43e-06     00000 
    7    -981.9815209861      2.41e-06     00000 
    8    -981.9815214162      5.90e-07     00000 
    9    -981.9815214410      1.99e-07     00000 
   10    -981.9815214435      9.02e-08     00000 
   11    -981.9815214437      2.24e-08     00000 
   12    -981.9815214437      5.67e-09     00000 Convergence criterion met
write pseudocanon occs and virts to disk
write pseudocanon orbital energies to disk
Timing for Total SCF: 176.00s (wall), 1059.58s (cpu)
<S^2> of polarized wavefunction after polarization iterations 0.0000000000
relaxing scfmi constraint to allow all rotations in the entire AO span
Doing General SCFMI
 Exchange:     0.1500 Hartree-Fock + 1.0000 wB97M-V + LR-HF
 Correlation:  1.0000 wB97M-V
 Using Euler-Maclaurin-Lebedev (99,590) quadrature formula
 Nonlocal Correlation:  VV10 with C = 0.0100 and b = 6.00 and scale = 1.00000
 Grid used for NLC:  SG-1 standard quadrature
performing fock build at end of subrot_r(subrot) constructor so that all methods have access
<S^2> of polarized wavefunction before ct-allowed iterations 0.0000000000
Beginning iterations for the determination of the CT-Allowed wavefunction
Energy prior to optimization (guess energy) = -981.981521443729
Begin Timing: Total SCF Calculation
begin iterations for algorithm: DIIS         
the SCF tolerance is set to 1.00e-08
    1    -981.9815214437      2.80e-04     00000 
    2    -981.9855333986      2.52e-05     00000 
    3    -981.9856421473      6.67e-06     00000 
    4    -981.9856449609      5.82e-06     00000 
    5    -981.9856467558      2.95e-07     00000 
    6    -981.9856467654      8.99e-08     00000 
    7    -981.9856467662      4.36e-08     00000 
    8    -981.9856467663      8.60e-09     00000 Convergence criterion met
write pseudocanon occs and virts to disk
write pseudocanon orbital energies to disk
Timing for Total SCF: 111.00s (wall), 668.86s (cpu)
<S^2> of ct_allowed wavefunction after ct-allowed iterations 0.0000000000

================================
        Results of EDA2         
================================
Basic EDA Quantities
--------------------
Fragment Energies (Ha):
1 -599.7243958034
2 -382.1665979097
--------------------
  E_prp (kJ/mol) = 0.0000
  E_frz (kJ/mol) = -170.6597
  E_pol (kJ/mol) = -67.0236
  E_vct (kJ/mol) = -10.8312
  E_int (kJ/mol) = -248.5145
--------------------


Decomposition of frozen interaction energy
--------------------
  --------------------
  Orthogonal Frozen Decomposition:
  --------------------
     E_elec   (ELEC)   (kJ/mol) = -350.1651
     E_pauli  (PAULI)  (kJ/mol) = 210.1712
     E_disp   (DISP)   (kJ/mol) = -30.6659
  --------------------
  Classical Frozen Decomposition:
  --------------------
     E_cls_elec  (CLS ELEC)  (kJ/mol) = -278.8916
     E_mod_pauli (MOD PAULI) (kJ/mol) = 136.1615 (FRZ - CLS ELEC - CLS DISP)
     E_cls_disp  (CLS DISP)  (kJ/mol) = -27.9296
  --------------------
--------------------

Simplified EDA Summary (kJ/mol)
--------------------
 PREPARATION      0.0000
 FROZEN           -170.6597 (ELEC + PAULI + DISP)
[ELEC + PAULI = -142.7302, DISP = -27.9296]
 POLARIZATION    -67.0236
 CHARGE TRANSFER -10.8312
 TOTAL           -248.5145     (PRP + FRZ + POL + CT)
--------------------
 
 --------------------------------------------------------------
 
                    Orbital Energies (a.u.)
 --------------------------------------------------------------
 
 Alpha MOs
 -- Occupied --
******** -19.4948 -19.4924 -19.4894 -19.4820 -19.4820 -13.4937 -10.7721
-10.7718 -10.7715  -1.5937  -1.2949  -1.2936  -1.2843  -1.2811  -1.2640
 -0.9456  -0.9444  -0.9436  -0.8098  -0.7914  -0.7881  -0.7812  -0.7581
 -0.6685  -0.6557  -0.6507  -0.6491  -0.6444  -0.5921  -0.5855  -0.5730
 -0.5706  -0.5693
 -- Virtual --
 -0.1212  -0.0975  -0.0948  -0.0833  -0.0558  -0.0500  -0.0461  -0.0370
 -0.0321  -0.0236  -0.0131  -0.0107  -0.0083  -0.0070  -0.0040   0.0018
  0.0071   0.0109   0.0192   0.0228   0.0385   0.0441   0.0506   0.0526
  0.0582   0.0612   0.0645   0.0750   0.0822   0.0843   0.0996   0.1069
  0.1211   0.1279   0.1337   0.1395   0.1440   0.1504   0.1555   0.1594
  0.1682   0.1726   0.1828   0.1845   0.1896   0.1953   0.1996   0.2021
  0.2053   0.2092   0.2178   0.2199   0.2242   0.2298   0.2334   0.2387
  0.2423   0.2466   0.2528   0.2558   0.2566   0.2614   0.2658   0.2694
  0.2747   0.2870   0.2883   0.2943   0.3003   0.3031   0.3063   0.3181
  0.3222   0.3335   0.3358   0.3398   0.3464   0.3534   0.3611   0.3680
  0.3778   0.3945   0.4028   0.4152   0.4233   0.4425   0.4465   0.4558
  0.4629   0.4666   0.4780   0.4850   0.4953   0.4980   0.5068   0.5199
  0.5303   0.5370   0.5431   0.5543   0.5622   0.5735   0.5876   0.6120
  0.6344   0.6368   0.6439   0.6583   0.6684   0.6799   0.6904   0.7083
  0.7158   0.7287   0.7355   0.7507   0.7646   0.7687   0.7812   0.7995
  0.8049   0.8097   0.8318   0.8522   0.8669   0.8722   0.8948   0.9243
  0.9393   0.9545   0.9709   0.9873   0.9903   0.9942   1.0051   1.0100
  1.0244   1.0309   1.0383   1.0601   1.0719   1.0876   1.0909   1.0967
  1.1061   1.1120   1.1310   1.1405   1.1565   1.1630   1.1839   1.2066
  1.2094   1.2313   1.2425   1.2523   1.2596   1.2650   1.2721   1.2787
  1.3078   1.3235   1.3349   1.3393   1.3596   1.3799   1.3903   1.3969
  1.4389   1.4497   1.5266   1.5740   1.8231   1.8324   1.8385   1.8471
  1.8584   1.8627   1.8686   1.8782   1.8816   1.9458   1.9480   1.9543
  1.9698   1.9815   2.0008   2.0722   2.0897   2.0926   2.1208   2.1411
  2.1506   2.1817   2.1910   2.2035   2.2207   2.5640   2.5786   2.6085
  2.6318   2.6577   2.6748   2.7031   2.7461   2.7627   2.7875   2.8015
  2.8082   2.8429   2.8643   2.9443   3.0469   3.0630   3.0696   3.0895
  3.0962   3.1033   3.1258   3.1325   3.1430   3.1628   3.1659   3.1750
  3.1906   3.1990   3.2128   3.2341   3.2540   3.2602   3.2786   3.2811
  3.2855   3.2966   3.3052   3.3064   3.3277   3.3357   3.3436   3.3513
  3.3527   3.3579   3.3725   3.3832   3.4165   3.4190   3.4575   3.5173
  3.5387   3.5570   3.5879   3.6076   3.7147   3.7781   3.7868   3.7969
  3.8158   3.8326   3.8383   3.8779   3.8957   3.9048   3.9229   3.9343
  3.9432   3.9587   3.9708   3.9848   3.9888   3.9978   4.0125   4.0205
  4.0405   4.0442   4.0500   4.0673   4.0891   4.0994   4.1113   4.1164
  4.1203   4.1318   4.1540   4.1578   4.1776   4.1908   4.2437   4.5020
  4.5460   4.5603   4.5759   4.5809   4.5923   4.6168   4.6355   4.6512
  4.6646   4.7787   4.8285   4.8572   4.8733   4.9443   4.9810   5.0496
  5.0706   5.0863   5.1009   5.4703   5.4873   5.5209   5.5424   5.5467
  5.9565   5.9662   5.9711   6.0781   6.1273   6.1522   6.3195   6.3224
  6.3503   6.3542   6.3647   6.3991   6.4452   6.4518   6.4606   6.4690
  6.5054   6.5347   6.5428   6.5480   6.5505   6.5529   6.5609   6.5736
  6.5865   6.6476   6.6563   6.6804   6.6923   6.6944   6.7144   6.7232
  6.7297   6.7350   6.7765   6.8387   6.8857   6.9380   6.9481   7.0521
  7.2636   7.2946   7.3151   7.3531   7.3615   7.3663   7.3786   7.4289
  7.4787   7.4918   7.5820   7.6794   7.7173   7.7215   7.8411  44.0408
 44.1692  44.1777  44.2148  44.3014
 --------------------------------------------------------------
 
          Ground-State Mulliken Net Atomic Charges

     Atom                 Charge (a.u.)
  ----------------------------------------
      1 K                     0.969747
      2 O                    -0.369157
      3 H                     0.145606
      4 H                     0.214173
      5 O                    -0.388470
      6 H                     0.175316
      7 H                     0.237810
      8 O                    -0.407042
      9 H                     0.242163
     10 H                     0.175936
     11 O                    -0.467822
     12 H                     0.236257
     13 H                     0.227150
     14 O                    -0.348531
     15 H                     0.138738
     16 H                     0.218125
  ----------------------------------------
  Sum of atomic charges =     1.000000

 -----------------------------------------------------------------
                    Cartesian Multipole Moments
 -----------------------------------------------------------------
    Charge (ESU x 10^10)
                 4.8032
    Dipole Moment (Debye)
         X      -0.5436      Y      -0.1843      Z      -0.4131
       Tot       0.7072
    Quadrupole Moments (Debye-Ang)
        XX     -15.2310     XY       3.7390     YY     -20.4791
        XZ       1.2570     YZ       7.5618     ZZ     -35.5390
    Octopole Moments (Debye-Ang^2)
       XXX     -10.6662    XXY      24.9645    XYY      -9.9101
       YYY     -35.2049    XXZ       0.5521    XYZ      20.1708
       YYZ       8.5309    XZZ      19.1593    YZZ      -7.9397
       ZZZ       1.2426
    Hexadecapole Moments (Debye-Ang^3)
      XXXX    -582.0641   XXXY      18.8002   XXYY     -95.8775
      XYYY      53.8145   YYYY    -309.7105   XXXZ       4.0346
      XXYZ      35.6540   XYYZ     -32.9101   YYYZ      33.5947
      XXZZ    -116.6576   XYZZ       5.7260   YYZZ    -120.7943
      XZZZ      29.7171   YZZZ      33.5468   ZZZZ    -215.6289
 -----------------------------------------------------------------
 Total job time:  1464.07s(wall), 3321.77s(cpu) 
 Sat Jan 13 16:20:50 2024

        *************************************************************
        *                                                           *
        *  Thank you very much for using Q-Chem.  Have a nice day.  *
        *                                                           *
        *************************************************************


