
Running Job 1 of 1 120_K-Water_Cls_043_almo.in
qchem 120_K-Water_Cls_043_almo.in_852994.0 /scratch/qchem852994/ 6
/home/kchung25/qchem/5.4.0/exe/qcprog.exe_s 120_K-Water_Cls_043_almo.in_852994.0 /scratch/qchem852994/
                  Welcome to Q-Chem
     A Quantum Leap Into The Future Of Chemistry


 Q-Chem 5.4, Q-Chem, Inc., Pleasanton, CA (2021)

 E. Epifanovsky,  A. T. B. Gilbert,  Xintian Feng,  Joonho Lee,  Yuezhi Mao,  
 N. Mardirossian,  P. Pokhilko,  A. White,  M. Wormit,  M. P. Coons,  
 A. L. Dempwolff,  Zhengting Gan,  D. Hait,  P. R. Horn,  L. D. Jacobson,  
 I. Kaliman,  J. Kussmann,  A. W. Lange,  Ka Un Lao,  D. S. Levine,  Jie Liu,  
 S. C. McKenzie,  A. F. Morrison,  K. Nanda,  F. Plasser,  D. R. Rehn,  
 M. L. Vidal,  Zhi-Qiang You,  Ying Zhu,  B. Alam,  B. Albrecht,  
 A. Aldossary,  E. Alguire,  J. H. Andersen,  D. Barton,  K. Begam,  A. Behn,  
 Y. A. Bernard,  E. J. Berquist,  H. Burton,  A. Carreras,  K. Carter-Fenk,  
 Romit Chakraborty,  A. D. Chien,  K. D. Closser,  V. Cofer-Shabica,  
 S. Dasgupta,  Jia Deng,  M. de Wergifosse,  M. Diedenhofen,  Hainam Do,  
 S. Ehlert,  Po-Tung Fang,  S. Fatehi,  Qingguo Feng,  T. Friedhoff,  
 J. Gayvert,  Qinghui Ge,  G. Gidofalvi,  M. Goldey,  J. Gomes,  
 C. Gonzalez-Espinoza,  S. Gulania,  A. Gunina,  M. W. D. Hanson-Heine,  
 P. H. P. Harbach,  A. W. Hauser,  M. F. Herbst,  M. Hernandez Vera,  
 M. Hodecker,  Z. C. Holden,  S. Houck,  Xunkun Huang,  Kerwin Hui,  
 B. C. Huynh,  M. Ivanov,  Hyunjun Ji,  Hanjie Jiang,  B. Kaduk,  S. Kaehler,  
 K. Khistyaev,  Jaehoon Kim,  P. Klunzinger,  Z. Koczor-Benda,  
 Joong Hoon Koh,  D. Kosenkov,  L. Koulias,  T. Kowalczyk,  C. M. Krauter,  
 K. Kue,  A. Kunitsa,  T. Kus,  A. Landau,  K. V. Lawler,  D. Lefrancois,  
 S. Lehtola,  Rain Li,  Yi-Pei Li,  Jiashu Liang,  M. Liebenthal,  
 Hung-Hsuan Lin,  You-Sheng Lin,  Fenglai Liu,  Kuan-Yu Liu,  
 M. Loipersberger,  A. Luenser,  A. Manjanath,  P. Manohar,  E. Mansoor,  
 S. F. Manzer,  Shan-Ping Mao,  A. V. Marenich,  T. Markovich,  S. Mason,  
 S. A. Maurer,  P. F. McLaughlin,  M. F. S. J. Menger,  J.-M. Mewes,  
 S. A. Mewes,  P. Morgante,  J. W. Mullinax,  K. J. Oosterbaan,  G. Paran,  
 Alexander C. Paul,  Suranjan K. Paul,  F. Pavosevic,  Zheng Pei,  S. Prager,  
 E. I. Proynov,  E. Ramos,  B. Rana,  A. E. Rask,  A. Rettig,  R. M. Richard,  
 F. Rob,  E. Rossomme,  T. Scheele,  M. Scheurer,  M. Schneider,  
 N. Sergueev,  S. M. Sharada,  W. Skomorowski,  D. W. Small,  C. J. Stein,  
 Yu-Chuan Su,  E. J. Sundstrom,  Zhen Tao,  J. Thirman,  T. Tsuchimochi,  
 N. M. Tubman,  S. P. Veccham,  O. Vydrov,  J. Wenzel,  J. Witte,  A. Yamada,  
 Kun Yao,  S. Yeganeh,  S. R. Yost,  A. Zech,  Igor Ying Zhang,  Xing Zhang,  
 Yu Zhang,  D. Zuev,  A. Aspuru-Guzik,  A. T. Bell,  N. A. Besley,  
 K. B. Bravaya,  B. R. Brooks,  D. Casanova,  Jeng-Da Chai,  S. Coriani,  
 C. J. Cramer,  A. E. DePrince, III,  R. A. DiStasio Jr.,  A. Dreuw,  
 B. D. Dunietz,  T. R. Furlani,  W. A. Goddard III,  S. Grimme,  
 S. Hammes-Schiffer,  T. Head-Gordon,  W. J. Hehre,  Chao-Ping Hsu,  
 T.-C. Jagau,  Yousung Jung,  A. Klamt,  Jing Kong,  D. S. Lambrecht,  
 WanZhen Liang,  N. J. Mayhall,  C. W. McCurdy,  J. B. Neaton,  T. Neudecker,  
 C. Ochsenfeld,  J. A. Parkhill,  R. Peverati,  V. A. Rassolov,  Yihan Shao,  
 L. V. Slipchenko,  R. P. Steele,  J. E. Subotnik,  A. J. W. Thom,  
 A. Tkatchenko,  D. G. Truhlar,  T. Van Voorhis,  T. A. Wesolowski,  
 K. B. Whaley,  H. L. Woodcock III,  P. M. Zimmerman,  S. Faraji,  
 P. M. W. Gill,  M. Head-Gordon,  J. M. Herbert,  A. I. Krylov

 Additional authors since Version 5.4.0: 
 Chandrima Chakravarty,  L. Cunha,  R. Kang,  Yongbin Kim,  S. Kotaru,  
 Shaozhi Li,  Xiangyuan Li,  F. Matz,  A. Molle,  V. Parravicini,  
 Haisheng Ren,  Hengyuan Shen,  Yingli Su,  Hung-Yi Tsai,  C. Utku,  
 Fang Wang,  Jeff Yang,  F. Zeller

 Contributors to earlier versions of Q-Chem not listed above: 
 R. D. Adamson,  B. Austin,  R. Baer,  J. Baker,  G. J. O. Beran,  
 K. Brandhorst,  S. T. Brown,  E. F. C. Byrd,  Arup K. Chakraborty,  
 G. K. L. Chan,  Chun-Min Chang,  Yunqing Chen,  C.-L. Cheng,  
 Siu Hung Chien,  D. M. Chipman,  D. L. Crittenden,  H. Dachsel,  
 R. J. Doerksen,  A. D. Dutoi,  R. G. Edgar,  J. Fosso-Tande,  
 L. Fusti-Molnar,  D. Ghosh,  A. Ghysels,  A. Golubeva-Zadorozhnaya,  
 J. Gonthier,  M. S. Gordon,  S. R. Gwaltney,  G. Hawkins,  J. E. Herr,  
 A. Heyden,  S. Hirata,  E. G. Hohenstein,  G. Kedziora,  F. J. Keil,  
 C. Kelley,  Jihan Kim,  R. A. King,  R. Z. Khaliullin,  P. P. Korambath,  
 W. Kurlancheek,  A. Laurent,  A. M. Lee,  M. S. Lee,  S. V. Levchenko,  
 Ching Yeh Lin,  D. Liotard,  E. Livshits,  R. C. Lochan,  I. Lotan,  
 L. A. Martinez-Martinez,  P. E. Maslen,  N. Nair,  D. P. O'Neill,  
 D. Neuhauser,  E. Neuscamman,  C. M. Oana,  R. Olivares-Amaya,  R. Olson,  
 T. M. Perrine,  B. Peters,  P. A. Pieniazek,  A. Prociuk,  Y. M. Rhee,  
 J. Ritchie,  M. A. Rohrdanz,  E. Rosta,  N. J. Russ,  H. F. Schaefer III,  
 M. W. Schmidt,  N. E. Schultz,  S. Sharma,  N. Shenvi,  C. D. Sherrill,  
 A. C. Simmonett,  A. Sodt,  T. Stein,  D. Stuck,  K. S. Thanthiriwatte,  
 V. Vanovschi,  L. Vogt,  Tao Wang,  A. Warshel,  M. A. Watson,  
 C. F. Williams,  Q. Wu,  X. Xu,  Jun Yang,  W. Zhang,  Yan Zhao

   Please cite Q-Chem as follows:
  "Software for the frontiers of quantum chemistry:
   An overview of developments in the Q-Chem 5 package"
   J. Chem. Phys. 155, 084801 (2021)
   https://doi.org/10.1063/5.0055522 (open access)

 Q-Chem 5.4.2 for Intel X86 EM64T Linux

 Parts of Q-Chem use Armadillo 9.900.5 (Nocturnal Misbehaviour).
 http://arma.sourceforge.net/

 Q-Chem begins on Fri Jan 12 23:23:50 2024  

 Host: 
0

     Scratch files written to /scratch/qchem852994//
 Dec1321 |scratch|qcdevops|jenkins|workspace|build_RNUM 5684   
 Processing $rem in /home/kchung25/qchem/5.4.0/config/preferences:
 Processing $rem in /home/kchung25/.qchemrc:

 Q-Chem warning in module libgen/rem_setup.C, line 3079:

 Neither GIA nor STOLL is specified by user. Use STOLL as the default


 Checking the input file for inconsistencies... 	...done.

--------------------------------------------------------------
User input:
--------------------------------------------------------------
$molecule
1 1
--
1 1
K      0.000000     0.000000     0.000000
--
0 1
O      0.309615    -2.623382    -1.550755
H      0.073529    -3.411695    -2.042004
H      0.732044    -2.924054    -0.731434
O     -2.529295     1.007717     0.149432
H     -3.031134     1.319525    -0.599291
H     -2.665484     0.041905     0.322961
O      1.728418     1.676356     0.611770
H      1.306700     2.209773     1.232986
H      2.018027     2.273752    -0.126886
O      0.635505    -0.312124     2.701636
H     -0.164451    -0.813360     3.054926
H      0.947635     0.214693     3.417860
O      0.007774     0.682534    -2.427733
H     -0.877989     0.809481    -2.864264
H      0.577915     0.435714    -3.144891
$end

$rem
JOBTYPE          eda
EDA2             1
METHOD           wB97M-V
BASIS            def2-TZVPPD
SYMMETRY         false
MEM_TOTAL        50000
MEM_STATIC       10000
THRESH           14
SCF_CONVERGENCE  8
XC_GRID          000099000590
NL_GRID          1
EDA_CLS_DISP     true
FD_MAT_VEC_PROD  FALSE
$end
--------------------------------------------------------------
 ----------------------------------------------------------------
             Standard Nuclear Orientation (Angstroms)
    I     Atom           X                Y                Z
 ----------------------------------------------------------------
    1      K       0.0540869568    -0.0596631096     0.0533553483
    2      O      -2.2628672100    -2.0348804783     0.3896221637
    3      H      -3.0467763598    -2.4490632571     0.7535433586
    4      H      -1.5468392837    -2.6844232553     0.4640197599
    5      O       0.0646956540     2.0699747489     1.7562020000
    6      H      -0.5987244386     2.7550980910     1.7677140973
    7      H      -0.1614537071     1.3115417972     2.3520950284
    8      O       1.5692049493     0.2684172640    -1.8879435704
    9      H       2.2475415933     0.7923834101    -1.5508857694
   10      H       1.1761595768     0.7676235190    -2.6512760603
   11      O       2.5171973660    -1.2442059240     0.6278729775
   12      H       2.4954273168    -1.3104352306     1.6334179530
   13      H       3.4237286338    -1.1340654675     0.3954762329
   14      O      -1.8968464727     1.0288963887    -1.1165581475
   15      H      -2.4205955984     1.6966225907    -0.5959051733
   16      H      -2.5271942047     0.6827008910    -1.7355144330
 ----------------------------------------------------------------
 Molecular Point Group                 C1    NOp =  1
 Largest Abelian Subgroup              C1    NOp =  1
 Nuclear Repulsion Energy =         350.64015488 hartrees
 There are       34 alpha and       34 beta electrons
 Requested basis set is def2-TZVPPD
 There are 154 shells and 406 basis functions

 Q-Chem warning in module libmdc/get_mega.C, line 171:

 Allowed MEM_STATIC has been capped at MEM_STATIC=8191.
 Reduce the value of MEM_STATIC to silence this warning.


 Total QAlloc Memory Limit  50000 MB
 Mega-Array Size      8007 MB
 MEM_STATIC part      8191 MB
 A cutoff of  1.0D-14 yielded  10068 shell pairs
 There are     67788 function pairs (     81605 Cartesian)
 Smallest overlap matrix eigenvalue = 8.52E-05

 Scale SEOQF with 1.000000e-01/1.000000e-01/1.000000e-01

 Standard Electronic Orientation quadrupole field applied
 Nucleus-field energy     =     0.0000000053 hartrees

 -----------------------------------------------------------------------
  General SCF calculation program by
  Eric Jon Sundstrom, Paul Horn, Yuezhi Mao, Dmitri Zuev, Alec White,
  David Stuck, Shaama M.S., Shane Yost, Joonho Lee, David Small,
  Daniel Levine, Susi Lehtola, Hugh Burton, Evgeny Epifanovsky,
  Bang C. Huynh
 -----------------------------------------------------------------------
================================================================
                 ALMO-EDA with the EDA2 driver                  
================================================================
 The second-generation ALMO-EDA (for DFT):                      
 P. R. Horn, Y. Mao and M. Head-Gordon, PCCP, 18, 23067 (2016)  
 Y. Mao et al. Annu. Rev. Phys. Chem. 72, 641 (2021)            
 Decomposition of the frozen energy:                            
 P. R. Horn, Y. Mao and M. Head-Gordon, JCP, 144, 114107 (2016) 
 FERF model for polarization:                                   
 P. R. Horn and M. Head-Gordon, JCP, 143, 114111 (2015)         
================================================================
 Using eda2 option set 1
 Option set summary: Frozen orbital wavefunction, initial wavefunction decomposition, and nDQ polarization.
--------------------------------
Printing EDA Options
--------------------------------
eda_child_super_basis      0
fragmo_guess_mode          0
child_mp                   1
child_mp_orders            232
cls_elec                   1
cls_disp                   1
scfmi_mode                 1
scfmi_occs                 0
scfmi_virts                0
frz_relax                  0
frz_relax_method           0
dc_pen_start               0
dc_pen_conv                0
dc_pen_increment           0
dc_pen_steps               0
dc_pen_thresh_factor       0
dc_pen_pre_newton_thresh   0
frz_ortho_decomp           1
frz_ortho_decomp_conv      6
plot_mo_ortho_frz          0
frgm_method                2
scfmi_freeze_ss            0
separate_rehyb             0
plot_diff_den              0
eda_nocv                   0
eda_vct_relax              1
disp_free_x                0
disp_free_c                0
eda_bsse                   0
eda_pct_a                  0
eda_covp                   0
--------------------------------
Attempting to make child job directory: /scratch/qchem852994//Frg1/
Attempting to make child job directory: /scratch/qchem852994//Frg2/
Creating input file /scratch/qchem852994/Frg1.input
using default PutDataFrgm: nothing
calling putenv with: QCSCRATCH=/scratch/qchem852994/ 
Spawning Job For Fragment 0
Done Job For Fragment 0
calling putenv with: QCSCRATCH=/scratch 
calling putenv with: QCTHREADS=6 
Creating input file /scratch/qchem852994/Frg2.input
using default PutDataFrgm: nothing
calling putenv with: QCSCRATCH=/scratch/qchem852994/ 
Spawning Job For Fragment 1
Done Job For Fragment 1
calling putenv with: QCSCRATCH=/scratch 
calling putenv with: QCTHREADS=6 
Doing General SCFMI
 Exchange:     0.1500 Hartree-Fock + 1.0000 wB97M-V + LR-HF
 Correlation:  1.0000 wB97M-V
 Using Euler-Maclaurin-Lebedev (99,590) quadrature formula
 Nonlocal Correlation:  VV10 with C = 0.0100 and b = 6.00 and scale = 1.00000
 Grid used for NLC:  SG-1 standard quadrature
performing fock build before subrot guess so that all methods have access
Printing subrot_rss_gen Method Specification:
Occupied Subspace Method is 0
Virtual Subspace Method is 0
Energy of the unrelaxed supersystem initial determinant -981.947117839580
write pseudocanon occs and virts to disk
write pseudocanon orbital energies to disk
Tolerance of ortho_decomp_scf: 1.00e-06
GDM subspace size: 20
Beginning the Orthogonal Decomposition of the Initial Supersystem Wavefunction
    1    -981.7375135812      3.11e-01     ortho_decomp Preconditoned Steepest Descent
    2    -981.7816278967      3.14e-03     ortho_decomp BFGS Step
    3    -981.7816506398      1.45e-04     ortho_decomp BFGS Step
    4    -981.7816506968      6.09e-06     ortho_decomp BFGS Step
    5    -981.7816506968      1.17e-07     ortho_decomp 00000 Convergence criterion met
 Hartree-Fock
 Hartree-Fock
 Hartree-Fock
 Exchange:     0.1500 Hartree-Fock + 1.0000 wB97M-V + LR-HF
 Correlation:  1.0000 wB97M-V
 Using Euler-Maclaurin-Lebedev (99,590) quadrature formula
 Nonlocal Correlation:  VV10 with C = 0.0100 and b = 6.00 and scale = 1.00000
 Grid used for NLC:  SG-1 standard quadrature
 Long-range K will be added via erf
 Coulomb attenuation parameter = 0.3 bohr**(-1)
 Nonlocal correlation = 2.838341937630e-01
Doing General SCFMI
 Exchange:     0.1500 Hartree-Fock + 1.0000 wB97M-V + LR-HF
 Correlation:  1.0000 wB97M-V
 Using Euler-Maclaurin-Lebedev (99,590) quadrature formula
 Nonlocal Correlation:  VV10 with C = 0.0100 and b = 6.00 and scale = 1.00000
 Grid used for NLC:  SG-1 standard quadrature
performing fock build at end of subrot_r(subrot) constructor so that all methods have access
<S^2> of initial wavefunction before polarization iterations 0.0000000000
Beginning iterations for the determination of the polarized wavefunction
Energy prior to optimization (guess energy) = -981.947117839580
Begin Timing: Total SCF Calculation
begin iterations for algorithm: DIIS         
the SCF tolerance is set to 1.00e-08
    1    -981.9471178396      7.59e-04     00000 
    2    -981.9717825672      3.04e-04     00000 
    3    -981.9734827069      1.45e-04     00000 
    4    -981.9738997692      4.38e-05     00000 
    5    -981.9739738242      1.16e-05     00000 
    6    -981.9739858626      3.56e-06     00000 
    7    -981.9739870420      1.95e-06     00000 
    8    -981.9739872121      6.50e-07     00000 
    9    -981.9739872336      1.91e-07     00000 
   10    -981.9739872360      3.39e-08     00000 
   11    -981.9739872361      1.62e-08     00000 
   12    -981.9739872361      7.65e-09     00000 Convergence criterion met
write pseudocanon occs and virts to disk
write pseudocanon orbital energies to disk
Timing for Total SCF: 172.00s (wall), 1035.79s (cpu)
<S^2> of polarized wavefunction after polarization iterations 0.0000000000
relaxing scfmi constraint to allow all rotations in the entire AO span
Doing General SCFMI
 Exchange:     0.1500 Hartree-Fock + 1.0000 wB97M-V + LR-HF
 Correlation:  1.0000 wB97M-V
 Using Euler-Maclaurin-Lebedev (99,590) quadrature formula
 Nonlocal Correlation:  VV10 with C = 0.0100 and b = 6.00 and scale = 1.00000
 Grid used for NLC:  SG-1 standard quadrature
performing fock build at end of subrot_r(subrot) constructor so that all methods have access
<S^2> of polarized wavefunction before ct-allowed iterations 0.0000000000
Beginning iterations for the determination of the CT-Allowed wavefunction
Energy prior to optimization (guess energy) = -981.973987236140
Begin Timing: Total SCF Calculation
begin iterations for algorithm: DIIS         
the SCF tolerance is set to 1.00e-08
    1    -981.9739872361      2.90e-04     00000 
    2    -981.9787766978      2.82e-05     00000 
    3    -981.9789120177      7.87e-06     00000 
    4    -981.9789156455      6.66e-06     00000 
    5    -981.9789180082      3.59e-07     00000 
    6    -981.9789180218      9.64e-08     00000 
    7    -981.9789180230      3.89e-08     00000 
    8    -981.9789180231      1.13e-08     00000 
    9    -981.9789180231      2.05e-09     00000 Convergence criterion met
write pseudocanon occs and virts to disk
write pseudocanon orbital energies to disk
Timing for Total SCF: 124.00s (wall), 741.26s (cpu)
<S^2> of ct_allowed wavefunction after ct-allowed iterations 0.0000000000

================================
        Results of EDA2         
================================
Basic EDA Quantities
--------------------
Fragment Energies (Ha):
1 -599.7243958034
2 -382.1659468799
--------------------
  E_prp (kJ/mol) = 0.0000
  E_frz (kJ/mol) = -149.0649
  E_pol (kJ/mol) = -70.5464
  E_vct (kJ/mol) = -12.9459
  E_int (kJ/mol) = -232.5573
--------------------


Decomposition of frozen interaction energy
--------------------
  --------------------
  Orthogonal Frozen Decomposition:
  --------------------
     E_elec   (ELEC)   (kJ/mol) = -358.2856
     E_pauli  (PAULI)  (kJ/mol) = 241.4095
     E_disp   (DISP)   (kJ/mol) = -32.1889
  --------------------
  Classical Frozen Decomposition:
  --------------------
     E_cls_elec  (CLS ELEC)  (kJ/mol) = -279.9697
     E_mod_pauli (MOD PAULI) (kJ/mol) = 160.7776 (FRZ - CLS ELEC - CLS DISP)
     E_cls_disp  (CLS DISP)  (kJ/mol) = -29.8728
  --------------------
--------------------

Simplified EDA Summary (kJ/mol)
--------------------
 PREPARATION      0.0000
 FROZEN           -149.0649 (ELEC + PAULI + DISP)
[ELEC + PAULI = -119.1921, DISP = -29.8728]
 POLARIZATION    -70.5464
 CHARGE TRANSFER -12.9459
 TOTAL           -232.5573     (PRP + FRZ + POL + CT)
--------------------
 
 --------------------------------------------------------------
 
                    Orbital Energies (a.u.)
 --------------------------------------------------------------
 
 Alpha MOs
 -- Occupied --
******** -19.4913 -19.4883 -19.4852 -19.4798 -19.4745 -13.4948 -10.7732
-10.7731 -10.7726  -1.5956  -1.2930  -1.2913  -1.2902  -1.2837  -1.2777
 -0.9490  -0.9469  -0.9452  -0.8063  -0.7939  -0.7861  -0.7840  -0.7815
 -0.6655  -0.6574  -0.6459  -0.6450  -0.6416  -0.5840  -0.5811  -0.5779
 -0.5747  -0.5660
 -- Virtual --
 -0.1242  -0.0976  -0.0918  -0.0885  -0.0570  -0.0503  -0.0451  -0.0359
 -0.0332  -0.0285  -0.0166  -0.0122  -0.0092  -0.0055  -0.0028   0.0067
  0.0091   0.0135   0.0179   0.0224   0.0357   0.0469   0.0500   0.0558
  0.0626   0.0636   0.0699   0.0754   0.0821   0.0913   0.1026   0.1085
  0.1133   0.1198   0.1255   0.1306   0.1432   0.1521   0.1540   0.1594
  0.1660   0.1662   0.1747   0.1852   0.1883   0.1911   0.1956   0.2036
  0.2099   0.2104   0.2174   0.2194   0.2237   0.2240   0.2323   0.2345
  0.2399   0.2499   0.2502   0.2568   0.2610   0.2648   0.2656   0.2733
  0.2769   0.2807   0.2874   0.2943   0.3050   0.3098   0.3139   0.3159
  0.3180   0.3215   0.3309   0.3401   0.3426   0.3464   0.3653   0.3682
  0.3852   0.3915   0.4000   0.4091   0.4256   0.4286   0.4388   0.4482
  0.4490   0.4640   0.4675   0.4798   0.4861   0.4890   0.5048   0.5102
  0.5161   0.5253   0.5455   0.5519   0.5708   0.5759   0.5924   0.6183
  0.6373   0.6457   0.6608   0.6668   0.6719   0.6786   0.6865   0.6990
  0.7020   0.7087   0.7256   0.7449   0.7537   0.7708   0.7763   0.7881
  0.7947   0.8101   0.8443   0.8583   0.8698   0.8917   0.8963   0.9191
  0.9329   0.9377   0.9602   0.9655   0.9785   1.0060   1.0134   1.0201
  1.0268   1.0388   1.0542   1.0620   1.0808   1.0840   1.0939   1.0968
  1.1055   1.1271   1.1381   1.1448   1.1505   1.1534   1.1630   1.1933
  1.2017   1.2312   1.2430   1.2461   1.2587   1.2666   1.2912   1.2995
  1.3079   1.3139   1.3241   1.3408   1.3470   1.3652   1.3882   1.3904
  1.4240   1.4541   1.5201   1.5540   1.8247   1.8363   1.8426   1.8546
  1.8583   1.8638   1.8674   1.8812   1.8925   1.8948   1.9300   1.9799
  1.9874   1.9902   2.0211   2.0619   2.0752   2.1000   2.1087   2.1175
  2.1500   2.1688   2.1847   2.1887   2.2350   2.5388   2.5540   2.5696
  2.5946   2.6217   2.6717   2.7165   2.7262   2.7303   2.7924   2.8195
  2.8386   2.8624   2.8706   2.8836   3.0412   3.0556   3.0659   3.0743
  3.0914   3.0998   3.1197   3.1285   3.1431   3.1616   3.1713   3.1820
  3.1917   3.1948   3.2251   3.2431   3.2563   3.2628   3.2893   3.2904
  3.3002   3.3094   3.3159   3.3229   3.3274   3.3412   3.3498   3.3548
  3.3638   3.3689   3.3856   3.3983   3.4065   3.4104   3.4832   3.5491
  3.5638   3.5695   3.5784   3.5922   3.7687   3.7749   3.7984   3.8099
  3.8146   3.8279   3.8401   3.8503   3.8687   3.8941   3.9207   3.9344
  3.9566   3.9693   3.9819   3.9854   3.9997   4.0066   4.0189   4.0344
  4.0532   4.0628   4.0643   4.0699   4.0819   4.0944   4.1080   4.1171
  4.1428   4.1477   4.1529   4.1567   4.1638   4.1668   4.1791   4.5530
  4.5666   4.5838   4.6023   4.6155   4.6250   4.6334   4.6484   4.6503
  4.6871   4.8326   4.8559   4.8709   4.8934   4.9175   5.0315   5.0849
  5.0893   5.1012   5.1565   5.4859   5.5380   5.5443   5.5608   5.5679
  5.9232   6.0578   6.1060   6.1177   6.1260   6.2907   6.3116   6.3407
  6.3581   6.4088   6.4642   6.4667   6.4718   6.4882   6.4928   6.5125
  6.5330   6.5347   6.5469   6.5511   6.5572   6.5731   6.5838   6.5856
  6.6147   6.6396   6.6524   6.6669   6.6766   6.7017   6.7108   6.7286
  6.7360   6.7403   6.7769   6.9019   6.9033   6.9481   6.9561   6.9914
  7.2699   7.3583   7.3642   7.3708   7.3746   7.4178   7.4479   7.4730
  7.4961   7.5402   7.6946   7.7205   7.7472   7.7594   7.8119  44.1596
 44.1919  44.1977  44.2187  44.2993
 --------------------------------------------------------------
 
          Ground-State Mulliken Net Atomic Charges

     Atom                 Charge (a.u.)
  ----------------------------------------
      1 K                     0.980960
      2 O                    -0.324464
      3 H                     0.144232
      4 H                     0.188820
      5 O                    -0.386632
      6 H                     0.162363
      7 H                     0.226813
      8 O                    -0.381783
      9 H                     0.167694
     10 H                     0.193331
     11 O                    -0.336168
     12 H                     0.225592
     13 H                     0.129979
     14 O                    -0.305950
     15 H                     0.189417
     16 H                     0.125795
  ----------------------------------------
  Sum of atomic charges =     1.000000

 -----------------------------------------------------------------
                    Cartesian Multipole Moments
 -----------------------------------------------------------------
    Charge (ESU x 10^10)
                 4.8032
    Dipole Moment (Debye)
         X      -1.2783      Y       0.3828      Z       1.8924
       Tot       2.3155
    Quadrupole Moments (Debye-Ang)
        XX     -14.9701     XY      -1.6919     YY     -28.1400
        XZ       0.4594     YZ      -6.4846     ZZ     -28.1147
    Octopole Moments (Debye-Ang^2)
       XXX       5.1782    XXY      -9.2984    XYY     -34.3724
       YYY      -5.4577    XXZ       3.1662    XYZ      -9.7492
       YYZ      15.4305    XZZ      -1.2827    YZZ       8.7003
       ZZZ      -2.7667
    Hexadecapole Moments (Debye-Ang^3)
      XXXX    -380.4460   XXXY      -7.4536   XXYY    -114.9482
      XYYY      24.6657   YYYY    -354.6923   XXXZ      29.9600
      XXYZ     -61.0206   XYYZ     -42.0032   YYYZ      -4.2608
      XXZZ    -140.2989   XYZZ      -9.8358   YYZZ    -125.4937
      XZZZ      10.0276   YZZZ     -26.5161   ZZZZ    -287.6078
 -----------------------------------------------------------------
 Total job time:  1409.40s(wall), 3336.41s(cpu) 
 Fri Jan 12 23:47:20 2024

        *************************************************************
        *                                                           *
        *  Thank you very much for using Q-Chem.  Have a nice day.  *
        *                                                           *
        *************************************************************


