
Running Job 1 of 1 120_K-Water_Cls_092_almo.in
qchem 120_K-Water_Cls_092_almo.in_904959.0 /scratch/qchem904959/ 6
/home/kchung25/qchem/5.4.0/exe/qcprog.exe_s 120_K-Water_Cls_092_almo.in_904959.0 /scratch/qchem904959/
                  Welcome to Q-Chem
     A Quantum Leap Into The Future Of Chemistry


 Q-Chem 5.4, Q-Chem, Inc., Pleasanton, CA (2021)

 E. Epifanovsky,  A. T. B. Gilbert,  Xintian Feng,  Joonho Lee,  Yuezhi Mao,  
 N. Mardirossian,  P. Pokhilko,  A. White,  M. Wormit,  M. P. Coons,  
 A. L. Dempwolff,  Zhengting Gan,  D. Hait,  P. R. Horn,  L. D. Jacobson,  
 I. Kaliman,  J. Kussmann,  A. W. Lange,  Ka Un Lao,  D. S. Levine,  Jie Liu,  
 S. C. McKenzie,  A. F. Morrison,  K. Nanda,  F. Plasser,  D. R. Rehn,  
 M. L. Vidal,  Zhi-Qiang You,  Ying Zhu,  B. Alam,  B. Albrecht,  
 A. Aldossary,  E. Alguire,  J. H. Andersen,  D. Barton,  K. Begam,  A. Behn,  
 Y. A. Bernard,  E. J. Berquist,  H. Burton,  A. Carreras,  K. Carter-Fenk,  
 Romit Chakraborty,  A. D. Chien,  K. D. Closser,  V. Cofer-Shabica,  
 S. Dasgupta,  Jia Deng,  M. de Wergifosse,  M. Diedenhofen,  Hainam Do,  
 S. Ehlert,  Po-Tung Fang,  S. Fatehi,  Qingguo Feng,  T. Friedhoff,  
 J. Gayvert,  Qinghui Ge,  G. Gidofalvi,  M. Goldey,  J. Gomes,  
 C. Gonzalez-Espinoza,  S. Gulania,  A. Gunina,  M. W. D. Hanson-Heine,  
 P. H. P. Harbach,  A. W. Hauser,  M. F. Herbst,  M. Hernandez Vera,  
 M. Hodecker,  Z. C. Holden,  S. Houck,  Xunkun Huang,  Kerwin Hui,  
 B. C. Huynh,  M. Ivanov,  Hyunjun Ji,  Hanjie Jiang,  B. Kaduk,  S. Kaehler,  
 K. Khistyaev,  Jaehoon Kim,  P. Klunzinger,  Z. Koczor-Benda,  
 Joong Hoon Koh,  D. Kosenkov,  L. Koulias,  T. Kowalczyk,  C. M. Krauter,  
 K. Kue,  A. Kunitsa,  T. Kus,  A. Landau,  K. V. Lawler,  D. Lefrancois,  
 S. Lehtola,  Rain Li,  Yi-Pei Li,  Jiashu Liang,  M. Liebenthal,  
 Hung-Hsuan Lin,  You-Sheng Lin,  Fenglai Liu,  Kuan-Yu Liu,  
 M. Loipersberger,  A. Luenser,  A. Manjanath,  P. Manohar,  E. Mansoor,  
 S. F. Manzer,  Shan-Ping Mao,  A. V. Marenich,  T. Markovich,  S. Mason,  
 S. A. Maurer,  P. F. McLaughlin,  M. F. S. J. Menger,  J.-M. Mewes,  
 S. A. Mewes,  P. Morgante,  J. W. Mullinax,  K. J. Oosterbaan,  G. Paran,  
 Alexander C. Paul,  Suranjan K. Paul,  F. Pavosevic,  Zheng Pei,  S. Prager,  
 E. I. Proynov,  E. Ramos,  B. Rana,  A. E. Rask,  A. Rettig,  R. M. Richard,  
 F. Rob,  E. Rossomme,  T. Scheele,  M. Scheurer,  M. Schneider,  
 N. Sergueev,  S. M. Sharada,  W. Skomorowski,  D. W. Small,  C. J. Stein,  
 Yu-Chuan Su,  E. J. Sundstrom,  Zhen Tao,  J. Thirman,  T. Tsuchimochi,  
 N. M. Tubman,  S. P. Veccham,  O. Vydrov,  J. Wenzel,  J. Witte,  A. Yamada,  
 Kun Yao,  S. Yeganeh,  S. R. Yost,  A. Zech,  Igor Ying Zhang,  Xing Zhang,  
 Yu Zhang,  D. Zuev,  A. Aspuru-Guzik,  A. T. Bell,  N. A. Besley,  
 K. B. Bravaya,  B. R. Brooks,  D. Casanova,  Jeng-Da Chai,  S. Coriani,  
 C. J. Cramer,  A. E. DePrince, III,  R. A. DiStasio Jr.,  A. Dreuw,  
 B. D. Dunietz,  T. R. Furlani,  W. A. Goddard III,  S. Grimme,  
 S. Hammes-Schiffer,  T. Head-Gordon,  W. J. Hehre,  Chao-Ping Hsu,  
 T.-C. Jagau,  Yousung Jung,  A. Klamt,  Jing Kong,  D. S. Lambrecht,  
 WanZhen Liang,  N. J. Mayhall,  C. W. McCurdy,  J. B. Neaton,  T. Neudecker,  
 C. Ochsenfeld,  J. A. Parkhill,  R. Peverati,  V. A. Rassolov,  Yihan Shao,  
 L. V. Slipchenko,  R. P. Steele,  J. E. Subotnik,  A. J. W. Thom,  
 A. Tkatchenko,  D. G. Truhlar,  T. Van Voorhis,  T. A. Wesolowski,  
 K. B. Whaley,  H. L. Woodcock III,  P. M. Zimmerman,  S. Faraji,  
 P. M. W. Gill,  M. Head-Gordon,  J. M. Herbert,  A. I. Krylov

 Additional authors since Version 5.4.0: 
 Chandrima Chakravarty,  L. Cunha,  R. Kang,  Yongbin Kim,  S. Kotaru,  
 Shaozhi Li,  Xiangyuan Li,  F. Matz,  A. Molle,  V. Parravicini,  
 Haisheng Ren,  Hengyuan Shen,  Yingli Su,  Hung-Yi Tsai,  C. Utku,  
 Fang Wang,  Jeff Yang,  F. Zeller

 Contributors to earlier versions of Q-Chem not listed above: 
 R. D. Adamson,  B. Austin,  R. Baer,  J. Baker,  G. J. O. Beran,  
 K. Brandhorst,  S. T. Brown,  E. F. C. Byrd,  Arup K. Chakraborty,  
 G. K. L. Chan,  Chun-Min Chang,  Yunqing Chen,  C.-L. Cheng,  
 Siu Hung Chien,  D. M. Chipman,  D. L. Crittenden,  H. Dachsel,  
 R. J. Doerksen,  A. D. Dutoi,  R. G. Edgar,  J. Fosso-Tande,  
 L. Fusti-Molnar,  D. Ghosh,  A. Ghysels,  A. Golubeva-Zadorozhnaya,  
 J. Gonthier,  M. S. Gordon,  S. R. Gwaltney,  G. Hawkins,  J. E. Herr,  
 A. Heyden,  S. Hirata,  E. G. Hohenstein,  G. Kedziora,  F. J. Keil,  
 C. Kelley,  Jihan Kim,  R. A. King,  R. Z. Khaliullin,  P. P. Korambath,  
 W. Kurlancheek,  A. Laurent,  A. M. Lee,  M. S. Lee,  S. V. Levchenko,  
 Ching Yeh Lin,  D. Liotard,  E. Livshits,  R. C. Lochan,  I. Lotan,  
 L. A. Martinez-Martinez,  P. E. Maslen,  N. Nair,  D. P. O'Neill,  
 D. Neuhauser,  E. Neuscamman,  C. M. Oana,  R. Olivares-Amaya,  R. Olson,  
 T. M. Perrine,  B. Peters,  P. A. Pieniazek,  A. Prociuk,  Y. M. Rhee,  
 J. Ritchie,  M. A. Rohrdanz,  E. Rosta,  N. J. Russ,  H. F. Schaefer III,  
 M. W. Schmidt,  N. E. Schultz,  S. Sharma,  N. Shenvi,  C. D. Sherrill,  
 A. C. Simmonett,  A. Sodt,  T. Stein,  D. Stuck,  K. S. Thanthiriwatte,  
 V. Vanovschi,  L. Vogt,  Tao Wang,  A. Warshel,  M. A. Watson,  
 C. F. Williams,  Q. Wu,  X. Xu,  Jun Yang,  W. Zhang,  Yan Zhao

   Please cite Q-Chem as follows:
  "Software for the frontiers of quantum chemistry:
   An overview of developments in the Q-Chem 5 package"
   J. Chem. Phys. 155, 084801 (2021)
   https://doi.org/10.1063/5.0055522 (open access)

 Q-Chem 5.4.2 for Intel X86 EM64T Linux

 Parts of Q-Chem use Armadillo 9.900.5 (Nocturnal Misbehaviour).
 http://arma.sourceforge.net/

 Q-Chem begins on Sun Jan 14 00:44:42 2024  

 Host: 
0

     Scratch files written to /scratch/qchem904959//
 Dec1321 |scratch|qcdevops|jenkins|workspace|build_RNUM 5684   
 Processing $rem in /home/kchung25/qchem/5.4.0/config/preferences:
 Processing $rem in /home/kchung25/.qchemrc:

 Q-Chem warning in module libgen/rem_setup.C, line 3079:

 Neither GIA nor STOLL is specified by user. Use STOLL as the default


 Checking the input file for inconsistencies... 	...done.

--------------------------------------------------------------
User input:
--------------------------------------------------------------
$molecule
1 1
--
1 1
K      0.000000     0.000000     0.000000
--
0 1
O      0.381547    -2.552558    -1.504867
H      1.305011    -2.508122    -1.562112
H      0.195752    -3.068888    -0.743103
O     -2.152753    -1.918638    -0.513085
H     -3.032715    -1.893013    -0.107358
H     -2.129564    -2.762877    -0.889215
O      1.881209    -1.325987     1.692441
H      2.801171    -1.317073     1.472737
H      1.822881    -1.212799     2.637718
O     -0.856008     2.370718     1.286842
H     -1.091753     2.561565     2.221772
H     -0.547518     3.153373     0.860940
O     -0.195392     1.168538    -2.406268
H      0.427603     1.930953    -2.467495
H     -0.179593     0.694044    -3.196332
$end

$rem
JOBTYPE          eda
EDA2             1
METHOD           wB97M-V
BASIS            def2-TZVPPD
SYMMETRY         false
MEM_TOTAL        50000
MEM_STATIC       10000
THRESH           14
SCF_CONVERGENCE  8
XC_GRID          000099000590
NL_GRID          1
EDA_CLS_DISP     true
FD_MAT_VEC_PROD  FALSE
$end
--------------------------------------------------------------
 ----------------------------------------------------------------
             Standard Nuclear Orientation (Angstroms)
    I     Atom           X                Y                Z
 ----------------------------------------------------------------
    1      K      -0.3579420659     0.1540605474    -0.0706145490
    2      O       2.5443434768    -0.3378734768    -0.5810013521
    3      H       2.5913651660     0.1154360451    -1.3874359406
    4      H       2.7996901884     0.2810836135     0.0770951605
    5      O       1.4512644372    -1.0589694714     1.8874721381
    6      H       1.2392190919    -1.2203145215     2.8194639336
    7      H       2.3675943044    -1.1799505655     1.8661614598
    8      O       0.5603970505     2.8289622737    -0.4744701997
    9      H       0.6883982593     3.1559810460    -1.3527376997
   10      H       0.1721471755     3.5393582427     0.0298728257
   11      O      -3.0606258063     0.2449050380     0.7638096490
   12      H      -3.5338498156     0.8334870820     1.3928745120
   13      H      -3.6581720508    -0.0883955738     0.1149979424
   14      O      -0.7852682855    -2.1384310100    -1.3956275829
   15      H      -1.4451527433    -1.9991135682    -2.1155520931
   16      H      -0.1012273066    -2.6734690290    -1.7045248894
 ----------------------------------------------------------------
 Molecular Point Group                 C1    NOp =  1
 Largest Abelian Subgroup              C1    NOp =  1
 Nuclear Repulsion Energy =         339.29938366 hartrees
 There are       34 alpha and       34 beta electrons
 Requested basis set is def2-TZVPPD
 There are 154 shells and 406 basis functions

 Q-Chem warning in module libmdc/get_mega.C, line 171:

 Allowed MEM_STATIC has been capped at MEM_STATIC=8191.
 Reduce the value of MEM_STATIC to silence this warning.


 Total QAlloc Memory Limit  50000 MB
 Mega-Array Size      8007 MB
 MEM_STATIC part      8191 MB
 A cutoff of  1.0D-14 yielded   9905 shell pairs
 There are     66407 function pairs (     79806 Cartesian)
 Smallest overlap matrix eigenvalue = 8.17E-05

 Scale SEOQF with 1.000000e-01/1.000000e-01/1.000000e-01

 Standard Electronic Orientation quadrupole field applied
 Nucleus-field energy     =     0.0000000096 hartrees

 -----------------------------------------------------------------------
  General SCF calculation program by
  Eric Jon Sundstrom, Paul Horn, Yuezhi Mao, Dmitri Zuev, Alec White,
  David Stuck, Shaama M.S., Shane Yost, Joonho Lee, David Small,
  Daniel Levine, Susi Lehtola, Hugh Burton, Evgeny Epifanovsky,
  Bang C. Huynh
 -----------------------------------------------------------------------
================================================================
                 ALMO-EDA with the EDA2 driver                  
================================================================
 The second-generation ALMO-EDA (for DFT):                      
 P. R. Horn, Y. Mao and M. Head-Gordon, PCCP, 18, 23067 (2016)  
 Y. Mao et al. Annu. Rev. Phys. Chem. 72, 641 (2021)            
 Decomposition of the frozen energy:                            
 P. R. Horn, Y. Mao and M. Head-Gordon, JCP, 144, 114107 (2016) 
 FERF model for polarization:                                   
 P. R. Horn and M. Head-Gordon, JCP, 143, 114111 (2015)         
================================================================
 Using eda2 option set 1
 Option set summary: Frozen orbital wavefunction, initial wavefunction decomposition, and nDQ polarization.
--------------------------------
Printing EDA Options
--------------------------------
eda_child_super_basis      0
fragmo_guess_mode          0
child_mp                   1
child_mp_orders            232
cls_elec                   1
cls_disp                   1
scfmi_mode                 1
scfmi_occs                 0
scfmi_virts                0
frz_relax                  0
frz_relax_method           0
dc_pen_start               0
dc_pen_conv                0
dc_pen_increment           0
dc_pen_steps               0
dc_pen_thresh_factor       0
dc_pen_pre_newton_thresh   0
frz_ortho_decomp           1
frz_ortho_decomp_conv      6
plot_mo_ortho_frz          0
frgm_method                2
scfmi_freeze_ss            0
separate_rehyb             0
plot_diff_den              0
eda_nocv                   0
eda_vct_relax              1
disp_free_x                0
disp_free_c                0
eda_bsse                   0
eda_pct_a                  0
eda_covp                   0
--------------------------------
Attempting to make child job directory: /scratch/qchem904959//Frg1/
Attempting to make child job directory: /scratch/qchem904959//Frg2/
Creating input file /scratch/qchem904959/Frg1.input
using default PutDataFrgm: nothing
calling putenv with: QCSCRATCH=/scratch/qchem904959/ 
Spawning Job For Fragment 0
Done Job For Fragment 0
calling putenv with: QCSCRATCH=/scratch 
calling putenv with: QCTHREADS=6 
Creating input file /scratch/qchem904959/Frg2.input
using default PutDataFrgm: nothing
calling putenv with: QCSCRATCH=/scratch/qchem904959/ 
Spawning Job For Fragment 1
Done Job For Fragment 1
calling putenv with: QCSCRATCH=/scratch 
calling putenv with: QCTHREADS=6 
Doing General SCFMI
 Exchange:     0.1500 Hartree-Fock + 1.0000 wB97M-V + LR-HF
 Correlation:  1.0000 wB97M-V
 Using Euler-Maclaurin-Lebedev (99,590) quadrature formula
 Nonlocal Correlation:  VV10 with C = 0.0100 and b = 6.00 and scale = 1.00000
 Grid used for NLC:  SG-1 standard quadrature
performing fock build before subrot guess so that all methods have access
Printing subrot_rss_gen Method Specification:
Occupied Subspace Method is 0
Virtual Subspace Method is 0
Energy of the unrelaxed supersystem initial determinant -981.968677444550
write pseudocanon occs and virts to disk
write pseudocanon orbital energies to disk
Tolerance of ortho_decomp_scf: 1.00e-06
GDM subspace size: 20
Beginning the Orthogonal Decomposition of the Initial Supersystem Wavefunction
    1    -981.8076706569      2.26e-01     ortho_decomp Preconditoned Steepest Descent
    2    -981.8308263999      2.13e-03     ortho_decomp BFGS Step
    3    -981.8308366049      9.11e-05     ortho_decomp BFGS Step
    4    -981.8308366286      3.72e-06     ortho_decomp BFGS Step
    5    -981.8308366286      7.19e-08     ortho_decomp 00000 Convergence criterion met
 Hartree-Fock
 Hartree-Fock
 Hartree-Fock
 Exchange:     0.1500 Hartree-Fock + 1.0000 wB97M-V + LR-HF
 Correlation:  1.0000 wB97M-V
 Using Euler-Maclaurin-Lebedev (99,590) quadrature formula
 Nonlocal Correlation:  VV10 with C = 0.0100 and b = 6.00 and scale = 1.00000
 Grid used for NLC:  SG-1 standard quadrature
 Long-range K will be added via erf
 Coulomb attenuation parameter = 0.3 bohr**(-1)
 Nonlocal correlation = 2.849734839700e-01
Doing General SCFMI
 Exchange:     0.1500 Hartree-Fock + 1.0000 wB97M-V + LR-HF
 Correlation:  1.0000 wB97M-V
 Using Euler-Maclaurin-Lebedev (99,590) quadrature formula
 Nonlocal Correlation:  VV10 with C = 0.0100 and b = 6.00 and scale = 1.00000
 Grid used for NLC:  SG-1 standard quadrature
performing fock build at end of subrot_r(subrot) constructor so that all methods have access
<S^2> of initial wavefunction before polarization iterations 0.0000000000
Beginning iterations for the determination of the polarized wavefunction
Energy prior to optimization (guess energy) = -981.968677444551
Begin Timing: Total SCF Calculation
begin iterations for algorithm: DIIS         
the SCF tolerance is set to 1.00e-08
    1    -981.9686774446      6.68e-04     00000 
    2    -981.9889495048      2.72e-04     00000 
    3    -981.9903884377      1.34e-04     00000 
    4    -981.9907695994      3.68e-05     00000 
    5    -981.9908341284      1.02e-05     00000 
    6    -981.9908438861      2.68e-06     00000 
    7    -981.9908446670      1.34e-06     00000 
    8    -981.9908447332      4.15e-07     00000 
    9    -981.9908447418      1.13e-07     00000 
   10    -981.9908447426      1.95e-08     00000 
   11    -981.9908447426      6.14e-09     00000 Convergence criterion met
write pseudocanon occs and virts to disk
write pseudocanon orbital energies to disk
Timing for Total SCF: 152.00s (wall), 911.84s (cpu)
<S^2> of polarized wavefunction after polarization iterations 0.0000000000
relaxing scfmi constraint to allow all rotations in the entire AO span
Doing General SCFMI
 Exchange:     0.1500 Hartree-Fock + 1.0000 wB97M-V + LR-HF
 Correlation:  1.0000 wB97M-V
 Using Euler-Maclaurin-Lebedev (99,590) quadrature formula
 Nonlocal Correlation:  VV10 with C = 0.0100 and b = 6.00 and scale = 1.00000
 Grid used for NLC:  SG-1 standard quadrature
performing fock build at end of subrot_r(subrot) constructor so that all methods have access
<S^2> of polarized wavefunction before ct-allowed iterations 0.0000000000
Beginning iterations for the determination of the CT-Allowed wavefunction
Energy prior to optimization (guess energy) = -981.990844742584
Begin Timing: Total SCF Calculation
begin iterations for algorithm: DIIS         
the SCF tolerance is set to 1.00e-08
    1    -981.9908447426      2.49e-04     00000 
    2    -981.9936500759      2.02e-05     00000 
    3    -981.9937246179      4.40e-06     00000 
    4    -981.9937265293      3.84e-06     00000 
    5    -981.9937272977      2.12e-07     00000 
    6    -981.9937273030      5.40e-08     00000 
    7    -981.9937273033      1.56e-08     00000 
    8    -981.9937273034      8.63e-09     00000 Convergence criterion met
write pseudocanon occs and virts to disk
write pseudocanon orbital energies to disk
Timing for Total SCF: 105.00s (wall), 626.76s (cpu)
<S^2> of ct_allowed wavefunction after ct-allowed iterations 0.0000000000

================================
        Results of EDA2         
================================
Basic EDA Quantities
--------------------
Fragment Energies (Ha):
1 -599.7243958034
2 -382.1667382798
--------------------
  E_prp (kJ/mol) = 0.0000
  E_frz (kJ/mol) = -203.5925
  E_pol (kJ/mol) = -58.2009
  E_vct (kJ/mol) = -7.5683
  E_int (kJ/mol) = -269.3617
--------------------


Decomposition of frozen interaction energy
--------------------
  --------------------
  Orthogonal Frozen Decomposition:
  --------------------
     E_elec   (ELEC)   (kJ/mol) = -312.1378
     E_pauli  (PAULI)  (kJ/mol) = 131.7994
     E_disp   (DISP)   (kJ/mol) = -23.2541
  --------------------
  Classical Frozen Decomposition:
  --------------------
     E_cls_elec  (CLS ELEC)  (kJ/mol) = -261.5403
     E_mod_pauli (MOD PAULI) (kJ/mol) = 78.7482 (FRZ - CLS ELEC - CLS DISP)
     E_cls_disp  (CLS DISP)  (kJ/mol) = -20.8004
  --------------------
--------------------

Simplified EDA Summary (kJ/mol)
--------------------
 PREPARATION      0.0000
 FROZEN           -203.5925 (ELEC + PAULI + DISP)
[ELEC + PAULI = -182.7921, DISP = -20.8004]
 POLARIZATION    -58.2009
 CHARGE TRANSFER -7.5683
 TOTAL           -269.3617     (PRP + FRZ + POL + CT)
--------------------
 
 --------------------------------------------------------------
 
                    Orbital Energies (a.u.)
 --------------------------------------------------------------
 
 Alpha MOs
 -- Occupied --
******** -19.4864 -19.4797 -19.4783 -19.4660 -19.4659 -13.5009 -10.7793
-10.7789 -10.7788  -1.5988  -1.2979  -1.2902  -1.2884  -1.2832  -1.2801
 -0.9502  -0.9479  -0.9468  -0.8006  -0.7969  -0.7947  -0.7939  -0.7681
 -0.6606  -0.6517  -0.6463  -0.6446  -0.6345  -0.5828  -0.5756  -0.5728
 -0.5667  -0.5606
 -- Virtual --
 -0.1189  -0.0935  -0.0911  -0.0852  -0.0523  -0.0463  -0.0419  -0.0376
 -0.0322  -0.0222  -0.0112  -0.0080  -0.0056  -0.0022   0.0022   0.0046
  0.0106   0.0137   0.0207   0.0217   0.0398   0.0471   0.0499   0.0527
  0.0636   0.0683   0.0698   0.0764   0.0808   0.0942   0.1009   0.1152
  0.1184   0.1265   0.1325   0.1421   0.1486   0.1551   0.1589   0.1615
  0.1717   0.1736   0.1777   0.1818   0.1852   0.1917   0.1963   0.2052
  0.2077   0.2118   0.2141   0.2186   0.2208   0.2267   0.2301   0.2366
  0.2401   0.2462   0.2533   0.2557   0.2572   0.2665   0.2710   0.2747
  0.2772   0.2784   0.2849   0.2938   0.2993   0.3046   0.3072   0.3128
  0.3181   0.3249   0.3330   0.3417   0.3510   0.3566   0.3714   0.3750
  0.3809   0.3881   0.3982   0.4062   0.4252   0.4311   0.4400   0.4442
  0.4490   0.4588   0.4756   0.4826   0.4876   0.5011   0.5042   0.5137
  0.5197   0.5306   0.5463   0.5520   0.5607   0.5707   0.5863   0.6171
  0.6321   0.6374   0.6490   0.6641   0.6732   0.6799   0.6979   0.7063
  0.7159   0.7223   0.7278   0.7367   0.7417   0.7705   0.7759   0.7951
  0.8039   0.8228   0.8524   0.8767   0.8952   0.8991   0.9161   0.9372
  0.9458   0.9479   0.9572   0.9675   0.9960   1.0036   1.0086   1.0150
  1.0233   1.0342   1.0481   1.0545   1.0643   1.0688   1.0751   1.0833
  1.1073   1.1086   1.1130   1.1228   1.1429   1.1471   1.1593   1.1892
  1.1975   1.2041   1.2493   1.2647   1.2741   1.2773   1.2921   1.3004
  1.3075   1.3181   1.3382   1.3534   1.3658   1.3719   1.3828   1.3864
  1.4005   1.4050   1.4891   1.5369   1.8233   1.8329   1.8415   1.8515
  1.8563   1.8642   1.8719   1.8832   1.9077   1.9286   1.9563   1.9747
  1.9963   2.0049   2.0298   2.0769   2.0939   2.1091   2.1179   2.1227
  2.1313   2.1426   2.1536   2.1762   2.2660   2.5235   2.5314   2.5457
  2.5691   2.5991   2.6621   2.6819   2.7480   2.7638   2.7778   2.8058
  2.8227   2.8337   2.8466   2.9105   3.0183   3.0401   3.0524   3.0720
  3.0972   3.1199   3.1270   3.1476   3.1533   3.1675   3.1804   3.1827
  3.1873   3.2089   3.2289   3.2729   3.2870   3.2909   3.2957   3.2973
  3.3161   3.3226   3.3303   3.3433   3.3482   3.3682   3.3850   3.3990
  3.4035   3.4106   3.4202   3.4364   3.4627   3.4712   3.5258   3.5560
  3.5732   3.5878   3.6440   3.6654   3.7822   3.7918   3.7997   3.8038
  3.8109   3.8161   3.8337   3.8617   3.8901   3.9389   3.9416   3.9554
  3.9697   3.9724   3.9871   3.9983   4.0055   4.0267   4.0346   4.0539
  4.0720   4.0763   4.0961   4.1040   4.1152   4.1361   4.1498   4.1521
  4.1585   4.1644   4.1705   4.1757   4.2047   4.2266   4.2473   4.6027
  4.6069   4.6301   4.6415   4.6509   4.6656   4.6724   4.6807   4.7350
  4.7682   4.8844   4.8944   4.9066   4.9228   4.9634   5.0650   5.1168
  5.1468   5.2004   5.2214   5.5302   5.5561   5.5726   5.6183   5.6363
  6.0199   6.0685   6.1404   6.2449   6.2725   6.3693   6.3833   6.4251
  6.4469   6.4712   6.4796   6.5014   6.5075   6.5137   6.5227   6.5363
  6.5423   6.5684   6.5694   6.5772   6.5807   6.6029   6.6052   6.6147
  6.6231   6.6384   6.6702   6.6823   6.6925   6.7051   6.7230   6.7492
  6.7677   6.8080   6.8257   6.9551   6.9623   6.9717   6.9862   7.0208
  7.3335   7.3832   7.3903   7.4151   7.4316   7.4722   7.5141   7.5281
  7.6343   7.6734   7.7699   7.7806   7.7825   7.8338   7.8621  44.1870
 44.2239  44.2487  44.2900  44.3884
 --------------------------------------------------------------
 
          Ground-State Mulliken Net Atomic Charges

     Atom                 Charge (a.u.)
  ----------------------------------------
      1 K                     0.931517
      2 O                    -0.253023
      3 H                     0.107526
      4 H                     0.182434
      5 O                    -0.265001
      6 H                     0.157489
      7 H                     0.111297
      8 O                    -0.316261
      9 H                     0.162896
     10 H                     0.160629
     11 O                    -0.329849
     12 H                     0.181411
     13 H                     0.160691
     14 O                    -0.325913
     15 H                     0.209139
     16 H                     0.125018
  ----------------------------------------
  Sum of atomic charges =     1.000000

 -----------------------------------------------------------------
                    Cartesian Multipole Moments
 -----------------------------------------------------------------
    Charge (ESU x 10^10)
                 4.8032
    Dipole Moment (Debye)
         X      -1.9665      Y       3.1174      Z      -1.3191
       Tot       3.9148
    Quadrupole Moments (Debye-Ang)
        XX     -18.1318     XY      -1.1315     YY     -24.3016
        XZ       2.8739     YZ       0.8319     ZZ     -21.9628
    Octopole Moments (Debye-Ang^2)
       XXX     -50.7961    XXY       9.2004    XYY       1.0928
       YYY      47.5279    XXZ      13.6367    XYZ     -24.3935
       YYZ     -20.1274    XZZ       6.9443    YZZ     -14.2375
       ZZZ       6.3385
    Hexadecapole Moments (Debye-Ang^3)
      XXXX    -464.5275   XXXY     -18.2918   XXYY    -230.5681
      XYYY      -9.3869   YYYY    -338.9605   XXXZ      -3.2055
      XXYZ      11.6062   XYYZ      -3.4465   YYYZ       8.9657
      XXZZ    -107.7246   XYZZ     -10.1474   YYZZ     -73.8275
      XZZZ      29.9389   YZZZ     -15.2426   ZZZZ    -188.4946
 -----------------------------------------------------------------
 Total job time:  1328.16s(wall), 3034.46s(cpu) 
 Sun Jan 14 01:06:50 2024

        *************************************************************
        *                                                           *
        *  Thank you very much for using Q-Chem.  Have a nice day.  *
        *                                                           *
        *************************************************************


