
Running Job 1 of 1 120_K-Water_Cls_053_almo.in
qchem 120_K-Water_Cls_053_almo.in_862444.0 /scratch/qchem862444/ 6
/home/kchung25/qchem/5.4.0/exe/qcprog.exe_s 120_K-Water_Cls_053_almo.in_862444.0 /scratch/qchem862444/
                  Welcome to Q-Chem
     A Quantum Leap Into The Future Of Chemistry


 Q-Chem 5.4, Q-Chem, Inc., Pleasanton, CA (2021)

 E. Epifanovsky,  A. T. B. Gilbert,  Xintian Feng,  Joonho Lee,  Yuezhi Mao,  
 N. Mardirossian,  P. Pokhilko,  A. White,  M. Wormit,  M. P. Coons,  
 A. L. Dempwolff,  Zhengting Gan,  D. Hait,  P. R. Horn,  L. D. Jacobson,  
 I. Kaliman,  J. Kussmann,  A. W. Lange,  Ka Un Lao,  D. S. Levine,  Jie Liu,  
 S. C. McKenzie,  A. F. Morrison,  K. Nanda,  F. Plasser,  D. R. Rehn,  
 M. L. Vidal,  Zhi-Qiang You,  Ying Zhu,  B. Alam,  B. Albrecht,  
 A. Aldossary,  E. Alguire,  J. H. Andersen,  D. Barton,  K. Begam,  A. Behn,  
 Y. A. Bernard,  E. J. Berquist,  H. Burton,  A. Carreras,  K. Carter-Fenk,  
 Romit Chakraborty,  A. D. Chien,  K. D. Closser,  V. Cofer-Shabica,  
 S. Dasgupta,  Jia Deng,  M. de Wergifosse,  M. Diedenhofen,  Hainam Do,  
 S. Ehlert,  Po-Tung Fang,  S. Fatehi,  Qingguo Feng,  T. Friedhoff,  
 J. Gayvert,  Qinghui Ge,  G. Gidofalvi,  M. Goldey,  J. Gomes,  
 C. Gonzalez-Espinoza,  S. Gulania,  A. Gunina,  M. W. D. Hanson-Heine,  
 P. H. P. Harbach,  A. W. Hauser,  M. F. Herbst,  M. Hernandez Vera,  
 M. Hodecker,  Z. C. Holden,  S. Houck,  Xunkun Huang,  Kerwin Hui,  
 B. C. Huynh,  M. Ivanov,  Hyunjun Ji,  Hanjie Jiang,  B. Kaduk,  S. Kaehler,  
 K. Khistyaev,  Jaehoon Kim,  P. Klunzinger,  Z. Koczor-Benda,  
 Joong Hoon Koh,  D. Kosenkov,  L. Koulias,  T. Kowalczyk,  C. M. Krauter,  
 K. Kue,  A. Kunitsa,  T. Kus,  A. Landau,  K. V. Lawler,  D. Lefrancois,  
 S. Lehtola,  Rain Li,  Yi-Pei Li,  Jiashu Liang,  M. Liebenthal,  
 Hung-Hsuan Lin,  You-Sheng Lin,  Fenglai Liu,  Kuan-Yu Liu,  
 M. Loipersberger,  A. Luenser,  A. Manjanath,  P. Manohar,  E. Mansoor,  
 S. F. Manzer,  Shan-Ping Mao,  A. V. Marenich,  T. Markovich,  S. Mason,  
 S. A. Maurer,  P. F. McLaughlin,  M. F. S. J. Menger,  J.-M. Mewes,  
 S. A. Mewes,  P. Morgante,  J. W. Mullinax,  K. J. Oosterbaan,  G. Paran,  
 Alexander C. Paul,  Suranjan K. Paul,  F. Pavosevic,  Zheng Pei,  S. Prager,  
 E. I. Proynov,  E. Ramos,  B. Rana,  A. E. Rask,  A. Rettig,  R. M. Richard,  
 F. Rob,  E. Rossomme,  T. Scheele,  M. Scheurer,  M. Schneider,  
 N. Sergueev,  S. M. Sharada,  W. Skomorowski,  D. W. Small,  C. J. Stein,  
 Yu-Chuan Su,  E. J. Sundstrom,  Zhen Tao,  J. Thirman,  T. Tsuchimochi,  
 N. M. Tubman,  S. P. Veccham,  O. Vydrov,  J. Wenzel,  J. Witte,  A. Yamada,  
 Kun Yao,  S. Yeganeh,  S. R. Yost,  A. Zech,  Igor Ying Zhang,  Xing Zhang,  
 Yu Zhang,  D. Zuev,  A. Aspuru-Guzik,  A. T. Bell,  N. A. Besley,  
 K. B. Bravaya,  B. R. Brooks,  D. Casanova,  Jeng-Da Chai,  S. Coriani,  
 C. J. Cramer,  A. E. DePrince, III,  R. A. DiStasio Jr.,  A. Dreuw,  
 B. D. Dunietz,  T. R. Furlani,  W. A. Goddard III,  S. Grimme,  
 S. Hammes-Schiffer,  T. Head-Gordon,  W. J. Hehre,  Chao-Ping Hsu,  
 T.-C. Jagau,  Yousung Jung,  A. Klamt,  Jing Kong,  D. S. Lambrecht,  
 WanZhen Liang,  N. J. Mayhall,  C. W. McCurdy,  J. B. Neaton,  T. Neudecker,  
 C. Ochsenfeld,  J. A. Parkhill,  R. Peverati,  V. A. Rassolov,  Yihan Shao,  
 L. V. Slipchenko,  R. P. Steele,  J. E. Subotnik,  A. J. W. Thom,  
 A. Tkatchenko,  D. G. Truhlar,  T. Van Voorhis,  T. A. Wesolowski,  
 K. B. Whaley,  H. L. Woodcock III,  P. M. Zimmerman,  S. Faraji,  
 P. M. W. Gill,  M. Head-Gordon,  J. M. Herbert,  A. I. Krylov

 Additional authors since Version 5.4.0: 
 Chandrima Chakravarty,  L. Cunha,  R. Kang,  Yongbin Kim,  S. Kotaru,  
 Shaozhi Li,  Xiangyuan Li,  F. Matz,  A. Molle,  V. Parravicini,  
 Haisheng Ren,  Hengyuan Shen,  Yingli Su,  Hung-Yi Tsai,  C. Utku,  
 Fang Wang,  Jeff Yang,  F. Zeller

 Contributors to earlier versions of Q-Chem not listed above: 
 R. D. Adamson,  B. Austin,  R. Baer,  J. Baker,  G. J. O. Beran,  
 K. Brandhorst,  S. T. Brown,  E. F. C. Byrd,  Arup K. Chakraborty,  
 G. K. L. Chan,  Chun-Min Chang,  Yunqing Chen,  C.-L. Cheng,  
 Siu Hung Chien,  D. M. Chipman,  D. L. Crittenden,  H. Dachsel,  
 R. J. Doerksen,  A. D. Dutoi,  R. G. Edgar,  J. Fosso-Tande,  
 L. Fusti-Molnar,  D. Ghosh,  A. Ghysels,  A. Golubeva-Zadorozhnaya,  
 J. Gonthier,  M. S. Gordon,  S. R. Gwaltney,  G. Hawkins,  J. E. Herr,  
 A. Heyden,  S. Hirata,  E. G. Hohenstein,  G. Kedziora,  F. J. Keil,  
 C. Kelley,  Jihan Kim,  R. A. King,  R. Z. Khaliullin,  P. P. Korambath,  
 W. Kurlancheek,  A. Laurent,  A. M. Lee,  M. S. Lee,  S. V. Levchenko,  
 Ching Yeh Lin,  D. Liotard,  E. Livshits,  R. C. Lochan,  I. Lotan,  
 L. A. Martinez-Martinez,  P. E. Maslen,  N. Nair,  D. P. O'Neill,  
 D. Neuhauser,  E. Neuscamman,  C. M. Oana,  R. Olivares-Amaya,  R. Olson,  
 T. M. Perrine,  B. Peters,  P. A. Pieniazek,  A. Prociuk,  Y. M. Rhee,  
 J. Ritchie,  M. A. Rohrdanz,  E. Rosta,  N. J. Russ,  H. F. Schaefer III,  
 M. W. Schmidt,  N. E. Schultz,  S. Sharma,  N. Shenvi,  C. D. Sherrill,  
 A. C. Simmonett,  A. Sodt,  T. Stein,  D. Stuck,  K. S. Thanthiriwatte,  
 V. Vanovschi,  L. Vogt,  Tao Wang,  A. Warshel,  M. A. Watson,  
 C. F. Williams,  Q. Wu,  X. Xu,  Jun Yang,  W. Zhang,  Yan Zhao

   Please cite Q-Chem as follows:
  "Software for the frontiers of quantum chemistry:
   An overview of developments in the Q-Chem 5 package"
   J. Chem. Phys. 155, 084801 (2021)
   https://doi.org/10.1063/5.0055522 (open access)

 Q-Chem 5.4.2 for Intel X86 EM64T Linux

 Parts of Q-Chem use Armadillo 9.900.5 (Nocturnal Misbehaviour).
 http://arma.sourceforge.net/

 Q-Chem begins on Sat Jan 13 04:14:32 2024  

 Host: 
0

     Scratch files written to /scratch/qchem862444//
 Dec1321 |scratch|qcdevops|jenkins|workspace|build_RNUM 5684   
 Processing $rem in /home/kchung25/qchem/5.4.0/config/preferences:
 Processing $rem in /home/kchung25/.qchemrc:

 Q-Chem warning in module libgen/rem_setup.C, line 3079:

 Neither GIA nor STOLL is specified by user. Use STOLL as the default


 Checking the input file for inconsistencies... 	...done.

--------------------------------------------------------------
User input:
--------------------------------------------------------------
$molecule
1 1
--
1 1
K      0.000000     0.000000     0.000000
--
0 1
O     -0.884192     1.970622     1.647785
H     -1.347598     2.832663     1.776305
H     -0.910421     1.461029     2.511078
O      1.732463    -1.946278     1.003026
H      2.428694    -1.633923     0.375693
H      1.250224    -2.688478     0.576902
O      0.339742    -2.049983    -1.517259
H      1.255807    -1.951855    -1.805876
H     -0.043822    -2.742772    -2.064470
O     -2.568170    -0.255539     0.443239
H     -3.487635    -0.547337     0.522851
H     -2.411796     0.586593     0.985116
O     -1.514408     0.603461    -2.260019
H     -1.635852     0.242743    -3.138612
H     -1.484450     1.566521    -2.316759
O     -0.662160    -1.145485     2.641416
H      0.095372    -1.722406     2.715579
H     -1.429032    -1.705154     2.649019
O      2.172705     1.960527     0.162383
H      3.008128     2.179055    -0.195332
H      1.946524     2.806233     0.714730
$end

$rem
JOBTYPE          eda
EDA2             1
METHOD           wB97M-V
BASIS            def2-TZVPPD
SYMMETRY         false
MEM_TOTAL        50000
MEM_STATIC       10000
THRESH           14
SCF_CONVERGENCE  8
XC_GRID          000099000590
NL_GRID          1
EDA_CLS_DISP     true
FD_MAT_VEC_PROD  FALSE
$end
--------------------------------------------------------------
 ----------------------------------------------------------------
             Standard Nuclear Orientation (Angstroms)
    I     Atom           X                Y                Z
 ----------------------------------------------------------------
    1      K      -0.0743011193    -0.1044925213     0.2610330804
    2      O       2.3041832922     1.2065638110     0.1955719172
    3      H       3.2698030975     1.2346634369     0.3984659769
    4      H       2.1146781640     1.8498821290    -0.5499997682
    5      O      -2.4142412078     1.2751718186    -0.3844852755
    6      H      -2.7420311529     1.1272712212     0.5355848899
    7      H      -2.7620329825     0.5519139989    -0.9509973796
    8      O      -2.1465439645    -1.5814202004    -0.1189985250
    9      H      -2.7027983892    -1.3674101485     0.6405307199
   10      H      -2.5435713793    -2.3523923673    -0.5367172927
   11      O       1.4241928995    -1.0151402944    -1.6838305265
   12      H       1.7931959439    -1.4422749887    -2.4701464526
   13      H       2.0742978049    -0.3343978418    -1.3080338504
   14      O       0.8565884760    -2.6795391166     0.7785871770
   15      H       0.4782708851    -3.5522650872     0.8882090764
   16      H       1.5528001927    -2.5537674024     1.4351480609
   17      O       0.0204506789     1.6496612539    -2.1141799344
   18      H      -0.8713062477     1.9857801207    -2.0510418880
   19      H       0.0774072027     1.1904557027    -2.9431950584
   20      O       0.0852210916     1.4165668017     2.7613555744
   21      H      -0.3442641632     1.5520785811     3.5803946885
   22      H       0.9784621628     1.9209079591     2.9000064929
 ----------------------------------------------------------------
 Molecular Point Group                 C1    NOp =  1
 Largest Abelian Subgroup              C1    NOp =  1
 Nuclear Repulsion Energy =         585.83152931 hartrees
 There are       44 alpha and       44 beta electrons
 Requested basis set is def2-TZVPPD
 There are 210 shells and 554 basis functions

 Q-Chem warning in module libmdc/get_mega.C, line 171:

 Allowed MEM_STATIC has been capped at MEM_STATIC=8191.
 Reduce the value of MEM_STATIC to silence this warning.


 Total QAlloc Memory Limit  50000 MB
 Mega-Array Size      8007 MB
 MEM_STATIC part      8191 MB
 A cutoff of  1.0D-14 yielded  18539 shell pairs
 There are    125041 function pairs (    150706 Cartesian)
 Smallest overlap matrix eigenvalue = 3.06E-05

 Scale SEOQF with 1.000000e-01/1.000000e-01/1.000000e-01

 Standard Electronic Orientation quadrupole field applied
 Nucleus-field energy     =     0.0000000026 hartrees

 -----------------------------------------------------------------------
  General SCF calculation program by
  Eric Jon Sundstrom, Paul Horn, Yuezhi Mao, Dmitri Zuev, Alec White,
  David Stuck, Shaama M.S., Shane Yost, Joonho Lee, David Small,
  Daniel Levine, Susi Lehtola, Hugh Burton, Evgeny Epifanovsky,
  Bang C. Huynh
 -----------------------------------------------------------------------
================================================================
                 ALMO-EDA with the EDA2 driver                  
================================================================
 The second-generation ALMO-EDA (for DFT):                      
 P. R. Horn, Y. Mao and M. Head-Gordon, PCCP, 18, 23067 (2016)  
 Y. Mao et al. Annu. Rev. Phys. Chem. 72, 641 (2021)            
 Decomposition of the frozen energy:                            
 P. R. Horn, Y. Mao and M. Head-Gordon, JCP, 144, 114107 (2016) 
 FERF model for polarization:                                   
 P. R. Horn and M. Head-Gordon, JCP, 143, 114111 (2015)         
================================================================
 Using eda2 option set 1
 Option set summary: Frozen orbital wavefunction, initial wavefunction decomposition, and nDQ polarization.
--------------------------------
Printing EDA Options
--------------------------------
eda_child_super_basis      0
fragmo_guess_mode          0
child_mp                   1
child_mp_orders            232
cls_elec                   1
cls_disp                   1
scfmi_mode                 1
scfmi_occs                 0
scfmi_virts                0
frz_relax                  0
frz_relax_method           0
dc_pen_start               0
dc_pen_conv                0
dc_pen_increment           0
dc_pen_steps               0
dc_pen_thresh_factor       0
dc_pen_pre_newton_thresh   0
frz_ortho_decomp           1
frz_ortho_decomp_conv      6
plot_mo_ortho_frz          0
frgm_method                2
scfmi_freeze_ss            0
separate_rehyb             0
plot_diff_den              0
eda_nocv                   0
eda_vct_relax              1
disp_free_x                0
disp_free_c                0
eda_bsse                   0
eda_pct_a                  0
eda_covp                   0
--------------------------------
Attempting to make child job directory: /scratch/qchem862444//Frg1/
Attempting to make child job directory: /scratch/qchem862444//Frg2/
Creating input file /scratch/qchem862444/Frg1.input
using default PutDataFrgm: nothing
calling putenv with: QCSCRATCH=/scratch/qchem862444/ 
Spawning Job For Fragment 0
Done Job For Fragment 0
calling putenv with: QCSCRATCH=/scratch 
calling putenv with: QCTHREADS=6 
Creating input file /scratch/qchem862444/Frg2.input
using default PutDataFrgm: nothing
calling putenv with: QCSCRATCH=/scratch/qchem862444/ 
Spawning Job For Fragment 1
Done Job For Fragment 1
calling putenv with: QCSCRATCH=/scratch 
calling putenv with: QCTHREADS=6 
Doing General SCFMI
 Exchange:     0.1500 Hartree-Fock + 1.0000 wB97M-V + LR-HF
 Correlation:  1.0000 wB97M-V
 Using Euler-Maclaurin-Lebedev (99,590) quadrature formula
 Nonlocal Correlation:  VV10 with C = 0.0100 and b = 6.00 and scale = 1.00000
 Grid used for NLC:  SG-1 standard quadrature
performing fock build before subrot guess so that all methods have access
Printing subrot_rss_gen Method Specification:
Occupied Subspace Method is 0
Virtual Subspace Method is 0
Energy of the unrelaxed supersystem initial determinant -1134.847283793409
write pseudocanon occs and virts to disk
write pseudocanon orbital energies to disk
Tolerance of ortho_decomp_scf: 1.00e-06
GDM subspace size: 20
Beginning the Orthogonal Decomposition of the Initial Supersystem Wavefunction
    1   -1134.6194718350      2.51e-01     ortho_decomp Preconditoned Steepest Descent
    2   -1134.6597344769      2.36e-03     ortho_decomp BFGS Step
    3   -1134.6597503618      9.22e-05     ortho_decomp BFGS Step
    4   -1134.6597503973      3.99e-06     ortho_decomp BFGS Step
    5   -1134.6597503973      6.70e-08     ortho_decomp 00000 Convergence criterion met
 Hartree-Fock
 Hartree-Fock
 Hartree-Fock
 Exchange:     0.1500 Hartree-Fock + 1.0000 wB97M-V + LR-HF
 Correlation:  1.0000 wB97M-V
 Using Euler-Maclaurin-Lebedev (99,590) quadrature formula
 Nonlocal Correlation:  VV10 with C = 0.0100 and b = 6.00 and scale = 1.00000
 Grid used for NLC:  SG-1 standard quadrature
 Long-range K will be added via erf
 Coulomb attenuation parameter = 0.3 bohr**(-1)
 Nonlocal correlation = 3.626077266191e-01
Doing General SCFMI
 Exchange:     0.1500 Hartree-Fock + 1.0000 wB97M-V + LR-HF
 Correlation:  1.0000 wB97M-V
 Using Euler-Maclaurin-Lebedev (99,590) quadrature formula
 Nonlocal Correlation:  VV10 with C = 0.0100 and b = 6.00 and scale = 1.00000
 Grid used for NLC:  SG-1 standard quadrature
performing fock build at end of subrot_r(subrot) constructor so that all methods have access
<S^2> of initial wavefunction before polarization iterations 0.0000000000
Beginning iterations for the determination of the polarized wavefunction
Energy prior to optimization (guess energy) = -1134.847283793408
Begin Timing: Total SCF Calculation
begin iterations for algorithm: DIIS         
the SCF tolerance is set to 1.00e-08
    1   -1134.8472837934      6.19e-04     00000 
    2   -1134.8763000133      2.93e-04     00000 
    3   -1134.8792781541      1.21e-04     00000 
    4   -1134.8798201055      3.41e-05     00000 
    5   -1134.8799119712      1.00e-05     00000 
    6   -1134.8799294402      3.67e-06     00000 
    7   -1134.8799314065      2.24e-06     00000 
    8   -1134.8799318445      6.35e-07     00000 
    9   -1134.8799318937      1.90e-07     00000 
   10   -1134.8799318981      4.62e-08     00000 
   11   -1134.8799318983      2.50e-08     00000 
   12   -1134.8799318983      1.36e-08     00000 
   13   -1134.8799318983      4.64e-09     00000 Convergence criterion met
write pseudocanon occs and virts to disk
write pseudocanon orbital energies to disk
Timing for Total SCF: 492.00s (wall), 2944.40s (cpu)
<S^2> of polarized wavefunction after polarization iterations 0.0000000000
relaxing scfmi constraint to allow all rotations in the entire AO span
Doing General SCFMI
 Exchange:     0.1500 Hartree-Fock + 1.0000 wB97M-V + LR-HF
 Correlation:  1.0000 wB97M-V
 Using Euler-Maclaurin-Lebedev (99,590) quadrature formula
 Nonlocal Correlation:  VV10 with C = 0.0100 and b = 6.00 and scale = 1.00000
 Grid used for NLC:  SG-1 standard quadrature
performing fock build at end of subrot_r(subrot) constructor so that all methods have access
<S^2> of polarized wavefunction before ct-allowed iterations 0.0000000000
Beginning iterations for the determination of the CT-Allowed wavefunction
Energy prior to optimization (guess energy) = -1134.879931898316
Begin Timing: Total SCF Calculation
begin iterations for algorithm: DIIS         
the SCF tolerance is set to 1.00e-08
    1   -1134.8799318983      2.26e-04     00000 
    2   -1134.8843909595      1.87e-05     00000 
    3   -1134.8844961401      4.52e-06     00000 
    4   -1134.8844984121      4.09e-06     00000 
    5   -1134.8845000300      2.26e-07     00000 
    6   -1134.8845000382      6.21e-08     00000 
    7   -1134.8845000389      3.17e-08     00000 
    8   -1134.8845000390      5.53e-09     00000 Convergence criterion met
write pseudocanon occs and virts to disk
write pseudocanon orbital energies to disk
Timing for Total SCF: 284.00s (wall), 1705.37s (cpu)
<S^2> of ct_allowed wavefunction after ct-allowed iterations 0.0000000000

================================
        Results of EDA2         
================================
Basic EDA Quantities
--------------------
Fragment Energies (Ha):
1 -599.7243958034
2 -535.0372525922
--------------------
  E_prp (kJ/mol) = -0.0000
  E_frz (kJ/mol) = -224.8384
  E_pol (kJ/mol) = -85.7186
  E_vct (kJ/mol) = -11.9938
  E_int (kJ/mol) = -322.5508
--------------------


Decomposition of frozen interaction energy
--------------------
  --------------------
  Orthogonal Frozen Decomposition:
  --------------------
     E_elec   (ELEC)   (kJ/mol) = -410.3422
     E_pauli  (PAULI)  (kJ/mol) = 223.5672
     E_disp   (DISP)   (kJ/mol) = -38.0635
  --------------------
  Classical Frozen Decomposition:
  --------------------
     E_cls_elec  (CLS ELEC)  (kJ/mol) = -328.4150
     E_mod_pauli (MOD PAULI) (kJ/mol) = 137.9115 (FRZ - CLS ELEC - CLS DISP)
     E_cls_disp  (CLS DISP)  (kJ/mol) = -34.3348
  --------------------
--------------------

Simplified EDA Summary (kJ/mol)
--------------------
 PREPARATION      -0.0000
 FROZEN           -224.8384 (ELEC + PAULI + DISP)
[ELEC + PAULI = -190.5036, DISP = -34.3348]
 POLARIZATION    -85.7186
 CHARGE TRANSFER -11.9938
 TOTAL           -322.5508     (PRP + FRZ + POL + CT)
--------------------
 
 --------------------------------------------------------------
 
                    Orbital Energies (a.u.)
 --------------------------------------------------------------
 
 Alpha MOs
 -- Occupied --
******** -19.4883 -19.4871 -19.4717 -19.4689 -19.4555 -19.4517 -19.4508
-13.4612 -10.7396 -10.7395 -10.7393  -1.5612  -1.2956  -1.2751  -1.2668
 -1.2639  -1.2612  -1.2608  -1.2426  -0.9175  -0.9119  -0.9109  -0.7970
 -0.7808  -0.7746  -0.7698  -0.7628  -0.7554  -0.7545  -0.6614  -0.6457
 -0.6405  -0.6354  -0.6253  -0.6241  -0.6089  -0.5843  -0.5733  -0.5615
 -0.5562  -0.5530  -0.5465  -0.5315
 -- Virtual --
 -0.1127  -0.0949  -0.0849  -0.0803  -0.0568  -0.0485  -0.0460  -0.0377
 -0.0311  -0.0211  -0.0163  -0.0100  -0.0064  -0.0060  -0.0023  -0.0008
  0.0046   0.0069   0.0117   0.0178   0.0304   0.0353   0.0399   0.0429
  0.0488   0.0571   0.0588   0.0617   0.0653   0.0742   0.0805   0.0838
  0.0865   0.0962   0.0977   0.1040   0.1124   0.1184   0.1247   0.1328
  0.1340   0.1411   0.1469   0.1487   0.1578   0.1645   0.1652   0.1708
  0.1774   0.1808   0.1869   0.1921   0.1969   0.2021   0.2076   0.2089
  0.2121   0.2166   0.2212   0.2248   0.2261   0.2334   0.2377   0.2390
  0.2422   0.2487   0.2504   0.2511   0.2561   0.2620   0.2628   0.2687
  0.2721   0.2745   0.2759   0.2799   0.2830   0.2859   0.2897   0.2951
  0.2974   0.3017   0.3032   0.3126   0.3160   0.3207   0.3254   0.3278
  0.3328   0.3368   0.3444   0.3505   0.3520   0.3560   0.3634   0.3665
  0.3736   0.3823   0.3883   0.3964   0.4011   0.4021   0.4062   0.4171
  0.4244   0.4359   0.4423   0.4487   0.4517   0.4577   0.4701   0.4776
  0.4806   0.4845   0.4888   0.4971   0.5036   0.5082   0.5165   0.5296
  0.5331   0.5353   0.5558   0.5629   0.5652   0.5695   0.5806   0.5858
  0.5953   0.6010   0.6122   0.6191   0.6310   0.6337   0.6371   0.6467
  0.6593   0.6758   0.6823   0.6935   0.6996   0.7070   0.7121   0.7224
  0.7308   0.7414   0.7453   0.7551   0.7628   0.7660   0.7746   0.7928
  0.8001   0.8037   0.8144   0.8201   0.8268   0.8355   0.8389   0.8498
  0.8599   0.8806   0.8841   0.8973   0.9098   0.9171   0.9338   0.9437
  0.9471   0.9555   0.9618   0.9827   0.9904   1.0002   1.0133   1.0200
  1.0385   1.0436   1.0490   1.0577   1.0604   1.0713   1.0796   1.0836
  1.0973   1.1006   1.1069   1.1149   1.1198   1.1415   1.1447   1.1604
  1.1650   1.1743   1.1804   1.1927   1.1959   1.2127   1.2163   1.2291
  1.2425   1.2528   1.2629   1.2672   1.2837   1.2925   1.2998   1.3082
  1.3272   1.3307   1.3376   1.3422   1.3580   1.3710   1.3749   1.3958
  1.4058   1.4118   1.4175   1.4262   1.4476   1.4559   1.4728   1.4776
  1.4964   1.5361   1.5951   1.6256   1.6538   1.7320   1.8400   1.8468
  1.8659   1.8744   1.8868   1.8920   1.9038   1.9132   1.9259   1.9327
  1.9368   1.9460   1.9707   1.9766   1.9885   1.9914   2.0046   2.0178
  2.0460   2.0654   2.0735   2.1107   2.1346   2.1542   2.1648   2.1771
  2.1827   2.1899   2.2074   2.2170   2.2255   2.2423   2.2541   2.2663
  2.3218   2.5745   2.6318   2.6353   2.6538   2.6993   2.7052   2.7249
  2.7506   2.7815   2.7934   2.8047   2.8296   2.8358   2.8693   2.8828
  2.9136   2.9242   2.9363   2.9771   2.9917   3.0047   3.0624   3.0860
  3.0939   3.1095   3.1304   3.1468   3.1528   3.1599   3.1711   3.1775
  3.1893   3.1936   3.2034   3.2116   3.2253   3.2372   3.2440   3.2469
  3.2695   3.2713   3.2901   3.2927   3.2986   3.3112   3.3255   3.3315
  3.3326   3.3424   3.3441   3.3486   3.3518   3.3557   3.3641   3.3683
  3.3707   3.3889   3.3926   3.4073   3.4137   3.4252   3.4336   3.4457
  3.4479   3.4638   3.4841   3.4892   3.5028   3.5181   3.5416   3.5688
  3.5783   3.5953   3.6181   3.6244   3.6440   3.6871   3.7558   3.8159
  3.8204   3.8367   3.8434   3.8459   3.8687   3.8805   3.9069   3.9173
  3.9317   3.9382   3.9464   3.9480   3.9662   3.9780   3.9927   3.9999
  4.0182   4.0232   4.0381   4.0460   4.0478   4.0588   4.0670   4.0721
  4.0759   4.0848   4.0947   4.1130   4.1158   4.1200   4.1331   4.1448
  4.1480   4.1507   4.1573   4.1676   4.1770   4.1931   4.1950   4.1969
  4.2058   4.2139   4.2220   4.2297   4.2384   4.2495   4.2798   4.5570
  4.5736   4.5830   4.5977   4.6037   4.6116   4.6341   4.6412   4.6531
  4.6593   4.6663   4.6785   4.6843   4.7313   4.8273   4.8792   4.8906
  4.9292   4.9480   4.9561   4.9807   5.0368   5.0501   5.1038   5.1258
  5.1439   5.1527   5.1867   5.4906   5.5154   5.5262   5.5541   5.5553
  5.5729   5.6155   5.9527   5.9819   6.0128   6.0896   6.1017   6.1253
  6.1871   6.2063   6.3140   6.3255   6.3696   6.4021   6.4119   6.4276
  6.4596   6.4635   6.4811   6.4834   6.4931   6.5051   6.5101   6.5421
  6.5519   6.5652   6.5715   6.5740   6.5835   6.5888   6.5915   6.5994
  6.6097   6.6360   6.6431   6.6602   6.6647   6.6720   6.6791   6.6867
  6.6888   6.6995   6.7046   6.7099   6.7252   6.7282   6.7438   6.7558
  6.7585   6.7837   6.8140   6.8848   6.9516   6.9759   6.9878   7.0055
  7.0191   7.0558   7.2989   7.3349   7.3469   7.3632   7.3812   7.3917
  7.3951   7.4164   7.4386   7.4736   7.4771   7.5072   7.5179   7.5745
  7.7242   7.7304   7.7559   7.7759   7.8125   7.8302   7.8675  44.1648
 44.2245  44.2465  44.2590  44.2923  44.3632  44.3745
 --------------------------------------------------------------
 
          Ground-State Mulliken Net Atomic Charges

     Atom                 Charge (a.u.)
  ----------------------------------------
      1 K                     1.039127
      2 O                    -0.448448
      3 H                     0.181918
      4 H                     0.271178
      5 O                    -0.431514
      6 H                     0.182280
      7 H                     0.265731
      8 O                    -0.356274
      9 H                     0.196798
     10 H                     0.133914
     11 O                    -0.464802
     12 H                     0.135094
     13 H                     0.272884
     14 O                    -0.317189
     15 H                     0.135714
     16 H                     0.183977
     17 O                    -0.315411
     18 H                     0.179938
     19 H                     0.151425
     20 O                    -0.322702
     21 H                     0.099631
     22 H                     0.226731
  ----------------------------------------
  Sum of atomic charges =     1.000000

 -----------------------------------------------------------------
                    Cartesian Multipole Moments
 -----------------------------------------------------------------
    Charge (ESU x 10^10)
                 4.8032
    Dipole Moment (Debye)
         X      -0.1232      Y      -1.8194      Z       2.0226
       Tot       2.7233
    Quadrupole Moments (Debye-Ang)
        XX     -22.7440     XY       9.6754     YY     -38.4284
        XZ      -0.4239     YZ       3.3771     ZZ     -28.8272
    Octopole Moments (Debye-Ang^2)
       XXX       8.1337    XXY      -9.0498    XYY       3.6262
       YYY     -54.3462    XXZ       6.7551    XYZ       0.9226
       YYZ      21.6076    XZZ       5.6005    YZZ      16.8908
       ZZZ      15.0127
    Hexadecapole Moments (Debye-Ang^3)
      XXXX    -520.1020   XXXY     118.7594   XXYY    -191.5942
      XYYY      55.1382   YYYY    -584.4108   XXXZ     -10.0566
      XXYZ      18.9930   XYYZ      31.1224   YYYZ      -9.3431
      XXZZ    -181.3988   XYZZ     -25.3731   YYZZ    -161.0941
      XZZZ     -17.1994   YZZZ     106.7000   ZZZZ    -384.6490
 -----------------------------------------------------------------
 Total job time:  4145.11s(wall), 8895.13s(cpu) 
 Sat Jan 13 05:23:37 2024

        *************************************************************
        *                                                           *
        *  Thank you very much for using Q-Chem.  Have a nice day.  *
        *                                                           *
        *************************************************************


