
Running Job 1 of 1 120_K-Water_Cls_024_almo.in
qchem 120_K-Water_Cls_024_almo.in_833368.0 /scratch/qchem833368/ 6
/home/kchung25/qchem/5.4.0/exe/qcprog.exe_s 120_K-Water_Cls_024_almo.in_833368.0 /scratch/qchem833368/
                  Welcome to Q-Chem
     A Quantum Leap Into The Future Of Chemistry


 Q-Chem 5.4, Q-Chem, Inc., Pleasanton, CA (2021)

 E. Epifanovsky,  A. T. B. Gilbert,  Xintian Feng,  Joonho Lee,  Yuezhi Mao,  
 N. Mardirossian,  P. Pokhilko,  A. White,  M. Wormit,  M. P. Coons,  
 A. L. Dempwolff,  Zhengting Gan,  D. Hait,  P. R. Horn,  L. D. Jacobson,  
 I. Kaliman,  J. Kussmann,  A. W. Lange,  Ka Un Lao,  D. S. Levine,  Jie Liu,  
 S. C. McKenzie,  A. F. Morrison,  K. Nanda,  F. Plasser,  D. R. Rehn,  
 M. L. Vidal,  Zhi-Qiang You,  Ying Zhu,  B. Alam,  B. Albrecht,  
 A. Aldossary,  E. Alguire,  J. H. Andersen,  D. Barton,  K. Begam,  A. Behn,  
 Y. A. Bernard,  E. J. Berquist,  H. Burton,  A. Carreras,  K. Carter-Fenk,  
 Romit Chakraborty,  A. D. Chien,  K. D. Closser,  V. Cofer-Shabica,  
 S. Dasgupta,  Jia Deng,  M. de Wergifosse,  M. Diedenhofen,  Hainam Do,  
 S. Ehlert,  Po-Tung Fang,  S. Fatehi,  Qingguo Feng,  T. Friedhoff,  
 J. Gayvert,  Qinghui Ge,  G. Gidofalvi,  M. Goldey,  J. Gomes,  
 C. Gonzalez-Espinoza,  S. Gulania,  A. Gunina,  M. W. D. Hanson-Heine,  
 P. H. P. Harbach,  A. W. Hauser,  M. F. Herbst,  M. Hernandez Vera,  
 M. Hodecker,  Z. C. Holden,  S. Houck,  Xunkun Huang,  Kerwin Hui,  
 B. C. Huynh,  M. Ivanov,  Hyunjun Ji,  Hanjie Jiang,  B. Kaduk,  S. Kaehler,  
 K. Khistyaev,  Jaehoon Kim,  P. Klunzinger,  Z. Koczor-Benda,  
 Joong Hoon Koh,  D. Kosenkov,  L. Koulias,  T. Kowalczyk,  C. M. Krauter,  
 K. Kue,  A. Kunitsa,  T. Kus,  A. Landau,  K. V. Lawler,  D. Lefrancois,  
 S. Lehtola,  Rain Li,  Yi-Pei Li,  Jiashu Liang,  M. Liebenthal,  
 Hung-Hsuan Lin,  You-Sheng Lin,  Fenglai Liu,  Kuan-Yu Liu,  
 M. Loipersberger,  A. Luenser,  A. Manjanath,  P. Manohar,  E. Mansoor,  
 S. F. Manzer,  Shan-Ping Mao,  A. V. Marenich,  T. Markovich,  S. Mason,  
 S. A. Maurer,  P. F. McLaughlin,  M. F. S. J. Menger,  J.-M. Mewes,  
 S. A. Mewes,  P. Morgante,  J. W. Mullinax,  K. J. Oosterbaan,  G. Paran,  
 Alexander C. Paul,  Suranjan K. Paul,  F. Pavosevic,  Zheng Pei,  S. Prager,  
 E. I. Proynov,  E. Ramos,  B. Rana,  A. E. Rask,  A. Rettig,  R. M. Richard,  
 F. Rob,  E. Rossomme,  T. Scheele,  M. Scheurer,  M. Schneider,  
 N. Sergueev,  S. M. Sharada,  W. Skomorowski,  D. W. Small,  C. J. Stein,  
 Yu-Chuan Su,  E. J. Sundstrom,  Zhen Tao,  J. Thirman,  T. Tsuchimochi,  
 N. M. Tubman,  S. P. Veccham,  O. Vydrov,  J. Wenzel,  J. Witte,  A. Yamada,  
 Kun Yao,  S. Yeganeh,  S. R. Yost,  A. Zech,  Igor Ying Zhang,  Xing Zhang,  
 Yu Zhang,  D. Zuev,  A. Aspuru-Guzik,  A. T. Bell,  N. A. Besley,  
 K. B. Bravaya,  B. R. Brooks,  D. Casanova,  Jeng-Da Chai,  S. Coriani,  
 C. J. Cramer,  A. E. DePrince, III,  R. A. DiStasio Jr.,  A. Dreuw,  
 B. D. Dunietz,  T. R. Furlani,  W. A. Goddard III,  S. Grimme,  
 S. Hammes-Schiffer,  T. Head-Gordon,  W. J. Hehre,  Chao-Ping Hsu,  
 T.-C. Jagau,  Yousung Jung,  A. Klamt,  Jing Kong,  D. S. Lambrecht,  
 WanZhen Liang,  N. J. Mayhall,  C. W. McCurdy,  J. B. Neaton,  T. Neudecker,  
 C. Ochsenfeld,  J. A. Parkhill,  R. Peverati,  V. A. Rassolov,  Yihan Shao,  
 L. V. Slipchenko,  R. P. Steele,  J. E. Subotnik,  A. J. W. Thom,  
 A. Tkatchenko,  D. G. Truhlar,  T. Van Voorhis,  T. A. Wesolowski,  
 K. B. Whaley,  H. L. Woodcock III,  P. M. Zimmerman,  S. Faraji,  
 P. M. W. Gill,  M. Head-Gordon,  J. M. Herbert,  A. I. Krylov

 Additional authors since Version 5.4.0: 
 Chandrima Chakravarty,  L. Cunha,  R. Kang,  Yongbin Kim,  S. Kotaru,  
 Shaozhi Li,  Xiangyuan Li,  F. Matz,  A. Molle,  V. Parravicini,  
 Haisheng Ren,  Hengyuan Shen,  Yingli Su,  Hung-Yi Tsai,  C. Utku,  
 Fang Wang,  Jeff Yang,  F. Zeller

 Contributors to earlier versions of Q-Chem not listed above: 
 R. D. Adamson,  B. Austin,  R. Baer,  J. Baker,  G. J. O. Beran,  
 K. Brandhorst,  S. T. Brown,  E. F. C. Byrd,  Arup K. Chakraborty,  
 G. K. L. Chan,  Chun-Min Chang,  Yunqing Chen,  C.-L. Cheng,  
 Siu Hung Chien,  D. M. Chipman,  D. L. Crittenden,  H. Dachsel,  
 R. J. Doerksen,  A. D. Dutoi,  R. G. Edgar,  J. Fosso-Tande,  
 L. Fusti-Molnar,  D. Ghosh,  A. Ghysels,  A. Golubeva-Zadorozhnaya,  
 J. Gonthier,  M. S. Gordon,  S. R. Gwaltney,  G. Hawkins,  J. E. Herr,  
 A. Heyden,  S. Hirata,  E. G. Hohenstein,  G. Kedziora,  F. J. Keil,  
 C. Kelley,  Jihan Kim,  R. A. King,  R. Z. Khaliullin,  P. P. Korambath,  
 W. Kurlancheek,  A. Laurent,  A. M. Lee,  M. S. Lee,  S. V. Levchenko,  
 Ching Yeh Lin,  D. Liotard,  E. Livshits,  R. C. Lochan,  I. Lotan,  
 L. A. Martinez-Martinez,  P. E. Maslen,  N. Nair,  D. P. O'Neill,  
 D. Neuhauser,  E. Neuscamman,  C. M. Oana,  R. Olivares-Amaya,  R. Olson,  
 T. M. Perrine,  B. Peters,  P. A. Pieniazek,  A. Prociuk,  Y. M. Rhee,  
 J. Ritchie,  M. A. Rohrdanz,  E. Rosta,  N. J. Russ,  H. F. Schaefer III,  
 M. W. Schmidt,  N. E. Schultz,  S. Sharma,  N. Shenvi,  C. D. Sherrill,  
 A. C. Simmonett,  A. Sodt,  T. Stein,  D. Stuck,  K. S. Thanthiriwatte,  
 V. Vanovschi,  L. Vogt,  Tao Wang,  A. Warshel,  M. A. Watson,  
 C. F. Williams,  Q. Wu,  X. Xu,  Jun Yang,  W. Zhang,  Yan Zhao

   Please cite Q-Chem as follows:
  "Software for the frontiers of quantum chemistry:
   An overview of developments in the Q-Chem 5 package"
   J. Chem. Phys. 155, 084801 (2021)
   https://doi.org/10.1063/5.0055522 (open access)

 Q-Chem 5.4.2 for Intel X86 EM64T Linux

 Parts of Q-Chem use Armadillo 9.900.5 (Nocturnal Misbehaviour).
 http://arma.sourceforge.net/

 Q-Chem begins on Fri Jan 12 13:58:45 2024  

 Host: 
0

     Scratch files written to /scratch/qchem833368//
 Dec1321 |scratch|qcdevops|jenkins|workspace|build_RNUM 5684   
 Processing $rem in /home/kchung25/qchem/5.4.0/config/preferences:
 Processing $rem in /home/kchung25/.qchemrc:

 Q-Chem warning in module libgen/rem_setup.C, line 3079:

 Neither GIA nor STOLL is specified by user. Use STOLL as the default


 Checking the input file for inconsistencies... 	...done.

--------------------------------------------------------------
User input:
--------------------------------------------------------------
$molecule
1 1
--
1 1
K      0.000000     0.000000     0.000000
--
0 1
O     -1.079975    -2.519084    -1.114293
H     -1.161689    -2.449086    -2.142292
H     -0.354682    -3.093749    -0.915162
O      1.908494     1.199004     1.428095
H      1.949247     2.134957     1.646687
H      2.266614     0.791491     2.173180
O      1.456059     1.407035    -1.667662
H      2.234873     1.586585    -1.148718
H      1.247923     2.161680    -2.201385
O      2.223638    -1.618894    -0.002776
H      2.648935    -1.081482     0.723639
H      2.271674    -2.530630     0.297885
O     -2.357044     0.556742    -0.791296
H     -2.362310     1.515093    -0.520705
H     -2.704638     0.650218    -1.700959
O     -1.360042    -0.673605     2.109571
H     -2.212517    -0.566043     1.680662
H     -1.415840    -1.458593     2.705608
$end

$rem
JOBTYPE          eda
EDA2             1
METHOD           wB97M-V
BASIS            def2-TZVPPD
SYMMETRY         false
MEM_TOTAL        50000
MEM_STATIC       10000
THRESH           14
SCF_CONVERGENCE  8
XC_GRID          000099000590
NL_GRID          1
EDA_CLS_DISP     true
FD_MAT_VEC_PROD  FALSE
$end
--------------------------------------------------------------
 ----------------------------------------------------------------
             Standard Nuclear Orientation (Angstroms)
    I     Atom           X                Y                Z
 ----------------------------------------------------------------
    1      K      -0.0243692503    -0.2120346867    -0.0730460348
    2      O      -2.1154483831     1.2729306565     1.4020963582
    3      H      -2.2698099701     0.8454532313     2.3304251755
    4      H      -1.6571595849     2.0915682144     1.5275829290
    5      O       2.3389709276    -0.1488831367    -1.3099980768
    6      H       2.7660428796    -0.8876108387    -1.7542302432
    7      H       2.5841174893     0.5770002706    -1.8223113395
    8      O       1.6844303522    -1.5040318043     1.4407898927
    9      H       2.5207381965    -1.2264027252     1.0780177767
   10      H       1.7345233520    -2.4151411767     1.6958199187
   11      O       1.3728207407     1.9702273037     0.8494420024
   12      H       2.0479835485     1.8804673357     0.1190542429
   13      H       1.0905079408     2.8885779506     0.8194653402
   14      O      -2.0427748281    -1.7651591807     0.0018583175
   15      H      -1.6435606069    -2.5221889396    -0.5072760548
   16      H      -2.4186049626    -2.2649373220     0.7542010880
   17      O      -1.3117370318     0.6118761426    -2.1748554654
   18      H      -2.0933921578     0.0858547315    -1.9889445223
   19      H      -1.6084645879     1.4803384657    -2.5385938785
 ----------------------------------------------------------------
 Molecular Point Group                 C1    NOp =  1
 Largest Abelian Subgroup              C1    NOp =  1
 Nuclear Repulsion Energy =         467.47911267 hartrees
 There are       39 alpha and       39 beta electrons
 Requested basis set is def2-TZVPPD
 There are 182 shells and 480 basis functions

 Q-Chem warning in module libmdc/get_mega.C, line 171:

 Allowed MEM_STATIC has been capped at MEM_STATIC=8191.
 Reduce the value of MEM_STATIC to silence this warning.


 Total QAlloc Memory Limit  50000 MB
 Mega-Array Size      8007 MB
 MEM_STATIC part      8191 MB
 A cutoff of  1.0D-14 yielded  14103 shell pairs
 There are     95341 function pairs (    114926 Cartesian)
 Smallest overlap matrix eigenvalue = 4.71E-05

 Scale SEOQF with 1.000000e-01/1.000000e-01/1.000000e-01

 Standard Electronic Orientation quadrupole field applied
 Nucleus-field energy     =     0.0000000042 hartrees

 -----------------------------------------------------------------------
  General SCF calculation program by
  Eric Jon Sundstrom, Paul Horn, Yuezhi Mao, Dmitri Zuev, Alec White,
  David Stuck, Shaama M.S., Shane Yost, Joonho Lee, David Small,
  Daniel Levine, Susi Lehtola, Hugh Burton, Evgeny Epifanovsky,
  Bang C. Huynh
 -----------------------------------------------------------------------
================================================================
                 ALMO-EDA with the EDA2 driver                  
================================================================
 The second-generation ALMO-EDA (for DFT):                      
 P. R. Horn, Y. Mao and M. Head-Gordon, PCCP, 18, 23067 (2016)  
 Y. Mao et al. Annu. Rev. Phys. Chem. 72, 641 (2021)            
 Decomposition of the frozen energy:                            
 P. R. Horn, Y. Mao and M. Head-Gordon, JCP, 144, 114107 (2016) 
 FERF model for polarization:                                   
 P. R. Horn and M. Head-Gordon, JCP, 143, 114111 (2015)         
================================================================
 Using eda2 option set 1
 Option set summary: Frozen orbital wavefunction, initial wavefunction decomposition, and nDQ polarization.
--------------------------------
Printing EDA Options
--------------------------------
eda_child_super_basis      0
fragmo_guess_mode          0
child_mp                   1
child_mp_orders            232
cls_elec                   1
cls_disp                   1
scfmi_mode                 1
scfmi_occs                 0
scfmi_virts                0
frz_relax                  0
frz_relax_method           0
dc_pen_start               0
dc_pen_conv                0
dc_pen_increment           0
dc_pen_steps               0
dc_pen_thresh_factor       0
dc_pen_pre_newton_thresh   0
frz_ortho_decomp           1
frz_ortho_decomp_conv      6
plot_mo_ortho_frz          0
frgm_method                2
scfmi_freeze_ss            0
separate_rehyb             0
plot_diff_den              0
eda_nocv                   0
eda_vct_relax              1
disp_free_x                0
disp_free_c                0
eda_bsse                   0
eda_pct_a                  0
eda_covp                   0
--------------------------------
Attempting to make child job directory: /scratch/qchem833368//Frg1/
Attempting to make child job directory: /scratch/qchem833368//Frg2/
Creating input file /scratch/qchem833368/Frg1.input
using default PutDataFrgm: nothing
calling putenv with: QCSCRATCH=/scratch/qchem833368/ 
Spawning Job For Fragment 0
Done Job For Fragment 0
calling putenv with: QCSCRATCH=/scratch 
calling putenv with: QCTHREADS=6 
Creating input file /scratch/qchem833368/Frg2.input
using default PutDataFrgm: nothing
calling putenv with: QCSCRATCH=/scratch/qchem833368/ 
Spawning Job For Fragment 1
Done Job For Fragment 1
calling putenv with: QCSCRATCH=/scratch 
calling putenv with: QCTHREADS=6 
Doing General SCFMI
 Exchange:     0.1500 Hartree-Fock + 1.0000 wB97M-V + LR-HF
 Correlation:  1.0000 wB97M-V
 Using Euler-Maclaurin-Lebedev (99,590) quadrature formula
 Nonlocal Correlation:  VV10 with C = 0.0100 and b = 6.00 and scale = 1.00000
 Grid used for NLC:  SG-1 standard quadrature
performing fock build before subrot guess so that all methods have access
Printing subrot_rss_gen Method Specification:
Occupied Subspace Method is 0
Virtual Subspace Method is 0
Energy of the unrelaxed supersystem initial determinant -1058.398813376921
write pseudocanon occs and virts to disk
write pseudocanon orbital energies to disk
Tolerance of ortho_decomp_scf: 1.00e-06
GDM subspace size: 20
Beginning the Orthogonal Decomposition of the Initial Supersystem Wavefunction
    1   -1058.1505693097      2.99e-01     ortho_decomp Preconditoned Steepest Descent
    2   -1058.1996095434      2.95e-03     ortho_decomp BFGS Step
    3   -1058.1996325866      1.28e-04     ortho_decomp BFGS Step
    4   -1058.1996326424      5.42e-06     ortho_decomp BFGS Step
    5   -1058.1996326425      9.95e-08     ortho_decomp 00000 Convergence criterion met
 Hartree-Fock
 Hartree-Fock
 Hartree-Fock
 Exchange:     0.1500 Hartree-Fock + 1.0000 wB97M-V + LR-HF
 Correlation:  1.0000 wB97M-V
 Using Euler-Maclaurin-Lebedev (99,590) quadrature formula
 Nonlocal Correlation:  VV10 with C = 0.0100 and b = 6.00 and scale = 1.00000
 Grid used for NLC:  SG-1 standard quadrature
 Long-range K will be added via erf
 Coulomb attenuation parameter = 0.3 bohr**(-1)
 Nonlocal correlation = 3.232966451676e-01
Doing General SCFMI
 Exchange:     0.1500 Hartree-Fock + 1.0000 wB97M-V + LR-HF
 Correlation:  1.0000 wB97M-V
 Using Euler-Maclaurin-Lebedev (99,590) quadrature formula
 Nonlocal Correlation:  VV10 with C = 0.0100 and b = 6.00 and scale = 1.00000
 Grid used for NLC:  SG-1 standard quadrature
performing fock build at end of subrot_r(subrot) constructor so that all methods have access
<S^2> of initial wavefunction before polarization iterations 0.0000000000
Beginning iterations for the determination of the polarized wavefunction
Energy prior to optimization (guess energy) = -1058.398813376921
Begin Timing: Total SCF Calculation
begin iterations for algorithm: DIIS         
the SCF tolerance is set to 1.00e-08
    1   -1058.3988133769      6.94e-04     00000 
    2   -1058.4268819422      2.97e-04     00000 
    3   -1058.4291411441      1.33e-04     00000 
    4   -1058.4296271535      3.82e-05     00000 
    5   -1058.4297116700      1.13e-05     00000 
    6   -1058.4297275525      4.75e-06     00000 
    7   -1058.4297294321      2.70e-06     00000 
    8   -1058.4297300319      6.00e-07     00000 
    9   -1058.4297300760      1.95e-07     00000 
   10   -1058.4297300793      6.93e-08     00000 
   11   -1058.4297300795      3.45e-08     00000 
   12   -1058.4297300796      1.10e-08     00000 
   13   -1058.4297300796      4.07e-09     00000 Convergence criterion met
write pseudocanon occs and virts to disk
write pseudocanon orbital energies to disk
Timing for Total SCF: 319.00s (wall), 1912.55s (cpu)
<S^2> of polarized wavefunction after polarization iterations 0.0000000000
relaxing scfmi constraint to allow all rotations in the entire AO span
Doing General SCFMI
 Exchange:     0.1500 Hartree-Fock + 1.0000 wB97M-V + LR-HF
 Correlation:  1.0000 wB97M-V
 Using Euler-Maclaurin-Lebedev (99,590) quadrature formula
 Nonlocal Correlation:  VV10 with C = 0.0100 and b = 6.00 and scale = 1.00000
 Grid used for NLC:  SG-1 standard quadrature
performing fock build at end of subrot_r(subrot) constructor so that all methods have access
<S^2> of polarized wavefunction before ct-allowed iterations 0.0000000000
Beginning iterations for the determination of the CT-Allowed wavefunction
Energy prior to optimization (guess energy) = -1058.429730079580
Begin Timing: Total SCF Calculation
begin iterations for algorithm: DIIS         
the SCF tolerance is set to 1.00e-08
    1   -1058.4297300796      2.59e-04     00000 
    2   -1058.4345549614      2.30e-05     00000 
    3   -1058.4346746104      5.54e-06     00000 
    4   -1058.4346772392      4.92e-06     00000 
    5   -1058.4346790059      3.14e-07     00000 
    6   -1058.4346790174      7.67e-08     00000 
    7   -1058.4346790183      4.06e-08     00000 
    8   -1058.4346790185      7.13e-09     00000 Convergence criterion met
write pseudocanon occs and virts to disk
write pseudocanon orbital energies to disk
Timing for Total SCF: 185.00s (wall), 1110.42s (cpu)
<S^2> of ct_allowed wavefunction after ct-allowed iterations 0.0000000000

================================
        Results of EDA2         
================================
Basic EDA Quantities
--------------------
Fragment Energies (Ha):
1 -599.7243958034
2 -458.5986264847
--------------------
  E_prp (kJ/mol) = 0.0000
  E_frz (kJ/mol) = -198.9919
  E_pol (kJ/mol) = -81.1728
  E_vct (kJ/mol) = -12.9936
  E_int (kJ/mol) = -293.1582
--------------------


Decomposition of frozen interaction energy
--------------------
  --------------------
  Orthogonal Frozen Decomposition:
  --------------------
     E_elec   (ELEC)   (kJ/mol) = -433.3139
     E_pauli  (PAULI)  (kJ/mol) = 273.0351
     E_disp   (DISP)   (kJ/mol) = -38.7131
  --------------------
  Classical Frozen Decomposition:
  --------------------
     E_cls_elec  (CLS ELEC)  (kJ/mol) = -339.4052
     E_mod_pauli (MOD PAULI) (kJ/mol) = 175.9089 (FRZ - CLS ELEC - CLS DISP)
     E_cls_disp  (CLS DISP)  (kJ/mol) = -35.4956
  --------------------
--------------------

Simplified EDA Summary (kJ/mol)
--------------------
 PREPARATION      0.0000
 FROZEN           -198.9919 (ELEC + PAULI + DISP)
[ELEC + PAULI = -163.4963, DISP = -35.4956]
 POLARIZATION    -81.1728
 CHARGE TRANSFER -12.9936
 TOTAL           -293.1582     (PRP + FRZ + POL + CT)
--------------------
 
 --------------------------------------------------------------
 
                    Orbital Energies (a.u.)
 --------------------------------------------------------------
 
 Alpha MOs
 -- Occupied --
******** -19.4954 -19.4918 -19.4791 -19.4707 -19.4702 -19.4630 -13.4631
-10.7415 -10.7412 -10.7410  -1.5650  -1.3153  -1.2877  -1.2830  -1.2752
 -1.2703  -1.2534  -0.9199  -0.9167  -0.9167  -0.8108  -0.7923  -0.7772
 -0.7738  -0.7705  -0.7581  -0.6775  -0.6655  -0.6454  -0.6403  -0.6341
 -0.6189  -0.5944  -0.5812  -0.5694  -0.5676  -0.5619  -0.5501
 -- Virtual --
 -0.1177  -0.0990  -0.0918  -0.0814  -0.0565  -0.0528  -0.0473  -0.0333
 -0.0282  -0.0202  -0.0176  -0.0126  -0.0067  -0.0065  -0.0034   0.0020
  0.0052   0.0141   0.0161   0.0198   0.0339   0.0365   0.0440   0.0451
  0.0548   0.0622   0.0654   0.0686   0.0737   0.0806   0.0894   0.0911
  0.1014   0.1094   0.1141   0.1191   0.1275   0.1312   0.1380   0.1450
  0.1511   0.1579   0.1608   0.1644   0.1721   0.1742   0.1783   0.1848
  0.1913   0.1961   0.1998   0.2074   0.2108   0.2198   0.2204   0.2218
  0.2280   0.2334   0.2362   0.2408   0.2427   0.2453   0.2474   0.2552
  0.2572   0.2660   0.2696   0.2753   0.2768   0.2798   0.2845   0.2905
  0.2924   0.2943   0.3033   0.3057   0.3067   0.3086   0.3147   0.3208
  0.3265   0.3321   0.3342   0.3462   0.3516   0.3535   0.3557   0.3688
  0.3711   0.3765   0.3874   0.4006   0.4118   0.4174   0.4239   0.4365
  0.4452   0.4503   0.4549   0.4688   0.4736   0.4785   0.4819   0.4923
  0.4956   0.5083   0.5111   0.5252   0.5261   0.5363   0.5438   0.5513
  0.5602   0.5666   0.5676   0.5807   0.5903   0.6053   0.6213   0.6327
  0.6445   0.6619   0.6758   0.6784   0.6844   0.6915   0.7044   0.7258
  0.7371   0.7379   0.7424   0.7636   0.7684   0.7717   0.7740   0.7896
  0.7996   0.8069   0.8158   0.8212   0.8361   0.8450   0.8583   0.8688
  0.8897   0.9108   0.9233   0.9284   0.9326   0.9618   0.9720   0.9738
  0.9922   1.0022   1.0161   1.0294   1.0312   1.0391   1.0519   1.0537
  1.0707   1.0727   1.0897   1.1014   1.1122   1.1183   1.1220   1.1324
  1.1343   1.1490   1.1532   1.1565   1.1796   1.1843   1.2032   1.2091
  1.2348   1.2383   1.2557   1.2599   1.2644   1.2802   1.2875   1.2937
  1.3075   1.3149   1.3282   1.3424   1.3487   1.3601   1.3861   1.3894
  1.4008   1.4048   1.4251   1.4384   1.4584   1.4799   1.5514   1.6127
  1.6643   1.8453   1.8529   1.8559   1.8633   1.8710   1.8821   1.8929
  1.8987   1.9135   1.9211   1.9338   1.9400   1.9602   1.9759   1.9963
  2.0194   2.0218   2.0366   2.0976   2.1093   2.1139   2.1210   2.1400
  2.1546   2.1810   2.1926   2.2043   2.2091   2.2601   2.2707   2.5407
  2.5543   2.5897   2.6199   2.6463   2.6685   2.7306   2.7467   2.7554
  2.7987   2.8191   2.8479   2.8641   2.8654   2.8728   2.8960   2.9124
  2.9309   3.0293   3.0596   3.0852   3.0922   3.1113   3.1209   3.1293
  3.1370   3.1450   3.1477   3.1625   3.1732   3.1765   3.1831   3.1978
  3.2191   3.2361   3.2420   3.2754   3.2865   3.2930   3.2988   3.3055
  3.3069   3.3219   3.3276   3.3385   3.3460   3.3491   3.3585   3.3689
  3.3750   3.3838   3.3958   3.4013   3.4088   3.4177   3.4273   3.4306
  3.4465   3.4686   3.5027   3.5502   3.5809   3.6111   3.6163   3.6278
  3.6379   3.7524   3.8037   3.8203   3.8282   3.8410   3.8499   3.8583
  3.8820   3.8960   3.9031   3.9134   3.9363   3.9558   3.9606   3.9751
  3.9847   3.9928   4.0043   4.0135   4.0171   4.0273   4.0423   4.0432
  4.0526   4.0565   4.0688   4.0833   4.0856   4.0944   4.0969   4.1169
  4.1214   4.1347   4.1440   4.1533   4.1549   4.1660   4.1726   4.1895
  4.2154   4.2218   4.2255   4.5399   4.5739   4.5820   4.6048   4.6263
  4.6315   4.6403   4.6436   4.6608   4.6658   4.6803   4.7329   4.8217
  4.8668   4.8721   4.9026   4.9230   4.9573   5.0587   5.0719   5.0858
  5.0982   5.1409   5.2039   5.5259   5.5282   5.5403   5.5440   5.5699
  5.6011   5.9837   6.0454   6.0737   6.1009   6.1541   6.2408   6.2530
  6.2882   6.3242   6.3448   6.3840   6.4114   6.4204   6.4670   6.4776
  6.4808   6.5014   6.5131   6.5205   6.5320   6.5459   6.5483   6.5641
  6.5724   6.5732   6.5819   6.5855   6.6096   6.6176   6.6220   6.6450
  6.6592   6.6742   6.6833   6.7064   6.7190   6.7278   6.7393   6.7436
  6.7593   6.7625   6.7881   6.8557   6.9263   6.9333   6.9569   6.9837
  7.0334   7.3396   7.3554   7.3603   7.3700   7.3953   7.3975   7.4386
  7.4517   7.4772   7.5085   7.5439   7.6148   7.6474   7.7230   7.7460
  7.7509   7.8040   7.8526  44.1719  44.1920  44.2352  44.2719  44.3058
 44.3262
 --------------------------------------------------------------
 
          Ground-State Mulliken Net Atomic Charges

     Atom                 Charge (a.u.)
  ----------------------------------------
      1 K                     0.961570
      2 O                    -0.384102
      3 H                     0.235247
      4 H                     0.164798
      5 O                    -0.210244
      6 H                     0.117443
      7 H                     0.097960
      8 O                    -0.326982
      9 H                     0.193984
     10 H                     0.120075
     11 O                    -0.340430
     12 H                     0.225882
     13 H                     0.131754
     14 O                    -0.316444
     15 H                     0.210909
     16 H                     0.129800
     17 O                    -0.393515
     18 H                     0.210529
     19 H                     0.171767
  ----------------------------------------
  Sum of atomic charges =     1.000000

 -----------------------------------------------------------------
                    Cartesian Multipole Moments
 -----------------------------------------------------------------
    Charge (ESU x 10^10)
                 4.8032
    Dipole Moment (Debye)
         X       1.7745      Y      -1.3851      Z      -1.4171
       Tot       2.6600
    Quadrupole Moments (Debye-Ang)
        XX     -27.6143     XY       1.2346     YY     -18.9817
        XZ      -8.6218     YZ      -4.2026     ZZ     -36.1938
    Octopole Moments (Debye-Ang^2)
       XXX      38.7726    XXY     -20.4577    XYY       0.9219
       YYY      -4.9668    XXZ     -19.5785    XYZ      -0.4656
       YYZ       8.4374    XZZ     -13.3003    YZZ       5.1091
       ZZZ      -1.8610
    Hexadecapole Moments (Debye-Ang^3)
      XXXX    -742.5805   XXXY       4.4971   XXYY    -144.1363
      XYYY      30.1212   YYYY    -282.7758   XXXZ     -59.4589
      XXYZ     -40.5487   XYYZ       3.6903   YYYZ     -16.2562
      XXZZ    -115.5922   XYZZ     -37.9437   YYZZ    -106.4911
      XZZZ     -61.9985   YZZZ     -25.2064   ZZZZ    -446.5594
 -----------------------------------------------------------------
 Total job time:  2587.41s(wall), 5737.09s(cpu) 
 Fri Jan 12 14:41:52 2024

        *************************************************************
        *                                                           *
        *  Thank you very much for using Q-Chem.  Have a nice day.  *
        *                                                           *
        *************************************************************


