
Running Job 1 of 1 120_K-Water_Cls_093_almo.in
qchem 120_K-Water_Cls_093_almo.in_905690.0 /scratch/qchem905690/ 6
/home/kchung25/qchem/5.4.0/exe/qcprog.exe_s 120_K-Water_Cls_093_almo.in_905690.0 /scratch/qchem905690/
                  Welcome to Q-Chem
     A Quantum Leap Into The Future Of Chemistry


 Q-Chem 5.4, Q-Chem, Inc., Pleasanton, CA (2021)

 E. Epifanovsky,  A. T. B. Gilbert,  Xintian Feng,  Joonho Lee,  Yuezhi Mao,  
 N. Mardirossian,  P. Pokhilko,  A. White,  M. Wormit,  M. P. Coons,  
 A. L. Dempwolff,  Zhengting Gan,  D. Hait,  P. R. Horn,  L. D. Jacobson,  
 I. Kaliman,  J. Kussmann,  A. W. Lange,  Ka Un Lao,  D. S. Levine,  Jie Liu,  
 S. C. McKenzie,  A. F. Morrison,  K. Nanda,  F. Plasser,  D. R. Rehn,  
 M. L. Vidal,  Zhi-Qiang You,  Ying Zhu,  B. Alam,  B. Albrecht,  
 A. Aldossary,  E. Alguire,  J. H. Andersen,  D. Barton,  K. Begam,  A. Behn,  
 Y. A. Bernard,  E. J. Berquist,  H. Burton,  A. Carreras,  K. Carter-Fenk,  
 Romit Chakraborty,  A. D. Chien,  K. D. Closser,  V. Cofer-Shabica,  
 S. Dasgupta,  Jia Deng,  M. de Wergifosse,  M. Diedenhofen,  Hainam Do,  
 S. Ehlert,  Po-Tung Fang,  S. Fatehi,  Qingguo Feng,  T. Friedhoff,  
 J. Gayvert,  Qinghui Ge,  G. Gidofalvi,  M. Goldey,  J. Gomes,  
 C. Gonzalez-Espinoza,  S. Gulania,  A. Gunina,  M. W. D. Hanson-Heine,  
 P. H. P. Harbach,  A. W. Hauser,  M. F. Herbst,  M. Hernandez Vera,  
 M. Hodecker,  Z. C. Holden,  S. Houck,  Xunkun Huang,  Kerwin Hui,  
 B. C. Huynh,  M. Ivanov,  Hyunjun Ji,  Hanjie Jiang,  B. Kaduk,  S. Kaehler,  
 K. Khistyaev,  Jaehoon Kim,  P. Klunzinger,  Z. Koczor-Benda,  
 Joong Hoon Koh,  D. Kosenkov,  L. Koulias,  T. Kowalczyk,  C. M. Krauter,  
 K. Kue,  A. Kunitsa,  T. Kus,  A. Landau,  K. V. Lawler,  D. Lefrancois,  
 S. Lehtola,  Rain Li,  Yi-Pei Li,  Jiashu Liang,  M. Liebenthal,  
 Hung-Hsuan Lin,  You-Sheng Lin,  Fenglai Liu,  Kuan-Yu Liu,  
 M. Loipersberger,  A. Luenser,  A. Manjanath,  P. Manohar,  E. Mansoor,  
 S. F. Manzer,  Shan-Ping Mao,  A. V. Marenich,  T. Markovich,  S. Mason,  
 S. A. Maurer,  P. F. McLaughlin,  M. F. S. J. Menger,  J.-M. Mewes,  
 S. A. Mewes,  P. Morgante,  J. W. Mullinax,  K. J. Oosterbaan,  G. Paran,  
 Alexander C. Paul,  Suranjan K. Paul,  F. Pavosevic,  Zheng Pei,  S. Prager,  
 E. I. Proynov,  E. Ramos,  B. Rana,  A. E. Rask,  A. Rettig,  R. M. Richard,  
 F. Rob,  E. Rossomme,  T. Scheele,  M. Scheurer,  M. Schneider,  
 N. Sergueev,  S. M. Sharada,  W. Skomorowski,  D. W. Small,  C. J. Stein,  
 Yu-Chuan Su,  E. J. Sundstrom,  Zhen Tao,  J. Thirman,  T. Tsuchimochi,  
 N. M. Tubman,  S. P. Veccham,  O. Vydrov,  J. Wenzel,  J. Witte,  A. Yamada,  
 Kun Yao,  S. Yeganeh,  S. R. Yost,  A. Zech,  Igor Ying Zhang,  Xing Zhang,  
 Yu Zhang,  D. Zuev,  A. Aspuru-Guzik,  A. T. Bell,  N. A. Besley,  
 K. B. Bravaya,  B. R. Brooks,  D. Casanova,  Jeng-Da Chai,  S. Coriani,  
 C. J. Cramer,  A. E. DePrince, III,  R. A. DiStasio Jr.,  A. Dreuw,  
 B. D. Dunietz,  T. R. Furlani,  W. A. Goddard III,  S. Grimme,  
 S. Hammes-Schiffer,  T. Head-Gordon,  W. J. Hehre,  Chao-Ping Hsu,  
 T.-C. Jagau,  Yousung Jung,  A. Klamt,  Jing Kong,  D. S. Lambrecht,  
 WanZhen Liang,  N. J. Mayhall,  C. W. McCurdy,  J. B. Neaton,  T. Neudecker,  
 C. Ochsenfeld,  J. A. Parkhill,  R. Peverati,  V. A. Rassolov,  Yihan Shao,  
 L. V. Slipchenko,  R. P. Steele,  J. E. Subotnik,  A. J. W. Thom,  
 A. Tkatchenko,  D. G. Truhlar,  T. Van Voorhis,  T. A. Wesolowski,  
 K. B. Whaley,  H. L. Woodcock III,  P. M. Zimmerman,  S. Faraji,  
 P. M. W. Gill,  M. Head-Gordon,  J. M. Herbert,  A. I. Krylov

 Additional authors since Version 5.4.0: 
 Chandrima Chakravarty,  L. Cunha,  R. Kang,  Yongbin Kim,  S. Kotaru,  
 Shaozhi Li,  Xiangyuan Li,  F. Matz,  A. Molle,  V. Parravicini,  
 Haisheng Ren,  Hengyuan Shen,  Yingli Su,  Hung-Yi Tsai,  C. Utku,  
 Fang Wang,  Jeff Yang,  F. Zeller

 Contributors to earlier versions of Q-Chem not listed above: 
 R. D. Adamson,  B. Austin,  R. Baer,  J. Baker,  G. J. O. Beran,  
 K. Brandhorst,  S. T. Brown,  E. F. C. Byrd,  Arup K. Chakraborty,  
 G. K. L. Chan,  Chun-Min Chang,  Yunqing Chen,  C.-L. Cheng,  
 Siu Hung Chien,  D. M. Chipman,  D. L. Crittenden,  H. Dachsel,  
 R. J. Doerksen,  A. D. Dutoi,  R. G. Edgar,  J. Fosso-Tande,  
 L. Fusti-Molnar,  D. Ghosh,  A. Ghysels,  A. Golubeva-Zadorozhnaya,  
 J. Gonthier,  M. S. Gordon,  S. R. Gwaltney,  G. Hawkins,  J. E. Herr,  
 A. Heyden,  S. Hirata,  E. G. Hohenstein,  G. Kedziora,  F. J. Keil,  
 C. Kelley,  Jihan Kim,  R. A. King,  R. Z. Khaliullin,  P. P. Korambath,  
 W. Kurlancheek,  A. Laurent,  A. M. Lee,  M. S. Lee,  S. V. Levchenko,  
 Ching Yeh Lin,  D. Liotard,  E. Livshits,  R. C. Lochan,  I. Lotan,  
 L. A. Martinez-Martinez,  P. E. Maslen,  N. Nair,  D. P. O'Neill,  
 D. Neuhauser,  E. Neuscamman,  C. M. Oana,  R. Olivares-Amaya,  R. Olson,  
 T. M. Perrine,  B. Peters,  P. A. Pieniazek,  A. Prociuk,  Y. M. Rhee,  
 J. Ritchie,  M. A. Rohrdanz,  E. Rosta,  N. J. Russ,  H. F. Schaefer III,  
 M. W. Schmidt,  N. E. Schultz,  S. Sharma,  N. Shenvi,  C. D. Sherrill,  
 A. C. Simmonett,  A. Sodt,  T. Stein,  D. Stuck,  K. S. Thanthiriwatte,  
 V. Vanovschi,  L. Vogt,  Tao Wang,  A. Warshel,  M. A. Watson,  
 C. F. Williams,  Q. Wu,  X. Xu,  Jun Yang,  W. Zhang,  Yan Zhao

   Please cite Q-Chem as follows:
  "Software for the frontiers of quantum chemistry:
   An overview of developments in the Q-Chem 5 package"
   J. Chem. Phys. 155, 084801 (2021)
   https://doi.org/10.1063/5.0055522 (open access)

 Q-Chem 5.4.2 for Intel X86 EM64T Linux

 Parts of Q-Chem use Armadillo 9.900.5 (Nocturnal Misbehaviour).
 http://arma.sourceforge.net/

 Q-Chem begins on Sun Jan 14 01:06:50 2024  

 Host: 
0

     Scratch files written to /scratch/qchem905690//
 Dec1321 |scratch|qcdevops|jenkins|workspace|build_RNUM 5684   
 Processing $rem in /home/kchung25/qchem/5.4.0/config/preferences:
 Processing $rem in /home/kchung25/.qchemrc:

 Q-Chem warning in module libgen/rem_setup.C, line 3079:

 Neither GIA nor STOLL is specified by user. Use STOLL as the default


 Checking the input file for inconsistencies... 	...done.

--------------------------------------------------------------
User input:
--------------------------------------------------------------
$molecule
1 1
--
1 1
K      0.000000     0.000000     0.000000
--
0 1
O     -1.080651     0.306429     2.551299
H     -1.823175     0.297793     3.180353
H     -0.354899     0.660309     3.103492
O      2.278387    -0.702459    -1.607685
H      2.138970    -0.719093    -2.593983
H      3.142648    -0.207233    -1.591648
O      0.117076     1.812209    -2.183024
H      0.976217     1.536841    -2.563700
H      0.141175     2.783659    -2.179207
O     -0.797458     2.800333     0.664685
H     -1.133208     2.542766     1.514255
H      0.012475     3.272720     0.925054
O      0.106479    -2.530132     1.323326
H      0.105693    -2.479833     2.282568
H      0.086604    -3.458505     1.108124
$end

$rem
JOBTYPE          eda
EDA2             1
METHOD           wB97M-V
BASIS            def2-TZVPPD
SYMMETRY         false
MEM_TOTAL        50000
MEM_STATIC       10000
THRESH           14
SCF_CONVERGENCE  8
XC_GRID          000099000590
NL_GRID          1
EDA_CLS_DISP     true
FD_MAT_VEC_PROD  FALSE
$end
--------------------------------------------------------------
 ----------------------------------------------------------------
             Standard Nuclear Orientation (Angstroms)
    I     Atom           X                Y                Z
 ----------------------------------------------------------------
    1      K       0.0464141061    -0.1962952418     0.2394962395
    2      O       2.3518057899     1.3161665346    -0.1709431130
    3      H       3.1058561845     1.8429532691     0.1469077089
    4      H       2.4216291898     1.4314306331    -1.1398099818
    5      O      -1.6598269730    -2.3246285319    -0.6704959661
    6      H      -2.4272614328    -2.5625048715    -0.0814656345
    7      H      -2.1432102724    -2.3143231491    -1.5415226232
    8      O      -2.6454788153     0.6157152371     0.6366782072
    9      H      -3.0969047224    -0.1293358530     0.1894886124
   10      H      -3.1028304023     1.4139257652     0.3236288299
   11      O      -0.4632680829     2.7043724795    -0.2564484737
   12      H       0.4647359650     2.8974195259    -0.3052268695
   13      H      -0.7166432237     2.7929702750    -1.1918010420
   14      O       2.2913877202    -1.9633406955     0.2812245734
   15      H       3.0637816829    -1.6394461198    -0.1890686244
   16      H       2.5520219037    -2.7897600703     0.6783192510
 ----------------------------------------------------------------
 Molecular Point Group                 C1    NOp =  1
 Largest Abelian Subgroup              C1    NOp =  1
 Nuclear Repulsion Energy =         339.44094777 hartrees
 There are       34 alpha and       34 beta electrons
 Requested basis set is def2-TZVPPD
 There are 154 shells and 406 basis functions

 Q-Chem warning in module libmdc/get_mega.C, line 171:

 Allowed MEM_STATIC has been capped at MEM_STATIC=8191.
 Reduce the value of MEM_STATIC to silence this warning.


 Total QAlloc Memory Limit  50000 MB
 Mega-Array Size      8007 MB
 MEM_STATIC part      8191 MB
 A cutoff of  1.0D-14 yielded   9859 shell pairs
 There are     66671 function pairs (     80436 Cartesian)
 Smallest overlap matrix eigenvalue = 9.98E-05

 Scale SEOQF with 1.000000e-01/1.000000e-01/1.000000e-01

 Standard Electronic Orientation quadrupole field applied
 Nucleus-field energy     =     0.0000000205 hartrees

 -----------------------------------------------------------------------
  General SCF calculation program by
  Eric Jon Sundstrom, Paul Horn, Yuezhi Mao, Dmitri Zuev, Alec White,
  David Stuck, Shaama M.S., Shane Yost, Joonho Lee, David Small,
  Daniel Levine, Susi Lehtola, Hugh Burton, Evgeny Epifanovsky,
  Bang C. Huynh
 -----------------------------------------------------------------------
================================================================
                 ALMO-EDA with the EDA2 driver                  
================================================================
 The second-generation ALMO-EDA (for DFT):                      
 P. R. Horn, Y. Mao and M. Head-Gordon, PCCP, 18, 23067 (2016)  
 Y. Mao et al. Annu. Rev. Phys. Chem. 72, 641 (2021)            
 Decomposition of the frozen energy:                            
 P. R. Horn, Y. Mao and M. Head-Gordon, JCP, 144, 114107 (2016) 
 FERF model for polarization:                                   
 P. R. Horn and M. Head-Gordon, JCP, 143, 114111 (2015)         
================================================================
 Using eda2 option set 1
 Option set summary: Frozen orbital wavefunction, initial wavefunction decomposition, and nDQ polarization.
--------------------------------
Printing EDA Options
--------------------------------
eda_child_super_basis      0
fragmo_guess_mode          0
child_mp                   1
child_mp_orders            232
cls_elec                   1
cls_disp                   1
scfmi_mode                 1
scfmi_occs                 0
scfmi_virts                0
frz_relax                  0
frz_relax_method           0
dc_pen_start               0
dc_pen_conv                0
dc_pen_increment           0
dc_pen_steps               0
dc_pen_thresh_factor       0
dc_pen_pre_newton_thresh   0
frz_ortho_decomp           1
frz_ortho_decomp_conv      6
plot_mo_ortho_frz          0
frgm_method                2
scfmi_freeze_ss            0
separate_rehyb             0
plot_diff_den              0
eda_nocv                   0
eda_vct_relax              1
disp_free_x                0
disp_free_c                0
eda_bsse                   0
eda_pct_a                  0
eda_covp                   0
--------------------------------
Attempting to make child job directory: /scratch/qchem905690//Frg1/
Attempting to make child job directory: /scratch/qchem905690//Frg2/
Creating input file /scratch/qchem905690/Frg1.input
using default PutDataFrgm: nothing
calling putenv with: QCSCRATCH=/scratch/qchem905690/ 
Spawning Job For Fragment 0
Done Job For Fragment 0
calling putenv with: QCSCRATCH=/scratch 
calling putenv with: QCTHREADS=6 
Creating input file /scratch/qchem905690/Frg2.input
using default PutDataFrgm: nothing
calling putenv with: QCSCRATCH=/scratch/qchem905690/ 
Spawning Job For Fragment 1
Done Job For Fragment 1
calling putenv with: QCSCRATCH=/scratch 
calling putenv with: QCTHREADS=6 
Doing General SCFMI
 Exchange:     0.1500 Hartree-Fock + 1.0000 wB97M-V + LR-HF
 Correlation:  1.0000 wB97M-V
 Using Euler-Maclaurin-Lebedev (99,590) quadrature formula
 Nonlocal Correlation:  VV10 with C = 0.0100 and b = 6.00 and scale = 1.00000
 Grid used for NLC:  SG-1 standard quadrature
performing fock build before subrot guess so that all methods have access
Printing subrot_rss_gen Method Specification:
Occupied Subspace Method is 0
Virtual Subspace Method is 0
Energy of the unrelaxed supersystem initial determinant -981.969901637855
write pseudocanon occs and virts to disk
write pseudocanon orbital energies to disk
Tolerance of ortho_decomp_scf: 1.00e-06
GDM subspace size: 20
Beginning the Orthogonal Decomposition of the Initial Supersystem Wavefunction
    1    -981.8219961229      2.09e-01     ortho_decomp Preconditoned Steepest Descent
    2    -981.8417978905      1.90e-03     ortho_decomp BFGS Step
    3    -981.8418056487      7.57e-05     ortho_decomp BFGS Step
    4    -981.8418056657      3.14e-06     ortho_decomp BFGS Step
    5    -981.8418056657      5.82e-08     ortho_decomp 00000 Convergence criterion met
 Hartree-Fock
 Hartree-Fock
 Hartree-Fock
 Exchange:     0.1500 Hartree-Fock + 1.0000 wB97M-V + LR-HF
 Correlation:  1.0000 wB97M-V
 Using Euler-Maclaurin-Lebedev (99,590) quadrature formula
 Nonlocal Correlation:  VV10 with C = 0.0100 and b = 6.00 and scale = 1.00000
 Grid used for NLC:  SG-1 standard quadrature
 Long-range K will be added via erf
 Coulomb attenuation parameter = 0.3 bohr**(-1)
 Nonlocal correlation = 2.842972103986e-01
Doing General SCFMI
 Exchange:     0.1500 Hartree-Fock + 1.0000 wB97M-V + LR-HF
 Correlation:  1.0000 wB97M-V
 Using Euler-Maclaurin-Lebedev (99,590) quadrature formula
 Nonlocal Correlation:  VV10 with C = 0.0100 and b = 6.00 and scale = 1.00000
 Grid used for NLC:  SG-1 standard quadrature
performing fock build at end of subrot_r(subrot) constructor so that all methods have access
<S^2> of initial wavefunction before polarization iterations 0.0000000000
Beginning iterations for the determination of the polarized wavefunction
Energy prior to optimization (guess energy) = -981.969901637855
Begin Timing: Total SCF Calculation
begin iterations for algorithm: DIIS         
the SCF tolerance is set to 1.00e-08
    1    -981.9699016379      6.65e-04     00000 
    2    -981.9894639138      2.99e-04     00000 
    3    -981.9911091090      1.44e-04     00000 
    4    -981.9915365350      3.71e-05     00000 
    5    -981.9916037299      1.06e-05     00000 
    6    -981.9916137438      3.71e-06     00000 
    7    -981.9916145511      2.09e-06     00000 
    8    -981.9916147400      4.22e-07     00000 
    9    -981.9916147509      1.23e-07     00000 
   10    -981.9916147519      3.75e-08     00000 
   11    -981.9916147520      1.79e-08     00000 
   12    -981.9916147520      3.91e-09     00000 Convergence criterion met
write pseudocanon occs and virts to disk
write pseudocanon orbital energies to disk
Timing for Total SCF: 169.00s (wall), 1010.59s (cpu)
<S^2> of polarized wavefunction after polarization iterations 0.0000000000
relaxing scfmi constraint to allow all rotations in the entire AO span
Doing General SCFMI
 Exchange:     0.1500 Hartree-Fock + 1.0000 wB97M-V + LR-HF
 Correlation:  1.0000 wB97M-V
 Using Euler-Maclaurin-Lebedev (99,590) quadrature formula
 Nonlocal Correlation:  VV10 with C = 0.0100 and b = 6.00 and scale = 1.00000
 Grid used for NLC:  SG-1 standard quadrature
performing fock build at end of subrot_r(subrot) constructor so that all methods have access
<S^2> of polarized wavefunction before ct-allowed iterations 0.0000000000
Beginning iterations for the determination of the CT-Allowed wavefunction
Energy prior to optimization (guess energy) = -981.991614751992
Begin Timing: Total SCF Calculation
begin iterations for algorithm: DIIS         
the SCF tolerance is set to 1.00e-08
    1    -981.9916147520      2.41e-04     00000 
    2    -981.9940725959      1.86e-05     00000 
    3    -981.9941355582      3.98e-06     00000 
    4    -981.9941371893      3.54e-06     00000 
    5    -981.9941378472      1.90e-07     00000 
    6    -981.9941378519      5.36e-08     00000 
    7    -981.9941378522      2.18e-08     00000 
    8    -981.9941378523      7.04e-09     00000 Convergence criterion met
write pseudocanon occs and virts to disk
write pseudocanon orbital energies to disk
Timing for Total SCF: 107.00s (wall), 637.16s (cpu)
<S^2> of ct_allowed wavefunction after ct-allowed iterations 0.0000000000

================================
        Results of EDA2         
================================
Basic EDA Quantities
--------------------
Fragment Energies (Ha):
1 -599.7243958034
2 -382.1694059568
--------------------
  E_prp (kJ/mol) = 0.0000
  E_frz (kJ/mol) = -199.8026
  E_pol (kJ/mol) = -57.0085
  E_vct (kJ/mol) = -6.6245
  E_int (kJ/mol) = -263.4355
--------------------


Decomposition of frozen interaction energy
--------------------
  --------------------
  Orthogonal Frozen Decomposition:
  --------------------
     E_elec   (ELEC)   (kJ/mol) = -290.8900
     E_pauli  (PAULI)  (kJ/mol) = 113.1244
     E_disp   (DISP)   (kJ/mol) = -22.0370
  --------------------
  Classical Frozen Decomposition:
  --------------------
     E_cls_elec  (CLS ELEC)  (kJ/mol) = -245.8009
     E_mod_pauli (MOD PAULI) (kJ/mol) = 65.6729 (FRZ - CLS ELEC - CLS DISP)
     E_cls_disp  (CLS DISP)  (kJ/mol) = -19.6745
  --------------------
--------------------

Simplified EDA Summary (kJ/mol)
--------------------
 PREPARATION      0.0000
 FROZEN           -199.8026 (ELEC + PAULI + DISP)
[ELEC + PAULI = -180.1281, DISP = -19.6745]
 POLARIZATION    -57.0085
 CHARGE TRANSFER -6.6245
 TOTAL           -263.4355     (PRP + FRZ + POL + CT)
--------------------
 
 --------------------------------------------------------------
 
                    Orbital Energies (a.u.)
 --------------------------------------------------------------
 
 Alpha MOs
 -- Occupied --
******** -19.5026 -19.4947 -19.4733 -19.4715 -19.4712 -13.5063 -10.7849
-10.7843 -10.7841  -1.6038  -1.3020  -1.2829  -1.2792  -1.2786  -1.2707
 -0.9563  -0.9527  -0.9502  -0.7928  -0.7801  -0.7728  -0.7669  -0.7640
 -0.6773  -0.6670  -0.6491  -0.6447  -0.6381  -0.5946  -0.5807  -0.5665
 -0.5641  -0.5580
 -- Virtual --
 -0.1230  -0.1029  -0.0881  -0.0785  -0.0611  -0.0507  -0.0435  -0.0400
 -0.0239  -0.0201  -0.0187  -0.0111  -0.0080  -0.0066  -0.0034   0.0028
  0.0084   0.0169   0.0258   0.0271   0.0330   0.0353   0.0425   0.0493
  0.0620   0.0625   0.0691   0.0751   0.0779   0.0868   0.1074   0.1132
  0.1176   0.1228   0.1289   0.1307   0.1361   0.1436   0.1517   0.1615
  0.1663   0.1749   0.1787   0.1853   0.1913   0.1975   0.1995   0.2024
  0.2077   0.2136   0.2156   0.2188   0.2221   0.2252   0.2319   0.2330
  0.2394   0.2428   0.2509   0.2533   0.2587   0.2660   0.2707   0.2724
  0.2762   0.2821   0.2885   0.2953   0.2972   0.3018   0.3098   0.3175
  0.3181   0.3241   0.3303   0.3408   0.3492   0.3560   0.3570   0.3693
  0.3721   0.3815   0.3942   0.4036   0.4104   0.4195   0.4268   0.4436
  0.4473   0.4588   0.4660   0.4776   0.4940   0.4973   0.5056   0.5218
  0.5245   0.5307   0.5607   0.5653   0.5744   0.5873   0.5998   0.6270
  0.6425   0.6470   0.6486   0.6571   0.6824   0.6936   0.6959   0.7084
  0.7160   0.7242   0.7298   0.7438   0.7480   0.7635   0.7701   0.7883
  0.7938   0.8040   0.8170   0.8248   0.8442   0.8593   0.8823   0.8880
  0.9153   0.9303   0.9441   0.9558   0.9615   0.9780   1.0020   1.0226
  1.0287   1.0306   1.0455   1.0590   1.0642   1.0751   1.0811   1.0969
  1.1030   1.1192   1.1215   1.1386   1.1460   1.1591   1.1702   1.1856
  1.1956   1.2213   1.2350   1.2387   1.2569   1.2675   1.2788   1.2893
  1.3067   1.3153   1.3279   1.3390   1.3449   1.3536   1.3728   1.3805
  1.4114   1.4611   1.5021   1.5408   1.8242   1.8305   1.8369   1.8577
  1.8690   1.8773   1.8798   1.8943   1.9084   1.9248   1.9379   1.9540
  1.9804   1.9883   2.0359   2.0740   2.1002   2.1020   2.1208   2.1373
  2.1676   2.1751   2.1830   2.2006   2.2811   2.5186   2.5240   2.5397
  2.5796   2.5975   2.6655   2.6941   2.7115   2.7446   2.7543   2.8157
  2.8249   2.8537   2.9090   2.9533   3.0243   3.0343   3.0503   3.0638
  3.0726   3.0920   3.1003   3.1119   3.1273   3.1310   3.1422   3.1514
  3.1726   3.1872   3.2187   3.2475   3.2865   3.2941   3.2999   3.3027
  3.3154   3.3208   3.3304   3.3350   3.3528   3.3549   3.3619   3.3721
  3.3768   3.3868   3.3930   3.4109   3.4227   3.4459   3.4593   3.5571
  3.5641   3.5863   3.6027   3.6284   3.7225   3.7589   3.7922   3.8171
  3.8388   3.8434   3.8491   3.8752   3.9040   3.9155   3.9325   3.9383
  3.9569   3.9687   3.9793   3.9834   3.9896   3.9938   4.0027   4.0067
  4.0350   4.0398   4.0582   4.0705   4.0752   4.0790   4.1042   4.1215
  4.1289   4.1556   4.1591   4.1712   4.1869   4.1895   4.2298   4.5466
  4.5707   4.5931   4.6133   4.6283   4.6347   4.6378   4.6511   4.6708
  4.7360   4.7691   4.8223   4.8726   4.8852   4.8905   5.0393   5.0805
  5.0883   5.1172   5.1559   5.5094   5.5368   5.5545   5.5775   5.5971
  6.0901   6.1214   6.1440   6.1491   6.2354   6.2598   6.2952   6.3346
  6.3686   6.3809   6.3913   6.4135   6.4244   6.4351   6.4592   6.4759
  6.4838   6.5099   6.5292   6.5360   6.5583   6.5695   6.5716   6.5833
  6.6040   6.6386   6.6596   6.6697   6.6964   6.7008   6.7070   6.7223
  6.7524   6.7558   6.7920   6.8374   6.8804   6.9242   6.9433   6.9704
  7.3127   7.3535   7.3848   7.3966   7.4347   7.4621   7.4877   7.5069
  7.5334   7.5390   7.6052   7.6487   7.6894   7.7179   7.7555  44.1190
 44.1756  44.1824  44.2097  44.2629
 --------------------------------------------------------------
 
          Ground-State Mulliken Net Atomic Charges

     Atom                 Charge (a.u.)
  ----------------------------------------
      1 K                     0.906025
      2 O                    -0.368652
      3 H                     0.167519
      4 H                     0.211566
      5 O                    -0.388424
      6 H                     0.201366
      7 H                     0.202449
      8 O                    -0.344584
      9 H                     0.198467
     10 H                     0.170674
     11 O                    -0.325990
     12 H                     0.161132
     13 H                     0.183262
     14 O                    -0.274614
     15 H                     0.164566
     16 H                     0.135240
  ----------------------------------------
  Sum of atomic charges =     1.000000

 -----------------------------------------------------------------
                    Cartesian Multipole Moments
 -----------------------------------------------------------------
    Charge (ESU x 10^10)
                 4.8032
    Dipole Moment (Debye)
         X       1.1683      Y      -0.4789      Z      -3.2766
       Tot       3.5114
    Quadrupole Moments (Debye-Ang)
        XX      -5.2595     XY       7.7825     YY     -25.2810
        XZ       3.6929     YZ      -6.6280     ZZ     -36.7463
    Octopole Moments (Debye-Ang^2)
       XXX      11.4920    XXY     -13.8020    XYY      15.7295
       YYY      -9.3177    XXZ     -19.9114    XYZ      -8.1536
       YYZ      -9.1180    XZZ       2.4075    YZZ       0.1252
       ZZZ     -12.2638
    Hexadecapole Moments (Debye-Ang^3)
      XXXX    -474.7395   XXXY      37.2852   XXYY     -77.8285
      XYYY      17.7162   YYYY    -692.0826   XXXZ      23.8718
      XXYZ      -2.7404   XYYZ      33.7863   YYYZ     -62.3916
      XXZZ    -151.1274   XYZZ      19.0826   YYZZ    -108.7412
      XZZZ      16.1461   YZZZ      -2.9264   ZZZZ     -74.7222
 -----------------------------------------------------------------
 Total job time:  1372.57s(wall), 3172.57s(cpu) 
 Sun Jan 14 01:29:43 2024

        *************************************************************
        *                                                           *
        *  Thank you very much for using Q-Chem.  Have a nice day.  *
        *                                                           *
        *************************************************************


