
Running Job 1 of 1 120_K-Water_Cls_019_almo.in
qchem 120_K-Water_Cls_019_almo.in_827036.0 /scratch/qchem827036/ 6
/home/kchung25/qchem/5.4.0/exe/qcprog.exe_s 120_K-Water_Cls_019_almo.in_827036.0 /scratch/qchem827036/
                  Welcome to Q-Chem
     A Quantum Leap Into The Future Of Chemistry


 Q-Chem 5.4, Q-Chem, Inc., Pleasanton, CA (2021)

 E. Epifanovsky,  A. T. B. Gilbert,  Xintian Feng,  Joonho Lee,  Yuezhi Mao,  
 N. Mardirossian,  P. Pokhilko,  A. White,  M. Wormit,  M. P. Coons,  
 A. L. Dempwolff,  Zhengting Gan,  D. Hait,  P. R. Horn,  L. D. Jacobson,  
 I. Kaliman,  J. Kussmann,  A. W. Lange,  Ka Un Lao,  D. S. Levine,  Jie Liu,  
 S. C. McKenzie,  A. F. Morrison,  K. Nanda,  F. Plasser,  D. R. Rehn,  
 M. L. Vidal,  Zhi-Qiang You,  Ying Zhu,  B. Alam,  B. Albrecht,  
 A. Aldossary,  E. Alguire,  J. H. Andersen,  D. Barton,  K. Begam,  A. Behn,  
 Y. A. Bernard,  E. J. Berquist,  H. Burton,  A. Carreras,  K. Carter-Fenk,  
 Romit Chakraborty,  A. D. Chien,  K. D. Closser,  V. Cofer-Shabica,  
 S. Dasgupta,  Jia Deng,  M. de Wergifosse,  M. Diedenhofen,  Hainam Do,  
 S. Ehlert,  Po-Tung Fang,  S. Fatehi,  Qingguo Feng,  T. Friedhoff,  
 J. Gayvert,  Qinghui Ge,  G. Gidofalvi,  M. Goldey,  J. Gomes,  
 C. Gonzalez-Espinoza,  S. Gulania,  A. Gunina,  M. W. D. Hanson-Heine,  
 P. H. P. Harbach,  A. W. Hauser,  M. F. Herbst,  M. Hernandez Vera,  
 M. Hodecker,  Z. C. Holden,  S. Houck,  Xunkun Huang,  Kerwin Hui,  
 B. C. Huynh,  M. Ivanov,  Hyunjun Ji,  Hanjie Jiang,  B. Kaduk,  S. Kaehler,  
 K. Khistyaev,  Jaehoon Kim,  P. Klunzinger,  Z. Koczor-Benda,  
 Joong Hoon Koh,  D. Kosenkov,  L. Koulias,  T. Kowalczyk,  C. M. Krauter,  
 K. Kue,  A. Kunitsa,  T. Kus,  A. Landau,  K. V. Lawler,  D. Lefrancois,  
 S. Lehtola,  Rain Li,  Yi-Pei Li,  Jiashu Liang,  M. Liebenthal,  
 Hung-Hsuan Lin,  You-Sheng Lin,  Fenglai Liu,  Kuan-Yu Liu,  
 M. Loipersberger,  A. Luenser,  A. Manjanath,  P. Manohar,  E. Mansoor,  
 S. F. Manzer,  Shan-Ping Mao,  A. V. Marenich,  T. Markovich,  S. Mason,  
 S. A. Maurer,  P. F. McLaughlin,  M. F. S. J. Menger,  J.-M. Mewes,  
 S. A. Mewes,  P. Morgante,  J. W. Mullinax,  K. J. Oosterbaan,  G. Paran,  
 Alexander C. Paul,  Suranjan K. Paul,  F. Pavosevic,  Zheng Pei,  S. Prager,  
 E. I. Proynov,  E. Ramos,  B. Rana,  A. E. Rask,  A. Rettig,  R. M. Richard,  
 F. Rob,  E. Rossomme,  T. Scheele,  M. Scheurer,  M. Schneider,  
 N. Sergueev,  S. M. Sharada,  W. Skomorowski,  D. W. Small,  C. J. Stein,  
 Yu-Chuan Su,  E. J. Sundstrom,  Zhen Tao,  J. Thirman,  T. Tsuchimochi,  
 N. M. Tubman,  S. P. Veccham,  O. Vydrov,  J. Wenzel,  J. Witte,  A. Yamada,  
 Kun Yao,  S. Yeganeh,  S. R. Yost,  A. Zech,  Igor Ying Zhang,  Xing Zhang,  
 Yu Zhang,  D. Zuev,  A. Aspuru-Guzik,  A. T. Bell,  N. A. Besley,  
 K. B. Bravaya,  B. R. Brooks,  D. Casanova,  Jeng-Da Chai,  S. Coriani,  
 C. J. Cramer,  A. E. DePrince, III,  R. A. DiStasio Jr.,  A. Dreuw,  
 B. D. Dunietz,  T. R. Furlani,  W. A. Goddard III,  S. Grimme,  
 S. Hammes-Schiffer,  T. Head-Gordon,  W. J. Hehre,  Chao-Ping Hsu,  
 T.-C. Jagau,  Yousung Jung,  A. Klamt,  Jing Kong,  D. S. Lambrecht,  
 WanZhen Liang,  N. J. Mayhall,  C. W. McCurdy,  J. B. Neaton,  T. Neudecker,  
 C. Ochsenfeld,  J. A. Parkhill,  R. Peverati,  V. A. Rassolov,  Yihan Shao,  
 L. V. Slipchenko,  R. P. Steele,  J. E. Subotnik,  A. J. W. Thom,  
 A. Tkatchenko,  D. G. Truhlar,  T. Van Voorhis,  T. A. Wesolowski,  
 K. B. Whaley,  H. L. Woodcock III,  P. M. Zimmerman,  S. Faraji,  
 P. M. W. Gill,  M. Head-Gordon,  J. M. Herbert,  A. I. Krylov

 Additional authors since Version 5.4.0: 
 Chandrima Chakravarty,  L. Cunha,  R. Kang,  Yongbin Kim,  S. Kotaru,  
 Shaozhi Li,  Xiangyuan Li,  F. Matz,  A. Molle,  V. Parravicini,  
 Haisheng Ren,  Hengyuan Shen,  Yingli Su,  Hung-Yi Tsai,  C. Utku,  
 Fang Wang,  Jeff Yang,  F. Zeller

 Contributors to earlier versions of Q-Chem not listed above: 
 R. D. Adamson,  B. Austin,  R. Baer,  J. Baker,  G. J. O. Beran,  
 K. Brandhorst,  S. T. Brown,  E. F. C. Byrd,  Arup K. Chakraborty,  
 G. K. L. Chan,  Chun-Min Chang,  Yunqing Chen,  C.-L. Cheng,  
 Siu Hung Chien,  D. M. Chipman,  D. L. Crittenden,  H. Dachsel,  
 R. J. Doerksen,  A. D. Dutoi,  R. G. Edgar,  J. Fosso-Tande,  
 L. Fusti-Molnar,  D. Ghosh,  A. Ghysels,  A. Golubeva-Zadorozhnaya,  
 J. Gonthier,  M. S. Gordon,  S. R. Gwaltney,  G. Hawkins,  J. E. Herr,  
 A. Heyden,  S. Hirata,  E. G. Hohenstein,  G. Kedziora,  F. J. Keil,  
 C. Kelley,  Jihan Kim,  R. A. King,  R. Z. Khaliullin,  P. P. Korambath,  
 W. Kurlancheek,  A. Laurent,  A. M. Lee,  M. S. Lee,  S. V. Levchenko,  
 Ching Yeh Lin,  D. Liotard,  E. Livshits,  R. C. Lochan,  I. Lotan,  
 L. A. Martinez-Martinez,  P. E. Maslen,  N. Nair,  D. P. O'Neill,  
 D. Neuhauser,  E. Neuscamman,  C. M. Oana,  R. Olivares-Amaya,  R. Olson,  
 T. M. Perrine,  B. Peters,  P. A. Pieniazek,  A. Prociuk,  Y. M. Rhee,  
 J. Ritchie,  M. A. Rohrdanz,  E. Rosta,  N. J. Russ,  H. F. Schaefer III,  
 M. W. Schmidt,  N. E. Schultz,  S. Sharma,  N. Shenvi,  C. D. Sherrill,  
 A. C. Simmonett,  A. Sodt,  T. Stein,  D. Stuck,  K. S. Thanthiriwatte,  
 V. Vanovschi,  L. Vogt,  Tao Wang,  A. Warshel,  M. A. Watson,  
 C. F. Williams,  Q. Wu,  X. Xu,  Jun Yang,  W. Zhang,  Yan Zhao

   Please cite Q-Chem as follows:
  "Software for the frontiers of quantum chemistry:
   An overview of developments in the Q-Chem 5 package"
   J. Chem. Phys. 155, 084801 (2021)
   https://doi.org/10.1063/5.0055522 (open access)

 Q-Chem 5.4.2 for Intel X86 EM64T Linux

 Parts of Q-Chem use Armadillo 9.900.5 (Nocturnal Misbehaviour).
 http://arma.sourceforge.net/

 Q-Chem begins on Fri Jan 12 10:39:39 2024  

 Host: 
0

     Scratch files written to /scratch/qchem827036//
 Dec1321 |scratch|qcdevops|jenkins|workspace|build_RNUM 5684   
 Processing $rem in /home/kchung25/qchem/5.4.0/config/preferences:
 Processing $rem in /home/kchung25/.qchemrc:

 Q-Chem warning in module libgen/rem_setup.C, line 3079:

 Neither GIA nor STOLL is specified by user. Use STOLL as the default


 Checking the input file for inconsistencies... 	...done.

--------------------------------------------------------------
User input:
--------------------------------------------------------------
$molecule
1 1
--
1 1
K      0.000000     0.000000     0.000000
--
0 1
O      2.529918    -1.431771    -0.209555
H      3.170446    -0.706615    -0.323319
H      2.749458    -2.010204     0.519739
O      1.813586     1.029246     2.230508
H      1.419877     1.724132     2.765815
H      2.307126     1.578543     1.545356
O     -1.368704    -0.907145    -2.217904
H     -1.940339    -1.698694    -2.000603
H     -1.925491    -0.236454    -2.630828
O      1.146945     2.118489    -1.194320
H      1.871621     1.704285    -1.765925
H      1.593857     2.809076    -0.560670
O     -1.511741    -0.504052     2.510190
H     -2.151551    -1.120327     2.142254
H     -0.821208    -1.100007     2.922543
$end

$rem
JOBTYPE          eda
EDA2             1
METHOD           wB97M-V
BASIS            def2-TZVPPD
SYMMETRY         false
MEM_TOTAL        50000
MEM_STATIC       10000
THRESH           14
SCF_CONVERGENCE  8
XC_GRID          000099000590
NL_GRID          1
EDA_CLS_DISP     true
FD_MAT_VEC_PROD  FALSE
$end
--------------------------------------------------------------
 ----------------------------------------------------------------
             Standard Nuclear Orientation (Angstroms)
    I     Atom           X                Y                Z
 ----------------------------------------------------------------
    1      K      -0.3607646982    -0.2036867667     0.1171653463
    2      O       0.4919274138     1.3114928166    -2.2219613227
    3      H       0.9306433821     2.0834432223    -1.8210991754
    4      H       1.0510808475     0.8482399518    -2.8443731689
    5      O       2.6697573572     0.1215656543     0.3008889976
    6      H       3.0573825214    -0.2625921101     1.0924674575
    7      H       2.5270231825     1.0712260509     0.6050505920
    8      O      -3.1084382674    -0.1711338197    -0.1369824587
    9      H      -3.4433018632    -0.9761316498    -0.6272690922
   10      H      -3.5749150840    -0.1145483246     0.7053606258
   11      O      -0.1637295665     2.0373464255     1.5898588402
   12      H      -0.3301245297     2.7764863073     0.9194578513
   13      H       0.7593714572     2.2085800529     2.0333863001
   14      O       0.7000574714    -2.9777084848     0.2583848136
   15      H      -0.0967930133    -3.4253476477    -0.0402405316
   16      H       1.2575670985    -2.9118080218    -0.5703934000
 ----------------------------------------------------------------
 Molecular Point Group                 C1    NOp =  1
 Largest Abelian Subgroup              C1    NOp =  1
 Nuclear Repulsion Energy =         336.28807381 hartrees
 There are       34 alpha and       34 beta electrons
 Requested basis set is def2-TZVPPD
 There are 154 shells and 406 basis functions

 Q-Chem warning in module libmdc/get_mega.C, line 171:

 Allowed MEM_STATIC has been capped at MEM_STATIC=8191.
 Reduce the value of MEM_STATIC to silence this warning.


 Total QAlloc Memory Limit  50000 MB
 Mega-Array Size      8007 MB
 MEM_STATIC part      8191 MB
 A cutoff of  1.0D-14 yielded  10014 shell pairs
 There are     67374 function pairs (     81059 Cartesian)
 Smallest overlap matrix eigenvalue = 1.40E-04

 Scale SEOQF with 1.000000e-01/1.000000e-01/1.000000e-01

 Standard Electronic Orientation quadrupole field applied
 Nucleus-field energy     =     0.0000000094 hartrees

 -----------------------------------------------------------------------
  General SCF calculation program by
  Eric Jon Sundstrom, Paul Horn, Yuezhi Mao, Dmitri Zuev, Alec White,
  David Stuck, Shaama M.S., Shane Yost, Joonho Lee, David Small,
  Daniel Levine, Susi Lehtola, Hugh Burton, Evgeny Epifanovsky,
  Bang C. Huynh
 -----------------------------------------------------------------------
================================================================
                 ALMO-EDA with the EDA2 driver                  
================================================================
 The second-generation ALMO-EDA (for DFT):                      
 P. R. Horn, Y. Mao and M. Head-Gordon, PCCP, 18, 23067 (2016)  
 Y. Mao et al. Annu. Rev. Phys. Chem. 72, 641 (2021)            
 Decomposition of the frozen energy:                            
 P. R. Horn, Y. Mao and M. Head-Gordon, JCP, 144, 114107 (2016) 
 FERF model for polarization:                                   
 P. R. Horn and M. Head-Gordon, JCP, 143, 114111 (2015)         
================================================================
 Using eda2 option set 1
 Option set summary: Frozen orbital wavefunction, initial wavefunction decomposition, and nDQ polarization.
--------------------------------
Printing EDA Options
--------------------------------
eda_child_super_basis      0
fragmo_guess_mode          0
child_mp                   1
child_mp_orders            232
cls_elec                   1
cls_disp                   1
scfmi_mode                 1
scfmi_occs                 0
scfmi_virts                0
frz_relax                  0
frz_relax_method           0
dc_pen_start               0
dc_pen_conv                0
dc_pen_increment           0
dc_pen_steps               0
dc_pen_thresh_factor       0
dc_pen_pre_newton_thresh   0
frz_ortho_decomp           1
frz_ortho_decomp_conv      6
plot_mo_ortho_frz          0
frgm_method                2
scfmi_freeze_ss            0
separate_rehyb             0
plot_diff_den              0
eda_nocv                   0
eda_vct_relax              1
disp_free_x                0
disp_free_c                0
eda_bsse                   0
eda_pct_a                  0
eda_covp                   0
--------------------------------
Attempting to make child job directory: /scratch/qchem827036//Frg1/
Attempting to make child job directory: /scratch/qchem827036//Frg2/
Creating input file /scratch/qchem827036/Frg1.input
using default PutDataFrgm: nothing
calling putenv with: QCSCRATCH=/scratch/qchem827036/ 
Spawning Job For Fragment 0
Done Job For Fragment 0
calling putenv with: QCSCRATCH=/scratch 
calling putenv with: QCTHREADS=6 
Creating input file /scratch/qchem827036/Frg2.input
using default PutDataFrgm: nothing
calling putenv with: QCSCRATCH=/scratch/qchem827036/ 
Spawning Job For Fragment 1
Done Job For Fragment 1
calling putenv with: QCSCRATCH=/scratch 
calling putenv with: QCTHREADS=6 
Doing General SCFMI
 Exchange:     0.1500 Hartree-Fock + 1.0000 wB97M-V + LR-HF
 Correlation:  1.0000 wB97M-V
 Using Euler-Maclaurin-Lebedev (99,590) quadrature formula
 Nonlocal Correlation:  VV10 with C = 0.0100 and b = 6.00 and scale = 1.00000
 Grid used for NLC:  SG-1 standard quadrature
performing fock build before subrot guess so that all methods have access
Printing subrot_rss_gen Method Specification:
Occupied Subspace Method is 0
Virtual Subspace Method is 0
Energy of the unrelaxed supersystem initial determinant -981.949555614203
write pseudocanon occs and virts to disk
write pseudocanon orbital energies to disk
Tolerance of ortho_decomp_scf: 1.00e-06
GDM subspace size: 20
Beginning the Orthogonal Decomposition of the Initial Supersystem Wavefunction
    1    -981.7947759700      2.34e-01     ortho_decomp Preconditoned Steepest Descent
    2    -981.8196000050      2.28e-03     ortho_decomp BFGS Step
    3    -981.8196127612      1.06e-04     ortho_decomp BFGS Step
    4    -981.8196127904      4.04e-06     ortho_decomp BFGS Step
    5    -981.8196127904      7.79e-08     ortho_decomp 00000 Convergence criterion met
 Hartree-Fock
 Hartree-Fock
 Hartree-Fock
 Exchange:     0.1500 Hartree-Fock + 1.0000 wB97M-V + LR-HF
 Correlation:  1.0000 wB97M-V
 Using Euler-Maclaurin-Lebedev (99,590) quadrature formula
 Nonlocal Correlation:  VV10 with C = 0.0100 and b = 6.00 and scale = 1.00000
 Grid used for NLC:  SG-1 standard quadrature
 Long-range K will be added via erf
 Coulomb attenuation parameter = 0.3 bohr**(-1)
 Nonlocal correlation = 2.848606930409e-01
Doing General SCFMI
 Exchange:     0.1500 Hartree-Fock + 1.0000 wB97M-V + LR-HF
 Correlation:  1.0000 wB97M-V
 Using Euler-Maclaurin-Lebedev (99,590) quadrature formula
 Nonlocal Correlation:  VV10 with C = 0.0100 and b = 6.00 and scale = 1.00000
 Grid used for NLC:  SG-1 standard quadrature
performing fock build at end of subrot_r(subrot) constructor so that all methods have access
<S^2> of initial wavefunction before polarization iterations 0.0000000000
Beginning iterations for the determination of the polarized wavefunction
Energy prior to optimization (guess energy) = -981.949555614203
Begin Timing: Total SCF Calculation
begin iterations for algorithm: DIIS         
the SCF tolerance is set to 1.00e-08
    1    -981.9495556142      6.66e-04     00000 
    2    -981.9702707266      2.43e-04     00000 
    3    -981.9715682887      1.23e-04     00000 
    4    -981.9719062972      4.30e-05     00000 
    5    -981.9719853553      1.22e-05     00000 
    6    -981.9719984964      4.88e-06     00000 
    7    -981.9719996718      2.37e-06     00000 
    8    -981.9719999846      4.09e-07     00000 
    9    -981.9719999975      1.42e-07     00000 
   10    -981.9719999988      5.09e-08     00000 
   11    -981.9719999989      2.17e-08     00000 
   12    -981.9719999989      4.31e-09     00000 Convergence criterion met
write pseudocanon occs and virts to disk
write pseudocanon orbital energies to disk
Timing for Total SCF: 168.00s (wall), 1011.55s (cpu)
<S^2> of polarized wavefunction after polarization iterations 0.0000000000
relaxing scfmi constraint to allow all rotations in the entire AO span
Doing General SCFMI
 Exchange:     0.1500 Hartree-Fock + 1.0000 wB97M-V + LR-HF
 Correlation:  1.0000 wB97M-V
 Using Euler-Maclaurin-Lebedev (99,590) quadrature formula
 Nonlocal Correlation:  VV10 with C = 0.0100 and b = 6.00 and scale = 1.00000
 Grid used for NLC:  SG-1 standard quadrature
performing fock build at end of subrot_r(subrot) constructor so that all methods have access
<S^2> of polarized wavefunction before ct-allowed iterations 0.0000000000
Beginning iterations for the determination of the CT-Allowed wavefunction
Energy prior to optimization (guess energy) = -981.971999998913
Begin Timing: Total SCF Calculation
begin iterations for algorithm: DIIS         
the SCF tolerance is set to 1.00e-08
    1    -981.9719999989      2.46e-04     00000 
    2    -981.9749227561      2.08e-05     00000 
    3    -981.9750034243      4.89e-06     00000 
    4    -981.9750054372      4.56e-06     00000 
    5    -981.9750065427      2.37e-07     00000 
    6    -981.9750065489      8.37e-08     00000 
    7    -981.9750065494      4.27e-08     00000 
    8    -981.9750065495      6.15e-09     00000 Convergence criterion met
write pseudocanon occs and virts to disk
write pseudocanon orbital energies to disk
Timing for Total SCF: 106.00s (wall), 638.05s (cpu)
<S^2> of ct_allowed wavefunction after ct-allowed iterations 0.0000000000

================================
        Results of EDA2         
================================
Basic EDA Quantities
--------------------
Fragment Energies (Ha):
1 -599.7243958034
2 -382.1606592252
--------------------
  E_prp (kJ/mol) = 0.0000
  E_frz (kJ/mol) = -169.3483
  E_pol (kJ/mol) = -58.9284
  E_vct (kJ/mol) = -7.8938
  E_int (kJ/mol) = -236.1705
--------------------


Decomposition of frozen interaction energy
--------------------
  --------------------
  Orthogonal Frozen Decomposition:
  --------------------
     E_elec   (ELEC)   (kJ/mol) = -288.2819
     E_pauli  (PAULI)  (kJ/mol) = 143.1341
     E_disp   (DISP)   (kJ/mol) = -24.2005
  --------------------
  Classical Frozen Decomposition:
  --------------------
     E_cls_elec  (CLS ELEC)  (kJ/mol) = -235.7015
     E_mod_pauli (MOD PAULI) (kJ/mol) = 87.8874 (FRZ - CLS ELEC - CLS DISP)
     E_cls_disp  (CLS DISP)  (kJ/mol) = -21.5343
  --------------------
--------------------

Simplified EDA Summary (kJ/mol)
--------------------
 PREPARATION      0.0000
 FROZEN           -169.3483 (ELEC + PAULI + DISP)
[ELEC + PAULI = -147.8140, DISP = -21.5343]
 POLARIZATION    -58.9284
 CHARGE TRANSFER -7.8938
 TOTAL           -236.1705     (PRP + FRZ + POL + CT)
--------------------
 
 --------------------------------------------------------------
 
                    Orbital Energies (a.u.)
 --------------------------------------------------------------
 
 Alpha MOs
 -- Occupied --
******** -19.5098 -19.4905 -19.4884 -19.4843 -19.4816 -13.5112 -10.7895
-10.7893 -10.7892  -1.6094  -1.2844  -1.2824  -1.2820  -1.2819  -1.2789
 -0.9602  -0.9590  -0.9573  -0.8002  -0.7878  -0.7868  -0.7742  -0.7716
 -0.6618  -0.6578  -0.6501  -0.6475  -0.6391  -0.5934  -0.5796  -0.5761
 -0.5741  -0.5725
 -- Virtual --
 -0.1302  -0.1098  -0.0926  -0.0880  -0.0575  -0.0565  -0.0488  -0.0400
 -0.0345  -0.0268  -0.0227  -0.0147  -0.0093  -0.0049  -0.0026  -0.0010
  0.0043   0.0058   0.0185   0.0207   0.0318   0.0346   0.0407   0.0455
  0.0531   0.0561   0.0573   0.0592   0.0705   0.0840   0.0860   0.0948
  0.0964   0.1017   0.1069   0.1249   0.1293   0.1352   0.1437   0.1491
  0.1592   0.1692   0.1758   0.1840   0.1877   0.1890   0.1969   0.2000
  0.2059   0.2081   0.2158   0.2206   0.2227   0.2266   0.2291   0.2333
  0.2364   0.2405   0.2437   0.2492   0.2511   0.2534   0.2585   0.2650
  0.2683   0.2733   0.2782   0.2840   0.2854   0.2916   0.2953   0.2976
  0.3056   0.3109   0.3138   0.3212   0.3337   0.3406   0.3469   0.3511
  0.3709   0.3834   0.3994   0.4039   0.4124   0.4220   0.4263   0.4393
  0.4429   0.4570   0.4614   0.4725   0.4777   0.4919   0.4992   0.5064
  0.5139   0.5188   0.5201   0.5425   0.5518   0.5625   0.5817   0.5950
  0.6050   0.6203   0.6315   0.6449   0.6614   0.6725   0.6793   0.6994
  0.7135   0.7249   0.7266   0.7484   0.7618   0.7713   0.7751   0.7806
  0.7835   0.8020   0.8209   0.8371   0.8489   0.8570   0.8883   0.8899
  0.9067   0.9118   0.9258   0.9311   0.9513   0.9524   0.9722   0.9908
  1.0085   1.0157   1.0209   1.0420   1.0472   1.0489   1.0623   1.0667
  1.0839   1.0873   1.0997   1.1073   1.1210   1.1236   1.1387   1.1492
  1.1802   1.1889   1.2120   1.2344   1.2526   1.2558   1.2744   1.2756
  1.2918   1.3066   1.3161   1.3265   1.3313   1.3321   1.3433   1.3736
  1.3873   1.4090   1.4319   1.5629   1.8319   1.8398   1.8513   1.8607
  1.8632   1.8698   1.8785   1.8874   1.8987   1.9054   1.9122   1.9341
  1.9462   1.9644   1.9836   2.0677   2.0697   2.0824   2.0829   2.1046
  2.1288   2.1404   2.1658   2.1848   2.2521   2.4896   2.5313   2.5616
  2.5978   2.6384   2.6595   2.6757   2.6971   2.7280   2.7638   2.8021
  2.8390   2.8594   2.8885   2.8928   3.0245   3.0286   3.0429   3.0557
  3.0607   3.0911   3.1058   3.1146   3.1283   3.1444   3.1497   3.1590
  3.1710   3.1833   3.2091   3.2138   3.2259   3.2355   3.2428   3.2517
  3.2569   3.2728   3.2794   3.2891   3.2937   3.2966   3.3121   3.3214
  3.3331   3.3498   3.3594   3.3675   3.3761   3.3827   3.4121   3.4608
  3.5273   3.5491   3.5642   3.5865   3.7432   3.7600   3.7823   3.7910
  3.8078   3.8233   3.8440   3.8589   3.8664   3.8908   3.9000   3.9032
  3.9151   3.9261   3.9484   3.9585   3.9643   3.9723   3.9864   4.0072
  4.0150   4.0230   4.0362   4.0395   4.0533   4.0627   4.0705   4.0803
  4.0846   4.0926   4.1007   4.1208   4.1468   4.1769   4.1996   4.4492
  4.4792   4.5541   4.5547   4.5607   4.5907   4.5945   4.6242   4.6467
  4.6534   4.7926   4.8035   4.8351   4.8489   4.9042   4.9125   5.0113
  5.0331   5.0528   5.0757   5.4161   5.5037   5.5063   5.5369   5.5377
  5.8309   5.9515   5.9846   6.0806   6.1197   6.1723   6.2701   6.2836
  6.2988   6.3133   6.4015   6.4219   6.4361   6.4386   6.4535   6.4593
  6.4728   6.4813   6.5366   6.5378   6.5459   6.5638   6.5682   6.5826
  6.5955   6.6283   6.6358   6.6475   6.6699   6.6869   6.7026   6.7115
  6.7282   6.7298   6.7390   6.8579   6.8683   6.8882   6.9208   7.0148
  7.2032   7.2284   7.2760   7.3044   7.3462   7.3669   7.3782   7.3856
  7.4453   7.4972   7.5963   7.6266   7.6525   7.6948   7.7884  44.0712
 44.1485  44.1564  44.1721  44.2471
 --------------------------------------------------------------
 
          Ground-State Mulliken Net Atomic Charges

     Atom                 Charge (a.u.)
  ----------------------------------------
      1 K                     0.900146
      2 O                    -0.360498
      3 H                     0.193047
      4 H                     0.184284
      5 O                    -0.328937
      6 H                     0.160131
      7 H                     0.202150
      8 O                    -0.399636
      9 H                     0.221889
     10 H                     0.196317
     11 O                    -0.471799
     12 H                     0.244382
     13 H                     0.234200
     14 O                    -0.394580
     15 H                     0.183956
     16 H                     0.234948
  ----------------------------------------
  Sum of atomic charges =     1.000000

 -----------------------------------------------------------------
                    Cartesian Multipole Moments
 -----------------------------------------------------------------
    Charge (ESU x 10^10)
                 4.8032
    Dipole Moment (Debye)
         X      -0.0013      Y       0.2998      Z       0.2507
       Tot       0.3908
    Quadrupole Moments (Debye-Ang)
        XX     -22.9103     XY      12.4017     YY     -22.5475
        XZ      -0.1273     YZ       7.6883     ZZ     -34.6845
    Octopole Moments (Debye-Ang^2)
       XXX     -37.4102    XXY     -14.7913    XYY       3.3603
       YYY      11.8420    XXZ      20.4407    XYZ       2.3320
       YYZ     -12.0313    XZZ      21.2569    YZZ       1.2337
       ZZZ     -10.0087
    Hexadecapole Moments (Debye-Ang^3)
      XXXX    -519.6975   XXXY      65.2204   XXYY    -190.4336
      XYYY      55.0029   YYYY    -467.3630   XXXZ      16.9193
      XXYZ      20.1853   XYYZ      -6.2336   YYYZ      62.2771
      XXZZ    -126.5683   XYZZ      32.4860   YYZZ    -158.3123
      XZZZ     -18.2158   YZZZ      10.2744   ZZZZ    -287.7555
 -----------------------------------------------------------------
 Total job time:  1373.59s(wall), 3170.16s(cpu) 
 Fri Jan 12 11:02:32 2024

        *************************************************************
        *                                                           *
        *  Thank you very much for using Q-Chem.  Have a nice day.  *
        *                                                           *
        *************************************************************


