
Running Job 1 of 1 120_K-Water_Cls_038_almo.in
qchem 120_K-Water_Cls_038_almo.in_847976.0 /scratch/qchem847976/ 6
/home/kchung25/qchem/5.4.0/exe/qcprog.exe_s 120_K-Water_Cls_038_almo.in_847976.0 /scratch/qchem847976/
                  Welcome to Q-Chem
     A Quantum Leap Into The Future Of Chemistry


 Q-Chem 5.4, Q-Chem, Inc., Pleasanton, CA (2021)

 E. Epifanovsky,  A. T. B. Gilbert,  Xintian Feng,  Joonho Lee,  Yuezhi Mao,  
 N. Mardirossian,  P. Pokhilko,  A. White,  M. Wormit,  M. P. Coons,  
 A. L. Dempwolff,  Zhengting Gan,  D. Hait,  P. R. Horn,  L. D. Jacobson,  
 I. Kaliman,  J. Kussmann,  A. W. Lange,  Ka Un Lao,  D. S. Levine,  Jie Liu,  
 S. C. McKenzie,  A. F. Morrison,  K. Nanda,  F. Plasser,  D. R. Rehn,  
 M. L. Vidal,  Zhi-Qiang You,  Ying Zhu,  B. Alam,  B. Albrecht,  
 A. Aldossary,  E. Alguire,  J. H. Andersen,  D. Barton,  K. Begam,  A. Behn,  
 Y. A. Bernard,  E. J. Berquist,  H. Burton,  A. Carreras,  K. Carter-Fenk,  
 Romit Chakraborty,  A. D. Chien,  K. D. Closser,  V. Cofer-Shabica,  
 S. Dasgupta,  Jia Deng,  M. de Wergifosse,  M. Diedenhofen,  Hainam Do,  
 S. Ehlert,  Po-Tung Fang,  S. Fatehi,  Qingguo Feng,  T. Friedhoff,  
 J. Gayvert,  Qinghui Ge,  G. Gidofalvi,  M. Goldey,  J. Gomes,  
 C. Gonzalez-Espinoza,  S. Gulania,  A. Gunina,  M. W. D. Hanson-Heine,  
 P. H. P. Harbach,  A. W. Hauser,  M. F. Herbst,  M. Hernandez Vera,  
 M. Hodecker,  Z. C. Holden,  S. Houck,  Xunkun Huang,  Kerwin Hui,  
 B. C. Huynh,  M. Ivanov,  Hyunjun Ji,  Hanjie Jiang,  B. Kaduk,  S. Kaehler,  
 K. Khistyaev,  Jaehoon Kim,  P. Klunzinger,  Z. Koczor-Benda,  
 Joong Hoon Koh,  D. Kosenkov,  L. Koulias,  T. Kowalczyk,  C. M. Krauter,  
 K. Kue,  A. Kunitsa,  T. Kus,  A. Landau,  K. V. Lawler,  D. Lefrancois,  
 S. Lehtola,  Rain Li,  Yi-Pei Li,  Jiashu Liang,  M. Liebenthal,  
 Hung-Hsuan Lin,  You-Sheng Lin,  Fenglai Liu,  Kuan-Yu Liu,  
 M. Loipersberger,  A. Luenser,  A. Manjanath,  P. Manohar,  E. Mansoor,  
 S. F. Manzer,  Shan-Ping Mao,  A. V. Marenich,  T. Markovich,  S. Mason,  
 S. A. Maurer,  P. F. McLaughlin,  M. F. S. J. Menger,  J.-M. Mewes,  
 S. A. Mewes,  P. Morgante,  J. W. Mullinax,  K. J. Oosterbaan,  G. Paran,  
 Alexander C. Paul,  Suranjan K. Paul,  F. Pavosevic,  Zheng Pei,  S. Prager,  
 E. I. Proynov,  E. Ramos,  B. Rana,  A. E. Rask,  A. Rettig,  R. M. Richard,  
 F. Rob,  E. Rossomme,  T. Scheele,  M. Scheurer,  M. Schneider,  
 N. Sergueev,  S. M. Sharada,  W. Skomorowski,  D. W. Small,  C. J. Stein,  
 Yu-Chuan Su,  E. J. Sundstrom,  Zhen Tao,  J. Thirman,  T. Tsuchimochi,  
 N. M. Tubman,  S. P. Veccham,  O. Vydrov,  J. Wenzel,  J. Witte,  A. Yamada,  
 Kun Yao,  S. Yeganeh,  S. R. Yost,  A. Zech,  Igor Ying Zhang,  Xing Zhang,  
 Yu Zhang,  D. Zuev,  A. Aspuru-Guzik,  A. T. Bell,  N. A. Besley,  
 K. B. Bravaya,  B. R. Brooks,  D. Casanova,  Jeng-Da Chai,  S. Coriani,  
 C. J. Cramer,  A. E. DePrince, III,  R. A. DiStasio Jr.,  A. Dreuw,  
 B. D. Dunietz,  T. R. Furlani,  W. A. Goddard III,  S. Grimme,  
 S. Hammes-Schiffer,  T. Head-Gordon,  W. J. Hehre,  Chao-Ping Hsu,  
 T.-C. Jagau,  Yousung Jung,  A. Klamt,  Jing Kong,  D. S. Lambrecht,  
 WanZhen Liang,  N. J. Mayhall,  C. W. McCurdy,  J. B. Neaton,  T. Neudecker,  
 C. Ochsenfeld,  J. A. Parkhill,  R. Peverati,  V. A. Rassolov,  Yihan Shao,  
 L. V. Slipchenko,  R. P. Steele,  J. E. Subotnik,  A. J. W. Thom,  
 A. Tkatchenko,  D. G. Truhlar,  T. Van Voorhis,  T. A. Wesolowski,  
 K. B. Whaley,  H. L. Woodcock III,  P. M. Zimmerman,  S. Faraji,  
 P. M. W. Gill,  M. Head-Gordon,  J. M. Herbert,  A. I. Krylov

 Additional authors since Version 5.4.0: 
 Chandrima Chakravarty,  L. Cunha,  R. Kang,  Yongbin Kim,  S. Kotaru,  
 Shaozhi Li,  Xiangyuan Li,  F. Matz,  A. Molle,  V. Parravicini,  
 Haisheng Ren,  Hengyuan Shen,  Yingli Su,  Hung-Yi Tsai,  C. Utku,  
 Fang Wang,  Jeff Yang,  F. Zeller

 Contributors to earlier versions of Q-Chem not listed above: 
 R. D. Adamson,  B. Austin,  R. Baer,  J. Baker,  G. J. O. Beran,  
 K. Brandhorst,  S. T. Brown,  E. F. C. Byrd,  Arup K. Chakraborty,  
 G. K. L. Chan,  Chun-Min Chang,  Yunqing Chen,  C.-L. Cheng,  
 Siu Hung Chien,  D. M. Chipman,  D. L. Crittenden,  H. Dachsel,  
 R. J. Doerksen,  A. D. Dutoi,  R. G. Edgar,  J. Fosso-Tande,  
 L. Fusti-Molnar,  D. Ghosh,  A. Ghysels,  A. Golubeva-Zadorozhnaya,  
 J. Gonthier,  M. S. Gordon,  S. R. Gwaltney,  G. Hawkins,  J. E. Herr,  
 A. Heyden,  S. Hirata,  E. G. Hohenstein,  G. Kedziora,  F. J. Keil,  
 C. Kelley,  Jihan Kim,  R. A. King,  R. Z. Khaliullin,  P. P. Korambath,  
 W. Kurlancheek,  A. Laurent,  A. M. Lee,  M. S. Lee,  S. V. Levchenko,  
 Ching Yeh Lin,  D. Liotard,  E. Livshits,  R. C. Lochan,  I. Lotan,  
 L. A. Martinez-Martinez,  P. E. Maslen,  N. Nair,  D. P. O'Neill,  
 D. Neuhauser,  E. Neuscamman,  C. M. Oana,  R. Olivares-Amaya,  R. Olson,  
 T. M. Perrine,  B. Peters,  P. A. Pieniazek,  A. Prociuk,  Y. M. Rhee,  
 J. Ritchie,  M. A. Rohrdanz,  E. Rosta,  N. J. Russ,  H. F. Schaefer III,  
 M. W. Schmidt,  N. E. Schultz,  S. Sharma,  N. Shenvi,  C. D. Sherrill,  
 A. C. Simmonett,  A. Sodt,  T. Stein,  D. Stuck,  K. S. Thanthiriwatte,  
 V. Vanovschi,  L. Vogt,  Tao Wang,  A. Warshel,  M. A. Watson,  
 C. F. Williams,  Q. Wu,  X. Xu,  Jun Yang,  W. Zhang,  Yan Zhao

   Please cite Q-Chem as follows:
  "Software for the frontiers of quantum chemistry:
   An overview of developments in the Q-Chem 5 package"
   J. Chem. Phys. 155, 084801 (2021)
   https://doi.org/10.1063/5.0055522 (open access)

 Q-Chem 5.4.2 for Intel X86 EM64T Linux

 Parts of Q-Chem use Armadillo 9.900.5 (Nocturnal Misbehaviour).
 http://arma.sourceforge.net/

 Q-Chem begins on Fri Jan 12 20:50:06 2024  

 Host: 
0

     Scratch files written to /scratch/qchem847976//
 Dec1321 |scratch|qcdevops|jenkins|workspace|build_RNUM 5684   
 Processing $rem in /home/kchung25/qchem/5.4.0/config/preferences:
 Processing $rem in /home/kchung25/.qchemrc:

 Q-Chem warning in module libgen/rem_setup.C, line 3079:

 Neither GIA nor STOLL is specified by user. Use STOLL as the default


 Checking the input file for inconsistencies... 	...done.

--------------------------------------------------------------
User input:
--------------------------------------------------------------
$molecule
1 1
--
1 1
K      0.000000     0.000000     0.000000
--
0 1
O      1.478006     0.717897    -1.948128
H      1.494997     0.601610    -2.908738
H      2.334047     1.201082    -1.842671
O     -2.661762     0.783294    -0.605565
H     -3.465178     1.092006    -0.190818
H     -2.885772     0.543165    -1.519228
O     -0.002906     2.840525    -0.171305
H     -0.856087     3.028844    -0.630236
H      0.477889     3.665808    -0.151625
$end

$rem
JOBTYPE          eda
EDA2             1
METHOD           wB97M-V
BASIS            def2-TZVPPD
SYMMETRY         false
MEM_TOTAL        50000
MEM_STATIC       10000
THRESH           14
SCF_CONVERGENCE  8
XC_GRID          000099000590
NL_GRID          1
EDA_CLS_DISP     true
FD_MAT_VEC_PROD  FALSE
$end
--------------------------------------------------------------
 ----------------------------------------------------------------
             Standard Nuclear Orientation (Angstroms)
    I     Atom           X                Y                Z
 ----------------------------------------------------------------
    1      K      -0.0763469904    -0.9086194567    -0.6498179507
    2      O      -2.0267199817    -0.2300259496     0.8437136324
    3      H      -2.2972018706    -0.3605314730     1.7637086263
    4      H      -2.8290986662     0.2485115813     0.5203169797
    5      O       2.3200346197    -0.1152590901     0.6514006750
    6      H       3.2014096469     0.2052599506     0.4690793983
    7      H       2.2956867567    -0.3671739756     1.5887205598
    8      O      -0.1497958988     1.9290302790    -0.4491058215
    9      H       0.5486009483     2.1166936672     0.2224772515
   10      H      -0.6169539110     2.7510480122    -0.5858296396
 ----------------------------------------------------------------
 Molecular Point Group                 C1    NOp =  1
 Largest Abelian Subgroup              C1    NOp =  1
 Nuclear Repulsion Energy =         176.07390186 hartrees
 There are       24 alpha and       24 beta electrons
 Requested basis set is def2-TZVPPD
 There are 98 shells and 258 basis functions

 Q-Chem warning in module libmdc/get_mega.C, line 171:

 Allowed MEM_STATIC has been capped at MEM_STATIC=8191.
 Reduce the value of MEM_STATIC to silence this warning.


 Total QAlloc Memory Limit  50000 MB
 Mega-Array Size      8007 MB
 MEM_STATIC part      8191 MB

                       Distance Matrix (Angstroms)
             K (  1)   O (  2)   H (  3)   H (  4)   O (  5)   H (  6)
   O (  2)  2.548545
   H (  3)  3.325313  0.967772
   H (  4)  3.207150  0.988633  1.483196
   O (  5)  2.839936  4.352520  4.755656  5.163631
   H (  6)  3.638179  5.259578  5.677228  6.030881  0.955403
   H (  7)  3.306170  4.388285  4.596226  5.271051  0.970887  1.549713
   O (  8)  2.845687  3.139387  3.840572  3.307958  3.389734  3.878792
   H (  9)  3.209981  3.539111  4.075614  3.871391  2.881591  3.278992
   H ( 10)  3.699935  3.594139  4.245644  3.518499  4.286299  4.708903
             H (  7)   O (  8)   H (  9)
   O (  8)  3.925006
   H (  9)  3.329944  0.986914
   H ( 10)  4.789097  0.955324  1.553797
 
 A cutoff of  1.0D-14 yielded   4415 shell pairs
 There are     30567 function pairs (     37154 Cartesian)
 Smallest overlap matrix eigenvalue = 1.55E-04

 Scale SEOQF with 1.000000e-01/1.000000e-01/1.000000e-01

 Standard Electronic Orientation quadrupole field applied
 Nucleus-field energy     =     0.0000000052 hartrees

 -----------------------------------------------------------------------
  General SCF calculation program by
  Eric Jon Sundstrom, Paul Horn, Yuezhi Mao, Dmitri Zuev, Alec White,
  David Stuck, Shaama M.S., Shane Yost, Joonho Lee, David Small,
  Daniel Levine, Susi Lehtola, Hugh Burton, Evgeny Epifanovsky,
  Bang C. Huynh
 -----------------------------------------------------------------------
================================================================
                 ALMO-EDA with the EDA2 driver                  
================================================================
 The second-generation ALMO-EDA (for DFT):                      
 P. R. Horn, Y. Mao and M. Head-Gordon, PCCP, 18, 23067 (2016)  
 Y. Mao et al. Annu. Rev. Phys. Chem. 72, 641 (2021)            
 Decomposition of the frozen energy:                            
 P. R. Horn, Y. Mao and M. Head-Gordon, JCP, 144, 114107 (2016) 
 FERF model for polarization:                                   
 P. R. Horn and M. Head-Gordon, JCP, 143, 114111 (2015)         
================================================================
 Using eda2 option set 1
 Option set summary: Frozen orbital wavefunction, initial wavefunction decomposition, and nDQ polarization.
--------------------------------
Printing EDA Options
--------------------------------
eda_child_super_basis      0
fragmo_guess_mode          0
child_mp                   1
child_mp_orders            232
cls_elec                   1
cls_disp                   1
scfmi_mode                 1
scfmi_occs                 0
scfmi_virts                0
frz_relax                  0
frz_relax_method           0
dc_pen_start               0
dc_pen_conv                0
dc_pen_increment           0
dc_pen_steps               0
dc_pen_thresh_factor       0
dc_pen_pre_newton_thresh   0
frz_ortho_decomp           1
frz_ortho_decomp_conv      6
plot_mo_ortho_frz          0
frgm_method                2
scfmi_freeze_ss            0
separate_rehyb             0
plot_diff_den              0
eda_nocv                   0
eda_vct_relax              1
disp_free_x                0
disp_free_c                0
eda_bsse                   0
eda_pct_a                  0
eda_covp                   0
--------------------------------
Attempting to make child job directory: /scratch/qchem847976//Frg1/
Attempting to make child job directory: /scratch/qchem847976//Frg2/
Creating input file /scratch/qchem847976/Frg1.input
using default PutDataFrgm: nothing
calling putenv with: QCSCRATCH=/scratch/qchem847976/ 
Spawning Job For Fragment 0
Done Job For Fragment 0
calling putenv with: QCSCRATCH=/scratch 
calling putenv with: QCTHREADS=6 
Creating input file /scratch/qchem847976/Frg2.input
using default PutDataFrgm: nothing
calling putenv with: QCSCRATCH=/scratch/qchem847976/ 
Spawning Job For Fragment 1
Done Job For Fragment 1
calling putenv with: QCSCRATCH=/scratch 
calling putenv with: QCTHREADS=6 
Doing General SCFMI
 Exchange:     0.1500 Hartree-Fock + 1.0000 wB97M-V + LR-HF
 Correlation:  1.0000 wB97M-V
 Using Euler-Maclaurin-Lebedev (99,590) quadrature formula
 Nonlocal Correlation:  VV10 with C = 0.0100 and b = 6.00 and scale = 1.00000
 Grid used for NLC:  SG-1 standard quadrature
performing fock build before subrot guess so that all methods have access
Printing subrot_rss_gen Method Specification:
Occupied Subspace Method is 0
Virtual Subspace Method is 0
Energy of the unrelaxed supersystem initial determinant -829.080198140490
write pseudocanon occs and virts to disk
write pseudocanon orbital energies to disk
Tolerance of ortho_decomp_scf: 1.00e-06
GDM subspace size: 20
Beginning the Orthogonal Decomposition of the Initial Supersystem Wavefunction
    1    -828.9589487229      2.71e-01     ortho_decomp Preconditoned Steepest Descent
    2    -828.9788322546      2.53e-03     ortho_decomp BFGS Step
    3    -828.9788399303      9.85e-05     ortho_decomp BFGS Step
    4    -828.9788399486      4.59e-06     ortho_decomp BFGS Step
    5    -828.9788399486      8.98e-08     ortho_decomp 00000 Convergence criterion met
 Hartree-Fock
 Hartree-Fock
 Hartree-Fock
 Exchange:     0.1500 Hartree-Fock + 1.0000 wB97M-V + LR-HF
 Correlation:  1.0000 wB97M-V
 Using Euler-Maclaurin-Lebedev (99,590) quadrature formula
 Nonlocal Correlation:  VV10 with C = 0.0100 and b = 6.00 and scale = 1.00000
 Grid used for NLC:  SG-1 standard quadrature
 Long-range K will be added via erf
 Coulomb attenuation parameter = 0.3 bohr**(-1)
 Nonlocal correlation = 2.020048847610e-01
Doing General SCFMI
 Exchange:     0.1500 Hartree-Fock + 1.0000 wB97M-V + LR-HF
 Correlation:  1.0000 wB97M-V
 Using Euler-Maclaurin-Lebedev (99,590) quadrature formula
 Nonlocal Correlation:  VV10 with C = 0.0100 and b = 6.00 and scale = 1.00000
 Grid used for NLC:  SG-1 standard quadrature
performing fock build at end of subrot_r(subrot) constructor so that all methods have access
<S^2> of initial wavefunction before polarization iterations 0.0000000000
Beginning iterations for the determination of the polarized wavefunction
Energy prior to optimization (guess energy) = -829.080198140490
Begin Timing: Total SCF Calculation
begin iterations for algorithm: DIIS         
the SCF tolerance is set to 1.00e-08
    1    -829.0801981405      9.23e-04     00000 
    2    -829.0946507533      4.34e-04     00000 
    3    -829.0959370044      2.19e-04     00000 
    4    -829.0963157269      5.01e-05     00000 
    5    -829.0963665868      1.44e-05     00000 
    6    -829.0963734023      4.41e-06     00000 
    7    -829.0963739960      2.63e-06     00000 
    8    -829.0963740938      6.35e-07     00000 
    9    -829.0963741019      1.73e-07     00000 
   10    -829.0963741026      2.81e-08     00000 
   11    -829.0963741026      8.76e-09     00000 Convergence criterion met
write pseudocanon occs and virts to disk
write pseudocanon orbital energies to disk
Timing for Total SCF: 48.00s (wall), 289.67s (cpu)
<S^2> of polarized wavefunction after polarization iterations 0.0000000000
relaxing scfmi constraint to allow all rotations in the entire AO span
Doing General SCFMI
 Exchange:     0.1500 Hartree-Fock + 1.0000 wB97M-V + LR-HF
 Correlation:  1.0000 wB97M-V
 Using Euler-Maclaurin-Lebedev (99,590) quadrature formula
 Nonlocal Correlation:  VV10 with C = 0.0100 and b = 6.00 and scale = 1.00000
 Grid used for NLC:  SG-1 standard quadrature
performing fock build at end of subrot_r(subrot) constructor so that all methods have access
<S^2> of polarized wavefunction before ct-allowed iterations 0.0000000000
Beginning iterations for the determination of the CT-Allowed wavefunction
Energy prior to optimization (guess energy) = -829.096374102594
Begin Timing: Total SCF Calculation
begin iterations for algorithm: DIIS         
the SCF tolerance is set to 1.00e-08
    1    -829.0963741026      3.57e-04     00000 
    2    -829.0988295015      3.10e-05     00000 
    3    -829.0989008264      8.18e-06     00000 
    4    -829.0989027400      7.39e-06     00000 
    5    -829.0989039110      2.92e-07     00000 
    6    -829.0989039159      7.89e-08     00000 
    7    -829.0989039163      1.65e-08     00000 
    8    -829.0989039163      1.07e-08     00000 
    9    -829.0989039163      2.82e-09     00000 Convergence criterion met
write pseudocanon occs and virts to disk
write pseudocanon orbital energies to disk
Timing for Total SCF: 39.00s (wall), 229.12s (cpu)
<S^2> of ct_allowed wavefunction after ct-allowed iterations 0.0000000000

================================
        Results of EDA2         
================================
Basic EDA Quantities
--------------------
Fragment Energies (Ha):
1 -599.7243958034
2 -229.3029918246
--------------------
  E_prp (kJ/mol) = 0.0000
  E_frz (kJ/mol) = -138.6556
  E_pol (kJ/mol) = -42.4705
  E_vct (kJ/mol) = -6.6421
  E_int (kJ/mol) = -187.7682
--------------------


Decomposition of frozen interaction energy
--------------------
  --------------------
  Orthogonal Frozen Decomposition:
  --------------------
     E_elec   (ELEC)   (kJ/mol) = -228.9048
     E_pauli  (PAULI)  (kJ/mol) = 106.9816
     E_disp   (DISP)   (kJ/mol) = -16.7324
  --------------------
  Classical Frozen Decomposition:
  --------------------
     E_cls_elec  (CLS ELEC)  (kJ/mol) = -189.6974
     E_mod_pauli (MOD PAULI) (kJ/mol) = 66.4545 (FRZ - CLS ELEC - CLS DISP)
     E_cls_disp  (CLS DISP)  (kJ/mol) = -15.4128
  --------------------
--------------------

Simplified EDA Summary (kJ/mol)
--------------------
 PREPARATION      0.0000
 FROZEN           -138.6556 (ELEC + PAULI + DISP)
[ELEC + PAULI = -123.2429, DISP = -15.4128]
 POLARIZATION    -42.4705
 CHARGE TRANSFER -6.6421
 TOTAL           -187.7682     (PRP + FRZ + POL + CT)
--------------------
 
 --------------------------------------------------------------
 
                    Orbital Energies (a.u.)
 --------------------------------------------------------------
 
 Alpha MOs
 -- Occupied --
******** -19.5019 -19.4984 -19.4799 -13.5394 -10.8178 -10.8175 -10.8173
 -1.6372  -1.3026  -1.3020  -1.2799  -0.9876  -0.9857  -0.9853  -0.8057
 -0.7854  -0.7821  -0.6870  -0.6697  -0.6509  -0.5954  -0.5916  -0.5671
 -- Virtual --
 -0.1281  -0.0969  -0.0953  -0.0889  -0.0540  -0.0500  -0.0434  -0.0366
 -0.0300  -0.0261  -0.0146  -0.0116  -0.0069  -0.0026   0.0089   0.0118
  0.0150   0.0237   0.0307   0.0321   0.0564   0.0626   0.0784   0.0879
  0.1016   0.1161   0.1257   0.1296   0.1380   0.1483   0.1518   0.1587
  0.1657   0.1745   0.1850   0.1888   0.1943   0.2012   0.2025   0.2096
  0.2117   0.2187   0.2198   0.2305   0.2372   0.2392   0.2470   0.2509
  0.2663   0.2755   0.2871   0.3042   0.3070   0.3214   0.3351   0.3456
  0.3541   0.3662   0.3857   0.3987   0.4111   0.4272   0.4390   0.4557
  0.4727   0.4907   0.5041   0.5200   0.5454   0.5854   0.5947   0.6094
  0.6304   0.6428   0.6601   0.6689   0.6820   0.7101   0.7357   0.7669
  0.7926   0.7975   0.8267   0.8560   0.8793   0.9031   0.9197   0.9347
  0.9587   0.9846   0.9904   1.0149   1.0175   1.0404   1.0648   1.0684
  1.0906   1.1015   1.1241   1.1299   1.1792   1.1924   1.2012   1.2185
  1.2399   1.2510   1.2570   1.2652   1.2753   1.3098   1.3169   1.3240
  1.3381   1.4545   1.8107   1.8268   1.8301   1.8394   1.8575   1.8650
  1.9470   1.9566   1.9887   2.0559   2.0930   2.1074   2.1336   2.1498
  2.1820   2.4801   2.5293   2.6119   2.6548   2.6766   2.7065   2.7647
  2.8314   2.8874   2.9891   3.0038   3.0408   3.0687   3.1099   3.1316
  3.1559   3.1661   3.1880   3.2689   3.2719   3.2960   3.3040   3.3051
  3.3116   3.3196   3.3263   3.3406   3.3589   3.3874   3.3994   3.5421
  3.5650   3.5841   3.7217   3.7486   3.7628   3.7951   3.8353   3.8626
  3.9408   3.9460   3.9559   3.9595   3.9689   3.9857   4.0013   4.0483
  4.0494   4.0831   4.1188   4.1271   4.1311   4.1657   4.1700   4.5674
  4.5887   4.5951   4.6177   4.6309   4.6701   4.7948   4.8483   4.8616
  5.0561   5.0647   5.0854   5.5267   5.5348   5.5441   6.0731   6.0842
  6.1767   6.2967   6.3401   6.3535   6.3851   6.4157   6.4403   6.4703
  6.5137   6.5361   6.5431   6.5639   6.5759   6.6202   6.6456   6.6858
  6.7074   6.7125   6.7298   6.8355   6.9266   6.9537   7.3406   7.3425
  7.3605   7.4406   7.4627   7.5278   7.5708   7.7204   7.7318  44.0782
 44.1506  44.1949
 --------------------------------------------------------------
 
          Ground-State Mulliken Net Atomic Charges

     Atom                 Charge (a.u.)
  ----------------------------------------
      1 K                     0.967814
      2 O                    -0.308580
      3 H                     0.139814
      4 H                     0.175340
      5 O                    -0.333837
      6 H                     0.150377
      7 H                     0.196796
      8 O                    -0.311590
      9 H                     0.201207
     10 H                     0.122657
  ----------------------------------------
  Sum of atomic charges =     1.000000

 -----------------------------------------------------------------
                    Cartesian Multipole Moments
 -----------------------------------------------------------------
    Charge (ESU x 10^10)
                 4.8032
    Dipole Moment (Debye)
         X      -0.2542      Y      -1.0428      Z       0.7603
       Tot       1.3153
    Quadrupole Moments (Debye-Ang)
        XX      -8.6046     XY      -0.9162     YY     -17.8919
        XZ       1.2416     YZ       2.0089     ZZ     -20.5132
    Octopole Moments (Debye-Ang^2)
       XXX       6.6433    XXY       9.4233    XYY      -4.1682
       YYY      18.1064    XXZ      21.1441    XYZ       2.0550
       YYZ      -5.2502    XZZ      -2.6246    YZZ      -8.9313
       ZZZ       9.1446
    Hexadecapole Moments (Debye-Ang^3)
      XXXX    -180.3075   XXXY       0.4329   XXYY    -109.2817
      XYYY     -15.0851   YYYY    -143.4551   XXXZ      -1.3159
      XXYZ      -3.3145   XYYZ       8.8978   YYYZ       0.3238
      XXZZ     -47.0788   XYZZ      -1.3434   YYZZ     -54.7924
      XZZZ      -3.8748   YZZZ       0.8713   ZZZZ     -80.0736
 -----------------------------------------------------------------
 Total job time:  375.59s(wall), 983.39s(cpu) 
 Fri Jan 12 20:56:22 2024

        *************************************************************
        *                                                           *
        *  Thank you very much for using Q-Chem.  Have a nice day.  *
        *                                                           *
        *************************************************************


