
Running Job 1 of 1 120_K-Water_Cls_016_almo.in
qchem 120_K-Water_Cls_016_almo.in_825371.0 /scratch/qchem825371/ 6
/home/kchung25/qchem/5.4.0/exe/qcprog.exe_s 120_K-Water_Cls_016_almo.in_825371.0 /scratch/qchem825371/
                  Welcome to Q-Chem
     A Quantum Leap Into The Future Of Chemistry


 Q-Chem 5.4, Q-Chem, Inc., Pleasanton, CA (2021)

 E. Epifanovsky,  A. T. B. Gilbert,  Xintian Feng,  Joonho Lee,  Yuezhi Mao,  
 N. Mardirossian,  P. Pokhilko,  A. White,  M. Wormit,  M. P. Coons,  
 A. L. Dempwolff,  Zhengting Gan,  D. Hait,  P. R. Horn,  L. D. Jacobson,  
 I. Kaliman,  J. Kussmann,  A. W. Lange,  Ka Un Lao,  D. S. Levine,  Jie Liu,  
 S. C. McKenzie,  A. F. Morrison,  K. Nanda,  F. Plasser,  D. R. Rehn,  
 M. L. Vidal,  Zhi-Qiang You,  Ying Zhu,  B. Alam,  B. Albrecht,  
 A. Aldossary,  E. Alguire,  J. H. Andersen,  D. Barton,  K. Begam,  A. Behn,  
 Y. A. Bernard,  E. J. Berquist,  H. Burton,  A. Carreras,  K. Carter-Fenk,  
 Romit Chakraborty,  A. D. Chien,  K. D. Closser,  V. Cofer-Shabica,  
 S. Dasgupta,  Jia Deng,  M. de Wergifosse,  M. Diedenhofen,  Hainam Do,  
 S. Ehlert,  Po-Tung Fang,  S. Fatehi,  Qingguo Feng,  T. Friedhoff,  
 J. Gayvert,  Qinghui Ge,  G. Gidofalvi,  M. Goldey,  J. Gomes,  
 C. Gonzalez-Espinoza,  S. Gulania,  A. Gunina,  M. W. D. Hanson-Heine,  
 P. H. P. Harbach,  A. W. Hauser,  M. F. Herbst,  M. Hernandez Vera,  
 M. Hodecker,  Z. C. Holden,  S. Houck,  Xunkun Huang,  Kerwin Hui,  
 B. C. Huynh,  M. Ivanov,  Hyunjun Ji,  Hanjie Jiang,  B. Kaduk,  S. Kaehler,  
 K. Khistyaev,  Jaehoon Kim,  P. Klunzinger,  Z. Koczor-Benda,  
 Joong Hoon Koh,  D. Kosenkov,  L. Koulias,  T. Kowalczyk,  C. M. Krauter,  
 K. Kue,  A. Kunitsa,  T. Kus,  A. Landau,  K. V. Lawler,  D. Lefrancois,  
 S. Lehtola,  Rain Li,  Yi-Pei Li,  Jiashu Liang,  M. Liebenthal,  
 Hung-Hsuan Lin,  You-Sheng Lin,  Fenglai Liu,  Kuan-Yu Liu,  
 M. Loipersberger,  A. Luenser,  A. Manjanath,  P. Manohar,  E. Mansoor,  
 S. F. Manzer,  Shan-Ping Mao,  A. V. Marenich,  T. Markovich,  S. Mason,  
 S. A. Maurer,  P. F. McLaughlin,  M. F. S. J. Menger,  J.-M. Mewes,  
 S. A. Mewes,  P. Morgante,  J. W. Mullinax,  K. J. Oosterbaan,  G. Paran,  
 Alexander C. Paul,  Suranjan K. Paul,  F. Pavosevic,  Zheng Pei,  S. Prager,  
 E. I. Proynov,  E. Ramos,  B. Rana,  A. E. Rask,  A. Rettig,  R. M. Richard,  
 F. Rob,  E. Rossomme,  T. Scheele,  M. Scheurer,  M. Schneider,  
 N. Sergueev,  S. M. Sharada,  W. Skomorowski,  D. W. Small,  C. J. Stein,  
 Yu-Chuan Su,  E. J. Sundstrom,  Zhen Tao,  J. Thirman,  T. Tsuchimochi,  
 N. M. Tubman,  S. P. Veccham,  O. Vydrov,  J. Wenzel,  J. Witte,  A. Yamada,  
 Kun Yao,  S. Yeganeh,  S. R. Yost,  A. Zech,  Igor Ying Zhang,  Xing Zhang,  
 Yu Zhang,  D. Zuev,  A. Aspuru-Guzik,  A. T. Bell,  N. A. Besley,  
 K. B. Bravaya,  B. R. Brooks,  D. Casanova,  Jeng-Da Chai,  S. Coriani,  
 C. J. Cramer,  A. E. DePrince, III,  R. A. DiStasio Jr.,  A. Dreuw,  
 B. D. Dunietz,  T. R. Furlani,  W. A. Goddard III,  S. Grimme,  
 S. Hammes-Schiffer,  T. Head-Gordon,  W. J. Hehre,  Chao-Ping Hsu,  
 T.-C. Jagau,  Yousung Jung,  A. Klamt,  Jing Kong,  D. S. Lambrecht,  
 WanZhen Liang,  N. J. Mayhall,  C. W. McCurdy,  J. B. Neaton,  T. Neudecker,  
 C. Ochsenfeld,  J. A. Parkhill,  R. Peverati,  V. A. Rassolov,  Yihan Shao,  
 L. V. Slipchenko,  R. P. Steele,  J. E. Subotnik,  A. J. W. Thom,  
 A. Tkatchenko,  D. G. Truhlar,  T. Van Voorhis,  T. A. Wesolowski,  
 K. B. Whaley,  H. L. Woodcock III,  P. M. Zimmerman,  S. Faraji,  
 P. M. W. Gill,  M. Head-Gordon,  J. M. Herbert,  A. I. Krylov

 Additional authors since Version 5.4.0: 
 Chandrima Chakravarty,  L. Cunha,  R. Kang,  Yongbin Kim,  S. Kotaru,  
 Shaozhi Li,  Xiangyuan Li,  F. Matz,  A. Molle,  V. Parravicini,  
 Haisheng Ren,  Hengyuan Shen,  Yingli Su,  Hung-Yi Tsai,  C. Utku,  
 Fang Wang,  Jeff Yang,  F. Zeller

 Contributors to earlier versions of Q-Chem not listed above: 
 R. D. Adamson,  B. Austin,  R. Baer,  J. Baker,  G. J. O. Beran,  
 K. Brandhorst,  S. T. Brown,  E. F. C. Byrd,  Arup K. Chakraborty,  
 G. K. L. Chan,  Chun-Min Chang,  Yunqing Chen,  C.-L. Cheng,  
 Siu Hung Chien,  D. M. Chipman,  D. L. Crittenden,  H. Dachsel,  
 R. J. Doerksen,  A. D. Dutoi,  R. G. Edgar,  J. Fosso-Tande,  
 L. Fusti-Molnar,  D. Ghosh,  A. Ghysels,  A. Golubeva-Zadorozhnaya,  
 J. Gonthier,  M. S. Gordon,  S. R. Gwaltney,  G. Hawkins,  J. E. Herr,  
 A. Heyden,  S. Hirata,  E. G. Hohenstein,  G. Kedziora,  F. J. Keil,  
 C. Kelley,  Jihan Kim,  R. A. King,  R. Z. Khaliullin,  P. P. Korambath,  
 W. Kurlancheek,  A. Laurent,  A. M. Lee,  M. S. Lee,  S. V. Levchenko,  
 Ching Yeh Lin,  D. Liotard,  E. Livshits,  R. C. Lochan,  I. Lotan,  
 L. A. Martinez-Martinez,  P. E. Maslen,  N. Nair,  D. P. O'Neill,  
 D. Neuhauser,  E. Neuscamman,  C. M. Oana,  R. Olivares-Amaya,  R. Olson,  
 T. M. Perrine,  B. Peters,  P. A. Pieniazek,  A. Prociuk,  Y. M. Rhee,  
 J. Ritchie,  M. A. Rohrdanz,  E. Rosta,  N. J. Russ,  H. F. Schaefer III,  
 M. W. Schmidt,  N. E. Schultz,  S. Sharma,  N. Shenvi,  C. D. Sherrill,  
 A. C. Simmonett,  A. Sodt,  T. Stein,  D. Stuck,  K. S. Thanthiriwatte,  
 V. Vanovschi,  L. Vogt,  Tao Wang,  A. Warshel,  M. A. Watson,  
 C. F. Williams,  Q. Wu,  X. Xu,  Jun Yang,  W. Zhang,  Yan Zhao

   Please cite Q-Chem as follows:
  "Software for the frontiers of quantum chemistry:
   An overview of developments in the Q-Chem 5 package"
   J. Chem. Phys. 155, 084801 (2021)
   https://doi.org/10.1063/5.0055522 (open access)

 Q-Chem 5.4.2 for Intel X86 EM64T Linux

 Parts of Q-Chem use Armadillo 9.900.5 (Nocturnal Misbehaviour).
 http://arma.sourceforge.net/

 Q-Chem begins on Fri Jan 12 09:50:14 2024  

 Host: 
0

     Scratch files written to /scratch/qchem825371//
 Dec1321 |scratch|qcdevops|jenkins|workspace|build_RNUM 5684   
 Processing $rem in /home/kchung25/qchem/5.4.0/config/preferences:
 Processing $rem in /home/kchung25/.qchemrc:

 Q-Chem warning in module libgen/rem_setup.C, line 3079:

 Neither GIA nor STOLL is specified by user. Use STOLL as the default


 Checking the input file for inconsistencies... 	...done.

--------------------------------------------------------------
User input:
--------------------------------------------------------------
$molecule
1 1
--
1 1
K      0.000000     0.000000     0.000000
--
0 1
O      0.943634     1.540384    -2.239203
H      1.835162     1.914466    -2.211791
H      0.256757     2.195615    -2.041790
O     -1.920742    -0.633797    -1.813826
H     -2.580219    -1.072039    -1.329826
H     -2.116309     0.283541    -1.612310
O     -1.787723     1.870031     1.131142
H     -2.161469     2.114690     0.289051
H     -1.202138     2.601312     1.399681
O      0.489597    -2.771440    -0.697134
H      1.059577    -2.807431    -1.496358
H      0.870276    -3.282004     0.035325
$end

$rem
JOBTYPE          eda
EDA2             1
METHOD           wB97M-V
BASIS            def2-TZVPPD
SYMMETRY         false
MEM_TOTAL        50000
MEM_STATIC       10000
THRESH           14
SCF_CONVERGENCE  8
XC_GRID          000099000590
NL_GRID          1
EDA_CLS_DISP     true
FD_MAT_VEC_PROD  FALSE
$end
--------------------------------------------------------------
 ----------------------------------------------------------------
             Standard Nuclear Orientation (Angstroms)
    I     Atom           X                Y                Z
 ----------------------------------------------------------------
    1      K      -0.0030187959     0.1858478942    -0.6923438799
    2      O      -0.5592078784    -2.5192003447     0.1142699051
    3      H      -0.6293365522    -3.2076202666    -0.5615044030
    4      H      -1.4241147591    -2.2168662619     0.4314918450
    5      O       0.4286535494     0.4232618862     1.9793983998
    6      H       0.5025610543     1.3349967127     2.1359207654
    7      H      -0.5234163962     0.3166110817     1.9288753297
    8      O      -2.5591596686     1.3215379601    -0.3065931792
    9      H      -2.6901246728     0.8933910152     0.5349528459
   10      H      -3.1126654881     0.8446160436    -0.9515518453
   11      O       2.8636777147     0.5121972493    -0.4057641794
   12      H       3.2749309570    -0.3666599325    -0.2527531359
   13      H       3.2678132421     0.9680476099    -1.1613852550
 ----------------------------------------------------------------
 Molecular Point Group                 C1    NOp =  1
 Largest Abelian Subgroup              C1    NOp =  1
 Nuclear Repulsion Energy =         251.69001054 hartrees
 There are       29 alpha and       29 beta electrons
 Requested basis set is def2-TZVPPD
 There are 126 shells and 332 basis functions

 Q-Chem warning in module libmdc/get_mega.C, line 171:

 Allowed MEM_STATIC has been capped at MEM_STATIC=8191.
 Reduce the value of MEM_STATIC to silence this warning.


 Total QAlloc Memory Limit  50000 MB
 Mega-Array Size      8007 MB
 MEM_STATIC part      8191 MB

                       Distance Matrix (Angstroms)
             K (  1)   O (  2)   H (  3)   H (  4)   O (  5)   H (  6)
   O (  2)  2.877022
   H (  3)  3.453262  0.967218
   H (  4)  3.009245  0.969587  1.612237
   O (  5)  2.716784  3.621140  4.556186  3.577575
   H (  6)  3.094388  4.479873  5.403024  4.385532  0.928020
   H (  7)  2.675575  3.366883  4.316644  3.077649  0.959356  1.460345
   O (  8)  2.823553  4.350656  4.929754  3.788588  3.867775  3.916655
   H (  9)  3.037666  4.045190  4.718830  3.359641  3.469038  3.598799
   H ( 10)  3.189211  4.355615  4.768614  3.759879  4.616162  4.779417
   O ( 11)  2.899410  4.601734  5.105139  5.151111  3.409729  3.565394
   H ( 12)  3.353127  4.412341  4.838356  5.096321  3.702401  4.035769
   H ( 13)  3.395612  5.332381  5.743156  5.890257  4.268740  4.318970
             H (  7)   O (  8)   H (  9)   H ( 10)   O ( 11)   H ( 12)
   O (  8)  3.186134
   H (  9)  2.640136  0.953237
   H ( 10)  3.908946  0.974574  1.546162
   O ( 11)  4.118398  5.483797  5.645793  6.010413
   H ( 12)  4.433261  6.073675  6.147365  6.538876  0.982309
   H ( 13)  4.934319  5.899935  6.195172  6.385121  0.970612  1.614654

 
 A cutoff of  1.0D-14 yielded   6944 shell pairs
 There are     47156 function pairs (     56886 Cartesian)
 Smallest overlap matrix eigenvalue = 1.86E-04

 Scale SEOQF with 1.000000e-01/1.000000e-01/1.000000e-01

 Standard Electronic Orientation quadrupole field applied
 Nucleus-field energy     =     0.0000000064 hartrees

 -----------------------------------------------------------------------
  General SCF calculation program by
  Eric Jon Sundstrom, Paul Horn, Yuezhi Mao, Dmitri Zuev, Alec White,
  David Stuck, Shaama M.S., Shane Yost, Joonho Lee, David Small,
  Daniel Levine, Susi Lehtola, Hugh Burton, Evgeny Epifanovsky,
  Bang C. Huynh
 -----------------------------------------------------------------------
================================================================
                 ALMO-EDA with the EDA2 driver                  
================================================================
 The second-generation ALMO-EDA (for DFT):                      
 P. R. Horn, Y. Mao and M. Head-Gordon, PCCP, 18, 23067 (2016)  
 Y. Mao et al. Annu. Rev. Phys. Chem. 72, 641 (2021)            
 Decomposition of the frozen energy:                            
 P. R. Horn, Y. Mao and M. Head-Gordon, JCP, 144, 114107 (2016) 
 FERF model for polarization:                                   
 P. R. Horn and M. Head-Gordon, JCP, 143, 114111 (2015)         
================================================================
 Using eda2 option set 1
 Option set summary: Frozen orbital wavefunction, initial wavefunction decomposition, and nDQ polarization.
--------------------------------
Printing EDA Options
--------------------------------
eda_child_super_basis      0
fragmo_guess_mode          0
child_mp                   1
child_mp_orders            232
cls_elec                   1
cls_disp                   1
scfmi_mode                 1
scfmi_occs                 0
scfmi_virts                0
frz_relax                  0
frz_relax_method           0
dc_pen_start               0
dc_pen_conv                0
dc_pen_increment           0
dc_pen_steps               0
dc_pen_thresh_factor       0
dc_pen_pre_newton_thresh   0
frz_ortho_decomp           1
frz_ortho_decomp_conv      6
plot_mo_ortho_frz          0
frgm_method                2
scfmi_freeze_ss            0
separate_rehyb             0
plot_diff_den              0
eda_nocv                   0
eda_vct_relax              1
disp_free_x                0
disp_free_c                0
eda_bsse                   0
eda_pct_a                  0
eda_covp                   0
--------------------------------
Attempting to make child job directory: /scratch/qchem825371//Frg1/
Attempting to make child job directory: /scratch/qchem825371//Frg2/
Creating input file /scratch/qchem825371/Frg1.input
using default PutDataFrgm: nothing
calling putenv with: QCSCRATCH=/scratch/qchem825371/ 
Spawning Job For Fragment 0
Done Job For Fragment 0
calling putenv with: QCSCRATCH=/scratch 
calling putenv with: QCTHREADS=6 
Creating input file /scratch/qchem825371/Frg2.input
using default PutDataFrgm: nothing
calling putenv with: QCSCRATCH=/scratch/qchem825371/ 
Spawning Job For Fragment 1
Done Job For Fragment 1
calling putenv with: QCSCRATCH=/scratch 
calling putenv with: QCTHREADS=6 
Doing General SCFMI
 Exchange:     0.1500 Hartree-Fock + 1.0000 wB97M-V + LR-HF
 Correlation:  1.0000 wB97M-V
 Using Euler-Maclaurin-Lebedev (99,590) quadrature formula
 Nonlocal Correlation:  VV10 with C = 0.0100 and b = 6.00 and scale = 1.00000
 Grid used for NLC:  SG-1 standard quadrature
performing fock build before subrot guess so that all methods have access
Printing subrot_rss_gen Method Specification:
Occupied Subspace Method is 0
Virtual Subspace Method is 0
Energy of the unrelaxed supersystem initial determinant -905.500514693635
write pseudocanon occs and virts to disk
write pseudocanon orbital energies to disk
Tolerance of ortho_decomp_scf: 1.00e-06
GDM subspace size: 20
Beginning the Orthogonal Decomposition of the Initial Supersystem Wavefunction
    1    -905.3742951051      2.53e-01     ortho_decomp Preconditoned Steepest Descent
    2    -905.3975449124      2.52e-03     ortho_decomp BFGS Step
    3    -905.3975581827      1.23e-04     ortho_decomp BFGS Step
    4    -905.3975582126      4.52e-06     ortho_decomp BFGS Step
    5    -905.3975582127      8.51e-08     ortho_decomp 00000 Convergence criterion met
 Hartree-Fock
 Hartree-Fock
 Hartree-Fock
 Exchange:     0.1500 Hartree-Fock + 1.0000 wB97M-V + LR-HF
 Correlation:  1.0000 wB97M-V
 Using Euler-Maclaurin-Lebedev (99,590) quadrature formula
 Nonlocal Correlation:  VV10 with C = 0.0100 and b = 6.00 and scale = 1.00000
 Grid used for NLC:  SG-1 standard quadrature
 Long-range K will be added via erf
 Coulomb attenuation parameter = 0.3 bohr**(-1)
 Nonlocal correlation = 2.436253009682e-01
Doing General SCFMI
 Exchange:     0.1500 Hartree-Fock + 1.0000 wB97M-V + LR-HF
 Correlation:  1.0000 wB97M-V
 Using Euler-Maclaurin-Lebedev (99,590) quadrature formula
 Nonlocal Correlation:  VV10 with C = 0.0100 and b = 6.00 and scale = 1.00000
 Grid used for NLC:  SG-1 standard quadrature
performing fock build at end of subrot_r(subrot) constructor so that all methods have access
<S^2> of initial wavefunction before polarization iterations 0.0000000000
Beginning iterations for the determination of the polarized wavefunction
Energy prior to optimization (guess energy) = -905.500514693634
Begin Timing: Total SCF Calculation
begin iterations for algorithm: DIIS         
the SCF tolerance is set to 1.00e-08
    1    -905.5005146936      7.68e-04     00000 
    2    -905.5185261709      2.46e-04     00000 
    3    -905.5196011953      1.02e-04     00000 
    4    -905.5198070753      5.16e-05     00000 
    5    -905.5198715511      1.58e-05     00000 
    6    -905.5198853494      4.21e-06     00000 
    7    -905.5198866578      1.52e-06     00000 
    8    -905.5198867967      4.51e-07     00000 
    9    -905.5198868038      2.69e-07     00000 
   10    -905.5198868054      3.49e-08     00000 
   11    -905.5198868054      9.12e-09     00000 Convergence criterion met
write pseudocanon occs and virts to disk
write pseudocanon orbital energies to disk
Timing for Total SCF: 92.00s (wall), 550.30s (cpu)
<S^2> of polarized wavefunction after polarization iterations 0.0000000000
relaxing scfmi constraint to allow all rotations in the entire AO span
Doing General SCFMI
 Exchange:     0.1500 Hartree-Fock + 1.0000 wB97M-V + LR-HF
 Correlation:  1.0000 wB97M-V
 Using Euler-Maclaurin-Lebedev (99,590) quadrature formula
 Nonlocal Correlation:  VV10 with C = 0.0100 and b = 6.00 and scale = 1.00000
 Grid used for NLC:  SG-1 standard quadrature
performing fock build at end of subrot_r(subrot) constructor so that all methods have access
<S^2> of polarized wavefunction before ct-allowed iterations 0.0000000000
Beginning iterations for the determination of the CT-Allowed wavefunction
Energy prior to optimization (guess energy) = -905.519886805430
Begin Timing: Total SCF Calculation
begin iterations for algorithm: DIIS         
the SCF tolerance is set to 1.00e-08
    1    -905.5198868054      2.97e-04     00000 
    2    -905.5228215310      2.63e-05     00000 
    3    -905.5229107633      7.24e-06     00000 
    4    -905.5229134133      6.41e-06     00000 
    5    -905.5229148945      2.98e-07     00000 
    6    -905.5229149025      8.94e-08     00000 
    7    -905.5229149031      3.47e-08     00000 
    8    -905.5229149032      1.12e-08     00000 
    9    -905.5229149032      2.11e-09     00000 Convergence criterion met
write pseudocanon occs and virts to disk
write pseudocanon orbital energies to disk
Timing for Total SCF: 72.00s (wall), 430.45s (cpu)
<S^2> of ct_allowed wavefunction after ct-allowed iterations 0.0000000000

================================
        Results of EDA2         
================================
Basic EDA Quantities
--------------------
Fragment Energies (Ha):
1 -599.7243958035
2 -305.7345375383
--------------------
  E_prp (kJ/mol) = 0.0000
  E_frz (kJ/mol) = -109.1731
  E_pol (kJ/mol) = -50.8621
  E_vct (kJ/mol) = -7.9504
  E_int (kJ/mol) = -167.9856
--------------------


Decomposition of frozen interaction energy
--------------------
  --------------------
  Orthogonal Frozen Decomposition:
  --------------------
     E_elec   (ELEC)   (kJ/mol) = -221.8532
     E_pauli  (PAULI)  (kJ/mol) = 134.2636
     E_disp   (DISP)   (kJ/mol) = -21.5836
  --------------------
  Classical Frozen Decomposition:
  --------------------
     E_cls_elec  (CLS ELEC)  (kJ/mol) = -174.9100
     E_mod_pauli (MOD PAULI) (kJ/mol) = 84.7202 (FRZ - CLS ELEC - CLS DISP)
     E_cls_disp  (CLS DISP)  (kJ/mol) = -18.9834
  --------------------
--------------------

Simplified EDA Summary (kJ/mol)
--------------------
 PREPARATION      0.0000
 FROZEN           -109.1731 (ELEC + PAULI + DISP)
[ELEC + PAULI = -90.1897, DISP = -18.9834]
 POLARIZATION    -50.8621
 CHARGE TRANSFER -7.9504
 TOTAL           -167.9856     (PRP + FRZ + POL + CT)
--------------------
 
 --------------------------------------------------------------
 
                    Orbital Energies (a.u.)
 --------------------------------------------------------------
 
 Alpha MOs
 -- Occupied --
******** -19.5136 -19.4995 -19.4950 -19.4825 -13.5412 -10.8195 -10.8194
-10.8191  -1.6393  -1.3177  -1.3140  -1.2991  -1.2775  -0.9909  -0.9882
 -0.9858  -0.8199  -0.8158  -0.8012  -0.7906  -0.6770  -0.6705  -0.6537
 -0.6397  -0.6078  -0.5929  -0.5913  -0.5742
 -- Virtual --
 -0.1425  -0.1097  -0.0995  -0.0918  -0.0605  -0.0562  -0.0533  -0.0393
 -0.0327  -0.0314  -0.0261  -0.0158  -0.0087  -0.0065  -0.0035   0.0037
  0.0121   0.0133   0.0226   0.0252   0.0359   0.0391   0.0438   0.0556
  0.0575   0.0601   0.0843   0.0871   0.0962   0.0977   0.1035   0.1109
  0.1284   0.1347   0.1412   0.1587   0.1663   0.1701   0.1774   0.1812
  0.1879   0.1910   0.2015   0.2040   0.2083   0.2121   0.2194   0.2219
  0.2241   0.2286   0.2305   0.2353   0.2411   0.2511   0.2545   0.2589
  0.2630   0.2682   0.2738   0.2801   0.2836   0.2979   0.3035   0.3078
  0.3200   0.3270   0.3389   0.3526   0.3571   0.3658   0.3875   0.3926
  0.3975   0.4084   0.4317   0.4349   0.4490   0.4642   0.4680   0.4711
  0.4908   0.4999   0.5084   0.5244   0.5466   0.5584   0.5994   0.6048
  0.6137   0.6250   0.6331   0.6482   0.6653   0.6732   0.7053   0.7226
  0.7377   0.7414   0.7449   0.7681   0.7879   0.7970   0.8169   0.8329
  0.8655   0.8804   0.8964   0.9146   0.9152   0.9324   0.9486   0.9629
  0.9804   0.9873   1.0081   1.0113   1.0234   1.0350   1.0507   1.0526
  1.0747   1.0774   1.0880   1.0942   1.1280   1.1397   1.1616   1.1859
  1.2077   1.2161   1.2290   1.2612   1.2743   1.2795   1.2829   1.2877
  1.2957   1.3181   1.3248   1.3530   1.3739   1.4235   1.4853   1.8230
  1.8318   1.8371   1.8498   1.8587   1.8661   1.8863   1.8923   1.9232
  1.9301   1.9461   1.9864   2.0562   2.0662   2.0879   2.1058   2.1162
  2.1252   2.1358   2.2148   2.4641   2.4678   2.5450   2.5795   2.6330
  2.6645   2.6863   2.7296   2.8081   2.8333   2.8610   2.8839   3.0267
  3.0333   3.0393   3.0608   3.0813   3.1116   3.1224   3.1375   3.1482
  3.1596   3.1825   3.2013   3.2241   3.2325   3.2538   3.2564   3.2726
  3.2916   3.2968   3.3161   3.3360   3.3388   3.3517   3.3603   3.3622
  3.3939   3.4073   3.4412   3.5312   3.5436   3.5472   3.6223   3.7614
  3.7759   3.7924   3.8114   3.8232   3.8352   3.8612   3.8744   3.8888
  3.9189   3.9333   3.9554   3.9724   3.9867   3.9895   4.0057   4.0433
  4.0508   4.0532   4.0603   4.0680   4.0852   4.1022   4.1110   4.1197
  4.1381   4.1476   4.2153   4.5632   4.5699   4.5724   4.6036   4.6134
  4.6156   4.6244   4.7372   4.8355   4.8651   4.8879   4.9076   5.0047
  5.0119   5.0343   5.1644   5.4829   5.4956   5.5232   5.6029   5.9222
  5.9445   6.0568   6.2702   6.3682   6.3885   6.4109   6.4191   6.4282
  6.4303   6.4386   6.4991   6.5119   6.5171   6.5209   6.5333   6.5558
  6.5630   6.5681   6.5892   6.6105   6.6285   6.6668   6.6856   6.6970
  6.7057   6.7108   6.7889   6.9111   6.9358   6.9744   6.9909   7.2598
  7.2655   7.3405   7.3587   7.3677   7.4294   7.4599   7.6231   7.6912
  7.7180   7.7416   7.7633  44.1517  44.1722  44.1996  44.3078
 --------------------------------------------------------------
 
          Ground-State Mulliken Net Atomic Charges

     Atom                 Charge (a.u.)
  ----------------------------------------
      1 K                     0.917171
      2 O                    -0.364306
      3 H                     0.187579
      4 H                     0.202599
      5 O                    -0.322918
      6 H                     0.159420
      7 H                     0.181829
      8 O                    -0.385544
      9 H                     0.189996
     10 H                     0.218001
     11 O                    -0.405696
     12 H                     0.218410
     13 H                     0.203461
  ----------------------------------------
  Sum of atomic charges =     1.000000

 -----------------------------------------------------------------
                    Cartesian Multipole Moments
 -----------------------------------------------------------------
    Charge (ESU x 10^10)
                 4.8032
    Dipole Moment (Debye)
         X      -2.4378      Y      -0.8125      Z      -3.4839
       Tot       4.3290
    Quadrupole Moments (Debye-Ang)
        XX     -13.8654     XY       5.1270     YY     -28.5992
        XZ      -6.2115     YZ       4.6586     ZZ     -28.3054
    Octopole Moments (Debye-Ang^2)
       XXX       7.3631    XXY     -10.2522    XYY       2.0611
       YYY     -26.8872    XXZ     -20.1271    XYZ      -4.1746
       YYZ      -8.5425    XZZ      -5.6649    YZZ      11.3971
       ZZZ     -10.1593
    Hexadecapole Moments (Debye-Ang^3)
      XXXX    -386.0023   XXXY       3.4445   XXYY    -162.6567
      XYYY      53.9255   YYYY    -276.7333   XXXZ     -39.6534
      XXYZ     -21.4117   XYYZ      -4.0657   YYYZ      50.9145
      XXZZ    -106.3116   XYZZ       8.8553   YYZZ     -78.4556
      XZZZ     -10.8174   YZZZ      14.2821   ZZZZ    -226.1096
 -----------------------------------------------------------------
 Total job time:  773.85s(wall), 1870.32s(cpu) 
 Fri Jan 12 10:03:08 2024

        *************************************************************
        *                                                           *
        *  Thank you very much for using Q-Chem.  Have a nice day.  *
        *                                                           *
        *************************************************************


