
Running Job 1 of 1 120_K-Water_Cls_011_almo.in
qchem 120_K-Water_Cls_011_almo.in_821472.0 /scratch/qchem821472/ 6
/home/kchung25/qchem/5.4.0/exe/qcprog.exe_s 120_K-Water_Cls_011_almo.in_821472.0 /scratch/qchem821472/
                  Welcome to Q-Chem
     A Quantum Leap Into The Future Of Chemistry


 Q-Chem 5.4, Q-Chem, Inc., Pleasanton, CA (2021)

 E. Epifanovsky,  A. T. B. Gilbert,  Xintian Feng,  Joonho Lee,  Yuezhi Mao,  
 N. Mardirossian,  P. Pokhilko,  A. White,  M. Wormit,  M. P. Coons,  
 A. L. Dempwolff,  Zhengting Gan,  D. Hait,  P. R. Horn,  L. D. Jacobson,  
 I. Kaliman,  J. Kussmann,  A. W. Lange,  Ka Un Lao,  D. S. Levine,  Jie Liu,  
 S. C. McKenzie,  A. F. Morrison,  K. Nanda,  F. Plasser,  D. R. Rehn,  
 M. L. Vidal,  Zhi-Qiang You,  Ying Zhu,  B. Alam,  B. Albrecht,  
 A. Aldossary,  E. Alguire,  J. H. Andersen,  D. Barton,  K. Begam,  A. Behn,  
 Y. A. Bernard,  E. J. Berquist,  H. Burton,  A. Carreras,  K. Carter-Fenk,  
 Romit Chakraborty,  A. D. Chien,  K. D. Closser,  V. Cofer-Shabica,  
 S. Dasgupta,  Jia Deng,  M. de Wergifosse,  M. Diedenhofen,  Hainam Do,  
 S. Ehlert,  Po-Tung Fang,  S. Fatehi,  Qingguo Feng,  T. Friedhoff,  
 J. Gayvert,  Qinghui Ge,  G. Gidofalvi,  M. Goldey,  J. Gomes,  
 C. Gonzalez-Espinoza,  S. Gulania,  A. Gunina,  M. W. D. Hanson-Heine,  
 P. H. P. Harbach,  A. W. Hauser,  M. F. Herbst,  M. Hernandez Vera,  
 M. Hodecker,  Z. C. Holden,  S. Houck,  Xunkun Huang,  Kerwin Hui,  
 B. C. Huynh,  M. Ivanov,  Hyunjun Ji,  Hanjie Jiang,  B. Kaduk,  S. Kaehler,  
 K. Khistyaev,  Jaehoon Kim,  P. Klunzinger,  Z. Koczor-Benda,  
 Joong Hoon Koh,  D. Kosenkov,  L. Koulias,  T. Kowalczyk,  C. M. Krauter,  
 K. Kue,  A. Kunitsa,  T. Kus,  A. Landau,  K. V. Lawler,  D. Lefrancois,  
 S. Lehtola,  Rain Li,  Yi-Pei Li,  Jiashu Liang,  M. Liebenthal,  
 Hung-Hsuan Lin,  You-Sheng Lin,  Fenglai Liu,  Kuan-Yu Liu,  
 M. Loipersberger,  A. Luenser,  A. Manjanath,  P. Manohar,  E. Mansoor,  
 S. F. Manzer,  Shan-Ping Mao,  A. V. Marenich,  T. Markovich,  S. Mason,  
 S. A. Maurer,  P. F. McLaughlin,  M. F. S. J. Menger,  J.-M. Mewes,  
 S. A. Mewes,  P. Morgante,  J. W. Mullinax,  K. J. Oosterbaan,  G. Paran,  
 Alexander C. Paul,  Suranjan K. Paul,  F. Pavosevic,  Zheng Pei,  S. Prager,  
 E. I. Proynov,  E. Ramos,  B. Rana,  A. E. Rask,  A. Rettig,  R. M. Richard,  
 F. Rob,  E. Rossomme,  T. Scheele,  M. Scheurer,  M. Schneider,  
 N. Sergueev,  S. M. Sharada,  W. Skomorowski,  D. W. Small,  C. J. Stein,  
 Yu-Chuan Su,  E. J. Sundstrom,  Zhen Tao,  J. Thirman,  T. Tsuchimochi,  
 N. M. Tubman,  S. P. Veccham,  O. Vydrov,  J. Wenzel,  J. Witte,  A. Yamada,  
 Kun Yao,  S. Yeganeh,  S. R. Yost,  A. Zech,  Igor Ying Zhang,  Xing Zhang,  
 Yu Zhang,  D. Zuev,  A. Aspuru-Guzik,  A. T. Bell,  N. A. Besley,  
 K. B. Bravaya,  B. R. Brooks,  D. Casanova,  Jeng-Da Chai,  S. Coriani,  
 C. J. Cramer,  A. E. DePrince, III,  R. A. DiStasio Jr.,  A. Dreuw,  
 B. D. Dunietz,  T. R. Furlani,  W. A. Goddard III,  S. Grimme,  
 S. Hammes-Schiffer,  T. Head-Gordon,  W. J. Hehre,  Chao-Ping Hsu,  
 T.-C. Jagau,  Yousung Jung,  A. Klamt,  Jing Kong,  D. S. Lambrecht,  
 WanZhen Liang,  N. J. Mayhall,  C. W. McCurdy,  J. B. Neaton,  T. Neudecker,  
 C. Ochsenfeld,  J. A. Parkhill,  R. Peverati,  V. A. Rassolov,  Yihan Shao,  
 L. V. Slipchenko,  R. P. Steele,  J. E. Subotnik,  A. J. W. Thom,  
 A. Tkatchenko,  D. G. Truhlar,  T. Van Voorhis,  T. A. Wesolowski,  
 K. B. Whaley,  H. L. Woodcock III,  P. M. Zimmerman,  S. Faraji,  
 P. M. W. Gill,  M. Head-Gordon,  J. M. Herbert,  A. I. Krylov

 Additional authors since Version 5.4.0: 
 Chandrima Chakravarty,  L. Cunha,  R. Kang,  Yongbin Kim,  S. Kotaru,  
 Shaozhi Li,  Xiangyuan Li,  F. Matz,  A. Molle,  V. Parravicini,  
 Haisheng Ren,  Hengyuan Shen,  Yingli Su,  Hung-Yi Tsai,  C. Utku,  
 Fang Wang,  Jeff Yang,  F. Zeller

 Contributors to earlier versions of Q-Chem not listed above: 
 R. D. Adamson,  B. Austin,  R. Baer,  J. Baker,  G. J. O. Beran,  
 K. Brandhorst,  S. T. Brown,  E. F. C. Byrd,  Arup K. Chakraborty,  
 G. K. L. Chan,  Chun-Min Chang,  Yunqing Chen,  C.-L. Cheng,  
 Siu Hung Chien,  D. M. Chipman,  D. L. Crittenden,  H. Dachsel,  
 R. J. Doerksen,  A. D. Dutoi,  R. G. Edgar,  J. Fosso-Tande,  
 L. Fusti-Molnar,  D. Ghosh,  A. Ghysels,  A. Golubeva-Zadorozhnaya,  
 J. Gonthier,  M. S. Gordon,  S. R. Gwaltney,  G. Hawkins,  J. E. Herr,  
 A. Heyden,  S. Hirata,  E. G. Hohenstein,  G. Kedziora,  F. J. Keil,  
 C. Kelley,  Jihan Kim,  R. A. King,  R. Z. Khaliullin,  P. P. Korambath,  
 W. Kurlancheek,  A. Laurent,  A. M. Lee,  M. S. Lee,  S. V. Levchenko,  
 Ching Yeh Lin,  D. Liotard,  E. Livshits,  R. C. Lochan,  I. Lotan,  
 L. A. Martinez-Martinez,  P. E. Maslen,  N. Nair,  D. P. O'Neill,  
 D. Neuhauser,  E. Neuscamman,  C. M. Oana,  R. Olivares-Amaya,  R. Olson,  
 T. M. Perrine,  B. Peters,  P. A. Pieniazek,  A. Prociuk,  Y. M. Rhee,  
 J. Ritchie,  M. A. Rohrdanz,  E. Rosta,  N. J. Russ,  H. F. Schaefer III,  
 M. W. Schmidt,  N. E. Schultz,  S. Sharma,  N. Shenvi,  C. D. Sherrill,  
 A. C. Simmonett,  A. Sodt,  T. Stein,  D. Stuck,  K. S. Thanthiriwatte,  
 V. Vanovschi,  L. Vogt,  Tao Wang,  A. Warshel,  M. A. Watson,  
 C. F. Williams,  Q. Wu,  X. Xu,  Jun Yang,  W. Zhang,  Yan Zhao

   Please cite Q-Chem as follows:
  "Software for the frontiers of quantum chemistry:
   An overview of developments in the Q-Chem 5 package"
   J. Chem. Phys. 155, 084801 (2021)
   https://doi.org/10.1063/5.0055522 (open access)

 Q-Chem 5.4.2 for Intel X86 EM64T Linux

 Parts of Q-Chem use Armadillo 9.900.5 (Nocturnal Misbehaviour).
 http://arma.sourceforge.net/

 Q-Chem begins on Fri Jan 12 07:51:06 2024  

 Host: 
0

     Scratch files written to /scratch/qchem821472//
 Dec1321 |scratch|qcdevops|jenkins|workspace|build_RNUM 5684   
 Processing $rem in /home/kchung25/qchem/5.4.0/config/preferences:
 Processing $rem in /home/kchung25/.qchemrc:

 Q-Chem warning in module libgen/rem_setup.C, line 3079:

 Neither GIA nor STOLL is specified by user. Use STOLL as the default


 Checking the input file for inconsistencies... 	...done.

--------------------------------------------------------------
User input:
--------------------------------------------------------------
$molecule
1 1
--
1 1
K      0.000000     0.000000     0.000000
--
0 1
O     -2.448527    -0.291095    -1.019181
H     -2.813473     0.376710    -0.455549
H     -2.996059    -1.063636    -0.906107
O     -0.359694    -2.647424     0.173385
H     -0.129317    -3.280336    -0.543745
H     -0.768006    -3.148797     0.926610
O      2.782323     0.361715    -0.387797
H      3.104084     1.127188     0.048438
H      3.129044    -0.410494     0.120079
O      1.143816     0.172493     2.326214
H      2.118111     0.190490     2.431222
H      0.790123    -0.238853     3.124352
O     -0.785943     2.820602    -0.803775
H     -1.653070     3.218136    -0.938106
H     -0.338429     3.318736    -0.088312
$end

$rem
JOBTYPE          eda
EDA2             1
METHOD           wB97M-V
BASIS            def2-TZVPPD
SYMMETRY         false
MEM_TOTAL        50000
MEM_STATIC       10000
THRESH           14
SCF_CONVERGENCE  8
XC_GRID          000099000590
NL_GRID          1
EDA_CLS_DISP     true
FD_MAT_VEC_PROD  FALSE
$end
--------------------------------------------------------------
 ----------------------------------------------------------------
             Standard Nuclear Orientation (Angstroms)
    I     Atom           X                Y                Z
 ----------------------------------------------------------------
    1      K      -0.0700420791     0.0464387617     0.0710407340
    2      O      -2.6609748443     0.6825524653     0.1053546048
    3      H      -2.8449347688     0.1712093036    -0.6702206975
    4      H      -3.0088397325     1.5546055012    -0.0617086747
    5      O       0.0185589855     2.7145387136     0.2752182687
    6      H       0.0134860237     3.1995519578     1.1311756372
    7      H       0.0243965347     3.3726943229    -0.4679093059
    8      O       2.2347650613    -0.8927768399     1.4231811224
    9      H       2.6055504017    -1.6479168113     1.0083776931
   10      H       2.8561298649    -0.1471487341     1.2431679795
   11      O       1.8959376380    -0.0633439293    -1.6237194153
   12      H       2.8160203208    -0.2574280561    -1.3473491428
   13      H       1.9578961656     0.5019715379    -2.4034040312
   14      O      -1.4739666633    -2.6437188869    -0.0366805712
   15      H      -2.3630580361    -2.8785137013    -0.3236914748
   16      H      -0.8404086879    -3.1293739767    -0.6050440043
 ----------------------------------------------------------------
 Molecular Point Group                 C1    NOp =  1
 Largest Abelian Subgroup              C1    NOp =  1
 Nuclear Repulsion Energy =         345.72857070 hartrees
 There are       34 alpha and       34 beta electrons
 Requested basis set is def2-TZVPPD
 There are 154 shells and 406 basis functions

 Q-Chem warning in module libmdc/get_mega.C, line 171:

 Allowed MEM_STATIC has been capped at MEM_STATIC=8191.
 Reduce the value of MEM_STATIC to silence this warning.


 Total QAlloc Memory Limit  50000 MB
 Mega-Array Size      8007 MB
 MEM_STATIC part      8191 MB
 A cutoff of  1.0D-14 yielded   9972 shell pairs
 There are     67314 function pairs (     81068 Cartesian)
 Smallest overlap matrix eigenvalue = 8.22E-05

 Scale SEOQF with 1.000000e-01/1.000000e-01/1.000000e-01

 Standard Electronic Orientation quadrupole field applied
 Nucleus-field energy     =     0.0000000136 hartrees

 -----------------------------------------------------------------------
  General SCF calculation program by
  Eric Jon Sundstrom, Paul Horn, Yuezhi Mao, Dmitri Zuev, Alec White,
  David Stuck, Shaama M.S., Shane Yost, Joonho Lee, David Small,
  Daniel Levine, Susi Lehtola, Hugh Burton, Evgeny Epifanovsky,
  Bang C. Huynh
 -----------------------------------------------------------------------
================================================================
                 ALMO-EDA with the EDA2 driver                  
================================================================
 The second-generation ALMO-EDA (for DFT):                      
 P. R. Horn, Y. Mao and M. Head-Gordon, PCCP, 18, 23067 (2016)  
 Y. Mao et al. Annu. Rev. Phys. Chem. 72, 641 (2021)            
 Decomposition of the frozen energy:                            
 P. R. Horn, Y. Mao and M. Head-Gordon, JCP, 144, 114107 (2016) 
 FERF model for polarization:                                   
 P. R. Horn and M. Head-Gordon, JCP, 143, 114111 (2015)         
================================================================
 Using eda2 option set 1
 Option set summary: Frozen orbital wavefunction, initial wavefunction decomposition, and nDQ polarization.
--------------------------------
Printing EDA Options
--------------------------------
eda_child_super_basis      0
fragmo_guess_mode          0
child_mp                   1
child_mp_orders            232
cls_elec                   1
cls_disp                   1
scfmi_mode                 1
scfmi_occs                 0
scfmi_virts                0
frz_relax                  0
frz_relax_method           0
dc_pen_start               0
dc_pen_conv                0
dc_pen_increment           0
dc_pen_steps               0
dc_pen_thresh_factor       0
dc_pen_pre_newton_thresh   0
frz_ortho_decomp           1
frz_ortho_decomp_conv      6
plot_mo_ortho_frz          0
frgm_method                2
scfmi_freeze_ss            0
separate_rehyb             0
plot_diff_den              0
eda_nocv                   0
eda_vct_relax              1
disp_free_x                0
disp_free_c                0
eda_bsse                   0
eda_pct_a                  0
eda_covp                   0
--------------------------------
Attempting to make child job directory: /scratch/qchem821472//Frg1/
Attempting to make child job directory: /scratch/qchem821472//Frg2/
Creating input file /scratch/qchem821472/Frg1.input
using default PutDataFrgm: nothing
calling putenv with: QCSCRATCH=/scratch/qchem821472/ 
Spawning Job For Fragment 0
Done Job For Fragment 0
calling putenv with: QCSCRATCH=/scratch 
calling putenv with: QCTHREADS=6 
Creating input file /scratch/qchem821472/Frg2.input
using default PutDataFrgm: nothing
calling putenv with: QCSCRATCH=/scratch/qchem821472/ 
Spawning Job For Fragment 1
Done Job For Fragment 1
calling putenv with: QCSCRATCH=/scratch 
calling putenv with: QCTHREADS=6 
Doing General SCFMI
 Exchange:     0.1500 Hartree-Fock + 1.0000 wB97M-V + LR-HF
 Correlation:  1.0000 wB97M-V
 Using Euler-Maclaurin-Lebedev (99,590) quadrature formula
 Nonlocal Correlation:  VV10 with C = 0.0100 and b = 6.00 and scale = 1.00000
 Grid used for NLC:  SG-1 standard quadrature
performing fock build before subrot guess so that all methods have access
Printing subrot_rss_gen Method Specification:
Occupied Subspace Method is 0
Virtual Subspace Method is 0
Energy of the unrelaxed supersystem initial determinant -981.964662537568
write pseudocanon occs and virts to disk
write pseudocanon orbital energies to disk
Tolerance of ortho_decomp_scf: 1.00e-06
GDM subspace size: 20
Beginning the Orthogonal Decomposition of the Initial Supersystem Wavefunction
    1    -981.7728602204      2.72e-01     ortho_decomp Preconditoned Steepest Descent
    2    -981.8064420284      2.63e-03     ortho_decomp BFGS Step
    3    -981.8064572775      1.13e-04     ortho_decomp BFGS Step
    4    -981.8064573146      4.85e-06     ortho_decomp BFGS Step
    5    -981.8064573146      9.46e-08     ortho_decomp 00000 Convergence criterion met
 Hartree-Fock
 Hartree-Fock
 Hartree-Fock
 Exchange:     0.1500 Hartree-Fock + 1.0000 wB97M-V + LR-HF
 Correlation:  1.0000 wB97M-V
 Using Euler-Maclaurin-Lebedev (99,590) quadrature formula
 Nonlocal Correlation:  VV10 with C = 0.0100 and b = 6.00 and scale = 1.00000
 Grid used for NLC:  SG-1 standard quadrature
 Long-range K will be added via erf
 Coulomb attenuation parameter = 0.3 bohr**(-1)
 Nonlocal correlation = 2.841682820599e-01
Doing General SCFMI
 Exchange:     0.1500 Hartree-Fock + 1.0000 wB97M-V + LR-HF
 Correlation:  1.0000 wB97M-V
 Using Euler-Maclaurin-Lebedev (99,590) quadrature formula
 Nonlocal Correlation:  VV10 with C = 0.0100 and b = 6.00 and scale = 1.00000
 Grid used for NLC:  SG-1 standard quadrature
performing fock build at end of subrot_r(subrot) constructor so that all methods have access
<S^2> of initial wavefunction before polarization iterations 0.0000000000
Beginning iterations for the determination of the polarized wavefunction
Energy prior to optimization (guess energy) = -981.964662537569
Begin Timing: Total SCF Calculation
begin iterations for algorithm: DIIS         
the SCF tolerance is set to 1.00e-08
    1    -981.9646625376      7.17e-04     00000 
    2    -981.9870668074      3.05e-04     00000 
    3    -981.9887616148      1.50e-04     00000 
    4    -981.9892173352      3.93e-05     00000 
    5    -981.9892889793      1.12e-05     00000 
    6    -981.9893006290      3.30e-06     00000 
    7    -981.9893016467      1.93e-06     00000 
    8    -981.9893017905      5.22e-07     00000 
    9    -981.9893018058      1.48e-07     00000 
   10    -981.9893018072      2.61e-08     00000 
   11    -981.9893018073      1.25e-08     00000 
   12    -981.9893018073      5.67e-09     00000 Convergence criterion met
write pseudocanon occs and virts to disk
write pseudocanon orbital energies to disk
Timing for Total SCF: 171.00s (wall), 1023.01s (cpu)
<S^2> of polarized wavefunction after polarization iterations 0.0000000000
relaxing scfmi constraint to allow all rotations in the entire AO span
Doing General SCFMI
 Exchange:     0.1500 Hartree-Fock + 1.0000 wB97M-V + LR-HF
 Correlation:  1.0000 wB97M-V
 Using Euler-Maclaurin-Lebedev (99,590) quadrature formula
 Nonlocal Correlation:  VV10 with C = 0.0100 and b = 6.00 and scale = 1.00000
 Grid used for NLC:  SG-1 standard quadrature
performing fock build at end of subrot_r(subrot) constructor so that all methods have access
<S^2> of polarized wavefunction before ct-allowed iterations 0.0000000000
Beginning iterations for the determination of the CT-Allowed wavefunction
Energy prior to optimization (guess energy) = -981.989301807271
Begin Timing: Total SCF Calculation
begin iterations for algorithm: DIIS         
the SCF tolerance is set to 1.00e-08
    1    -981.9893018073      2.71e-04     00000 
    2    -981.9929304207      2.35e-05     00000 
    3    -981.9930267862      5.54e-06     00000 
    4    -981.9930290913      4.98e-06     00000 
    5    -981.9930303869      2.54e-07     00000 
    6    -981.9930303942      7.04e-08     00000 
    7    -981.9930303948      2.72e-08     00000 
    8    -981.9930303948      8.90e-09     00000 Convergence criterion met
write pseudocanon occs and virts to disk
write pseudocanon orbital energies to disk
Timing for Total SCF: 108.00s (wall), 646.89s (cpu)
<S^2> of ct_allowed wavefunction after ct-allowed iterations 0.0000000000

================================
        Results of EDA2         
================================
Basic EDA Quantities
--------------------
Fragment Energies (Ha):
1 -599.7243958034
2 -382.1670064608
--------------------
  E_prp (kJ/mol) = -0.0000
  E_frz (kJ/mol) = -192.3471
  E_pol (kJ/mol) = -64.6912
  E_vct (kJ/mol) = -9.7895
  E_int (kJ/mol) = -266.8278
--------------------


Decomposition of frozen interaction energy
--------------------
  --------------------
  Orthogonal Frozen Decomposition:
  --------------------
     E_elec   (ELEC)   (kJ/mol) = -351.1111
     E_pauli  (PAULI)  (kJ/mol) = 187.2191
     E_disp   (DISP)   (kJ/mol) = -28.4551
  --------------------
  Classical Frozen Decomposition:
  --------------------
     E_cls_elec  (CLS ELEC)  (kJ/mol) = -284.1924
     E_mod_pauli (MOD PAULI) (kJ/mol) = 117.7940 (FRZ - CLS ELEC - CLS DISP)
     E_cls_disp  (CLS DISP)  (kJ/mol) = -25.9487
  --------------------
--------------------

Simplified EDA Summary (kJ/mol)
--------------------
 PREPARATION      -0.0000
 FROZEN           -192.3471 (ELEC + PAULI + DISP)
[ELEC + PAULI = -166.3985, DISP = -25.9487]
 POLARIZATION    -64.6912
 CHARGE TRANSFER -9.7895
 TOTAL           -266.8278     (PRP + FRZ + POL + CT)
--------------------
 
 --------------------------------------------------------------
 
                    Orbital Energies (a.u.)
 --------------------------------------------------------------
 
 Alpha MOs
 -- Occupied --
******** -19.4983 -19.4896 -19.4820 -19.4753 -19.4726 -13.4907 -10.7692
-10.7688 -10.7684  -1.5902  -1.2992  -1.2886  -1.2875  -1.2803  -1.2708
 -0.9427  -0.9401  -0.9398  -0.8017  -0.7897  -0.7883  -0.7880  -0.7759
 -0.6689  -0.6534  -0.6489  -0.6462  -0.6347  -0.5918  -0.5818  -0.5743
 -0.5682  -0.5632
 -- Virtual --
 -0.1230  -0.0991  -0.0949  -0.0823  -0.0588  -0.0477  -0.0429  -0.0377
 -0.0341  -0.0242  -0.0140  -0.0124  -0.0062  -0.0039  -0.0005   0.0040
  0.0076   0.0112   0.0188   0.0214   0.0360   0.0447   0.0461   0.0546
  0.0586   0.0668   0.0714   0.0729   0.0809   0.0917   0.0949   0.1038
  0.1126   0.1237   0.1303   0.1387   0.1403   0.1509   0.1562   0.1576
  0.1653   0.1714   0.1770   0.1862   0.1909   0.1942   0.2025   0.2036
  0.2070   0.2101   0.2149   0.2245   0.2255   0.2336   0.2349   0.2365
  0.2432   0.2465   0.2516   0.2554   0.2573   0.2601   0.2631   0.2695
  0.2753   0.2787   0.2874   0.2925   0.2943   0.3010   0.3073   0.3105
  0.3117   0.3165   0.3338   0.3396   0.3453   0.3568   0.3628   0.3671
  0.3729   0.3892   0.3967   0.4120   0.4148   0.4195   0.4272   0.4412
  0.4485   0.4653   0.4699   0.4773   0.4868   0.4914   0.4979   0.5030
  0.5160   0.5260   0.5354   0.5437   0.5510   0.5700   0.5799   0.6014
  0.6278   0.6375   0.6510   0.6566   0.6664   0.6768   0.6897   0.7047
  0.7192   0.7284   0.7396   0.7502   0.7579   0.7698   0.7736   0.7949
  0.7969   0.8053   0.8302   0.8413   0.8769   0.8813   0.8884   0.8974
  0.9212   0.9342   0.9410   0.9670   0.9764   0.9861   0.9949   0.9969
  1.0237   1.0403   1.0524   1.0563   1.0617   1.0703   1.0781   1.0890
  1.0912   1.1047   1.1106   1.1323   1.1371   1.1468   1.1603   1.1800
  1.2029   1.2056   1.2276   1.2490   1.2635   1.2682   1.2820   1.2874
  1.3086   1.3116   1.3270   1.3471   1.3497   1.3533   1.3672   1.3857
  1.4069   1.4290   1.5507   1.5736   1.8223   1.8316   1.8430   1.8599
  1.8665   1.8688   1.8788   1.8807   1.8926   1.9008   1.9586   1.9609
  1.9790   2.0008   2.0060   2.0796   2.0856   2.0891   2.1021   2.1252
  2.1303   2.1536   2.1749   2.1857   2.2339   2.5162   2.5616   2.5666
  2.6114   2.6462   2.6704   2.6823   2.7020   2.7128   2.7382   2.7967
  2.8139   2.8671   2.8958   2.9081   3.0374   3.0547   3.0675   3.0844
  3.0922   3.1214   3.1267   3.1305   3.1405   3.1478   3.1609   3.1719
  3.1785   3.1876   3.2212   3.2523   3.2594   3.2679   3.2700   3.2852
  3.2889   3.3038   3.3159   3.3230   3.3330   3.3341   3.3372   3.3433
  3.3518   3.3615   3.3695   3.3952   3.4072   3.4292   3.4346   3.5136
  3.5466   3.5620   3.5734   3.6061   3.7729   3.7795   3.7858   3.8077
  3.8230   3.8476   3.8546   3.8613   3.8686   3.9122   3.9266   3.9368
  3.9470   3.9608   3.9678   3.9967   3.9991   4.0054   4.0143   4.0270
  4.0332   4.0489   4.0622   4.0675   4.0815   4.0887   4.1145   4.1291
  4.1326   4.1360   4.1441   4.1482   4.1616   4.1806   4.1863   4.5426
  4.5770   4.5868   4.5988   4.6022   4.6114   4.6257   4.6394   4.6583
  4.6893   4.8371   4.8434   4.8728   4.8863   4.9365   4.9990   5.0517
  5.0606   5.1043   5.1224   5.4872   5.5193   5.5457   5.5658   5.5876
  5.9564   6.0491   6.0512   6.1050   6.1654   6.3323   6.3554   6.3580
  6.3872   6.3946   6.4353   6.4592   6.4611   6.4951   6.5017   6.5175
  6.5286   6.5439   6.5473   6.5521   6.5613   6.5720   6.5838   6.5978
  6.6174   6.6315   6.6421   6.6491   6.6527   6.6584   6.6889   6.7072
  6.7335   6.7568   6.7689   6.9255   6.9260   6.9457   6.9482   6.9801
  7.2715   7.3296   7.3370   7.3554   7.3858   7.4292   7.4312   7.4432
  7.4787   7.5515   7.7020   7.7100   7.7302   7.7572   7.7755  44.1074
 44.1675  44.1782  44.2391  44.2748
 --------------------------------------------------------------
 
          Ground-State Mulliken Net Atomic Charges

     Atom                 Charge (a.u.)
  ----------------------------------------
      1 K                     0.944713
      2 O                    -0.313168
      3 H                     0.177062
      4 H                     0.150673
      5 O                    -0.381378
      6 H                     0.188141
      7 H                     0.192972
      8 O                    -0.347701
      9 H                     0.157313
     10 H                     0.207043
     11 O                    -0.319498
     12 H                     0.169520
     13 H                     0.152606
     14 O                    -0.349031
     15 H                     0.163158
     16 H                     0.207573
  ----------------------------------------
  Sum of atomic charges =     1.000000

 -----------------------------------------------------------------
                    Cartesian Multipole Moments
 -----------------------------------------------------------------
    Charge (ESU x 10^10)
                 4.8032
    Dipole Moment (Debye)
         X       1.6650      Y       2.2024      Z      -4.0786
       Tot       4.9252
    Quadrupole Moments (Debye-Ang)
        XX     -15.7882     XY      -0.6901     YY     -15.7454
        XZ       1.8668     YZ       4.1315     ZZ     -37.2374
    Octopole Moments (Debye-Ang^2)
       XXX      23.1611    XXY     -10.9762    XYY     -16.3201
       YYY      27.9830    XXZ     -25.9611    XYZ      -7.6747
       YYZ      -9.7815    XZZ       6.9829    YZZ      18.7468
       ZZZ     -19.5576
    Hexadecapole Moments (Debye-Ang^3)
      XXXX    -479.5193   XXXY     -19.9346   XXYY    -156.8608
      XYYY      11.1763   YYYY    -345.6818   XXXZ      24.9401
      XXYZ       2.7875   XYYZ      22.4987   YYYZ      56.8633
      XXZZ    -141.1345   XYZZ      19.0981   YYZZ    -121.4343
      XZZZ     -42.0009   YZZZ       1.4739   ZZZZ    -202.6889
 -----------------------------------------------------------------
 Total job time:  1384.88s(wall), 3212.53s(cpu) 
 Fri Jan 12 08:14:11 2024

        *************************************************************
        *                                                           *
        *  Thank you very much for using Q-Chem.  Have a nice day.  *
        *                                                           *
        *************************************************************


