
Running Job 1 of 1 120_K-Water_Cls_086_almo.in
qchem 120_K-Water_Cls_086_almo.in_898488.0 /scratch/qchem898488/ 6
/home/kchung25/qchem/5.4.0/exe/qcprog.exe_s 120_K-Water_Cls_086_almo.in_898488.0 /scratch/qchem898488/
                  Welcome to Q-Chem
     A Quantum Leap Into The Future Of Chemistry


 Q-Chem 5.4, Q-Chem, Inc., Pleasanton, CA (2021)

 E. Epifanovsky,  A. T. B. Gilbert,  Xintian Feng,  Joonho Lee,  Yuezhi Mao,  
 N. Mardirossian,  P. Pokhilko,  A. White,  M. Wormit,  M. P. Coons,  
 A. L. Dempwolff,  Zhengting Gan,  D. Hait,  P. R. Horn,  L. D. Jacobson,  
 I. Kaliman,  J. Kussmann,  A. W. Lange,  Ka Un Lao,  D. S. Levine,  Jie Liu,  
 S. C. McKenzie,  A. F. Morrison,  K. Nanda,  F. Plasser,  D. R. Rehn,  
 M. L. Vidal,  Zhi-Qiang You,  Ying Zhu,  B. Alam,  B. Albrecht,  
 A. Aldossary,  E. Alguire,  J. H. Andersen,  D. Barton,  K. Begam,  A. Behn,  
 Y. A. Bernard,  E. J. Berquist,  H. Burton,  A. Carreras,  K. Carter-Fenk,  
 Romit Chakraborty,  A. D. Chien,  K. D. Closser,  V. Cofer-Shabica,  
 S. Dasgupta,  Jia Deng,  M. de Wergifosse,  M. Diedenhofen,  Hainam Do,  
 S. Ehlert,  Po-Tung Fang,  S. Fatehi,  Qingguo Feng,  T. Friedhoff,  
 J. Gayvert,  Qinghui Ge,  G. Gidofalvi,  M. Goldey,  J. Gomes,  
 C. Gonzalez-Espinoza,  S. Gulania,  A. Gunina,  M. W. D. Hanson-Heine,  
 P. H. P. Harbach,  A. W. Hauser,  M. F. Herbst,  M. Hernandez Vera,  
 M. Hodecker,  Z. C. Holden,  S. Houck,  Xunkun Huang,  Kerwin Hui,  
 B. C. Huynh,  M. Ivanov,  Hyunjun Ji,  Hanjie Jiang,  B. Kaduk,  S. Kaehler,  
 K. Khistyaev,  Jaehoon Kim,  P. Klunzinger,  Z. Koczor-Benda,  
 Joong Hoon Koh,  D. Kosenkov,  L. Koulias,  T. Kowalczyk,  C. M. Krauter,  
 K. Kue,  A. Kunitsa,  T. Kus,  A. Landau,  K. V. Lawler,  D. Lefrancois,  
 S. Lehtola,  Rain Li,  Yi-Pei Li,  Jiashu Liang,  M. Liebenthal,  
 Hung-Hsuan Lin,  You-Sheng Lin,  Fenglai Liu,  Kuan-Yu Liu,  
 M. Loipersberger,  A. Luenser,  A. Manjanath,  P. Manohar,  E. Mansoor,  
 S. F. Manzer,  Shan-Ping Mao,  A. V. Marenich,  T. Markovich,  S. Mason,  
 S. A. Maurer,  P. F. McLaughlin,  M. F. S. J. Menger,  J.-M. Mewes,  
 S. A. Mewes,  P. Morgante,  J. W. Mullinax,  K. J. Oosterbaan,  G. Paran,  
 Alexander C. Paul,  Suranjan K. Paul,  F. Pavosevic,  Zheng Pei,  S. Prager,  
 E. I. Proynov,  E. Ramos,  B. Rana,  A. E. Rask,  A. Rettig,  R. M. Richard,  
 F. Rob,  E. Rossomme,  T. Scheele,  M. Scheurer,  M. Schneider,  
 N. Sergueev,  S. M. Sharada,  W. Skomorowski,  D. W. Small,  C. J. Stein,  
 Yu-Chuan Su,  E. J. Sundstrom,  Zhen Tao,  J. Thirman,  T. Tsuchimochi,  
 N. M. Tubman,  S. P. Veccham,  O. Vydrov,  J. Wenzel,  J. Witte,  A. Yamada,  
 Kun Yao,  S. Yeganeh,  S. R. Yost,  A. Zech,  Igor Ying Zhang,  Xing Zhang,  
 Yu Zhang,  D. Zuev,  A. Aspuru-Guzik,  A. T. Bell,  N. A. Besley,  
 K. B. Bravaya,  B. R. Brooks,  D. Casanova,  Jeng-Da Chai,  S. Coriani,  
 C. J. Cramer,  A. E. DePrince, III,  R. A. DiStasio Jr.,  A. Dreuw,  
 B. D. Dunietz,  T. R. Furlani,  W. A. Goddard III,  S. Grimme,  
 S. Hammes-Schiffer,  T. Head-Gordon,  W. J. Hehre,  Chao-Ping Hsu,  
 T.-C. Jagau,  Yousung Jung,  A. Klamt,  Jing Kong,  D. S. Lambrecht,  
 WanZhen Liang,  N. J. Mayhall,  C. W. McCurdy,  J. B. Neaton,  T. Neudecker,  
 C. Ochsenfeld,  J. A. Parkhill,  R. Peverati,  V. A. Rassolov,  Yihan Shao,  
 L. V. Slipchenko,  R. P. Steele,  J. E. Subotnik,  A. J. W. Thom,  
 A. Tkatchenko,  D. G. Truhlar,  T. Van Voorhis,  T. A. Wesolowski,  
 K. B. Whaley,  H. L. Woodcock III,  P. M. Zimmerman,  S. Faraji,  
 P. M. W. Gill,  M. Head-Gordon,  J. M. Herbert,  A. I. Krylov

 Additional authors since Version 5.4.0: 
 Chandrima Chakravarty,  L. Cunha,  R. Kang,  Yongbin Kim,  S. Kotaru,  
 Shaozhi Li,  Xiangyuan Li,  F. Matz,  A. Molle,  V. Parravicini,  
 Haisheng Ren,  Hengyuan Shen,  Yingli Su,  Hung-Yi Tsai,  C. Utku,  
 Fang Wang,  Jeff Yang,  F. Zeller

 Contributors to earlier versions of Q-Chem not listed above: 
 R. D. Adamson,  B. Austin,  R. Baer,  J. Baker,  G. J. O. Beran,  
 K. Brandhorst,  S. T. Brown,  E. F. C. Byrd,  Arup K. Chakraborty,  
 G. K. L. Chan,  Chun-Min Chang,  Yunqing Chen,  C.-L. Cheng,  
 Siu Hung Chien,  D. M. Chipman,  D. L. Crittenden,  H. Dachsel,  
 R. J. Doerksen,  A. D. Dutoi,  R. G. Edgar,  J. Fosso-Tande,  
 L. Fusti-Molnar,  D. Ghosh,  A. Ghysels,  A. Golubeva-Zadorozhnaya,  
 J. Gonthier,  M. S. Gordon,  S. R. Gwaltney,  G. Hawkins,  J. E. Herr,  
 A. Heyden,  S. Hirata,  E. G. Hohenstein,  G. Kedziora,  F. J. Keil,  
 C. Kelley,  Jihan Kim,  R. A. King,  R. Z. Khaliullin,  P. P. Korambath,  
 W. Kurlancheek,  A. Laurent,  A. M. Lee,  M. S. Lee,  S. V. Levchenko,  
 Ching Yeh Lin,  D. Liotard,  E. Livshits,  R. C. Lochan,  I. Lotan,  
 L. A. Martinez-Martinez,  P. E. Maslen,  N. Nair,  D. P. O'Neill,  
 D. Neuhauser,  E. Neuscamman,  C. M. Oana,  R. Olivares-Amaya,  R. Olson,  
 T. M. Perrine,  B. Peters,  P. A. Pieniazek,  A. Prociuk,  Y. M. Rhee,  
 J. Ritchie,  M. A. Rohrdanz,  E. Rosta,  N. J. Russ,  H. F. Schaefer III,  
 M. W. Schmidt,  N. E. Schultz,  S. Sharma,  N. Shenvi,  C. D. Sherrill,  
 A. C. Simmonett,  A. Sodt,  T. Stein,  D. Stuck,  K. S. Thanthiriwatte,  
 V. Vanovschi,  L. Vogt,  Tao Wang,  A. Warshel,  M. A. Watson,  
 C. F. Williams,  Q. Wu,  X. Xu,  Jun Yang,  W. Zhang,  Yan Zhao

   Please cite Q-Chem as follows:
  "Software for the frontiers of quantum chemistry:
   An overview of developments in the Q-Chem 5 package"
   J. Chem. Phys. 155, 084801 (2021)
   https://doi.org/10.1063/5.0055522 (open access)

 Q-Chem 5.4.2 for Intel X86 EM64T Linux

 Parts of Q-Chem use Armadillo 9.900.5 (Nocturnal Misbehaviour).
 http://arma.sourceforge.net/

 Q-Chem begins on Sat Jan 13 21:24:32 2024  

 Host: 
0

     Scratch files written to /scratch/qchem898488//
 Dec1321 |scratch|qcdevops|jenkins|workspace|build_RNUM 5684   
 Processing $rem in /home/kchung25/qchem/5.4.0/config/preferences:
 Processing $rem in /home/kchung25/.qchemrc:

 Q-Chem warning in module libgen/rem_setup.C, line 3079:

 Neither GIA nor STOLL is specified by user. Use STOLL as the default


 Checking the input file for inconsistencies... 	...done.

--------------------------------------------------------------
User input:
--------------------------------------------------------------
$molecule
1 1
--
1 1
K      0.000000     0.000000     0.000000
--
0 1
O      0.798245    -2.673232     0.586516
H      1.259072    -3.227763    -0.050608
H      1.531752    -2.180835     0.924560
O      1.063720    -0.518108     2.608119
H      1.747934    -1.086894     2.959635
H      0.362801    -0.538207     3.240479
O     -0.749147     2.531063     1.106211
H     -1.357034     2.493353     1.855151
H     -0.245091     3.336779     1.345826
O     -0.978931     1.576870    -1.879881
H     -0.514846     1.896055    -2.647649
H     -1.625313     0.989072    -2.202663
$end

$rem
JOBTYPE          eda
EDA2             1
METHOD           wB97M-V
BASIS            def2-TZVPPD
SYMMETRY         false
MEM_TOTAL        50000
MEM_STATIC       10000
THRESH           14
SCF_CONVERGENCE  8
XC_GRID          000099000590
NL_GRID          1
EDA_CLS_DISP     true
FD_MAT_VEC_PROD  FALSE
$end
--------------------------------------------------------------
 ----------------------------------------------------------------
             Standard Nuclear Orientation (Angstroms)
    I     Atom           X                Y                Z
 ----------------------------------------------------------------
    1      K       0.0821749749    -0.4407236817     0.0189599916
    2      O      -2.6365504451    -1.2579071114    -0.2420165527
    3      H      -2.9758216947    -2.0640990557     0.1589107641
    4      H      -2.6863089450    -0.6791437201     0.5045208537
    5      O      -1.9295413386     1.5901076459     0.1948646512
    6      H      -2.8143495752     1.6373126987     0.5555804356
    7      H      -1.9523037535     2.0871800367    -0.6076136941
    8      O       1.9050184932     1.7605708588    -0.1318636411
    9      H       1.7787150058     2.3535734818    -0.8830327903
   10      H       2.2412308780     2.4026581571     0.5279478513
   11      O       2.5787143329    -1.3022966021     0.0802854413
   12      H       2.9956593873    -1.7754381597     0.7937386922
   13      H       2.5107258342    -1.9120918160    -0.6204511422
 ----------------------------------------------------------------
 Molecular Point Group                 C1    NOp =  1
 Largest Abelian Subgroup              C1    NOp =  1
 Nuclear Repulsion Energy =         251.87131014 hartrees
 There are       29 alpha and       29 beta electrons
 Requested basis set is def2-TZVPPD
 There are 126 shells and 332 basis functions

 Q-Chem warning in module libmdc/get_mega.C, line 171:

 Allowed MEM_STATIC has been capped at MEM_STATIC=8191.
 Reduce the value of MEM_STATIC to silence this warning.


 Total QAlloc Memory Limit  50000 MB
 Mega-Array Size      8007 MB
 MEM_STATIC part      8191 MB

                       Distance Matrix (Angstroms)
             K (  1)   O (  2)   H (  3)   H (  4)   O (  5)   H (  6)
   O (  2)  2.850853
   H (  3)  3.465008  0.962181
   H (  4)  2.820836  0.945918  1.456491
   O (  5)  2.863952  2.966802  3.801213  2.412071
   H (  6)  3.605004  3.008334  3.726106  2.320554  0.956676
   H (  7)  3.304844  3.433870  4.343762  3.070530  0.944230  1.516088
   O (  8)  2.862028  5.454282  6.207677  5.238080  3.852228  4.770766
   H (  9)  3.391156  5.740058  6.573210  5.573071  3.936484  4.866095
   H ( 10)  3.606302  6.146978  6.877917  5.811945  4.262221  5.113258
   O ( 11)  2.641738  5.225403  5.607084  5.318718  5.357565  6.160548
   H ( 12)  3.296989  5.749993  6.012064  5.793986  5.995261  6.742388
   H ( 13)  2.910606  5.202463  5.543709  5.458470  5.713678  6.506747
             H (  7)   O (  8)   H (  9)   H ( 10)   O ( 11)   H ( 12)
   O (  8)  3.900250
   H (  9)  3.750643  0.965329
   H ( 10)  4.356003  0.980136  1.485664
   O ( 11)  5.700165  3.143252  3.864371  3.747130
   H ( 12)  6.431636  3.814393  4.619659  4.253974  0.952219
   H ( 13)  5.992743  3.754204  4.335976  4.473088  0.931399  1.501255

 
 A cutoff of  1.0D-14 yielded   6749 shell pairs
 There are     45797 function pairs (     55313 Cartesian)
 Smallest overlap matrix eigenvalue = 1.17E-04

 Scale SEOQF with 1.000000e-01/1.000000e-01/1.000000e-01

 Standard Electronic Orientation quadrupole field applied
 Nucleus-field energy     =     0.0000000149 hartrees

 -----------------------------------------------------------------------
  General SCF calculation program by
  Eric Jon Sundstrom, Paul Horn, Yuezhi Mao, Dmitri Zuev, Alec White,
  David Stuck, Shaama M.S., Shane Yost, Joonho Lee, David Small,
  Daniel Levine, Susi Lehtola, Hugh Burton, Evgeny Epifanovsky,
  Bang C. Huynh
 -----------------------------------------------------------------------
================================================================
                 ALMO-EDA with the EDA2 driver                  
================================================================
 The second-generation ALMO-EDA (for DFT):                      
 P. R. Horn, Y. Mao and M. Head-Gordon, PCCP, 18, 23067 (2016)  
 Y. Mao et al. Annu. Rev. Phys. Chem. 72, 641 (2021)            
 Decomposition of the frozen energy:                            
 P. R. Horn, Y. Mao and M. Head-Gordon, JCP, 144, 114107 (2016) 
 FERF model for polarization:                                   
 P. R. Horn and M. Head-Gordon, JCP, 143, 114111 (2015)         
================================================================
 Using eda2 option set 1
 Option set summary: Frozen orbital wavefunction, initial wavefunction decomposition, and nDQ polarization.
--------------------------------
Printing EDA Options
--------------------------------
eda_child_super_basis      0
fragmo_guess_mode          0
child_mp                   1
child_mp_orders            232
cls_elec                   1
cls_disp                   1
scfmi_mode                 1
scfmi_occs                 0
scfmi_virts                0
frz_relax                  0
frz_relax_method           0
dc_pen_start               0
dc_pen_conv                0
dc_pen_increment           0
dc_pen_steps               0
dc_pen_thresh_factor       0
dc_pen_pre_newton_thresh   0
frz_ortho_decomp           1
frz_ortho_decomp_conv      6
plot_mo_ortho_frz          0
frgm_method                2
scfmi_freeze_ss            0
separate_rehyb             0
plot_diff_den              0
eda_nocv                   0
eda_vct_relax              1
disp_free_x                0
disp_free_c                0
eda_bsse                   0
eda_pct_a                  0
eda_covp                   0
--------------------------------
Attempting to make child job directory: /scratch/qchem898488//Frg1/
Attempting to make child job directory: /scratch/qchem898488//Frg2/
Creating input file /scratch/qchem898488/Frg1.input
using default PutDataFrgm: nothing
calling putenv with: QCSCRATCH=/scratch/qchem898488/ 
Spawning Job For Fragment 0
Done Job For Fragment 0
calling putenv with: QCSCRATCH=/scratch 
calling putenv with: QCTHREADS=6 
Creating input file /scratch/qchem898488/Frg2.input
using default PutDataFrgm: nothing
calling putenv with: QCSCRATCH=/scratch/qchem898488/ 
Spawning Job For Fragment 1
Done Job For Fragment 1
calling putenv with: QCSCRATCH=/scratch 
calling putenv with: QCTHREADS=6 
Doing General SCFMI
 Exchange:     0.1500 Hartree-Fock + 1.0000 wB97M-V + LR-HF
 Correlation:  1.0000 wB97M-V
 Using Euler-Maclaurin-Lebedev (99,590) quadrature formula
 Nonlocal Correlation:  VV10 with C = 0.0100 and b = 6.00 and scale = 1.00000
 Grid used for NLC:  SG-1 standard quadrature
performing fock build before subrot guess so that all methods have access
Printing subrot_rss_gen Method Specification:
Occupied Subspace Method is 0
Virtual Subspace Method is 0
Energy of the unrelaxed supersystem initial determinant -905.516573151577
write pseudocanon occs and virts to disk
write pseudocanon orbital energies to disk
Tolerance of ortho_decomp_scf: 1.00e-06
GDM subspace size: 20
Beginning the Orthogonal Decomposition of the Initial Supersystem Wavefunction
    1    -905.3802037882      2.49e-01     ortho_decomp Preconditoned Steepest Descent
    2    -905.4027934392      2.41e-03     ortho_decomp BFGS Step
    3    -905.4028045211      1.09e-04     ortho_decomp BFGS Step
    4    -905.4028045472      4.33e-06     ortho_decomp BFGS Step
    5    -905.4028045472      8.29e-08     ortho_decomp 00000 Convergence criterion met
 Hartree-Fock
 Hartree-Fock
 Hartree-Fock
 Exchange:     0.1500 Hartree-Fock + 1.0000 wB97M-V + LR-HF
 Correlation:  1.0000 wB97M-V
 Using Euler-Maclaurin-Lebedev (99,590) quadrature formula
 Nonlocal Correlation:  VV10 with C = 0.0100 and b = 6.00 and scale = 1.00000
 Grid used for NLC:  SG-1 standard quadrature
 Long-range K will be added via erf
 Coulomb attenuation parameter = 0.3 bohr**(-1)
 Nonlocal correlation = 2.433463266442e-01
Doing General SCFMI
 Exchange:     0.1500 Hartree-Fock + 1.0000 wB97M-V + LR-HF
 Correlation:  1.0000 wB97M-V
 Using Euler-Maclaurin-Lebedev (99,590) quadrature formula
 Nonlocal Correlation:  VV10 with C = 0.0100 and b = 6.00 and scale = 1.00000
 Grid used for NLC:  SG-1 standard quadrature
performing fock build at end of subrot_r(subrot) constructor so that all methods have access
<S^2> of initial wavefunction before polarization iterations 0.0000000000
Beginning iterations for the determination of the polarized wavefunction
Energy prior to optimization (guess energy) = -905.516573151578
Begin Timing: Total SCF Calculation
begin iterations for algorithm: DIIS         
the SCF tolerance is set to 1.00e-08
    1    -905.5165731516      7.73e-04     00000 
    2    -905.5340709589      3.04e-04     00000 
    3    -905.5352832266      1.50e-04     00000 
    4    -905.5355966169      4.56e-05     00000 
    5    -905.5356579112      1.26e-05     00000 
    6    -905.5356678261      3.82e-06     00000 
    7    -905.5356686158      2.30e-06     00000 
    8    -905.5356687549      4.72e-07     00000 
    9    -905.5356687656      1.46e-07     00000 
   10    -905.5356687665      3.72e-08     00000 
   11    -905.5356687666      2.15e-08     00000 
   12    -905.5356687666      5.78e-09     00000 Convergence criterion met
write pseudocanon occs and virts to disk
write pseudocanon orbital energies to disk
Timing for Total SCF: 96.00s (wall), 580.85s (cpu)
<S^2> of polarized wavefunction after polarization iterations 0.0000000000
relaxing scfmi constraint to allow all rotations in the entire AO span
Doing General SCFMI
 Exchange:     0.1500 Hartree-Fock + 1.0000 wB97M-V + LR-HF
 Correlation:  1.0000 wB97M-V
 Using Euler-Maclaurin-Lebedev (99,590) quadrature formula
 Nonlocal Correlation:  VV10 with C = 0.0100 and b = 6.00 and scale = 1.00000
 Grid used for NLC:  SG-1 standard quadrature
performing fock build at end of subrot_r(subrot) constructor so that all methods have access
<S^2> of polarized wavefunction before ct-allowed iterations 0.0000000000
Beginning iterations for the determination of the CT-Allowed wavefunction
Energy prior to optimization (guess energy) = -905.535668766594
Begin Timing: Total SCF Calculation
begin iterations for algorithm: DIIS         
the SCF tolerance is set to 1.00e-08
    1    -905.5356687666      2.94e-04     00000 
    2    -905.5383357727      2.47e-05     00000 
    3    -905.5384114872      6.12e-06     00000 
    4    -905.5384136546      5.44e-06     00000 
    5    -905.5384147077      2.78e-07     00000 
    6    -905.5384147159      9.14e-08     00000 
    7    -905.5384147165      4.31e-08     00000 
    8    -905.5384147166      1.06e-08     00000 
    9    -905.5384147166      1.70e-09     00000 Convergence criterion met
write pseudocanon occs and virts to disk
write pseudocanon orbital energies to disk
Timing for Total SCF: 69.00s (wall), 416.49s (cpu)
<S^2> of ct_allowed wavefunction after ct-allowed iterations 0.0000000000

================================
        Results of EDA2         
================================
Basic EDA Quantities
--------------------
Fragment Energies (Ha):
1 -599.7243958034
2 -305.7363796779
--------------------
  E_prp (kJ/mol) = 0.0000
  E_frz (kJ/mol) = -146.4985
  E_pol (kJ/mol) = -50.1361
  E_vct (kJ/mol) = -7.2096
  E_int (kJ/mol) = -203.8442
--------------------


Decomposition of frozen interaction energy
--------------------
  --------------------
  Orthogonal Frozen Decomposition:
  --------------------
     E_elec   (ELEC)   (kJ/mol) = -252.7719
     E_pauli  (PAULI)  (kJ/mol) = 127.1376
     E_disp   (DISP)   (kJ/mol) = -20.8642
  --------------------
  Classical Frozen Decomposition:
  --------------------
     E_cls_elec  (CLS ELEC)  (kJ/mol) = -206.6585
     E_mod_pauli (MOD PAULI) (kJ/mol) = 78.9037 (FRZ - CLS ELEC - CLS DISP)
     E_cls_disp  (CLS DISP)  (kJ/mol) = -18.7437
  --------------------
--------------------

Simplified EDA Summary (kJ/mol)
--------------------
 PREPARATION      0.0000
 FROZEN           -146.4985 (ELEC + PAULI + DISP)
[ELEC + PAULI = -127.7548, DISP = -18.7437]
 POLARIZATION    -50.1361
 CHARGE TRANSFER -7.2096
 TOTAL           -203.8442     (PRP + FRZ + POL + CT)
--------------------
 
 --------------------------------------------------------------
 
                    Orbital Energies (a.u.)
 --------------------------------------------------------------
 
 Alpha MOs
 -- Occupied --
******** -19.4921 -19.4877 -19.4869 -19.4798 -13.5281 -10.8067 -10.8062
-10.8057  -1.6262  -1.3060  -1.3056  -1.2988  -1.2808  -0.9783  -0.9753
 -0.9725  -0.8076  -0.8050  -0.7827  -0.7665  -0.6711  -0.6673  -0.6653
 -0.6505  -0.5880  -0.5872  -0.5821  -0.5687
 -- Virtual --
 -0.1266  -0.0992  -0.0966  -0.0858  -0.0589  -0.0476  -0.0442  -0.0342
 -0.0317  -0.0260  -0.0164  -0.0133  -0.0083  -0.0041   0.0017   0.0046
  0.0138   0.0190   0.0230   0.0314   0.0380   0.0475   0.0497   0.0555
  0.0676   0.0740   0.0833   0.1047   0.1190   0.1255   0.1319   0.1417
  0.1444   0.1477   0.1531   0.1608   0.1641   0.1702   0.1792   0.1820
  0.1919   0.1978   0.2028   0.2073   0.2105   0.2167   0.2192   0.2280
  0.2292   0.2323   0.2354   0.2421   0.2498   0.2535   0.2660   0.2680
  0.2778   0.2822   0.2877   0.2939   0.2990   0.3109   0.3167   0.3188
  0.3299   0.3309   0.3411   0.3647   0.3666   0.3717   0.3895   0.3963
  0.4184   0.4305   0.4311   0.4360   0.4643   0.4675   0.4787   0.4909
  0.4915   0.5168   0.5256   0.5450   0.5524   0.5670   0.5953   0.6104
  0.6301   0.6433   0.6499   0.6607   0.6922   0.6995   0.7068   0.7202
  0.7327   0.7398   0.7420   0.7633   0.7778   0.8013   0.8190   0.8356
  0.8678   0.8825   0.8907   0.9173   0.9393   0.9519   0.9743   0.9805
  0.9945   1.0006   1.0169   1.0227   1.0371   1.0596   1.0742   1.0850
  1.0985   1.1226   1.1334   1.1440   1.1470   1.1708   1.1855   1.2162
  1.2226   1.2316   1.2423   1.2453   1.2737   1.2818   1.2931   1.3196
  1.3371   1.3392   1.3542   1.3758   1.4072   1.4524   1.4717   1.8319
  1.8403   1.8515   1.8520   1.8593   1.8679   1.8739   1.8876   1.9602
  1.9719   1.9787   1.9964   2.0580   2.0814   2.0926   2.1334   2.1579
  2.1672   2.1750   2.1991   2.4752   2.5074   2.5366   2.5641   2.6476
  2.6675   2.6911   2.7125   2.8163   2.8377   2.8555   2.8943   2.9999
  3.0222   3.0309   3.0666   3.0870   3.0986   3.1217   3.1436   3.1581
  3.1617   3.1924   3.2210   3.2693   3.2964   3.3168   3.3233   3.3301
  3.3347   3.3479   3.3578   3.3692   3.3805   3.3916   3.3982   3.4062
  3.4275   3.4304   3.4758   3.5780   3.5918   3.5974   3.7245   3.7528
  3.7679   3.7965   3.8086   3.8138   3.8520   3.8660   3.8731   3.9422
  3.9475   3.9669   3.9774   3.9813   3.9999   4.0111   4.0163   4.0444
  4.0518   4.0768   4.0810   4.0924   4.0997   4.1428   4.1551   4.1674
  4.1724   4.1890   4.2270   4.5967   4.6066   4.6189   4.6392   4.6681
  4.6879   4.6919   4.7548   4.8120   4.8580   4.9068   4.9140   5.1058
  5.1173   5.1449   5.1509   5.5616   5.5726   5.5901   5.5945   6.1550
  6.1939   6.2071   6.2871   6.3492   6.3977   6.4045   6.4342   6.4388
  6.4445   6.4508   6.4710   6.4847   6.4984   6.5270   6.5332   6.5489
  6.5598   6.5961   6.6245   6.6311   6.6335   6.6491   6.7027   6.7353
  6.7534   6.7692   6.7768   6.8763   6.9157   6.9476   6.9586   7.3759
  7.4172   7.4264   7.4485   7.5368   7.5514   7.5726   7.6179   7.6269
  7.6570   7.7567   7.7771  44.1625  44.2265  44.2581  44.2886
 --------------------------------------------------------------
 
          Ground-State Mulliken Net Atomic Charges

     Atom                 Charge (a.u.)
  ----------------------------------------
      1 K                     0.892276
      2 O                    -0.306675
      3 H                     0.172590
      4 H                     0.174445
      5 O                    -0.269489
      6 H                     0.140053
      7 H                     0.154084
      8 O                    -0.314116
      9 H                     0.160155
     10 H                     0.169622
     11 O                    -0.319455
     12 H                     0.172669
     13 H                     0.173841
  ----------------------------------------
  Sum of atomic charges =     1.000000

 -----------------------------------------------------------------
                    Cartesian Multipole Moments
 -----------------------------------------------------------------
    Charge (ESU x 10^10)
                 4.8032
    Dipole Moment (Debye)
         X      -0.5912      Y      -0.7366      Z       0.9740
       Tot       1.3568
    Quadrupole Moments (Debye-Ang)
        XX     -15.6643     XY      -3.2785     YY     -13.5058
        XZ      -3.0013     YZ      -4.4596     ZZ     -30.8582
    Octopole Moments (Debye-Ang^2)
       XXX     -22.1771    XXY      -4.8983    XYY      14.6204
       YYY       8.3425    XXZ      25.8704    XYZ       6.2442
       YYZ      -4.9841    XZZ       7.0697    YZZ       1.7091
       ZZZ       0.0089
    Hexadecapole Moments (Debye-Ang^3)
      XXXX    -691.4411   XXXY     -52.3426   XXYY     -45.1781
      XYYY      29.7120   YYYY    -284.6663   XXXZ     -21.1601
      XXYZ     -17.6558   XYYZ       2.7229   YYYZ     -20.4866
      XXZZ    -124.5371   XYZZ      -7.8366   YYZZ     -56.1836
      XZZZ      -1.3970   YZZZ      -6.2466   ZZZZ     -37.1058
 -----------------------------------------------------------------
 Total job time:  738.98s(wall), 1859.26s(cpu) 
 Sat Jan 13 21:36:51 2024

        *************************************************************
        *                                                           *
        *  Thank you very much for using Q-Chem.  Have a nice day.  *
        *                                                           *
        *************************************************************


