
Running Job 1 of 1 121_F-Water_Cls_078_almo.in
qchem 121_F-Water_Cls_078_almo.in_1013637.0 /scratch/qchem1013637/ 6
/home/kchung25/qchem/5.4.0/exe/qcprog.exe_s 121_F-Water_Cls_078_almo.in_1013637.0 /scratch/qchem1013637/
                  Welcome to Q-Chem
     A Quantum Leap Into The Future Of Chemistry


 Q-Chem 5.4, Q-Chem, Inc., Pleasanton, CA (2021)

 E. Epifanovsky,  A. T. B. Gilbert,  Xintian Feng,  Joonho Lee,  Yuezhi Mao,  
 N. Mardirossian,  P. Pokhilko,  A. White,  M. Wormit,  M. P. Coons,  
 A. L. Dempwolff,  Zhengting Gan,  D. Hait,  P. R. Horn,  L. D. Jacobson,  
 I. Kaliman,  J. Kussmann,  A. W. Lange,  Ka Un Lao,  D. S. Levine,  Jie Liu,  
 S. C. McKenzie,  A. F. Morrison,  K. Nanda,  F. Plasser,  D. R. Rehn,  
 M. L. Vidal,  Zhi-Qiang You,  Ying Zhu,  B. Alam,  B. Albrecht,  
 A. Aldossary,  E. Alguire,  J. H. Andersen,  D. Barton,  K. Begam,  A. Behn,  
 Y. A. Bernard,  E. J. Berquist,  H. Burton,  A. Carreras,  K. Carter-Fenk,  
 Romit Chakraborty,  A. D. Chien,  K. D. Closser,  V. Cofer-Shabica,  
 S. Dasgupta,  Jia Deng,  M. de Wergifosse,  M. Diedenhofen,  Hainam Do,  
 S. Ehlert,  Po-Tung Fang,  S. Fatehi,  Qingguo Feng,  T. Friedhoff,  
 J. Gayvert,  Qinghui Ge,  G. Gidofalvi,  M. Goldey,  J. Gomes,  
 C. Gonzalez-Espinoza,  S. Gulania,  A. Gunina,  M. W. D. Hanson-Heine,  
 P. H. P. Harbach,  A. W. Hauser,  M. F. Herbst,  M. Hernandez Vera,  
 M. Hodecker,  Z. C. Holden,  S. Houck,  Xunkun Huang,  Kerwin Hui,  
 B. C. Huynh,  M. Ivanov,  Hyunjun Ji,  Hanjie Jiang,  B. Kaduk,  S. Kaehler,  
 K. Khistyaev,  Jaehoon Kim,  P. Klunzinger,  Z. Koczor-Benda,  
 Joong Hoon Koh,  D. Kosenkov,  L. Koulias,  T. Kowalczyk,  C. M. Krauter,  
 K. Kue,  A. Kunitsa,  T. Kus,  A. Landau,  K. V. Lawler,  D. Lefrancois,  
 S. Lehtola,  Rain Li,  Yi-Pei Li,  Jiashu Liang,  M. Liebenthal,  
 Hung-Hsuan Lin,  You-Sheng Lin,  Fenglai Liu,  Kuan-Yu Liu,  
 M. Loipersberger,  A. Luenser,  A. Manjanath,  P. Manohar,  E. Mansoor,  
 S. F. Manzer,  Shan-Ping Mao,  A. V. Marenich,  T. Markovich,  S. Mason,  
 S. A. Maurer,  P. F. McLaughlin,  M. F. S. J. Menger,  J.-M. Mewes,  
 S. A. Mewes,  P. Morgante,  J. W. Mullinax,  K. J. Oosterbaan,  G. Paran,  
 Alexander C. Paul,  Suranjan K. Paul,  F. Pavosevic,  Zheng Pei,  S. Prager,  
 E. I. Proynov,  E. Ramos,  B. Rana,  A. E. Rask,  A. Rettig,  R. M. Richard,  
 F. Rob,  E. Rossomme,  T. Scheele,  M. Scheurer,  M. Schneider,  
 N. Sergueev,  S. M. Sharada,  W. Skomorowski,  D. W. Small,  C. J. Stein,  
 Yu-Chuan Su,  E. J. Sundstrom,  Zhen Tao,  J. Thirman,  T. Tsuchimochi,  
 N. M. Tubman,  S. P. Veccham,  O. Vydrov,  J. Wenzel,  J. Witte,  A. Yamada,  
 Kun Yao,  S. Yeganeh,  S. R. Yost,  A. Zech,  Igor Ying Zhang,  Xing Zhang,  
 Yu Zhang,  D. Zuev,  A. Aspuru-Guzik,  A. T. Bell,  N. A. Besley,  
 K. B. Bravaya,  B. R. Brooks,  D. Casanova,  Jeng-Da Chai,  S. Coriani,  
 C. J. Cramer,  A. E. DePrince, III,  R. A. DiStasio Jr.,  A. Dreuw,  
 B. D. Dunietz,  T. R. Furlani,  W. A. Goddard III,  S. Grimme,  
 S. Hammes-Schiffer,  T. Head-Gordon,  W. J. Hehre,  Chao-Ping Hsu,  
 T.-C. Jagau,  Yousung Jung,  A. Klamt,  Jing Kong,  D. S. Lambrecht,  
 WanZhen Liang,  N. J. Mayhall,  C. W. McCurdy,  J. B. Neaton,  T. Neudecker,  
 C. Ochsenfeld,  J. A. Parkhill,  R. Peverati,  V. A. Rassolov,  Yihan Shao,  
 L. V. Slipchenko,  R. P. Steele,  J. E. Subotnik,  A. J. W. Thom,  
 A. Tkatchenko,  D. G. Truhlar,  T. Van Voorhis,  T. A. Wesolowski,  
 K. B. Whaley,  H. L. Woodcock III,  P. M. Zimmerman,  S. Faraji,  
 P. M. W. Gill,  M. Head-Gordon,  J. M. Herbert,  A. I. Krylov

 Additional authors since Version 5.4.0: 
 Chandrima Chakravarty,  L. Cunha,  R. Kang,  Yongbin Kim,  S. Kotaru,  
 Shaozhi Li,  Xiangyuan Li,  F. Matz,  A. Molle,  V. Parravicini,  
 Haisheng Ren,  Hengyuan Shen,  Yingli Su,  Hung-Yi Tsai,  C. Utku,  
 Fang Wang,  Jeff Yang,  F. Zeller

 Contributors to earlier versions of Q-Chem not listed above: 
 R. D. Adamson,  B. Austin,  R. Baer,  J. Baker,  G. J. O. Beran,  
 K. Brandhorst,  S. T. Brown,  E. F. C. Byrd,  Arup K. Chakraborty,  
 G. K. L. Chan,  Chun-Min Chang,  Yunqing Chen,  C.-L. Cheng,  
 Siu Hung Chien,  D. M. Chipman,  D. L. Crittenden,  H. Dachsel,  
 R. J. Doerksen,  A. D. Dutoi,  R. G. Edgar,  J. Fosso-Tande,  
 L. Fusti-Molnar,  D. Ghosh,  A. Ghysels,  A. Golubeva-Zadorozhnaya,  
 J. Gonthier,  M. S. Gordon,  S. R. Gwaltney,  G. Hawkins,  J. E. Herr,  
 A. Heyden,  S. Hirata,  E. G. Hohenstein,  G. Kedziora,  F. J. Keil,  
 C. Kelley,  Jihan Kim,  R. A. King,  R. Z. Khaliullin,  P. P. Korambath,  
 W. Kurlancheek,  A. Laurent,  A. M. Lee,  M. S. Lee,  S. V. Levchenko,  
 Ching Yeh Lin,  D. Liotard,  E. Livshits,  R. C. Lochan,  I. Lotan,  
 L. A. Martinez-Martinez,  P. E. Maslen,  N. Nair,  D. P. O'Neill,  
 D. Neuhauser,  E. Neuscamman,  C. M. Oana,  R. Olivares-Amaya,  R. Olson,  
 T. M. Perrine,  B. Peters,  P. A. Pieniazek,  A. Prociuk,  Y. M. Rhee,  
 J. Ritchie,  M. A. Rohrdanz,  E. Rosta,  N. J. Russ,  H. F. Schaefer III,  
 M. W. Schmidt,  N. E. Schultz,  S. Sharma,  N. Shenvi,  C. D. Sherrill,  
 A. C. Simmonett,  A. Sodt,  T. Stein,  D. Stuck,  K. S. Thanthiriwatte,  
 V. Vanovschi,  L. Vogt,  Tao Wang,  A. Warshel,  M. A. Watson,  
 C. F. Williams,  Q. Wu,  X. Xu,  Jun Yang,  W. Zhang,  Yan Zhao

   Please cite Q-Chem as follows:
  "Software for the frontiers of quantum chemistry:
   An overview of developments in the Q-Chem 5 package"
   J. Chem. Phys. 155, 084801 (2021)
   https://doi.org/10.1063/5.0055522 (open access)

 Q-Chem 5.4.2 for Intel X86 EM64T Linux

 Parts of Q-Chem use Armadillo 9.900.5 (Nocturnal Misbehaviour).
 http://arma.sourceforge.net/

 Q-Chem begins on Tue Jan 16 06:14:13 2024  

 Host: 
0

     Scratch files written to /scratch/qchem1013637//
 Dec1321 |scratch|qcdevops|jenkins|workspace|build_RNUM 5684   
 Processing $rem in /home/kchung25/qchem/5.4.0/config/preferences:
 Processing $rem in /home/kchung25/.qchemrc:

 Q-Chem warning in module libgen/rem_setup.C, line 3079:

 Neither GIA nor STOLL is specified by user. Use STOLL as the default


 Checking the input file for inconsistencies... 	...done.

--------------------------------------------------------------
User input:
--------------------------------------------------------------
$molecule
-1 1
--
-1 1
F      0.000000     0.000000     0.000000
--
0 1
O     -2.498532    -0.881431    -0.464596
H     -3.244844    -0.373050    -0.742977
H     -1.787443    -0.231783    -0.439473
O      0.821961    -0.941013    -2.487806
H      0.553219    -0.751966    -1.546993
H      0.984333    -1.880222    -2.681248
O      2.741876     1.268113     0.623068
H      1.805546     0.967787     0.731277
H      2.912001     1.778305     1.404663
O      0.039880    -2.040644     1.862439
H     -0.844297    -2.487575     1.683009
H      0.092425    -1.237739     1.280131
O     -0.422554     1.200836     2.437095
H     -0.724798     2.111332     2.489843
H     -0.282246     0.936943     1.519701
$end

$rem
JOBTYPE          eda
EDA2             1
METHOD           wB97M-V
BASIS            def2-TZVPPD
SYMMETRY         false
MEM_TOTAL        50000
MEM_STATIC       10000
THRESH           14
SCF_CONVERGENCE  8
XC_GRID          000099000590
NL_GRID          1
EDA_CLS_DISP     true
FD_MAT_VEC_PROD  FALSE
$end
--------------------------------------------------------------
 ----------------------------------------------------------------
             Standard Nuclear Orientation (Angstroms)
    I     Atom           X                Y                Z
 ----------------------------------------------------------------
    1      F       0.1375873225    -0.1923437238     0.3216133667
    2      O       2.3982503486     1.2034449775     0.7418618528
    3      H       2.7519738717     1.4886428465     1.5703971075
    4      H       1.6094882454     0.7125658096     0.9972306880
    5      O       1.6103681597    -2.5351323943     0.0173734997
    6      H       1.1152245993    -1.6714245147    -0.0265774406
    7      H       2.1189828467    -2.7510882195    -0.7829840462
    8      O      -2.5683475645    -1.6528403180     0.0785611126
    9      H      -1.9048505564    -0.9244819997     0.1673566263
   10      H      -3.4045022611    -1.2167867704     0.1826368710
   11      O       0.0751696010     1.2207330888    -2.0519525852
   12      H       0.9548943868     1.7088765402    -2.0130722159
   13      H      -0.0313703028     0.7283102747    -1.1959916959
   14      O      -1.6845702382     1.8313631806     0.7015386356
   15      H      -2.0092140144     2.0408051667     1.5812415548
   16      H      -1.0858751708     1.0751261039     0.7261821277
 ----------------------------------------------------------------
 Molecular Point Group                 C1    NOp =  1
 Largest Abelian Subgroup              C1    NOp =  1
 Nuclear Repulsion Energy =         261.05452879 hartrees
 There are       30 alpha and       30 beta electrons
 Requested basis set is def2-TZVPPD
 There are 154 shells and 410 basis functions

 Q-Chem warning in module libmdc/get_mega.C, line 171:

 Allowed MEM_STATIC has been capped at MEM_STATIC=8191.
 Reduce the value of MEM_STATIC to silence this warning.


 Total QAlloc Memory Limit  50000 MB
 Mega-Array Size      8007 MB
 MEM_STATIC part      8191 MB
 A cutoff of  1.0D-14 yielded  10459 shell pairs
 There are     72981 function pairs (     89325 Cartesian)
 Smallest overlap matrix eigenvalue = 5.09E-05

 Scale SEOQF with 1.000000e-01/1.000000e-01/1.000000e-01

 Standard Electronic Orientation quadrupole field applied
 Nucleus-field energy     =     0.0000000110 hartrees

 -----------------------------------------------------------------------
  General SCF calculation program by
  Eric Jon Sundstrom, Paul Horn, Yuezhi Mao, Dmitri Zuev, Alec White,
  David Stuck, Shaama M.S., Shane Yost, Joonho Lee, David Small,
  Daniel Levine, Susi Lehtola, Hugh Burton, Evgeny Epifanovsky,
  Bang C. Huynh
 -----------------------------------------------------------------------
================================================================
                 ALMO-EDA with the EDA2 driver                  
================================================================
 The second-generation ALMO-EDA (for DFT):                      
 P. R. Horn, Y. Mao and M. Head-Gordon, PCCP, 18, 23067 (2016)  
 Y. Mao et al. Annu. Rev. Phys. Chem. 72, 641 (2021)            
 Decomposition of the frozen energy:                            
 P. R. Horn, Y. Mao and M. Head-Gordon, JCP, 144, 114107 (2016) 
 FERF model for polarization:                                   
 P. R. Horn and M. Head-Gordon, JCP, 143, 114111 (2015)         
================================================================
 Using eda2 option set 1
 Option set summary: Frozen orbital wavefunction, initial wavefunction decomposition, and nDQ polarization.
--------------------------------
Printing EDA Options
--------------------------------
eda_child_super_basis      0
fragmo_guess_mode          0
child_mp                   1
child_mp_orders            232
cls_elec                   1
cls_disp                   1
scfmi_mode                 1
scfmi_occs                 0
scfmi_virts                0
frz_relax                  0
frz_relax_method           0
dc_pen_start               0
dc_pen_conv                0
dc_pen_increment           0
dc_pen_steps               0
dc_pen_thresh_factor       0
dc_pen_pre_newton_thresh   0
frz_ortho_decomp           1
frz_ortho_decomp_conv      6
plot_mo_ortho_frz          0
frgm_method                2
scfmi_freeze_ss            0
separate_rehyb             0
plot_diff_den              0
eda_nocv                   0
eda_vct_relax              1
disp_free_x                0
disp_free_c                0
eda_bsse                   0
eda_pct_a                  0
eda_covp                   0
--------------------------------
Attempting to make child job directory: /scratch/qchem1013637//Frg1/
Attempting to make child job directory: /scratch/qchem1013637//Frg2/
Creating input file /scratch/qchem1013637/Frg1.input
using default PutDataFrgm: nothing
calling putenv with: QCSCRATCH=/scratch/qchem1013637/ 
Spawning Job For Fragment 0
Done Job For Fragment 0
calling putenv with: QCSCRATCH=/scratch 
calling putenv with: QCTHREADS=6 
Creating input file /scratch/qchem1013637/Frg2.input
using default PutDataFrgm: nothing
calling putenv with: QCSCRATCH=/scratch/qchem1013637/ 
Spawning Job For Fragment 1
Done Job For Fragment 1
calling putenv with: QCSCRATCH=/scratch 
calling putenv with: QCTHREADS=6 
Doing General SCFMI
 Exchange:     0.1500 Hartree-Fock + 1.0000 wB97M-V + LR-HF
 Correlation:  1.0000 wB97M-V
 Using Euler-Maclaurin-Lebedev (99,590) quadrature formula
 Nonlocal Correlation:  VV10 with C = 0.0100 and b = 6.00 and scale = 1.00000
 Grid used for NLC:  SG-1 standard quadrature
performing fock build before subrot guess so that all methods have access
Printing subrot_rss_gen Method Specification:
Occupied Subspace Method is 0
Virtual Subspace Method is 0
Energy of the unrelaxed supersystem initial determinant -482.104381514759
write pseudocanon occs and virts to disk
write pseudocanon orbital energies to disk
Tolerance of ortho_decomp_scf: 1.00e-06
GDM subspace size: 20
Beginning the Orthogonal Decomposition of the Initial Supersystem Wavefunction
    1    -481.7246386146      3.05e-01     ortho_decomp Preconditoned Steepest Descent
    2    -481.7735150023      7.37e-03     ortho_decomp BFGS Step
    3    -481.7736710904      5.01e-04     ortho_decomp BFGS Step
    4    -481.7736712269      1.45e-05     ortho_decomp BFGS Step
    5    -481.7736712271      4.12e-07     ortho_decomp 00000 Convergence criterion met
 Hartree-Fock
 Hartree-Fock
 Hartree-Fock
 Exchange:     0.1500 Hartree-Fock + 1.0000 wB97M-V + LR-HF
 Correlation:  1.0000 wB97M-V
 Using Euler-Maclaurin-Lebedev (99,590) quadrature formula
 Nonlocal Correlation:  VV10 with C = 0.0100 and b = 6.00 and scale = 1.00000
 Grid used for NLC:  SG-1 standard quadrature
 Long-range K will be added via erf
 Coulomb attenuation parameter = 0.3 bohr**(-1)
 Nonlocal correlation = 2.477643877032e-01
Doing General SCFMI
 Exchange:     0.1500 Hartree-Fock + 1.0000 wB97M-V + LR-HF
 Correlation:  1.0000 wB97M-V
 Using Euler-Maclaurin-Lebedev (99,590) quadrature formula
 Nonlocal Correlation:  VV10 with C = 0.0100 and b = 6.00 and scale = 1.00000
 Grid used for NLC:  SG-1 standard quadrature
performing fock build at end of subrot_r(subrot) constructor so that all methods have access
<S^2> of initial wavefunction before polarization iterations 0.0000000000
Beginning iterations for the determination of the polarized wavefunction
Energy prior to optimization (guess energy) = -482.104381514759
Begin Timing: Total SCF Calculation
begin iterations for algorithm: DIIS         
the SCF tolerance is set to 1.00e-08
    1    -482.1043815148      9.34e-04     00000 
    2    -482.1385350795      5.74e-04     00000 
    3    -482.1454182132      2.51e-04     00000 
    4    -482.1468319103      5.17e-05     00000 
    5    -482.1470557001      2.34e-05     00000 
    6    -482.1470759484      1.21e-05     00000 
    7    -482.1470798352      1.80e-06     00000 
    8    -482.1470800705      5.87e-07     00000 
    9    -482.1470800832      3.36e-07     00000 
   10    -482.1470800849      1.73e-07     00000 
   11    -482.1470800853      6.84e-08     00000 
   12    -482.1470800854      1.76e-08     00000 
   13    -482.1470800854      6.62e-09     00000 Convergence criterion met
write pseudocanon occs and virts to disk
write pseudocanon orbital energies to disk
Timing for Total SCF: 202.00s (wall), 1208.67s (cpu)
<S^2> of polarized wavefunction after polarization iterations 0.0000000000
relaxing scfmi constraint to allow all rotations in the entire AO span
Doing General SCFMI
 Exchange:     0.1500 Hartree-Fock + 1.0000 wB97M-V + LR-HF
 Correlation:  1.0000 wB97M-V
 Using Euler-Maclaurin-Lebedev (99,590) quadrature formula
 Nonlocal Correlation:  VV10 with C = 0.0100 and b = 6.00 and scale = 1.00000
 Grid used for NLC:  SG-1 standard quadrature
performing fock build at end of subrot_r(subrot) constructor so that all methods have access
<S^2> of polarized wavefunction before ct-allowed iterations 0.0000000000
Beginning iterations for the determination of the CT-Allowed wavefunction
Energy prior to optimization (guess energy) = -482.147080085393
Begin Timing: Total SCF Calculation
begin iterations for algorithm: DIIS         
the SCF tolerance is set to 1.00e-08
    1    -482.1470800854      4.27e-04     00000 
    2    -482.1653090053      1.14e-04     00000 
    3    -482.1656704018      1.22e-04     00000 
    4    -482.1663583129      7.43e-06     00000 
    5    -482.1663655440      2.84e-06     00000 
    6    -482.1663660572      8.45e-07     00000 
    7    -482.1663661379      1.26e-07     00000 
    8    -482.1663661408      4.76e-08     00000 
    9    -482.1663661410      2.64e-08     00000 
   10    -482.1663661411      4.57e-09     00000 Convergence criterion met
write pseudocanon occs and virts to disk
write pseudocanon orbital energies to disk
Timing for Total SCF: 149.00s (wall), 892.68s (cpu)
<S^2> of ct_allowed wavefunction after ct-allowed iterations 0.0000000000

================================
        Results of EDA2         
================================
Basic EDA Quantities
--------------------
Fragment Energies (Ha):
1  -99.8700285039
2 -382.1642873343
--------------------
  E_prp (kJ/mol) = 0.0000
  E_frz (kJ/mol) = -183.9596
  E_pol (kJ/mol) = -112.1064
  E_vct (kJ/mol) = -50.6361
  E_int (kJ/mol) = -346.7022
--------------------


Decomposition of frozen interaction energy
--------------------
  --------------------
  Orthogonal Frozen Decomposition:
  --------------------
     E_elec   (ELEC)   (kJ/mol) = -694.6771
     E_pauli  (PAULI)  (kJ/mol) = 558.2495
     E_disp   (DISP)   (kJ/mol) = -47.5320
  --------------------
  Classical Frozen Decomposition:
  --------------------
     E_cls_elec  (CLS ELEC)  (kJ/mol) = -387.8101
     E_mod_pauli (MOD PAULI) (kJ/mol) = 232.4028 (FRZ - CLS ELEC - CLS DISP)
     E_cls_disp  (CLS DISP)  (kJ/mol) = -28.5523
  --------------------
--------------------

Simplified EDA Summary (kJ/mol)
--------------------
 PREPARATION      0.0000
 FROZEN           -183.9596 (ELEC + PAULI + DISP)
[ELEC + PAULI = -155.4073, DISP = -28.5523]
 POLARIZATION    -112.1064
 CHARGE TRANSFER -50.6361
 TOTAL           -346.7022     (PRP + FRZ + POL + CT)
--------------------
 
 --------------------------------------------------------------
 
                    Orbital Energies (a.u.)
 --------------------------------------------------------------
 
 Alpha MOs
 -- Occupied --
-24.6186 -19.1865 -19.1790 -19.1787 -19.1630 -19.1557  -1.0138  -0.9892
 -0.9875  -0.9819  -0.9544  -0.9404  -0.5018  -0.4873  -0.4832  -0.4768
 -0.4506  -0.3575  -0.3558  -0.3436  -0.3229  -0.3199  -0.2790  -0.2782
 -0.2750  -0.2646  -0.2612  -0.2557  -0.2523  -0.2425
 -- Virtual --
  0.1385   0.1464   0.1595   0.1656   0.1697   0.1972   0.2012   0.2084
  0.2119   0.2239   0.2278   0.2349   0.2383   0.2454   0.2565   0.2735
  0.2845   0.2889   0.2993   0.3076   0.3134   0.3287   0.3407   0.3439
  0.3570   0.3643   0.3750   0.3835   0.3847   0.3957   0.3971   0.4020
  0.4079   0.4123   0.4188   0.4209   0.4329   0.4438   0.4454   0.4548
  0.4572   0.4671   0.4762   0.4810   0.4900   0.4960   0.5039   0.5175
  0.5214   0.5259   0.5448   0.5544   0.5632   0.5682   0.5761   0.5894
  0.5975   0.6052   0.6172   0.6222   0.6375   0.6402   0.6464   0.6507
  0.6597   0.6664   0.6721   0.6765   0.6789   0.6954   0.7006   0.7062
  0.7157   0.7252   0.7338   0.7413   0.7461   0.7599   0.7665   0.7771
  0.7818   0.7902   0.8027   0.8230   0.8340   0.8407   0.8581   0.8769
  0.8840   0.8891   0.9035   0.9221   0.9413   0.9511   0.9632   0.9664
  0.9833   0.9909   1.0137   1.0194   1.0282   1.0345   1.0545   1.0611
  1.0781   1.0813   1.0995   1.1024   1.1208   1.1339   1.1466   1.1627
  1.1737   1.1813   1.1856   1.2009   1.2113   1.2282   1.2513   1.2661
  1.2691   1.2903   1.3009   1.3101   1.3162   1.3316   1.3361   1.3464
  1.3629   1.3652   1.3815   1.3859   1.3987   1.4040   1.4096   1.4322
  1.4369   1.4623   1.4699   1.4807   1.4995   1.5166   1.5318   1.5522
  1.5619   1.5725   1.5815   1.5890   1.5991   1.6085   1.6218   1.6365
  1.6722   1.8196   1.8844   1.9766   2.0153   2.0854   2.0942   2.1171
  2.1242   2.1449   2.1698   2.1800   2.1890   2.2051   2.2538   2.2607
  2.2760   2.2957   2.3233   2.3382   2.3764   2.4228   2.4296   2.4385
  2.4494   2.4679   2.4880   2.4968   2.4999   2.5229   2.5422   2.7447
  2.7669   2.7976   2.8241   2.8530   2.8758   2.9259   2.9543   2.9817
  2.9955   3.0007   3.0213   3.0603   3.0749   3.1196   3.1553   3.1645
  3.2188   3.2378   3.2803   3.3515   3.3757   3.4015   3.4261   3.4390
  3.4518   3.4606   3.4734   3.4857   3.4918   3.5097   3.5201   3.5314
  3.5432   3.5563   3.5641   3.5650   3.5884   3.5920   3.6054   3.6184
  3.6294   3.6477   3.6594   3.6677   3.6800   3.6977   3.7244   3.7359
  3.7428   3.8047   3.8247   3.8622   3.9067   3.9352   3.9758   3.9944
  4.0418   4.0445   4.0757   4.0868   4.1078   4.1159   4.1332   4.1442
  4.1554   4.1814   4.1838   4.2101   4.2167   4.2210   4.2486   4.2577
  4.2599   4.2722   4.2731   4.2799   4.3001   4.3088   4.3145   4.3281
  4.3416   4.3533   4.3585   4.3857   4.3962   4.4072   4.4185   4.4362
  4.4536   4.4653   4.4731   4.4848   4.5039   4.5224   4.5316   4.5683
  4.5853   4.8592   4.8877   4.8936   4.9101   4.9342   4.9429   4.9551
  4.9619   4.9866   5.0095   5.0481   5.1763   5.1898   5.1997   5.2523
  5.2615   5.3271   5.3511   5.3886   5.4262   5.4523   5.7718   5.8120
  5.8287   5.8523   5.9023   6.1481   6.2669   6.3093   6.4320   6.5092
  6.6127   6.6346   6.6911   6.7158   6.7213   6.7385   6.7419   6.7671
  6.7793   6.7971   6.8198   6.8267   6.8288   6.8405   6.8422   6.8509
  6.8638   6.8699   6.8965   6.9148   6.9430   6.9565   7.0105   7.0215
  7.0257   7.0420   7.0441   7.0499   7.0670   7.0767   7.2496   7.2660
  7.2696   7.2797   7.2853   7.3010   7.3210   7.3534   7.3788   7.4035
  7.4679   7.4997   7.5671   7.6453   7.6614   7.6857   7.6977   7.7100
  7.7367   7.7830   7.8173   7.9130   8.0099   8.0270   8.0523   8.1063
  8.1709   8.9894   8.9944   9.0252   9.2072   9.3037  44.6005  44.6138
 44.6628  44.6804  44.7606  58.2897
 --------------------------------------------------------------
 
          Ground-State Mulliken Net Atomic Charges

     Atom                 Charge (a.u.)
  ----------------------------------------
      1 F                    -0.765420
      2 O                    -0.362110
      3 H                     0.091197
      4 H                     0.217945
      5 O                    -0.518405
      6 H                     0.331893
      7 H                     0.122344
      8 O                    -0.441972
      9 H                     0.288923
     10 H                     0.117826
     11 O                    -0.563566
     12 H                     0.188949
     13 H                     0.344459
     14 O                    -0.434044
     15 H                     0.106715
     16 H                     0.275264
  ----------------------------------------
  Sum of atomic charges =    -1.000000

 -----------------------------------------------------------------
                    Cartesian Multipole Moments
 -----------------------------------------------------------------
    Charge (ESU x 10^10)
                -4.8032
    Dipole Moment (Debye)
         X       0.0605      Y       2.1157      Z       2.6457
       Tot       3.3881
    Quadrupole Moments (Debye-Ang)
        XX     -48.0418     XY       0.4464     YY     -61.6608
        XZ      -5.5453     YZ       9.5867     ZZ     -44.1262
    Octopole Moments (Debye-Ang^2)
       XXX     -21.9466    XXY       7.9290    XYY      15.0094
       YYY      24.4438    XXZ       5.5552    XYZ       3.6907
       YYZ      -3.6559    XZZ      11.1020    YZZ       3.9249
       ZZZ      31.7646
    Hexadecapole Moments (Debye-Ang^3)
      XXXX    -762.7218   XXXY      -4.0491   XXYY    -283.9108
      XYYY      -0.9953   YYYY    -808.7173   XXXZ     -17.2169
      XXYZ      41.5553   XYYZ     -38.6665   YYYZ      45.2415
      XXZZ    -145.5665   XYZZ       3.2693   YYZZ    -144.9810
      XZZZ      -9.1652   YZZZ      41.7836   ZZZZ    -315.7551
 -----------------------------------------------------------------
 Total job time:  1624.95s(wall), 3792.33s(cpu) 
 Tue Jan 16 06:41:18 2024

        *************************************************************
        *                                                           *
        *  Thank you very much for using Q-Chem.  Have a nice day.  *
        *                                                           *
        *************************************************************


