
Running Job 1 of 1 121_F-Water_Cls_046_almo.in
qchem 121_F-Water_Cls_046_almo.in_973156.0 /scratch/qchem973156/ 6
/home/kchung25/qchem/5.4.0/exe/qcprog.exe_s 121_F-Water_Cls_046_almo.in_973156.0 /scratch/qchem973156/
                  Welcome to Q-Chem
     A Quantum Leap Into The Future Of Chemistry


 Q-Chem 5.4, Q-Chem, Inc., Pleasanton, CA (2021)

 E. Epifanovsky,  A. T. B. Gilbert,  Xintian Feng,  Joonho Lee,  Yuezhi Mao,  
 N. Mardirossian,  P. Pokhilko,  A. White,  M. Wormit,  M. P. Coons,  
 A. L. Dempwolff,  Zhengting Gan,  D. Hait,  P. R. Horn,  L. D. Jacobson,  
 I. Kaliman,  J. Kussmann,  A. W. Lange,  Ka Un Lao,  D. S. Levine,  Jie Liu,  
 S. C. McKenzie,  A. F. Morrison,  K. Nanda,  F. Plasser,  D. R. Rehn,  
 M. L. Vidal,  Zhi-Qiang You,  Ying Zhu,  B. Alam,  B. Albrecht,  
 A. Aldossary,  E. Alguire,  J. H. Andersen,  D. Barton,  K. Begam,  A. Behn,  
 Y. A. Bernard,  E. J. Berquist,  H. Burton,  A. Carreras,  K. Carter-Fenk,  
 Romit Chakraborty,  A. D. Chien,  K. D. Closser,  V. Cofer-Shabica,  
 S. Dasgupta,  Jia Deng,  M. de Wergifosse,  M. Diedenhofen,  Hainam Do,  
 S. Ehlert,  Po-Tung Fang,  S. Fatehi,  Qingguo Feng,  T. Friedhoff,  
 J. Gayvert,  Qinghui Ge,  G. Gidofalvi,  M. Goldey,  J. Gomes,  
 C. Gonzalez-Espinoza,  S. Gulania,  A. Gunina,  M. W. D. Hanson-Heine,  
 P. H. P. Harbach,  A. W. Hauser,  M. F. Herbst,  M. Hernandez Vera,  
 M. Hodecker,  Z. C. Holden,  S. Houck,  Xunkun Huang,  Kerwin Hui,  
 B. C. Huynh,  M. Ivanov,  Hyunjun Ji,  Hanjie Jiang,  B. Kaduk,  S. Kaehler,  
 K. Khistyaev,  Jaehoon Kim,  P. Klunzinger,  Z. Koczor-Benda,  
 Joong Hoon Koh,  D. Kosenkov,  L. Koulias,  T. Kowalczyk,  C. M. Krauter,  
 K. Kue,  A. Kunitsa,  T. Kus,  A. Landau,  K. V. Lawler,  D. Lefrancois,  
 S. Lehtola,  Rain Li,  Yi-Pei Li,  Jiashu Liang,  M. Liebenthal,  
 Hung-Hsuan Lin,  You-Sheng Lin,  Fenglai Liu,  Kuan-Yu Liu,  
 M. Loipersberger,  A. Luenser,  A. Manjanath,  P. Manohar,  E. Mansoor,  
 S. F. Manzer,  Shan-Ping Mao,  A. V. Marenich,  T. Markovich,  S. Mason,  
 S. A. Maurer,  P. F. McLaughlin,  M. F. S. J. Menger,  J.-M. Mewes,  
 S. A. Mewes,  P. Morgante,  J. W. Mullinax,  K. J. Oosterbaan,  G. Paran,  
 Alexander C. Paul,  Suranjan K. Paul,  F. Pavosevic,  Zheng Pei,  S. Prager,  
 E. I. Proynov,  E. Ramos,  B. Rana,  A. E. Rask,  A. Rettig,  R. M. Richard,  
 F. Rob,  E. Rossomme,  T. Scheele,  M. Scheurer,  M. Schneider,  
 N. Sergueev,  S. M. Sharada,  W. Skomorowski,  D. W. Small,  C. J. Stein,  
 Yu-Chuan Su,  E. J. Sundstrom,  Zhen Tao,  J. Thirman,  T. Tsuchimochi,  
 N. M. Tubman,  S. P. Veccham,  O. Vydrov,  J. Wenzel,  J. Witte,  A. Yamada,  
 Kun Yao,  S. Yeganeh,  S. R. Yost,  A. Zech,  Igor Ying Zhang,  Xing Zhang,  
 Yu Zhang,  D. Zuev,  A. Aspuru-Guzik,  A. T. Bell,  N. A. Besley,  
 K. B. Bravaya,  B. R. Brooks,  D. Casanova,  Jeng-Da Chai,  S. Coriani,  
 C. J. Cramer,  A. E. DePrince, III,  R. A. DiStasio Jr.,  A. Dreuw,  
 B. D. Dunietz,  T. R. Furlani,  W. A. Goddard III,  S. Grimme,  
 S. Hammes-Schiffer,  T. Head-Gordon,  W. J. Hehre,  Chao-Ping Hsu,  
 T.-C. Jagau,  Yousung Jung,  A. Klamt,  Jing Kong,  D. S. Lambrecht,  
 WanZhen Liang,  N. J. Mayhall,  C. W. McCurdy,  J. B. Neaton,  T. Neudecker,  
 C. Ochsenfeld,  J. A. Parkhill,  R. Peverati,  V. A. Rassolov,  Yihan Shao,  
 L. V. Slipchenko,  R. P. Steele,  J. E. Subotnik,  A. J. W. Thom,  
 A. Tkatchenko,  D. G. Truhlar,  T. Van Voorhis,  T. A. Wesolowski,  
 K. B. Whaley,  H. L. Woodcock III,  P. M. Zimmerman,  S. Faraji,  
 P. M. W. Gill,  M. Head-Gordon,  J. M. Herbert,  A. I. Krylov

 Additional authors since Version 5.4.0: 
 Chandrima Chakravarty,  L. Cunha,  R. Kang,  Yongbin Kim,  S. Kotaru,  
 Shaozhi Li,  Xiangyuan Li,  F. Matz,  A. Molle,  V. Parravicini,  
 Haisheng Ren,  Hengyuan Shen,  Yingli Su,  Hung-Yi Tsai,  C. Utku,  
 Fang Wang,  Jeff Yang,  F. Zeller

 Contributors to earlier versions of Q-Chem not listed above: 
 R. D. Adamson,  B. Austin,  R. Baer,  J. Baker,  G. J. O. Beran,  
 K. Brandhorst,  S. T. Brown,  E. F. C. Byrd,  Arup K. Chakraborty,  
 G. K. L. Chan,  Chun-Min Chang,  Yunqing Chen,  C.-L. Cheng,  
 Siu Hung Chien,  D. M. Chipman,  D. L. Crittenden,  H. Dachsel,  
 R. J. Doerksen,  A. D. Dutoi,  R. G. Edgar,  J. Fosso-Tande,  
 L. Fusti-Molnar,  D. Ghosh,  A. Ghysels,  A. Golubeva-Zadorozhnaya,  
 J. Gonthier,  M. S. Gordon,  S. R. Gwaltney,  G. Hawkins,  J. E. Herr,  
 A. Heyden,  S. Hirata,  E. G. Hohenstein,  G. Kedziora,  F. J. Keil,  
 C. Kelley,  Jihan Kim,  R. A. King,  R. Z. Khaliullin,  P. P. Korambath,  
 W. Kurlancheek,  A. Laurent,  A. M. Lee,  M. S. Lee,  S. V. Levchenko,  
 Ching Yeh Lin,  D. Liotard,  E. Livshits,  R. C. Lochan,  I. Lotan,  
 L. A. Martinez-Martinez,  P. E. Maslen,  N. Nair,  D. P. O'Neill,  
 D. Neuhauser,  E. Neuscamman,  C. M. Oana,  R. Olivares-Amaya,  R. Olson,  
 T. M. Perrine,  B. Peters,  P. A. Pieniazek,  A. Prociuk,  Y. M. Rhee,  
 J. Ritchie,  M. A. Rohrdanz,  E. Rosta,  N. J. Russ,  H. F. Schaefer III,  
 M. W. Schmidt,  N. E. Schultz,  S. Sharma,  N. Shenvi,  C. D. Sherrill,  
 A. C. Simmonett,  A. Sodt,  T. Stein,  D. Stuck,  K. S. Thanthiriwatte,  
 V. Vanovschi,  L. Vogt,  Tao Wang,  A. Warshel,  M. A. Watson,  
 C. F. Williams,  Q. Wu,  X. Xu,  Jun Yang,  W. Zhang,  Yan Zhao

   Please cite Q-Chem as follows:
  "Software for the frontiers of quantum chemistry:
   An overview of developments in the Q-Chem 5 package"
   J. Chem. Phys. 155, 084801 (2021)
   https://doi.org/10.1063/5.0055522 (open access)

 Q-Chem 5.4.2 for Intel X86 EM64T Linux

 Parts of Q-Chem use Armadillo 9.900.5 (Nocturnal Misbehaviour).
 http://arma.sourceforge.net/

 Q-Chem begins on Mon Jan 15 09:14:27 2024  

 Host: 
0

     Scratch files written to /scratch/qchem973156//
 Dec1321 |scratch|qcdevops|jenkins|workspace|build_RNUM 5684   
 Processing $rem in /home/kchung25/qchem/5.4.0/config/preferences:
 Processing $rem in /home/kchung25/.qchemrc:

 Q-Chem warning in module libgen/rem_setup.C, line 3079:

 Neither GIA nor STOLL is specified by user. Use STOLL as the default


 Checking the input file for inconsistencies... 	...done.

--------------------------------------------------------------
User input:
--------------------------------------------------------------
$molecule
-1 1
--
-1 1
F      0.000000     0.000000     0.000000
--
0 1
O     -0.952365     1.069811     2.420031
H     -1.809142     1.433385     2.206942
H     -0.677213     0.589182     1.599917
O     -2.646160    -0.758425    -0.155469
H     -1.673478    -0.567133     0.114755
H     -2.882933    -1.589745     0.287001
O     -0.629425     1.382429    -2.327001
H     -0.579909     1.003938    -1.422959
H     -1.177112     2.140621    -2.269006
O      2.229730     1.512680     0.749307
H      1.907904     1.873311     1.582375
H      1.496351     0.913088     0.515515
O      0.351042    -2.383392     1.594232
H     -0.034028    -1.661486     0.966528
H      1.180438    -2.089714     1.976787
$end

$rem
JOBTYPE          eda
EDA2             1
METHOD           wB97M-V
BASIS            def2-TZVPPD
SYMMETRY         false
MEM_TOTAL        50000
MEM_STATIC       10000
THRESH           14
SCF_CONVERGENCE  8
XC_GRID          000099000590
NL_GRID          1
EDA_CLS_DISP     true
FD_MAT_VEC_PROD  FALSE
$end
--------------------------------------------------------------
 ----------------------------------------------------------------
             Standard Nuclear Orientation (Angstroms)
    I     Atom           X                Y                Z
 ----------------------------------------------------------------
    1      F       0.1859161360    -0.1229920539    -0.4709136993
    2      O      -1.0306396026    -0.1688849614     2.0640282499
    3      H      -0.4602854665     0.3585129332     2.6191925710
    4      H      -0.6670575722    -0.0485284943     1.1515468748
    5      O       0.5723286729     2.4993720979     0.2876595952
    6      H       0.2099412285     1.5628621469     0.0700628017
    7      H      -0.1592246424     3.1121999189     0.1081995570
    8      O       2.9639073414    -0.1391819762    -0.5396317724
    9      H       2.0132116467    -0.0596982073    -0.3097204077
   10      H       3.4368785881    -0.1128322653     0.2689370073
   11      O      -0.2033312324    -2.8783162109    -0.1915699833
   12      H      -0.6274849580    -2.8948478941     0.6729815222
   13      H      -0.1378598020    -1.9167239549    -0.3434510173
   14      O      -2.4311821038     0.7508104241    -1.3268515556
   15      H      -1.4510869802     0.7307930877    -1.0067697782
   16      H      -2.7989418702    -0.1352037732    -1.3418321075
 ----------------------------------------------------------------
 Molecular Point Group                 C1    NOp =  1
 Largest Abelian Subgroup              C1    NOp =  1
 Nuclear Repulsion Energy =         263.85069379 hartrees
 There are       30 alpha and       30 beta electrons
 Requested basis set is def2-TZVPPD
 There are 154 shells and 410 basis functions

 Q-Chem warning in module libmdc/get_mega.C, line 171:

 Allowed MEM_STATIC has been capped at MEM_STATIC=8191.
 Reduce the value of MEM_STATIC to silence this warning.


 Total QAlloc Memory Limit  50000 MB
 Mega-Array Size      8007 MB
 MEM_STATIC part      8191 MB
 A cutoff of  1.0D-14 yielded  10603 shell pairs
 There are     74257 function pairs (     90886 Cartesian)
 Smallest overlap matrix eigenvalue = 7.62E-05

 Scale SEOQF with 1.000000e-01/1.000000e-01/1.000000e-01

 Standard Electronic Orientation quadrupole field applied
 Nucleus-field energy     =     0.0000000090 hartrees

 -----------------------------------------------------------------------
  General SCF calculation program by
  Eric Jon Sundstrom, Paul Horn, Yuezhi Mao, Dmitri Zuev, Alec White,
  David Stuck, Shaama M.S., Shane Yost, Joonho Lee, David Small,
  Daniel Levine, Susi Lehtola, Hugh Burton, Evgeny Epifanovsky,
  Bang C. Huynh
 -----------------------------------------------------------------------
================================================================
                 ALMO-EDA with the EDA2 driver                  
================================================================
 The second-generation ALMO-EDA (for DFT):                      
 P. R. Horn, Y. Mao and M. Head-Gordon, PCCP, 18, 23067 (2016)  
 Y. Mao et al. Annu. Rev. Phys. Chem. 72, 641 (2021)            
 Decomposition of the frozen energy:                            
 P. R. Horn, Y. Mao and M. Head-Gordon, JCP, 144, 114107 (2016) 
 FERF model for polarization:                                   
 P. R. Horn and M. Head-Gordon, JCP, 143, 114111 (2015)         
================================================================
 Using eda2 option set 1
 Option set summary: Frozen orbital wavefunction, initial wavefunction decomposition, and nDQ polarization.
--------------------------------
Printing EDA Options
--------------------------------
eda_child_super_basis      0
fragmo_guess_mode          0
child_mp                   1
child_mp_orders            232
cls_elec                   1
cls_disp                   1
scfmi_mode                 1
scfmi_occs                 0
scfmi_virts                0
frz_relax                  0
frz_relax_method           0
dc_pen_start               0
dc_pen_conv                0
dc_pen_increment           0
dc_pen_steps               0
dc_pen_thresh_factor       0
dc_pen_pre_newton_thresh   0
frz_ortho_decomp           1
frz_ortho_decomp_conv      6
plot_mo_ortho_frz          0
frgm_method                2
scfmi_freeze_ss            0
separate_rehyb             0
plot_diff_den              0
eda_nocv                   0
eda_vct_relax              1
disp_free_x                0
disp_free_c                0
eda_bsse                   0
eda_pct_a                  0
eda_covp                   0
--------------------------------
Attempting to make child job directory: /scratch/qchem973156//Frg1/
Attempting to make child job directory: /scratch/qchem973156//Frg2/
Creating input file /scratch/qchem973156/Frg1.input
using default PutDataFrgm: nothing
calling putenv with: QCSCRATCH=/scratch/qchem973156/ 
Spawning Job For Fragment 0
Done Job For Fragment 0
calling putenv with: QCSCRATCH=/scratch 
calling putenv with: QCTHREADS=6 
Creating input file /scratch/qchem973156/Frg2.input
using default PutDataFrgm: nothing
calling putenv with: QCSCRATCH=/scratch/qchem973156/ 
Spawning Job For Fragment 1
Done Job For Fragment 1
calling putenv with: QCSCRATCH=/scratch 
calling putenv with: QCTHREADS=6 
Doing General SCFMI
 Exchange:     0.1500 Hartree-Fock + 1.0000 wB97M-V + LR-HF
 Correlation:  1.0000 wB97M-V
 Using Euler-Maclaurin-Lebedev (99,590) quadrature formula
 Nonlocal Correlation:  VV10 with C = 0.0100 and b = 6.00 and scale = 1.00000
 Grid used for NLC:  SG-1 standard quadrature
performing fock build before subrot guess so that all methods have access
Printing subrot_rss_gen Method Specification:
Occupied Subspace Method is 0
Virtual Subspace Method is 0
Energy of the unrelaxed supersystem initial determinant -482.105593083183
write pseudocanon occs and virts to disk
write pseudocanon orbital energies to disk
Tolerance of ortho_decomp_scf: 1.00e-06
GDM subspace size: 20
Beginning the Orthogonal Decomposition of the Initial Supersystem Wavefunction
    1    -481.6891065006      3.18e-01     ortho_decomp Preconditoned Steepest Descent
    2    -481.7420229632      7.70e-03     ortho_decomp BFGS Step
    3    -481.7421953403      5.30e-04     ortho_decomp BFGS Step
    4    -481.7421954924      1.52e-05     ortho_decomp BFGS Step
    5    -481.7421954927      4.59e-07     ortho_decomp 00000 Convergence criterion met
 Hartree-Fock
 Hartree-Fock
 Hartree-Fock
 Exchange:     0.1500 Hartree-Fock + 1.0000 wB97M-V + LR-HF
 Correlation:  1.0000 wB97M-V
 Using Euler-Maclaurin-Lebedev (99,590) quadrature formula
 Nonlocal Correlation:  VV10 with C = 0.0100 and b = 6.00 and scale = 1.00000
 Grid used for NLC:  SG-1 standard quadrature
 Long-range K will be added via erf
 Coulomb attenuation parameter = 0.3 bohr**(-1)
 Nonlocal correlation = 2.473069293400e-01
Doing General SCFMI
 Exchange:     0.1500 Hartree-Fock + 1.0000 wB97M-V + LR-HF
 Correlation:  1.0000 wB97M-V
 Using Euler-Maclaurin-Lebedev (99,590) quadrature formula
 Nonlocal Correlation:  VV10 with C = 0.0100 and b = 6.00 and scale = 1.00000
 Grid used for NLC:  SG-1 standard quadrature
performing fock build at end of subrot_r(subrot) constructor so that all methods have access
<S^2> of initial wavefunction before polarization iterations 0.0000000000
Beginning iterations for the determination of the polarized wavefunction
Energy prior to optimization (guess energy) = -482.105593083184
Begin Timing: Total SCF Calculation
begin iterations for algorithm: DIIS         
the SCF tolerance is set to 1.00e-08
    1    -482.1055930832      9.94e-04     00000 
    2    -482.1442173402      6.50e-04     00000 
    3    -482.1528404906      2.72e-04     00000 
    4    -482.1545950672      5.77e-05     00000 
    5    -482.1548742956      2.55e-05     00000 
    6    -482.1548997851      1.32e-05     00000 
    7    -482.1549047862      2.07e-06     00000 
    8    -482.1549050990      7.92e-07     00000 
    9    -482.1549051182      4.88e-07     00000 
   10    -482.1549051228      1.90e-07     00000 
   11    -482.1549051234      7.67e-08     00000 
   12    -482.1549051235      2.31e-08     00000 
   13    -482.1549051235      1.24e-08     00000 
   14    -482.1549051235      4.23e-09     00000 Convergence criterion met
write pseudocanon occs and virts to disk
write pseudocanon orbital energies to disk
Timing for Total SCF: 226.00s (wall), 1355.57s (cpu)
<S^2> of polarized wavefunction after polarization iterations 0.0000000000
relaxing scfmi constraint to allow all rotations in the entire AO span
Doing General SCFMI
 Exchange:     0.1500 Hartree-Fock + 1.0000 wB97M-V + LR-HF
 Correlation:  1.0000 wB97M-V
 Using Euler-Maclaurin-Lebedev (99,590) quadrature formula
 Nonlocal Correlation:  VV10 with C = 0.0100 and b = 6.00 and scale = 1.00000
 Grid used for NLC:  SG-1 standard quadrature
performing fock build at end of subrot_r(subrot) constructor so that all methods have access
<S^2> of polarized wavefunction before ct-allowed iterations 0.0000000000
Beginning iterations for the determination of the CT-Allowed wavefunction
Energy prior to optimization (guess energy) = -482.154905123495
Begin Timing: Total SCF Calculation
begin iterations for algorithm: DIIS         
the SCF tolerance is set to 1.00e-08
    1    -482.1549051235      4.50e-04     00000 
    2    -482.1749994526      1.24e-04     00000 
    3    -482.1753529426      1.34e-04     00000 
    4    -482.1761798247      7.98e-06     00000 
    5    -482.1761878398      3.73e-06     00000 
    6    -482.1761887157      8.61e-07     00000 
    7    -482.1761888210      1.67e-07     00000 
    8    -482.1761888262      5.89e-08     00000 
    9    -482.1761888266      3.53e-08     00000 
   10    -482.1761888267      5.61e-09     00000 Convergence criterion met
write pseudocanon occs and virts to disk
write pseudocanon orbital energies to disk
Timing for Total SCF: 155.00s (wall), 932.83s (cpu)
<S^2> of ct_allowed wavefunction after ct-allowed iterations 0.0000000000

================================
        Results of EDA2         
================================
Basic EDA Quantities
--------------------
Fragment Energies (Ha):
1  -99.8700285039
2 -382.1598909718
--------------------
  E_prp (kJ/mol) = 0.0000
  E_frz (kJ/mol) = -198.6834
  E_pol (kJ/mol) = -129.4703
  E_vct (kJ/mol) = -55.8810
  E_int (kJ/mol) = -384.0347
--------------------


Decomposition of frozen interaction energy
--------------------
  --------------------
  Orthogonal Frozen Decomposition:
  --------------------
     E_elec   (ELEC)   (kJ/mol) = -764.2118
     E_pauli  (PAULI)  (kJ/mol) = 614.9020
     E_disp   (DISP)   (kJ/mol) = -49.3736
  --------------------
  Classical Frozen Decomposition:
  --------------------
     E_cls_elec  (CLS ELEC)  (kJ/mol) = -427.1028
     E_mod_pauli (MOD PAULI) (kJ/mol) = 257.7125 (FRZ - CLS ELEC - CLS DISP)
     E_cls_disp  (CLS DISP)  (kJ/mol) = -29.2932
  --------------------
--------------------

Simplified EDA Summary (kJ/mol)
--------------------
 PREPARATION      0.0000
 FROZEN           -198.6834 (ELEC + PAULI + DISP)
[ELEC + PAULI = -169.3902, DISP = -29.2932]
 POLARIZATION    -129.4703
 CHARGE TRANSFER -55.8810
 TOTAL           -384.0347     (PRP + FRZ + POL + CT)
--------------------
 
 --------------------------------------------------------------
 
                    Orbital Energies (a.u.)
 --------------------------------------------------------------
 
 Alpha MOs
 -- Occupied --
-24.6380 -19.1859 -19.1854 -19.1850 -19.1729 -19.1695  -1.0321  -0.9870
 -0.9775  -0.9762  -0.9730  -0.9723  -0.4931  -0.4867  -0.4840  -0.4765
 -0.4668  -0.3638  -0.3574  -0.3520  -0.3464  -0.3398  -0.2837  -0.2828
 -0.2801  -0.2766  -0.2722  -0.2676  -0.2647  -0.2634
 -- Virtual --
  0.1413   0.1550   0.1553   0.1618   0.1761   0.1939   0.1972   0.2007
  0.2114   0.2216   0.2274   0.2319   0.2358   0.2436   0.2493   0.2657
  0.2733   0.2815   0.2877   0.3061   0.3089   0.3191   0.3351   0.3439
  0.3455   0.3626   0.3705   0.3802   0.3886   0.3938   0.4004   0.4044
  0.4073   0.4154   0.4259   0.4290   0.4411   0.4438   0.4447   0.4532
  0.4585   0.4623   0.4773   0.4863   0.4909   0.4967   0.5054   0.5121
  0.5217   0.5319   0.5450   0.5497   0.5572   0.5596   0.5713   0.5790
  0.5855   0.5902   0.6021   0.6109   0.6181   0.6302   0.6396   0.6468
  0.6489   0.6526   0.6697   0.6759   0.6829   0.6950   0.6995   0.7130
  0.7156   0.7228   0.7382   0.7448   0.7492   0.7564   0.7628   0.7750
  0.7776   0.7854   0.7937   0.8026   0.8278   0.8361   0.8584   0.8728
  0.8874   0.9009   0.9090   0.9135   0.9292   0.9511   0.9619   0.9749
  0.9757   0.9988   1.0032   1.0073   1.0268   1.0456   1.0605   1.0682
  1.0798   1.0853   1.0939   1.1071   1.1238   1.1265   1.1421   1.1453
  1.1612   1.1797   1.1819   1.2003   1.2092   1.2219   1.2380   1.2561
  1.2616   1.2706   1.2870   1.3104   1.3225   1.3236   1.3363   1.3468
  1.3556   1.3653   1.3719   1.3840   1.3925   1.4006   1.4072   1.4158
  1.4339   1.4457   1.4622   1.4736   1.4778   1.4929   1.5154   1.5283
  1.5299   1.5685   1.5850   1.5890   1.5966   1.6109   1.6275   1.6303
  1.6507   1.8192   1.8337   1.9972   2.0470   2.0900   2.1149   2.1247
  2.1349   2.1413   2.1538   2.1791   2.1959   2.2521   2.2590   2.2998
  2.3000   2.3170   2.3386   2.3492   2.3760   2.4030   2.4118   2.4397
  2.4536   2.4673   2.4788   2.4812   2.4945   2.5097   2.5467   2.7525
  2.7770   2.7960   2.8114   2.8158   2.8339   2.8890   2.9072   2.9438
  2.9637   2.9783   2.9914   3.0512   3.0759   3.1382   3.1890   3.2065
  3.2401   3.2507   3.2564   3.3540   3.3927   3.4005   3.4195   3.4292
  3.4458   3.4584   3.4649   3.4779   3.4933   3.5013   3.5162   3.5269
  3.5478   3.5524   3.5610   3.5792   3.5880   3.5975   3.6120   3.6311
  3.6399   3.6473   3.6624   3.6626   3.6751   3.6813   3.6915   3.7375
  3.7409   3.7827   3.8429   3.9068   3.9109   3.9324   3.9434   3.9894
  4.0322   4.0442   4.0677   4.0837   4.1017   4.1100   4.1179   4.1391
  4.1518   4.1716   4.1927   4.2029   4.2162   4.2255   4.2289   4.2355
  4.2400   4.2515   4.2597   4.2804   4.2853   4.2945   4.2990   4.3077
  4.3245   4.3451   4.3565   4.3927   4.3991   4.4082   4.4388   4.4436
  4.4519   4.4687   4.4773   4.4815   4.4979   4.5194   4.5341   4.5582
  4.5823   4.8253   4.8607   4.8908   4.9062   4.9122   4.9198   4.9414
  4.9788   4.9882   5.0290   5.1320   5.1631   5.1787   5.2127   5.2234
  5.2363   5.3117   5.3581   5.3904   5.4186   5.4246   5.7743   5.7981
  5.8559   5.8748   5.8794   6.1936   6.2841   6.4093   6.4138   6.5037
  6.5305   6.5573   6.6585   6.6737   6.7019   6.7282   6.7470   6.7537
  6.7658   6.7741   6.7929   6.8054   6.8254   6.8381   6.8393   6.8569
  6.8667   6.8836   6.9192   6.9221   6.9434   6.9587   6.9631   6.9806
  6.9943   7.0138   7.0276   7.0572   7.0608   7.0716   7.2268   7.2322
  7.2540   7.2593   7.2678   7.2740   7.3019   7.3302   7.3647   7.4169
  7.4662   7.4970   7.5823   7.6327   7.6544   7.6894   7.7138   7.7300
  7.7464   7.8247   7.8361   7.8749   7.9616   8.0026   8.0209   8.0467
  8.0895   8.9836   8.9990   9.0096   9.1587   9.2791  44.6033  44.6314
 44.6648  44.6998  44.7064  58.3155
 --------------------------------------------------------------
 
          Ground-State Mulliken Net Atomic Charges

     Atom                 Charge (a.u.)
  ----------------------------------------
      1 F                    -0.755548
      2 O                    -0.494952
      3 H                     0.131221
      4 H                     0.345598
      5 O                    -0.512892
      6 H                     0.312158
      7 H                     0.136973
      8 O                    -0.420019
      9 H                     0.292675
     10 H                     0.080389
     11 O                    -0.506774
     12 H                     0.153538
     13 H                     0.286442
     14 O                    -0.520931
     15 H                     0.324600
     16 H                     0.147522
  ----------------------------------------
  Sum of atomic charges =    -1.000000

 -----------------------------------------------------------------
                    Cartesian Multipole Moments
 -----------------------------------------------------------------
    Charge (ESU x 10^10)
                -4.8032
    Dipole Moment (Debye)
         X      -0.9912      Y       1.0048      Z       3.1224
       Tot       3.4266
    Quadrupole Moments (Debye-Ang)
        XX     -58.7874     XY       1.8680     YY     -58.9540
        XZ       6.6640     YZ      -0.8452     ZZ     -49.0027
    Octopole Moments (Debye-Ang^2)
       XXX      -0.3775    XXY     -18.8930    XYY     -15.8028
       YYY      36.3917    XXZ      21.5413    XYZ      -8.5072
       YYZ      10.3726    XZZ      12.6250    YZZ      -1.8886
       ZZZ       7.3544
    Hexadecapole Moments (Debye-Ang^3)
      XXXX    -787.4751   XXXY      51.6405   XXYY    -268.7473
      XYYY     -27.9329   YYYY    -792.0144   XXXZ      70.7794
      XXYZ      19.1916   XYYZ     -16.8276   YYYZ     -53.2965
      XXZZ    -214.9810   XYZZ       9.8051   YYZZ    -176.7077
      XZZZ       8.8805   YZZZ      23.9834   ZZZZ    -324.4676
 -----------------------------------------------------------------
 Total job time:  1716.69s(wall), 4052.90s(cpu) 
 Mon Jan 15 09:43:04 2024

        *************************************************************
        *                                                           *
        *  Thank you very much for using Q-Chem.  Have a nice day.  *
        *                                                           *
        *************************************************************


