
Running Job 1 of 1 121_F-Water_Cls_031_almo.in
qchem 121_F-Water_Cls_031_almo.in_951627.0 /scratch/qchem951627/ 6
/home/kchung25/qchem/5.4.0/exe/qcprog.exe_s 121_F-Water_Cls_031_almo.in_951627.0 /scratch/qchem951627/
                  Welcome to Q-Chem
     A Quantum Leap Into The Future Of Chemistry


 Q-Chem 5.4, Q-Chem, Inc., Pleasanton, CA (2021)

 E. Epifanovsky,  A. T. B. Gilbert,  Xintian Feng,  Joonho Lee,  Yuezhi Mao,  
 N. Mardirossian,  P. Pokhilko,  A. White,  M. Wormit,  M. P. Coons,  
 A. L. Dempwolff,  Zhengting Gan,  D. Hait,  P. R. Horn,  L. D. Jacobson,  
 I. Kaliman,  J. Kussmann,  A. W. Lange,  Ka Un Lao,  D. S. Levine,  Jie Liu,  
 S. C. McKenzie,  A. F. Morrison,  K. Nanda,  F. Plasser,  D. R. Rehn,  
 M. L. Vidal,  Zhi-Qiang You,  Ying Zhu,  B. Alam,  B. Albrecht,  
 A. Aldossary,  E. Alguire,  J. H. Andersen,  D. Barton,  K. Begam,  A. Behn,  
 Y. A. Bernard,  E. J. Berquist,  H. Burton,  A. Carreras,  K. Carter-Fenk,  
 Romit Chakraborty,  A. D. Chien,  K. D. Closser,  V. Cofer-Shabica,  
 S. Dasgupta,  Jia Deng,  M. de Wergifosse,  M. Diedenhofen,  Hainam Do,  
 S. Ehlert,  Po-Tung Fang,  S. Fatehi,  Qingguo Feng,  T. Friedhoff,  
 J. Gayvert,  Qinghui Ge,  G. Gidofalvi,  M. Goldey,  J. Gomes,  
 C. Gonzalez-Espinoza,  S. Gulania,  A. Gunina,  M. W. D. Hanson-Heine,  
 P. H. P. Harbach,  A. W. Hauser,  M. F. Herbst,  M. Hernandez Vera,  
 M. Hodecker,  Z. C. Holden,  S. Houck,  Xunkun Huang,  Kerwin Hui,  
 B. C. Huynh,  M. Ivanov,  Hyunjun Ji,  Hanjie Jiang,  B. Kaduk,  S. Kaehler,  
 K. Khistyaev,  Jaehoon Kim,  P. Klunzinger,  Z. Koczor-Benda,  
 Joong Hoon Koh,  D. Kosenkov,  L. Koulias,  T. Kowalczyk,  C. M. Krauter,  
 K. Kue,  A. Kunitsa,  T. Kus,  A. Landau,  K. V. Lawler,  D. Lefrancois,  
 S. Lehtola,  Rain Li,  Yi-Pei Li,  Jiashu Liang,  M. Liebenthal,  
 Hung-Hsuan Lin,  You-Sheng Lin,  Fenglai Liu,  Kuan-Yu Liu,  
 M. Loipersberger,  A. Luenser,  A. Manjanath,  P. Manohar,  E. Mansoor,  
 S. F. Manzer,  Shan-Ping Mao,  A. V. Marenich,  T. Markovich,  S. Mason,  
 S. A. Maurer,  P. F. McLaughlin,  M. F. S. J. Menger,  J.-M. Mewes,  
 S. A. Mewes,  P. Morgante,  J. W. Mullinax,  K. J. Oosterbaan,  G. Paran,  
 Alexander C. Paul,  Suranjan K. Paul,  F. Pavosevic,  Zheng Pei,  S. Prager,  
 E. I. Proynov,  E. Ramos,  B. Rana,  A. E. Rask,  A. Rettig,  R. M. Richard,  
 F. Rob,  E. Rossomme,  T. Scheele,  M. Scheurer,  M. Schneider,  
 N. Sergueev,  S. M. Sharada,  W. Skomorowski,  D. W. Small,  C. J. Stein,  
 Yu-Chuan Su,  E. J. Sundstrom,  Zhen Tao,  J. Thirman,  T. Tsuchimochi,  
 N. M. Tubman,  S. P. Veccham,  O. Vydrov,  J. Wenzel,  J. Witte,  A. Yamada,  
 Kun Yao,  S. Yeganeh,  S. R. Yost,  A. Zech,  Igor Ying Zhang,  Xing Zhang,  
 Yu Zhang,  D. Zuev,  A. Aspuru-Guzik,  A. T. Bell,  N. A. Besley,  
 K. B. Bravaya,  B. R. Brooks,  D. Casanova,  Jeng-Da Chai,  S. Coriani,  
 C. J. Cramer,  A. E. DePrince, III,  R. A. DiStasio Jr.,  A. Dreuw,  
 B. D. Dunietz,  T. R. Furlani,  W. A. Goddard III,  S. Grimme,  
 S. Hammes-Schiffer,  T. Head-Gordon,  W. J. Hehre,  Chao-Ping Hsu,  
 T.-C. Jagau,  Yousung Jung,  A. Klamt,  Jing Kong,  D. S. Lambrecht,  
 WanZhen Liang,  N. J. Mayhall,  C. W. McCurdy,  J. B. Neaton,  T. Neudecker,  
 C. Ochsenfeld,  J. A. Parkhill,  R. Peverati,  V. A. Rassolov,  Yihan Shao,  
 L. V. Slipchenko,  R. P. Steele,  J. E. Subotnik,  A. J. W. Thom,  
 A. Tkatchenko,  D. G. Truhlar,  T. Van Voorhis,  T. A. Wesolowski,  
 K. B. Whaley,  H. L. Woodcock III,  P. M. Zimmerman,  S. Faraji,  
 P. M. W. Gill,  M. Head-Gordon,  J. M. Herbert,  A. I. Krylov

 Additional authors since Version 5.4.0: 
 Chandrima Chakravarty,  L. Cunha,  R. Kang,  Yongbin Kim,  S. Kotaru,  
 Shaozhi Li,  Xiangyuan Li,  F. Matz,  A. Molle,  V. Parravicini,  
 Haisheng Ren,  Hengyuan Shen,  Yingli Su,  Hung-Yi Tsai,  C. Utku,  
 Fang Wang,  Jeff Yang,  F. Zeller

 Contributors to earlier versions of Q-Chem not listed above: 
 R. D. Adamson,  B. Austin,  R. Baer,  J. Baker,  G. J. O. Beran,  
 K. Brandhorst,  S. T. Brown,  E. F. C. Byrd,  Arup K. Chakraborty,  
 G. K. L. Chan,  Chun-Min Chang,  Yunqing Chen,  C.-L. Cheng,  
 Siu Hung Chien,  D. M. Chipman,  D. L. Crittenden,  H. Dachsel,  
 R. J. Doerksen,  A. D. Dutoi,  R. G. Edgar,  J. Fosso-Tande,  
 L. Fusti-Molnar,  D. Ghosh,  A. Ghysels,  A. Golubeva-Zadorozhnaya,  
 J. Gonthier,  M. S. Gordon,  S. R. Gwaltney,  G. Hawkins,  J. E. Herr,  
 A. Heyden,  S. Hirata,  E. G. Hohenstein,  G. Kedziora,  F. J. Keil,  
 C. Kelley,  Jihan Kim,  R. A. King,  R. Z. Khaliullin,  P. P. Korambath,  
 W. Kurlancheek,  A. Laurent,  A. M. Lee,  M. S. Lee,  S. V. Levchenko,  
 Ching Yeh Lin,  D. Liotard,  E. Livshits,  R. C. Lochan,  I. Lotan,  
 L. A. Martinez-Martinez,  P. E. Maslen,  N. Nair,  D. P. O'Neill,  
 D. Neuhauser,  E. Neuscamman,  C. M. Oana,  R. Olivares-Amaya,  R. Olson,  
 T. M. Perrine,  B. Peters,  P. A. Pieniazek,  A. Prociuk,  Y. M. Rhee,  
 J. Ritchie,  M. A. Rohrdanz,  E. Rosta,  N. J. Russ,  H. F. Schaefer III,  
 M. W. Schmidt,  N. E. Schultz,  S. Sharma,  N. Shenvi,  C. D. Sherrill,  
 A. C. Simmonett,  A. Sodt,  T. Stein,  D. Stuck,  K. S. Thanthiriwatte,  
 V. Vanovschi,  L. Vogt,  Tao Wang,  A. Warshel,  M. A. Watson,  
 C. F. Williams,  Q. Wu,  X. Xu,  Jun Yang,  W. Zhang,  Yan Zhao

   Please cite Q-Chem as follows:
  "Software for the frontiers of quantum chemistry:
   An overview of developments in the Q-Chem 5 package"
   J. Chem. Phys. 155, 084801 (2021)
   https://doi.org/10.1063/5.0055522 (open access)

 Q-Chem 5.4.2 for Intel X86 EM64T Linux

 Parts of Q-Chem use Armadillo 9.900.5 (Nocturnal Misbehaviour).
 http://arma.sourceforge.net/

 Q-Chem begins on Sun Jan 14 23:30:09 2024  

 Host: 
0

     Scratch files written to /scratch/qchem951627//
 Dec1321 |scratch|qcdevops|jenkins|workspace|build_RNUM 5684   
 Processing $rem in /home/kchung25/qchem/5.4.0/config/preferences:
 Processing $rem in /home/kchung25/.qchemrc:

 Q-Chem warning in module libgen/rem_setup.C, line 3079:

 Neither GIA nor STOLL is specified by user. Use STOLL as the default


 Checking the input file for inconsistencies... 	...done.

--------------------------------------------------------------
User input:
--------------------------------------------------------------
$molecule
-1 1
--
-1 1
F      0.000000     0.000000     0.000000
--
0 1
O     -0.057118     2.692147    -0.976789
H      0.731116     3.225705    -0.805216
H      0.209827     1.795792    -0.774691
O      0.486465    -2.407014     1.207865
H      0.269082    -1.731333     0.576353
H      1.158872    -2.081555     1.761537
O      2.743152     0.252394     0.166207
H      2.913143     0.164435    -0.786041
H      1.744815     0.219563     0.238161
O      0.021137     0.684540     2.677081
H     -0.147829     0.359385     1.789779
H     -0.892075     0.785151     3.140166
O     -2.468711    -1.509440    -0.488093
H     -1.632848    -1.124206    -0.091186
H     -2.494928    -1.207266    -1.445224
O     -0.643514    -0.967018    -2.526052
H     -0.484782    -0.177777    -1.974885
H     -0.087133    -1.668284    -2.070015
$end

$rem
JOBTYPE          eda
EDA2             1
METHOD           wB97M-V
BASIS            def2-TZVPPD
SYMMETRY         false
MEM_TOTAL        50000
MEM_STATIC       10000
THRESH           14
SCF_CONVERGENCE  8
XC_GRID          000099000590
NL_GRID          1
EDA_CLS_DISP     true
FD_MAT_VEC_PROD  FALSE
$end
--------------------------------------------------------------
 ----------------------------------------------------------------
             Standard Nuclear Orientation (Angstroms)
    I     Atom           X                Y                Z
 ----------------------------------------------------------------
    1      F      -0.0766886912     0.1140197475    -0.0978143274
    2      O      -1.0756519417     2.6615529973    -0.9446799904
    3      H      -1.9731438249     2.8842392049    -0.6612131582
    4      H      -0.8385061918     1.8991018691    -0.4174365068
    5      O       0.3658404380    -2.4168368117     0.8446481372
    6      H       0.4436265277    -1.4905416194     0.6483470180
    7      H      -0.5349867091    -2.6136387509     0.9645933983
    8      O      -2.0624085923     0.1139570283     1.8187260097
    9      H      -1.6317257174     0.7491173609     2.4141196546
   10      H      -1.4414889122     0.0570236057     1.0350491920
   11      O      -1.8566741701    -1.3833874408    -1.5895340975
   12      H      -1.1069021679    -0.9509538563    -1.1742952961
   13      H      -1.5674272599    -1.6378589639    -2.5435293366
   14      O       2.6165917479    -0.5096358143    -1.0819241326
   15      H       1.6575314016    -0.5538467387    -0.7940769464
   16      H       2.9526015584     0.3979286261    -0.8144911462
   17      O       2.1854618325     1.3199565949     0.9785518349
   18      H       1.3499250136     1.4496582338     0.4917890849
   19      H       1.9954199876     0.4987408730     1.5251708985
 ----------------------------------------------------------------
 Molecular Point Group                 C1    NOp =  1
 Largest Abelian Subgroup              C1    NOp =  1
 Nuclear Repulsion Energy =         358.43429275 hartrees
 There are       35 alpha and       35 beta electrons
 Requested basis set is def2-TZVPPD
 There are 182 shells and 484 basis functions

 Q-Chem warning in module libmdc/get_mega.C, line 171:

 Allowed MEM_STATIC has been capped at MEM_STATIC=8191.
 Reduce the value of MEM_STATIC to silence this warning.


 Total QAlloc Memory Limit  50000 MB
 Mega-Array Size      8007 MB
 MEM_STATIC part      8191 MB
 A cutoff of  1.0D-14 yielded  14700 shell pairs
 There are    102098 function pairs (    124551 Cartesian)
 Smallest overlap matrix eigenvalue = 6.82E-05

 Scale SEOQF with 1.000000e-01/1.000000e-01/1.000000e-01

 Standard Electronic Orientation quadrupole field applied
 Nucleus-field energy     =     0.0000000082 hartrees

 -----------------------------------------------------------------------
  General SCF calculation program by
  Eric Jon Sundstrom, Paul Horn, Yuezhi Mao, Dmitri Zuev, Alec White,
  David Stuck, Shaama M.S., Shane Yost, Joonho Lee, David Small,
  Daniel Levine, Susi Lehtola, Hugh Burton, Evgeny Epifanovsky,
  Bang C. Huynh
 -----------------------------------------------------------------------
================================================================
                 ALMO-EDA with the EDA2 driver                  
================================================================
 The second-generation ALMO-EDA (for DFT):                      
 P. R. Horn, Y. Mao and M. Head-Gordon, PCCP, 18, 23067 (2016)  
 Y. Mao et al. Annu. Rev. Phys. Chem. 72, 641 (2021)            
 Decomposition of the frozen energy:                            
 P. R. Horn, Y. Mao and M. Head-Gordon, JCP, 144, 114107 (2016) 
 FERF model for polarization:                                   
 P. R. Horn and M. Head-Gordon, JCP, 143, 114111 (2015)         
================================================================
 Using eda2 option set 1
 Option set summary: Frozen orbital wavefunction, initial wavefunction decomposition, and nDQ polarization.
--------------------------------
Printing EDA Options
--------------------------------
eda_child_super_basis      0
fragmo_guess_mode          0
child_mp                   1
child_mp_orders            232
cls_elec                   1
cls_disp                   1
scfmi_mode                 1
scfmi_occs                 0
scfmi_virts                0
frz_relax                  0
frz_relax_method           0
dc_pen_start               0
dc_pen_conv                0
dc_pen_increment           0
dc_pen_steps               0
dc_pen_thresh_factor       0
dc_pen_pre_newton_thresh   0
frz_ortho_decomp           1
frz_ortho_decomp_conv      6
plot_mo_ortho_frz          0
frgm_method                2
scfmi_freeze_ss            0
separate_rehyb             0
plot_diff_den              0
eda_nocv                   0
eda_vct_relax              1
disp_free_x                0
disp_free_c                0
eda_bsse                   0
eda_pct_a                  0
eda_covp                   0
--------------------------------
Attempting to make child job directory: /scratch/qchem951627//Frg1/
Attempting to make child job directory: /scratch/qchem951627//Frg2/
Creating input file /scratch/qchem951627/Frg1.input
using default PutDataFrgm: nothing
calling putenv with: QCSCRATCH=/scratch/qchem951627/ 
Spawning Job For Fragment 0
Done Job For Fragment 0
calling putenv with: QCSCRATCH=/scratch 
calling putenv with: QCTHREADS=6 
Creating input file /scratch/qchem951627/Frg2.input
using default PutDataFrgm: nothing
calling putenv with: QCSCRATCH=/scratch/qchem951627/ 
Spawning Job For Fragment 1
Done Job For Fragment 1
calling putenv with: QCSCRATCH=/scratch 
calling putenv with: QCTHREADS=6 
Doing General SCFMI
 Exchange:     0.1500 Hartree-Fock + 1.0000 wB97M-V + LR-HF
 Correlation:  1.0000 wB97M-V
 Using Euler-Maclaurin-Lebedev (99,590) quadrature formula
 Nonlocal Correlation:  VV10 with C = 0.0100 and b = 6.00 and scale = 1.00000
 Grid used for NLC:  SG-1 standard quadrature
performing fock build before subrot guess so that all methods have access
Printing subrot_rss_gen Method Specification:
Occupied Subspace Method is 0
Virtual Subspace Method is 0
Energy of the unrelaxed supersystem initial determinant -558.551498969182
write pseudocanon occs and virts to disk
write pseudocanon orbital energies to disk
Tolerance of ortho_decomp_scf: 1.00e-06
GDM subspace size: 20
Beginning the Orthogonal Decomposition of the Initial Supersystem Wavefunction
    1    -558.0815897700      3.03e-01     ortho_decomp Preconditoned Steepest Descent
    2    -558.1403629465      7.39e-03     ortho_decomp BFGS Step
    3    -558.1405520137      4.92e-04     ortho_decomp BFGS Step
    4    -558.1405521677      1.36e-05     ortho_decomp BFGS Step
    5    -558.1405521679      4.08e-07     ortho_decomp 00000 Convergence criterion met
 Hartree-Fock
 Hartree-Fock
 Hartree-Fock
 Exchange:     0.1500 Hartree-Fock + 1.0000 wB97M-V + LR-HF
 Correlation:  1.0000 wB97M-V
 Using Euler-Maclaurin-Lebedev (99,590) quadrature formula
 Nonlocal Correlation:  VV10 with C = 0.0100 and b = 6.00 and scale = 1.00000
 Grid used for NLC:  SG-1 standard quadrature
 Long-range K will be added via erf
 Coulomb attenuation parameter = 0.3 bohr**(-1)
 Nonlocal correlation = 2.866570525087e-01
Doing General SCFMI
 Exchange:     0.1500 Hartree-Fock + 1.0000 wB97M-V + LR-HF
 Correlation:  1.0000 wB97M-V
 Using Euler-Maclaurin-Lebedev (99,590) quadrature formula
 Nonlocal Correlation:  VV10 with C = 0.0100 and b = 6.00 and scale = 1.00000
 Grid used for NLC:  SG-1 standard quadrature
performing fock build at end of subrot_r(subrot) constructor so that all methods have access
<S^2> of initial wavefunction before polarization iterations 0.0000000000
Beginning iterations for the determination of the polarized wavefunction
Energy prior to optimization (guess energy) = -558.551498969181
Begin Timing: Total SCF Calculation
begin iterations for algorithm: DIIS         
the SCF tolerance is set to 1.00e-08
    1    -558.5514989692      8.78e-04     00000 
    2    -558.5874560877      6.35e-04     00000 
    3    -558.5989191989      2.23e-04     00000 
    4    -558.6006275158      5.11e-05     00000 
    5    -558.6009725415      2.38e-05     00000 
    6    -558.6010061545      1.18e-05     00000 
    7    -558.6010118058      1.79e-06     00000 
    8    -558.6010121249      7.89e-07     00000 
    9    -558.6010121507      4.85e-07     00000 
   10    -558.6010121581      1.76e-07     00000 
   11    -558.6010121587      8.08e-08     00000 
   12    -558.6010121588      3.51e-08     00000 
   13    -558.6010121588      1.87e-08     00000 
   14    -558.6010121589      4.61e-09     00000 Convergence criterion met
write pseudocanon occs and virts to disk
write pseudocanon orbital energies to disk
Timing for Total SCF: 377.00s (wall), 2260.74s (cpu)
<S^2> of polarized wavefunction after polarization iterations 0.0000000000
relaxing scfmi constraint to allow all rotations in the entire AO span
Doing General SCFMI
 Exchange:     0.1500 Hartree-Fock + 1.0000 wB97M-V + LR-HF
 Correlation:  1.0000 wB97M-V
 Using Euler-Maclaurin-Lebedev (99,590) quadrature formula
 Nonlocal Correlation:  VV10 with C = 0.0100 and b = 6.00 and scale = 1.00000
 Grid used for NLC:  SG-1 standard quadrature
performing fock build at end of subrot_r(subrot) constructor so that all methods have access
<S^2> of polarized wavefunction before ct-allowed iterations 0.0000000000
Beginning iterations for the determination of the CT-Allowed wavefunction
Energy prior to optimization (guess energy) = -558.601012158865
Begin Timing: Total SCF Calculation
begin iterations for algorithm: DIIS         
the SCF tolerance is set to 1.00e-08
    1    -558.6010121589      3.64e-04     00000 
    2    -558.6188896820      9.73e-05     00000 
    3    -558.6191883328      1.04e-04     00000 
    4    -558.6198890419      6.30e-06     00000 
    5    -558.6198950417      2.76e-06     00000 
    6    -558.6198956756      5.85e-07     00000 
    7    -558.6198957392      1.09e-07     00000 
    8    -558.6198957418      4.83e-08     00000 
    9    -558.6198957421      2.17e-08     00000 
   10    -558.6198957421      3.28e-09     00000 Convergence criterion met
write pseudocanon occs and virts to disk
write pseudocanon orbital energies to disk
Timing for Total SCF: 258.00s (wall), 1544.59s (cpu)
<S^2> of ct_allowed wavefunction after ct-allowed iterations 0.0000000000

================================
        Results of EDA2         
================================
Basic EDA Quantities
--------------------
Fragment Energies (Ha):
1  -99.8700285039
2 -458.5938829798
--------------------
  E_prp (kJ/mol) = 0.0000
  E_frz (kJ/mol) = -229.9637
  E_pol (kJ/mol) = -129.9984
  E_vct (kJ/mol) = -49.5794
  E_int (kJ/mol) = -409.5415
--------------------


Decomposition of frozen interaction energy
--------------------
  --------------------
  Orthogonal Frozen Decomposition:
  --------------------
     E_elec   (ELEC)   (kJ/mol) = -863.1541
     E_pauli  (PAULI)  (kJ/mol) = 691.3131
     E_disp   (DISP)   (kJ/mol) = -58.1226
  --------------------
  Classical Frozen Decomposition:
  --------------------
     E_cls_elec  (CLS ELEC)  (kJ/mol) = -478.3045
     E_mod_pauli (MOD PAULI) (kJ/mol) = 281.1425 (FRZ - CLS ELEC - CLS DISP)
     E_cls_disp  (CLS DISP)  (kJ/mol) = -32.8017
  --------------------
--------------------

Simplified EDA Summary (kJ/mol)
--------------------
 PREPARATION      0.0000
 FROZEN           -229.9637 (ELEC + PAULI + DISP)
[ELEC + PAULI = -197.1620, DISP = -32.8017]
 POLARIZATION    -129.9984
 CHARGE TRANSFER -49.5794
 TOTAL           -409.5415     (PRP + FRZ + POL + CT)
--------------------
 
 --------------------------------------------------------------
 
                    Orbital Energies (a.u.)
 --------------------------------------------------------------
 
 Alpha MOs
 -- Occupied --
-24.6495 -19.2035 -19.1969 -19.1897 -19.1870 -19.1739 -19.1737  -1.0459
 -1.0020  -0.9966  -0.9918  -0.9833  -0.9746  -0.9577  -0.5081  -0.5011
 -0.4922  -0.4873  -0.4807  -0.4651  -0.3784  -0.3734  -0.3648  -0.3546
 -0.3504  -0.3478  -0.2963  -0.2924  -0.2883  -0.2853  -0.2851  -0.2807
 -0.2766  -0.2678  -0.2583
 -- Virtual --
  0.1349   0.1459   0.1503   0.1542   0.1718   0.1780   0.1874   0.1893
  0.1961   0.2076   0.2149   0.2224   0.2239   0.2299   0.2331   0.2466
  0.2520   0.2627   0.2695   0.2735   0.2744   0.2900   0.3029   0.3077
  0.3171   0.3184   0.3329   0.3370   0.3511   0.3551   0.3671   0.3748
  0.3824   0.3837   0.3954   0.4047   0.4059   0.4162   0.4190   0.4200
  0.4281   0.4385   0.4444   0.4495   0.4546   0.4580   0.4661   0.4758
  0.4827   0.4853   0.4885   0.4931   0.4979   0.5065   0.5100   0.5153
  0.5233   0.5340   0.5391   0.5484   0.5551   0.5563   0.5611   0.5716
  0.5719   0.5923   0.5965   0.6037   0.6071   0.6174   0.6227   0.6335
  0.6397   0.6452   0.6485   0.6501   0.6538   0.6655   0.6733   0.6769
  0.6921   0.6957   0.7089   0.7138   0.7205   0.7303   0.7377   0.7422
  0.7528   0.7570   0.7638   0.7673   0.7726   0.7781   0.7897   0.8057
  0.8086   0.8133   0.8357   0.8427   0.8610   0.8663   0.8735   0.8872
  0.8952   0.9027   0.9065   0.9194   0.9287   0.9394   0.9536   0.9666
  0.9735   0.9925   0.9970   1.0051   1.0191   1.0357   1.0464   1.0550
  1.0717   1.0731   1.0819   1.0914   1.0978   1.1081   1.1124   1.1202
  1.1306   1.1435   1.1559   1.1709   1.1746   1.1766   1.1879   1.1947
  1.2014   1.2265   1.2358   1.2428   1.2567   1.2590   1.2719   1.2818
  1.2891   1.3006   1.3078   1.3157   1.3174   1.3360   1.3487   1.3630
  1.3670   1.3811   1.3920   1.3979   1.4030   1.4080   1.4195   1.4322
  1.4490   1.4514   1.4646   1.4826   1.4944   1.4980   1.5106   1.5358
  1.5419   1.5534   1.5691   1.5753   1.5867   1.5979   1.6152   1.6314
  1.6439   1.6816   1.6879   1.6962   1.7241   1.7894   1.8459   1.9456
  1.9942   2.0623   2.0933   2.1078   2.1123   2.1256   2.1274   2.1531
  2.1638   2.1954   2.2144   2.2262   2.2354   2.2638   2.3055   2.3067
  2.3263   2.3435   2.3627   2.3718   2.4012   2.4080   2.4330   2.4411
  2.4473   2.4633   2.4730   2.4954   2.5057   2.5085   2.5210   2.5400
  2.5519   2.7710   2.7847   2.8046   2.8590   2.8639   2.8827   2.8950
  2.9301   2.9753   2.9860   3.0049   3.0138   3.0219   3.0591   3.0881
  3.1174   3.1519   3.1890   3.2173   3.2285   3.2448   3.2902   3.3116
  3.3454   3.3905   3.4007   3.4163   3.4278   3.4460   3.4465   3.4567
  3.4742   3.4899   3.4979   3.5091   3.5251   3.5359   3.5510   3.5665
  3.5703   3.5825   3.5831   3.5932   3.6045   3.6057   3.6091   3.6228
  3.6291   3.6344   3.6487   3.6507   3.6708   3.6821   3.6948   3.7023
  3.7150   3.7349   3.7503   3.7772   3.8293   3.8454   3.8722   3.8840
  3.8999   3.9483   3.9705   4.0193   4.0245   4.0522   4.0578   4.0932
  4.0977   4.1100   4.1197   4.1370   4.1443   4.1488   4.1620   4.1735
  4.1845   4.1950   4.2038   4.2124   4.2220   4.2324   4.2411   4.2522
  4.2618   4.2641   4.2901   4.2935   4.2998   4.3090   4.3236   4.3356
  4.3461   4.3617   4.3741   4.3854   4.3971   4.4039   4.4264   4.4366
  4.4456   4.4512   4.4553   4.4888   4.5029   4.5131   4.5348   4.5513
  4.5802   4.5967   4.6238   4.6619   4.7190   4.8393   4.8457   4.8769
  4.8959   4.9034   4.9114   4.9402   4.9550   4.9697   4.9960   4.9995
  5.0420   5.1038   5.1131   5.1576   5.1758   5.1805   5.2076   5.2792
  5.3383   5.3661   5.3973   5.4121   5.4475   5.4773   5.7996   5.8133
  5.8224   5.8305   5.8615   5.9182   6.2737   6.2829   6.3718   6.3840
  6.4358   6.4739   6.5232   6.5713   6.5915   6.6074   6.6811   6.6894
  6.7099   6.7200   6.7266   6.7651   6.7768   6.7893   6.8031   6.8085
  6.8189   6.8271   6.8348   6.8422   6.8513   6.8535   6.8592   6.8826
  6.9076   6.9343   6.9525   6.9868   6.9882   7.0109   7.0235   7.0330
  7.0338   7.0388   7.0486   7.0554   7.0887   7.1009   7.2065   7.2408
  7.2458   7.2621   7.2717   7.2784   7.2895   7.3025   7.3451   7.3839
  7.4272   7.4809   7.4997   7.6336   7.6578   7.6662   7.6756   7.6922
  7.6987   7.7245   7.7510   7.7622   7.7808   7.8202   7.8916   7.9656
  8.0114   8.0274   8.0483   8.0750   8.2007   9.0052   9.0335   9.0489
  9.2306   9.2634  44.6180  44.6375  44.6681  44.6797  44.7176  44.8280
 58.3967
 --------------------------------------------------------------
 
          Ground-State Mulliken Net Atomic Charges

     Atom                 Charge (a.u.)
  ----------------------------------------
      1 F                    -0.756540
      2 O                    -0.421803
      3 H                     0.143227
      4 H                     0.234204
      5 O                    -0.420033
      6 H                     0.249099
      7 H                     0.134721
      8 O                    -0.518443
      9 H                     0.156642
     10 H                     0.300064
     11 O                    -0.497494
     12 H                     0.283451
     13 H                     0.188763
     14 O                    -0.566497
     15 H                     0.290727
     16 H                     0.228201
     17 O                    -0.558213
     18 H                     0.296286
     19 H                     0.233638
  ----------------------------------------
  Sum of atomic charges =    -1.000000

 -----------------------------------------------------------------
                    Cartesian Multipole Moments
 -----------------------------------------------------------------
    Charge (ESU x 10^10)
                -4.8032
    Dipole Moment (Debye)
         X      -1.2797      Y       1.6392      Z       1.1369
       Tot       2.3701
    Quadrupole Moments (Debye-Ang)
        XX     -73.6392     XY      -0.6986     YY     -66.3283
        XZ       2.9504     YZ       4.5737     ZZ     -53.6667
    Octopole Moments (Debye-Ang^2)
       XXX      -7.4856    XXY      22.3749    XYY     -25.6865
       YYY      -1.6477    XXZ       0.1290    XYZ     -11.5618
       YYZ       1.6871    XZZ      -2.4547    YZZ      -5.0362
       ZZZ      -3.5382
    Hexadecapole Moments (Debye-Ang^3)
      XXXX   -1073.5416   XXXY     -29.2857   XXYY    -288.0113
      XYYY       1.0851   YYYY    -882.0506   XXXZ      40.9407
      XXYZ     -41.5327   XYYZ     -31.2071   YYYZ      31.7629
      XXZZ    -283.0983   XYZZ       6.5695   YYZZ    -220.4629
      XZZZ      36.8995   YZZZ      56.6046   ZZZZ    -424.7345
 -----------------------------------------------------------------
 Total job time:  3023.49s(wall), 6797.77s(cpu) 
 Mon Jan 15 00:20:33 2024

        *************************************************************
        *                                                           *
        *  Thank you very much for using Q-Chem.  Have a nice day.  *
        *                                                           *
        *************************************************************


