
Running Job 1 of 1 122_Cl-Water_Cls_026_almo.in
qchem 122_Cl-Water_Cls_026_almo.in_1028750.0 /scratch/qchem1028750/ 6
/home/kchung25/qchem/5.4.0/exe/qcprog.exe_s 122_Cl-Water_Cls_026_almo.in_1028750.0 /scratch/qchem1028750/
                  Welcome to Q-Chem
     A Quantum Leap Into The Future Of Chemistry


 Q-Chem 5.4, Q-Chem, Inc., Pleasanton, CA (2021)

 E. Epifanovsky,  A. T. B. Gilbert,  Xintian Feng,  Joonho Lee,  Yuezhi Mao,  
 N. Mardirossian,  P. Pokhilko,  A. White,  M. Wormit,  M. P. Coons,  
 A. L. Dempwolff,  Zhengting Gan,  D. Hait,  P. R. Horn,  L. D. Jacobson,  
 I. Kaliman,  J. Kussmann,  A. W. Lange,  Ka Un Lao,  D. S. Levine,  Jie Liu,  
 S. C. McKenzie,  A. F. Morrison,  K. Nanda,  F. Plasser,  D. R. Rehn,  
 M. L. Vidal,  Zhi-Qiang You,  Ying Zhu,  B. Alam,  B. Albrecht,  
 A. Aldossary,  E. Alguire,  J. H. Andersen,  D. Barton,  K. Begam,  A. Behn,  
 Y. A. Bernard,  E. J. Berquist,  H. Burton,  A. Carreras,  K. Carter-Fenk,  
 Romit Chakraborty,  A. D. Chien,  K. D. Closser,  V. Cofer-Shabica,  
 S. Dasgupta,  Jia Deng,  M. de Wergifosse,  M. Diedenhofen,  Hainam Do,  
 S. Ehlert,  Po-Tung Fang,  S. Fatehi,  Qingguo Feng,  T. Friedhoff,  
 J. Gayvert,  Qinghui Ge,  G. Gidofalvi,  M. Goldey,  J. Gomes,  
 C. Gonzalez-Espinoza,  S. Gulania,  A. Gunina,  M. W. D. Hanson-Heine,  
 P. H. P. Harbach,  A. W. Hauser,  M. F. Herbst,  M. Hernandez Vera,  
 M. Hodecker,  Z. C. Holden,  S. Houck,  Xunkun Huang,  Kerwin Hui,  
 B. C. Huynh,  M. Ivanov,  Hyunjun Ji,  Hanjie Jiang,  B. Kaduk,  S. Kaehler,  
 K. Khistyaev,  Jaehoon Kim,  P. Klunzinger,  Z. Koczor-Benda,  
 Joong Hoon Koh,  D. Kosenkov,  L. Koulias,  T. Kowalczyk,  C. M. Krauter,  
 K. Kue,  A. Kunitsa,  T. Kus,  A. Landau,  K. V. Lawler,  D. Lefrancois,  
 S. Lehtola,  Rain Li,  Yi-Pei Li,  Jiashu Liang,  M. Liebenthal,  
 Hung-Hsuan Lin,  You-Sheng Lin,  Fenglai Liu,  Kuan-Yu Liu,  
 M. Loipersberger,  A. Luenser,  A. Manjanath,  P. Manohar,  E. Mansoor,  
 S. F. Manzer,  Shan-Ping Mao,  A. V. Marenich,  T. Markovich,  S. Mason,  
 S. A. Maurer,  P. F. McLaughlin,  M. F. S. J. Menger,  J.-M. Mewes,  
 S. A. Mewes,  P. Morgante,  J. W. Mullinax,  K. J. Oosterbaan,  G. Paran,  
 Alexander C. Paul,  Suranjan K. Paul,  F. Pavosevic,  Zheng Pei,  S. Prager,  
 E. I. Proynov,  E. Ramos,  B. Rana,  A. E. Rask,  A. Rettig,  R. M. Richard,  
 F. Rob,  E. Rossomme,  T. Scheele,  M. Scheurer,  M. Schneider,  
 N. Sergueev,  S. M. Sharada,  W. Skomorowski,  D. W. Small,  C. J. Stein,  
 Yu-Chuan Su,  E. J. Sundstrom,  Zhen Tao,  J. Thirman,  T. Tsuchimochi,  
 N. M. Tubman,  S. P. Veccham,  O. Vydrov,  J. Wenzel,  J. Witte,  A. Yamada,  
 Kun Yao,  S. Yeganeh,  S. R. Yost,  A. Zech,  Igor Ying Zhang,  Xing Zhang,  
 Yu Zhang,  D. Zuev,  A. Aspuru-Guzik,  A. T. Bell,  N. A. Besley,  
 K. B. Bravaya,  B. R. Brooks,  D. Casanova,  Jeng-Da Chai,  S. Coriani,  
 C. J. Cramer,  A. E. DePrince, III,  R. A. DiStasio Jr.,  A. Dreuw,  
 B. D. Dunietz,  T. R. Furlani,  W. A. Goddard III,  S. Grimme,  
 S. Hammes-Schiffer,  T. Head-Gordon,  W. J. Hehre,  Chao-Ping Hsu,  
 T.-C. Jagau,  Yousung Jung,  A. Klamt,  Jing Kong,  D. S. Lambrecht,  
 WanZhen Liang,  N. J. Mayhall,  C. W. McCurdy,  J. B. Neaton,  T. Neudecker,  
 C. Ochsenfeld,  J. A. Parkhill,  R. Peverati,  V. A. Rassolov,  Yihan Shao,  
 L. V. Slipchenko,  R. P. Steele,  J. E. Subotnik,  A. J. W. Thom,  
 A. Tkatchenko,  D. G. Truhlar,  T. Van Voorhis,  T. A. Wesolowski,  
 K. B. Whaley,  H. L. Woodcock III,  P. M. Zimmerman,  S. Faraji,  
 P. M. W. Gill,  M. Head-Gordon,  J. M. Herbert,  A. I. Krylov

 Additional authors since Version 5.4.0: 
 Chandrima Chakravarty,  L. Cunha,  R. Kang,  Yongbin Kim,  S. Kotaru,  
 Shaozhi Li,  Xiangyuan Li,  F. Matz,  A. Molle,  V. Parravicini,  
 Haisheng Ren,  Hengyuan Shen,  Yingli Su,  Hung-Yi Tsai,  C. Utku,  
 Fang Wang,  Jeff Yang,  F. Zeller

 Contributors to earlier versions of Q-Chem not listed above: 
 R. D. Adamson,  B. Austin,  R. Baer,  J. Baker,  G. J. O. Beran,  
 K. Brandhorst,  S. T. Brown,  E. F. C. Byrd,  Arup K. Chakraborty,  
 G. K. L. Chan,  Chun-Min Chang,  Yunqing Chen,  C.-L. Cheng,  
 Siu Hung Chien,  D. M. Chipman,  D. L. Crittenden,  H. Dachsel,  
 R. J. Doerksen,  A. D. Dutoi,  R. G. Edgar,  J. Fosso-Tande,  
 L. Fusti-Molnar,  D. Ghosh,  A. Ghysels,  A. Golubeva-Zadorozhnaya,  
 J. Gonthier,  M. S. Gordon,  S. R. Gwaltney,  G. Hawkins,  J. E. Herr,  
 A. Heyden,  S. Hirata,  E. G. Hohenstein,  G. Kedziora,  F. J. Keil,  
 C. Kelley,  Jihan Kim,  R. A. King,  R. Z. Khaliullin,  P. P. Korambath,  
 W. Kurlancheek,  A. Laurent,  A. M. Lee,  M. S. Lee,  S. V. Levchenko,  
 Ching Yeh Lin,  D. Liotard,  E. Livshits,  R. C. Lochan,  I. Lotan,  
 L. A. Martinez-Martinez,  P. E. Maslen,  N. Nair,  D. P. O'Neill,  
 D. Neuhauser,  E. Neuscamman,  C. M. Oana,  R. Olivares-Amaya,  R. Olson,  
 T. M. Perrine,  B. Peters,  P. A. Pieniazek,  A. Prociuk,  Y. M. Rhee,  
 J. Ritchie,  M. A. Rohrdanz,  E. Rosta,  N. J. Russ,  H. F. Schaefer III,  
 M. W. Schmidt,  N. E. Schultz,  S. Sharma,  N. Shenvi,  C. D. Sherrill,  
 A. C. Simmonett,  A. Sodt,  T. Stein,  D. Stuck,  K. S. Thanthiriwatte,  
 V. Vanovschi,  L. Vogt,  Tao Wang,  A. Warshel,  M. A. Watson,  
 C. F. Williams,  Q. Wu,  X. Xu,  Jun Yang,  W. Zhang,  Yan Zhao

   Please cite Q-Chem as follows:
  "Software for the frontiers of quantum chemistry:
   An overview of developments in the Q-Chem 5 package"
   J. Chem. Phys. 155, 084801 (2021)
   https://doi.org/10.1063/5.0055522 (open access)

 Q-Chem 5.4.2 for Intel X86 EM64T Linux

 Parts of Q-Chem use Armadillo 9.900.5 (Nocturnal Misbehaviour).
 http://arma.sourceforge.net/

 Q-Chem begins on Wed Jan 17 06:19:22 2024  

 Host: 
0

     Scratch files written to /scratch/qchem1028750//
 Dec1321 |scratch|qcdevops|jenkins|workspace|build_RNUM 5684   
 Processing $rem in /home/kchung25/qchem/5.4.0/config/preferences:
 Processing $rem in /home/kchung25/.qchemrc:

 Q-Chem warning in module libgen/rem_setup.C, line 3079:

 Neither GIA nor STOLL is specified by user. Use STOLL as the default


 Checking the input file for inconsistencies... 	...done.

--------------------------------------------------------------
User input:
--------------------------------------------------------------
$molecule
-1 1
--
-1 1
Cl     0.000000     0.000000     0.000000
--
0 1
O      0.523611    -3.326317    -0.270829
H      1.371760    -3.541864    -0.752050
H      0.520142    -2.413760    -0.485172
O     -0.566034    -1.015128    -2.856991
H     -1.423681    -1.463563    -2.743114
H     -0.308453    -0.737514    -1.960884
O      1.763372     1.458735    -2.322450
H      1.440294     0.911291    -1.581146
H      2.304948     0.879717    -2.772692
O     -2.397826    -1.807276     1.763323
H     -1.510550    -2.113811     1.658959
H     -2.434657    -1.289060     0.981632
$end

$rem
JOBTYPE          eda
EDA2             1
METHOD           wB97M-V
BASIS            def2-TZVPPD
SYMMETRY         false
MEM_TOTAL        50000
MEM_STATIC       10000
THRESH           14
SCF_CONVERGENCE  8
XC_GRID          000099000590
NL_GRID          1
EDA_CLS_DISP     true
FD_MAT_VEC_PROD  FALSE
$end
--------------------------------------------------------------
 ----------------------------------------------------------------
             Standard Nuclear Orientation (Angstroms)
    I     Atom           X                Y                Z
 ----------------------------------------------------------------
    1      Cl      0.0855901047     1.0026672144     0.3309829297
    2      O      -1.3243534214    -1.9863278444     1.0308896395
    3      H      -0.6960380754    -2.6049564475     1.4998345869
    4      H      -0.6771502834    -1.3493700753     0.7982351050
    5      O       1.0973159934    -1.2083367215    -1.5666864939
    6      H       0.3339870356    -1.3258975094    -2.1609327899
    7      H       0.7981956914    -0.5661061627    -0.8999840008
    8      O       3.3193263838     0.5858539418     0.3504504925
    9      H       2.3642016872     0.5984572517     0.5533887049
   10      H       3.5678438628    -0.2466748825     0.6268905150
   11      O      -3.3016724703     0.9801234736    -0.4759049784
   12      H      -2.9504013745     0.4764561353     0.2417593446
   13      H      -2.5206022080     1.0022462490    -0.9958905483
 ----------------------------------------------------------------
 Molecular Point Group                 C1    NOp =  1
 Largest Abelian Subgroup              C1    NOp =  1
 Nuclear Repulsion Energy =         223.09786101 hartrees
 There are       29 alpha and       29 beta electrons
 Requested basis set is def2-TZVPPD
 There are 129 shells and 347 basis functions

 Q-Chem warning in module libmdc/get_mega.C, line 171:

 Allowed MEM_STATIC has been capped at MEM_STATIC=8191.
 Reduce the value of MEM_STATIC to silence this warning.


 Total QAlloc Memory Limit  50000 MB
 Mega-Array Size      8007 MB
 MEM_STATIC part      8191 MB

                       Distance Matrix (Angstroms)
             Cl(  1)   O (  2)   H (  3)   H (  4)   O (  5)   H (  6)
   O (  2)  3.378151
   H (  3)  3.871964  0.998695
   H (  4)  2.516382  0.937398  1.438435
   O (  5)  3.084360  3.635540  3.817095  2.959979
   H (  6)  3.419585  3.657047  4.012251  3.127239  0.974485
   H (  7)  2.117578  3.201643  3.485509  2.382036  0.972844  1.543621
   O (  8)  3.260546  5.351904  5.255997  4.462895  3.439748  4.344432
   H (  9)  2.324849  4.529300  4.530197  3.619918  3.060102  3.897750
   H ( 10)  3.711402  5.207994  4.950173  4.389222  3.440942  4.403920
   O ( 11)  3.482115  3.870407  4.852389  3.733375  5.032918  4.623318
   H ( 12)  3.082548  3.054843  4.019952  2.968329  4.742681  4.450687
   H ( 13)  2.924522  3.804001  4.750746  3.485298  4.278062  3.863451
             H (  7)   O (  8)   H (  9)   H ( 10)   O ( 11)   H ( 12)
   O (  8)  3.040838
   H (  9)  2.433285  0.976527
   H ( 10)  3.178731  0.911748  1.472551
   O ( 11)  4.402225  6.684006  5.771243  7.064803
   H ( 12)  4.054935  6.271624  5.325129  6.569533  0.944518
   H ( 13)  3.671968  6.007560  5.140488  6.423581  0.938587  1.411722

 
 A cutoff of  1.0D-14 yielded   7286 shell pairs
 There are     51922 function pairs (     63575 Cartesian)
 Smallest overlap matrix eigenvalue = 2.07E-04

 Scale SEOQF with 1.000000e-01/1.000000e-01/1.000000e-01

 Standard Electronic Orientation quadrupole field applied
 Nucleus-field energy     =     0.0000000097 hartrees

 -----------------------------------------------------------------------
  General SCF calculation program by
  Eric Jon Sundstrom, Paul Horn, Yuezhi Mao, Dmitri Zuev, Alec White,
  David Stuck, Shaama M.S., Shane Yost, Joonho Lee, David Small,
  Daniel Levine, Susi Lehtola, Hugh Burton, Evgeny Epifanovsky,
  Bang C. Huynh
 -----------------------------------------------------------------------
================================================================
                 ALMO-EDA with the EDA2 driver                  
================================================================
 The second-generation ALMO-EDA (for DFT):                      
 P. R. Horn, Y. Mao and M. Head-Gordon, PCCP, 18, 23067 (2016)  
 Y. Mao et al. Annu. Rev. Phys. Chem. 72, 641 (2021)            
 Decomposition of the frozen energy:                            
 P. R. Horn, Y. Mao and M. Head-Gordon, JCP, 144, 114107 (2016) 
 FERF model for polarization:                                   
 P. R. Horn and M. Head-Gordon, JCP, 143, 114111 (2015)         
================================================================
 Using eda2 option set 1
 Option set summary: Frozen orbital wavefunction, initial wavefunction decomposition, and nDQ polarization.
--------------------------------
Printing EDA Options
--------------------------------
eda_child_super_basis      0
fragmo_guess_mode          0
child_mp                   1
child_mp_orders            232
cls_elec                   1
cls_disp                   1
scfmi_mode                 1
scfmi_occs                 0
scfmi_virts                0
frz_relax                  0
frz_relax_method           0
dc_pen_start               0
dc_pen_conv                0
dc_pen_increment           0
dc_pen_steps               0
dc_pen_thresh_factor       0
dc_pen_pre_newton_thresh   0
frz_ortho_decomp           1
frz_ortho_decomp_conv      6
plot_mo_ortho_frz          0
frgm_method                2
scfmi_freeze_ss            0
separate_rehyb             0
plot_diff_den              0
eda_nocv                   0
eda_vct_relax              1
disp_free_x                0
disp_free_c                0
eda_bsse                   0
eda_pct_a                  0
eda_covp                   0
--------------------------------
Attempting to make child job directory: /scratch/qchem1028750//Frg1/
Attempting to make child job directory: /scratch/qchem1028750//Frg2/
Creating input file /scratch/qchem1028750/Frg1.input
using default PutDataFrgm: nothing
calling putenv with: QCSCRATCH=/scratch/qchem1028750/ 
Spawning Job For Fragment 0
Done Job For Fragment 0
calling putenv with: QCSCRATCH=/scratch 
calling putenv with: QCTHREADS=6 
Creating input file /scratch/qchem1028750/Frg2.input
using default PutDataFrgm: nothing
calling putenv with: QCSCRATCH=/scratch/qchem1028750/ 
Spawning Job For Fragment 1
Done Job For Fragment 1
calling putenv with: QCSCRATCH=/scratch 
calling putenv with: QCTHREADS=6 
Doing General SCFMI
 Exchange:     0.1500 Hartree-Fock + 1.0000 wB97M-V + LR-HF
 Correlation:  1.0000 wB97M-V
 Using Euler-Maclaurin-Lebedev (99,590) quadrature formula
 Nonlocal Correlation:  VV10 with C = 0.0100 and b = 6.00 and scale = 1.00000
 Grid used for NLC:  SG-1 standard quadrature
performing fock build before subrot guess so that all methods have access
Printing subrot_rss_gen Method Specification:
Occupied Subspace Method is 0
Virtual Subspace Method is 0
Energy of the unrelaxed supersystem initial determinant -766.031363435176
write pseudocanon occs and virts to disk
write pseudocanon orbital energies to disk
Tolerance of ortho_decomp_scf: 1.00e-06
GDM subspace size: 20
Beginning the Orthogonal Decomposition of the Initial Supersystem Wavefunction
    1    -765.8232189542      2.85e-01     ortho_decomp Preconditoned Steepest Descent
    2    -765.8656496417      3.70e-03     ortho_decomp BFGS Step
    3    -765.8656949746      2.50e-04     ortho_decomp BFGS Step
    4    -765.8656951319      1.07e-05     ortho_decomp BFGS Step
    5    -765.8656951321      2.51e-07     ortho_decomp 00000 Convergence criterion met
 Hartree-Fock
 Hartree-Fock
 Hartree-Fock
 Exchange:     0.1500 Hartree-Fock + 1.0000 wB97M-V + LR-HF
 Correlation:  1.0000 wB97M-V
 Using Euler-Maclaurin-Lebedev (99,590) quadrature formula
 Nonlocal Correlation:  VV10 with C = 0.0100 and b = 6.00 and scale = 1.00000
 Grid used for NLC:  SG-1 standard quadrature
 Long-range K will be added via erf
 Coulomb attenuation parameter = 0.3 bohr**(-1)
 Nonlocal correlation = 2.397734610876e-01
Doing General SCFMI
 Exchange:     0.1500 Hartree-Fock + 1.0000 wB97M-V + LR-HF
 Correlation:  1.0000 wB97M-V
 Using Euler-Maclaurin-Lebedev (99,590) quadrature formula
 Nonlocal Correlation:  VV10 with C = 0.0100 and b = 6.00 and scale = 1.00000
 Grid used for NLC:  SG-1 standard quadrature
performing fock build at end of subrot_r(subrot) constructor so that all methods have access
<S^2> of initial wavefunction before polarization iterations 0.0000000000
Beginning iterations for the determination of the polarized wavefunction
Energy prior to optimization (guess energy) = -766.031363435176
Begin Timing: Total SCF Calculation
begin iterations for algorithm: DIIS         
the SCF tolerance is set to 1.00e-08
    1    -766.0313634352      6.69e-04     00000 
    2    -766.0479425465      2.51e-04     00000 
    3    -766.0494268732      9.55e-05     00000 
    4    -766.0497486059      3.97e-05     00000 
    5    -766.0498185856      2.14e-05     00000 
    6    -766.0498378168      8.75e-06     00000 
    7    -766.0498430381      3.86e-06     00000 
    8    -766.0498440461      1.65e-06     00000 
    9    -766.0498441020      1.16e-06     00000 
   10    -766.0498441185      6.38e-07     00000 
   11    -766.0498441228      3.10e-07     00000 
   12    -766.0498441247      1.36e-07     00000 
   13    -766.0498441254      4.40e-08     00000 
   14    -766.0498441255      2.39e-08     00000 
   15    -766.0498441255      1.41e-08     00000 
   16    -766.0498441255      4.38e-09     00000 Convergence criterion met
write pseudocanon occs and virts to disk
write pseudocanon orbital energies to disk
Timing for Total SCF: 146.00s (wall), 874.46s (cpu)
<S^2> of polarized wavefunction after polarization iterations 0.0000000000
relaxing scfmi constraint to allow all rotations in the entire AO span
Doing General SCFMI
 Exchange:     0.1500 Hartree-Fock + 1.0000 wB97M-V + LR-HF
 Correlation:  1.0000 wB97M-V
 Using Euler-Maclaurin-Lebedev (99,590) quadrature formula
 Nonlocal Correlation:  VV10 with C = 0.0100 and b = 6.00 and scale = 1.00000
 Grid used for NLC:  SG-1 standard quadrature
performing fock build at end of subrot_r(subrot) constructor so that all methods have access
<S^2> of polarized wavefunction before ct-allowed iterations 0.0000000000
Beginning iterations for the determination of the CT-Allowed wavefunction
Energy prior to optimization (guess energy) = -766.049844125511
Begin Timing: Total SCF Calculation
begin iterations for algorithm: DIIS         
the SCF tolerance is set to 1.00e-08
    1    -766.0498441255      4.32e-04     00000 
    2    -766.0631114488      7.04e-05     00000 
    3    -766.0636711742      3.42e-05     00000 
    4    -766.0637253361      1.15e-05     00000 
    5    -766.0637333383      4.61e-06     00000 
    6    -766.0637343695      6.68e-07     00000 
    7    -766.0637344620      1.89e-07     00000 
    8    -766.0637344673      9.71e-08     00000 
    9    -766.0637344680      3.20e-08     00000 
   10    -766.0637344681      8.22e-09     00000 Convergence criterion met
write pseudocanon occs and virts to disk
write pseudocanon orbital energies to disk
Timing for Total SCF: 87.00s (wall), 524.78s (cpu)
<S^2> of ct_allowed wavefunction after ct-allowed iterations 0.0000000000

================================
        Results of EDA2         
================================
Basic EDA Quantities
--------------------
Fragment Energies (Ha):
1 -460.2597934915
2 -305.7325200788
--------------------
  E_prp (kJ/mol) = 0.0000
  E_frz (kJ/mol) = -102.5266
  E_pol (kJ/mol) = -48.5216
  E_vct (kJ/mol) = -36.4695
  E_int (kJ/mol) = -187.5178
--------------------


Decomposition of frozen interaction energy
--------------------
  --------------------
  Orthogonal Frozen Decomposition:
  --------------------
     E_elec   (ELEC)   (kJ/mol) = -327.8076
     E_pauli  (PAULI)  (kJ/mol) = 261.9489
     E_disp   (DISP)   (kJ/mol) = -36.6679
  --------------------
  Classical Frozen Decomposition:
  --------------------
     E_cls_elec  (CLS ELEC)  (kJ/mol) = -213.9456
     E_mod_pauli (MOD PAULI) (kJ/mol) = 146.2788 (FRZ - CLS ELEC - CLS DISP)
     E_cls_disp  (CLS DISP)  (kJ/mol) = -34.8599
  --------------------
--------------------

Simplified EDA Summary (kJ/mol)
--------------------
 PREPARATION      0.0000
 FROZEN           -102.5266 (ELEC + PAULI + DISP)
[ELEC + PAULI = -67.6668, DISP = -34.8599]
 POLARIZATION    -48.5216
 CHARGE TRANSFER -36.4695
 TOTAL           -187.5178     (PRP + FRZ + POL + CT)
--------------------
 
 --------------------------------------------------------------
 
                    Orbital Energies (a.u.)
 --------------------------------------------------------------
 
 Alpha MOs
 -- Occupied --
******** -19.2048 -19.1914 -19.1784 -19.1754  -9.3970  -7.0965  -7.0963
 -7.0959  -1.0113  -1.0100  -0.9978  -0.9765  -0.6842  -0.4910  -0.4897
 -0.4869  -0.4777  -0.3879  -0.3784  -0.3590  -0.3488  -0.2964  -0.2888
 -0.2781  -0.2686  -0.2036  -0.2025  -0.1981
 -- Virtual --
  0.1385   0.1525   0.1567   0.1673   0.1856   0.1896   0.1941   0.1988
  0.2114   0.2218   0.2250   0.2320   0.2346   0.2479   0.2571   0.2651
  0.2850   0.2933   0.2988   0.3157   0.3256   0.3386   0.3506   0.3577
  0.3679   0.3749   0.3807   0.3904   0.3976   0.4005   0.4117   0.4139
  0.4240   0.4281   0.4353   0.4466   0.4545   0.4620   0.4672   0.4778
  0.4842   0.4895   0.4937   0.5035   0.5115   0.5290   0.5395   0.5441
  0.5552   0.5633   0.5687   0.5874   0.5951   0.5988   0.6117   0.6189
  0.6301   0.6357   0.6431   0.6514   0.6635   0.6704   0.6859   0.6925
  0.7088   0.7205   0.7276   0.7307   0.7522   0.7632   0.7747   0.7790
  0.7846   0.7961   0.8034   0.8215   0.8478   0.8542   0.8866   0.8975
  0.9053   0.9153   0.9210   0.9222   0.9401   0.9442   0.9583   0.9696
  0.9819   0.9915   1.0139   1.0219   1.0308   1.0521   1.0547   1.0595
  1.0683   1.0908   1.0997   1.1084   1.1164   1.1362   1.1455   1.1715
  1.1802   1.2144   1.2340   1.2444   1.2543   1.2607   1.2815   1.2934
  1.3034   1.3173   1.3219   1.3404   1.3595   1.3684   1.3897   1.4034
  1.4230   1.4309   1.4484   1.4618   1.4929   1.4976   1.5488   1.5704
  1.5908   1.6081   1.6169   1.6474   1.6838   1.8044   2.0634   2.0933
  2.0972   2.1088   2.1443   2.1509   2.1640   2.1786   2.2006   2.2201
  2.2475   2.2719   2.2909   2.3061   2.3112   2.3193   2.3366   2.3529
  2.3603   2.3776   2.4038   2.4077   2.4225   2.4270   2.4407   2.4527
  2.4738   2.4849   2.5185   2.5417   2.6434   2.7001   2.7107   2.7381
  2.8044   2.8417   2.8814   2.9047   2.9348   2.9658   2.9859   2.9978
  3.0313   3.1075   3.1368   3.1700   3.1783   3.2395   3.3107   3.3358
  3.3687   3.3781   3.3989   3.4206   3.4351   3.4487   3.4614   3.4703
  3.5153   3.5732   3.6104   3.6219   3.6236   3.6320   3.6482   3.6561
  3.6785   3.6878   3.7007   3.7137   3.7269   3.7480   3.7937   3.8360
  3.8873   3.9094   3.9374   3.9861   4.0057   4.0500   4.0570   4.0828
  4.0993   4.1088   4.1269   4.1551   4.1892   4.2049   4.2138   4.2267
  4.2333   4.2641   4.2690   4.2755   4.3000   4.3447   4.3502   4.3551
  4.3821   4.3871   4.3902   4.4249   4.4453   4.4869   4.5149   4.5405
  4.5466   4.8537   4.9035   4.9179   4.9223   4.9451   5.0425   5.0687
  5.0827   5.1066   5.1527   5.1731   5.2060   5.3847   5.4501   5.4675
  5.4760   5.8462   5.8495   5.9045   5.9116   6.3899   6.5080   6.5413
  6.5722   6.6667   6.6685   6.6809   6.6867   6.7189   6.7345   6.7465
  6.7596   6.7817   6.7831   6.8233   6.8326   6.8379   6.8417   6.8576
  6.8892   6.9321   6.9410   6.9479   6.9861   7.0424   7.0534   7.0896
  7.1187   7.1735   7.2084   7.2496   7.2796   7.6876   7.7058   7.7623
  7.7631   7.7853   7.8450   7.9152   7.9313   7.9449   7.9708   8.0178
  8.0563   8.5358   8.5464   8.5507   8.6180   8.6811  11.3428  11.4645
 11.4720  26.0834  44.5561  44.6245  44.6434  44.6766
 --------------------------------------------------------------
 
          Ground-State Mulliken Net Atomic Charges

     Atom                 Charge (a.u.)
  ----------------------------------------
      1 Cl                   -0.767049
      2 O                    -0.396941
      3 H                     0.133219
      4 H                     0.214355
      5 O                    -0.471328
      6 H                     0.143890
      7 H                     0.205965
      8 O                    -0.376431
      9 H                     0.253187
     10 H                     0.073922
     11 O                    -0.370293
     12 H                     0.191528
     13 H                     0.165975
  ----------------------------------------
  Sum of atomic charges =    -1.000000

 -----------------------------------------------------------------
                    Cartesian Multipole Moments
 -----------------------------------------------------------------
    Charge (ESU x 10^10)
                -4.8032
    Dipole Moment (Debye)
         X       0.1630      Y      -3.9043      Z       0.5597
       Tot       3.9476
    Quadrupole Moments (Debye-Ang)
        XX     -75.4652     XY      -3.3336     YY     -53.0311
        XZ       4.4619     YZ      -4.4640     ZZ     -44.1391
    Octopole Moments (Debye-Ang^2)
       XXX      25.0664    XXY     -33.4139    XYY       7.4622
       YYY     -15.4113    XXZ      16.5601    XYZ     -13.1318
       YYZ       5.0967    XZZ      -7.8917    YZZ      -7.0518
       ZZZ      -7.4451
    Hexadecapole Moments (Debye-Ang^3)
      XXXX   -1466.7835   XXXY     -28.6294   XXYY    -314.9338
      XYYY      -1.6852   YYYY    -428.5019   XXXZ     -32.6591
      XXYZ      -7.7974   XYYZ      11.2807   YYYZ     -32.7915
      XXZZ    -239.1955   XYZZ      -2.0242   YYZZ     -97.0836
      XZZZ      18.6069   YZZZ      -5.9008   ZZZZ    -226.9239
 -----------------------------------------------------------------
 Total job time:  870.45s(wall), 2368.35s(cpu) 
 Wed Jan 17 06:33:52 2024

        *************************************************************
        *                                                           *
        *  Thank you very much for using Q-Chem.  Have a nice day.  *
        *                                                           *
        *************************************************************


