
Running Job 1 of 1 122_Cl-Water_Cls_015_almo.in
qchem 122_Cl-Water_Cls_015_almo.in_1024273.0 /scratch/qchem1024273/ 6
/home/kchung25/qchem/5.4.0/exe/qcprog.exe_s 122_Cl-Water_Cls_015_almo.in_1024273.0 /scratch/qchem1024273/
                  Welcome to Q-Chem
     A Quantum Leap Into The Future Of Chemistry


 Q-Chem 5.4, Q-Chem, Inc., Pleasanton, CA (2021)

 E. Epifanovsky,  A. T. B. Gilbert,  Xintian Feng,  Joonho Lee,  Yuezhi Mao,  
 N. Mardirossian,  P. Pokhilko,  A. White,  M. Wormit,  M. P. Coons,  
 A. L. Dempwolff,  Zhengting Gan,  D. Hait,  P. R. Horn,  L. D. Jacobson,  
 I. Kaliman,  J. Kussmann,  A. W. Lange,  Ka Un Lao,  D. S. Levine,  Jie Liu,  
 S. C. McKenzie,  A. F. Morrison,  K. Nanda,  F. Plasser,  D. R. Rehn,  
 M. L. Vidal,  Zhi-Qiang You,  Ying Zhu,  B. Alam,  B. Albrecht,  
 A. Aldossary,  E. Alguire,  J. H. Andersen,  D. Barton,  K. Begam,  A. Behn,  
 Y. A. Bernard,  E. J. Berquist,  H. Burton,  A. Carreras,  K. Carter-Fenk,  
 Romit Chakraborty,  A. D. Chien,  K. D. Closser,  V. Cofer-Shabica,  
 S. Dasgupta,  Jia Deng,  M. de Wergifosse,  M. Diedenhofen,  Hainam Do,  
 S. Ehlert,  Po-Tung Fang,  S. Fatehi,  Qingguo Feng,  T. Friedhoff,  
 J. Gayvert,  Qinghui Ge,  G. Gidofalvi,  M. Goldey,  J. Gomes,  
 C. Gonzalez-Espinoza,  S. Gulania,  A. Gunina,  M. W. D. Hanson-Heine,  
 P. H. P. Harbach,  A. W. Hauser,  M. F. Herbst,  M. Hernandez Vera,  
 M. Hodecker,  Z. C. Holden,  S. Houck,  Xunkun Huang,  Kerwin Hui,  
 B. C. Huynh,  M. Ivanov,  Hyunjun Ji,  Hanjie Jiang,  B. Kaduk,  S. Kaehler,  
 K. Khistyaev,  Jaehoon Kim,  P. Klunzinger,  Z. Koczor-Benda,  
 Joong Hoon Koh,  D. Kosenkov,  L. Koulias,  T. Kowalczyk,  C. M. Krauter,  
 K. Kue,  A. Kunitsa,  T. Kus,  A. Landau,  K. V. Lawler,  D. Lefrancois,  
 S. Lehtola,  Rain Li,  Yi-Pei Li,  Jiashu Liang,  M. Liebenthal,  
 Hung-Hsuan Lin,  You-Sheng Lin,  Fenglai Liu,  Kuan-Yu Liu,  
 M. Loipersberger,  A. Luenser,  A. Manjanath,  P. Manohar,  E. Mansoor,  
 S. F. Manzer,  Shan-Ping Mao,  A. V. Marenich,  T. Markovich,  S. Mason,  
 S. A. Maurer,  P. F. McLaughlin,  M. F. S. J. Menger,  J.-M. Mewes,  
 S. A. Mewes,  P. Morgante,  J. W. Mullinax,  K. J. Oosterbaan,  G. Paran,  
 Alexander C. Paul,  Suranjan K. Paul,  F. Pavosevic,  Zheng Pei,  S. Prager,  
 E. I. Proynov,  E. Ramos,  B. Rana,  A. E. Rask,  A. Rettig,  R. M. Richard,  
 F. Rob,  E. Rossomme,  T. Scheele,  M. Scheurer,  M. Schneider,  
 N. Sergueev,  S. M. Sharada,  W. Skomorowski,  D. W. Small,  C. J. Stein,  
 Yu-Chuan Su,  E. J. Sundstrom,  Zhen Tao,  J. Thirman,  T. Tsuchimochi,  
 N. M. Tubman,  S. P. Veccham,  O. Vydrov,  J. Wenzel,  J. Witte,  A. Yamada,  
 Kun Yao,  S. Yeganeh,  S. R. Yost,  A. Zech,  Igor Ying Zhang,  Xing Zhang,  
 Yu Zhang,  D. Zuev,  A. Aspuru-Guzik,  A. T. Bell,  N. A. Besley,  
 K. B. Bravaya,  B. R. Brooks,  D. Casanova,  Jeng-Da Chai,  S. Coriani,  
 C. J. Cramer,  A. E. DePrince, III,  R. A. DiStasio Jr.,  A. Dreuw,  
 B. D. Dunietz,  T. R. Furlani,  W. A. Goddard III,  S. Grimme,  
 S. Hammes-Schiffer,  T. Head-Gordon,  W. J. Hehre,  Chao-Ping Hsu,  
 T.-C. Jagau,  Yousung Jung,  A. Klamt,  Jing Kong,  D. S. Lambrecht,  
 WanZhen Liang,  N. J. Mayhall,  C. W. McCurdy,  J. B. Neaton,  T. Neudecker,  
 C. Ochsenfeld,  J. A. Parkhill,  R. Peverati,  V. A. Rassolov,  Yihan Shao,  
 L. V. Slipchenko,  R. P. Steele,  J. E. Subotnik,  A. J. W. Thom,  
 A. Tkatchenko,  D. G. Truhlar,  T. Van Voorhis,  T. A. Wesolowski,  
 K. B. Whaley,  H. L. Woodcock III,  P. M. Zimmerman,  S. Faraji,  
 P. M. W. Gill,  M. Head-Gordon,  J. M. Herbert,  A. I. Krylov

 Additional authors since Version 5.4.0: 
 Chandrima Chakravarty,  L. Cunha,  R. Kang,  Yongbin Kim,  S. Kotaru,  
 Shaozhi Li,  Xiangyuan Li,  F. Matz,  A. Molle,  V. Parravicini,  
 Haisheng Ren,  Hengyuan Shen,  Yingli Su,  Hung-Yi Tsai,  C. Utku,  
 Fang Wang,  Jeff Yang,  F. Zeller

 Contributors to earlier versions of Q-Chem not listed above: 
 R. D. Adamson,  B. Austin,  R. Baer,  J. Baker,  G. J. O. Beran,  
 K. Brandhorst,  S. T. Brown,  E. F. C. Byrd,  Arup K. Chakraborty,  
 G. K. L. Chan,  Chun-Min Chang,  Yunqing Chen,  C.-L. Cheng,  
 Siu Hung Chien,  D. M. Chipman,  D. L. Crittenden,  H. Dachsel,  
 R. J. Doerksen,  A. D. Dutoi,  R. G. Edgar,  J. Fosso-Tande,  
 L. Fusti-Molnar,  D. Ghosh,  A. Ghysels,  A. Golubeva-Zadorozhnaya,  
 J. Gonthier,  M. S. Gordon,  S. R. Gwaltney,  G. Hawkins,  J. E. Herr,  
 A. Heyden,  S. Hirata,  E. G. Hohenstein,  G. Kedziora,  F. J. Keil,  
 C. Kelley,  Jihan Kim,  R. A. King,  R. Z. Khaliullin,  P. P. Korambath,  
 W. Kurlancheek,  A. Laurent,  A. M. Lee,  M. S. Lee,  S. V. Levchenko,  
 Ching Yeh Lin,  D. Liotard,  E. Livshits,  R. C. Lochan,  I. Lotan,  
 L. A. Martinez-Martinez,  P. E. Maslen,  N. Nair,  D. P. O'Neill,  
 D. Neuhauser,  E. Neuscamman,  C. M. Oana,  R. Olivares-Amaya,  R. Olson,  
 T. M. Perrine,  B. Peters,  P. A. Pieniazek,  A. Prociuk,  Y. M. Rhee,  
 J. Ritchie,  M. A. Rohrdanz,  E. Rosta,  N. J. Russ,  H. F. Schaefer III,  
 M. W. Schmidt,  N. E. Schultz,  S. Sharma,  N. Shenvi,  C. D. Sherrill,  
 A. C. Simmonett,  A. Sodt,  T. Stein,  D. Stuck,  K. S. Thanthiriwatte,  
 V. Vanovschi,  L. Vogt,  Tao Wang,  A. Warshel,  M. A. Watson,  
 C. F. Williams,  Q. Wu,  X. Xu,  Jun Yang,  W. Zhang,  Yan Zhao

   Please cite Q-Chem as follows:
  "Software for the frontiers of quantum chemistry:
   An overview of developments in the Q-Chem 5 package"
   J. Chem. Phys. 155, 084801 (2021)
   https://doi.org/10.1063/5.0055522 (open access)

 Q-Chem 5.4.2 for Intel X86 EM64T Linux

 Parts of Q-Chem use Armadillo 9.900.5 (Nocturnal Misbehaviour).
 http://arma.sourceforge.net/

 Q-Chem begins on Wed Jan 17 01:25:49 2024  

 Host: 
0

     Scratch files written to /scratch/qchem1024273//
 Dec1321 |scratch|qcdevops|jenkins|workspace|build_RNUM 5684   
 Processing $rem in /home/kchung25/qchem/5.4.0/config/preferences:
 Processing $rem in /home/kchung25/.qchemrc:

 Q-Chem warning in module libgen/rem_setup.C, line 3079:

 Neither GIA nor STOLL is specified by user. Use STOLL as the default


 Checking the input file for inconsistencies... 	...done.

--------------------------------------------------------------
User input:
--------------------------------------------------------------
$molecule
-1 1
--
-1 1
Cl     0.000000     0.000000     0.000000
--
0 1
O      2.141828    -1.926721     1.172770
H      2.506845    -2.704525     0.813382
H      1.387579    -1.666552     0.663666
O     -1.667403    -0.134156    -2.964265
H     -1.403386     0.216697    -2.118502
H     -1.930230     0.658899    -3.498868
O      1.685848     1.175691    -2.172477
H      2.426841     0.570382    -2.393280
H      1.275175     0.748865    -1.444869
O     -2.150305    -0.295435     2.705843
H     -1.521020    -0.158825     2.012721
H     -1.597698    -0.371338     3.511263
O     -2.367779    -2.039496    -0.941391
H     -1.594146    -1.458780    -0.729704
H     -2.441774    -2.608355    -0.193390
$end

$rem
JOBTYPE          eda
EDA2             1
METHOD           wB97M-V
BASIS            def2-TZVPPD
SYMMETRY         false
MEM_TOTAL        50000
MEM_STATIC       10000
THRESH           14
SCF_CONVERGENCE  8
XC_GRID          000099000590
NL_GRID          1
EDA_CLS_DISP     true
FD_MAT_VEC_PROD  FALSE
$end
--------------------------------------------------------------
 ----------------------------------------------------------------
             Standard Nuclear Orientation (Angstroms)
    I     Atom           X                Y                Z
 ----------------------------------------------------------------
    1      Cl      0.0583917272    -0.4234389837    -0.5064637087
    2      O       1.1358244127    -2.7230195789     1.2896817088
    3      H       0.9383619659    -2.9320126469     2.1755184245
    4      H       0.7914120575    -1.8661832524     1.0823703858
    5      O      -2.1823839024     2.0369978453     0.2078700892
    6      H      -1.5790853255     1.5230668053    -0.3213024433
    7      H      -2.8373314221     2.4071417788    -0.4385445204
    8      O      -2.7291336702    -1.4579458191    -0.8281574893
    9      H      -2.9497181373    -2.0744333166    -0.0963725245
   10      H      -1.8265534212    -1.2571101387    -0.6692233125
   11      O       3.1992678337     0.8599180402    -1.2279703310
   12      H       2.3559799492     0.4533863816    -1.0913044444
   13      H       3.8148530787     0.1013710359    -1.3021214386
   14      O       0.4218377550     2.2063515572     1.3920217501
   15      H       0.2402728914     1.3788672463     0.8793284766
   16      H       1.2958495698     2.0859524710     1.7239686216
 ----------------------------------------------------------------
 Molecular Point Group                 C1    NOp =  1
 Largest Abelian Subgroup              C1    NOp =  1
 Nuclear Repulsion Energy =         305.12757788 hartrees
 There are       34 alpha and       34 beta electrons
 Requested basis set is def2-TZVPPD
 There are 157 shells and 421 basis functions

 Q-Chem warning in module libmdc/get_mega.C, line 171:

 Allowed MEM_STATIC has been capped at MEM_STATIC=8191.
 Reduce the value of MEM_STATIC to silence this warning.


 Total QAlloc Memory Limit  50000 MB
 Mega-Array Size      8007 MB
 MEM_STATIC part      8191 MB
 A cutoff of  1.0D-14 yielded  10304 shell pairs
 There are     71858 function pairs (     87424 Cartesian)
 Smallest overlap matrix eigenvalue = 1.45E-04

 Scale SEOQF with 1.000000e-01/1.000000e-01/1.000000e-01

 Standard Electronic Orientation quadrupole field applied
 Nucleus-field energy     =     0.0000000151 hartrees

 -----------------------------------------------------------------------
  General SCF calculation program by
  Eric Jon Sundstrom, Paul Horn, Yuezhi Mao, Dmitri Zuev, Alec White,
  David Stuck, Shaama M.S., Shane Yost, Joonho Lee, David Small,
  Daniel Levine, Susi Lehtola, Hugh Burton, Evgeny Epifanovsky,
  Bang C. Huynh
 -----------------------------------------------------------------------
================================================================
                 ALMO-EDA with the EDA2 driver                  
================================================================
 The second-generation ALMO-EDA (for DFT):                      
 P. R. Horn, Y. Mao and M. Head-Gordon, PCCP, 18, 23067 (2016)  
 Y. Mao et al. Annu. Rev. Phys. Chem. 72, 641 (2021)            
 Decomposition of the frozen energy:                            
 P. R. Horn, Y. Mao and M. Head-Gordon, JCP, 144, 114107 (2016) 
 FERF model for polarization:                                   
 P. R. Horn and M. Head-Gordon, JCP, 143, 114111 (2015)         
================================================================
 Using eda2 option set 1
 Option set summary: Frozen orbital wavefunction, initial wavefunction decomposition, and nDQ polarization.
--------------------------------
Printing EDA Options
--------------------------------
eda_child_super_basis      0
fragmo_guess_mode          0
child_mp                   1
child_mp_orders            232
cls_elec                   1
cls_disp                   1
scfmi_mode                 1
scfmi_occs                 0
scfmi_virts                0
frz_relax                  0
frz_relax_method           0
dc_pen_start               0
dc_pen_conv                0
dc_pen_increment           0
dc_pen_steps               0
dc_pen_thresh_factor       0
dc_pen_pre_newton_thresh   0
frz_ortho_decomp           1
frz_ortho_decomp_conv      6
plot_mo_ortho_frz          0
frgm_method                2
scfmi_freeze_ss            0
separate_rehyb             0
plot_diff_den              0
eda_nocv                   0
eda_vct_relax              1
disp_free_x                0
disp_free_c                0
eda_bsse                   0
eda_pct_a                  0
eda_covp                   0
--------------------------------
Attempting to make child job directory: /scratch/qchem1024273//Frg1/
Attempting to make child job directory: /scratch/qchem1024273//Frg2/
Creating input file /scratch/qchem1024273/Frg1.input
using default PutDataFrgm: nothing
calling putenv with: QCSCRATCH=/scratch/qchem1024273/ 
Spawning Job For Fragment 0
Done Job For Fragment 0
calling putenv with: QCSCRATCH=/scratch 
calling putenv with: QCTHREADS=6 
Creating input file /scratch/qchem1024273/Frg2.input
using default PutDataFrgm: nothing
calling putenv with: QCSCRATCH=/scratch/qchem1024273/ 
Spawning Job For Fragment 1
Done Job For Fragment 1
calling putenv with: QCSCRATCH=/scratch 
calling putenv with: QCTHREADS=6 
Doing General SCFMI
 Exchange:     0.1500 Hartree-Fock + 1.0000 wB97M-V + LR-HF
 Correlation:  1.0000 wB97M-V
 Using Euler-Maclaurin-Lebedev (99,590) quadrature formula
 Nonlocal Correlation:  VV10 with C = 0.0100 and b = 6.00 and scale = 1.00000
 Grid used for NLC:  SG-1 standard quadrature
performing fock build before subrot guess so that all methods have access
Printing subrot_rss_gen Method Specification:
Occupied Subspace Method is 0
Virtual Subspace Method is 0
Energy of the unrelaxed supersystem initial determinant -842.470418376337
write pseudocanon occs and virts to disk
write pseudocanon orbital energies to disk
Tolerance of ortho_decomp_scf: 1.00e-06
GDM subspace size: 20
Beginning the Orthogonal Decomposition of the Initial Supersystem Wavefunction
    1    -842.1914706681      3.05e-01     ortho_decomp Preconditoned Steepest Descent
    2    -842.2519179493      4.01e-03     ortho_decomp BFGS Step
    3    -842.2519834888      2.75e-04     ortho_decomp BFGS Step
    4    -842.2519837355      1.27e-05     ortho_decomp BFGS Step
    5    -842.2519837357      3.14e-07     ortho_decomp 00000 Convergence criterion met
 Hartree-Fock
 Hartree-Fock
 Hartree-Fock
 Exchange:     0.1500 Hartree-Fock + 1.0000 wB97M-V + LR-HF
 Correlation:  1.0000 wB97M-V
 Using Euler-Maclaurin-Lebedev (99,590) quadrature formula
 Nonlocal Correlation:  VV10 with C = 0.0100 and b = 6.00 and scale = 1.00000
 Grid used for NLC:  SG-1 standard quadrature
 Long-range K will be added via erf
 Coulomb attenuation parameter = 0.3 bohr**(-1)
 Nonlocal correlation = 2.803060489159e-01
Doing General SCFMI
 Exchange:     0.1500 Hartree-Fock + 1.0000 wB97M-V + LR-HF
 Correlation:  1.0000 wB97M-V
 Using Euler-Maclaurin-Lebedev (99,590) quadrature formula
 Nonlocal Correlation:  VV10 with C = 0.0100 and b = 6.00 and scale = 1.00000
 Grid used for NLC:  SG-1 standard quadrature
performing fock build at end of subrot_r(subrot) constructor so that all methods have access
<S^2> of initial wavefunction before polarization iterations 0.0000000000
Beginning iterations for the determination of the polarized wavefunction
Energy prior to optimization (guess energy) = -842.470418376337
Begin Timing: Total SCF Calculation
begin iterations for algorithm: DIIS         
the SCF tolerance is set to 1.00e-08
    1    -842.4704183763      5.94e-04     00000 
    2    -842.4889830670      2.32e-04     00000 
    3    -842.4908413118      9.26e-05     00000 
    4    -842.4912593490      4.31e-05     00000 
    5    -842.4913726775      1.84e-05     00000 
    6    -842.4913974134      7.48e-06     00000 
    7    -842.4914034916      3.14e-06     00000 
    8    -842.4914046013      1.30e-06     00000 
    9    -842.4914046785      9.10e-07     00000 
   10    -842.4914047014      4.32e-07     00000 
   11    -842.4914047052      2.05e-07     00000 
   12    -842.4914047063      1.05e-07     00000 
   13    -842.4914047068      4.47e-08     00000 
   14    -842.4914047068      2.23e-08     00000 
   15    -842.4914047069      1.19e-08     00000 
   16    -842.4914047069      4.19e-09     00000 Convergence criterion met
write pseudocanon occs and virts to disk
write pseudocanon orbital energies to disk
Timing for Total SCF: 239.00s (wall), 1433.87s (cpu)
<S^2> of polarized wavefunction after polarization iterations 0.0000000000
relaxing scfmi constraint to allow all rotations in the entire AO span
Doing General SCFMI
 Exchange:     0.1500 Hartree-Fock + 1.0000 wB97M-V + LR-HF
 Correlation:  1.0000 wB97M-V
 Using Euler-Maclaurin-Lebedev (99,590) quadrature formula
 Nonlocal Correlation:  VV10 with C = 0.0100 and b = 6.00 and scale = 1.00000
 Grid used for NLC:  SG-1 standard quadrature
performing fock build at end of subrot_r(subrot) constructor so that all methods have access
<S^2> of polarized wavefunction before ct-allowed iterations 0.0000000000
Beginning iterations for the determination of the CT-Allowed wavefunction
Energy prior to optimization (guess energy) = -842.491404706873
Begin Timing: Total SCF Calculation
begin iterations for algorithm: DIIS         
the SCF tolerance is set to 1.00e-08
    1    -842.4914047069      4.04e-04     00000 
    2    -842.5087699264      6.69e-05     00000 
    3    -842.5094721147      3.29e-05     00000 
    4    -842.5095430594      9.98e-06     00000 
    5    -842.5095516263      4.37e-06     00000 
    6    -842.5095529144      5.26e-07     00000 
    7    -842.5095530016      1.39e-07     00000 
    8    -842.5095530057      7.08e-08     00000 
    9    -842.5095530061      2.09e-08     00000 
   10    -842.5095530061      4.22e-09     00000 Convergence criterion met
write pseudocanon occs and virts to disk
write pseudocanon orbital energies to disk
Timing for Total SCF: 143.00s (wall), 859.29s (cpu)
<S^2> of ct_allowed wavefunction after ct-allowed iterations 0.0000000000

================================
        Results of EDA2         
================================
Basic EDA Quantities
--------------------
Fragment Energies (Ha):
1 -460.2597934915
2 -382.1691393351
--------------------
  E_prp (kJ/mol) = 0.0000
  E_frz (kJ/mol) = -108.9216
  E_pol (kJ/mol) = -55.1003
  E_vct (kJ/mol) = -47.6489
  E_int (kJ/mol) = -211.6708
--------------------


Decomposition of frozen interaction energy
--------------------
  --------------------
  Orthogonal Frozen Decomposition:
  --------------------
     E_elec   (ELEC)   (kJ/mol) = -428.2397
     E_pauli  (PAULI)  (kJ/mol) = 367.5896
     E_disp   (DISP)   (kJ/mol) = -48.2715
  --------------------
  Classical Frozen Decomposition:
  --------------------
     E_cls_elec  (CLS ELEC)  (kJ/mol) = -268.3690
     E_mod_pauli (MOD PAULI) (kJ/mol) = 206.4931 (FRZ - CLS ELEC - CLS DISP)
     E_cls_disp  (CLS DISP)  (kJ/mol) = -47.0457
  --------------------
--------------------

Simplified EDA Summary (kJ/mol)
--------------------
 PREPARATION      0.0000
 FROZEN           -108.9216 (ELEC + PAULI + DISP)
[ELEC + PAULI = -61.8759, DISP = -47.0457]
 POLARIZATION    -55.1003
 CHARGE TRANSFER -47.6489
 TOTAL           -211.6708     (PRP + FRZ + POL + CT)
--------------------
 
 --------------------------------------------------------------
 
                    Orbital Energies (a.u.)
 --------------------------------------------------------------
 
 Alpha MOs
 -- Occupied --
******** -19.2015 -19.1907 -19.1862 -19.1750 -19.1731  -9.4113  -7.1107
 -7.1105  -7.1104  -1.0091  -1.0062  -0.9868  -0.9843  -0.9776  -0.7026
 -0.5192  -0.5033  -0.4941  -0.4817  -0.4696  -0.3724  -0.3606  -0.3566
 -0.3530  -0.3418  -0.2946  -0.2915  -0.2795  -0.2693  -0.2658  -0.2186
 -0.2173  -0.2155
 -- Virtual --
  0.1371   0.1405   0.1490   0.1580   0.1652   0.1812   0.1881   0.1932
  0.1992   0.2155   0.2182   0.2233   0.2307   0.2354   0.2441   0.2450
  0.2552   0.2696   0.2776   0.2863   0.2923   0.3032   0.3147   0.3222
  0.3331   0.3418   0.3435   0.3495   0.3541   0.3648   0.3668   0.3750
  0.3873   0.3898   0.3948   0.4002   0.4026   0.4089   0.4143   0.4238
  0.4309   0.4340   0.4402   0.4496   0.4528   0.4594   0.4720   0.4757
  0.4758   0.4855   0.4941   0.5022   0.5121   0.5159   0.5297   0.5375
  0.5435   0.5543   0.5629   0.5717   0.5763   0.5865   0.6002   0.6037
  0.6106   0.6123   0.6257   0.6302   0.6356   0.6415   0.6495   0.6539
  0.6607   0.6711   0.6797   0.6878   0.6912   0.7032   0.7106   0.7165
  0.7228   0.7296   0.7406   0.7458   0.7700   0.7782   0.7807   0.7943
  0.8031   0.8069   0.8178   0.8335   0.8348   0.8540   0.8704   0.8815
  0.8943   0.9164   0.9206   0.9254   0.9359   0.9498   0.9542   0.9618
  0.9713   0.9794   1.0044   1.0127   1.0296   1.0327   1.0414   1.0489
  1.0529   1.0692   1.0740   1.0804   1.0888   1.1004   1.1137   1.1158
  1.1268   1.1624   1.1679   1.1745   1.1882   1.2164   1.2246   1.2293
  1.2454   1.2515   1.2784   1.2808   1.2927   1.3023   1.3109   1.3163
  1.3217   1.3372   1.3423   1.3563   1.3624   1.3736   1.3784   1.3937
  1.4027   1.4140   1.4216   1.4427   1.4574   1.4643   1.4919   1.5031
  1.5189   1.5465   1.5649   1.5704   1.5876   1.6051   1.6375   1.6667
  1.6934   1.7766   1.8415   2.0709   2.0826   2.0955   2.1104   2.1238
  2.1444   2.1492   2.1627   2.1751   2.1759   2.1969   2.1990   2.2180
  2.2355   2.2752   2.3138   2.3194   2.3327   2.3370   2.3439   2.3607
  2.3688   2.3731   2.3908   2.4100   2.4217   2.4420   2.4597   2.4683
  2.4711   2.5031   2.5102   2.5557   2.5726   2.6424   2.6508   2.6958
  2.7260   2.7761   2.8207   2.8723   2.9051   2.9298   2.9365   2.9512
  2.9883   3.0149   3.0178   3.0467   3.0807   3.1072   3.1427   3.1565
  3.1756   3.2115   3.3267   3.3362   3.3701   3.3734   3.3879   3.3915
  3.3988   3.4189   3.4371   3.4585   3.4729   3.4830   3.4957   3.5112
  3.5350   3.5559   3.5655   3.5698   3.5985   3.6011   3.6098   3.6128
  3.6214   3.6387   3.6470   3.6637   3.6750   3.6829   3.7105   3.7238
  3.7900   3.8209   3.8561   3.8695   3.8884   3.9182   3.9391   3.9805
  3.9994   4.0519   4.0586   4.0745   4.0915   4.1018   4.1095   4.1300
  4.1398   4.1511   4.1730   4.1867   4.1943   4.2040   4.2123   4.2348
  4.2605   4.2676   4.2691   4.2764   4.3060   4.3245   4.3512   4.3600
  4.3719   4.3913   4.3949   4.3963   4.4164   4.4262   4.4375   4.4616
  4.4703   4.4813   4.4984   4.5187   4.5648   4.8693   4.8764   4.8972
  4.9052   4.9475   4.9519   4.9586   4.9789   4.9939   4.9990   5.1330
  5.1537   5.1689   5.2105   5.2357   5.3805   5.4010   5.4041   5.4394
  5.4426   5.8475   5.8487   5.8681   5.8691   5.8810   6.3813   6.3914
  6.4188   6.4336   6.4823   6.6397   6.6420   6.6477   6.6588   6.7434
  6.7526   6.7624   6.7851   6.7932   6.7981   6.8062   6.8089   6.8253
  6.8313   6.8352   6.8493   6.8529   6.8537   6.8599   6.8695   6.8963
  6.9417   6.9427   6.9587   7.0208   7.0384   7.0429   7.0605   7.0623
  7.0803   7.2199   7.2438   7.2531   7.2845   7.3383   7.6784   7.6868
  7.7007   7.7222   7.7317   7.7773   7.7977   7.8083   7.8501   7.8532
  7.9808   8.0217   8.0297   8.0809   8.1186   8.5546   8.5779   8.5993
  8.6564   8.7553  11.4227  11.4942  11.5776  26.2282  44.5408  44.5734
 44.6336  44.6638  44.7056
 --------------------------------------------------------------
 
          Ground-State Mulliken Net Atomic Charges

     Atom                 Charge (a.u.)
  ----------------------------------------
      1 Cl                   -0.790478
      2 O                    -0.358822
      3 H                     0.107263
      4 H                     0.213927
      5 O                    -0.359877
      6 H                     0.172503
      7 H                     0.147096
      8 O                    -0.438168
      9 H                     0.145201
     10 H                     0.210723
     11 O                    -0.443994
     12 H                     0.269397
     13 H                     0.157391
     14 O                    -0.411197
     15 H                     0.276476
     16 H                     0.102559
  ----------------------------------------
  Sum of atomic charges =    -1.000000

 -----------------------------------------------------------------
                    Cartesian Multipole Moments
 -----------------------------------------------------------------
    Charge (ESU x 10^10)
                -4.8032
    Dipole Moment (Debye)
         X       0.7568      Y      -1.5501      Z       1.7754
       Tot       2.4754
    Quadrupole Moments (Debye-Ang)
        XX     -62.9926     XY      -2.4180     YY     -69.1352
        XZ       1.4148     YZ      -8.9765     ZZ     -53.5346
    Octopole Moments (Debye-Ang^2)
       XXX      13.7693    XXY      -3.4292    XYY     -22.1798
       YYY      -5.7089    XXZ      12.8429    XYZ      33.9930
       YYZ      -2.1637    XZZ       7.1113    YZZ     -13.2005
       ZZZ      19.4306
    Hexadecapole Moments (Debye-Ang^3)
      XXXX   -1098.9351   XXXY    -102.7684   XXYY    -338.9960
      XYYY      31.0095   YYYY   -1013.9981   XXXZ     -32.0392
      XXYZ      -5.1503   XYYZ      16.4825   YYYZ     -65.1012
      XXZZ    -260.5119   XYZZ     -22.5867   YYZZ    -193.1031
      XZZZ      21.5188   YZZZ     -44.5497   ZZZZ    -329.6557
 -----------------------------------------------------------------
 Total job time:  1505.15s(wall), 3917.38s(cpu) 
 Wed Jan 17 01:50:54 2024

        *************************************************************
        *                                                           *
        *  Thank you very much for using Q-Chem.  Have a nice day.  *
        *                                                           *
        *************************************************************


