
Running Job 1 of 1 122_Cl-Water_Cls_018_almo.in
qchem 122_Cl-Water_Cls_018_almo.in_1024498.0 /scratch/qchem1024498/ 6
/home/kchung25/qchem/5.4.0/exe/qcprog.exe_s 122_Cl-Water_Cls_018_almo.in_1024498.0 /scratch/qchem1024498/
                  Welcome to Q-Chem
     A Quantum Leap Into The Future Of Chemistry


 Q-Chem 5.4, Q-Chem, Inc., Pleasanton, CA (2021)

 E. Epifanovsky,  A. T. B. Gilbert,  Xintian Feng,  Joonho Lee,  Yuezhi Mao,  
 N. Mardirossian,  P. Pokhilko,  A. White,  M. Wormit,  M. P. Coons,  
 A. L. Dempwolff,  Zhengting Gan,  D. Hait,  P. R. Horn,  L. D. Jacobson,  
 I. Kaliman,  J. Kussmann,  A. W. Lange,  Ka Un Lao,  D. S. Levine,  Jie Liu,  
 S. C. McKenzie,  A. F. Morrison,  K. Nanda,  F. Plasser,  D. R. Rehn,  
 M. L. Vidal,  Zhi-Qiang You,  Ying Zhu,  B. Alam,  B. Albrecht,  
 A. Aldossary,  E. Alguire,  J. H. Andersen,  D. Barton,  K. Begam,  A. Behn,  
 Y. A. Bernard,  E. J. Berquist,  H. Burton,  A. Carreras,  K. Carter-Fenk,  
 Romit Chakraborty,  A. D. Chien,  K. D. Closser,  V. Cofer-Shabica,  
 S. Dasgupta,  Jia Deng,  M. de Wergifosse,  M. Diedenhofen,  Hainam Do,  
 S. Ehlert,  Po-Tung Fang,  S. Fatehi,  Qingguo Feng,  T. Friedhoff,  
 J. Gayvert,  Qinghui Ge,  G. Gidofalvi,  M. Goldey,  J. Gomes,  
 C. Gonzalez-Espinoza,  S. Gulania,  A. Gunina,  M. W. D. Hanson-Heine,  
 P. H. P. Harbach,  A. W. Hauser,  M. F. Herbst,  M. Hernandez Vera,  
 M. Hodecker,  Z. C. Holden,  S. Houck,  Xunkun Huang,  Kerwin Hui,  
 B. C. Huynh,  M. Ivanov,  Hyunjun Ji,  Hanjie Jiang,  B. Kaduk,  S. Kaehler,  
 K. Khistyaev,  Jaehoon Kim,  P. Klunzinger,  Z. Koczor-Benda,  
 Joong Hoon Koh,  D. Kosenkov,  L. Koulias,  T. Kowalczyk,  C. M. Krauter,  
 K. Kue,  A. Kunitsa,  T. Kus,  A. Landau,  K. V. Lawler,  D. Lefrancois,  
 S. Lehtola,  Rain Li,  Yi-Pei Li,  Jiashu Liang,  M. Liebenthal,  
 Hung-Hsuan Lin,  You-Sheng Lin,  Fenglai Liu,  Kuan-Yu Liu,  
 M. Loipersberger,  A. Luenser,  A. Manjanath,  P. Manohar,  E. Mansoor,  
 S. F. Manzer,  Shan-Ping Mao,  A. V. Marenich,  T. Markovich,  S. Mason,  
 S. A. Maurer,  P. F. McLaughlin,  M. F. S. J. Menger,  J.-M. Mewes,  
 S. A. Mewes,  P. Morgante,  J. W. Mullinax,  K. J. Oosterbaan,  G. Paran,  
 Alexander C. Paul,  Suranjan K. Paul,  F. Pavosevic,  Zheng Pei,  S. Prager,  
 E. I. Proynov,  E. Ramos,  B. Rana,  A. E. Rask,  A. Rettig,  R. M. Richard,  
 F. Rob,  E. Rossomme,  T. Scheele,  M. Scheurer,  M. Schneider,  
 N. Sergueev,  S. M. Sharada,  W. Skomorowski,  D. W. Small,  C. J. Stein,  
 Yu-Chuan Su,  E. J. Sundstrom,  Zhen Tao,  J. Thirman,  T. Tsuchimochi,  
 N. M. Tubman,  S. P. Veccham,  O. Vydrov,  J. Wenzel,  J. Witte,  A. Yamada,  
 Kun Yao,  S. Yeganeh,  S. R. Yost,  A. Zech,  Igor Ying Zhang,  Xing Zhang,  
 Yu Zhang,  D. Zuev,  A. Aspuru-Guzik,  A. T. Bell,  N. A. Besley,  
 K. B. Bravaya,  B. R. Brooks,  D. Casanova,  Jeng-Da Chai,  S. Coriani,  
 C. J. Cramer,  A. E. DePrince, III,  R. A. DiStasio Jr.,  A. Dreuw,  
 B. D. Dunietz,  T. R. Furlani,  W. A. Goddard III,  S. Grimme,  
 S. Hammes-Schiffer,  T. Head-Gordon,  W. J. Hehre,  Chao-Ping Hsu,  
 T.-C. Jagau,  Yousung Jung,  A. Klamt,  Jing Kong,  D. S. Lambrecht,  
 WanZhen Liang,  N. J. Mayhall,  C. W. McCurdy,  J. B. Neaton,  T. Neudecker,  
 C. Ochsenfeld,  J. A. Parkhill,  R. Peverati,  V. A. Rassolov,  Yihan Shao,  
 L. V. Slipchenko,  R. P. Steele,  J. E. Subotnik,  A. J. W. Thom,  
 A. Tkatchenko,  D. G. Truhlar,  T. Van Voorhis,  T. A. Wesolowski,  
 K. B. Whaley,  H. L. Woodcock III,  P. M. Zimmerman,  S. Faraji,  
 P. M. W. Gill,  M. Head-Gordon,  J. M. Herbert,  A. I. Krylov

 Additional authors since Version 5.4.0: 
 Chandrima Chakravarty,  L. Cunha,  R. Kang,  Yongbin Kim,  S. Kotaru,  
 Shaozhi Li,  Xiangyuan Li,  F. Matz,  A. Molle,  V. Parravicini,  
 Haisheng Ren,  Hengyuan Shen,  Yingli Su,  Hung-Yi Tsai,  C. Utku,  
 Fang Wang,  Jeff Yang,  F. Zeller

 Contributors to earlier versions of Q-Chem not listed above: 
 R. D. Adamson,  B. Austin,  R. Baer,  J. Baker,  G. J. O. Beran,  
 K. Brandhorst,  S. T. Brown,  E. F. C. Byrd,  Arup K. Chakraborty,  
 G. K. L. Chan,  Chun-Min Chang,  Yunqing Chen,  C.-L. Cheng,  
 Siu Hung Chien,  D. M. Chipman,  D. L. Crittenden,  H. Dachsel,  
 R. J. Doerksen,  A. D. Dutoi,  R. G. Edgar,  J. Fosso-Tande,  
 L. Fusti-Molnar,  D. Ghosh,  A. Ghysels,  A. Golubeva-Zadorozhnaya,  
 J. Gonthier,  M. S. Gordon,  S. R. Gwaltney,  G. Hawkins,  J. E. Herr,  
 A. Heyden,  S. Hirata,  E. G. Hohenstein,  G. Kedziora,  F. J. Keil,  
 C. Kelley,  Jihan Kim,  R. A. King,  R. Z. Khaliullin,  P. P. Korambath,  
 W. Kurlancheek,  A. Laurent,  A. M. Lee,  M. S. Lee,  S. V. Levchenko,  
 Ching Yeh Lin,  D. Liotard,  E. Livshits,  R. C. Lochan,  I. Lotan,  
 L. A. Martinez-Martinez,  P. E. Maslen,  N. Nair,  D. P. O'Neill,  
 D. Neuhauser,  E. Neuscamman,  C. M. Oana,  R. Olivares-Amaya,  R. Olson,  
 T. M. Perrine,  B. Peters,  P. A. Pieniazek,  A. Prociuk,  Y. M. Rhee,  
 J. Ritchie,  M. A. Rohrdanz,  E. Rosta,  N. J. Russ,  H. F. Schaefer III,  
 M. W. Schmidt,  N. E. Schultz,  S. Sharma,  N. Shenvi,  C. D. Sherrill,  
 A. C. Simmonett,  A. Sodt,  T. Stein,  D. Stuck,  K. S. Thanthiriwatte,  
 V. Vanovschi,  L. Vogt,  Tao Wang,  A. Warshel,  M. A. Watson,  
 C. F. Williams,  Q. Wu,  X. Xu,  Jun Yang,  W. Zhang,  Yan Zhao

   Please cite Q-Chem as follows:
  "Software for the frontiers of quantum chemistry:
   An overview of developments in the Q-Chem 5 package"
   J. Chem. Phys. 155, 084801 (2021)
   https://doi.org/10.1063/5.0055522 (open access)

 Q-Chem 5.4.2 for Intel X86 EM64T Linux

 Parts of Q-Chem use Armadillo 9.900.5 (Nocturnal Misbehaviour).
 http://arma.sourceforge.net/

 Q-Chem begins on Wed Jan 17 02:31:28 2024  

 Host: 
0

     Scratch files written to /scratch/qchem1024498//
 Dec1321 |scratch|qcdevops|jenkins|workspace|build_RNUM 5684   
 Processing $rem in /home/kchung25/qchem/5.4.0/config/preferences:
 Processing $rem in /home/kchung25/.qchemrc:

 Q-Chem warning in module libgen/rem_setup.C, line 3079:

 Neither GIA nor STOLL is specified by user. Use STOLL as the default


 Checking the input file for inconsistencies... 	...done.

--------------------------------------------------------------
User input:
--------------------------------------------------------------
$molecule
-1 1
--
-1 1
Cl     0.000000     0.000000     0.000000
--
0 1
O      1.643517    -2.671033    -0.571244
H      1.442644    -3.447881     0.013578
H      0.828471    -2.107925    -0.378806
O     -2.118199    -2.087345     0.884562
H     -1.644371    -1.233785     0.607522
H     -3.051365    -1.880592     0.681310
O      0.599442     1.213303     2.922861
H      0.626392     1.960370     2.295878
H      0.540948     0.461657     2.407060
O     -2.500190     1.554417     0.736574
H     -1.721962     1.048901     0.477950
H     -3.117665     1.113809     0.151889
O      0.419712     0.008157    -3.275042
H     -0.472377     0.059341    -3.781707
H      0.155255    -0.226504    -2.409947
$end

$rem
JOBTYPE          eda
EDA2             1
METHOD           wB97M-V
BASIS            def2-TZVPPD
SYMMETRY         false
MEM_TOTAL        50000
MEM_STATIC       10000
THRESH           14
SCF_CONVERGENCE  8
XC_GRID          000099000590
NL_GRID          1
EDA_CLS_DISP     true
FD_MAT_VEC_PROD  FALSE
$end
--------------------------------------------------------------
 ----------------------------------------------------------------
             Standard Nuclear Orientation (Angstroms)
    I     Atom           X                Y                Z
 ----------------------------------------------------------------
    1      Cl      0.0508044421     0.0486694364     0.4479634661
    2      O       2.4245062540    -2.0147142601    -0.0715291261
    3      H       2.2597311319    -2.7159382201    -0.7548984742
    4      H       1.6843017313    -1.3734916309    -0.3151554590
    5      O      -0.4699311593    -0.5660187188    -2.5482372931
    6      H      -0.4769147904    -0.1570584742    -1.6195115230
    7      H      -0.7745364080     0.1780428952    -3.1036154699
    8      O      -2.5923512678    -1.3814387916     1.6068722874
    9      H      -2.4481884187    -0.5782048334     2.1416389360
   10      H      -1.8493332897    -1.4637111847     1.0818966056
   11      O      -2.2516175117     1.8256736895    -0.4185309277
   12      H      -1.5014932491     1.2782276488    -0.1622341410
   13      H      -1.8224488256     2.2641353668    -1.1539443698
   14      O       2.7825993734     1.8540920352     0.8720748834
   15      H       2.8069916865     2.6742802304     0.2541360941
   16      H       2.1125694087     1.3255861503     0.4911102856
 ----------------------------------------------------------------
 Molecular Point Group                 C1    NOp =  1
 Largest Abelian Subgroup              C1    NOp =  1
 Nuclear Repulsion Energy =         307.07464611 hartrees
 There are       34 alpha and       34 beta electrons
 Requested basis set is def2-TZVPPD
 There are 157 shells and 421 basis functions

 Q-Chem warning in module libmdc/get_mega.C, line 171:

 Allowed MEM_STATIC has been capped at MEM_STATIC=8191.
 Reduce the value of MEM_STATIC to silence this warning.


 Total QAlloc Memory Limit  50000 MB
 Mega-Array Size      8007 MB
 MEM_STATIC part      8191 MB
 A cutoff of  1.0D-14 yielded  10415 shell pairs
 There are     72821 function pairs (     88617 Cartesian)
 Smallest overlap matrix eigenvalue = 1.25E-04

 Scale SEOQF with 1.000000e-01/1.000000e-01/1.000000e-01

 Standard Electronic Orientation quadrupole field applied
 Nucleus-field energy     =     0.0000000069 hartrees

 -----------------------------------------------------------------------
  General SCF calculation program by
  Eric Jon Sundstrom, Paul Horn, Yuezhi Mao, Dmitri Zuev, Alec White,
  David Stuck, Shaama M.S., Shane Yost, Joonho Lee, David Small,
  Daniel Levine, Susi Lehtola, Hugh Burton, Evgeny Epifanovsky,
  Bang C. Huynh
 -----------------------------------------------------------------------
================================================================
                 ALMO-EDA with the EDA2 driver                  
================================================================
 The second-generation ALMO-EDA (for DFT):                      
 P. R. Horn, Y. Mao and M. Head-Gordon, PCCP, 18, 23067 (2016)  
 Y. Mao et al. Annu. Rev. Phys. Chem. 72, 641 (2021)            
 Decomposition of the frozen energy:                            
 P. R. Horn, Y. Mao and M. Head-Gordon, JCP, 144, 114107 (2016) 
 FERF model for polarization:                                   
 P. R. Horn and M. Head-Gordon, JCP, 143, 114111 (2015)         
================================================================
 Using eda2 option set 1
 Option set summary: Frozen orbital wavefunction, initial wavefunction decomposition, and nDQ polarization.
--------------------------------
Printing EDA Options
--------------------------------
eda_child_super_basis      0
fragmo_guess_mode          0
child_mp                   1
child_mp_orders            232
cls_elec                   1
cls_disp                   1
scfmi_mode                 1
scfmi_occs                 0
scfmi_virts                0
frz_relax                  0
frz_relax_method           0
dc_pen_start               0
dc_pen_conv                0
dc_pen_increment           0
dc_pen_steps               0
dc_pen_thresh_factor       0
dc_pen_pre_newton_thresh   0
frz_ortho_decomp           1
frz_ortho_decomp_conv      6
plot_mo_ortho_frz          0
frgm_method                2
scfmi_freeze_ss            0
separate_rehyb             0
plot_diff_den              0
eda_nocv                   0
eda_vct_relax              1
disp_free_x                0
disp_free_c                0
eda_bsse                   0
eda_pct_a                  0
eda_covp                   0
--------------------------------
Attempting to make child job directory: /scratch/qchem1024498//Frg1/
Attempting to make child job directory: /scratch/qchem1024498//Frg2/
Creating input file /scratch/qchem1024498/Frg1.input
using default PutDataFrgm: nothing
calling putenv with: QCSCRATCH=/scratch/qchem1024498/ 
Spawning Job For Fragment 0
Done Job For Fragment 0
calling putenv with: QCSCRATCH=/scratch 
calling putenv with: QCTHREADS=6 
Creating input file /scratch/qchem1024498/Frg2.input
using default PutDataFrgm: nothing
calling putenv with: QCSCRATCH=/scratch/qchem1024498/ 
Spawning Job For Fragment 1
Done Job For Fragment 1
calling putenv with: QCSCRATCH=/scratch 
calling putenv with: QCTHREADS=6 
Doing General SCFMI
 Exchange:     0.1500 Hartree-Fock + 1.0000 wB97M-V + LR-HF
 Correlation:  1.0000 wB97M-V
 Using Euler-Maclaurin-Lebedev (99,590) quadrature formula
 Nonlocal Correlation:  VV10 with C = 0.0100 and b = 6.00 and scale = 1.00000
 Grid used for NLC:  SG-1 standard quadrature
performing fock build before subrot guess so that all methods have access
Printing subrot_rss_gen Method Specification:
Occupied Subspace Method is 0
Virtual Subspace Method is 0
Energy of the unrelaxed supersystem initial determinant -842.458762985036
write pseudocanon occs and virts to disk
write pseudocanon orbital energies to disk
Tolerance of ortho_decomp_scf: 1.00e-06
GDM subspace size: 20
Beginning the Orthogonal Decomposition of the Initial Supersystem Wavefunction
    1    -842.1359992352      3.33e-01     ortho_decomp Preconditoned Steepest Descent
    2    -842.2078602114      4.43e-03     ortho_decomp BFGS Step
    3    -842.2079424129      3.13e-04     ortho_decomp BFGS Step
    4    -842.2079427210      1.41e-05     ortho_decomp BFGS Step
    5    -842.2079427213      3.45e-07     ortho_decomp 00000 Convergence criterion met
 Hartree-Fock
 Hartree-Fock
 Hartree-Fock
 Exchange:     0.1500 Hartree-Fock + 1.0000 wB97M-V + LR-HF
 Correlation:  1.0000 wB97M-V
 Using Euler-Maclaurin-Lebedev (99,590) quadrature formula
 Nonlocal Correlation:  VV10 with C = 0.0100 and b = 6.00 and scale = 1.00000
 Grid used for NLC:  SG-1 standard quadrature
 Long-range K will be added via erf
 Coulomb attenuation parameter = 0.3 bohr**(-1)
 Nonlocal correlation = 2.799911362933e-01
Doing General SCFMI
 Exchange:     0.1500 Hartree-Fock + 1.0000 wB97M-V + LR-HF
 Correlation:  1.0000 wB97M-V
 Using Euler-Maclaurin-Lebedev (99,590) quadrature formula
 Nonlocal Correlation:  VV10 with C = 0.0100 and b = 6.00 and scale = 1.00000
 Grid used for NLC:  SG-1 standard quadrature
performing fock build at end of subrot_r(subrot) constructor so that all methods have access
<S^2> of initial wavefunction before polarization iterations 0.0000000000
Beginning iterations for the determination of the polarized wavefunction
Energy prior to optimization (guess energy) = -842.458762985037
Begin Timing: Total SCF Calculation
begin iterations for algorithm: DIIS         
the SCF tolerance is set to 1.00e-08
    1    -842.4587629850      6.54e-04     00000 
    2    -842.4813052209      2.68e-04     00000 
    3    -842.4837133987      9.94e-05     00000 
    4    -842.4842624746      4.53e-05     00000 
    5    -842.4844064900      2.49e-05     00000 
    6    -842.4844472462      9.74e-06     00000 
    7    -842.4844592426      4.53e-06     00000 
    8    -842.4844617471      2.19e-06     00000 
    9    -842.4844619373      1.61e-06     00000 
   10    -842.4844619962      9.00e-07     00000 
   11    -842.4844620079      4.59e-07     00000 
   12    -842.4844620152      2.55e-07     00000 
   13    -842.4844620179      1.18e-07     00000 
   14    -842.4844620186      4.59e-08     00000 
   15    -842.4844620188      2.59e-08     00000 
   16    -842.4844620189      1.26e-08     00000 
   17    -842.4844620189      6.75e-09     00000 Convergence criterion met
write pseudocanon occs and virts to disk
write pseudocanon orbital energies to disk
Timing for Total SCF: 263.00s (wall), 1574.42s (cpu)
<S^2> of polarized wavefunction after polarization iterations 0.0000000000
relaxing scfmi constraint to allow all rotations in the entire AO span
Doing General SCFMI
 Exchange:     0.1500 Hartree-Fock + 1.0000 wB97M-V + LR-HF
 Correlation:  1.0000 wB97M-V
 Using Euler-Maclaurin-Lebedev (99,590) quadrature formula
 Nonlocal Correlation:  VV10 with C = 0.0100 and b = 6.00 and scale = 1.00000
 Grid used for NLC:  SG-1 standard quadrature
performing fock build at end of subrot_r(subrot) constructor so that all methods have access
<S^2> of polarized wavefunction before ct-allowed iterations 0.0000000000
Beginning iterations for the determination of the CT-Allowed wavefunction
Energy prior to optimization (guess energy) = -842.484462018907
Begin Timing: Total SCF Calculation
begin iterations for algorithm: DIIS         
the SCF tolerance is set to 1.00e-08
    1    -842.4844620189      4.41e-04     00000 
    2    -842.5050039084      7.45e-05     00000 
    3    -842.5058410514      3.78e-05     00000 
    4    -842.5059352428      1.13e-05     00000 
    5    -842.5059461540      5.24e-06     00000 
    6    -842.5059480296      6.36e-07     00000 
    7    -842.5059481548      2.05e-07     00000 
    8    -842.5059481624      1.26e-07     00000 
    9    -842.5059481638      2.35e-08     00000 
   10    -842.5059481639      5.98e-09     00000 Convergence criterion met
write pseudocanon occs and virts to disk
write pseudocanon orbital energies to disk
Timing for Total SCF: 147.00s (wall), 883.67s (cpu)
<S^2> of ct_allowed wavefunction after ct-allowed iterations 0.0000000000

================================
        Results of EDA2         
================================
Basic EDA Quantities
--------------------
Fragment Energies (Ha):
1 -460.2597934914
2 -382.1592993360
--------------------
  E_prp (kJ/mol) = 0.0000
  E_frz (kJ/mol) = -104.1552
  E_pol (kJ/mol) = -67.4736
  E_vct (kJ/mol) = -56.4125
  E_int (kJ/mol) = -228.0414
--------------------


Decomposition of frozen interaction energy
--------------------
  --------------------
  Orthogonal Frozen Decomposition:
  --------------------
     E_elec   (ELEC)   (kJ/mol) = -490.3126
     E_pauli  (PAULI)  (kJ/mol) = 440.1730
     E_disp   (DISP)   (kJ/mol) = -54.0156
  --------------------
  Classical Frozen Decomposition:
  --------------------
     E_cls_elec  (CLS ELEC)  (kJ/mol) = -300.9607
     E_mod_pauli (MOD PAULI) (kJ/mol) = 249.9142 (FRZ - CLS ELEC - CLS DISP)
     E_cls_disp  (CLS DISP)  (kJ/mol) = -53.1087
  --------------------
--------------------

Simplified EDA Summary (kJ/mol)
--------------------
 PREPARATION      0.0000
 FROZEN           -104.1552 (ELEC + PAULI + DISP)
[ELEC + PAULI = -51.0465, DISP = -53.1087]
 POLARIZATION    -67.4736
 CHARGE TRANSFER -56.4125
 TOTAL           -228.0414     (PRP + FRZ + POL + CT)
--------------------
 
 --------------------------------------------------------------
 
                    Orbital Energies (a.u.)
 --------------------------------------------------------------
 
 Alpha MOs
 -- Occupied --
******** -19.2019 -19.1962 -19.1932 -19.1875 -19.1849  -9.4204  -7.1197
 -7.1196  -7.1194  -1.0010  -0.9997  -0.9981  -0.9860  -0.9792  -0.7131
 -0.5026  -0.4935  -0.4823  -0.4798  -0.4668  -0.3804  -0.3700  -0.3641
 -0.3630  -0.3602  -0.2908  -0.2883  -0.2833  -0.2808  -0.2786  -0.2263
 -0.2251  -0.2239
 -- Virtual --
  0.1297   0.1406   0.1467   0.1576   0.1710   0.1855   0.1882   0.1926
  0.1948   0.2138   0.2173   0.2206   0.2267   0.2318   0.2365   0.2408
  0.2595   0.2667   0.2731   0.2805   0.2862   0.2955   0.2972   0.3195
  0.3243   0.3334   0.3419   0.3475   0.3557   0.3594   0.3677   0.3726
  0.3841   0.3866   0.3958   0.3972   0.4037   0.4075   0.4086   0.4160
  0.4282   0.4305   0.4392   0.4480   0.4499   0.4588   0.4637   0.4731
  0.4822   0.4828   0.4899   0.5025   0.5079   0.5152   0.5161   0.5299
  0.5365   0.5491   0.5557   0.5647   0.5816   0.5834   0.5945   0.6033
  0.6139   0.6177   0.6232   0.6264   0.6333   0.6429   0.6491   0.6564
  0.6605   0.6684   0.6758   0.6842   0.6972   0.7069   0.7071   0.7156
  0.7233   0.7286   0.7359   0.7548   0.7611   0.7649   0.7751   0.7866
  0.7914   0.7974   0.8138   0.8273   0.8404   0.8584   0.8663   0.8748
  0.8970   0.9037   0.9173   0.9246   0.9263   0.9376   0.9461   0.9527
  0.9632   0.9746   0.9865   0.9969   1.0072   1.0277   1.0318   1.0365
  1.0526   1.0650   1.0760   1.0811   1.0931   1.0964   1.1033   1.1106
  1.1258   1.1335   1.1467   1.1578   1.1668   1.1901   1.2087   1.2189
  1.2211   1.2425   1.2594   1.2606   1.2736   1.2965   1.3029   1.3081
  1.3242   1.3282   1.3287   1.3494   1.3604   1.3654   1.3728   1.3815
  1.3933   1.4001   1.4114   1.4230   1.4318   1.4452   1.4695   1.4712
  1.5258   1.5383   1.5579   1.5656   1.5792   1.6026   1.6345   1.6830
  1.7132   1.7469   1.8848   2.0759   2.0820   2.0835   2.0954   2.1134
  2.1398   2.1478   2.1541   2.1591   2.1726   2.1979   2.2162   2.2289
  2.2371   2.2811   2.2887   2.3209   2.3262   2.3466   2.3523   2.3666
  2.3796   2.3883   2.4004   2.4047   2.4184   2.4294   2.4485   2.4588
  2.4644   2.4946   2.5186   2.5271   2.5654   2.6154   2.6729   2.6868
  2.7550   2.7633   2.8105   2.8313   2.8526   2.8964   2.9267   2.9576
  2.9600   2.9665   2.9877   3.0197   3.0814   3.1033   3.1321   3.1402
  3.1811   3.2096   3.3098   3.3142   3.3218   3.3514   3.3869   3.3921
  3.4006   3.4267   3.4391   3.4543   3.4570   3.4754   3.4841   3.4929
  3.5158   3.5269   3.5658   3.5759   3.5858   3.5913   3.6010   3.6050
  3.6168   3.6278   3.6400   3.6467   3.6556   3.6600   3.6752   3.7130
  3.7718   3.7901   3.7998   3.8368   3.8972   3.9220   3.9319   3.9781
  3.9984   4.0042   4.0411   4.0526   4.0749   4.0774   4.1190   4.1280
  4.1436   4.1524   4.1624   4.1708   4.1891   4.1960   4.2094   4.2250
  4.2299   4.2326   4.2481   4.2615   4.2667   4.2767   4.3007   4.3093
  4.3328   4.3460   4.3561   4.3659   4.3802   4.3986   4.4176   4.4475
  4.4616   4.4699   4.4776   4.4999   4.5845   4.8091   4.8349   4.8435
  4.9006   4.9087   4.9132   4.9381   4.9439   5.0058   5.0758   5.0821
  5.0894   5.1325   5.1397   5.1634   5.3017   5.3407   5.4002   5.4515
  5.4616   5.8031   5.8031   5.8250   5.8757   5.8956   6.3480   6.3496
  6.3858   6.4673   6.4938   6.5329   6.5361   6.6043   6.6075   6.6645
  6.6684   6.6747   6.6827   6.6997   6.7048   6.7634   6.7692   6.7793
  6.7871   6.8246   6.8386   6.8450   6.8597   6.8688   6.8860   6.9255
  6.9571   6.9614   6.9800   6.9973   7.0063   7.0113   7.0422   7.0587
  7.1060   7.1585   7.1753   7.1988   7.2152   7.2673   7.6248   7.6267
  7.6744   7.7300   7.7353   7.7409   7.7452   7.7496   7.8361   7.8460
  7.8846   7.9220   7.9548   7.9638   8.0933   8.5512   8.5801   8.6007
  8.6856   8.7115  11.4154  11.4710  11.5637  26.4625  44.5089  44.5473
 44.5925  44.6655  44.6870
 --------------------------------------------------------------
 
          Ground-State Mulliken Net Atomic Charges

     Atom                 Charge (a.u.)
  ----------------------------------------
      1 Cl                   -0.808578
      2 O                    -0.460942
      3 H                     0.167437
      4 H                     0.250764
      5 O                    -0.478539
      6 H                     0.267092
      7 H                     0.138734
      8 O                    -0.396053
      9 H                     0.178751
     10 H                     0.220332
     11 O                    -0.438407
     12 H                     0.278197
     13 H                     0.101127
     14 O                    -0.438982
     15 H                     0.184418
     16 H                     0.234649
  ----------------------------------------
  Sum of atomic charges =    -1.000000

 -----------------------------------------------------------------
                    Cartesian Multipole Moments
 -----------------------------------------------------------------
    Charge (ESU x 10^10)
                -4.8032
    Dipole Moment (Debye)
         X       0.4186      Y       2.5370      Z      -3.4228
       Tot       4.2810
    Quadrupole Moments (Debye-Ang)
        XX     -85.0039     XY      -0.2483     YY     -55.1038
        XZ      -3.9332     YZ      -3.7595     ZZ     -56.1937
    Octopole Moments (Debye-Ang^2)
       XXX       1.2415    XXY      10.8494    XYY      22.5619
       YYY       7.2027    XXZ     -28.0344    XYZ      -9.5793
       YYZ     -28.7331    XZZ      -9.4318    YZZ      20.2245
       ZZZ      -1.0842
    Hexadecapole Moments (Debye-Ang^3)
      XXXX   -1475.3240   XXXY      -0.2920   XXYY    -356.2713
      XYYY      20.5628   YYYY    -565.8889   XXXZ     -27.2969
      XXYZ      16.1441   XYYZ     -10.0034   YYYZ       7.0467
      XXZZ    -294.0796   XYZZ     -55.0894   YYZZ    -211.1728
      XZZZ       4.3873   YZZZ     -38.6976   ZZZZ    -495.7345
 -----------------------------------------------------------------
 Total job time:  1589.21s(wall), 4122.61s(cpu) 
 Wed Jan 17 02:57:57 2024

        *************************************************************
        *                                                           *
        *  Thank you very much for using Q-Chem.  Have a nice day.  *
        *                                                           *
        *************************************************************


