
Running Job 1 of 1 122_Cl-Water_Cls_014_almo.in
qchem 122_Cl-Water_Cls_014_almo.in_1024169.0 /scratch/qchem1024169/ 6
/home/kchung25/qchem/5.4.0/exe/qcprog.exe_s 122_Cl-Water_Cls_014_almo.in_1024169.0 /scratch/qchem1024169/
                  Welcome to Q-Chem
     A Quantum Leap Into The Future Of Chemistry


 Q-Chem 5.4, Q-Chem, Inc., Pleasanton, CA (2021)

 E. Epifanovsky,  A. T. B. Gilbert,  Xintian Feng,  Joonho Lee,  Yuezhi Mao,  
 N. Mardirossian,  P. Pokhilko,  A. White,  M. Wormit,  M. P. Coons,  
 A. L. Dempwolff,  Zhengting Gan,  D. Hait,  P. R. Horn,  L. D. Jacobson,  
 I. Kaliman,  J. Kussmann,  A. W. Lange,  Ka Un Lao,  D. S. Levine,  Jie Liu,  
 S. C. McKenzie,  A. F. Morrison,  K. Nanda,  F. Plasser,  D. R. Rehn,  
 M. L. Vidal,  Zhi-Qiang You,  Ying Zhu,  B. Alam,  B. Albrecht,  
 A. Aldossary,  E. Alguire,  J. H. Andersen,  D. Barton,  K. Begam,  A. Behn,  
 Y. A. Bernard,  E. J. Berquist,  H. Burton,  A. Carreras,  K. Carter-Fenk,  
 Romit Chakraborty,  A. D. Chien,  K. D. Closser,  V. Cofer-Shabica,  
 S. Dasgupta,  Jia Deng,  M. de Wergifosse,  M. Diedenhofen,  Hainam Do,  
 S. Ehlert,  Po-Tung Fang,  S. Fatehi,  Qingguo Feng,  T. Friedhoff,  
 J. Gayvert,  Qinghui Ge,  G. Gidofalvi,  M. Goldey,  J. Gomes,  
 C. Gonzalez-Espinoza,  S. Gulania,  A. Gunina,  M. W. D. Hanson-Heine,  
 P. H. P. Harbach,  A. W. Hauser,  M. F. Herbst,  M. Hernandez Vera,  
 M. Hodecker,  Z. C. Holden,  S. Houck,  Xunkun Huang,  Kerwin Hui,  
 B. C. Huynh,  M. Ivanov,  Hyunjun Ji,  Hanjie Jiang,  B. Kaduk,  S. Kaehler,  
 K. Khistyaev,  Jaehoon Kim,  P. Klunzinger,  Z. Koczor-Benda,  
 Joong Hoon Koh,  D. Kosenkov,  L. Koulias,  T. Kowalczyk,  C. M. Krauter,  
 K. Kue,  A. Kunitsa,  T. Kus,  A. Landau,  K. V. Lawler,  D. Lefrancois,  
 S. Lehtola,  Rain Li,  Yi-Pei Li,  Jiashu Liang,  M. Liebenthal,  
 Hung-Hsuan Lin,  You-Sheng Lin,  Fenglai Liu,  Kuan-Yu Liu,  
 M. Loipersberger,  A. Luenser,  A. Manjanath,  P. Manohar,  E. Mansoor,  
 S. F. Manzer,  Shan-Ping Mao,  A. V. Marenich,  T. Markovich,  S. Mason,  
 S. A. Maurer,  P. F. McLaughlin,  M. F. S. J. Menger,  J.-M. Mewes,  
 S. A. Mewes,  P. Morgante,  J. W. Mullinax,  K. J. Oosterbaan,  G. Paran,  
 Alexander C. Paul,  Suranjan K. Paul,  F. Pavosevic,  Zheng Pei,  S. Prager,  
 E. I. Proynov,  E. Ramos,  B. Rana,  A. E. Rask,  A. Rettig,  R. M. Richard,  
 F. Rob,  E. Rossomme,  T. Scheele,  M. Scheurer,  M. Schneider,  
 N. Sergueev,  S. M. Sharada,  W. Skomorowski,  D. W. Small,  C. J. Stein,  
 Yu-Chuan Su,  E. J. Sundstrom,  Zhen Tao,  J. Thirman,  T. Tsuchimochi,  
 N. M. Tubman,  S. P. Veccham,  O. Vydrov,  J. Wenzel,  J. Witte,  A. Yamada,  
 Kun Yao,  S. Yeganeh,  S. R. Yost,  A. Zech,  Igor Ying Zhang,  Xing Zhang,  
 Yu Zhang,  D. Zuev,  A. Aspuru-Guzik,  A. T. Bell,  N. A. Besley,  
 K. B. Bravaya,  B. R. Brooks,  D. Casanova,  Jeng-Da Chai,  S. Coriani,  
 C. J. Cramer,  A. E. DePrince, III,  R. A. DiStasio Jr.,  A. Dreuw,  
 B. D. Dunietz,  T. R. Furlani,  W. A. Goddard III,  S. Grimme,  
 S. Hammes-Schiffer,  T. Head-Gordon,  W. J. Hehre,  Chao-Ping Hsu,  
 T.-C. Jagau,  Yousung Jung,  A. Klamt,  Jing Kong,  D. S. Lambrecht,  
 WanZhen Liang,  N. J. Mayhall,  C. W. McCurdy,  J. B. Neaton,  T. Neudecker,  
 C. Ochsenfeld,  J. A. Parkhill,  R. Peverati,  V. A. Rassolov,  Yihan Shao,  
 L. V. Slipchenko,  R. P. Steele,  J. E. Subotnik,  A. J. W. Thom,  
 A. Tkatchenko,  D. G. Truhlar,  T. Van Voorhis,  T. A. Wesolowski,  
 K. B. Whaley,  H. L. Woodcock III,  P. M. Zimmerman,  S. Faraji,  
 P. M. W. Gill,  M. Head-Gordon,  J. M. Herbert,  A. I. Krylov

 Additional authors since Version 5.4.0: 
 Chandrima Chakravarty,  L. Cunha,  R. Kang,  Yongbin Kim,  S. Kotaru,  
 Shaozhi Li,  Xiangyuan Li,  F. Matz,  A. Molle,  V. Parravicini,  
 Haisheng Ren,  Hengyuan Shen,  Yingli Su,  Hung-Yi Tsai,  C. Utku,  
 Fang Wang,  Jeff Yang,  F. Zeller

 Contributors to earlier versions of Q-Chem not listed above: 
 R. D. Adamson,  B. Austin,  R. Baer,  J. Baker,  G. J. O. Beran,  
 K. Brandhorst,  S. T. Brown,  E. F. C. Byrd,  Arup K. Chakraborty,  
 G. K. L. Chan,  Chun-Min Chang,  Yunqing Chen,  C.-L. Cheng,  
 Siu Hung Chien,  D. M. Chipman,  D. L. Crittenden,  H. Dachsel,  
 R. J. Doerksen,  A. D. Dutoi,  R. G. Edgar,  J. Fosso-Tande,  
 L. Fusti-Molnar,  D. Ghosh,  A. Ghysels,  A. Golubeva-Zadorozhnaya,  
 J. Gonthier,  M. S. Gordon,  S. R. Gwaltney,  G. Hawkins,  J. E. Herr,  
 A. Heyden,  S. Hirata,  E. G. Hohenstein,  G. Kedziora,  F. J. Keil,  
 C. Kelley,  Jihan Kim,  R. A. King,  R. Z. Khaliullin,  P. P. Korambath,  
 W. Kurlancheek,  A. Laurent,  A. M. Lee,  M. S. Lee,  S. V. Levchenko,  
 Ching Yeh Lin,  D. Liotard,  E. Livshits,  R. C. Lochan,  I. Lotan,  
 L. A. Martinez-Martinez,  P. E. Maslen,  N. Nair,  D. P. O'Neill,  
 D. Neuhauser,  E. Neuscamman,  C. M. Oana,  R. Olivares-Amaya,  R. Olson,  
 T. M. Perrine,  B. Peters,  P. A. Pieniazek,  A. Prociuk,  Y. M. Rhee,  
 J. Ritchie,  M. A. Rohrdanz,  E. Rosta,  N. J. Russ,  H. F. Schaefer III,  
 M. W. Schmidt,  N. E. Schultz,  S. Sharma,  N. Shenvi,  C. D. Sherrill,  
 A. C. Simmonett,  A. Sodt,  T. Stein,  D. Stuck,  K. S. Thanthiriwatte,  
 V. Vanovschi,  L. Vogt,  Tao Wang,  A. Warshel,  M. A. Watson,  
 C. F. Williams,  Q. Wu,  X. Xu,  Jun Yang,  W. Zhang,  Yan Zhao

   Please cite Q-Chem as follows:
  "Software for the frontiers of quantum chemistry:
   An overview of developments in the Q-Chem 5 package"
   J. Chem. Phys. 155, 084801 (2021)
   https://doi.org/10.1063/5.0055522 (open access)

 Q-Chem 5.4.2 for Intel X86 EM64T Linux

 Parts of Q-Chem use Armadillo 9.900.5 (Nocturnal Misbehaviour).
 http://arma.sourceforge.net/

 Q-Chem begins on Wed Jan 17 00:43:54 2024  

 Host: 
0

     Scratch files written to /scratch/qchem1024169//
 Dec1321 |scratch|qcdevops|jenkins|workspace|build_RNUM 5684   
 Processing $rem in /home/kchung25/qchem/5.4.0/config/preferences:
 Processing $rem in /home/kchung25/.qchemrc:

 Q-Chem warning in module libgen/rem_setup.C, line 3079:

 Neither GIA nor STOLL is specified by user. Use STOLL as the default


 Checking the input file for inconsistencies... 	...done.

--------------------------------------------------------------
User input:
--------------------------------------------------------------
$molecule
-1 1
--
-1 1
Cl     0.000000     0.000000     0.000000
--
0 1
O      2.217451     0.173132    -2.196728
H      1.450489     0.085813    -1.601960
H      2.136415     1.036921    -2.632012
O     -3.104951     1.312552    -0.666533
H     -2.224123     0.928576    -0.487843
H     -3.617532     0.562843    -0.908656
O      1.272227     2.966293     0.141325
H      0.856129     3.522110     0.878231
H      0.642780     2.184762     0.155358
O      0.216100     0.918779     3.064477
H      0.501188     0.528894     2.252647
H     -0.506248     0.390525     3.374447
O      1.294073    -2.891435     1.095122
H      1.863156    -3.654697     1.184616
H      1.395565    -2.604001     0.149232
O     -1.460884    -1.361846    -2.351721
H     -0.940849    -0.704004    -1.930802
H     -1.693945    -0.968444    -3.207386
$end

$rem
JOBTYPE          eda
EDA2             1
METHOD           wB97M-V
BASIS            def2-TZVPPD
SYMMETRY         false
MEM_TOTAL        50000
MEM_STATIC       10000
THRESH           14
SCF_CONVERGENCE  8
XC_GRID          000099000590
NL_GRID          1
EDA_CLS_DISP     true
FD_MAT_VEC_PROD  FALSE
$end
--------------------------------------------------------------
 ----------------------------------------------------------------
             Standard Nuclear Orientation (Angstroms)
    I     Atom           X                Y                Z
 ----------------------------------------------------------------
    1      Cl     -0.0452575114    -0.0909242148    -0.1625952553
    2      O       0.7044881362    -1.1048231576     2.6979235667
    3      H       0.5907267188    -0.7726841604     1.7888876391
    4      H       0.8201132525    -0.3270583363     3.2670308903
    5      O       1.4958466036     2.7273864829    -1.3832109290
    6      H       1.0710548836     1.9184369962    -1.0362550633
    7      H       2.1747610889     2.3886857188    -1.9379931632
    8      O      -1.7103733933     1.6856455048     1.9607553019
    9      H      -2.3117030084     2.3588385115     1.5021548161
   10      H      -1.1797795460     1.3776884483     1.1665111483
   11      O      -2.9803236111     0.4768169086    -1.3223065777
   12      H      -2.3112797186     0.0161521519    -0.8401015573
   13      H      -2.7348971389     0.4236105246    -2.2354633276
   14      O      -0.5995915324    -3.2460872719    -1.1484823482
   15      H      -0.6845445525    -4.1985038999    -1.1375704955
   16      H       0.0433522747    -3.0365067945    -0.4202474225
   17      O       3.0125151000    -0.3646879806    -0.4699684955
   18      H       2.2121493143    -0.1115838305    -0.0507809466
   19      H       3.6989337016     0.1146324318     0.0202626756
 ----------------------------------------------------------------
 Molecular Point Group                 C1    NOp =  1
 Largest Abelian Subgroup              C1    NOp =  1
 Nuclear Repulsion Energy =         394.53321248 hartrees
 There are       39 alpha and       39 beta electrons
 Requested basis set is def2-TZVPPD
 There are 185 shells and 495 basis functions

 Q-Chem warning in module libmdc/get_mega.C, line 171:

 Allowed MEM_STATIC has been capped at MEM_STATIC=8191.
 Reduce the value of MEM_STATIC to silence this warning.


 Total QAlloc Memory Limit  50000 MB
 Mega-Array Size      8007 MB
 MEM_STATIC part      8191 MB
 A cutoff of  1.0D-14 yielded  14022 shell pairs
 There are     96776 function pairs (    117241 Cartesian)
 Smallest overlap matrix eigenvalue = 1.06E-04

 Scale SEOQF with 1.000000e-01/1.000000e-01/1.000000e-01

 Standard Electronic Orientation quadrupole field applied
 Nucleus-field energy     =     0.0000000073 hartrees

 -----------------------------------------------------------------------
  General SCF calculation program by
  Eric Jon Sundstrom, Paul Horn, Yuezhi Mao, Dmitri Zuev, Alec White,
  David Stuck, Shaama M.S., Shane Yost, Joonho Lee, David Small,
  Daniel Levine, Susi Lehtola, Hugh Burton, Evgeny Epifanovsky,
  Bang C. Huynh
 -----------------------------------------------------------------------
================================================================
                 ALMO-EDA with the EDA2 driver                  
================================================================
 The second-generation ALMO-EDA (for DFT):                      
 P. R. Horn, Y. Mao and M. Head-Gordon, PCCP, 18, 23067 (2016)  
 Y. Mao et al. Annu. Rev. Phys. Chem. 72, 641 (2021)            
 Decomposition of the frozen energy:                            
 P. R. Horn, Y. Mao and M. Head-Gordon, JCP, 144, 114107 (2016) 
 FERF model for polarization:                                   
 P. R. Horn and M. Head-Gordon, JCP, 143, 114111 (2015)         
================================================================
 Using eda2 option set 1
 Option set summary: Frozen orbital wavefunction, initial wavefunction decomposition, and nDQ polarization.
--------------------------------
Printing EDA Options
--------------------------------
eda_child_super_basis      0
fragmo_guess_mode          0
child_mp                   1
child_mp_orders            232
cls_elec                   1
cls_disp                   1
scfmi_mode                 1
scfmi_occs                 0
scfmi_virts                0
frz_relax                  0
frz_relax_method           0
dc_pen_start               0
dc_pen_conv                0
dc_pen_increment           0
dc_pen_steps               0
dc_pen_thresh_factor       0
dc_pen_pre_newton_thresh   0
frz_ortho_decomp           1
frz_ortho_decomp_conv      6
plot_mo_ortho_frz          0
frgm_method                2
scfmi_freeze_ss            0
separate_rehyb             0
plot_diff_den              0
eda_nocv                   0
eda_vct_relax              1
disp_free_x                0
disp_free_c                0
eda_bsse                   0
eda_pct_a                  0
eda_covp                   0
--------------------------------
Attempting to make child job directory: /scratch/qchem1024169//Frg1/
Attempting to make child job directory: /scratch/qchem1024169//Frg2/
Creating input file /scratch/qchem1024169/Frg1.input
using default PutDataFrgm: nothing
calling putenv with: QCSCRATCH=/scratch/qchem1024169/ 
Spawning Job For Fragment 0
Done Job For Fragment 0
calling putenv with: QCSCRATCH=/scratch 
calling putenv with: QCTHREADS=6 
Creating input file /scratch/qchem1024169/Frg2.input
using default PutDataFrgm: nothing
calling putenv with: QCSCRATCH=/scratch/qchem1024169/ 
Spawning Job For Fragment 1
Done Job For Fragment 1
calling putenv with: QCSCRATCH=/scratch 
calling putenv with: QCTHREADS=6 
Doing General SCFMI
 Exchange:     0.1500 Hartree-Fock + 1.0000 wB97M-V + LR-HF
 Correlation:  1.0000 wB97M-V
 Using Euler-Maclaurin-Lebedev (99,590) quadrature formula
 Nonlocal Correlation:  VV10 with C = 0.0100 and b = 6.00 and scale = 1.00000
 Grid used for NLC:  SG-1 standard quadrature
performing fock build before subrot guess so that all methods have access
Printing subrot_rss_gen Method Specification:
Occupied Subspace Method is 0
Virtual Subspace Method is 0
Energy of the unrelaxed supersystem initial determinant -918.911777105963
write pseudocanon occs and virts to disk
write pseudocanon orbital energies to disk
Tolerance of ortho_decomp_scf: 1.00e-06
GDM subspace size: 20
Beginning the Orthogonal Decomposition of the Initial Supersystem Wavefunction
    1    -918.5985948649      2.98e-01     ortho_decomp Preconditoned Steepest Descent
    2    -918.6683027791      3.86e-03     ortho_decomp BFGS Step
    3    -918.6683755471      2.61e-04     ortho_decomp BFGS Step
    4    -918.6683758160      1.15e-05     ortho_decomp BFGS Step
    5    -918.6683758162      2.77e-07     ortho_decomp 00000 Convergence criterion met
 Hartree-Fock
 Hartree-Fock
 Hartree-Fock
 Exchange:     0.1500 Hartree-Fock + 1.0000 wB97M-V + LR-HF
 Correlation:  1.0000 wB97M-V
 Using Euler-Maclaurin-Lebedev (99,590) quadrature formula
 Nonlocal Correlation:  VV10 with C = 0.0100 and b = 6.00 and scale = 1.00000
 Grid used for NLC:  SG-1 standard quadrature
 Long-range K will be added via erf
 Coulomb attenuation parameter = 0.3 bohr**(-1)
 Nonlocal correlation = 3.212476449723e-01
Doing General SCFMI
 Exchange:     0.1500 Hartree-Fock + 1.0000 wB97M-V + LR-HF
 Correlation:  1.0000 wB97M-V
 Using Euler-Maclaurin-Lebedev (99,590) quadrature formula
 Nonlocal Correlation:  VV10 with C = 0.0100 and b = 6.00 and scale = 1.00000
 Grid used for NLC:  SG-1 standard quadrature
performing fock build at end of subrot_r(subrot) constructor so that all methods have access
<S^2> of initial wavefunction before polarization iterations 0.0000000000
Beginning iterations for the determination of the polarized wavefunction
Energy prior to optimization (guess energy) = -918.911777105964
Begin Timing: Total SCF Calculation
begin iterations for algorithm: DIIS         
the SCF tolerance is set to 1.00e-08
    1    -918.9117771060      5.54e-04     00000 
    2    -918.9336137789      2.36e-04     00000 
    3    -918.9360588001      8.84e-05     00000 
    4    -918.9365729349      4.05e-05     00000 
    5    -918.9367205785      1.82e-05     00000 
    6    -918.9367538819      7.06e-06     00000 
    7    -918.9367616482      3.01e-06     00000 
    8    -918.9367631235      1.29e-06     00000 
    9    -918.9367632166      9.59e-07     00000 
   10    -918.9367632413      5.12e-07     00000 
   11    -918.9367632477      2.38e-07     00000 
   12    -918.9367632498      1.43e-07     00000 
   13    -918.9367632510      6.74e-08     00000 
   14    -918.9367632513      2.65e-08     00000 
   15    -918.9367632513      1.27e-08     00000 
   16    -918.9367632514      5.64e-09     00000 Convergence criterion met
write pseudocanon occs and virts to disk
write pseudocanon orbital energies to disk
Timing for Total SCF: 377.00s (wall), 2260.65s (cpu)
<S^2> of polarized wavefunction after polarization iterations 0.0000000000
relaxing scfmi constraint to allow all rotations in the entire AO span
Doing General SCFMI
 Exchange:     0.1500 Hartree-Fock + 1.0000 wB97M-V + LR-HF
 Correlation:  1.0000 wB97M-V
 Using Euler-Maclaurin-Lebedev (99,590) quadrature formula
 Nonlocal Correlation:  VV10 with C = 0.0100 and b = 6.00 and scale = 1.00000
 Grid used for NLC:  SG-1 standard quadrature
performing fock build at end of subrot_r(subrot) constructor so that all methods have access
<S^2> of polarized wavefunction before ct-allowed iterations 0.0000000000
Beginning iterations for the determination of the CT-Allowed wavefunction
Energy prior to optimization (guess energy) = -918.936763251371
Begin Timing: Total SCF Calculation
begin iterations for algorithm: DIIS         
the SCF tolerance is set to 1.00e-08
    1    -918.9367632514      3.50e-04     00000 
    2    -918.9550168042      5.92e-05     00000 
    3    -918.9557519621      2.97e-05     00000 
    4    -918.9558323184      8.79e-06     00000 
    5    -918.9558410665      3.97e-06     00000 
    6    -918.9558424949      4.43e-07     00000 
    7    -918.9558425745      1.66e-07     00000 
    8    -918.9558425795      9.67e-08     00000 
    9    -918.9558425807      1.46e-08     00000 
   10    -918.9558425807      3.99e-09     00000 Convergence criterion met
write pseudocanon occs and virts to disk
write pseudocanon orbital energies to disk
Timing for Total SCF: 225.00s (wall), 1348.61s (cpu)
<S^2> of ct_allowed wavefunction after ct-allowed iterations 0.0000000000

================================
        Results of EDA2         
================================
Basic EDA Quantities
--------------------
Fragment Energies (Ha):
1 -460.2597934915
2 -458.6110430788
--------------------
  E_prp (kJ/mol) = 0.0000
  E_frz (kJ/mol) = -107.4907
  E_pol (kJ/mol) = -65.6019
  E_vct (kJ/mol) = -50.0934
  E_int (kJ/mol) = -223.1859
--------------------


Decomposition of frozen interaction energy
--------------------
  --------------------
  Orthogonal Frozen Decomposition:
  --------------------
     E_elec   (ELEC)   (kJ/mol) = -469.6966
     E_pauli  (PAULI)  (kJ/mol) = 419.1870
     E_disp   (DISP)   (kJ/mol) = -56.9811
  --------------------
  Classical Frozen Decomposition:
  --------------------
     E_cls_elec  (CLS ELEC)  (kJ/mol) = -280.0243
     E_mod_pauli (MOD PAULI) (kJ/mol) = 227.7309 (FRZ - CLS ELEC - CLS DISP)
     E_cls_disp  (CLS DISP)  (kJ/mol) = -55.1973
  --------------------
--------------------

Simplified EDA Summary (kJ/mol)
--------------------
 PREPARATION      0.0000
 FROZEN           -107.4907 (ELEC + PAULI + DISP)
[ELEC + PAULI = -52.2934, DISP = -55.1973]
 POLARIZATION    -65.6019
 CHARGE TRANSFER -50.0934
 TOTAL           -223.1859     (PRP + FRZ + POL + CT)
--------------------
 
 --------------------------------------------------------------
 
                    Orbital Energies (a.u.)
 --------------------------------------------------------------
 
 Alpha MOs
 -- Occupied --
******** -19.2158 -19.1979 -19.1967 -19.1914 -19.1869 -19.1818  -9.4168
 -7.1162  -7.1159  -7.1157  -1.0128  -1.0088  -1.0050  -1.0014  -0.9824
 -0.9736  -0.7082  -0.5117  -0.5085  -0.5040  -0.4999  -0.4882  -0.4623
 -0.3777  -0.3731  -0.3706  -0.3619  -0.3604  -0.3509  -0.3031  -0.2971
 -0.2890  -0.2863  -0.2771  -0.2744  -0.2238  -0.2226  -0.2193
 -- Virtual --
  0.1294   0.1349   0.1433   0.1489   0.1614   0.1666   0.1803   0.1858
  0.1894   0.2055   0.2108   0.2145   0.2153   0.2187   0.2217   0.2300
  0.2471   0.2504   0.2574   0.2593   0.2678   0.2729   0.2777   0.2889
  0.2922   0.3006   0.3110   0.3180   0.3305   0.3338   0.3397   0.3464
  0.3480   0.3616   0.3644   0.3686   0.3780   0.3860   0.3919   0.3927
  0.3989   0.4037   0.4083   0.4129   0.4192   0.4212   0.4232   0.4324
  0.4349   0.4371   0.4462   0.4528   0.4557   0.4622   0.4680   0.4719
  0.4779   0.4841   0.4878   0.4951   0.5032   0.5094   0.5105   0.5212
  0.5284   0.5313   0.5427   0.5465   0.5505   0.5632   0.5737   0.5800
  0.5862   0.5892   0.6003   0.6053   0.6060   0.6121   0.6228   0.6347
  0.6381   0.6452   0.6570   0.6588   0.6631   0.6727   0.6740   0.6775
  0.6791   0.6945   0.7041   0.7047   0.7123   0.7202   0.7245   0.7317
  0.7406   0.7526   0.7621   0.7641   0.7733   0.7765   0.7940   0.7964
  0.8045   0.8141   0.8206   0.8394   0.8417   0.8613   0.8656   0.8745
  0.8774   0.8888   0.8992   0.9121   0.9331   0.9391   0.9408   0.9576
  0.9614   0.9676   0.9781   0.9933   0.9971   1.0059   1.0187   1.0267
  1.0336   1.0389   1.0484   1.0560   1.0620   1.0754   1.0780   1.0916
  1.0948   1.1086   1.1238   1.1307   1.1358   1.1447   1.1493   1.1544
  1.1797   1.1877   1.2021   1.2088   1.2244   1.2293   1.2321   1.2385
  1.2518   1.2542   1.2788   1.2912   1.2978   1.3008   1.3073   1.3192
  1.3268   1.3318   1.3383   1.3483   1.3657   1.3801   1.3897   1.3949
  1.4018   1.4080   1.4189   1.4251   1.4423   1.4433   1.4519   1.4626
  1.4689   1.4931   1.5040   1.5194   1.5346   1.5646   1.5724   1.5961
  1.5999   1.6032   1.6222   1.6648   1.6938   1.7218   1.7275   1.8408
  2.0714   2.0716   2.0922   2.1026   2.1134   2.1190   2.1355   2.1523
  2.1710   2.1774   2.1790   2.1935   2.2030   2.2184   2.2344   2.2442
  2.2644   2.2655   2.3141   2.3206   2.3306   2.3376   2.3664   2.3742
  2.3781   2.3874   2.3955   2.4064   2.4127   2.4204   2.4436   2.4489
  2.4524   2.4688   2.4828   2.5045   2.5146   2.5765   2.6069   2.6354
  2.6544   2.7105   2.7471   2.7570   2.7951   2.8649   2.8740   2.8972
  2.9193   2.9297   2.9446   2.9661   2.9911   3.0072   3.0383   3.0557
  3.0630   3.0706   3.1471   3.1856   3.2151   3.2243   3.2586   3.3090
  3.3183   3.3364   3.3410   3.3491   3.3729   3.3889   3.4216   3.4263
  3.4330   3.4390   3.4571   3.4610   3.4738   3.4746   3.4857   3.5000
  3.5179   3.5553   3.5645   3.5683   3.5795   3.5929   3.5970   3.5974
  3.6048   3.6097   3.6279   3.6333   3.6391   3.6414   3.6458   3.6553
  3.6672   3.6841   3.6875   3.6963   3.8059   3.8219   3.8305   3.8418
  3.8758   3.8840   3.9027   3.9370   3.9764   4.0071   4.0218   4.0239
  4.0435   4.0483   4.0777   4.0937   4.0984   4.1023   4.1135   4.1551
  4.1587   4.1711   4.1769   4.1905   4.2018   4.2043   4.2153   4.2228
  4.2324   4.2357   4.2376   4.2487   4.2637   4.2741   4.2935   4.3047
  4.3115   4.3393   4.3547   4.3640   4.3661   4.3791   4.3905   4.4114
  4.4257   4.4348   4.4584   4.4621   4.4787   4.4842   4.4958   4.5009
  4.5177   4.8193   4.8440   4.8892   4.8903   4.8970   4.9021   4.9279
  4.9293   4.9378   4.9835   4.9948   5.0053   5.0891   5.1056   5.1611
  5.1752   5.1818   5.1919   5.3259   5.3335   5.3670   5.4132   5.4233
  5.4253   5.7926   5.8096   5.8345   5.8638   5.8716   5.8821   6.3375
  6.3495   6.3677   6.4491   6.4579   6.4717   6.5134   6.5904   6.5937
  6.6536   6.6590   6.6804   6.6866   6.7332   6.7516   6.7561   6.7645
  6.7812   6.7892   6.7932   6.7997   6.8065   6.8185   6.8218   6.8265
  6.8335   6.8490   6.8574   6.8749   6.8972   6.9015   6.9198   6.9255
  6.9279   6.9398   7.0008   7.0018   7.0146   7.0378   7.0480   7.0633
  7.0738   7.1675   7.2019   7.2397   7.2602   7.2821   7.2892   7.6126
  7.6272   7.6635   7.7040   7.7127   7.7170   7.7248   7.7430   7.7542
  7.8377   7.8432   7.8496   7.8701   7.9715   7.9920   8.0307   8.0463
  8.0638   8.5728   8.5901   8.6572   8.6822   8.7165  11.4735  11.5160
 11.5305  26.2472  44.4066  44.5226  44.6174  44.6368  44.6649  44.6986
 --------------------------------------------------------------
 
          Ground-State Mulliken Net Atomic Charges

     Atom                 Charge (a.u.)
  ----------------------------------------
      1 Cl                   -0.801864
      2 O                    -0.478362
      3 H                     0.261903
      4 H                     0.142856
      5 O                    -0.449293
      6 H                     0.295911
      7 H                     0.127608
      8 O                    -0.482391
      9 H                     0.180345
     10 H                     0.284559
     11 O                    -0.406183
     12 H                     0.234466
     13 H                     0.132615
     14 O                    -0.331490
     15 H                     0.114588
     16 H                     0.205589
     17 O                    -0.379728
     18 H                     0.206321
     19 H                     0.142551
  ----------------------------------------
  Sum of atomic charges =    -1.000000

 -----------------------------------------------------------------
                    Cartesian Multipole Moments
 -----------------------------------------------------------------
    Charge (ESU x 10^10)
                -4.8032
    Dipole Moment (Debye)
         X       2.1609      Y      -0.8736      Z      -1.1169
       Tot       2.5846
    Quadrupole Moments (Debye-Ang)
        XX     -71.8321     XY       2.8259     YY     -66.7673
        XZ       4.4036     YZ       3.4344     ZZ     -69.2236
    Octopole Moments (Debye-Ang^2)
       XXX      51.2866    XXY      16.1263    XYY     -22.0288
       YYY     -77.5614    XXZ       8.1209    XYZ       5.0467
       YYZ       0.1632    XZZ       6.5399    YZZ      14.0431
       ZZZ     -34.9594
    Hexadecapole Moments (Debye-Ang^3)
      XXXX   -1183.7336   XXXY      62.2996   XXYY    -362.0214
      XYYY     -44.3461   YYYY    -904.9303   XXXZ     -15.2186
      XXYZ      -3.0043   XYYZ      -2.6737   YYYZ      84.8499
      XXZZ    -310.8468   XYZZ      40.0010   YYZZ    -372.4747
      XZZZ      55.8738   YZZZ      10.3273   ZZZZ    -754.2836
 -----------------------------------------------------------------
 Total job time:  2514.69s(wall), 6205.23s(cpu) 
 Wed Jan 17 01:25:49 2024

        *************************************************************
        *                                                           *
        *  Thank you very much for using Q-Chem.  Have a nice day.  *
        *                                                           *
        *************************************************************


