
Running Job 1 of 1 122_Cl-Water_Cls_085_almo.in
qchem 122_Cl-Water_Cls_085_almo.in_1039717.0 /scratch/qchem1039717/ 6
/home/kchung25/qchem/5.4.0/exe/qcprog.exe_s 122_Cl-Water_Cls_085_almo.in_1039717.0 /scratch/qchem1039717/
                  Welcome to Q-Chem
     A Quantum Leap Into The Future Of Chemistry


 Q-Chem 5.4, Q-Chem, Inc., Pleasanton, CA (2021)

 E. Epifanovsky,  A. T. B. Gilbert,  Xintian Feng,  Joonho Lee,  Yuezhi Mao,  
 N. Mardirossian,  P. Pokhilko,  A. White,  M. Wormit,  M. P. Coons,  
 A. L. Dempwolff,  Zhengting Gan,  D. Hait,  P. R. Horn,  L. D. Jacobson,  
 I. Kaliman,  J. Kussmann,  A. W. Lange,  Ka Un Lao,  D. S. Levine,  Jie Liu,  
 S. C. McKenzie,  A. F. Morrison,  K. Nanda,  F. Plasser,  D. R. Rehn,  
 M. L. Vidal,  Zhi-Qiang You,  Ying Zhu,  B. Alam,  B. Albrecht,  
 A. Aldossary,  E. Alguire,  J. H. Andersen,  D. Barton,  K. Begam,  A. Behn,  
 Y. A. Bernard,  E. J. Berquist,  H. Burton,  A. Carreras,  K. Carter-Fenk,  
 Romit Chakraborty,  A. D. Chien,  K. D. Closser,  V. Cofer-Shabica,  
 S. Dasgupta,  Jia Deng,  M. de Wergifosse,  M. Diedenhofen,  Hainam Do,  
 S. Ehlert,  Po-Tung Fang,  S. Fatehi,  Qingguo Feng,  T. Friedhoff,  
 J. Gayvert,  Qinghui Ge,  G. Gidofalvi,  M. Goldey,  J. Gomes,  
 C. Gonzalez-Espinoza,  S. Gulania,  A. Gunina,  M. W. D. Hanson-Heine,  
 P. H. P. Harbach,  A. W. Hauser,  M. F. Herbst,  M. Hernandez Vera,  
 M. Hodecker,  Z. C. Holden,  S. Houck,  Xunkun Huang,  Kerwin Hui,  
 B. C. Huynh,  M. Ivanov,  Hyunjun Ji,  Hanjie Jiang,  B. Kaduk,  S. Kaehler,  
 K. Khistyaev,  Jaehoon Kim,  P. Klunzinger,  Z. Koczor-Benda,  
 Joong Hoon Koh,  D. Kosenkov,  L. Koulias,  T. Kowalczyk,  C. M. Krauter,  
 K. Kue,  A. Kunitsa,  T. Kus,  A. Landau,  K. V. Lawler,  D. Lefrancois,  
 S. Lehtola,  Rain Li,  Yi-Pei Li,  Jiashu Liang,  M. Liebenthal,  
 Hung-Hsuan Lin,  You-Sheng Lin,  Fenglai Liu,  Kuan-Yu Liu,  
 M. Loipersberger,  A. Luenser,  A. Manjanath,  P. Manohar,  E. Mansoor,  
 S. F. Manzer,  Shan-Ping Mao,  A. V. Marenich,  T. Markovich,  S. Mason,  
 S. A. Maurer,  P. F. McLaughlin,  M. F. S. J. Menger,  J.-M. Mewes,  
 S. A. Mewes,  P. Morgante,  J. W. Mullinax,  K. J. Oosterbaan,  G. Paran,  
 Alexander C. Paul,  Suranjan K. Paul,  F. Pavosevic,  Zheng Pei,  S. Prager,  
 E. I. Proynov,  E. Ramos,  B. Rana,  A. E. Rask,  A. Rettig,  R. M. Richard,  
 F. Rob,  E. Rossomme,  T. Scheele,  M. Scheurer,  M. Schneider,  
 N. Sergueev,  S. M. Sharada,  W. Skomorowski,  D. W. Small,  C. J. Stein,  
 Yu-Chuan Su,  E. J. Sundstrom,  Zhen Tao,  J. Thirman,  T. Tsuchimochi,  
 N. M. Tubman,  S. P. Veccham,  O. Vydrov,  J. Wenzel,  J. Witte,  A. Yamada,  
 Kun Yao,  S. Yeganeh,  S. R. Yost,  A. Zech,  Igor Ying Zhang,  Xing Zhang,  
 Yu Zhang,  D. Zuev,  A. Aspuru-Guzik,  A. T. Bell,  N. A. Besley,  
 K. B. Bravaya,  B. R. Brooks,  D. Casanova,  Jeng-Da Chai,  S. Coriani,  
 C. J. Cramer,  A. E. DePrince, III,  R. A. DiStasio Jr.,  A. Dreuw,  
 B. D. Dunietz,  T. R. Furlani,  W. A. Goddard III,  S. Grimme,  
 S. Hammes-Schiffer,  T. Head-Gordon,  W. J. Hehre,  Chao-Ping Hsu,  
 T.-C. Jagau,  Yousung Jung,  A. Klamt,  Jing Kong,  D. S. Lambrecht,  
 WanZhen Liang,  N. J. Mayhall,  C. W. McCurdy,  J. B. Neaton,  T. Neudecker,  
 C. Ochsenfeld,  J. A. Parkhill,  R. Peverati,  V. A. Rassolov,  Yihan Shao,  
 L. V. Slipchenko,  R. P. Steele,  J. E. Subotnik,  A. J. W. Thom,  
 A. Tkatchenko,  D. G. Truhlar,  T. Van Voorhis,  T. A. Wesolowski,  
 K. B. Whaley,  H. L. Woodcock III,  P. M. Zimmerman,  S. Faraji,  
 P. M. W. Gill,  M. Head-Gordon,  J. M. Herbert,  A. I. Krylov

 Additional authors since Version 5.4.0: 
 Chandrima Chakravarty,  L. Cunha,  R. Kang,  Yongbin Kim,  S. Kotaru,  
 Shaozhi Li,  Xiangyuan Li,  F. Matz,  A. Molle,  V. Parravicini,  
 Haisheng Ren,  Hengyuan Shen,  Yingli Su,  Hung-Yi Tsai,  C. Utku,  
 Fang Wang,  Jeff Yang,  F. Zeller

 Contributors to earlier versions of Q-Chem not listed above: 
 R. D. Adamson,  B. Austin,  R. Baer,  J. Baker,  G. J. O. Beran,  
 K. Brandhorst,  S. T. Brown,  E. F. C. Byrd,  Arup K. Chakraborty,  
 G. K. L. Chan,  Chun-Min Chang,  Yunqing Chen,  C.-L. Cheng,  
 Siu Hung Chien,  D. M. Chipman,  D. L. Crittenden,  H. Dachsel,  
 R. J. Doerksen,  A. D. Dutoi,  R. G. Edgar,  J. Fosso-Tande,  
 L. Fusti-Molnar,  D. Ghosh,  A. Ghysels,  A. Golubeva-Zadorozhnaya,  
 J. Gonthier,  M. S. Gordon,  S. R. Gwaltney,  G. Hawkins,  J. E. Herr,  
 A. Heyden,  S. Hirata,  E. G. Hohenstein,  G. Kedziora,  F. J. Keil,  
 C. Kelley,  Jihan Kim,  R. A. King,  R. Z. Khaliullin,  P. P. Korambath,  
 W. Kurlancheek,  A. Laurent,  A. M. Lee,  M. S. Lee,  S. V. Levchenko,  
 Ching Yeh Lin,  D. Liotard,  E. Livshits,  R. C. Lochan,  I. Lotan,  
 L. A. Martinez-Martinez,  P. E. Maslen,  N. Nair,  D. P. O'Neill,  
 D. Neuhauser,  E. Neuscamman,  C. M. Oana,  R. Olivares-Amaya,  R. Olson,  
 T. M. Perrine,  B. Peters,  P. A. Pieniazek,  A. Prociuk,  Y. M. Rhee,  
 J. Ritchie,  M. A. Rohrdanz,  E. Rosta,  N. J. Russ,  H. F. Schaefer III,  
 M. W. Schmidt,  N. E. Schultz,  S. Sharma,  N. Shenvi,  C. D. Sherrill,  
 A. C. Simmonett,  A. Sodt,  T. Stein,  D. Stuck,  K. S. Thanthiriwatte,  
 V. Vanovschi,  L. Vogt,  Tao Wang,  A. Warshel,  M. A. Watson,  
 C. F. Williams,  Q. Wu,  X. Xu,  Jun Yang,  W. Zhang,  Yan Zhao

   Please cite Q-Chem as follows:
  "Software for the frontiers of quantum chemistry:
   An overview of developments in the Q-Chem 5 package"
   J. Chem. Phys. 155, 084801 (2021)
   https://doi.org/10.1063/5.0055522 (open access)

 Q-Chem 5.4.2 for Intel X86 EM64T Linux

 Parts of Q-Chem use Armadillo 9.900.5 (Nocturnal Misbehaviour).
 http://arma.sourceforge.net/

 Q-Chem begins on Thu Jan 18 09:02:26 2024  

 Host: 
0

     Scratch files written to /scratch/qchem1039717//
 Dec1321 |scratch|qcdevops|jenkins|workspace|build_RNUM 5684   
 Processing $rem in /home/kchung25/qchem/5.4.0/config/preferences:
 Processing $rem in /home/kchung25/.qchemrc:

 Q-Chem warning in module libgen/rem_setup.C, line 3079:

 Neither GIA nor STOLL is specified by user. Use STOLL as the default


 Checking the input file for inconsistencies... 	...done.

--------------------------------------------------------------
User input:
--------------------------------------------------------------
$molecule
-1 1
--
-1 1
Cl     0.000000     0.000000     0.000000
--
0 1
O     -3.072186    -0.943385    -1.151340
H     -2.109297    -0.833410    -1.232254
H     -3.480580    -0.069519    -1.336406
O     -2.170564     2.085398    -0.537936
H     -1.492369     1.468992    -0.217548
H     -1.948541     2.234535    -1.504709
O      1.715914     2.702458    -1.046000
H      2.231407     2.871279    -1.844869
H      1.155635     1.946575    -1.231334
O     -0.734965     0.285092    -3.206055
H     -0.613228     0.151032    -2.243593
H     -0.192858     1.041459    -3.457951
O     -1.691451    -2.961899     0.571525
H     -1.220428    -3.805275     0.457431
H     -1.045938    -2.256831     0.320946
$end

$rem
JOBTYPE          eda
EDA2             1
METHOD           wB97M-V
BASIS            def2-TZVPPD
SYMMETRY         false
MEM_TOTAL        50000
MEM_STATIC       10000
THRESH           14
SCF_CONVERGENCE  8
XC_GRID          000099000590
NL_GRID          1
EDA_CLS_DISP     true
FD_MAT_VEC_PROD  FALSE
$end
--------------------------------------------------------------
 ----------------------------------------------------------------
             Standard Nuclear Orientation (Angstroms)
    I     Atom           X                Y                Z
 ----------------------------------------------------------------
    1      Cl      0.1089043788    -1.1688555128     0.2040048591
    2      O      -2.0266047165     1.4928940349     0.1113975086
    3      H      -1.4054959962     0.8618677925    -0.2908793132
    4      H      -1.4898937319     2.1808813827     0.5622762039
    5      O       0.7752490443     1.4164418846     1.6945853468
    6      H       0.5601961787     0.5294990540     1.3634691049
    7      H       1.2400383565     1.8718419555     0.9311930744
    8      O       3.4653960817    -0.9683864095     0.0155063608
    9      H       4.0633743948    -0.8237899971    -0.7287644615
   10      H       2.5951192700    -0.6817079668    -0.2674319727
   11      O       0.6963081832     1.3657325687    -1.8284959873
   12      H       0.4278555929     0.6628583043    -1.2015780840
   13      H       1.6591490509     1.3517812628    -1.8750304646
   14      O      -3.3351501648    -1.1881086725    -0.1100184105
   15      H      -3.7440129092    -1.7356132665    -0.8022850937
   16      H      -2.3592920689    -1.2956620520    -0.2228501450
 ----------------------------------------------------------------
 Molecular Point Group                 C1    NOp =  1
 Largest Abelian Subgroup              C1    NOp =  1
 Nuclear Repulsion Energy =         315.47165155 hartrees
 There are       34 alpha and       34 beta electrons
 Requested basis set is def2-TZVPPD
 There are 157 shells and 421 basis functions

 Q-Chem warning in module libmdc/get_mega.C, line 171:

 Allowed MEM_STATIC has been capped at MEM_STATIC=8191.
 Reduce the value of MEM_STATIC to silence this warning.


 Total QAlloc Memory Limit  50000 MB
 Mega-Array Size      8007 MB
 MEM_STATIC part      8191 MB
 A cutoff of  1.0D-14 yielded  10700 shell pairs
 There are     76040 function pairs (     93106 Cartesian)
 Smallest overlap matrix eigenvalue = 1.56E-04

 Scale SEOQF with 1.000000e-01/1.000000e-01/1.000000e-01

 Standard Electronic Orientation quadrupole field applied
 Nucleus-field energy     =     0.0000000112 hartrees

 -----------------------------------------------------------------------
  General SCF calculation program by
  Eric Jon Sundstrom, Paul Horn, Yuezhi Mao, Dmitri Zuev, Alec White,
  David Stuck, Shaama M.S., Shane Yost, Joonho Lee, David Small,
  Daniel Levine, Susi Lehtola, Hugh Burton, Evgeny Epifanovsky,
  Bang C. Huynh
 -----------------------------------------------------------------------
================================================================
                 ALMO-EDA with the EDA2 driver                  
================================================================
 The second-generation ALMO-EDA (for DFT):                      
 P. R. Horn, Y. Mao and M. Head-Gordon, PCCP, 18, 23067 (2016)  
 Y. Mao et al. Annu. Rev. Phys. Chem. 72, 641 (2021)            
 Decomposition of the frozen energy:                            
 P. R. Horn, Y. Mao and M. Head-Gordon, JCP, 144, 114107 (2016) 
 FERF model for polarization:                                   
 P. R. Horn and M. Head-Gordon, JCP, 143, 114111 (2015)         
================================================================
 Using eda2 option set 1
 Option set summary: Frozen orbital wavefunction, initial wavefunction decomposition, and nDQ polarization.
--------------------------------
Printing EDA Options
--------------------------------
eda_child_super_basis      0
fragmo_guess_mode          0
child_mp                   1
child_mp_orders            232
cls_elec                   1
cls_disp                   1
scfmi_mode                 1
scfmi_occs                 0
scfmi_virts                0
frz_relax                  0
frz_relax_method           0
dc_pen_start               0
dc_pen_conv                0
dc_pen_increment           0
dc_pen_steps               0
dc_pen_thresh_factor       0
dc_pen_pre_newton_thresh   0
frz_ortho_decomp           1
frz_ortho_decomp_conv      6
plot_mo_ortho_frz          0
frgm_method                2
scfmi_freeze_ss            0
separate_rehyb             0
plot_diff_den              0
eda_nocv                   0
eda_vct_relax              1
disp_free_x                0
disp_free_c                0
eda_bsse                   0
eda_pct_a                  0
eda_covp                   0
--------------------------------
Attempting to make child job directory: /scratch/qchem1039717//Frg1/
Attempting to make child job directory: /scratch/qchem1039717//Frg2/
Creating input file /scratch/qchem1039717/Frg1.input
using default PutDataFrgm: nothing
calling putenv with: QCSCRATCH=/scratch/qchem1039717/ 
Spawning Job For Fragment 0
Done Job For Fragment 0
calling putenv with: QCSCRATCH=/scratch 
calling putenv with: QCTHREADS=6 
Creating input file /scratch/qchem1039717/Frg2.input
using default PutDataFrgm: nothing
calling putenv with: QCSCRATCH=/scratch/qchem1039717/ 
Spawning Job For Fragment 1
Done Job For Fragment 1
calling putenv with: QCSCRATCH=/scratch 
calling putenv with: QCTHREADS=6 
Doing General SCFMI
 Exchange:     0.1500 Hartree-Fock + 1.0000 wB97M-V + LR-HF
 Correlation:  1.0000 wB97M-V
 Using Euler-Maclaurin-Lebedev (99,590) quadrature formula
 Nonlocal Correlation:  VV10 with C = 0.0100 and b = 6.00 and scale = 1.00000
 Grid used for NLC:  SG-1 standard quadrature
performing fock build before subrot guess so that all methods have access
Printing subrot_rss_gen Method Specification:
Occupied Subspace Method is 0
Virtual Subspace Method is 0
Energy of the unrelaxed supersystem initial determinant -842.468903457447
write pseudocanon occs and virts to disk
write pseudocanon orbital energies to disk
Tolerance of ortho_decomp_scf: 1.00e-06
GDM subspace size: 20
Beginning the Orthogonal Decomposition of the Initial Supersystem Wavefunction
    1    -842.2198116981      2.83e-01     ortho_decomp Preconditoned Steepest Descent
    2    -842.2720013941      3.63e-03     ortho_decomp BFGS Step
    3    -842.2720554997      2.43e-04     ortho_decomp BFGS Step
    4    -842.2720556907      1.06e-05     ortho_decomp BFGS Step
    5    -842.2720556908      2.47e-07     ortho_decomp 00000 Convergence criterion met
 Hartree-Fock
 Hartree-Fock
 Hartree-Fock
 Exchange:     0.1500 Hartree-Fock + 1.0000 wB97M-V + LR-HF
 Correlation:  1.0000 wB97M-V
 Using Euler-Maclaurin-Lebedev (99,590) quadrature formula
 Nonlocal Correlation:  VV10 with C = 0.0100 and b = 6.00 and scale = 1.00000
 Grid used for NLC:  SG-1 standard quadrature
 Long-range K will be added via erf
 Coulomb attenuation parameter = 0.3 bohr**(-1)
 Nonlocal correlation = 2.788654972932e-01
Doing General SCFMI
 Exchange:     0.1500 Hartree-Fock + 1.0000 wB97M-V + LR-HF
 Correlation:  1.0000 wB97M-V
 Using Euler-Maclaurin-Lebedev (99,590) quadrature formula
 Nonlocal Correlation:  VV10 with C = 0.0100 and b = 6.00 and scale = 1.00000
 Grid used for NLC:  SG-1 standard quadrature
performing fock build at end of subrot_r(subrot) constructor so that all methods have access
<S^2> of initial wavefunction before polarization iterations 0.0000000000
Beginning iterations for the determination of the polarized wavefunction
Energy prior to optimization (guess energy) = -842.468903457447
Begin Timing: Total SCF Calculation
begin iterations for algorithm: DIIS         
the SCF tolerance is set to 1.00e-08
    1    -842.4689034574      6.09e-04     00000 
    2    -842.4897763087      2.36e-04     00000 
    3    -842.4917336356      8.49e-05     00000 
    4    -842.4921458673      3.77e-05     00000 
    5    -842.4922370714      2.02e-05     00000 
    6    -842.4922636923      8.26e-06     00000 
    7    -842.4922709487      3.68e-06     00000 
    8    -842.4922726315      1.45e-06     00000 
    9    -842.4922727403      1.05e-06     00000 
   10    -842.4922727620      6.31e-07     00000 
   11    -842.4922727680      3.23e-07     00000 
   12    -842.4922727708      1.55e-07     00000 
   13    -842.4922727720      6.03e-08     00000 
   14    -842.4922727722      3.20e-08     00000 
   15    -842.4922727722      1.92e-08     00000 
   16    -842.4922727723      7.11e-09     00000 Convergence criterion met
write pseudocanon occs and virts to disk
write pseudocanon orbital energies to disk
Timing for Total SCF: 270.00s (wall), 1621.56s (cpu)
<S^2> of polarized wavefunction after polarization iterations 0.0000000000
relaxing scfmi constraint to allow all rotations in the entire AO span
Doing General SCFMI
 Exchange:     0.1500 Hartree-Fock + 1.0000 wB97M-V + LR-HF
 Correlation:  1.0000 wB97M-V
 Using Euler-Maclaurin-Lebedev (99,590) quadrature formula
 Nonlocal Correlation:  VV10 with C = 0.0100 and b = 6.00 and scale = 1.00000
 Grid used for NLC:  SG-1 standard quadrature
performing fock build at end of subrot_r(subrot) constructor so that all methods have access
<S^2> of polarized wavefunction before ct-allowed iterations 0.0000000000
Beginning iterations for the determination of the CT-Allowed wavefunction
Energy prior to optimization (guess energy) = -842.492272772267
Begin Timing: Total SCF Calculation
begin iterations for algorithm: DIIS         
the SCF tolerance is set to 1.00e-08
    1    -842.4922727723      3.90e-04     00000 
    2    -842.5083246456      6.47e-05     00000 
    3    -842.5089838312      3.18e-05     00000 
    4    -842.5090529094      9.77e-06     00000 
    5    -842.5090612360      4.39e-06     00000 
    6    -842.5090625405      5.60e-07     00000 
    7    -842.5090626363      1.55e-07     00000 
    8    -842.5090626426      7.47e-08     00000 
    9    -842.5090626432      2.93e-08     00000 
   10    -842.5090626433      7.17e-09     00000 Convergence criterion met
write pseudocanon occs and virts to disk
write pseudocanon orbital energies to disk
Timing for Total SCF: 160.00s (wall), 963.02s (cpu)
<S^2> of ct_allowed wavefunction after ct-allowed iterations 0.0000000000

================================
        Results of EDA2         
================================
Basic EDA Quantities
--------------------
Fragment Energies (Ha):
1 -460.2597934916
2 -382.1668243546
--------------------
  E_prp (kJ/mol) = 0.0000
  E_frz (kJ/mol) = -111.0222
  E_pol (kJ/mol) = -61.3569
  E_vct (kJ/mol) = -44.0823
  E_int (kJ/mol) = -216.4614
--------------------


Decomposition of frozen interaction energy
--------------------
  --------------------
  Orthogonal Frozen Decomposition:
  --------------------
     E_elec   (ELEC)   (kJ/mol) = -385.9617
     E_pauli  (PAULI)  (kJ/mol) = 319.6411
     E_disp   (DISP)   (kJ/mol) = -44.7016
  --------------------
  Classical Frozen Decomposition:
  --------------------
     E_cls_elec  (CLS ELEC)  (kJ/mol) = -245.1604
     E_mod_pauli (MOD PAULI) (kJ/mol) = 175.7244 (FRZ - CLS ELEC - CLS DISP)
     E_cls_disp  (CLS DISP)  (kJ/mol) = -41.5862
  --------------------
--------------------

Simplified EDA Summary (kJ/mol)
--------------------
 PREPARATION      0.0000
 FROZEN           -111.0222 (ELEC + PAULI + DISP)
[ELEC + PAULI = -69.4360, DISP = -41.5862]
 POLARIZATION    -61.3569
 CHARGE TRANSFER -44.0823
 TOTAL           -216.4614     (PRP + FRZ + POL + CT)
--------------------
 
 --------------------------------------------------------------
 
                    Orbital Energies (a.u.)
 --------------------------------------------------------------
 
 Alpha MOs
 -- Occupied --
******** -19.2128 -19.2073 -19.1906 -19.1797 -19.1731  -9.4106  -7.1101
 -7.1099  -7.1096  -1.0167  -1.0082  -0.9855  -0.9749  -0.9683  -0.6989
 -0.5204  -0.5156  -0.4907  -0.4764  -0.4719  -0.3805  -0.3715  -0.3544
 -0.3520  -0.3365  -0.3047  -0.2992  -0.2796  -0.2725  -0.2598  -0.2169
 -0.2152  -0.2113
 -- Virtual --
  0.1219   0.1440   0.1496   0.1625   0.1745   0.1791   0.1911   0.1954
  0.2023   0.2127   0.2186   0.2257   0.2271   0.2375   0.2464   0.2495
  0.2597   0.2678   0.2788   0.2822   0.2922   0.3031   0.3064   0.3218
  0.3235   0.3293   0.3397   0.3516   0.3654   0.3713   0.3761   0.3789
  0.3912   0.3947   0.4037   0.4046   0.4115   0.4214   0.4353   0.4415
  0.4480   0.4524   0.4561   0.4608   0.4746   0.4770   0.4809   0.4815
  0.4910   0.4973   0.5007   0.5104   0.5129   0.5243   0.5340   0.5384
  0.5488   0.5550   0.5691   0.5817   0.5854   0.5903   0.6012   0.6076
  0.6188   0.6244   0.6280   0.6366   0.6443   0.6513   0.6533   0.6569
  0.6641   0.6831   0.6954   0.7024   0.7044   0.7254   0.7318   0.7419
  0.7434   0.7518   0.7653   0.7748   0.7820   0.7915   0.7992   0.8092
  0.8181   0.8242   0.8447   0.8472   0.8607   0.8675   0.8739   0.8877
  0.9060   0.9235   0.9294   0.9332   0.9411   0.9549   0.9645   0.9768
  0.9789   0.9916   1.0034   1.0084   1.0153   1.0393   1.0517   1.0687
  1.0731   1.0809   1.0852   1.0944   1.1086   1.1144   1.1236   1.1296
  1.1322   1.1416   1.1589   1.1690   1.1815   1.1947   1.2097   1.2319
  1.2624   1.2744   1.2832   1.2882   1.3046   1.3110   1.3154   1.3227
  1.3335   1.3366   1.3640   1.3736   1.3786   1.3946   1.4059   1.4195
  1.4266   1.4402   1.4460   1.4710   1.4804   1.4941   1.5065   1.5357
  1.5536   1.5712   1.5883   1.5983   1.6330   1.6369   1.6621   1.7041
  1.7098   1.7790   1.8647   2.0608   2.0702   2.0897   2.1060   2.1102
  2.1450   2.1516   2.1669   2.1791   2.1920   2.2069   2.2238   2.2397
  2.2504   2.2737   2.2992   2.3311   2.3392   2.3492   2.3640   2.3804
  2.3882   2.4079   2.4163   2.4266   2.4306   2.4322   2.4422   2.4605
  2.4697   2.4938   2.5097   2.5234   2.5441   2.6042   2.6501   2.7374
  2.7776   2.7908   2.8679   2.8748   2.9037   2.9309   2.9527   2.9793
  2.9923   2.9945   3.0116   3.0646   3.0834   3.1307   3.1474   3.1860
  3.2331   3.2790   3.3450   3.3770   3.3828   3.3960   3.4062   3.4184
  3.4227   3.4446   3.4551   3.4630   3.4696   3.4966   3.5141   3.5343
  3.5491   3.5620   3.5677   3.5813   3.5843   3.5913   3.5945   3.6043
  3.6121   3.6280   3.6321   3.6499   3.6539   3.6781   3.6872   3.7292
  3.7512   3.7981   3.8171   3.8579   3.8630   3.8972   3.9003   3.9621
  3.9960   4.0457   4.0689   4.0698   4.0841   4.0967   4.1140   4.1229
  4.1645   4.1723   4.1791   4.1969   4.2092   4.2204   4.2246   4.2278
  4.2391   4.2527   4.2615   4.2917   4.3170   4.3345   4.3375   4.3450
  4.3578   4.3881   4.4068   4.4107   4.4225   4.4311   4.4504   4.4572
  4.4750   4.5330   4.5384   4.5566   4.5728   4.8653   4.8741   4.8763
  4.8880   4.8948   4.8999   4.9194   4.9380   4.9412   4.9726   5.1358
  5.1415   5.1610   5.1746   5.2086   5.3286   5.3416   5.3707   5.3969
  5.3981   5.8152   5.8215   5.8231   5.8285   5.8497   6.3259   6.3292
  6.3421   6.3493   6.3578   6.5999   6.6327   6.6527   6.6778   6.6794
  6.7246   6.7346   6.7375   6.7388   6.7643   6.7822   6.7889   6.7985
  6.8161   6.8272   6.8520   6.8563   6.8630   6.8675   6.8747   6.8898
  6.9276   6.9527   6.9640   7.0102   7.0156   7.0271   7.0421   7.0521
  7.0679   7.2433   7.2578   7.2656   7.3072   7.3186   7.6335   7.6449
  7.6503   7.6682   7.6798   7.7230   7.7320   7.7517   7.7595   7.7734
  7.9799   7.9960   8.0180   8.0627   8.0854   8.5303   8.5351   8.5851
  8.6376   8.6712  11.4197  11.4610  11.5342  26.2691  44.5298  44.5783
 44.6449  44.6598  44.6743
 --------------------------------------------------------------
 
          Ground-State Mulliken Net Atomic Charges

     Atom                 Charge (a.u.)
  ----------------------------------------
      1 Cl                   -0.725982
      2 O                    -0.449416
      3 H                     0.187885
      4 H                     0.206879
      5 O                    -0.552943
      6 H                     0.273164
      7 H                     0.221744
      8 O                    -0.386215
      9 H                     0.141872
     10 H                     0.197037
     11 O                    -0.472370
     12 H                     0.226774
     13 H                     0.152194
     14 O                    -0.417878
     15 H                     0.137943
     16 H                     0.259311
  ----------------------------------------
  Sum of atomic charges =    -1.000000

 -----------------------------------------------------------------
                    Cartesian Multipole Moments
 -----------------------------------------------------------------
    Charge (ESU x 10^10)
                -4.8032
    Dipole Moment (Debye)
         X       3.1049      Y       1.0030      Z      -3.7749
       Tot       4.9896
    Quadrupole Moments (Debye-Ang)
        XX     -66.7787     XY       9.1248     YY     -60.0576
        XZ      -5.1848     YZ       3.8078     ZZ     -60.1901
    Octopole Moments (Debye-Ang^2)
       XXX      42.5368    XXY       2.0093    XYY      -6.3574
       YYY      14.4448    XXZ     -48.5901    XYZ     -12.1655
       YYZ      -2.8766    XZZ      -2.9691    YZZ     -15.4809
       ZZZ      -5.8775
    Hexadecapole Moments (Debye-Ang^3)
      XXXX   -1338.5715   XXXY      86.8104   XXYY    -307.9076
      XYYY      32.4099   YYYY    -548.3512   XXXZ     -49.4415
      XXYZ      44.7424   XYYZ       0.5200   YYYZ      24.7277
      XXZZ    -237.1547   XYZZ      -0.6690   YYZZ    -168.9988
      XZZZ     -19.4332   YZZZ      -5.5878   ZZZZ    -376.3486
 -----------------------------------------------------------------
 Total job time:  1724.84s(wall), 4415.08s(cpu) 
 Thu Jan 18 09:31:10 2024

        *************************************************************
        *                                                           *
        *  Thank you very much for using Q-Chem.  Have a nice day.  *
        *                                                           *
        *************************************************************


