
Running Job 1 of 1 122_Cl-Water_Cls_039_almo.in
qchem 122_Cl-Water_Cls_039_almo.in_1031108.0 /scratch/qchem1031108/ 6
/home/kchung25/qchem/5.4.0/exe/qcprog.exe_s 122_Cl-Water_Cls_039_almo.in_1031108.0 /scratch/qchem1031108/
                  Welcome to Q-Chem
     A Quantum Leap Into The Future Of Chemistry


 Q-Chem 5.4, Q-Chem, Inc., Pleasanton, CA (2021)

 E. Epifanovsky,  A. T. B. Gilbert,  Xintian Feng,  Joonho Lee,  Yuezhi Mao,  
 N. Mardirossian,  P. Pokhilko,  A. White,  M. Wormit,  M. P. Coons,  
 A. L. Dempwolff,  Zhengting Gan,  D. Hait,  P. R. Horn,  L. D. Jacobson,  
 I. Kaliman,  J. Kussmann,  A. W. Lange,  Ka Un Lao,  D. S. Levine,  Jie Liu,  
 S. C. McKenzie,  A. F. Morrison,  K. Nanda,  F. Plasser,  D. R. Rehn,  
 M. L. Vidal,  Zhi-Qiang You,  Ying Zhu,  B. Alam,  B. Albrecht,  
 A. Aldossary,  E. Alguire,  J. H. Andersen,  D. Barton,  K. Begam,  A. Behn,  
 Y. A. Bernard,  E. J. Berquist,  H. Burton,  A. Carreras,  K. Carter-Fenk,  
 Romit Chakraborty,  A. D. Chien,  K. D. Closser,  V. Cofer-Shabica,  
 S. Dasgupta,  Jia Deng,  M. de Wergifosse,  M. Diedenhofen,  Hainam Do,  
 S. Ehlert,  Po-Tung Fang,  S. Fatehi,  Qingguo Feng,  T. Friedhoff,  
 J. Gayvert,  Qinghui Ge,  G. Gidofalvi,  M. Goldey,  J. Gomes,  
 C. Gonzalez-Espinoza,  S. Gulania,  A. Gunina,  M. W. D. Hanson-Heine,  
 P. H. P. Harbach,  A. W. Hauser,  M. F. Herbst,  M. Hernandez Vera,  
 M. Hodecker,  Z. C. Holden,  S. Houck,  Xunkun Huang,  Kerwin Hui,  
 B. C. Huynh,  M. Ivanov,  Hyunjun Ji,  Hanjie Jiang,  B. Kaduk,  S. Kaehler,  
 K. Khistyaev,  Jaehoon Kim,  P. Klunzinger,  Z. Koczor-Benda,  
 Joong Hoon Koh,  D. Kosenkov,  L. Koulias,  T. Kowalczyk,  C. M. Krauter,  
 K. Kue,  A. Kunitsa,  T. Kus,  A. Landau,  K. V. Lawler,  D. Lefrancois,  
 S. Lehtola,  Rain Li,  Yi-Pei Li,  Jiashu Liang,  M. Liebenthal,  
 Hung-Hsuan Lin,  You-Sheng Lin,  Fenglai Liu,  Kuan-Yu Liu,  
 M. Loipersberger,  A. Luenser,  A. Manjanath,  P. Manohar,  E. Mansoor,  
 S. F. Manzer,  Shan-Ping Mao,  A. V. Marenich,  T. Markovich,  S. Mason,  
 S. A. Maurer,  P. F. McLaughlin,  M. F. S. J. Menger,  J.-M. Mewes,  
 S. A. Mewes,  P. Morgante,  J. W. Mullinax,  K. J. Oosterbaan,  G. Paran,  
 Alexander C. Paul,  Suranjan K. Paul,  F. Pavosevic,  Zheng Pei,  S. Prager,  
 E. I. Proynov,  E. Ramos,  B. Rana,  A. E. Rask,  A. Rettig,  R. M. Richard,  
 F. Rob,  E. Rossomme,  T. Scheele,  M. Scheurer,  M. Schneider,  
 N. Sergueev,  S. M. Sharada,  W. Skomorowski,  D. W. Small,  C. J. Stein,  
 Yu-Chuan Su,  E. J. Sundstrom,  Zhen Tao,  J. Thirman,  T. Tsuchimochi,  
 N. M. Tubman,  S. P. Veccham,  O. Vydrov,  J. Wenzel,  J. Witte,  A. Yamada,  
 Kun Yao,  S. Yeganeh,  S. R. Yost,  A. Zech,  Igor Ying Zhang,  Xing Zhang,  
 Yu Zhang,  D. Zuev,  A. Aspuru-Guzik,  A. T. Bell,  N. A. Besley,  
 K. B. Bravaya,  B. R. Brooks,  D. Casanova,  Jeng-Da Chai,  S. Coriani,  
 C. J. Cramer,  A. E. DePrince, III,  R. A. DiStasio Jr.,  A. Dreuw,  
 B. D. Dunietz,  T. R. Furlani,  W. A. Goddard III,  S. Grimme,  
 S. Hammes-Schiffer,  T. Head-Gordon,  W. J. Hehre,  Chao-Ping Hsu,  
 T.-C. Jagau,  Yousung Jung,  A. Klamt,  Jing Kong,  D. S. Lambrecht,  
 WanZhen Liang,  N. J. Mayhall,  C. W. McCurdy,  J. B. Neaton,  T. Neudecker,  
 C. Ochsenfeld,  J. A. Parkhill,  R. Peverati,  V. A. Rassolov,  Yihan Shao,  
 L. V. Slipchenko,  R. P. Steele,  J. E. Subotnik,  A. J. W. Thom,  
 A. Tkatchenko,  D. G. Truhlar,  T. Van Voorhis,  T. A. Wesolowski,  
 K. B. Whaley,  H. L. Woodcock III,  P. M. Zimmerman,  S. Faraji,  
 P. M. W. Gill,  M. Head-Gordon,  J. M. Herbert,  A. I. Krylov

 Additional authors since Version 5.4.0: 
 Chandrima Chakravarty,  L. Cunha,  R. Kang,  Yongbin Kim,  S. Kotaru,  
 Shaozhi Li,  Xiangyuan Li,  F. Matz,  A. Molle,  V. Parravicini,  
 Haisheng Ren,  Hengyuan Shen,  Yingli Su,  Hung-Yi Tsai,  C. Utku,  
 Fang Wang,  Jeff Yang,  F. Zeller

 Contributors to earlier versions of Q-Chem not listed above: 
 R. D. Adamson,  B. Austin,  R. Baer,  J. Baker,  G. J. O. Beran,  
 K. Brandhorst,  S. T. Brown,  E. F. C. Byrd,  Arup K. Chakraborty,  
 G. K. L. Chan,  Chun-Min Chang,  Yunqing Chen,  C.-L. Cheng,  
 Siu Hung Chien,  D. M. Chipman,  D. L. Crittenden,  H. Dachsel,  
 R. J. Doerksen,  A. D. Dutoi,  R. G. Edgar,  J. Fosso-Tande,  
 L. Fusti-Molnar,  D. Ghosh,  A. Ghysels,  A. Golubeva-Zadorozhnaya,  
 J. Gonthier,  M. S. Gordon,  S. R. Gwaltney,  G. Hawkins,  J. E. Herr,  
 A. Heyden,  S. Hirata,  E. G. Hohenstein,  G. Kedziora,  F. J. Keil,  
 C. Kelley,  Jihan Kim,  R. A. King,  R. Z. Khaliullin,  P. P. Korambath,  
 W. Kurlancheek,  A. Laurent,  A. M. Lee,  M. S. Lee,  S. V. Levchenko,  
 Ching Yeh Lin,  D. Liotard,  E. Livshits,  R. C. Lochan,  I. Lotan,  
 L. A. Martinez-Martinez,  P. E. Maslen,  N. Nair,  D. P. O'Neill,  
 D. Neuhauser,  E. Neuscamman,  C. M. Oana,  R. Olivares-Amaya,  R. Olson,  
 T. M. Perrine,  B. Peters,  P. A. Pieniazek,  A. Prociuk,  Y. M. Rhee,  
 J. Ritchie,  M. A. Rohrdanz,  E. Rosta,  N. J. Russ,  H. F. Schaefer III,  
 M. W. Schmidt,  N. E. Schultz,  S. Sharma,  N. Shenvi,  C. D. Sherrill,  
 A. C. Simmonett,  A. Sodt,  T. Stein,  D. Stuck,  K. S. Thanthiriwatte,  
 V. Vanovschi,  L. Vogt,  Tao Wang,  A. Warshel,  M. A. Watson,  
 C. F. Williams,  Q. Wu,  X. Xu,  Jun Yang,  W. Zhang,  Yan Zhao

   Please cite Q-Chem as follows:
  "Software for the frontiers of quantum chemistry:
   An overview of developments in the Q-Chem 5 package"
   J. Chem. Phys. 155, 084801 (2021)
   https://doi.org/10.1063/5.0055522 (open access)

 Q-Chem 5.4.2 for Intel X86 EM64T Linux

 Parts of Q-Chem use Armadillo 9.900.5 (Nocturnal Misbehaviour).
 http://arma.sourceforge.net/

 Q-Chem begins on Wed Jan 17 11:08:19 2024  

 Host: 
0

     Scratch files written to /scratch/qchem1031108//
 Dec1321 |scratch|qcdevops|jenkins|workspace|build_RNUM 5684   
 Processing $rem in /home/kchung25/qchem/5.4.0/config/preferences:
 Processing $rem in /home/kchung25/.qchemrc:

 Q-Chem warning in module libgen/rem_setup.C, line 3079:

 Neither GIA nor STOLL is specified by user. Use STOLL as the default


 Checking the input file for inconsistencies... 	...done.

--------------------------------------------------------------
User input:
--------------------------------------------------------------
$molecule
-1 1
--
-1 1
Cl     0.000000     0.000000     0.000000
--
0 1
O      1.422099    -1.987304     2.148825
H      1.064340    -1.506450     1.399804
H      2.368545    -1.867599     2.083815
O     -2.865467    -0.850270     1.171661
H     -2.084324    -0.528310     0.724260
H     -3.378232    -0.065480     1.313502
O     -2.426888     2.264567     1.019413
H     -1.479134     2.101066     1.074612
H     -2.670735     1.963972     0.116288
O      0.376785     2.007354     2.598138
H      1.072877     2.112276     3.311169
H      0.426693     1.248381     2.049427
$end

$rem
JOBTYPE          eda
EDA2             1
METHOD           wB97M-V
BASIS            def2-TZVPPD
SYMMETRY         false
MEM_TOTAL        50000
MEM_STATIC       10000
THRESH           14
SCF_CONVERGENCE  8
XC_GRID          000099000590
NL_GRID          1
EDA_CLS_DISP     true
FD_MAT_VEC_PROD  FALSE
$end
--------------------------------------------------------------
 ----------------------------------------------------------------
             Standard Nuclear Orientation (Angstroms)
    I     Atom           X                Y                Z
 ----------------------------------------------------------------
    1      Cl      0.4401276092     0.3774550658     1.2106487611
    2      O       3.0554133517     0.3227152507    -0.7249327207
    3      H       2.3793768474     0.4334909500    -0.0534061619
    4      H       3.7207466823    -0.2251041797    -0.3107575781
    5      O      -1.1440834106     2.0235349812    -1.0448658269
    6      H      -0.7843315834     1.5564832939    -0.2922360194
    7      H      -1.9980279238     1.6287112809    -1.1624888373
    8      O      -2.6843832163    -0.5206178408    -0.0092483994
    9      H      -1.8314605482    -0.9001471311     0.2284438200
   10      H      -2.8246775439     0.1904096080     0.6542355475
   11      O      -0.0962325371    -2.3760695718    -0.5363995919
   12      H       0.4908136476    -3.0926941826    -0.9182265812
   13      H       0.3196775629    -1.6043883128    -0.2030208165
 ----------------------------------------------------------------
 Molecular Point Group                 C1    NOp =  1
 Largest Abelian Subgroup              C1    NOp =  1
 Nuclear Repulsion Energy =         227.58241763 hartrees
 There are       29 alpha and       29 beta electrons
 Requested basis set is def2-TZVPPD
 There are 129 shells and 347 basis functions

 Q-Chem warning in module libmdc/get_mega.C, line 171:

 Allowed MEM_STATIC has been capped at MEM_STATIC=8191.
 Reduce the value of MEM_STATIC to silence this warning.


 Total QAlloc Memory Limit  50000 MB
 Mega-Array Size      8007 MB
 MEM_STATIC part      8191 MB

                       Distance Matrix (Angstroms)
             Cl(  1)   O (  2)   H (  3)   H (  4)   O (  5)   H (  6)
   O (  2)  3.254104
   H (  3)  2.315526  0.959294
   H (  4)  3.666090  0.956199  1.516328
   O (  5)  3.210397  4.542127  3.990740  5.409424
   H (  6)  2.268936  4.056236  3.365591  4.844598  0.956039
   H (  7)  3.625193  5.237781  4.671219  6.071776  0.948126  1.495198
   O (  8)  3.472355  5.845398  5.153051  6.419028  3.149244  2.829245
   H (  9)  2.785158  5.126973  4.425967  5.619024  3.262165  2.720776
   H ( 10)  3.317158  6.041116  5.257569  6.629211  3.011925  2.631535
   O ( 11)  3.304808  4.153535  3.775653  4.387129  4.551159  3.999759
   H ( 12)  4.071439  4.275460  4.092501  4.361715  5.372590  4.861349
   H ( 13)  2.437350  3.386794  2.901327  3.671689  4.001640  3.349314
             H (  7)   O (  8)   H (  9)   H ( 10)   O ( 11)   H ( 12)
   O (  8)  2.533903
   H (  9)  2.890945  0.963336
   H ( 10)  2.460193  0.982575  1.535283
   O ( 11)  4.477397  3.227865  2.402987  3.930501
   H ( 12)  5.342814  4.186131  3.393387  4.923808  1.001981
   H ( 13)  4.092099  3.199451  2.304238  3.720639  0.937878  1.660079

 
 A cutoff of  1.0D-14 yielded   7341 shell pairs
 There are     52529 function pairs (     64445 Cartesian)
 Smallest overlap matrix eigenvalue = 2.34E-04

 Scale SEOQF with 1.000000e-01/1.000000e-01/1.000000e-01

 Standard Electronic Orientation quadrupole field applied
 Nucleus-field energy     =     0.0000000091 hartrees

 -----------------------------------------------------------------------
  General SCF calculation program by
  Eric Jon Sundstrom, Paul Horn, Yuezhi Mao, Dmitri Zuev, Alec White,
  David Stuck, Shaama M.S., Shane Yost, Joonho Lee, David Small,
  Daniel Levine, Susi Lehtola, Hugh Burton, Evgeny Epifanovsky,
  Bang C. Huynh
 -----------------------------------------------------------------------
================================================================
                 ALMO-EDA with the EDA2 driver                  
================================================================
 The second-generation ALMO-EDA (for DFT):                      
 P. R. Horn, Y. Mao and M. Head-Gordon, PCCP, 18, 23067 (2016)  
 Y. Mao et al. Annu. Rev. Phys. Chem. 72, 641 (2021)            
 Decomposition of the frozen energy:                            
 P. R. Horn, Y. Mao and M. Head-Gordon, JCP, 144, 114107 (2016) 
 FERF model for polarization:                                   
 P. R. Horn and M. Head-Gordon, JCP, 143, 114111 (2015)         
================================================================
 Using eda2 option set 1
 Option set summary: Frozen orbital wavefunction, initial wavefunction decomposition, and nDQ polarization.
--------------------------------
Printing EDA Options
--------------------------------
eda_child_super_basis      0
fragmo_guess_mode          0
child_mp                   1
child_mp_orders            232
cls_elec                   1
cls_disp                   1
scfmi_mode                 1
scfmi_occs                 0
scfmi_virts                0
frz_relax                  0
frz_relax_method           0
dc_pen_start               0
dc_pen_conv                0
dc_pen_increment           0
dc_pen_steps               0
dc_pen_thresh_factor       0
dc_pen_pre_newton_thresh   0
frz_ortho_decomp           1
frz_ortho_decomp_conv      6
plot_mo_ortho_frz          0
frgm_method                2
scfmi_freeze_ss            0
separate_rehyb             0
plot_diff_den              0
eda_nocv                   0
eda_vct_relax              1
disp_free_x                0
disp_free_c                0
eda_bsse                   0
eda_pct_a                  0
eda_covp                   0
--------------------------------
Attempting to make child job directory: /scratch/qchem1031108//Frg1/
Attempting to make child job directory: /scratch/qchem1031108//Frg2/
Creating input file /scratch/qchem1031108/Frg1.input
using default PutDataFrgm: nothing
calling putenv with: QCSCRATCH=/scratch/qchem1031108/ 
Spawning Job For Fragment 0
Done Job For Fragment 0
calling putenv with: QCSCRATCH=/scratch 
calling putenv with: QCTHREADS=6 
Creating input file /scratch/qchem1031108/Frg2.input
using default PutDataFrgm: nothing
calling putenv with: QCSCRATCH=/scratch/qchem1031108/ 
Spawning Job For Fragment 1
Done Job For Fragment 1
calling putenv with: QCSCRATCH=/scratch 
calling putenv with: QCTHREADS=6 
Doing General SCFMI
 Exchange:     0.1500 Hartree-Fock + 1.0000 wB97M-V + LR-HF
 Correlation:  1.0000 wB97M-V
 Using Euler-Maclaurin-Lebedev (99,590) quadrature formula
 Nonlocal Correlation:  VV10 with C = 0.0100 and b = 6.00 and scale = 1.00000
 Grid used for NLC:  SG-1 standard quadrature
performing fock build before subrot guess so that all methods have access
Printing subrot_rss_gen Method Specification:
Occupied Subspace Method is 0
Virtual Subspace Method is 0
Energy of the unrelaxed supersystem initial determinant -766.040046988847
write pseudocanon occs and virts to disk
write pseudocanon orbital energies to disk
Tolerance of ortho_decomp_scf: 1.00e-06
GDM subspace size: 20
Beginning the Orthogonal Decomposition of the Initial Supersystem Wavefunction
    1    -765.8483269562      2.68e-01     ortho_decomp Preconditoned Steepest Descent
    2    -765.8863295491      3.44e-03     ortho_decomp BFGS Step
    3    -765.8863679831      2.24e-04     ortho_decomp BFGS Step
    4    -765.8863681125      9.62e-06     ortho_decomp BFGS Step
    5    -765.8863681126      2.03e-07     ortho_decomp 00000 Convergence criterion met
 Hartree-Fock
 Hartree-Fock
 Hartree-Fock
 Exchange:     0.1500 Hartree-Fock + 1.0000 wB97M-V + LR-HF
 Correlation:  1.0000 wB97M-V
 Using Euler-Maclaurin-Lebedev (99,590) quadrature formula
 Nonlocal Correlation:  VV10 with C = 0.0100 and b = 6.00 and scale = 1.00000
 Grid used for NLC:  SG-1 standard quadrature
 Long-range K will be added via erf
 Coulomb attenuation parameter = 0.3 bohr**(-1)
 Nonlocal correlation = 2.392340128675e-01
Doing General SCFMI
 Exchange:     0.1500 Hartree-Fock + 1.0000 wB97M-V + LR-HF
 Correlation:  1.0000 wB97M-V
 Using Euler-Maclaurin-Lebedev (99,590) quadrature formula
 Nonlocal Correlation:  VV10 with C = 0.0100 and b = 6.00 and scale = 1.00000
 Grid used for NLC:  SG-1 standard quadrature
performing fock build at end of subrot_r(subrot) constructor so that all methods have access
<S^2> of initial wavefunction before polarization iterations 0.0000000000
Beginning iterations for the determination of the polarized wavefunction
Energy prior to optimization (guess energy) = -766.040046988847
Begin Timing: Total SCF Calculation
begin iterations for algorithm: DIIS         
the SCF tolerance is set to 1.00e-08
    1    -766.0400469888      6.13e-04     00000 
    2    -766.0536759105      2.19e-04     00000 
    3    -766.0548474613      8.61e-05     00000 
    4    -766.0550904347      4.21e-05     00000 
    5    -766.0551465421      1.70e-05     00000 
    6    -766.0551599801      6.86e-06     00000 
    7    -766.0551627270      2.61e-06     00000 
    8    -766.0551631990      8.99e-07     00000 
    9    -766.0551632242      6.07e-07     00000 
   10    -766.0551632290      3.08e-07     00000 
   11    -766.0551632301      1.32e-07     00000 
   12    -766.0551632304      5.88e-08     00000 
   13    -766.0551632305      2.06e-08     00000 
   14    -766.0551632305      8.65e-09     00000 Convergence criterion met
write pseudocanon occs and virts to disk
write pseudocanon orbital energies to disk
Timing for Total SCF: 132.00s (wall), 791.47s (cpu)
<S^2> of polarized wavefunction after polarization iterations 0.0000000000
relaxing scfmi constraint to allow all rotations in the entire AO span
Doing General SCFMI
 Exchange:     0.1500 Hartree-Fock + 1.0000 wB97M-V + LR-HF
 Correlation:  1.0000 wB97M-V
 Using Euler-Maclaurin-Lebedev (99,590) quadrature formula
 Nonlocal Correlation:  VV10 with C = 0.0100 and b = 6.00 and scale = 1.00000
 Grid used for NLC:  SG-1 standard quadrature
performing fock build at end of subrot_r(subrot) constructor so that all methods have access
<S^2> of polarized wavefunction before ct-allowed iterations 0.0000000000
Beginning iterations for the determination of the CT-Allowed wavefunction
Energy prior to optimization (guess energy) = -766.055163230512
Begin Timing: Total SCF Calculation
begin iterations for algorithm: DIIS         
the SCF tolerance is set to 1.00e-08
    1    -766.0551632305      3.97e-04     00000 
    2    -766.0664831024      6.39e-05     00000 
    3    -766.0669659837      2.96e-05     00000 
    4    -766.0670072563      1.03e-05     00000 
    5    -766.0670136434      3.93e-06     00000 
    6    -766.0670143775      5.50e-07     00000 
    7    -766.0670144426      1.35e-07     00000 
    8    -766.0670144460      5.17e-08     00000 
    9    -766.0670144463      2.45e-08     00000 
   10    -766.0670144463      6.13e-09     00000 Convergence criterion met
write pseudocanon occs and virts to disk
write pseudocanon orbital energies to disk
Timing for Total SCF: 91.00s (wall), 543.59s (cpu)
<S^2> of ct_allowed wavefunction after ct-allowed iterations 0.0000000000

================================
        Results of EDA2         
================================
Basic EDA Quantities
--------------------
Fragment Energies (Ha):
1 -460.2597934913
2 -305.7395234114
--------------------
  E_prp (kJ/mol) = 0.0000
  E_frz (kJ/mol) = -106.9381
  E_pol (kJ/mol) = -39.6882
  E_vct (kJ/mol) = -31.1157
  E_int (kJ/mol) = -177.7420
--------------------


Decomposition of frozen interaction energy
--------------------
  --------------------
  Orthogonal Frozen Decomposition:
  --------------------
     E_elec   (ELEC)   (kJ/mol) = -303.9464
     E_pauli  (PAULI)  (kJ/mol) = 232.2354
     E_disp   (DISP)   (kJ/mol) = -35.2271
  --------------------
  Classical Frozen Decomposition:
  --------------------
     E_cls_elec  (CLS ELEC)  (kJ/mol) = -198.5106
     E_mod_pauli (MOD PAULI) (kJ/mol) = 124.6270 (FRZ - CLS ELEC - CLS DISP)
     E_cls_disp  (CLS DISP)  (kJ/mol) = -33.0545
  --------------------
--------------------

Simplified EDA Summary (kJ/mol)
--------------------
 PREPARATION      0.0000
 FROZEN           -106.9381 (ELEC + PAULI + DISP)
[ELEC + PAULI = -73.8836, DISP = -33.0545]
 POLARIZATION    -39.6882
 CHARGE TRANSFER -31.1157
 TOTAL           -177.7420     (PRP + FRZ + POL + CT)
--------------------
 
 --------------------------------------------------------------
 
                    Orbital Energies (a.u.)
 --------------------------------------------------------------
 
 Alpha MOs
 -- Occupied --
******** -19.1942 -19.1930 -19.1834 -19.1626  -9.3919  -7.0914  -7.0912
 -7.0910  -0.9947  -0.9918  -0.9906  -0.9750  -0.6782  -0.5210  -0.4912
 -0.4903  -0.4718  -0.3634  -0.3561  -0.3445  -0.3435  -0.2879  -0.2821
 -0.2793  -0.2608  -0.1984  -0.1971  -0.1950
 -- Virtual --
  0.1382   0.1512   0.1557   0.1687   0.1820   0.1965   0.2019   0.2106
  0.2127   0.2221   0.2299   0.2350   0.2457   0.2478   0.2550   0.2670
  0.2866   0.3032   0.3089   0.3207   0.3367   0.3479   0.3564   0.3635
  0.3679   0.3708   0.3819   0.3946   0.4093   0.4141   0.4209   0.4249
  0.4298   0.4360   0.4526   0.4570   0.4645   0.4712   0.4743   0.4857
  0.4895   0.4935   0.5005   0.5059   0.5183   0.5274   0.5347   0.5422
  0.5670   0.5718   0.5761   0.5835   0.5875   0.6072   0.6209   0.6226
  0.6437   0.6485   0.6589   0.6658   0.6731   0.6752   0.6823   0.6897
  0.7033   0.7161   0.7253   0.7331   0.7514   0.7669   0.7782   0.7923
  0.8049   0.8147   0.8205   0.8448   0.8545   0.8764   0.8843   0.9189
  0.9213   0.9282   0.9345   0.9514   0.9543   0.9625   0.9637   0.9781
  0.9864   0.9955   1.0033   1.0062   1.0218   1.0452   1.0496   1.0689
  1.0730   1.0864   1.1033   1.1136   1.1241   1.1377   1.1454   1.1720
  1.2187   1.2229   1.2478   1.2664   1.2773   1.2881   1.2919   1.2998
  1.3100   1.3277   1.3293   1.3538   1.3560   1.3691   1.3833   1.4017
  1.4316   1.4506   1.4833   1.4894   1.5122   1.5396   1.5528   1.5563
  1.5956   1.6258   1.6433   1.6929   1.7019   1.7872   2.0652   2.0754
  2.0919   2.1233   2.1505   2.1527   2.1649   2.1848   2.1998   2.2328
  2.2389   2.2741   2.2908   2.3083   2.3254   2.3510   2.3638   2.3688
  2.3890   2.3963   2.4026   2.4144   2.4268   2.4403   2.4479   2.4564
  2.4718   2.4897   2.4955   2.5869   2.6696   2.7038   2.7417   2.7598
  2.8586   2.8772   2.8950   2.9290   2.9480   2.9784   3.0010   3.0223
  3.0946   3.1078   3.1521   3.1858   3.2078   3.3472   3.3557   3.3822
  3.3969   3.4018   3.4187   3.4530   3.4552   3.4674   3.4960   3.5125
  3.5245   3.5569   3.5729   3.5870   3.5881   3.6069   3.6308   3.6352
  3.6446   3.6675   3.6720   3.6938   3.7231   3.7486   3.8486   3.8934
  3.9073   3.9217   3.9695   3.9816   4.0384   4.0533   4.0692   4.0734
  4.0924   4.1196   4.1412   4.1675   4.1954   4.2051   4.2183   4.2437
  4.2645   4.2826   4.2883   4.2928   4.3317   4.3374   4.3713   4.3817
  4.3917   4.4069   4.4112   4.4262   4.4553   4.4815   4.4857   4.5418
  4.5711   4.8646   4.8820   4.9056   4.9376   4.9455   4.9777   4.9808
  5.0281   5.1365   5.1769   5.2125   5.2569   5.3758   5.3931   5.4103
  5.4575   5.7354   5.8416   5.8691   5.9112   6.1078   6.4035   6.4404
  6.5283   6.6417   6.6421   6.7084   6.7403   6.7465   6.7537   6.7673
  6.7957   6.8044   6.8122   6.8208   6.8453   6.8603   6.8640   6.8732
  6.8781   6.9121   6.9350   6.9820   7.0242   7.0502   7.0532   7.0899
  7.1438   7.2512   7.2599   7.3105   7.3776   7.4568   7.6715   7.6927
  7.7017   7.7517   7.7817   7.8300   7.8954   7.9838   8.0195   8.0678
  8.1672   8.5263   8.5341   8.5641   8.6207   8.6713  11.4141  11.4398
 11.4834  25.9383  44.5363  44.5948  44.6130  44.6843
 --------------------------------------------------------------
 
          Ground-State Mulliken Net Atomic Charges

     Atom                 Charge (a.u.)
  ----------------------------------------
      1 Cl                   -0.805037
      2 O                    -0.423000
      3 H                     0.231303
      4 H                     0.129361
      5 O                    -0.456138
      6 H                     0.241747
      7 H                     0.160235
      8 O                    -0.462507
      9 H                     0.241143
     10 H                     0.187705
     11 O                    -0.431667
     12 H                     0.163826
     13 H                     0.223029
  ----------------------------------------
  Sum of atomic charges =    -1.000000

 -----------------------------------------------------------------
                    Cartesian Multipole Moments
 -----------------------------------------------------------------
    Charge (ESU x 10^10)
                -4.8032
    Dipole Moment (Debye)
         X       0.2903      Y      -3.0080      Z       0.0291
       Tot       3.0221
    Quadrupole Moments (Debye-Ang)
        XX     -52.0940     XY     -10.1505     YY     -52.8096
        XZ      -0.9745     YZ       4.1117     ZZ     -54.2150
    Octopole Moments (Debye-Ang^2)
       XXX      11.5437    XXY      -2.2371    XYY      16.2467
       YYY     -35.3630    XXZ      16.9302    XYZ       2.5852
       YYZ      -1.7980    XZZ     -10.6423    YZZ      -9.2671
       ZZZ     -14.0522
    Hexadecapole Moments (Debye-Ang^3)
      XXXX    -860.8569   XXXY    -117.1052   XXYY    -238.6657
      XYYY     -15.7795   YYYY    -506.3274   XXXZ      25.7005
      XXYZ       8.3992   XYYZ     -16.1058   YYYZ      51.0417
      XXZZ    -197.5254   XYZZ      -7.3535   YYZZ    -134.4146
      XZZZ      -4.0794   YZZZ       2.1212   ZZZZ    -290.7226
 -----------------------------------------------------------------
 Total job time:  902.76s(wall), 2343.48s(cpu) 
 Wed Jan 17 11:23:22 2024

        *************************************************************
        *                                                           *
        *  Thank you very much for using Q-Chem.  Have a nice day.  *
        *                                                           *
        *************************************************************


