
Running Job 1 of 1 122_Cl-Water_Cls_099_almo.in
qchem 122_Cl-Water_Cls_099_almo.in_1055407.0 /scratch/qchem1055407/ 6
/home/kchung25/qchem/5.4.0/exe/qcprog.exe_s 122_Cl-Water_Cls_099_almo.in_1055407.0 /scratch/qchem1055407/
                  Welcome to Q-Chem
     A Quantum Leap Into The Future Of Chemistry


 Q-Chem 5.4, Q-Chem, Inc., Pleasanton, CA (2021)

 E. Epifanovsky,  A. T. B. Gilbert,  Xintian Feng,  Joonho Lee,  Yuezhi Mao,  
 N. Mardirossian,  P. Pokhilko,  A. White,  M. Wormit,  M. P. Coons,  
 A. L. Dempwolff,  Zhengting Gan,  D. Hait,  P. R. Horn,  L. D. Jacobson,  
 I. Kaliman,  J. Kussmann,  A. W. Lange,  Ka Un Lao,  D. S. Levine,  Jie Liu,  
 S. C. McKenzie,  A. F. Morrison,  K. Nanda,  F. Plasser,  D. R. Rehn,  
 M. L. Vidal,  Zhi-Qiang You,  Ying Zhu,  B. Alam,  B. Albrecht,  
 A. Aldossary,  E. Alguire,  J. H. Andersen,  D. Barton,  K. Begam,  A. Behn,  
 Y. A. Bernard,  E. J. Berquist,  H. Burton,  A. Carreras,  K. Carter-Fenk,  
 Romit Chakraborty,  A. D. Chien,  K. D. Closser,  V. Cofer-Shabica,  
 S. Dasgupta,  Jia Deng,  M. de Wergifosse,  M. Diedenhofen,  Hainam Do,  
 S. Ehlert,  Po-Tung Fang,  S. Fatehi,  Qingguo Feng,  T. Friedhoff,  
 J. Gayvert,  Qinghui Ge,  G. Gidofalvi,  M. Goldey,  J. Gomes,  
 C. Gonzalez-Espinoza,  S. Gulania,  A. Gunina,  M. W. D. Hanson-Heine,  
 P. H. P. Harbach,  A. W. Hauser,  M. F. Herbst,  M. Hernandez Vera,  
 M. Hodecker,  Z. C. Holden,  S. Houck,  Xunkun Huang,  Kerwin Hui,  
 B. C. Huynh,  M. Ivanov,  Hyunjun Ji,  Hanjie Jiang,  B. Kaduk,  S. Kaehler,  
 K. Khistyaev,  Jaehoon Kim,  P. Klunzinger,  Z. Koczor-Benda,  
 Joong Hoon Koh,  D. Kosenkov,  L. Koulias,  T. Kowalczyk,  C. M. Krauter,  
 K. Kue,  A. Kunitsa,  T. Kus,  A. Landau,  K. V. Lawler,  D. Lefrancois,  
 S. Lehtola,  Rain Li,  Yi-Pei Li,  Jiashu Liang,  M. Liebenthal,  
 Hung-Hsuan Lin,  You-Sheng Lin,  Fenglai Liu,  Kuan-Yu Liu,  
 M. Loipersberger,  A. Luenser,  A. Manjanath,  P. Manohar,  E. Mansoor,  
 S. F. Manzer,  Shan-Ping Mao,  A. V. Marenich,  T. Markovich,  S. Mason,  
 S. A. Maurer,  P. F. McLaughlin,  M. F. S. J. Menger,  J.-M. Mewes,  
 S. A. Mewes,  P. Morgante,  J. W. Mullinax,  K. J. Oosterbaan,  G. Paran,  
 Alexander C. Paul,  Suranjan K. Paul,  F. Pavosevic,  Zheng Pei,  S. Prager,  
 E. I. Proynov,  E. Ramos,  B. Rana,  A. E. Rask,  A. Rettig,  R. M. Richard,  
 F. Rob,  E. Rossomme,  T. Scheele,  M. Scheurer,  M. Schneider,  
 N. Sergueev,  S. M. Sharada,  W. Skomorowski,  D. W. Small,  C. J. Stein,  
 Yu-Chuan Su,  E. J. Sundstrom,  Zhen Tao,  J. Thirman,  T. Tsuchimochi,  
 N. M. Tubman,  S. P. Veccham,  O. Vydrov,  J. Wenzel,  J. Witte,  A. Yamada,  
 Kun Yao,  S. Yeganeh,  S. R. Yost,  A. Zech,  Igor Ying Zhang,  Xing Zhang,  
 Yu Zhang,  D. Zuev,  A. Aspuru-Guzik,  A. T. Bell,  N. A. Besley,  
 K. B. Bravaya,  B. R. Brooks,  D. Casanova,  Jeng-Da Chai,  S. Coriani,  
 C. J. Cramer,  A. E. DePrince, III,  R. A. DiStasio Jr.,  A. Dreuw,  
 B. D. Dunietz,  T. R. Furlani,  W. A. Goddard III,  S. Grimme,  
 S. Hammes-Schiffer,  T. Head-Gordon,  W. J. Hehre,  Chao-Ping Hsu,  
 T.-C. Jagau,  Yousung Jung,  A. Klamt,  Jing Kong,  D. S. Lambrecht,  
 WanZhen Liang,  N. J. Mayhall,  C. W. McCurdy,  J. B. Neaton,  T. Neudecker,  
 C. Ochsenfeld,  J. A. Parkhill,  R. Peverati,  V. A. Rassolov,  Yihan Shao,  
 L. V. Slipchenko,  R. P. Steele,  J. E. Subotnik,  A. J. W. Thom,  
 A. Tkatchenko,  D. G. Truhlar,  T. Van Voorhis,  T. A. Wesolowski,  
 K. B. Whaley,  H. L. Woodcock III,  P. M. Zimmerman,  S. Faraji,  
 P. M. W. Gill,  M. Head-Gordon,  J. M. Herbert,  A. I. Krylov

 Additional authors since Version 5.4.0: 
 Chandrima Chakravarty,  L. Cunha,  R. Kang,  Yongbin Kim,  S. Kotaru,  
 Shaozhi Li,  Xiangyuan Li,  F. Matz,  A. Molle,  V. Parravicini,  
 Haisheng Ren,  Hengyuan Shen,  Yingli Su,  Hung-Yi Tsai,  C. Utku,  
 Fang Wang,  Jeff Yang,  F. Zeller

 Contributors to earlier versions of Q-Chem not listed above: 
 R. D. Adamson,  B. Austin,  R. Baer,  J. Baker,  G. J. O. Beran,  
 K. Brandhorst,  S. T. Brown,  E. F. C. Byrd,  Arup K. Chakraborty,  
 G. K. L. Chan,  Chun-Min Chang,  Yunqing Chen,  C.-L. Cheng,  
 Siu Hung Chien,  D. M. Chipman,  D. L. Crittenden,  H. Dachsel,  
 R. J. Doerksen,  A. D. Dutoi,  R. G. Edgar,  J. Fosso-Tande,  
 L. Fusti-Molnar,  D. Ghosh,  A. Ghysels,  A. Golubeva-Zadorozhnaya,  
 J. Gonthier,  M. S. Gordon,  S. R. Gwaltney,  G. Hawkins,  J. E. Herr,  
 A. Heyden,  S. Hirata,  E. G. Hohenstein,  G. Kedziora,  F. J. Keil,  
 C. Kelley,  Jihan Kim,  R. A. King,  R. Z. Khaliullin,  P. P. Korambath,  
 W. Kurlancheek,  A. Laurent,  A. M. Lee,  M. S. Lee,  S. V. Levchenko,  
 Ching Yeh Lin,  D. Liotard,  E. Livshits,  R. C. Lochan,  I. Lotan,  
 L. A. Martinez-Martinez,  P. E. Maslen,  N. Nair,  D. P. O'Neill,  
 D. Neuhauser,  E. Neuscamman,  C. M. Oana,  R. Olivares-Amaya,  R. Olson,  
 T. M. Perrine,  B. Peters,  P. A. Pieniazek,  A. Prociuk,  Y. M. Rhee,  
 J. Ritchie,  M. A. Rohrdanz,  E. Rosta,  N. J. Russ,  H. F. Schaefer III,  
 M. W. Schmidt,  N. E. Schultz,  S. Sharma,  N. Shenvi,  C. D. Sherrill,  
 A. C. Simmonett,  A. Sodt,  T. Stein,  D. Stuck,  K. S. Thanthiriwatte,  
 V. Vanovschi,  L. Vogt,  Tao Wang,  A. Warshel,  M. A. Watson,  
 C. F. Williams,  Q. Wu,  X. Xu,  Jun Yang,  W. Zhang,  Yan Zhao

   Please cite Q-Chem as follows:
  "Software for the frontiers of quantum chemistry:
   An overview of developments in the Q-Chem 5 package"
   J. Chem. Phys. 155, 084801 (2021)
   https://doi.org/10.1063/5.0055522 (open access)

 Q-Chem 5.4.2 for Intel X86 EM64T Linux

 Parts of Q-Chem use Armadillo 9.900.5 (Nocturnal Misbehaviour).
 http://arma.sourceforge.net/

 Q-Chem begins on Thu Jan 18 17:09:28 2024  

 Host: 
0

     Scratch files written to /scratch/qchem1055407//
 Dec1321 |scratch|qcdevops|jenkins|workspace|build_RNUM 5684   
 Processing $rem in /home/kchung25/qchem/5.4.0/config/preferences:
 Processing $rem in /home/kchung25/.qchemrc:

 Q-Chem warning in module libgen/rem_setup.C, line 3079:

 Neither GIA nor STOLL is specified by user. Use STOLL as the default


 Checking the input file for inconsistencies... 	...done.

--------------------------------------------------------------
User input:
--------------------------------------------------------------
$molecule
-1 1
--
-1 1
Cl     0.000000     0.000000     0.000000
--
0 1
O     -2.709595    -0.564414     1.986950
H     -2.012609    -0.356588     1.361955
H     -3.524735    -0.339512     1.483111
O      0.458298    -0.295669     3.415454
H      0.366928     0.233955     2.580124
H      1.441111    -0.213655     3.579034
O      0.964782     1.256879    -2.914500
H      0.751989     0.912790    -2.038240
H      0.228306     1.846266    -3.151398
O     -0.817501    -3.251590     0.551563
H     -1.223410    -3.568100    -0.255690
H     -1.014239    -2.333206     0.731087
O      1.264464     2.704809     0.729411
H      0.706287     1.905591     0.552777
H      1.975961     2.355386     1.286056
$end

$rem
JOBTYPE          eda
EDA2             1
METHOD           wB97M-V
BASIS            def2-TZVPPD
SYMMETRY         false
MEM_TOTAL        50000
MEM_STATIC       10000
THRESH           14
SCF_CONVERGENCE  8
XC_GRID          000099000590
NL_GRID          1
EDA_CLS_DISP     true
FD_MAT_VEC_PROD  FALSE
$end
--------------------------------------------------------------
 ----------------------------------------------------------------
             Standard Nuclear Orientation (Angstroms)
    I     Atom           X                Y                Z
 ----------------------------------------------------------------
    1      Cl      0.4131110921     0.3698411654    -0.0634324574
    2      O      -2.4021833018    -0.0782345164     1.8025215048
    3      H      -1.5655068962     0.0871537300     1.3640934025
    4      H      -2.2941789659     0.3957250506     2.6584334509
    5      O      -1.7618556023    -2.1866786718    -0.8980038687
    6      H      -0.9324677099    -1.8353532317    -0.4793006011
    7      H      -1.3848507351    -2.6267182136    -1.7126440576
    8      O       3.4959538469     1.5934758587    -0.0029505193
    9      H       2.6242131779     1.1847504903    -0.0701923776
   10      H       3.6971381213     1.6285823944     0.9479369691
   11      O      -2.3486469177     2.0789773968    -1.0618878613
   12      H      -2.2084872833     2.9907995061    -0.8058921188
   13      H      -1.9706789810     1.4566979589    -0.4419907581
   14      O       2.2046583971    -2.1171597807     0.1647908727
   15      H       1.5695934789    -1.3618050175     0.2522109860
   16      H       1.9389258486    -2.5301747730    -0.6700641440
 ----------------------------------------------------------------
 Molecular Point Group                 C1    NOp =  1
 Largest Abelian Subgroup              C1    NOp =  1
 Nuclear Repulsion Energy =         298.11611922 hartrees
 There are       34 alpha and       34 beta electrons
 Requested basis set is def2-TZVPPD
 There are 157 shells and 421 basis functions

 Q-Chem warning in module libmdc/get_mega.C, line 171:

 Allowed MEM_STATIC has been capped at MEM_STATIC=8191.
 Reduce the value of MEM_STATIC to silence this warning.


 Total QAlloc Memory Limit  50000 MB
 Mega-Array Size      8007 MB
 MEM_STATIC part      8191 MB
 A cutoff of  1.0D-14 yielded  10217 shell pairs
 There are     71529 function pairs (     87124 Cartesian)
 Smallest overlap matrix eigenvalue = 1.88E-04

 Scale SEOQF with 1.000000e-01/1.000000e-01/1.000000e-01

 Standard Electronic Orientation quadrupole field applied
 Nucleus-field energy     =     0.0000000165 hartrees

 -----------------------------------------------------------------------
  General SCF calculation program by
  Eric Jon Sundstrom, Paul Horn, Yuezhi Mao, Dmitri Zuev, Alec White,
  David Stuck, Shaama M.S., Shane Yost, Joonho Lee, David Small,
  Daniel Levine, Susi Lehtola, Hugh Burton, Evgeny Epifanovsky,
  Bang C. Huynh
 -----------------------------------------------------------------------
================================================================
                 ALMO-EDA with the EDA2 driver                  
================================================================
 The second-generation ALMO-EDA (for DFT):                      
 P. R. Horn, Y. Mao and M. Head-Gordon, PCCP, 18, 23067 (2016)  
 Y. Mao et al. Annu. Rev. Phys. Chem. 72, 641 (2021)            
 Decomposition of the frozen energy:                            
 P. R. Horn, Y. Mao and M. Head-Gordon, JCP, 144, 114107 (2016) 
 FERF model for polarization:                                   
 P. R. Horn and M. Head-Gordon, JCP, 143, 114111 (2015)         
================================================================
 Using eda2 option set 1
 Option set summary: Frozen orbital wavefunction, initial wavefunction decomposition, and nDQ polarization.
--------------------------------
Printing EDA Options
--------------------------------
eda_child_super_basis      0
fragmo_guess_mode          0
child_mp                   1
child_mp_orders            232
cls_elec                   1
cls_disp                   1
scfmi_mode                 1
scfmi_occs                 0
scfmi_virts                0
frz_relax                  0
frz_relax_method           0
dc_pen_start               0
dc_pen_conv                0
dc_pen_increment           0
dc_pen_steps               0
dc_pen_thresh_factor       0
dc_pen_pre_newton_thresh   0
frz_ortho_decomp           1
frz_ortho_decomp_conv      6
plot_mo_ortho_frz          0
frgm_method                2
scfmi_freeze_ss            0
separate_rehyb             0
plot_diff_den              0
eda_nocv                   0
eda_vct_relax              1
disp_free_x                0
disp_free_c                0
eda_bsse                   0
eda_pct_a                  0
eda_covp                   0
--------------------------------
Attempting to make child job directory: /scratch/qchem1055407//Frg1/
Attempting to make child job directory: /scratch/qchem1055407//Frg2/
Creating input file /scratch/qchem1055407/Frg1.input
using default PutDataFrgm: nothing
calling putenv with: QCSCRATCH=/scratch/qchem1055407/ 
Spawning Job For Fragment 0
Done Job For Fragment 0
calling putenv with: QCSCRATCH=/scratch 
calling putenv with: QCTHREADS=6 
Creating input file /scratch/qchem1055407/Frg2.input
using default PutDataFrgm: nothing
calling putenv with: QCSCRATCH=/scratch/qchem1055407/ 
Spawning Job For Fragment 1
Done Job For Fragment 1
calling putenv with: QCSCRATCH=/scratch 
calling putenv with: QCTHREADS=6 
Doing General SCFMI
 Exchange:     0.1500 Hartree-Fock + 1.0000 wB97M-V + LR-HF
 Correlation:  1.0000 wB97M-V
 Using Euler-Maclaurin-Lebedev (99,590) quadrature formula
 Nonlocal Correlation:  VV10 with C = 0.0100 and b = 6.00 and scale = 1.00000
 Grid used for NLC:  SG-1 standard quadrature
performing fock build before subrot guess so that all methods have access
Printing subrot_rss_gen Method Specification:
Occupied Subspace Method is 0
Virtual Subspace Method is 0
Energy of the unrelaxed supersystem initial determinant -842.474398426169
write pseudocanon occs and virts to disk
write pseudocanon orbital energies to disk
Tolerance of ortho_decomp_scf: 1.00e-06
GDM subspace size: 20
Beginning the Orthogonal Decomposition of the Initial Supersystem Wavefunction
    1    -842.2201925443      2.81e-01     ortho_decomp Preconditoned Steepest Descent
    2    -842.2723769360      3.70e-03     ortho_decomp BFGS Step
    3    -842.2724355332      2.58e-04     ortho_decomp BFGS Step
    4    -842.2724357374      1.10e-05     ortho_decomp BFGS Step
    5    -842.2724357376      2.68e-07     ortho_decomp 00000 Convergence criterion met
 Hartree-Fock
 Hartree-Fock
 Hartree-Fock
 Exchange:     0.1500 Hartree-Fock + 1.0000 wB97M-V + LR-HF
 Correlation:  1.0000 wB97M-V
 Using Euler-Maclaurin-Lebedev (99,590) quadrature formula
 Nonlocal Correlation:  VV10 with C = 0.0100 and b = 6.00 and scale = 1.00000
 Grid used for NLC:  SG-1 standard quadrature
 Long-range K will be added via erf
 Coulomb attenuation parameter = 0.3 bohr**(-1)
 Nonlocal correlation = 2.807964816469e-01
Doing General SCFMI
 Exchange:     0.1500 Hartree-Fock + 1.0000 wB97M-V + LR-HF
 Correlation:  1.0000 wB97M-V
 Using Euler-Maclaurin-Lebedev (99,590) quadrature formula
 Nonlocal Correlation:  VV10 with C = 0.0100 and b = 6.00 and scale = 1.00000
 Grid used for NLC:  SG-1 standard quadrature
performing fock build at end of subrot_r(subrot) constructor so that all methods have access
<S^2> of initial wavefunction before polarization iterations 0.0000000000
Beginning iterations for the determination of the polarized wavefunction
Energy prior to optimization (guess energy) = -842.474398426169
Begin Timing: Total SCF Calculation
begin iterations for algorithm: DIIS         
the SCF tolerance is set to 1.00e-08
    1    -842.4743984262      5.82e-04     00000 
    2    -842.4924773977      2.20e-04     00000 
    3    -842.4942553706      7.87e-05     00000 
    4    -842.4946418196      3.11e-05     00000 
    5    -842.4947284891      1.68e-05     00000 
    6    -842.4947467239      7.79e-06     00000 
    7    -842.4947518219      3.09e-06     00000 
    8    -842.4947527844      1.10e-06     00000 
    9    -842.4947528400      7.01e-07     00000 
   10    -842.4947528488      4.30e-07     00000 
   11    -842.4947528519      1.99e-07     00000 
   12    -842.4947528529      9.31e-08     00000 
   13    -842.4947528533      3.89e-08     00000 
   14    -842.4947528534      2.12e-08     00000 
   15    -842.4947528534      9.37e-09     00000 Convergence criterion met
write pseudocanon occs and virts to disk
write pseudocanon orbital energies to disk
Timing for Total SCF: 220.00s (wall), 1316.76s (cpu)
<S^2> of polarized wavefunction after polarization iterations 0.0000000000
relaxing scfmi constraint to allow all rotations in the entire AO span
Doing General SCFMI
 Exchange:     0.1500 Hartree-Fock + 1.0000 wB97M-V + LR-HF
 Correlation:  1.0000 wB97M-V
 Using Euler-Maclaurin-Lebedev (99,590) quadrature formula
 Nonlocal Correlation:  VV10 with C = 0.0100 and b = 6.00 and scale = 1.00000
 Grid used for NLC:  SG-1 standard quadrature
performing fock build at end of subrot_r(subrot) constructor so that all methods have access
<S^2> of polarized wavefunction before ct-allowed iterations 0.0000000000
Beginning iterations for the determination of the CT-Allowed wavefunction
Energy prior to optimization (guess energy) = -842.494752853435
Begin Timing: Total SCF Calculation
begin iterations for algorithm: DIIS         
the SCF tolerance is set to 1.00e-08
    1    -842.4947528534      3.69e-04     00000 
    2    -842.5097237001      6.21e-05     00000 
    3    -842.5103543010      3.13e-05     00000 
    4    -842.5104197191      9.99e-06     00000 
    5    -842.5104286063      4.23e-06     00000 
    6    -842.5104298883      5.63e-07     00000 
    7    -842.5104299960      1.52e-07     00000 
    8    -842.5104300013      8.46e-08     00000 
    9    -842.5104300020      2.40e-08     00000 
   10    -842.5104300020      5.44e-09     00000 Convergence criterion met
write pseudocanon occs and virts to disk
write pseudocanon orbital energies to disk
Timing for Total SCF: 141.00s (wall), 841.97s (cpu)
<S^2> of ct_allowed wavefunction after ct-allowed iterations 0.0000000000

================================
        Results of EDA2         
================================
Basic EDA Quantities
--------------------
Fragment Energies (Ha):
1 -460.2597934915
2 -382.1680629281
--------------------
  E_prp (kJ/mol) = -0.0000
  E_frz (kJ/mol) = -122.1975
  E_pol (kJ/mol) = -53.4412
  E_vct (kJ/mol) = -41.1608
  E_int (kJ/mol) = -216.7995
--------------------


Decomposition of frozen interaction energy
--------------------
  --------------------
  Orthogonal Frozen Decomposition:
  --------------------
     E_elec   (ELEC)   (kJ/mol) = -398.3248
     E_pauli  (PAULI)  (kJ/mol) = 320.7743
     E_disp   (DISP)   (kJ/mol) = -44.6470
  --------------------
  Classical Frozen Decomposition:
  --------------------
     E_cls_elec  (CLS ELEC)  (kJ/mol) = -249.9436
     E_mod_pauli (MOD PAULI) (kJ/mol) = 170.1374 (FRZ - CLS ELEC - CLS DISP)
     E_cls_disp  (CLS DISP)  (kJ/mol) = -42.3913
  --------------------
--------------------

Simplified EDA Summary (kJ/mol)
--------------------
 PREPARATION      -0.0000
 FROZEN           -122.1975 (ELEC + PAULI + DISP)
[ELEC + PAULI = -79.8062, DISP = -42.3913]
 POLARIZATION    -53.4412
 CHARGE TRANSFER -41.1608
 TOTAL           -216.7995     (PRP + FRZ + POL + CT)
--------------------
 
 --------------------------------------------------------------
 
                    Orbital Energies (a.u.)
 --------------------------------------------------------------
 
 Alpha MOs
 -- Occupied --
******** -19.2050 -19.2025 -19.1905 -19.1899 -19.1820  -9.4115  -7.1110
 -7.1109  -7.1104  -1.0032  -0.9959  -0.9916  -0.9913  -0.9809  -0.6996
 -0.5158  -0.4982  -0.4935  -0.4817  -0.4781  -0.3741  -0.3703  -0.3590
 -0.3567  -0.3493  -0.2946  -0.2891  -0.2845  -0.2835  -0.2746  -0.2188
 -0.2148  -0.2125
 -- Virtual --
  0.1367   0.1376   0.1434   0.1495   0.1672   0.1837   0.1884   0.1978
  0.2024   0.2108   0.2174   0.2216   0.2254   0.2297   0.2380   0.2470
  0.2483   0.2653   0.2698   0.2810   0.2878   0.2937   0.3076   0.3088
  0.3211   0.3337   0.3408   0.3455   0.3494   0.3639   0.3669   0.3763
  0.3778   0.3827   0.3876   0.3953   0.4014   0.4110   0.4143   0.4189
  0.4252   0.4295   0.4367   0.4433   0.4491   0.4608   0.4674   0.4690
  0.4777   0.4898   0.4915   0.4978   0.4997   0.5055   0.5175   0.5327
  0.5366   0.5407   0.5518   0.5673   0.5711   0.5834   0.5887   0.5936
  0.5990   0.6080   0.6193   0.6319   0.6399   0.6454   0.6500   0.6569
  0.6613   0.6719   0.6817   0.6943   0.7005   0.7046   0.7135   0.7164
  0.7204   0.7305   0.7364   0.7387   0.7580   0.7632   0.7659   0.7832
  0.7898   0.7953   0.8100   0.8155   0.8410   0.8445   0.8578   0.8769
  0.8845   0.8937   0.9046   0.9268   0.9302   0.9393   0.9415   0.9592
  0.9731   0.9793   1.0029   1.0081   1.0123   1.0271   1.0382   1.0479
  1.0592   1.0606   1.0679   1.0754   1.0865   1.0924   1.1063   1.1113
  1.1182   1.1222   1.1344   1.1375   1.1527   1.1786   1.2015   1.2069
  1.2300   1.2478   1.2686   1.2714   1.2986   1.3064   1.3116   1.3172
  1.3289   1.3406   1.3466   1.3517   1.3563   1.3712   1.3772   1.3849
  1.3988   1.4060   1.4170   1.4206   1.4433   1.4565   1.4651   1.4904
  1.5123   1.5476   1.5538   1.5709   1.5770   1.5896   1.6113   1.6614
  1.6980   1.7202   1.7874   2.0701   2.0873   2.0924   2.1067   2.1177
  2.1291   2.1489   2.1660   2.1774   2.1802   2.1967   2.2142   2.2207
  2.2412   2.2711   2.2774   2.3079   2.3240   2.3409   2.3466   2.3570
  2.3626   2.3772   2.3802   2.3956   2.3980   2.4117   2.4172   2.4290
  2.4484   2.4639   2.4957   2.5198   2.5357   2.6148   2.6332   2.7135
  2.7446   2.7857   2.8115   2.8321   2.8575   2.8815   2.9269   2.9325
  2.9702   2.9821   3.0036   3.0669   3.0942   3.1274   3.1292   3.1522
  3.1990   3.2186   3.3235   3.3310   3.3599   3.3697   3.3780   3.4049
  3.4096   3.4260   3.4305   3.4368   3.4422   3.4581   3.4675   3.4883
  3.5028   3.5486   3.5516   3.5619   3.5714   3.5794   3.5931   3.6000
  3.6070   3.6130   3.6225   3.6275   3.6346   3.6446   3.6693   3.6755
  3.7504   3.8040   3.8383   3.8453   3.8658   3.8711   3.8855   3.9411
  3.9629   4.0027   4.0276   4.0540   4.0555   4.0691   4.0793   4.1109
  4.1314   4.1500   4.1550   4.1791   4.1881   4.1899   4.1966   4.2059
  4.2094   4.2450   4.2517   4.2677   4.2723   4.2922   4.2934   4.3360
  4.3439   4.3495   4.3641   4.3787   4.3960   4.3982   4.4116   4.4171
  4.4571   4.4611   4.4732   4.4768   4.4890   4.8215   4.8615   4.8765
  4.8834   4.9069   4.9146   4.9283   4.9418   4.9475   4.9838   5.0822
  5.1308   5.1357   5.1568   5.2266   5.3160   5.3507   5.3566   5.3772
  5.4047   5.7987   5.8073   5.8374   5.8384   5.8409   6.2507   6.3649
  6.3676   6.3959   6.4217   6.5468   6.6267   6.6311   6.6449   6.6652
  6.6697   6.7282   6.7397   6.7422   6.7479   6.7577   6.7646   6.7808
  6.8093   6.8149   6.8280   6.8345   6.8386   6.8455   6.8512   6.9099
  6.9316   6.9447   6.9661   7.0038   7.0151   7.0273   7.0379   7.0406
  7.0503   7.1739   7.2194   7.2241   7.2430   7.3582   7.5947   7.6195
  7.6674   7.6746   7.6781   7.7240   7.7541   7.7615   7.7896   7.8155
  7.8755   7.9434   7.9857   7.9961   8.0926   8.5182   8.5483   8.5914
  8.6182   8.7141  11.3235  11.4796  11.5591  26.0641  44.5406  44.5713
 44.5836  44.6312  44.6556
 --------------------------------------------------------------
 
          Ground-State Mulliken Net Atomic Charges

     Atom                 Charge (a.u.)
  ----------------------------------------
      1 Cl                   -0.772506
      2 O                    -0.415450
      3 H                     0.239627
      4 H                     0.140289
      5 O                    -0.423798
      6 H                     0.231799
      7 H                     0.155941
      8 O                    -0.470266
      9 H                     0.260974
     10 H                     0.146657
     11 O                    -0.407522
     12 H                     0.131079
     13 H                     0.242120
     14 O                    -0.470036
     15 H                     0.266713
     16 H                     0.144380
  ----------------------------------------
  Sum of atomic charges =    -1.000000

 -----------------------------------------------------------------
                    Cartesian Multipole Moments
 -----------------------------------------------------------------
    Charge (ESU x 10^10)
                -4.8032
    Dipole Moment (Debye)
         X      -0.3779      Y       0.5151      Z       1.5076
       Tot       1.6374
    Quadrupole Moments (Debye-Ang)
        XX     -89.2362     XY      -4.4988     YY     -57.1667
        XZ      -0.4426     YZ      13.2948     ZZ     -47.4775
    Octopole Moments (Debye-Ang^2)
       XXX     -13.9663    XXY       3.6338    XYY     -18.4657
       YYY      18.9288    XXZ      23.8250    XYZ       4.6656
       YYZ     -12.8723    XZZ       5.9286    YZZ      -5.8383
       ZZZ      13.9678
    Hexadecapole Moments (Debye-Ang^3)
      XXXX   -1783.4323   XXXY     -22.7025   XXYY    -464.8454
      XYYY     -68.3619   YYYY    -736.5384   XXXZ      60.6192
      XXYZ      80.8652   XYYZ      -5.4130   YYYZ      56.2190
      XXZZ    -266.6103   XYZZ      11.8750   YYZZ    -156.2512
      XZZZ     -27.7292   YZZZ      52.7476   ZZZZ    -238.3626
 -----------------------------------------------------------------
 Total job time:  1466.93s(wall), 3751.89s(cpu) 
 Thu Jan 18 17:33:55 2024

        *************************************************************
        *                                                           *
        *  Thank you very much for using Q-Chem.  Have a nice day.  *
        *                                                           *
        *************************************************************


