
Running Job 1 of 1 122_Cl-Water_Cls_069_almo.in
qchem 122_Cl-Water_Cls_069_almo.in_1034700.0 /scratch/qchem1034700/ 6
/home/kchung25/qchem/5.4.0/exe/qcprog.exe_s 122_Cl-Water_Cls_069_almo.in_1034700.0 /scratch/qchem1034700/
                  Welcome to Q-Chem
     A Quantum Leap Into The Future Of Chemistry


 Q-Chem 5.4, Q-Chem, Inc., Pleasanton, CA (2021)

 E. Epifanovsky,  A. T. B. Gilbert,  Xintian Feng,  Joonho Lee,  Yuezhi Mao,  
 N. Mardirossian,  P. Pokhilko,  A. White,  M. Wormit,  M. P. Coons,  
 A. L. Dempwolff,  Zhengting Gan,  D. Hait,  P. R. Horn,  L. D. Jacobson,  
 I. Kaliman,  J. Kussmann,  A. W. Lange,  Ka Un Lao,  D. S. Levine,  Jie Liu,  
 S. C. McKenzie,  A. F. Morrison,  K. Nanda,  F. Plasser,  D. R. Rehn,  
 M. L. Vidal,  Zhi-Qiang You,  Ying Zhu,  B. Alam,  B. Albrecht,  
 A. Aldossary,  E. Alguire,  J. H. Andersen,  D. Barton,  K. Begam,  A. Behn,  
 Y. A. Bernard,  E. J. Berquist,  H. Burton,  A. Carreras,  K. Carter-Fenk,  
 Romit Chakraborty,  A. D. Chien,  K. D. Closser,  V. Cofer-Shabica,  
 S. Dasgupta,  Jia Deng,  M. de Wergifosse,  M. Diedenhofen,  Hainam Do,  
 S. Ehlert,  Po-Tung Fang,  S. Fatehi,  Qingguo Feng,  T. Friedhoff,  
 J. Gayvert,  Qinghui Ge,  G. Gidofalvi,  M. Goldey,  J. Gomes,  
 C. Gonzalez-Espinoza,  S. Gulania,  A. Gunina,  M. W. D. Hanson-Heine,  
 P. H. P. Harbach,  A. W. Hauser,  M. F. Herbst,  M. Hernandez Vera,  
 M. Hodecker,  Z. C. Holden,  S. Houck,  Xunkun Huang,  Kerwin Hui,  
 B. C. Huynh,  M. Ivanov,  Hyunjun Ji,  Hanjie Jiang,  B. Kaduk,  S. Kaehler,  
 K. Khistyaev,  Jaehoon Kim,  P. Klunzinger,  Z. Koczor-Benda,  
 Joong Hoon Koh,  D. Kosenkov,  L. Koulias,  T. Kowalczyk,  C. M. Krauter,  
 K. Kue,  A. Kunitsa,  T. Kus,  A. Landau,  K. V. Lawler,  D. Lefrancois,  
 S. Lehtola,  Rain Li,  Yi-Pei Li,  Jiashu Liang,  M. Liebenthal,  
 Hung-Hsuan Lin,  You-Sheng Lin,  Fenglai Liu,  Kuan-Yu Liu,  
 M. Loipersberger,  A. Luenser,  A. Manjanath,  P. Manohar,  E. Mansoor,  
 S. F. Manzer,  Shan-Ping Mao,  A. V. Marenich,  T. Markovich,  S. Mason,  
 S. A. Maurer,  P. F. McLaughlin,  M. F. S. J. Menger,  J.-M. Mewes,  
 S. A. Mewes,  P. Morgante,  J. W. Mullinax,  K. J. Oosterbaan,  G. Paran,  
 Alexander C. Paul,  Suranjan K. Paul,  F. Pavosevic,  Zheng Pei,  S. Prager,  
 E. I. Proynov,  E. Ramos,  B. Rana,  A. E. Rask,  A. Rettig,  R. M. Richard,  
 F. Rob,  E. Rossomme,  T. Scheele,  M. Scheurer,  M. Schneider,  
 N. Sergueev,  S. M. Sharada,  W. Skomorowski,  D. W. Small,  C. J. Stein,  
 Yu-Chuan Su,  E. J. Sundstrom,  Zhen Tao,  J. Thirman,  T. Tsuchimochi,  
 N. M. Tubman,  S. P. Veccham,  O. Vydrov,  J. Wenzel,  J. Witte,  A. Yamada,  
 Kun Yao,  S. Yeganeh,  S. R. Yost,  A. Zech,  Igor Ying Zhang,  Xing Zhang,  
 Yu Zhang,  D. Zuev,  A. Aspuru-Guzik,  A. T. Bell,  N. A. Besley,  
 K. B. Bravaya,  B. R. Brooks,  D. Casanova,  Jeng-Da Chai,  S. Coriani,  
 C. J. Cramer,  A. E. DePrince, III,  R. A. DiStasio Jr.,  A. Dreuw,  
 B. D. Dunietz,  T. R. Furlani,  W. A. Goddard III,  S. Grimme,  
 S. Hammes-Schiffer,  T. Head-Gordon,  W. J. Hehre,  Chao-Ping Hsu,  
 T.-C. Jagau,  Yousung Jung,  A. Klamt,  Jing Kong,  D. S. Lambrecht,  
 WanZhen Liang,  N. J. Mayhall,  C. W. McCurdy,  J. B. Neaton,  T. Neudecker,  
 C. Ochsenfeld,  J. A. Parkhill,  R. Peverati,  V. A. Rassolov,  Yihan Shao,  
 L. V. Slipchenko,  R. P. Steele,  J. E. Subotnik,  A. J. W. Thom,  
 A. Tkatchenko,  D. G. Truhlar,  T. Van Voorhis,  T. A. Wesolowski,  
 K. B. Whaley,  H. L. Woodcock III,  P. M. Zimmerman,  S. Faraji,  
 P. M. W. Gill,  M. Head-Gordon,  J. M. Herbert,  A. I. Krylov

 Additional authors since Version 5.4.0: 
 Chandrima Chakravarty,  L. Cunha,  R. Kang,  Yongbin Kim,  S. Kotaru,  
 Shaozhi Li,  Xiangyuan Li,  F. Matz,  A. Molle,  V. Parravicini,  
 Haisheng Ren,  Hengyuan Shen,  Yingli Su,  Hung-Yi Tsai,  C. Utku,  
 Fang Wang,  Jeff Yang,  F. Zeller

 Contributors to earlier versions of Q-Chem not listed above: 
 R. D. Adamson,  B. Austin,  R. Baer,  J. Baker,  G. J. O. Beran,  
 K. Brandhorst,  S. T. Brown,  E. F. C. Byrd,  Arup K. Chakraborty,  
 G. K. L. Chan,  Chun-Min Chang,  Yunqing Chen,  C.-L. Cheng,  
 Siu Hung Chien,  D. M. Chipman,  D. L. Crittenden,  H. Dachsel,  
 R. J. Doerksen,  A. D. Dutoi,  R. G. Edgar,  J. Fosso-Tande,  
 L. Fusti-Molnar,  D. Ghosh,  A. Ghysels,  A. Golubeva-Zadorozhnaya,  
 J. Gonthier,  M. S. Gordon,  S. R. Gwaltney,  G. Hawkins,  J. E. Herr,  
 A. Heyden,  S. Hirata,  E. G. Hohenstein,  G. Kedziora,  F. J. Keil,  
 C. Kelley,  Jihan Kim,  R. A. King,  R. Z. Khaliullin,  P. P. Korambath,  
 W. Kurlancheek,  A. Laurent,  A. M. Lee,  M. S. Lee,  S. V. Levchenko,  
 Ching Yeh Lin,  D. Liotard,  E. Livshits,  R. C. Lochan,  I. Lotan,  
 L. A. Martinez-Martinez,  P. E. Maslen,  N. Nair,  D. P. O'Neill,  
 D. Neuhauser,  E. Neuscamman,  C. M. Oana,  R. Olivares-Amaya,  R. Olson,  
 T. M. Perrine,  B. Peters,  P. A. Pieniazek,  A. Prociuk,  Y. M. Rhee,  
 J. Ritchie,  M. A. Rohrdanz,  E. Rosta,  N. J. Russ,  H. F. Schaefer III,  
 M. W. Schmidt,  N. E. Schultz,  S. Sharma,  N. Shenvi,  C. D. Sherrill,  
 A. C. Simmonett,  A. Sodt,  T. Stein,  D. Stuck,  K. S. Thanthiriwatte,  
 V. Vanovschi,  L. Vogt,  Tao Wang,  A. Warshel,  M. A. Watson,  
 C. F. Williams,  Q. Wu,  X. Xu,  Jun Yang,  W. Zhang,  Yan Zhao

   Please cite Q-Chem as follows:
  "Software for the frontiers of quantum chemistry:
   An overview of developments in the Q-Chem 5 package"
   J. Chem. Phys. 155, 084801 (2021)
   https://doi.org/10.1063/5.0055522 (open access)

 Q-Chem 5.4.2 for Intel X86 EM64T Linux

 Parts of Q-Chem use Armadillo 9.900.5 (Nocturnal Misbehaviour).
 http://arma.sourceforge.net/

 Q-Chem begins on Thu Jan 18 00:55:21 2024  

 Host: 
0

     Scratch files written to /scratch/qchem1034700//
 Dec1321 |scratch|qcdevops|jenkins|workspace|build_RNUM 5684   
 Processing $rem in /home/kchung25/qchem/5.4.0/config/preferences:
 Processing $rem in /home/kchung25/.qchemrc:

 Q-Chem warning in module libgen/rem_setup.C, line 3079:

 Neither GIA nor STOLL is specified by user. Use STOLL as the default


 Checking the input file for inconsistencies... 	...done.

--------------------------------------------------------------
User input:
--------------------------------------------------------------
$molecule
-1 1
--
-1 1
Cl     0.000000     0.000000     0.000000
--
0 1
O      2.463279    -1.637242     1.524697
H      2.153801    -1.174206     0.704797
H      3.424703    -1.765351     1.439217
O     -3.116776     0.013193     0.922660
H     -3.430576    -0.157029     0.005481
H     -2.173003    -0.131358     0.884899
O     -0.255395    -0.965558     3.259253
H      0.115940    -0.895008     2.380767
H     -0.515949    -0.061156     3.400927
O      0.593896     2.305977    -1.825798
H      1.456929     2.664655    -1.817872
H      0.413740     1.886953    -0.968415
O     -0.301908    -2.719564    -1.155955
H     -0.223765    -1.800429    -0.769036
H      0.140094    -2.598246    -2.035538
O     -2.739786     0.110883    -1.903292
H     -3.291889     0.616513    -2.564165
H     -1.849346     0.283247    -1.934967
$end

$rem
JOBTYPE          eda
EDA2             1
METHOD           wB97M-V
BASIS            def2-TZVPPD
SYMMETRY         false
MEM_TOTAL        50000
MEM_STATIC       10000
THRESH           14
SCF_CONVERGENCE  8
XC_GRID          000099000590
NL_GRID          1
EDA_CLS_DISP     true
FD_MAT_VEC_PROD  FALSE
$end
--------------------------------------------------------------
 ----------------------------------------------------------------
             Standard Nuclear Orientation (Angstroms)
    I     Atom           X                Y                Z
 ----------------------------------------------------------------
    1      Cl     -0.0695351382    -0.4498693675     0.2686651790
    2      O      -3.2919750298    -1.0171106282    -0.3372426008
    3      H      -2.3667644135    -1.3722982390    -0.3528007678
    4      H      -3.8935285671    -1.7707757948    -0.4720647522
    5      O       1.2910887155     2.4732601855     0.6807143386
    6      H       2.0312435667     2.2593940129     0.0682640599
    7      H       0.6624034729     1.7647210197     0.5551935177
    8      O      -2.4600996440     1.8481864399     1.0588549192
    9      H      -2.0824669872     1.0518410489     0.6875972839
   10      H      -2.0291457217     1.8545842117     1.9074659444
   11      O       1.6885455972    -2.6215378483     1.3626436329
   12      H       1.2811105315    -3.3946809161     1.6939820585
   13      H       1.0652523678    -1.8794444209     1.4254592432
   14      O      -0.1944933392    -0.0327459418    -2.6696680642
   15      H      -0.1346677205    -0.1572905364    -1.6789454348
   16      H       0.1594695779    -0.8998514980    -2.9961466803
   17      O       2.9707635392     0.5842915773    -0.6414655231
   18      H       3.9604857197     0.4924173372    -0.5453319127
   19      H       2.4980668118    -0.1755872524    -0.4906742242
 ----------------------------------------------------------------
 Molecular Point Group                 C1    NOp =  1
 Largest Abelian Subgroup              C1    NOp =  1
 Nuclear Repulsion Energy =         405.85483239 hartrees
 There are       39 alpha and       39 beta electrons
 Requested basis set is def2-TZVPPD
 There are 185 shells and 495 basis functions

 Q-Chem warning in module libmdc/get_mega.C, line 171:

 Allowed MEM_STATIC has been capped at MEM_STATIC=8191.
 Reduce the value of MEM_STATIC to silence this warning.


 Total QAlloc Memory Limit  50000 MB
 Mega-Array Size      8007 MB
 MEM_STATIC part      8191 MB
 A cutoff of  1.0D-14 yielded  14218 shell pairs
 There are     98756 function pairs (    120002 Cartesian)
 Smallest overlap matrix eigenvalue = 1.46E-04

 Scale SEOQF with 1.000000e-01/1.000000e-01/1.000000e-01

 Standard Electronic Orientation quadrupole field applied
 Nucleus-field energy     =     0.0000000116 hartrees

 -----------------------------------------------------------------------
  General SCF calculation program by
  Eric Jon Sundstrom, Paul Horn, Yuezhi Mao, Dmitri Zuev, Alec White,
  David Stuck, Shaama M.S., Shane Yost, Joonho Lee, David Small,
  Daniel Levine, Susi Lehtola, Hugh Burton, Evgeny Epifanovsky,
  Bang C. Huynh
 -----------------------------------------------------------------------
================================================================
                 ALMO-EDA with the EDA2 driver                  
================================================================
 The second-generation ALMO-EDA (for DFT):                      
 P. R. Horn, Y. Mao and M. Head-Gordon, PCCP, 18, 23067 (2016)  
 Y. Mao et al. Annu. Rev. Phys. Chem. 72, 641 (2021)            
 Decomposition of the frozen energy:                            
 P. R. Horn, Y. Mao and M. Head-Gordon, JCP, 144, 114107 (2016) 
 FERF model for polarization:                                   
 P. R. Horn and M. Head-Gordon, JCP, 143, 114111 (2015)         
================================================================
 Using eda2 option set 1
 Option set summary: Frozen orbital wavefunction, initial wavefunction decomposition, and nDQ polarization.
--------------------------------
Printing EDA Options
--------------------------------
eda_child_super_basis      0
fragmo_guess_mode          0
child_mp                   1
child_mp_orders            232
cls_elec                   1
cls_disp                   1
scfmi_mode                 1
scfmi_occs                 0
scfmi_virts                0
frz_relax                  0
frz_relax_method           0
dc_pen_start               0
dc_pen_conv                0
dc_pen_increment           0
dc_pen_steps               0
dc_pen_thresh_factor       0
dc_pen_pre_newton_thresh   0
frz_ortho_decomp           1
frz_ortho_decomp_conv      6
plot_mo_ortho_frz          0
frgm_method                2
scfmi_freeze_ss            0
separate_rehyb             0
plot_diff_den              0
eda_nocv                   0
eda_vct_relax              1
disp_free_x                0
disp_free_c                0
eda_bsse                   0
eda_pct_a                  0
eda_covp                   0
--------------------------------
Attempting to make child job directory: /scratch/qchem1034700//Frg1/
Attempting to make child job directory: /scratch/qchem1034700//Frg2/
Creating input file /scratch/qchem1034700/Frg1.input
using default PutDataFrgm: nothing
calling putenv with: QCSCRATCH=/scratch/qchem1034700/ 
Spawning Job For Fragment 0
Done Job For Fragment 0
calling putenv with: QCSCRATCH=/scratch 
calling putenv with: QCTHREADS=6 
Creating input file /scratch/qchem1034700/Frg2.input
using default PutDataFrgm: nothing
calling putenv with: QCSCRATCH=/scratch/qchem1034700/ 
Spawning Job For Fragment 1
Done Job For Fragment 1
calling putenv with: QCSCRATCH=/scratch 
calling putenv with: QCTHREADS=6 
Doing General SCFMI
 Exchange:     0.1500 Hartree-Fock + 1.0000 wB97M-V + LR-HF
 Correlation:  1.0000 wB97M-V
 Using Euler-Maclaurin-Lebedev (99,590) quadrature formula
 Nonlocal Correlation:  VV10 with C = 0.0100 and b = 6.00 and scale = 1.00000
 Grid used for NLC:  SG-1 standard quadrature
performing fock build before subrot guess so that all methods have access
Printing subrot_rss_gen Method Specification:
Occupied Subspace Method is 0
Virtual Subspace Method is 0
Energy of the unrelaxed supersystem initial determinant -918.902560900902
write pseudocanon occs and virts to disk
write pseudocanon orbital energies to disk
Tolerance of ortho_decomp_scf: 1.00e-06
GDM subspace size: 20
Beginning the Orthogonal Decomposition of the Initial Supersystem Wavefunction
    1    -918.5548807481      3.20e-01     ortho_decomp Preconditoned Steepest Descent
    2    -918.6350198965      4.33e-03     ortho_decomp BFGS Step
    3    -918.6351155866      3.15e-04     ortho_decomp BFGS Step
    4    -918.6351159583      1.44e-05     ortho_decomp BFGS Step
    5    -918.6351159587      3.80e-07     ortho_decomp 00000 Convergence criterion met
 Hartree-Fock
 Hartree-Fock
 Hartree-Fock
 Exchange:     0.1500 Hartree-Fock + 1.0000 wB97M-V + LR-HF
 Correlation:  1.0000 wB97M-V
 Using Euler-Maclaurin-Lebedev (99,590) quadrature formula
 Nonlocal Correlation:  VV10 with C = 0.0100 and b = 6.00 and scale = 1.00000
 Grid used for NLC:  SG-1 standard quadrature
 Long-range K will be added via erf
 Coulomb attenuation parameter = 0.3 bohr**(-1)
 Nonlocal correlation = 3.199449879253e-01
Doing General SCFMI
 Exchange:     0.1500 Hartree-Fock + 1.0000 wB97M-V + LR-HF
 Correlation:  1.0000 wB97M-V
 Using Euler-Maclaurin-Lebedev (99,590) quadrature formula
 Nonlocal Correlation:  VV10 with C = 0.0100 and b = 6.00 and scale = 1.00000
 Grid used for NLC:  SG-1 standard quadrature
performing fock build at end of subrot_r(subrot) constructor so that all methods have access
<S^2> of initial wavefunction before polarization iterations 0.0000000000
Beginning iterations for the determination of the polarized wavefunction
Energy prior to optimization (guess energy) = -918.902560900902
Begin Timing: Total SCF Calculation
begin iterations for algorithm: DIIS         
the SCF tolerance is set to 1.00e-08
    1    -918.9025609009      5.52e-04     00000 
    2    -918.9233734248      2.36e-04     00000 
    3    -918.9258890608      8.83e-05     00000 
    4    -918.9264533291      4.15e-05     00000 
    5    -918.9266261929      1.92e-05     00000 
    6    -918.9266658826      7.65e-06     00000 
    7    -918.9266758349      3.55e-06     00000 
    8    -918.9266777629      2.07e-06     00000 
    9    -918.9266779838      1.16e-06     00000 
   10    -918.9266780414      6.32e-07     00000 
   11    -918.9266780514      3.27e-07     00000 
   12    -918.9266780555      1.69e-07     00000 
   13    -918.9266780576      7.54e-08     00000 
   14    -918.9266780580      3.97e-08     00000 
   15    -918.9266780581      1.91e-08     00000 
   16    -918.9266780581      6.81e-09     00000 Convergence criterion met
write pseudocanon occs and virts to disk
write pseudocanon orbital energies to disk
Timing for Total SCF: 397.00s (wall), 2382.67s (cpu)
<S^2> of polarized wavefunction after polarization iterations 0.0000000000
relaxing scfmi constraint to allow all rotations in the entire AO span
Doing General SCFMI
 Exchange:     0.1500 Hartree-Fock + 1.0000 wB97M-V + LR-HF
 Correlation:  1.0000 wB97M-V
 Using Euler-Maclaurin-Lebedev (99,590) quadrature formula
 Nonlocal Correlation:  VV10 with C = 0.0100 and b = 6.00 and scale = 1.00000
 Grid used for NLC:  SG-1 standard quadrature
performing fock build at end of subrot_r(subrot) constructor so that all methods have access
<S^2> of polarized wavefunction before ct-allowed iterations 0.0000000000
Beginning iterations for the determination of the CT-Allowed wavefunction
Energy prior to optimization (guess energy) = -918.926678058147
Begin Timing: Total SCF Calculation
begin iterations for algorithm: DIIS         
the SCF tolerance is set to 1.00e-08
    1    -918.9266780581      3.77e-04     00000 
    2    -918.9475979533      6.36e-05     00000 
    3    -918.9484335348      3.31e-05     00000 
    4    -918.9485305399      9.99e-06     00000 
    5    -918.9485420422      4.48e-06     00000 
    6    -918.9485439481      5.36e-07     00000 
    7    -918.9485440711      2.16e-07     00000 
    8    -918.9485440787      1.10e-07     00000 
    9    -918.9485440803      1.67e-08     00000 
   10    -918.9485440804      4.96e-09     00000 Convergence criterion met
write pseudocanon occs and virts to disk
write pseudocanon orbital energies to disk
Timing for Total SCF: 236.00s (wall), 1416.23s (cpu)
<S^2> of ct_allowed wavefunction after ct-allowed iterations 0.0000000000

================================
        Results of EDA2         
================================
Basic EDA Quantities
--------------------
Fragment Energies (Ha):
1 -460.2597934915
2 -458.6045633246
--------------------
  E_prp (kJ/mol) = 0.0000
  E_frz (kJ/mol) = -100.3060
  E_pol (kJ/mol) = -63.3203
  E_vct (kJ/mol) = -57.4099
  E_int (kJ/mol) = -221.0363
--------------------


Decomposition of frozen interaction energy
--------------------
  --------------------
  Orthogonal Frozen Decomposition:
  --------------------
     E_elec   (ELEC)   (kJ/mol) = -518.9013
     E_pauli  (PAULI)  (kJ/mol) = 478.4855
     E_disp   (DISP)   (kJ/mol) = -59.8902
  --------------------
  Classical Frozen Decomposition:
  --------------------
     E_cls_elec  (CLS ELEC)  (kJ/mol) = -313.0997
     E_mod_pauli (MOD PAULI) (kJ/mol) = 271.4295 (FRZ - CLS ELEC - CLS DISP)
     E_cls_disp  (CLS DISP)  (kJ/mol) = -58.6358
  --------------------
--------------------

Simplified EDA Summary (kJ/mol)
--------------------
 PREPARATION      0.0000
 FROZEN           -100.3060 (ELEC + PAULI + DISP)
[ELEC + PAULI = -41.6702, DISP = -58.6358]
 POLARIZATION    -63.3203
 CHARGE TRANSFER -57.4099
 TOTAL           -221.0363     (PRP + FRZ + POL + CT)
--------------------
 
 --------------------------------------------------------------
 
                    Orbital Energies (a.u.)
 --------------------------------------------------------------
 
 Alpha MOs
 -- Occupied --
******** -19.2142 -19.2083 -19.1949 -19.1798 -19.1715 -19.1585  -9.4214
 -7.1208  -7.1205  -7.1204  -1.0240  -1.0068  -1.0015  -0.9913  -0.9630
 -0.9615  -0.7154  -0.5447  -0.5177  -0.5073  -0.4783  -0.4662  -0.4587
 -0.3798  -0.3675  -0.3654  -0.3600  -0.3481  -0.3306  -0.3056  -0.2964
 -0.2955  -0.2740  -0.2630  -0.2537  -0.2270  -0.2256  -0.2229
 -- Virtual --
  0.1243   0.1293   0.1386   0.1521   0.1661   0.1774   0.1821   0.1908
  0.1921   0.2067   0.2122   0.2151   0.2201   0.2235   0.2278   0.2420
  0.2502   0.2509   0.2594   0.2624   0.2765   0.2852   0.2874   0.2934
  0.2970   0.3045   0.3049   0.3252   0.3365   0.3394   0.3427   0.3504
  0.3615   0.3697   0.3720   0.3780   0.3841   0.3863   0.3947   0.3980
  0.4047   0.4085   0.4161   0.4211   0.4245   0.4314   0.4352   0.4363
  0.4438   0.4463   0.4563   0.4583   0.4620   0.4718   0.4815   0.4817
  0.4890   0.4945   0.4970   0.5062   0.5117   0.5203   0.5219   0.5236
  0.5334   0.5340   0.5390   0.5537   0.5599   0.5742   0.5752   0.5813
  0.5953   0.6006   0.6083   0.6190   0.6285   0.6305   0.6447   0.6470
  0.6546   0.6639   0.6711   0.6758   0.6830   0.6910   0.6955   0.7044
  0.7070   0.7123   0.7147   0.7214   0.7245   0.7310   0.7349   0.7403
  0.7609   0.7625   0.7654   0.7682   0.7763   0.7855   0.7966   0.8009
  0.8038   0.8244   0.8399   0.8528   0.8674   0.8725   0.8882   0.8935
  0.9030   0.9125   0.9172   0.9334   0.9377   0.9501   0.9532   0.9593
  0.9703   0.9776   0.9889   1.0008   1.0050   1.0128   1.0197   1.0291
  1.0350   1.0498   1.0617   1.0680   1.0764   1.0868   1.0913   1.1047
  1.1084   1.1216   1.1299   1.1435   1.1563   1.1590   1.1652   1.1790
  1.1896   1.2019   1.2095   1.2318   1.2422   1.2530   1.2618   1.2680
  1.2744   1.2857   1.2983   1.3108   1.3140   1.3306   1.3325   1.3418
  1.3573   1.3616   1.3681   1.3826   1.3920   1.3998   1.4026   1.4193
  1.4220   1.4368   1.4447   1.4539   1.4680   1.4768   1.4843   1.4864
  1.5008   1.5086   1.5391   1.5531   1.5585   1.5798   1.5849   1.6015
  1.6154   1.6326   1.6833   1.7020   1.7071   1.7315   1.7919   1.9124
  2.0669   2.0723   2.0889   2.1133   2.1317   2.1399   2.1437   2.1483
  2.1509   2.1675   2.1906   2.2030   2.2234   2.2540   2.2588   2.2656
  2.2827   2.3015   2.3090   2.3475   2.3522   2.3657   2.3738   2.3809
  2.3955   2.4088   2.4135   2.4353   2.4383   2.4459   2.4554   2.4590
  2.4724   2.4953   2.5072   2.5133   2.5261   2.5396   2.5719   2.6244
  2.6605   2.7266   2.7340   2.7987   2.8628   2.8673   2.8967   2.9091
  2.9156   2.9693   2.9859   3.0047   3.0351   3.0446   3.0644   3.0765
  3.0919   3.1341   3.1679   3.1907   3.2166   3.2391   3.2791   3.3241
  3.3466   3.3606   3.3721   3.3807   3.4044   3.4115   3.4343   3.4450
  3.4586   3.4645   3.4706   3.4796   3.4954   3.5052   3.5189   3.5286
  3.5445   3.5559   3.5639   3.5742   3.5812   3.5874   3.5951   3.6101
  3.6147   3.6254   3.6341   3.6467   3.6531   3.6619   3.6741   3.6895
  3.7074   3.7130   3.7332   3.7982   3.8097   3.8313   3.8473   3.8630
  3.8761   3.8873   3.9270   3.9400   3.9565   3.9942   4.0547   4.0649
  4.0870   4.0987   4.1068   4.1170   4.1272   4.1517   4.1687   4.1908
  4.2015   4.2075   4.2120   4.2277   4.2320   4.2351   4.2448   4.2559
  4.2566   4.2718   4.2801   4.2920   4.2962   4.3103   4.3234   4.3336
  4.3474   4.3688   4.3805   4.3864   4.3950   4.3979   4.4103   4.4203
  4.4250   4.4371   4.4516   4.4650   4.4826   4.5175   4.5341   4.5468
  4.6173   4.8530   4.8641   4.8716   4.8811   4.9236   4.9292   4.9321
  4.9467   4.9546   4.9710   5.0094   5.0458   5.1122   5.1265   5.1717
  5.1941   5.2000   5.2165   5.3092   5.3517   5.3903   5.4249   5.4353
  5.4640   5.7916   5.8021   5.8272   5.8420   5.8813   5.9033   6.2092
  6.2848   6.3499   6.3860   6.4304   6.5694   6.5849   6.6128   6.6312
  6.6673   6.6886   6.7005   6.7026   6.7149   6.7212   6.7535   6.7596
  6.7696   6.7918   6.7996   6.8026   6.8213   6.8323   6.8444   6.8521
  6.8597   6.8621   6.8806   6.8896   6.9088   6.9332   6.9727   6.9797
  6.9940   7.0046   7.0192   7.0382   7.0419   7.0599   7.0816   7.0849
  7.1309   7.2221   7.2413   7.2568   7.2994   7.3115   7.3494   7.5759
  7.6026   7.6685   7.6738   7.6855   7.7172   7.7305   7.7454   7.7666
  7.7807   7.8441   7.9081   7.9374   7.9650   8.0089   8.0386   8.1002
  8.1833   8.5516   8.5982   8.6298   8.6962   8.7205  11.4849  11.5238
 11.5537  26.3908  44.4675  44.6154  44.6202  44.6700  44.6867  44.7301
 --------------------------------------------------------------
 
          Ground-State Mulliken Net Atomic Charges

     Atom                 Charge (a.u.)
  ----------------------------------------
      1 Cl                   -0.766692
      2 O                    -0.385046
      3 H                     0.213129
      4 H                     0.133969
      5 O                    -0.511118
      6 H                     0.249872
      7 H                     0.246553
      8 O                    -0.417792
      9 H                     0.276905
     10 H                     0.138676
     11 O                    -0.375154
     12 H                     0.077477
     13 H                     0.228063
     14 O                    -0.518219
     15 H                     0.276395
     16 H                     0.155711
     17 O                    -0.369492
     18 H                     0.178377
     19 H                     0.168385
  ----------------------------------------
  Sum of atomic charges =    -1.000000

 -----------------------------------------------------------------
                    Cartesian Multipole Moments
 -----------------------------------------------------------------
    Charge (ESU x 10^10)
                -4.8032
    Dipole Moment (Debye)
         X       2.0385      Y      -5.8100      Z       0.7028
       Tot       6.1972
    Quadrupole Moments (Debye-Ang)
        XX     -68.4645     XY      10.2563     YY     -69.3870
        XZ      -4.9933     YZ       1.6962     ZZ     -66.9219
    Octopole Moments (Debye-Ang^2)
       XXX      65.9384    XXY     -22.4695    XYY     -20.5156
       YYY     -62.0868    XXZ     -20.3755    XYZ       1.0743
       YYZ     -10.9459    XZZ      -4.2850    YZZ     -14.5462
       ZZZ      28.1828
    Hexadecapole Moments (Debye-Ang^3)
      XXXX   -1203.4835   XXXY     193.2859   XXYY    -394.9304
      XYYY      47.5755   YYYY    -882.0188   XXXZ       4.0305
      XXYZ      12.8185   XYYZ     -13.7135   YYYZ     -64.0575
      XXZZ    -361.6016   XYZZ     -14.0274   YYZZ    -210.2506
      XZZZ     -44.2150   YZZZ      49.3755   ZZZZ    -601.9405
 -----------------------------------------------------------------
 Total job time:  2675.84s(wall), 6535.10s(cpu) 
 Thu Jan 18 01:39:57 2024

        *************************************************************
        *                                                           *
        *  Thank you very much for using Q-Chem.  Have a nice day.  *
        *                                                           *
        *************************************************************


