
Running Job 1 of 1 123_Br-Water_Cls_049_almo.in
qchem 123_Br-Water_Cls_049_almo.in_1094364.0 /scratch/qchem1094364/ 6
/home/kchung25/qchem/5.4.0/exe/qcprog.exe_s 123_Br-Water_Cls_049_almo.in_1094364.0 /scratch/qchem1094364/
                  Welcome to Q-Chem
     A Quantum Leap Into The Future Of Chemistry


 Q-Chem 5.4, Q-Chem, Inc., Pleasanton, CA (2021)

 E. Epifanovsky,  A. T. B. Gilbert,  Xintian Feng,  Joonho Lee,  Yuezhi Mao,  
 N. Mardirossian,  P. Pokhilko,  A. White,  M. Wormit,  M. P. Coons,  
 A. L. Dempwolff,  Zhengting Gan,  D. Hait,  P. R. Horn,  L. D. Jacobson,  
 I. Kaliman,  J. Kussmann,  A. W. Lange,  Ka Un Lao,  D. S. Levine,  Jie Liu,  
 S. C. McKenzie,  A. F. Morrison,  K. Nanda,  F. Plasser,  D. R. Rehn,  
 M. L. Vidal,  Zhi-Qiang You,  Ying Zhu,  B. Alam,  B. Albrecht,  
 A. Aldossary,  E. Alguire,  J. H. Andersen,  D. Barton,  K. Begam,  A. Behn,  
 Y. A. Bernard,  E. J. Berquist,  H. Burton,  A. Carreras,  K. Carter-Fenk,  
 Romit Chakraborty,  A. D. Chien,  K. D. Closser,  V. Cofer-Shabica,  
 S. Dasgupta,  Jia Deng,  M. de Wergifosse,  M. Diedenhofen,  Hainam Do,  
 S. Ehlert,  Po-Tung Fang,  S. Fatehi,  Qingguo Feng,  T. Friedhoff,  
 J. Gayvert,  Qinghui Ge,  G. Gidofalvi,  M. Goldey,  J. Gomes,  
 C. Gonzalez-Espinoza,  S. Gulania,  A. Gunina,  M. W. D. Hanson-Heine,  
 P. H. P. Harbach,  A. W. Hauser,  M. F. Herbst,  M. Hernandez Vera,  
 M. Hodecker,  Z. C. Holden,  S. Houck,  Xunkun Huang,  Kerwin Hui,  
 B. C. Huynh,  M. Ivanov,  Hyunjun Ji,  Hanjie Jiang,  B. Kaduk,  S. Kaehler,  
 K. Khistyaev,  Jaehoon Kim,  P. Klunzinger,  Z. Koczor-Benda,  
 Joong Hoon Koh,  D. Kosenkov,  L. Koulias,  T. Kowalczyk,  C. M. Krauter,  
 K. Kue,  A. Kunitsa,  T. Kus,  A. Landau,  K. V. Lawler,  D. Lefrancois,  
 S. Lehtola,  Rain Li,  Yi-Pei Li,  Jiashu Liang,  M. Liebenthal,  
 Hung-Hsuan Lin,  You-Sheng Lin,  Fenglai Liu,  Kuan-Yu Liu,  
 M. Loipersberger,  A. Luenser,  A. Manjanath,  P. Manohar,  E. Mansoor,  
 S. F. Manzer,  Shan-Ping Mao,  A. V. Marenich,  T. Markovich,  S. Mason,  
 S. A. Maurer,  P. F. McLaughlin,  M. F. S. J. Menger,  J.-M. Mewes,  
 S. A. Mewes,  P. Morgante,  J. W. Mullinax,  K. J. Oosterbaan,  G. Paran,  
 Alexander C. Paul,  Suranjan K. Paul,  F. Pavosevic,  Zheng Pei,  S. Prager,  
 E. I. Proynov,  E. Ramos,  B. Rana,  A. E. Rask,  A. Rettig,  R. M. Richard,  
 F. Rob,  E. Rossomme,  T. Scheele,  M. Scheurer,  M. Schneider,  
 N. Sergueev,  S. M. Sharada,  W. Skomorowski,  D. W. Small,  C. J. Stein,  
 Yu-Chuan Su,  E. J. Sundstrom,  Zhen Tao,  J. Thirman,  T. Tsuchimochi,  
 N. M. Tubman,  S. P. Veccham,  O. Vydrov,  J. Wenzel,  J. Witte,  A. Yamada,  
 Kun Yao,  S. Yeganeh,  S. R. Yost,  A. Zech,  Igor Ying Zhang,  Xing Zhang,  
 Yu Zhang,  D. Zuev,  A. Aspuru-Guzik,  A. T. Bell,  N. A. Besley,  
 K. B. Bravaya,  B. R. Brooks,  D. Casanova,  Jeng-Da Chai,  S. Coriani,  
 C. J. Cramer,  A. E. DePrince, III,  R. A. DiStasio Jr.,  A. Dreuw,  
 B. D. Dunietz,  T. R. Furlani,  W. A. Goddard III,  S. Grimme,  
 S. Hammes-Schiffer,  T. Head-Gordon,  W. J. Hehre,  Chao-Ping Hsu,  
 T.-C. Jagau,  Yousung Jung,  A. Klamt,  Jing Kong,  D. S. Lambrecht,  
 WanZhen Liang,  N. J. Mayhall,  C. W. McCurdy,  J. B. Neaton,  T. Neudecker,  
 C. Ochsenfeld,  J. A. Parkhill,  R. Peverati,  V. A. Rassolov,  Yihan Shao,  
 L. V. Slipchenko,  R. P. Steele,  J. E. Subotnik,  A. J. W. Thom,  
 A. Tkatchenko,  D. G. Truhlar,  T. Van Voorhis,  T. A. Wesolowski,  
 K. B. Whaley,  H. L. Woodcock III,  P. M. Zimmerman,  S. Faraji,  
 P. M. W. Gill,  M. Head-Gordon,  J. M. Herbert,  A. I. Krylov

 Additional authors since Version 5.4.0: 
 Chandrima Chakravarty,  L. Cunha,  R. Kang,  Yongbin Kim,  S. Kotaru,  
 Shaozhi Li,  Xiangyuan Li,  F. Matz,  A. Molle,  V. Parravicini,  
 Haisheng Ren,  Hengyuan Shen,  Yingli Su,  Hung-Yi Tsai,  C. Utku,  
 Fang Wang,  Jeff Yang,  F. Zeller

 Contributors to earlier versions of Q-Chem not listed above: 
 R. D. Adamson,  B. Austin,  R. Baer,  J. Baker,  G. J. O. Beran,  
 K. Brandhorst,  S. T. Brown,  E. F. C. Byrd,  Arup K. Chakraborty,  
 G. K. L. Chan,  Chun-Min Chang,  Yunqing Chen,  C.-L. Cheng,  
 Siu Hung Chien,  D. M. Chipman,  D. L. Crittenden,  H. Dachsel,  
 R. J. Doerksen,  A. D. Dutoi,  R. G. Edgar,  J. Fosso-Tande,  
 L. Fusti-Molnar,  D. Ghosh,  A. Ghysels,  A. Golubeva-Zadorozhnaya,  
 J. Gonthier,  M. S. Gordon,  S. R. Gwaltney,  G. Hawkins,  J. E. Herr,  
 A. Heyden,  S. Hirata,  E. G. Hohenstein,  G. Kedziora,  F. J. Keil,  
 C. Kelley,  Jihan Kim,  R. A. King,  R. Z. Khaliullin,  P. P. Korambath,  
 W. Kurlancheek,  A. Laurent,  A. M. Lee,  M. S. Lee,  S. V. Levchenko,  
 Ching Yeh Lin,  D. Liotard,  E. Livshits,  R. C. Lochan,  I. Lotan,  
 L. A. Martinez-Martinez,  P. E. Maslen,  N. Nair,  D. P. O'Neill,  
 D. Neuhauser,  E. Neuscamman,  C. M. Oana,  R. Olivares-Amaya,  R. Olson,  
 T. M. Perrine,  B. Peters,  P. A. Pieniazek,  A. Prociuk,  Y. M. Rhee,  
 J. Ritchie,  M. A. Rohrdanz,  E. Rosta,  N. J. Russ,  H. F. Schaefer III,  
 M. W. Schmidt,  N. E. Schultz,  S. Sharma,  N. Shenvi,  C. D. Sherrill,  
 A. C. Simmonett,  A. Sodt,  T. Stein,  D. Stuck,  K. S. Thanthiriwatte,  
 V. Vanovschi,  L. Vogt,  Tao Wang,  A. Warshel,  M. A. Watson,  
 C. F. Williams,  Q. Wu,  X. Xu,  Jun Yang,  W. Zhang,  Yan Zhao

   Please cite Q-Chem as follows:
  "Software for the frontiers of quantum chemistry:
   An overview of developments in the Q-Chem 5 package"
   J. Chem. Phys. 155, 084801 (2021)
   https://doi.org/10.1063/5.0055522 (open access)

 Q-Chem 5.4.2 for Intel X86 EM64T Linux

 Parts of Q-Chem use Armadillo 9.900.5 (Nocturnal Misbehaviour).
 http://arma.sourceforge.net/

 Q-Chem begins on Fri Jan 19 16:31:11 2024  

 Host: 
0

     Scratch files written to /scratch/qchem1094364//
 Dec1321 |scratch|qcdevops|jenkins|workspace|build_RNUM 5684   
 Processing $rem in /home/kchung25/qchem/5.4.0/config/preferences:
 Processing $rem in /home/kchung25/.qchemrc:

 Q-Chem warning in module libgen/rem_setup.C, line 3079:

 Neither GIA nor STOLL is specified by user. Use STOLL as the default


 Checking the input file for inconsistencies... 	...done.

--------------------------------------------------------------
User input:
--------------------------------------------------------------
$molecule
-1 1
--
-1 1
Br     0.000000     0.000000     0.000000
--
0 1
O      2.325004    -1.298634    -2.213133
H      2.857483    -1.255111    -1.413986
H      2.313941    -0.417505    -2.644260
O     -1.248098     0.645875    -3.275602
H     -0.485089     1.037878    -2.846501
H     -1.311819    -0.293005    -2.968019
O     -3.258963    -0.749716     1.164907
H     -2.392241    -0.545925     0.838651
H     -3.799812    -0.010076     0.950904
O     -1.050932     1.717097     2.665447
H     -0.953034     1.208500     1.826221
H     -1.159093     2.719158     2.537031
O      0.684386     2.811876    -1.890060
H      1.381221     2.308150    -2.327268
H      0.564161     2.487954    -0.988929
$end

$rem
JOBTYPE          eda
EDA2             1
METHOD           wB97M-V
BASIS            def2-TZVPPD
SYMMETRY         false
MEM_TOTAL        50000
MEM_STATIC       10000
THRESH           14
SCF_CONVERGENCE  8
XC_GRID          000099000590
NL_GRID          1
EDA_CLS_DISP     true
FD_MAT_VEC_PROD  FALSE
$end
--------------------------------------------------------------
 ----------------------------------------------------------------
             Standard Nuclear Orientation (Angstroms)
    I     Atom           X                Y                Z
 ----------------------------------------------------------------
    1      Br     -0.1565224414    -0.2692837834     0.5442892523
    2      O       3.0577213903    -1.2646928069     1.3615095455
    3      H       2.7261837711    -1.0301123366     2.2327838276
    4      H       3.3592365851    -0.4534322599     0.8996371530
    5      O       1.7173187218    -0.2325399635    -2.4875156198
    6      H       1.8045222329     0.3523210116    -1.7323269403
    7      H       1.4737861937    -1.1280953213    -2.1427898869
    8      O      -2.9859705418    -1.5675135005    -1.1435333934
    9      H      -2.2204198220    -1.2196165942    -0.7052633711
   10      H      -3.1659068134    -0.9835850733    -1.8590980547
   11      O      -3.0017002176     1.4466284300     0.8879410872
   12      H      -2.2448842056     0.8884744844     0.5908739182
   13      H      -3.0068574985     2.3854134188     0.4993901049
   14      O       1.6450083288     2.4195419421    -0.6689958511
   15      H       2.4312776651     2.0325342263    -0.2659136086
   16      H       0.8623258886     2.1696380551    -0.1626631178
 ----------------------------------------------------------------
 Molecular Point Group                 C1    NOp =  1
 Largest Abelian Subgroup              C1    NOp =  1
 Nuclear Repulsion Energy =         429.70555132 hartrees
 There are       43 alpha and       43 beta electrons
 Requested basis set is def2-TZVPPD
 There are 159 shells and 427 basis functions

 Q-Chem warning in module libmdc/get_mega.C, line 171:

 Allowed MEM_STATIC has been capped at MEM_STATIC=8191.
 Reduce the value of MEM_STATIC to silence this warning.


 Total QAlloc Memory Limit  50000 MB
 Mega-Array Size      8007 MB
 MEM_STATIC part      8191 MB
 A cutoff of  1.0D-14 yielded  10433 shell pairs
 There are     73491 function pairs (     89733 Cartesian)
 Smallest overlap matrix eigenvalue = 2.14E-04

 Scale SEOQF with 1.000000e-01/1.000000e-01/1.000000e-01

 Standard Electronic Orientation quadrupole field applied
 Nucleus-field energy     =     0.0000000080 hartrees

 -----------------------------------------------------------------------
  General SCF calculation program by
  Eric Jon Sundstrom, Paul Horn, Yuezhi Mao, Dmitri Zuev, Alec White,
  David Stuck, Shaama M.S., Shane Yost, Joonho Lee, David Small,
  Daniel Levine, Susi Lehtola, Hugh Burton, Evgeny Epifanovsky,
  Bang C. Huynh
 -----------------------------------------------------------------------
================================================================
                 ALMO-EDA with the EDA2 driver                  
================================================================
 The second-generation ALMO-EDA (for DFT):                      
 P. R. Horn, Y. Mao and M. Head-Gordon, PCCP, 18, 23067 (2016)  
 Y. Mao et al. Annu. Rev. Phys. Chem. 72, 641 (2021)            
 Decomposition of the frozen energy:                            
 P. R. Horn, Y. Mao and M. Head-Gordon, JCP, 144, 114107 (2016) 
 FERF model for polarization:                                   
 P. R. Horn and M. Head-Gordon, JCP, 143, 114111 (2015)         
================================================================
 Using eda2 option set 1
 Option set summary: Frozen orbital wavefunction, initial wavefunction decomposition, and nDQ polarization.
--------------------------------
Printing EDA Options
--------------------------------
eda_child_super_basis      0
fragmo_guess_mode          0
child_mp                   1
child_mp_orders            232
cls_elec                   1
cls_disp                   1
scfmi_mode                 1
scfmi_occs                 0
scfmi_virts                0
frz_relax                  0
frz_relax_method           0
dc_pen_start               0
dc_pen_conv                0
dc_pen_increment           0
dc_pen_steps               0
dc_pen_thresh_factor       0
dc_pen_pre_newton_thresh   0
frz_ortho_decomp           1
frz_ortho_decomp_conv      6
plot_mo_ortho_frz          0
frgm_method                2
scfmi_freeze_ss            0
separate_rehyb             0
plot_diff_den              0
eda_nocv                   0
eda_vct_relax              1
disp_free_x                0
disp_free_c                0
eda_bsse                   0
eda_pct_a                  0
eda_covp                   0
--------------------------------
Attempting to make child job directory: /scratch/qchem1094364//Frg1/
Attempting to make child job directory: /scratch/qchem1094364//Frg2/
Creating input file /scratch/qchem1094364/Frg1.input
using default PutDataFrgm: nothing
calling putenv with: QCSCRATCH=/scratch/qchem1094364/ 
Spawning Job For Fragment 0
Done Job For Fragment 0
calling putenv with: QCSCRATCH=/scratch 
calling putenv with: QCTHREADS=6 
Creating input file /scratch/qchem1094364/Frg2.input
using default PutDataFrgm: nothing
calling putenv with: QCSCRATCH=/scratch/qchem1094364/ 
Spawning Job For Fragment 1
Done Job For Fragment 1
calling putenv with: QCSCRATCH=/scratch 
calling putenv with: QCTHREADS=6 
Doing General SCFMI
 Exchange:     0.1500 Hartree-Fock + 1.0000 wB97M-V + LR-HF
 Correlation:  1.0000 wB97M-V
 Using Euler-Maclaurin-Lebedev (99,590) quadrature formula
 Nonlocal Correlation:  VV10 with C = 0.0100 and b = 6.00 and scale = 1.00000
 Grid used for NLC:  SG-1 standard quadrature
performing fock build before subrot guess so that all methods have access
Printing subrot_rss_gen Method Specification:
Occupied Subspace Method is 0
Virtual Subspace Method is 0
Energy of the unrelaxed supersystem initial determinant -2956.299214321327
write pseudocanon occs and virts to disk
write pseudocanon orbital energies to disk
Tolerance of ortho_decomp_scf: 1.00e-06
GDM subspace size: 20
Beginning the Orthogonal Decomposition of the Initial Supersystem Wavefunction
    1   -2956.0861363086      3.73e-01     ortho_decomp Preconditoned Steepest Descent
    2   -2956.1457588582      2.47e-03     ortho_decomp BFGS Step
    3   -2956.1458228093      3.11e-04     ortho_decomp BFGS Step
    4   -2956.1458230630      8.99e-06     ortho_decomp BFGS Step
    5   -2956.1458230632      1.90e-07     ortho_decomp 00000 Convergence criterion met
 Hartree-Fock
 Hartree-Fock
 Hartree-Fock
 Exchange:     0.1500 Hartree-Fock + 1.0000 wB97M-V + LR-HF
 Correlation:  1.0000 wB97M-V
 Using Euler-Maclaurin-Lebedev (99,590) quadrature formula
 Nonlocal Correlation:  VV10 with C = 0.0100 and b = 6.00 and scale = 1.00000
 Grid used for NLC:  SG-1 standard quadrature
 Long-range K will be added via erf
 Coulomb attenuation parameter = 0.3 bohr**(-1)
 Nonlocal correlation = 3.559430502898e-01
Doing General SCFMI
 Exchange:     0.1500 Hartree-Fock + 1.0000 wB97M-V + LR-HF
 Correlation:  1.0000 wB97M-V
 Using Euler-Maclaurin-Lebedev (99,590) quadrature formula
 Nonlocal Correlation:  VV10 with C = 0.0100 and b = 6.00 and scale = 1.00000
 Grid used for NLC:  SG-1 standard quadrature
performing fock build at end of subrot_r(subrot) constructor so that all methods have access
<S^2> of initial wavefunction before polarization iterations 0.0000000000
Beginning iterations for the determination of the polarized wavefunction
Energy prior to optimization (guess energy) = -2956.299214321328
Begin Timing: Total SCF Calculation
begin iterations for algorithm: DIIS         
the SCF tolerance is set to 1.00e-08
    1   -2956.2992143213      4.93e-04     00000 
    2   -2956.3120959432      1.97e-04     00000 
    3   -2956.3133472079      8.63e-05     00000 
    4   -2956.3136272717      3.38e-05     00000 
    5   -2956.3137049949      1.35e-05     00000 
    6   -2956.3137205691      7.74e-06     00000 
    7   -2956.3137243053      2.87e-06     00000 
    8   -2956.3137251318      1.36e-06     00000 
    9   -2956.3137252218      7.64e-07     00000 
   10   -2956.3137252344      4.87e-07     00000 
   11   -2956.3137252379      2.57e-07     00000 
   12   -2956.3137252400      9.97e-08     00000 
   13   -2956.3137252406      4.00e-08     00000 
   14   -2956.3137252408      1.52e-08     00000 
   15   -2956.3137252408      8.49e-09     00000 Convergence criterion met
write pseudocanon occs and virts to disk
write pseudocanon orbital energies to disk
Timing for Total SCF: 242.00s (wall), 1451.74s (cpu)
<S^2> of polarized wavefunction after polarization iterations 0.0000000000
relaxing scfmi constraint to allow all rotations in the entire AO span
Doing General SCFMI
 Exchange:     0.1500 Hartree-Fock + 1.0000 wB97M-V + LR-HF
 Correlation:  1.0000 wB97M-V
 Using Euler-Maclaurin-Lebedev (99,590) quadrature formula
 Nonlocal Correlation:  VV10 with C = 0.0100 and b = 6.00 and scale = 1.00000
 Grid used for NLC:  SG-1 standard quadrature
performing fock build at end of subrot_r(subrot) constructor so that all methods have access
<S^2> of polarized wavefunction before ct-allowed iterations 0.0000000000
Beginning iterations for the determination of the CT-Allowed wavefunction
Energy prior to optimization (guess energy) = -2956.313725240763
Begin Timing: Total SCF Calculation
begin iterations for algorithm: DIIS         
the SCF tolerance is set to 1.00e-08
    1   -2956.3137252408      3.93e-04     00000 
    2   -2956.3237487166      4.63e-05     00000 
    3   -2956.3241886706      2.08e-05     00000 
    4   -2956.3242200998      1.09e-05     00000 
    5   -2956.3242290049      2.34e-06     00000 
    6   -2956.3242294975      7.26e-07     00000 
    7   -2956.3242296057      1.89e-07     00000 
    8   -2956.3242296149      6.76e-08     00000 
    9   -2956.3242296156      3.45e-08     00000 
   10   -2956.3242296158      5.26e-09     00000 Convergence criterion met
write pseudocanon occs and virts to disk
write pseudocanon orbital energies to disk
Timing for Total SCF: 155.00s (wall), 929.54s (cpu)
<S^2> of ct_allowed wavefunction after ct-allowed iterations 0.0000000000

================================
        Results of EDA2         
================================
Basic EDA Quantities
--------------------
Fragment Energies (Ha):
1-2574.0946475100
2 -382.1715314729
--------------------
  E_prp (kJ/mol) = 0.0000
  E_frz (kJ/mol) = -86.7353
  E_pol (kJ/mol) = -38.0989
  E_vct (kJ/mol) = -27.5796
  E_int (kJ/mol) = -152.4137
--------------------


Decomposition of frozen interaction energy
--------------------
  --------------------
  Orthogonal Frozen Decomposition:
  --------------------
     E_elec   (ELEC)   (kJ/mol) = -284.9505
     E_pauli  (PAULI)  (kJ/mol) = 240.5132
     E_disp   (DISP)   (kJ/mol) = -42.2980
  --------------------
  Classical Frozen Decomposition:
  --------------------
     E_cls_elec  (CLS ELEC)  (kJ/mol) = -177.3103
     E_mod_pauli (MOD PAULI) (kJ/mol) = 132.2213 (FRZ - CLS ELEC - CLS DISP)
     E_cls_disp  (CLS DISP)  (kJ/mol) = -41.6463
  --------------------
--------------------

Simplified EDA Summary (kJ/mol)
--------------------
 PREPARATION      0.0000
 FROZEN           -86.7353 (ELEC + PAULI + DISP)
[ELEC + PAULI = -45.0890, DISP = -41.6463]
 POLARIZATION    -38.0989
 CHARGE TRANSFER -27.5796
 TOTAL           -152.4137     (PRP + FRZ + POL + CT)
--------------------
 
 --------------------------------------------------------------
 
                    Orbital Energies (a.u.)
 --------------------------------------------------------------
 
 Alpha MOs
 -- Occupied --
******** -62.5750 -56.2602 -56.2601 -56.2600 -19.2223 -19.2166 -19.1923
-19.1879 -19.1862  -8.6569  -6.4360  -6.4357  -6.4352  -2.5183  -2.5183
 -2.5179  -2.5176  -2.5175  -1.0204  -1.0193  -1.0014  -0.9890  -0.9706
 -0.6482  -0.5321  -0.5299  -0.5042  -0.4964  -0.4915  -0.3811  -0.3773
 -0.3596  -0.3567  -0.3371  -0.3117  -0.3104  -0.2860  -0.2835  -0.2738
 -0.1870  -0.1833  -0.1805
 -- Virtual --
  0.1209   0.1366   0.1466   0.1484   0.1656   0.1732   0.1772   0.1811
  0.1938   0.1997   0.2054   0.2069   0.2201   0.2267   0.2271   0.2317
  0.2449   0.2513   0.2536   0.2638   0.2711   0.2793   0.2861   0.2958
  0.3016   0.3118   0.3178   0.3301   0.3359   0.3481   0.3621   0.3633
  0.3747   0.3791   0.3824   0.3867   0.3952   0.4025   0.4091   0.4126
  0.4181   0.4205   0.4294   0.4415   0.4474   0.4493   0.4537   0.4569
  0.4633   0.4689   0.4718   0.4798   0.4882   0.4930   0.4940   0.5072
  0.5135   0.5187   0.5256   0.5279   0.5459   0.5493   0.5583   0.5615
  0.5672   0.5832   0.5940   0.6065   0.6136   0.6206   0.6280   0.6348
  0.6394   0.6409   0.6567   0.6631   0.6679   0.6770   0.6892   0.6950
  0.7101   0.7135   0.7247   0.7297   0.7430   0.7473   0.7527   0.7531
  0.7727   0.7764   0.7897   0.7953   0.8031   0.8055   0.8138   0.8269
  0.8343   0.8455   0.8485   0.8608   0.8677   0.8748   0.8906   0.8939
  0.9136   0.9239   0.9448   0.9562   0.9645   0.9690   0.9784   0.9830
  0.9939   1.0048   1.0339   1.0402   1.0519   1.0625   1.0646   1.0770
  1.0806   1.0825   1.0984   1.1027   1.1150   1.1324   1.1664   1.1951
  1.2002   1.2214   1.2319   1.2403   1.2510   1.2587   1.2699   1.2926
  1.3071   1.3119   1.3314   1.3347   1.3433   1.3559   1.3580   1.3762
  1.3826   1.3847   1.3880   1.4095   1.4179   1.4244   1.4456   1.4616
  1.4761   1.5320   1.5471   1.5480   1.5674   1.5866   1.5929   1.6004
  1.6153   1.6285   1.8087   1.8441   1.8661   1.8700   1.8765   1.8901
  1.8913   1.9038   1.9199   1.9317   1.9505   2.0476   2.0688   2.0807
  2.0917   2.0988   2.1131   2.1231   2.1423   2.1557   2.1739   2.1804
  2.1859   2.2030   2.2066   2.2121   2.2404   2.2565   2.2759   2.2848
  2.3195   2.3504   2.3562   2.3775   2.3978   2.4117   2.4205   2.4394
  2.4732   2.4876   2.5471   2.7345   2.7525   2.7955   2.8546   2.8734
  2.9297   2.9418   2.9489   2.9887   3.0070   3.1195   3.1401   3.1786
  3.2052   3.2180   3.3200   3.3405   3.3672   3.3746   3.3776   3.3860
  3.4115   3.4189   3.4275   3.4320   3.4465   3.4665   3.4749   3.4819
  3.4938   3.4948   3.5072   3.5128   3.5348   3.5403   3.5507   3.5584
  3.5637   3.5882   3.5950   3.6057   3.6211   3.6254   3.6441   3.6839
  3.6942   3.6985   3.7915   3.8089   3.8247   3.8423   3.8543   3.8775
  3.9036   3.9293   4.0389   4.0447   4.0562   4.0581   4.0869   4.1053
  4.1111   4.1251   4.1569   4.1637   4.1756   4.1964   4.2059   4.2158
  4.2258   4.2302   4.2371   4.2389   4.2795   4.2834   4.3119   4.3304
  4.3373   4.3444   4.3613   4.3763   4.3936   4.4016   4.4100   4.4176
  4.4333   4.4498   4.4503   4.4744   4.4978   4.5304   4.5712   4.5946
  4.6289   4.6930   4.8034   4.8430   4.8654   4.8757   4.8824   4.8845
  4.8890   4.9331   4.9367   4.9893   5.1140   5.1512   5.1597   5.1612
  5.2072   5.2839   5.2966   5.3160   5.3830   5.4302   5.7244   5.7843
  5.8005   5.8225   5.8851   6.0787   6.2566   6.2870   6.3156   6.4561
  6.5879   6.6371   6.6424   6.6890   6.6956   6.7184   6.7306   6.7458
  6.7569   6.7875   6.7910   6.8042   6.8186   6.8225   6.8248   6.8553
  6.8626   6.8655   6.8884   6.8961   6.9014   6.9223   6.9263   6.9375
  6.9773   6.9864   6.9973   7.0022   7.0293   7.0732   7.2306   7.2735
  7.2880   7.2904   7.3103   7.4330   7.5770   7.6063   7.6108   7.6354
  7.6627   7.7145   7.7242   7.7279   7.8469   7.9494   7.9964   8.0088
  8.0431   8.0577   8.0988  44.4613  44.5322  44.5579  44.6214  44.6922
 --------------------------------------------------------------
 
          Ground-State Mulliken Net Atomic Charges

     Atom                 Charge (a.u.)
  ----------------------------------------
      1 Br                   -0.802011
      2 O                    -0.341545
      3 H                     0.165907
      4 H                     0.174195
      5 O                    -0.469556
      6 H                     0.236755
      7 H                     0.208113
      8 O                    -0.407906
      9 H                     0.225813
     10 H                     0.121069
     11 O                    -0.523040
     12 H                     0.248672
     13 H                     0.180497
     14 O                    -0.437255
     15 H                     0.170665
     16 H                     0.249628
  ----------------------------------------
  Sum of atomic charges =    -1.000000

 -----------------------------------------------------------------
                    Cartesian Multipole Moments
 -----------------------------------------------------------------
    Charge (ESU x 10^10)
                -4.8032
    Dipole Moment (Debye)
         X       3.0808      Y       2.5014      Z       0.8439
       Tot       4.0572
    Quadrupole Moments (Debye-Ang)
        XX     -79.2596     XY      -3.1231     YY     -67.8467
        XZ      12.7784     YZ       1.8320     ZZ     -68.2073
    Octopole Moments (Debye-Ang^2)
       XXX      55.8844    XXY      40.6911    XYY     -12.3728
       YYY      -0.6410    XXZ      -5.8515    XYZ      24.6424
       YYZ       8.1969    XZZ     -14.4368    YZZ     -11.2983
       ZZZ      41.2331
    Hexadecapole Moments (Debye-Ang^3)
      XXXX   -1768.2377   XXXY      43.9755   XXYY    -421.8371
      XYYY    -105.6967   YYYY    -655.7643   XXXZ      63.5153
      XXYZ     -10.2427   XYYZ     -16.4668   YYYZ      19.0312
      XXZZ    -380.0072   XYZZ       0.8336   YYZZ    -203.8683
      XZZZ     126.3364   YZZZ     -11.0883   ZZZZ    -617.1164
 -----------------------------------------------------------------
 Total job time:  1521.61s(wall), 4167.82s(cpu) 
 Fri Jan 19 16:56:33 2024

        *************************************************************
        *                                                           *
        *  Thank you very much for using Q-Chem.  Have a nice day.  *
        *                                                           *
        *************************************************************


