
Running Job 1 of 1 123_Br-Water_Cls_096_almo.in
qchem 123_Br-Water_Cls_096_almo.in_1099941.0 /scratch/qchem1099941/ 6
/home/kchung25/qchem/5.4.0/exe/qcprog.exe_s 123_Br-Water_Cls_096_almo.in_1099941.0 /scratch/qchem1099941/
                  Welcome to Q-Chem
     A Quantum Leap Into The Future Of Chemistry


 Q-Chem 5.4, Q-Chem, Inc., Pleasanton, CA (2021)

 E. Epifanovsky,  A. T. B. Gilbert,  Xintian Feng,  Joonho Lee,  Yuezhi Mao,  
 N. Mardirossian,  P. Pokhilko,  A. White,  M. Wormit,  M. P. Coons,  
 A. L. Dempwolff,  Zhengting Gan,  D. Hait,  P. R. Horn,  L. D. Jacobson,  
 I. Kaliman,  J. Kussmann,  A. W. Lange,  Ka Un Lao,  D. S. Levine,  Jie Liu,  
 S. C. McKenzie,  A. F. Morrison,  K. Nanda,  F. Plasser,  D. R. Rehn,  
 M. L. Vidal,  Zhi-Qiang You,  Ying Zhu,  B. Alam,  B. Albrecht,  
 A. Aldossary,  E. Alguire,  J. H. Andersen,  D. Barton,  K. Begam,  A. Behn,  
 Y. A. Bernard,  E. J. Berquist,  H. Burton,  A. Carreras,  K. Carter-Fenk,  
 Romit Chakraborty,  A. D. Chien,  K. D. Closser,  V. Cofer-Shabica,  
 S. Dasgupta,  Jia Deng,  M. de Wergifosse,  M. Diedenhofen,  Hainam Do,  
 S. Ehlert,  Po-Tung Fang,  S. Fatehi,  Qingguo Feng,  T. Friedhoff,  
 J. Gayvert,  Qinghui Ge,  G. Gidofalvi,  M. Goldey,  J. Gomes,  
 C. Gonzalez-Espinoza,  S. Gulania,  A. Gunina,  M. W. D. Hanson-Heine,  
 P. H. P. Harbach,  A. W. Hauser,  M. F. Herbst,  M. Hernandez Vera,  
 M. Hodecker,  Z. C. Holden,  S. Houck,  Xunkun Huang,  Kerwin Hui,  
 B. C. Huynh,  M. Ivanov,  Hyunjun Ji,  Hanjie Jiang,  B. Kaduk,  S. Kaehler,  
 K. Khistyaev,  Jaehoon Kim,  P. Klunzinger,  Z. Koczor-Benda,  
 Joong Hoon Koh,  D. Kosenkov,  L. Koulias,  T. Kowalczyk,  C. M. Krauter,  
 K. Kue,  A. Kunitsa,  T. Kus,  A. Landau,  K. V. Lawler,  D. Lefrancois,  
 S. Lehtola,  Rain Li,  Yi-Pei Li,  Jiashu Liang,  M. Liebenthal,  
 Hung-Hsuan Lin,  You-Sheng Lin,  Fenglai Liu,  Kuan-Yu Liu,  
 M. Loipersberger,  A. Luenser,  A. Manjanath,  P. Manohar,  E. Mansoor,  
 S. F. Manzer,  Shan-Ping Mao,  A. V. Marenich,  T. Markovich,  S. Mason,  
 S. A. Maurer,  P. F. McLaughlin,  M. F. S. J. Menger,  J.-M. Mewes,  
 S. A. Mewes,  P. Morgante,  J. W. Mullinax,  K. J. Oosterbaan,  G. Paran,  
 Alexander C. Paul,  Suranjan K. Paul,  F. Pavosevic,  Zheng Pei,  S. Prager,  
 E. I. Proynov,  E. Ramos,  B. Rana,  A. E. Rask,  A. Rettig,  R. M. Richard,  
 F. Rob,  E. Rossomme,  T. Scheele,  M. Scheurer,  M. Schneider,  
 N. Sergueev,  S. M. Sharada,  W. Skomorowski,  D. W. Small,  C. J. Stein,  
 Yu-Chuan Su,  E. J. Sundstrom,  Zhen Tao,  J. Thirman,  T. Tsuchimochi,  
 N. M. Tubman,  S. P. Veccham,  O. Vydrov,  J. Wenzel,  J. Witte,  A. Yamada,  
 Kun Yao,  S. Yeganeh,  S. R. Yost,  A. Zech,  Igor Ying Zhang,  Xing Zhang,  
 Yu Zhang,  D. Zuev,  A. Aspuru-Guzik,  A. T. Bell,  N. A. Besley,  
 K. B. Bravaya,  B. R. Brooks,  D. Casanova,  Jeng-Da Chai,  S. Coriani,  
 C. J. Cramer,  A. E. DePrince, III,  R. A. DiStasio Jr.,  A. Dreuw,  
 B. D. Dunietz,  T. R. Furlani,  W. A. Goddard III,  S. Grimme,  
 S. Hammes-Schiffer,  T. Head-Gordon,  W. J. Hehre,  Chao-Ping Hsu,  
 T.-C. Jagau,  Yousung Jung,  A. Klamt,  Jing Kong,  D. S. Lambrecht,  
 WanZhen Liang,  N. J. Mayhall,  C. W. McCurdy,  J. B. Neaton,  T. Neudecker,  
 C. Ochsenfeld,  J. A. Parkhill,  R. Peverati,  V. A. Rassolov,  Yihan Shao,  
 L. V. Slipchenko,  R. P. Steele,  J. E. Subotnik,  A. J. W. Thom,  
 A. Tkatchenko,  D. G. Truhlar,  T. Van Voorhis,  T. A. Wesolowski,  
 K. B. Whaley,  H. L. Woodcock III,  P. M. Zimmerman,  S. Faraji,  
 P. M. W. Gill,  M. Head-Gordon,  J. M. Herbert,  A. I. Krylov

 Additional authors since Version 5.4.0: 
 Chandrima Chakravarty,  L. Cunha,  R. Kang,  Yongbin Kim,  S. Kotaru,  
 Shaozhi Li,  Xiangyuan Li,  F. Matz,  A. Molle,  V. Parravicini,  
 Haisheng Ren,  Hengyuan Shen,  Yingli Su,  Hung-Yi Tsai,  C. Utku,  
 Fang Wang,  Jeff Yang,  F. Zeller

 Contributors to earlier versions of Q-Chem not listed above: 
 R. D. Adamson,  B. Austin,  R. Baer,  J. Baker,  G. J. O. Beran,  
 K. Brandhorst,  S. T. Brown,  E. F. C. Byrd,  Arup K. Chakraborty,  
 G. K. L. Chan,  Chun-Min Chang,  Yunqing Chen,  C.-L. Cheng,  
 Siu Hung Chien,  D. M. Chipman,  D. L. Crittenden,  H. Dachsel,  
 R. J. Doerksen,  A. D. Dutoi,  R. G. Edgar,  J. Fosso-Tande,  
 L. Fusti-Molnar,  D. Ghosh,  A. Ghysels,  A. Golubeva-Zadorozhnaya,  
 J. Gonthier,  M. S. Gordon,  S. R. Gwaltney,  G. Hawkins,  J. E. Herr,  
 A. Heyden,  S. Hirata,  E. G. Hohenstein,  G. Kedziora,  F. J. Keil,  
 C. Kelley,  Jihan Kim,  R. A. King,  R. Z. Khaliullin,  P. P. Korambath,  
 W. Kurlancheek,  A. Laurent,  A. M. Lee,  M. S. Lee,  S. V. Levchenko,  
 Ching Yeh Lin,  D. Liotard,  E. Livshits,  R. C. Lochan,  I. Lotan,  
 L. A. Martinez-Martinez,  P. E. Maslen,  N. Nair,  D. P. O'Neill,  
 D. Neuhauser,  E. Neuscamman,  C. M. Oana,  R. Olivares-Amaya,  R. Olson,  
 T. M. Perrine,  B. Peters,  P. A. Pieniazek,  A. Prociuk,  Y. M. Rhee,  
 J. Ritchie,  M. A. Rohrdanz,  E. Rosta,  N. J. Russ,  H. F. Schaefer III,  
 M. W. Schmidt,  N. E. Schultz,  S. Sharma,  N. Shenvi,  C. D. Sherrill,  
 A. C. Simmonett,  A. Sodt,  T. Stein,  D. Stuck,  K. S. Thanthiriwatte,  
 V. Vanovschi,  L. Vogt,  Tao Wang,  A. Warshel,  M. A. Watson,  
 C. F. Williams,  Q. Wu,  X. Xu,  Jun Yang,  W. Zhang,  Yan Zhao

   Please cite Q-Chem as follows:
  "Software for the frontiers of quantum chemistry:
   An overview of developments in the Q-Chem 5 package"
   J. Chem. Phys. 155, 084801 (2021)
   https://doi.org/10.1063/5.0055522 (open access)

 Q-Chem 5.4.2 for Intel X86 EM64T Linux

 Parts of Q-Chem use Armadillo 9.900.5 (Nocturnal Misbehaviour).
 http://arma.sourceforge.net/

 Q-Chem begins on Sat Jan 20 15:11:33 2024  

 Host: 
0

     Scratch files written to /scratch/qchem1099941//
 Dec1321 |scratch|qcdevops|jenkins|workspace|build_RNUM 5684   
 Processing $rem in /home/kchung25/qchem/5.4.0/config/preferences:
 Processing $rem in /home/kchung25/.qchemrc:

 Q-Chem warning in module libgen/rem_setup.C, line 3079:

 Neither GIA nor STOLL is specified by user. Use STOLL as the default


 Checking the input file for inconsistencies... 	...done.

--------------------------------------------------------------
User input:
--------------------------------------------------------------
$molecule
-1 1
--
-1 1
Br     0.000000     0.000000     0.000000
--
0 1
O     -1.556110    -2.946603    -0.307399
H     -1.448311    -3.834352    -0.530023
H     -0.696136    -2.475940    -0.482361
O     -0.086996     0.125946     3.353392
H     -0.789442     0.773124     3.412034
H      0.173565     0.233040     2.501182
O      1.506198     2.404300     1.895924
H      1.138172     1.617521     1.469830
H      2.068506     2.028144     2.516707
O      3.466933     0.167256    -0.603178
H      2.462198     0.362718    -0.327444
H      3.349089    -0.691950    -1.088854
O      1.507524     0.971719    -2.962000
H      1.482423     1.837733    -3.370919
H      1.113174     1.149479    -2.095101
O     -3.321768     0.154397     0.868399
H     -2.339922     0.333567     0.860598
H     -3.394288    -0.551032     0.257363
$end

$rem
JOBTYPE          eda
EDA2             1
METHOD           wB97M-V
BASIS            def2-TZVPPD
SYMMETRY         false
MEM_TOTAL        50000
MEM_STATIC       10000
THRESH           14
SCF_CONVERGENCE  8
XC_GRID          000099000590
NL_GRID          1
EDA_CLS_DISP     true
FD_MAT_VEC_PROD  FALSE
$end
--------------------------------------------------------------
 ----------------------------------------------------------------
             Standard Nuclear Orientation (Angstroms)
    I     Atom           X                Y                Z
 ----------------------------------------------------------------
    1      Br      0.0787300974     0.2589191609    -0.0922485467
    2      O       2.3142033448     2.2663196895     1.3813335497
    3      H       2.4458493360     2.8740713233     2.0614715074
    4      H       1.3489245867     2.0220176277     1.3657110221
    5      O       1.4179356630    -2.6344855358     0.9581829451
    6      H       1.8128292598    -2.8733024957     0.1198905513
    7      H       0.8258811179    -2.0123551256     0.6973224228
    8      O      -1.3044873834    -2.8199409722    -0.5933956317
    9      H      -0.8823231839    -2.0006830180    -0.2990926899
   10      H      -1.4095367928    -3.2658774875     0.2023181373
   11      O      -3.1679495001     0.0424947796     1.2581790796
   12      H      -2.2729247383    -0.1010577145     0.7085879501
   13      H      -2.9568001638     0.9015333652     1.7114692757
   14      O      -2.7012745969     2.0127765173    -1.1812245328
   15      H      -3.1423049720     1.9366031282    -2.0282870335
   16      H      -2.0891281110     1.2622988096    -1.2073837828
   17      O       3.1928621405     0.0641099626    -1.5331957689
   18      H       2.2909552061    -0.2007514905    -1.1976415935
   19      H       3.2627077018     0.9451369179    -1.2247037603
 ----------------------------------------------------------------
 Molecular Point Group                 C1    NOp =  1
 Largest Abelian Subgroup              C1    NOp =  1
 Nuclear Repulsion Energy =         556.57385198 hartrees
 There are       48 alpha and       48 beta electrons
 Requested basis set is def2-TZVPPD
 There are 187 shells and 501 basis functions

 Q-Chem warning in module libmdc/get_mega.C, line 171:

 Allowed MEM_STATIC has been capped at MEM_STATIC=8191.
 Reduce the value of MEM_STATIC to silence this warning.


 Total QAlloc Memory Limit  50000 MB
 Mega-Array Size      8007 MB
 MEM_STATIC part      8191 MB
 A cutoff of  1.0D-14 yielded  14186 shell pairs
 There are     98906 function pairs (    120308 Cartesian)
 Smallest overlap matrix eigenvalue = 1.46E-04

 Scale SEOQF with 1.000000e-01/1.000000e-01/1.000000e-01

 Standard Electronic Orientation quadrupole field applied
 Nucleus-field energy     =     0.0000000205 hartrees

 -----------------------------------------------------------------------
  General SCF calculation program by
  Eric Jon Sundstrom, Paul Horn, Yuezhi Mao, Dmitri Zuev, Alec White,
  David Stuck, Shaama M.S., Shane Yost, Joonho Lee, David Small,
  Daniel Levine, Susi Lehtola, Hugh Burton, Evgeny Epifanovsky,
  Bang C. Huynh
 -----------------------------------------------------------------------
================================================================
                 ALMO-EDA with the EDA2 driver                  
================================================================
 The second-generation ALMO-EDA (for DFT):                      
 P. R. Horn, Y. Mao and M. Head-Gordon, PCCP, 18, 23067 (2016)  
 Y. Mao et al. Annu. Rev. Phys. Chem. 72, 641 (2021)            
 Decomposition of the frozen energy:                            
 P. R. Horn, Y. Mao and M. Head-Gordon, JCP, 144, 114107 (2016) 
 FERF model for polarization:                                   
 P. R. Horn and M. Head-Gordon, JCP, 143, 114111 (2015)         
================================================================
 Using eda2 option set 1
 Option set summary: Frozen orbital wavefunction, initial wavefunction decomposition, and nDQ polarization.
--------------------------------
Printing EDA Options
--------------------------------
eda_child_super_basis      0
fragmo_guess_mode          0
child_mp                   1
child_mp_orders            232
cls_elec                   1
cls_disp                   1
scfmi_mode                 1
scfmi_occs                 0
scfmi_virts                0
frz_relax                  0
frz_relax_method           0
dc_pen_start               0
dc_pen_conv                0
dc_pen_increment           0
dc_pen_steps               0
dc_pen_thresh_factor       0
dc_pen_pre_newton_thresh   0
frz_ortho_decomp           1
frz_ortho_decomp_conv      6
plot_mo_ortho_frz          0
frgm_method                2
scfmi_freeze_ss            0
separate_rehyb             0
plot_diff_den              0
eda_nocv                   0
eda_vct_relax              1
disp_free_x                0
disp_free_c                0
eda_bsse                   0
eda_pct_a                  0
eda_covp                   0
--------------------------------
Attempting to make child job directory: /scratch/qchem1099941//Frg1/
Attempting to make child job directory: /scratch/qchem1099941//Frg2/
Creating input file /scratch/qchem1099941/Frg1.input
using default PutDataFrgm: nothing
calling putenv with: QCSCRATCH=/scratch/qchem1099941/ 
Spawning Job For Fragment 0
Done Job For Fragment 0
calling putenv with: QCSCRATCH=/scratch 
calling putenv with: QCTHREADS=6 
Creating input file /scratch/qchem1099941/Frg2.input
using default PutDataFrgm: nothing
calling putenv with: QCSCRATCH=/scratch/qchem1099941/ 
Spawning Job For Fragment 1
Done Job For Fragment 1
calling putenv with: QCSCRATCH=/scratch 
calling putenv with: QCTHREADS=6 
Doing General SCFMI
 Exchange:     0.1500 Hartree-Fock + 1.0000 wB97M-V + LR-HF
 Correlation:  1.0000 wB97M-V
 Using Euler-Maclaurin-Lebedev (99,590) quadrature formula
 Nonlocal Correlation:  VV10 with C = 0.0100 and b = 6.00 and scale = 1.00000
 Grid used for NLC:  SG-1 standard quadrature
performing fock build before subrot guess so that all methods have access
Printing subrot_rss_gen Method Specification:
Occupied Subspace Method is 0
Virtual Subspace Method is 0
Energy of the unrelaxed supersystem initial determinant -3032.735243009044
write pseudocanon occs and virts to disk
write pseudocanon orbital energies to disk
Tolerance of ortho_decomp_scf: 1.00e-06
GDM subspace size: 20
Beginning the Orthogonal Decomposition of the Initial Supersystem Wavefunction
    1   -3032.4286069374      4.11e-01     ortho_decomp Preconditoned Steepest Descent
    2   -3032.5130243623      2.58e-03     ortho_decomp BFGS Step
    3   -3032.5131034705      3.09e-04     ortho_decomp BFGS Step
    4   -3032.5131038294      9.51e-06     ortho_decomp BFGS Step
    5   -3032.5131038297      2.51e-07     ortho_decomp 00000 Convergence criterion met
 Hartree-Fock
 Hartree-Fock
 Hartree-Fock
 Exchange:     0.1500 Hartree-Fock + 1.0000 wB97M-V + LR-HF
 Correlation:  1.0000 wB97M-V
 Using Euler-Maclaurin-Lebedev (99,590) quadrature formula
 Nonlocal Correlation:  VV10 with C = 0.0100 and b = 6.00 and scale = 1.00000
 Grid used for NLC:  SG-1 standard quadrature
 Long-range K will be added via erf
 Coulomb attenuation parameter = 0.3 bohr**(-1)
 Nonlocal correlation = 3.957827790847e-01
Doing General SCFMI
 Exchange:     0.1500 Hartree-Fock + 1.0000 wB97M-V + LR-HF
 Correlation:  1.0000 wB97M-V
 Using Euler-Maclaurin-Lebedev (99,590) quadrature formula
 Nonlocal Correlation:  VV10 with C = 0.0100 and b = 6.00 and scale = 1.00000
 Grid used for NLC:  SG-1 standard quadrature
performing fock build at end of subrot_r(subrot) constructor so that all methods have access
<S^2> of initial wavefunction before polarization iterations 0.0000000000
Beginning iterations for the determination of the polarized wavefunction
Energy prior to optimization (guess energy) = -3032.735243009044
Begin Timing: Total SCF Calculation
begin iterations for algorithm: DIIS         
the SCF tolerance is set to 1.00e-08
    1   -3032.7352430090      4.83e-04     00000 
    2   -3032.7527237563      1.95e-04     00000 
    3   -3032.7545203628      8.10e-05     00000 
    4   -3032.7549147470      3.41e-05     00000 
    5   -3032.7550356586      1.40e-05     00000 
    6   -3032.7550613862      9.14e-06     00000 
    7   -3032.7550684496      3.80e-06     00000 
    8   -3032.7550703250      1.97e-06     00000 
    9   -3032.7550704434      1.36e-06     00000 
   10   -3032.7550704817      8.03e-07     00000 
   11   -3032.7550704994      3.83e-07     00000 
   12   -3032.7550705071      1.58e-07     00000 
   13   -3032.7550705096      8.50e-08     00000 
   14   -3032.7550705103      4.57e-08     00000 
   15   -3032.7550705104      2.20e-08     00000 
   16   -3032.7550705104      1.04e-08     00000 
   17   -3032.7550705105      4.63e-09     00000 Convergence criterion met
write pseudocanon occs and virts to disk
write pseudocanon orbital energies to disk
Timing for Total SCF: 439.00s (wall), 2636.82s (cpu)
<S^2> of polarized wavefunction after polarization iterations 0.0000000000
relaxing scfmi constraint to allow all rotations in the entire AO span
Doing General SCFMI
 Exchange:     0.1500 Hartree-Fock + 1.0000 wB97M-V + LR-HF
 Correlation:  1.0000 wB97M-V
 Using Euler-Maclaurin-Lebedev (99,590) quadrature formula
 Nonlocal Correlation:  VV10 with C = 0.0100 and b = 6.00 and scale = 1.00000
 Grid used for NLC:  SG-1 standard quadrature
performing fock build at end of subrot_r(subrot) constructor so that all methods have access
<S^2> of polarized wavefunction before ct-allowed iterations 0.0000000000
Beginning iterations for the determination of the CT-Allowed wavefunction
Energy prior to optimization (guess energy) = -3032.755070510449
Begin Timing: Total SCF Calculation
begin iterations for algorithm: DIIS         
the SCF tolerance is set to 1.00e-08
    1   -3032.7550705104      4.00e-04     00000 
    2   -3032.7713839998      5.17e-05     00000 
    3   -3032.7720730412      2.55e-05     00000 
    4   -3032.7721277026      1.10e-05     00000 
    5   -3032.7721402839      2.71e-06     00000 
    6   -3032.7721410576      7.44e-07     00000 
    7   -3032.7721411925      2.11e-07     00000 
    8   -3032.7721412045      9.91e-08     00000 
    9   -3032.7721412058      2.88e-08     00000 
   10   -3032.7721412060      4.81e-09     00000 Convergence criterion met
write pseudocanon occs and virts to disk
write pseudocanon orbital energies to disk
Timing for Total SCF: 249.00s (wall), 1488.21s (cpu)
<S^2> of ct_allowed wavefunction after ct-allowed iterations 0.0000000000

================================
        Results of EDA2         
================================
Basic EDA Quantities
--------------------
Fragment Energies (Ha):
1-2574.0946475101
2 -458.5902910237
--------------------
  E_prp (kJ/mol) = 0.0000
  E_frz (kJ/mol) = -132.0760
  E_pol (kJ/mol) = -52.0577
  E_vct (kJ/mol) = -44.8196
  E_int (kJ/mol) = -228.9533
--------------------


Decomposition of frozen interaction energy
--------------------
  --------------------
  Orthogonal Frozen Decomposition:
  --------------------
     E_elec   (ELEC)   (kJ/mol) = -421.6895
     E_pauli  (PAULI)  (kJ/mol) = 344.6491
     E_disp   (DISP)   (kJ/mol) = -55.0356
  --------------------
  Classical Frozen Decomposition:
  --------------------
     E_cls_elec  (CLS ELEC)  (kJ/mol) = -272.2124
     E_mod_pauli (MOD PAULI) (kJ/mol) = 195.8705 (FRZ - CLS ELEC - CLS DISP)
     E_cls_disp  (CLS DISP)  (kJ/mol) = -55.7341
  --------------------
--------------------

Simplified EDA Summary (kJ/mol)
--------------------
 PREPARATION      0.0000
 FROZEN           -132.0760 (ELEC + PAULI + DISP)
[ELEC + PAULI = -76.3418, DISP = -55.7341]
 POLARIZATION    -52.0577
 CHARGE TRANSFER -44.8196
 TOTAL           -228.9533     (PRP + FRZ + POL + CT)
--------------------
 
 --------------------------------------------------------------
 
                    Orbital Energies (a.u.)
 --------------------------------------------------------------
 
 Alpha MOs
 -- Occupied --
******** -62.6076 -56.2928 -56.2928 -56.2926 -19.2133 -19.2075 -19.2002
-19.1980 -19.1950 -19.1909  -8.6894  -6.4685  -6.4683  -6.4677  -2.5508
 -2.5508  -2.5504  -2.5502  -2.5501  -1.0259  -1.0213  -1.0168  -1.0133
 -0.9959  -0.9738  -0.6839  -0.5267  -0.5160  -0.5064  -0.5058  -0.4890
 -0.4646  -0.3857  -0.3814  -0.3797  -0.3768  -0.3671  -0.3633  -0.3075
 -0.3060  -0.3033  -0.2878  -0.2838  -0.2759  -0.2199  -0.2164  -0.2138
 -- Virtual --
  0.1242   0.1302   0.1420   0.1434   0.1616   0.1658   0.1727   0.1795
  0.1852   0.2004   0.2060   0.2093   0.2158   0.2176   0.2222   0.2282
  0.2343   0.2423   0.2474   0.2545   0.2658   0.2717   0.2752   0.2784
  0.2827   0.2880   0.2972   0.3038   0.3077   0.3115   0.3225   0.3343
  0.3412   0.3525   0.3596   0.3642   0.3654   0.3727   0.3784   0.3830
  0.3875   0.4014   0.4034   0.4114   0.4132   0.4211   0.4220   0.4287
  0.4332   0.4357   0.4383   0.4420   0.4468   0.4551   0.4611   0.4676
  0.4688   0.4767   0.4824   0.4863   0.4905   0.4986   0.5093   0.5115
  0.5175   0.5222   0.5358   0.5389   0.5431   0.5533   0.5605   0.5652
  0.5714   0.5836   0.5870   0.5922   0.5999   0.6066   0.6139   0.6177
  0.6300   0.6411   0.6453   0.6487   0.6559   0.6580   0.6642   0.6740
  0.6780   0.6857   0.6880   0.6998   0.7033   0.7143   0.7169   0.7267
  0.7336   0.7496   0.7564   0.7569   0.7642   0.7723   0.7750   0.7781
  0.7895   0.7982   0.8025   0.8103   0.8134   0.8221   0.8275   0.8399
  0.8461   0.8604   0.8773   0.8876   0.9016   0.9087   0.9124   0.9178
  0.9249   0.9299   0.9460   0.9511   0.9604   0.9668   0.9769   0.9866
  0.9954   1.0108   1.0138   1.0262   1.0374   1.0439   1.0469   1.0549
  1.0685   1.0714   1.0892   1.0965   1.1022   1.1058   1.1262   1.1290
  1.1473   1.1608   1.1662   1.1771   1.1973   1.2045   1.2127   1.2260
  1.2363   1.2424   1.2646   1.2710   1.2769   1.2869   1.2993   1.3101
  1.3221   1.3321   1.3444   1.3458   1.3522   1.3611   1.3671   1.3756
  1.3944   1.3954   1.4102   1.4248   1.4281   1.4449   1.4489   1.4678
  1.4724   1.4811   1.4984   1.5126   1.5300   1.5463   1.5562   1.5761
  1.5969   1.6081   1.6091   1.6250   1.6313   1.6587   1.6785   1.7192
  1.8351   1.8603   1.8624   1.8684   1.8882   1.9208   1.9403   1.9759
  2.0126   2.0468   2.0569   2.0715   2.0882   2.0929   2.1160   2.1179
  2.1268   2.1391   2.1496   2.1560   2.1597   2.1774   2.1841   2.2000
  2.2397   2.2635   2.2744   2.2870   2.2947   2.2997   2.3272   2.3366
  2.3444   2.3635   2.3763   2.3786   2.3974   2.4043   2.4289   2.4395
  2.4531   2.4831   2.4883   2.5101   2.5769   2.7076   2.7503   2.7608
  2.8134   2.8447   2.8624   2.9050   2.9422   2.9550   2.9963   3.0144
  3.0229   3.0504   3.0995   3.1613   3.2043   3.2535   3.3034   3.3107
  3.3316   3.3359   3.3510   3.3548   3.3627   3.3708   3.3794   3.4078
  3.4196   3.4376   3.4469   3.4526   3.4600   3.4686   3.4843   3.5063
  3.5258   3.5576   3.5594   3.5710   3.5802   3.5858   3.5980   3.6026
  3.6054   3.6382   3.6443   3.6446   3.6516   3.6645   3.6716   3.6960
  3.7057   3.7108   3.7162   3.7381   3.7611   3.7782   3.7967   3.8090
  3.8393   3.8630   3.9059   3.9129   3.9164   3.9616   3.9713   3.9798
  4.0346   4.0505   4.0614   4.0690   4.0807   4.0873   4.1015   4.1320
  4.1509   4.1754   4.1867   4.2012   4.2045   4.2091   4.2165   4.2286
  4.2316   4.2367   4.2412   4.2625   4.2679   4.2986   4.3063   4.3125
  4.3282   4.3360   4.3419   4.3488   4.3730   4.3825   4.3961   4.4004
  4.4055   4.4374   4.4423   4.4570   4.4808   4.4970   4.5141   4.5306
  4.5669   4.5897   4.6029   4.6420   4.6868   4.7486   4.8107   4.8618
  4.8628   4.8739   4.8965   4.9200   4.9357   4.9406   4.9753   4.9871
  5.0519   5.0757   5.1026   5.1435   5.1475   5.1522   5.2076   5.2475
  5.2894   5.3868   5.3897   5.4033   5.4856   5.5691   5.7578   5.8224
  5.8512   5.8586   5.9072   5.9363   6.2615   6.3407   6.3965   6.4501
  6.4682   6.5635   6.5769   6.5969   6.5999   6.6390   6.6417   6.6590
  6.6984   6.7284   6.7440   6.7472   6.7548   6.7740   6.7766   6.7880
  6.8067   6.8154   6.8261   6.8417   6.8441   6.8452   6.8535   6.8559
  6.8733   6.9097   6.9136   6.9315   6.9381   6.9582   6.9922   6.9977
  7.0275   7.0340   7.0530   7.0546   7.1029   7.1475   7.1799   7.2116
  7.2354   7.2498   7.2716   7.2830   7.5635   7.6538   7.6774   7.6958
  7.7110   7.7469   7.7595   7.8100   7.8194   7.8374   7.8531   7.9402
  7.9517   7.9647   7.9858   8.0271   8.0735   8.1371   8.1804  44.5152
 44.5633  44.5678  44.6534  44.7343  44.7968
 --------------------------------------------------------------
 
          Ground-State Mulliken Net Atomic Charges

     Atom                 Charge (a.u.)
  ----------------------------------------
      1 Br                   -0.802378
      2 O                    -0.329196
      3 H                     0.076383
      4 H                     0.225759
      5 O                    -0.385009
      6 H                     0.176169
      7 H                     0.201212
      8 O                    -0.409424
      9 H                     0.233905
     10 H                     0.113326
     11 O                    -0.526541
     12 H                     0.260509
     13 H                     0.195148
     14 O                    -0.352539
     15 H                     0.120569
     16 H                     0.226153
     17 O                    -0.455480
     18 H                     0.284575
     19 H                     0.146858
  ----------------------------------------
  Sum of atomic charges =    -1.000000

 -----------------------------------------------------------------
                    Cartesian Multipole Moments
 -----------------------------------------------------------------
    Charge (ESU x 10^10)
                -4.8032
    Dipole Moment (Debye)
         X      -0.3372      Y       2.3295      Z       0.8484
       Tot       2.5020
    Quadrupole Moments (Debye-Ang)
        XX     -97.2450     XY       2.0638     YY     -74.0252
        XZ       6.7123     YZ       4.8803     ZZ     -66.4394
    Octopole Moments (Debye-Ang^2)
       XXX       8.0197    XXY      15.2944    XYY      17.2627
       YYY      22.5630    XXZ      -5.0746    XYZ      15.8653
       YYZ      16.7341    XZZ     -22.2156    YZZ      34.3863
       ZZZ       5.3182
    Hexadecapole Moments (Debye-Ang^3)
      XXXX   -1995.7632   XXXY      12.4353   XXYY    -450.0174
      XYYY      56.5061   YYYY   -1166.2671   XXXZ     162.2259
      XXYZ       6.7224   XYYZ     -35.7956   YYYZ      49.6152
      XXZZ    -360.0104   XYZZ      -0.6232   YYZZ    -238.9399
      XZZZ      85.1706   YZZZ      28.4821   ZZZZ    -436.0308
 -----------------------------------------------------------------
 Total job time:  2620.31s(wall), 7020.61s(cpu) 
 Sat Jan 20 15:55:14 2024

        *************************************************************
        *                                                           *
        *  Thank you very much for using Q-Chem.  Have a nice day.  *
        *                                                           *
        *************************************************************


