
Running Job 1 of 1 123_Br-Water_Cls_024_almo.in
qchem 123_Br-Water_Cls_024_almo.in_1081037.0 /scratch/qchem1081037/ 6
/home/kchung25/qchem/5.4.0/exe/qcprog.exe_s 123_Br-Water_Cls_024_almo.in_1081037.0 /scratch/qchem1081037/
                  Welcome to Q-Chem
     A Quantum Leap Into The Future Of Chemistry


 Q-Chem 5.4, Q-Chem, Inc., Pleasanton, CA (2021)

 E. Epifanovsky,  A. T. B. Gilbert,  Xintian Feng,  Joonho Lee,  Yuezhi Mao,  
 N. Mardirossian,  P. Pokhilko,  A. White,  M. Wormit,  M. P. Coons,  
 A. L. Dempwolff,  Zhengting Gan,  D. Hait,  P. R. Horn,  L. D. Jacobson,  
 I. Kaliman,  J. Kussmann,  A. W. Lange,  Ka Un Lao,  D. S. Levine,  Jie Liu,  
 S. C. McKenzie,  A. F. Morrison,  K. Nanda,  F. Plasser,  D. R. Rehn,  
 M. L. Vidal,  Zhi-Qiang You,  Ying Zhu,  B. Alam,  B. Albrecht,  
 A. Aldossary,  E. Alguire,  J. H. Andersen,  D. Barton,  K. Begam,  A. Behn,  
 Y. A. Bernard,  E. J. Berquist,  H. Burton,  A. Carreras,  K. Carter-Fenk,  
 Romit Chakraborty,  A. D. Chien,  K. D. Closser,  V. Cofer-Shabica,  
 S. Dasgupta,  Jia Deng,  M. de Wergifosse,  M. Diedenhofen,  Hainam Do,  
 S. Ehlert,  Po-Tung Fang,  S. Fatehi,  Qingguo Feng,  T. Friedhoff,  
 J. Gayvert,  Qinghui Ge,  G. Gidofalvi,  M. Goldey,  J. Gomes,  
 C. Gonzalez-Espinoza,  S. Gulania,  A. Gunina,  M. W. D. Hanson-Heine,  
 P. H. P. Harbach,  A. W. Hauser,  M. F. Herbst,  M. Hernandez Vera,  
 M. Hodecker,  Z. C. Holden,  S. Houck,  Xunkun Huang,  Kerwin Hui,  
 B. C. Huynh,  M. Ivanov,  Hyunjun Ji,  Hanjie Jiang,  B. Kaduk,  S. Kaehler,  
 K. Khistyaev,  Jaehoon Kim,  P. Klunzinger,  Z. Koczor-Benda,  
 Joong Hoon Koh,  D. Kosenkov,  L. Koulias,  T. Kowalczyk,  C. M. Krauter,  
 K. Kue,  A. Kunitsa,  T. Kus,  A. Landau,  K. V. Lawler,  D. Lefrancois,  
 S. Lehtola,  Rain Li,  Yi-Pei Li,  Jiashu Liang,  M. Liebenthal,  
 Hung-Hsuan Lin,  You-Sheng Lin,  Fenglai Liu,  Kuan-Yu Liu,  
 M. Loipersberger,  A. Luenser,  A. Manjanath,  P. Manohar,  E. Mansoor,  
 S. F. Manzer,  Shan-Ping Mao,  A. V. Marenich,  T. Markovich,  S. Mason,  
 S. A. Maurer,  P. F. McLaughlin,  M. F. S. J. Menger,  J.-M. Mewes,  
 S. A. Mewes,  P. Morgante,  J. W. Mullinax,  K. J. Oosterbaan,  G. Paran,  
 Alexander C. Paul,  Suranjan K. Paul,  F. Pavosevic,  Zheng Pei,  S. Prager,  
 E. I. Proynov,  E. Ramos,  B. Rana,  A. E. Rask,  A. Rettig,  R. M. Richard,  
 F. Rob,  E. Rossomme,  T. Scheele,  M. Scheurer,  M. Schneider,  
 N. Sergueev,  S. M. Sharada,  W. Skomorowski,  D. W. Small,  C. J. Stein,  
 Yu-Chuan Su,  E. J. Sundstrom,  Zhen Tao,  J. Thirman,  T. Tsuchimochi,  
 N. M. Tubman,  S. P. Veccham,  O. Vydrov,  J. Wenzel,  J. Witte,  A. Yamada,  
 Kun Yao,  S. Yeganeh,  S. R. Yost,  A. Zech,  Igor Ying Zhang,  Xing Zhang,  
 Yu Zhang,  D. Zuev,  A. Aspuru-Guzik,  A. T. Bell,  N. A. Besley,  
 K. B. Bravaya,  B. R. Brooks,  D. Casanova,  Jeng-Da Chai,  S. Coriani,  
 C. J. Cramer,  A. E. DePrince, III,  R. A. DiStasio Jr.,  A. Dreuw,  
 B. D. Dunietz,  T. R. Furlani,  W. A. Goddard III,  S. Grimme,  
 S. Hammes-Schiffer,  T. Head-Gordon,  W. J. Hehre,  Chao-Ping Hsu,  
 T.-C. Jagau,  Yousung Jung,  A. Klamt,  Jing Kong,  D. S. Lambrecht,  
 WanZhen Liang,  N. J. Mayhall,  C. W. McCurdy,  J. B. Neaton,  T. Neudecker,  
 C. Ochsenfeld,  J. A. Parkhill,  R. Peverati,  V. A. Rassolov,  Yihan Shao,  
 L. V. Slipchenko,  R. P. Steele,  J. E. Subotnik,  A. J. W. Thom,  
 A. Tkatchenko,  D. G. Truhlar,  T. Van Voorhis,  T. A. Wesolowski,  
 K. B. Whaley,  H. L. Woodcock III,  P. M. Zimmerman,  S. Faraji,  
 P. M. W. Gill,  M. Head-Gordon,  J. M. Herbert,  A. I. Krylov

 Additional authors since Version 5.4.0: 
 Chandrima Chakravarty,  L. Cunha,  R. Kang,  Yongbin Kim,  S. Kotaru,  
 Shaozhi Li,  Xiangyuan Li,  F. Matz,  A. Molle,  V. Parravicini,  
 Haisheng Ren,  Hengyuan Shen,  Yingli Su,  Hung-Yi Tsai,  C. Utku,  
 Fang Wang,  Jeff Yang,  F. Zeller

 Contributors to earlier versions of Q-Chem not listed above: 
 R. D. Adamson,  B. Austin,  R. Baer,  J. Baker,  G. J. O. Beran,  
 K. Brandhorst,  S. T. Brown,  E. F. C. Byrd,  Arup K. Chakraborty,  
 G. K. L. Chan,  Chun-Min Chang,  Yunqing Chen,  C.-L. Cheng,  
 Siu Hung Chien,  D. M. Chipman,  D. L. Crittenden,  H. Dachsel,  
 R. J. Doerksen,  A. D. Dutoi,  R. G. Edgar,  J. Fosso-Tande,  
 L. Fusti-Molnar,  D. Ghosh,  A. Ghysels,  A. Golubeva-Zadorozhnaya,  
 J. Gonthier,  M. S. Gordon,  S. R. Gwaltney,  G. Hawkins,  J. E. Herr,  
 A. Heyden,  S. Hirata,  E. G. Hohenstein,  G. Kedziora,  F. J. Keil,  
 C. Kelley,  Jihan Kim,  R. A. King,  R. Z. Khaliullin,  P. P. Korambath,  
 W. Kurlancheek,  A. Laurent,  A. M. Lee,  M. S. Lee,  S. V. Levchenko,  
 Ching Yeh Lin,  D. Liotard,  E. Livshits,  R. C. Lochan,  I. Lotan,  
 L. A. Martinez-Martinez,  P. E. Maslen,  N. Nair,  D. P. O'Neill,  
 D. Neuhauser,  E. Neuscamman,  C. M. Oana,  R. Olivares-Amaya,  R. Olson,  
 T. M. Perrine,  B. Peters,  P. A. Pieniazek,  A. Prociuk,  Y. M. Rhee,  
 J. Ritchie,  M. A. Rohrdanz,  E. Rosta,  N. J. Russ,  H. F. Schaefer III,  
 M. W. Schmidt,  N. E. Schultz,  S. Sharma,  N. Shenvi,  C. D. Sherrill,  
 A. C. Simmonett,  A. Sodt,  T. Stein,  D. Stuck,  K. S. Thanthiriwatte,  
 V. Vanovschi,  L. Vogt,  Tao Wang,  A. Warshel,  M. A. Watson,  
 C. F. Williams,  Q. Wu,  X. Xu,  Jun Yang,  W. Zhang,  Yan Zhao

   Please cite Q-Chem as follows:
  "Software for the frontiers of quantum chemistry:
   An overview of developments in the Q-Chem 5 package"
   J. Chem. Phys. 155, 084801 (2021)
   https://doi.org/10.1063/5.0055522 (open access)

 Q-Chem 5.4.2 for Intel X86 EM64T Linux

 Parts of Q-Chem use Armadillo 9.900.5 (Nocturnal Misbehaviour).
 http://arma.sourceforge.net/

 Q-Chem begins on Fri Jan 19 05:36:18 2024  

 Host: 
0

     Scratch files written to /scratch/qchem1081037//
 Dec1321 |scratch|qcdevops|jenkins|workspace|build_RNUM 5684   
 Processing $rem in /home/kchung25/qchem/5.4.0/config/preferences:
 Processing $rem in /home/kchung25/.qchemrc:

 Q-Chem warning in module libgen/rem_setup.C, line 3079:

 Neither GIA nor STOLL is specified by user. Use STOLL as the default


 Checking the input file for inconsistencies... 	...done.

--------------------------------------------------------------
User input:
--------------------------------------------------------------
$molecule
-1 1
--
-1 1
Br     0.000000     0.000000     0.000000
--
0 1
O      0.936162     3.028793    -0.863611
H      0.135253     3.528226    -1.165330
H      0.572521     2.216892    -0.482163
O     -1.364496     1.694909     2.400741
H     -0.940522     1.130278     1.692609
H     -1.147774     2.625449     2.143951
O     -2.003382    -2.394680     1.418725
H     -1.477915    -3.075593     1.809731
H     -1.317858    -1.699563     1.204630
O      3.353864     0.790785     0.363253
H      3.773818     0.759128    -0.518565
H      2.429244     0.812169     0.202249
$end

$rem
JOBTYPE          eda
EDA2             1
METHOD           wB97M-V
BASIS            def2-TZVPPD
SYMMETRY         false
MEM_TOTAL        50000
MEM_STATIC       10000
THRESH           14
SCF_CONVERGENCE  8
XC_GRID          000099000590
NL_GRID          1
EDA_CLS_DISP     true
FD_MAT_VEC_PROD  FALSE
$end
--------------------------------------------------------------
 ----------------------------------------------------------------
             Standard Nuclear Orientation (Angstroms)
    I     Atom           X                Y                Z
 ----------------------------------------------------------------
    1      Br     -0.2221089573     0.3618103199     0.4299796630
    2      O       2.6674310331    -1.1506098050     0.8286703908
    3      H       2.5368403046    -1.9138018481     1.4470609386
    4      H       1.7669511764    -0.8533825982     0.6344730615
    5      O      -0.8344201367    -2.4022363613    -1.1458515986
    6      H      -0.6810002814    -1.5251675661    -0.6906310754
    7      H       0.0017322043    -2.9107726812    -1.0007506165
    8      O      -3.6140092862     0.6112433932    -0.0100290491
    9      H      -3.8197959821     1.3261782891    -0.5924066793
   10      H      -2.6213778610     0.5439075181    -0.1055078477
   11      O       2.4857376654     1.6195805583    -1.3282234209
   12      H       3.0383183827     2.1379318253    -0.7110256990
   13      H       1.9142313557     1.1079235814    -0.7870308639
 ----------------------------------------------------------------
 Molecular Point Group                 C1    NOp =  1
 Largest Abelian Subgroup              C1    NOp =  1
 Nuclear Repulsion Energy =         331.46026253 hartrees
 There are       38 alpha and       38 beta electrons
 Requested basis set is def2-TZVPPD
 There are 131 shells and 353 basis functions

 Q-Chem warning in module libmdc/get_mega.C, line 171:

 Allowed MEM_STATIC has been capped at MEM_STATIC=8191.
 Reduce the value of MEM_STATIC to silence this warning.


 Total QAlloc Memory Limit  50000 MB
 Mega-Array Size      8007 MB
 MEM_STATIC part      8191 MB

                       Distance Matrix (Angstroms)
             Br(  1)   O (  2)   H (  3)   H (  4)   O (  5)   H (  6)
   O (  2)  3.285698
   H (  3)  3.718154  0.990920
   H (  4)  2.339844  0.967947  1.541920
   O (  5)  3.240081  4.210495  4.281023  3.512212
   H (  6)  2.242105  3.696020  3.882687  2.863505  1.000007
   H (  7)  3.578672  3.681155  3.662309  3.165882  0.989350  1.575500
   O (  8)  3.429404  6.577540  6.806755  5.613844  4.254088  3.691885
   H (  9)  3.862464  7.087881  7.420494  6.121067  4.808310  4.241681
   H ( 10)  2.465035  5.631658  5.920981  4.664485  3.599347  2.896292
   O ( 11)  3.464924  3.515559  4.493285  3.237959  5.218402  4.508236
   H ( 12)  3.884184  3.650031  4.617939  3.517770  5.983336  5.220349
   H ( 13)  2.569387  2.877286  3.809151  2.426744  4.472702  3.698336
             H (  7)   O (  8)   H (  9)   H ( 10)   O ( 11)   H ( 12)
   O (  8)  5.143901
   H (  9)  5.720365  0.944798
   H ( 10)  4.429106  0.999484  1.511696
   O ( 11)  5.177028  6.321495  6.355098  5.360479
   H ( 12)  5.898662  6.861169  6.907007  5.910984  0.977224
   H ( 13)  4.455698  5.604629  5.741479  4.621075  0.938777  1.526521

 
 A cutoff of  1.0D-14 yielded   7272 shell pairs
 There are     52008 function pairs (     63792 Cartesian)
 Smallest overlap matrix eigenvalue = 2.00E-04

 Scale SEOQF with 1.000000e-01/1.000000e-01/1.000000e-01

 Standard Electronic Orientation quadrupole field applied
 Nucleus-field energy     =     0.0000000126 hartrees

 -----------------------------------------------------------------------
  General SCF calculation program by
  Eric Jon Sundstrom, Paul Horn, Yuezhi Mao, Dmitri Zuev, Alec White,
  David Stuck, Shaama M.S., Shane Yost, Joonho Lee, David Small,
  Daniel Levine, Susi Lehtola, Hugh Burton, Evgeny Epifanovsky,
  Bang C. Huynh
 -----------------------------------------------------------------------
================================================================
                 ALMO-EDA with the EDA2 driver                  
================================================================
 The second-generation ALMO-EDA (for DFT):                      
 P. R. Horn, Y. Mao and M. Head-Gordon, PCCP, 18, 23067 (2016)  
 Y. Mao et al. Annu. Rev. Phys. Chem. 72, 641 (2021)            
 Decomposition of the frozen energy:                            
 P. R. Horn, Y. Mao and M. Head-Gordon, JCP, 144, 114107 (2016) 
 FERF model for polarization:                                   
 P. R. Horn and M. Head-Gordon, JCP, 143, 114111 (2015)         
================================================================
 Using eda2 option set 1
 Option set summary: Frozen orbital wavefunction, initial wavefunction decomposition, and nDQ polarization.
--------------------------------
Printing EDA Options
--------------------------------
eda_child_super_basis      0
fragmo_guess_mode          0
child_mp                   1
child_mp_orders            232
cls_elec                   1
cls_disp                   1
scfmi_mode                 1
scfmi_occs                 0
scfmi_virts                0
frz_relax                  0
frz_relax_method           0
dc_pen_start               0
dc_pen_conv                0
dc_pen_increment           0
dc_pen_steps               0
dc_pen_thresh_factor       0
dc_pen_pre_newton_thresh   0
frz_ortho_decomp           1
frz_ortho_decomp_conv      6
plot_mo_ortho_frz          0
frgm_method                2
scfmi_freeze_ss            0
separate_rehyb             0
plot_diff_den              0
eda_nocv                   0
eda_vct_relax              1
disp_free_x                0
disp_free_c                0
eda_bsse                   0
eda_pct_a                  0
eda_covp                   0
--------------------------------
Attempting to make child job directory: /scratch/qchem1081037//Frg1/
Attempting to make child job directory: /scratch/qchem1081037//Frg2/
Creating input file /scratch/qchem1081037/Frg1.input
using default PutDataFrgm: nothing
calling putenv with: QCSCRATCH=/scratch/qchem1081037/ 
Spawning Job For Fragment 0
Done Job For Fragment 0
calling putenv with: QCSCRATCH=/scratch 
calling putenv with: QCTHREADS=6 
Creating input file /scratch/qchem1081037/Frg2.input
using default PutDataFrgm: nothing
calling putenv with: QCSCRATCH=/scratch/qchem1081037/ 
Spawning Job For Fragment 1
Done Job For Fragment 1
calling putenv with: QCSCRATCH=/scratch 
calling putenv with: QCTHREADS=6 
Doing General SCFMI
 Exchange:     0.1500 Hartree-Fock + 1.0000 wB97M-V + LR-HF
 Correlation:  1.0000 wB97M-V
 Using Euler-Maclaurin-Lebedev (99,590) quadrature formula
 Nonlocal Correlation:  VV10 with C = 0.0100 and b = 6.00 and scale = 1.00000
 Grid used for NLC:  SG-1 standard quadrature
performing fock build before subrot guess so that all methods have access
Printing subrot_rss_gen Method Specification:
Occupied Subspace Method is 0
Virtual Subspace Method is 0
Energy of the unrelaxed supersystem initial determinant -2879.861189700860
write pseudocanon occs and virts to disk
write pseudocanon orbital energies to disk
Tolerance of ortho_decomp_scf: 1.00e-06
GDM subspace size: 20
Beginning the Orthogonal Decomposition of the Initial Supersystem Wavefunction
    1   -2879.6101296972      4.73e-01     ortho_decomp Preconditoned Steepest Descent
    2   -2879.6821548424      3.06e-03     ortho_decomp BFGS Step
    3   -2879.6822304122      3.91e-04     ortho_decomp BFGS Step
    4   -2879.6822307663      1.24e-05     ortho_decomp BFGS Step
    5   -2879.6822307666      3.10e-07     ortho_decomp 00000 Convergence criterion met
 Hartree-Fock
 Hartree-Fock
 Hartree-Fock
 Exchange:     0.1500 Hartree-Fock + 1.0000 wB97M-V + LR-HF
 Correlation:  1.0000 wB97M-V
 Using Euler-Maclaurin-Lebedev (99,590) quadrature formula
 Nonlocal Correlation:  VV10 with C = 0.0100 and b = 6.00 and scale = 1.00000
 Grid used for NLC:  SG-1 standard quadrature
 Long-range K will be added via erf
 Coulomb attenuation parameter = 0.3 bohr**(-1)
 Nonlocal correlation = 3.147883670444e-01
Doing General SCFMI
 Exchange:     0.1500 Hartree-Fock + 1.0000 wB97M-V + LR-HF
 Correlation:  1.0000 wB97M-V
 Using Euler-Maclaurin-Lebedev (99,590) quadrature formula
 Nonlocal Correlation:  VV10 with C = 0.0100 and b = 6.00 and scale = 1.00000
 Grid used for NLC:  SG-1 standard quadrature
performing fock build at end of subrot_r(subrot) constructor so that all methods have access
<S^2> of initial wavefunction before polarization iterations 0.0000000000
Beginning iterations for the determination of the polarized wavefunction
Energy prior to optimization (guess energy) = -2879.861189700861
Begin Timing: Total SCF Calculation
begin iterations for algorithm: DIIS         
the SCF tolerance is set to 1.00e-08
    1   -2879.8611897009      6.40e-04     00000 
    2   -2879.8766236569      2.40e-04     00000 
    3   -2879.8780393209      1.07e-04     00000 
    4   -2879.8783783242      4.63e-05     00000 
    5   -2879.8784700641      2.00e-05     00000 
    6   -2879.8784942622      1.11e-05     00000 
    7   -2879.8785012488      4.76e-06     00000 
    8   -2879.8785029025      2.00e-06     00000 
    9   -2879.8785030400      1.20e-06     00000 
   10   -2879.8785030672      7.20e-07     00000 
   11   -2879.8785030715      4.73e-07     00000 
   12   -2879.8785030743      2.15e-07     00000 
   13   -2879.8785030760      9.14e-08     00000 
   14   -2879.8785030765      3.31e-08     00000 
   15   -2879.8785030765      1.73e-08     00000 
   16   -2879.8785030765      1.03e-08     00000 
   17   -2879.8785030765      4.27e-09     00000 Convergence criterion met
write pseudocanon occs and virts to disk
write pseudocanon orbital energies to disk
Timing for Total SCF: 166.00s (wall), 999.46s (cpu)
<S^2> of polarized wavefunction after polarization iterations 0.0000000000
relaxing scfmi constraint to allow all rotations in the entire AO span
Doing General SCFMI
 Exchange:     0.1500 Hartree-Fock + 1.0000 wB97M-V + LR-HF
 Correlation:  1.0000 wB97M-V
 Using Euler-Maclaurin-Lebedev (99,590) quadrature formula
 Nonlocal Correlation:  VV10 with C = 0.0100 and b = 6.00 and scale = 1.00000
 Grid used for NLC:  SG-1 standard quadrature
performing fock build at end of subrot_r(subrot) constructor so that all methods have access
<S^2> of polarized wavefunction before ct-allowed iterations 0.0000000000
Beginning iterations for the determination of the CT-Allowed wavefunction
Energy prior to optimization (guess energy) = -2879.878503076539
Begin Timing: Total SCF Calculation
begin iterations for algorithm: DIIS         
the SCF tolerance is set to 1.00e-08
    1   -2879.8785030765      5.70e-04     00000 
    2   -2879.8961529846      7.68e-05     00000 
    3   -2879.8969200036      3.71e-05     00000 
    4   -2879.8969778809      1.70e-05     00000 
    5   -2879.8969926683      4.05e-06     00000 
    6   -2879.8969935226      1.06e-06     00000 
    7   -2879.8969936588      2.80e-07     00000 
    8   -2879.8969936720      7.98e-08     00000 
    9   -2879.8969936728      4.83e-08     00000 
   10   -2879.8969936729      7.74e-09     00000 Convergence criterion met
write pseudocanon occs and virts to disk
write pseudocanon orbital energies to disk
Timing for Total SCF: 94.00s (wall), 567.18s (cpu)
<S^2> of ct_allowed wavefunction after ct-allowed iterations 0.0000000000

================================
        Results of EDA2         
================================
Basic EDA Quantities
--------------------
Fragment Energies (Ha):
1-2574.0946475100
2 -305.7352834588
--------------------
  E_prp (kJ/mol) = 0.0000
  E_frz (kJ/mol) = -82.0708
  E_pol (kJ/mol) = -45.4568
  E_vct (kJ/mol) = -48.5476
  E_int (kJ/mol) = -176.0752
--------------------


Decomposition of frozen interaction energy
--------------------
  --------------------
  Orthogonal Frozen Decomposition:
  --------------------
     E_elec   (ELEC)   (kJ/mol) = -340.9344
     E_pauli  (PAULI)  (kJ/mol) = 300.0977
     E_disp   (DISP)   (kJ/mol) = -41.2341
  --------------------
  Classical Frozen Decomposition:
  --------------------
     E_cls_elec  (CLS ELEC)  (kJ/mol) = -222.9372
     E_mod_pauli (MOD PAULI) (kJ/mol) = 183.8068 (FRZ - CLS ELEC - CLS DISP)
     E_cls_disp  (CLS DISP)  (kJ/mol) = -42.9404
  --------------------
--------------------

Simplified EDA Summary (kJ/mol)
--------------------
 PREPARATION      0.0000
 FROZEN           -82.0708 (ELEC + PAULI + DISP)
[ELEC + PAULI = -39.1304, DISP = -42.9404]
 POLARIZATION    -45.4568
 CHARGE TRANSFER -48.5476
 TOTAL           -176.0752     (PRP + FRZ + POL + CT)
--------------------
 
 --------------------------------------------------------------
 
                    Orbital Energies (a.u.)
 --------------------------------------------------------------
 
 Alpha MOs
 -- Occupied --
******** -62.5869 -56.2722 -56.2721 -56.2719 -19.1967 -19.1918 -19.1902
-19.1795  -8.6690  -6.4483  -6.4478  -6.4472  -2.5306  -2.5305  -2.5300
 -2.5297  -2.5296  -0.9977  -0.9940  -0.9934  -0.9690  -0.6642  -0.5014
 -0.4916  -0.4858  -0.4706  -0.3675  -0.3647  -0.3598  -0.3472  -0.2880
 -0.2843  -0.2837  -0.2692  -0.2013  -0.1960  -0.1931
 -- Virtual --
  0.1357   0.1433   0.1460   0.1579   0.1765   0.1840   0.1993   0.2024
  0.2088   0.2147   0.2215   0.2280   0.2341   0.2394   0.2511   0.2648
  0.2745   0.2810   0.2926   0.3108   0.3195   0.3296   0.3316   0.3452
  0.3505   0.3561   0.3659   0.3680   0.3754   0.3791   0.3830   0.3929
  0.3992   0.4133   0.4160   0.4254   0.4313   0.4447   0.4479   0.4529
  0.4638   0.4700   0.4759   0.4843   0.5051   0.5090   0.5125   0.5200
  0.5218   0.5422   0.5510   0.5740   0.5823   0.5922   0.6011   0.6089
  0.6196   0.6293   0.6371   0.6435   0.6495   0.6600   0.6677   0.6768
  0.6856   0.6933   0.7027   0.7151   0.7182   0.7225   0.7288   0.7383
  0.7463   0.7559   0.7599   0.7645   0.7702   0.7884   0.8051   0.8198
  0.8326   0.8596   0.8653   0.8793   0.8924   0.9032   0.9217   0.9241
  0.9504   0.9563   0.9613   0.9858   1.0009   1.0073   1.0325   1.0561
  1.0671   1.0784   1.0851   1.1000   1.1242   1.1371   1.1574   1.1624
  1.1890   1.1933   1.2156   1.2264   1.2347   1.2671   1.2736   1.2868
  1.2990   1.3032   1.3112   1.3191   1.3347   1.3453   1.3554   1.3676
  1.3739   1.4022   1.4196   1.4250   1.4422   1.4446   1.5053   1.5153
  1.5503   1.5633   1.5779   1.5859   1.6040   1.7072   1.8206   1.8351
  1.8595   1.8616   1.8751   1.8827   1.8917   1.9119   2.0231   2.0454
  2.0693   2.0812   2.0936   2.1024   2.1223   2.1303   2.1319   2.1751
  2.1857   2.2153   2.2196   2.2376   2.2478   2.2841   2.2942   2.3360
  2.3427   2.3494   2.3924   2.3974   2.4421   2.4648   2.4994   2.5609
  2.5789   2.7128   2.7415   2.8215   2.8814   2.9400   2.9593   2.9808
  3.0333   3.1135   3.1389   3.1666   3.1984   3.3143   3.3340   3.3553
  3.3645   3.3711   3.4033   3.4202   3.4315   3.4394   3.4563   3.4718
  3.4918   3.5574   3.5774   3.5816   3.5900   3.5909   3.5993   3.6071
  3.6184   3.6263   3.6356   3.6377   3.6514   3.7569   3.7901   3.8349
  3.8557   3.9018   3.9205   3.9675   3.9869   4.0199   4.0363   4.0444
  4.0639   4.0986   4.1124   4.1210   4.1408   4.1626   4.1755   4.1893
  4.2112   4.2180   4.2246   4.2380   4.2501   4.3105   4.3233   4.3412
  4.3654   4.3705   4.3848   4.3858   4.4263   4.4579   4.4617   4.4725
  4.4770   4.5048   4.5355   4.5951   4.6250   4.7143   4.8580   4.8642
  4.8687   4.8893   4.8936   4.9334   4.9648   4.9769   5.1356   5.1440
  5.1492   5.1626   5.3243   5.3705   5.3826   5.4204   5.8058   5.8222
  5.8457   5.8604   6.3059   6.3703   6.4104   6.4229   6.5860   6.5916
  6.6067   6.6706   6.6864   6.7288   6.7545   6.7605   6.7668   6.7679
  6.7988   6.8116   6.8247   6.8273   6.8319   6.8700   6.9127   6.9238
  6.9280   6.9572   7.0139   7.0194   7.0359   7.0556   7.2062   7.2334
  7.2377   7.2624   7.6381   7.6524   7.6806   7.6905   7.7007   7.7672
  7.8032   7.8212   7.9337   7.9501   7.9837   8.0283   8.1677  44.5214
 44.5657  44.5897  44.6412
 --------------------------------------------------------------
 
          Ground-State Mulliken Net Atomic Charges

     Atom                 Charge (a.u.)
  ----------------------------------------
      1 Br                   -0.790230
      2 O                    -0.443420
      3 H                     0.137311
      4 H                     0.205945
      5 O                    -0.506680
      6 H                     0.311612
      7 H                     0.166484
      8 O                    -0.432727
      9 H                     0.107561
     10 H                     0.255668
     11 O                    -0.428620
     12 H                     0.152803
     13 H                     0.264292
  ----------------------------------------
  Sum of atomic charges =    -1.000000

 -----------------------------------------------------------------
                    Cartesian Multipole Moments
 -----------------------------------------------------------------
    Charge (ESU x 10^10)
                -4.8032
    Dipole Moment (Debye)
         X       1.6600      Y       0.5159      Z       1.4154
       Tot       2.2417
    Quadrupole Moments (Debye-Ang)
        XX     -74.9891     XY      -7.2371     YY     -51.7600
        XZ       7.2454     YZ      -4.0933     ZZ     -58.0059
    Octopole Moments (Debye-Ang^2)
       XXX      14.9712    XXY      28.0105    XYY      17.5114
       YYY       9.5633    XXZ       1.4366    XYZ      16.8294
       YYZ      18.9196    XZZ      -7.1821    YZZ      -3.3332
       ZZZ      20.3270
    Hexadecapole Moments (Debye-Ang^3)
      XXXX   -1489.7955   XXXY       0.0957   XXYY    -248.8130
      XYYY     -57.2801   YYYY    -507.0484   XXXZ      77.7673
      XXYZ     -24.8919   XYYZ      18.0903   YYYZ     -19.0821
      XXZZ    -270.3957   XYZZ     -42.2410   YYZZ    -145.0998
      XZZZ      21.6359   YZZZ      -8.1865   ZZZZ    -266.1682
 -----------------------------------------------------------------
 Total job time:  882.83s(wall), 2627.32s(cpu) 
 Fri Jan 19 05:51:01 2024

        *************************************************************
        *                                                           *
        *  Thank you very much for using Q-Chem.  Have a nice day.  *
        *                                                           *
        *************************************************************


