
Running Job 1 of 1 123_Br-Water_Cls_026_almo.in
qchem 123_Br-Water_Cls_026_almo.in_1082507.0 /scratch/qchem1082507/ 6
/home/kchung25/qchem/5.4.0/exe/qcprog.exe_s 123_Br-Water_Cls_026_almo.in_1082507.0 /scratch/qchem1082507/
                  Welcome to Q-Chem
     A Quantum Leap Into The Future Of Chemistry


 Q-Chem 5.4, Q-Chem, Inc., Pleasanton, CA (2021)

 E. Epifanovsky,  A. T. B. Gilbert,  Xintian Feng,  Joonho Lee,  Yuezhi Mao,  
 N. Mardirossian,  P. Pokhilko,  A. White,  M. Wormit,  M. P. Coons,  
 A. L. Dempwolff,  Zhengting Gan,  D. Hait,  P. R. Horn,  L. D. Jacobson,  
 I. Kaliman,  J. Kussmann,  A. W. Lange,  Ka Un Lao,  D. S. Levine,  Jie Liu,  
 S. C. McKenzie,  A. F. Morrison,  K. Nanda,  F. Plasser,  D. R. Rehn,  
 M. L. Vidal,  Zhi-Qiang You,  Ying Zhu,  B. Alam,  B. Albrecht,  
 A. Aldossary,  E. Alguire,  J. H. Andersen,  D. Barton,  K. Begam,  A. Behn,  
 Y. A. Bernard,  E. J. Berquist,  H. Burton,  A. Carreras,  K. Carter-Fenk,  
 Romit Chakraborty,  A. D. Chien,  K. D. Closser,  V. Cofer-Shabica,  
 S. Dasgupta,  Jia Deng,  M. de Wergifosse,  M. Diedenhofen,  Hainam Do,  
 S. Ehlert,  Po-Tung Fang,  S. Fatehi,  Qingguo Feng,  T. Friedhoff,  
 J. Gayvert,  Qinghui Ge,  G. Gidofalvi,  M. Goldey,  J. Gomes,  
 C. Gonzalez-Espinoza,  S. Gulania,  A. Gunina,  M. W. D. Hanson-Heine,  
 P. H. P. Harbach,  A. W. Hauser,  M. F. Herbst,  M. Hernandez Vera,  
 M. Hodecker,  Z. C. Holden,  S. Houck,  Xunkun Huang,  Kerwin Hui,  
 B. C. Huynh,  M. Ivanov,  Hyunjun Ji,  Hanjie Jiang,  B. Kaduk,  S. Kaehler,  
 K. Khistyaev,  Jaehoon Kim,  P. Klunzinger,  Z. Koczor-Benda,  
 Joong Hoon Koh,  D. Kosenkov,  L. Koulias,  T. Kowalczyk,  C. M. Krauter,  
 K. Kue,  A. Kunitsa,  T. Kus,  A. Landau,  K. V. Lawler,  D. Lefrancois,  
 S. Lehtola,  Rain Li,  Yi-Pei Li,  Jiashu Liang,  M. Liebenthal,  
 Hung-Hsuan Lin,  You-Sheng Lin,  Fenglai Liu,  Kuan-Yu Liu,  
 M. Loipersberger,  A. Luenser,  A. Manjanath,  P. Manohar,  E. Mansoor,  
 S. F. Manzer,  Shan-Ping Mao,  A. V. Marenich,  T. Markovich,  S. Mason,  
 S. A. Maurer,  P. F. McLaughlin,  M. F. S. J. Menger,  J.-M. Mewes,  
 S. A. Mewes,  P. Morgante,  J. W. Mullinax,  K. J. Oosterbaan,  G. Paran,  
 Alexander C. Paul,  Suranjan K. Paul,  F. Pavosevic,  Zheng Pei,  S. Prager,  
 E. I. Proynov,  E. Ramos,  B. Rana,  A. E. Rask,  A. Rettig,  R. M. Richard,  
 F. Rob,  E. Rossomme,  T. Scheele,  M. Scheurer,  M. Schneider,  
 N. Sergueev,  S. M. Sharada,  W. Skomorowski,  D. W. Small,  C. J. Stein,  
 Yu-Chuan Su,  E. J. Sundstrom,  Zhen Tao,  J. Thirman,  T. Tsuchimochi,  
 N. M. Tubman,  S. P. Veccham,  O. Vydrov,  J. Wenzel,  J. Witte,  A. Yamada,  
 Kun Yao,  S. Yeganeh,  S. R. Yost,  A. Zech,  Igor Ying Zhang,  Xing Zhang,  
 Yu Zhang,  D. Zuev,  A. Aspuru-Guzik,  A. T. Bell,  N. A. Besley,  
 K. B. Bravaya,  B. R. Brooks,  D. Casanova,  Jeng-Da Chai,  S. Coriani,  
 C. J. Cramer,  A. E. DePrince, III,  R. A. DiStasio Jr.,  A. Dreuw,  
 B. D. Dunietz,  T. R. Furlani,  W. A. Goddard III,  S. Grimme,  
 S. Hammes-Schiffer,  T. Head-Gordon,  W. J. Hehre,  Chao-Ping Hsu,  
 T.-C. Jagau,  Yousung Jung,  A. Klamt,  Jing Kong,  D. S. Lambrecht,  
 WanZhen Liang,  N. J. Mayhall,  C. W. McCurdy,  J. B. Neaton,  T. Neudecker,  
 C. Ochsenfeld,  J. A. Parkhill,  R. Peverati,  V. A. Rassolov,  Yihan Shao,  
 L. V. Slipchenko,  R. P. Steele,  J. E. Subotnik,  A. J. W. Thom,  
 A. Tkatchenko,  D. G. Truhlar,  T. Van Voorhis,  T. A. Wesolowski,  
 K. B. Whaley,  H. L. Woodcock III,  P. M. Zimmerman,  S. Faraji,  
 P. M. W. Gill,  M. Head-Gordon,  J. M. Herbert,  A. I. Krylov

 Additional authors since Version 5.4.0: 
 Chandrima Chakravarty,  L. Cunha,  R. Kang,  Yongbin Kim,  S. Kotaru,  
 Shaozhi Li,  Xiangyuan Li,  F. Matz,  A. Molle,  V. Parravicini,  
 Haisheng Ren,  Hengyuan Shen,  Yingli Su,  Hung-Yi Tsai,  C. Utku,  
 Fang Wang,  Jeff Yang,  F. Zeller

 Contributors to earlier versions of Q-Chem not listed above: 
 R. D. Adamson,  B. Austin,  R. Baer,  J. Baker,  G. J. O. Beran,  
 K. Brandhorst,  S. T. Brown,  E. F. C. Byrd,  Arup K. Chakraborty,  
 G. K. L. Chan,  Chun-Min Chang,  Yunqing Chen,  C.-L. Cheng,  
 Siu Hung Chien,  D. M. Chipman,  D. L. Crittenden,  H. Dachsel,  
 R. J. Doerksen,  A. D. Dutoi,  R. G. Edgar,  J. Fosso-Tande,  
 L. Fusti-Molnar,  D. Ghosh,  A. Ghysels,  A. Golubeva-Zadorozhnaya,  
 J. Gonthier,  M. S. Gordon,  S. R. Gwaltney,  G. Hawkins,  J. E. Herr,  
 A. Heyden,  S. Hirata,  E. G. Hohenstein,  G. Kedziora,  F. J. Keil,  
 C. Kelley,  Jihan Kim,  R. A. King,  R. Z. Khaliullin,  P. P. Korambath,  
 W. Kurlancheek,  A. Laurent,  A. M. Lee,  M. S. Lee,  S. V. Levchenko,  
 Ching Yeh Lin,  D. Liotard,  E. Livshits,  R. C. Lochan,  I. Lotan,  
 L. A. Martinez-Martinez,  P. E. Maslen,  N. Nair,  D. P. O'Neill,  
 D. Neuhauser,  E. Neuscamman,  C. M. Oana,  R. Olivares-Amaya,  R. Olson,  
 T. M. Perrine,  B. Peters,  P. A. Pieniazek,  A. Prociuk,  Y. M. Rhee,  
 J. Ritchie,  M. A. Rohrdanz,  E. Rosta,  N. J. Russ,  H. F. Schaefer III,  
 M. W. Schmidt,  N. E. Schultz,  S. Sharma,  N. Shenvi,  C. D. Sherrill,  
 A. C. Simmonett,  A. Sodt,  T. Stein,  D. Stuck,  K. S. Thanthiriwatte,  
 V. Vanovschi,  L. Vogt,  Tao Wang,  A. Warshel,  M. A. Watson,  
 C. F. Williams,  Q. Wu,  X. Xu,  Jun Yang,  W. Zhang,  Yan Zhao

   Please cite Q-Chem as follows:
  "Software for the frontiers of quantum chemistry:
   An overview of developments in the Q-Chem 5 package"
   J. Chem. Phys. 155, 084801 (2021)
   https://doi.org/10.1063/5.0055522 (open access)

 Q-Chem 5.4.2 for Intel X86 EM64T Linux

 Parts of Q-Chem use Armadillo 9.900.5 (Nocturnal Misbehaviour).
 http://arma.sourceforge.net/

 Q-Chem begins on Fri Jan 19 06:20:59 2024  

 Host: 
0

     Scratch files written to /scratch/qchem1082507//
 Dec1321 |scratch|qcdevops|jenkins|workspace|build_RNUM 5684   
 Processing $rem in /home/kchung25/qchem/5.4.0/config/preferences:
 Processing $rem in /home/kchung25/.qchemrc:

 Q-Chem warning in module libgen/rem_setup.C, line 3079:

 Neither GIA nor STOLL is specified by user. Use STOLL as the default


 Checking the input file for inconsistencies... 	...done.

--------------------------------------------------------------
User input:
--------------------------------------------------------------
$molecule
-1 1
--
-1 1
Br     0.000000     0.000000     0.000000
--
0 1
O     -0.389734    -0.598419    -3.176388
H     -0.465508     0.292966    -3.519841
H      0.113003    -0.512129    -2.347686
O      1.397414     3.038515     0.513452
H      0.940691     3.150955     1.319867
H      1.055355     2.289705     0.200989
O      1.276458    -2.240841     2.084055
H      2.053789    -2.628877     1.781351
H      0.942450    -1.517205     1.560668
O      2.870105    -1.015920    -1.248286
H      3.514743    -0.967933    -0.518971
H      2.050698    -0.852438    -0.717526
O     -1.016719     3.064452    -1.085676
H     -1.384642     2.386952    -1.618609
H     -0.007287     3.049352    -1.229396
$end

$rem
JOBTYPE          eda
EDA2             1
METHOD           wB97M-V
BASIS            def2-TZVPPD
SYMMETRY         false
MEM_TOTAL        50000
MEM_STATIC       10000
THRESH           14
SCF_CONVERGENCE  8
XC_GRID          000099000590
NL_GRID          1
EDA_CLS_DISP     true
FD_MAT_VEC_PROD  FALSE
$end
--------------------------------------------------------------
 ----------------------------------------------------------------
             Standard Nuclear Orientation (Angstroms)
    I     Atom           X                Y                Z
 ----------------------------------------------------------------
    1      Br     -0.1559927684     0.0827811147    -0.6282410217
    2      O       0.5603963218    -3.0471072890    -0.0897023802
    3      H       1.4728169929    -2.9769105590     0.1946034739
    4      H       0.1611184242    -2.1833546632     0.1138805807
    5      O       1.7511661407     2.1238704497     1.2811231319
    6      H       1.7463789980     2.7939550392     0.6311173390
    7      H       1.3436775662     1.4577245476     0.8742366603
    8      O      -3.2783448033     1.1901678270    -0.7646635110
    9      H      -3.8040607731     0.9055703378    -0.0653265960
   10      H      -2.3507537788     0.9793121636    -0.6994014485
   11      O      -1.6941020529    -0.9019840222     2.1089603865
   12      H      -2.1463271369    -0.1148858444     2.4635449383
   13      H      -1.4232645014    -0.5223606043     1.2358089364
   14      O       3.2355779088     0.2616136478    -0.3664334034
   15      H       2.9744035284    -0.5725493025    -0.7045920670
   16      H       2.8882094550     0.3236749640     0.5902901520
 ----------------------------------------------------------------
 Molecular Point Group                 C1    NOp =  1
 Largest Abelian Subgroup              C1    NOp =  1
 Nuclear Repulsion Energy =         449.56224628 hartrees
 There are       43 alpha and       43 beta electrons
 Requested basis set is def2-TZVPPD
 There are 159 shells and 427 basis functions

 Q-Chem warning in module libmdc/get_mega.C, line 171:

 Allowed MEM_STATIC has been capped at MEM_STATIC=8191.
 Reduce the value of MEM_STATIC to silence this warning.


 Total QAlloc Memory Limit  50000 MB
 Mega-Array Size      8007 MB
 MEM_STATIC part      8191 MB
 A cutoff of  1.0D-14 yielded  10710 shell pairs
 There are     75652 function pairs (     92351 Cartesian)
 Smallest overlap matrix eigenvalue = 1.62E-04

 Scale SEOQF with 1.000000e-01/1.000000e-01/1.000000e-01

 Standard Electronic Orientation quadrupole field applied
 Nucleus-field energy     =     0.0000000124 hartrees

 -----------------------------------------------------------------------
  General SCF calculation program by
  Eric Jon Sundstrom, Paul Horn, Yuezhi Mao, Dmitri Zuev, Alec White,
  David Stuck, Shaama M.S., Shane Yost, Joonho Lee, David Small,
  Daniel Levine, Susi Lehtola, Hugh Burton, Evgeny Epifanovsky,
  Bang C. Huynh
 -----------------------------------------------------------------------
================================================================
                 ALMO-EDA with the EDA2 driver                  
================================================================
 The second-generation ALMO-EDA (for DFT):                      
 P. R. Horn, Y. Mao and M. Head-Gordon, PCCP, 18, 23067 (2016)  
 Y. Mao et al. Annu. Rev. Phys. Chem. 72, 641 (2021)            
 Decomposition of the frozen energy:                            
 P. R. Horn, Y. Mao and M. Head-Gordon, JCP, 144, 114107 (2016) 
 FERF model for polarization:                                   
 P. R. Horn and M. Head-Gordon, JCP, 143, 114111 (2015)         
================================================================
 Using eda2 option set 1
 Option set summary: Frozen orbital wavefunction, initial wavefunction decomposition, and nDQ polarization.
--------------------------------
Printing EDA Options
--------------------------------
eda_child_super_basis      0
fragmo_guess_mode          0
child_mp                   1
child_mp_orders            232
cls_elec                   1
cls_disp                   1
scfmi_mode                 1
scfmi_occs                 0
scfmi_virts                0
frz_relax                  0
frz_relax_method           0
dc_pen_start               0
dc_pen_conv                0
dc_pen_increment           0
dc_pen_steps               0
dc_pen_thresh_factor       0
dc_pen_pre_newton_thresh   0
frz_ortho_decomp           1
frz_ortho_decomp_conv      6
plot_mo_ortho_frz          0
frgm_method                2
scfmi_freeze_ss            0
separate_rehyb             0
plot_diff_den              0
eda_nocv                   0
eda_vct_relax              1
disp_free_x                0
disp_free_c                0
eda_bsse                   0
eda_pct_a                  0
eda_covp                   0
--------------------------------
Attempting to make child job directory: /scratch/qchem1082507//Frg1/
Attempting to make child job directory: /scratch/qchem1082507//Frg2/
Creating input file /scratch/qchem1082507/Frg1.input
using default PutDataFrgm: nothing
calling putenv with: QCSCRATCH=/scratch/qchem1082507/ 
Spawning Job For Fragment 0
Done Job For Fragment 0
calling putenv with: QCSCRATCH=/scratch 
calling putenv with: QCTHREADS=6 
Creating input file /scratch/qchem1082507/Frg2.input
using default PutDataFrgm: nothing
calling putenv with: QCSCRATCH=/scratch/qchem1082507/ 
Spawning Job For Fragment 1
Done Job For Fragment 1
calling putenv with: QCSCRATCH=/scratch 
calling putenv with: QCTHREADS=6 
Doing General SCFMI
 Exchange:     0.1500 Hartree-Fock + 1.0000 wB97M-V + LR-HF
 Correlation:  1.0000 wB97M-V
 Using Euler-Maclaurin-Lebedev (99,590) quadrature formula
 Nonlocal Correlation:  VV10 with C = 0.0100 and b = 6.00 and scale = 1.00000
 Grid used for NLC:  SG-1 standard quadrature
performing fock build before subrot guess so that all methods have access
Printing subrot_rss_gen Method Specification:
Occupied Subspace Method is 0
Virtual Subspace Method is 0
Energy of the unrelaxed supersystem initial determinant -2956.287644267996
write pseudocanon occs and virts to disk
write pseudocanon orbital energies to disk
Tolerance of ortho_decomp_scf: 1.00e-06
GDM subspace size: 20
Beginning the Orthogonal Decomposition of the Initial Supersystem Wavefunction
    1   -2956.0006761597      4.52e-01     ortho_decomp Preconditoned Steepest Descent
    2   -2956.0850491689      3.01e-03     ortho_decomp BFGS Step
    3   -2956.0851429182      3.91e-04     ortho_decomp BFGS Step
    4   -2956.0851433299      1.21e-05     ortho_decomp BFGS Step
    5   -2956.0851433302      2.71e-07     ortho_decomp 00000 Convergence criterion met
 Hartree-Fock
 Hartree-Fock
 Hartree-Fock
 Exchange:     0.1500 Hartree-Fock + 1.0000 wB97M-V + LR-HF
 Correlation:  1.0000 wB97M-V
 Using Euler-Maclaurin-Lebedev (99,590) quadrature formula
 Nonlocal Correlation:  VV10 with C = 0.0100 and b = 6.00 and scale = 1.00000
 Grid used for NLC:  SG-1 standard quadrature
 Long-range K will be added via erf
 Coulomb attenuation parameter = 0.3 bohr**(-1)
 Nonlocal correlation = 3.547647663454e-01
Doing General SCFMI
 Exchange:     0.1500 Hartree-Fock + 1.0000 wB97M-V + LR-HF
 Correlation:  1.0000 wB97M-V
 Using Euler-Maclaurin-Lebedev (99,590) quadrature formula
 Nonlocal Correlation:  VV10 with C = 0.0100 and b = 6.00 and scale = 1.00000
 Grid used for NLC:  SG-1 standard quadrature
performing fock build at end of subrot_r(subrot) constructor so that all methods have access
<S^2> of initial wavefunction before polarization iterations 0.0000000000
Beginning iterations for the determination of the polarized wavefunction
Energy prior to optimization (guess energy) = -2956.287644267997
Begin Timing: Total SCF Calculation
begin iterations for algorithm: DIIS         
the SCF tolerance is set to 1.00e-08
    1   -2956.2876442680      5.62e-04     00000 
    2   -2956.3046953587      2.28e-04     00000 
    3   -2956.3064131093      9.46e-05     00000 
    4   -2956.3068044856      3.88e-05     00000 
    5   -2956.3069110175      1.70e-05     00000 
    6   -2956.3069374588      1.00e-05     00000 
    7   -2956.3069451674      4.45e-06     00000 
    8   -2956.3069470663      2.15e-06     00000 
    9   -2956.3069472556      1.32e-06     00000 
   10   -2956.3069472920      8.78e-07     00000 
   11   -2956.3069473028      4.73e-07     00000 
   12   -2956.3069473096      2.18e-07     00000 
   13   -2956.3069473124      1.13e-07     00000 
   14   -2956.3069473131      6.12e-08     00000 
   15   -2956.3069473132      2.79e-08     00000 
   16   -2956.3069473133      1.10e-08     00000 
   17   -2956.3069473133      4.69e-09     00000 Convergence criterion met
write pseudocanon occs and virts to disk
write pseudocanon orbital energies to disk
Timing for Total SCF: 296.00s (wall), 1775.68s (cpu)
<S^2> of polarized wavefunction after polarization iterations 0.0000000000
relaxing scfmi constraint to allow all rotations in the entire AO span
Doing General SCFMI
 Exchange:     0.1500 Hartree-Fock + 1.0000 wB97M-V + LR-HF
 Correlation:  1.0000 wB97M-V
 Using Euler-Maclaurin-Lebedev (99,590) quadrature formula
 Nonlocal Correlation:  VV10 with C = 0.0100 and b = 6.00 and scale = 1.00000
 Grid used for NLC:  SG-1 standard quadrature
performing fock build at end of subrot_r(subrot) constructor so that all methods have access
<S^2> of polarized wavefunction before ct-allowed iterations 0.0000000000
Beginning iterations for the determination of the CT-Allowed wavefunction
Energy prior to optimization (guess energy) = -2956.306947313280
Begin Timing: Total SCF Calculation
begin iterations for algorithm: DIIS         
the SCF tolerance is set to 1.00e-08
    1   -2956.3069473133      4.73e-04     00000 
    2   -2956.3231221151      6.01e-05     00000 
    3   -2956.3237952583      2.84e-05     00000 
    4   -2956.3238458760      1.31e-05     00000 
    5   -2956.3238586509      2.95e-06     00000 
    6   -2956.3238593743      8.81e-07     00000 
    7   -2956.3238595107      2.36e-07     00000 
    8   -2956.3238595233      8.62e-08     00000 
    9   -2956.3238595242      3.77e-08     00000 
   10   -2956.3238595244      6.00e-09     00000 Convergence criterion met
write pseudocanon occs and virts to disk
write pseudocanon orbital energies to disk
Timing for Total SCF: 167.00s (wall), 1000.45s (cpu)
<S^2> of ct_allowed wavefunction after ct-allowed iterations 0.0000000000

================================
        Results of EDA2         
================================
Basic EDA Quantities
--------------------
Fragment Energies (Ha):
1-2574.0946475100
2 -382.1605090472
--------------------
  E_prp (kJ/mol) = 0.0000
  E_frz (kJ/mol) = -85.2975
  E_pol (kJ/mol) = -50.6807
  E_vct (kJ/mol) = -44.4035
  E_int (kJ/mol) = -180.3818
--------------------


Decomposition of frozen interaction energy
--------------------
  --------------------
  Orthogonal Frozen Decomposition:
  --------------------
     E_elec   (ELEC)   (kJ/mol) = -379.4693
     E_pauli  (PAULI)  (kJ/mol) = 344.6886
     E_disp   (DISP)   (kJ/mol) = -50.5168
  --------------------
  Classical Frozen Decomposition:
  --------------------
     E_cls_elec  (CLS ELEC)  (kJ/mol) = -242.0318
     E_mod_pauli (MOD PAULI) (kJ/mol) = 208.0660 (FRZ - CLS ELEC - CLS DISP)
     E_cls_disp  (CLS DISP)  (kJ/mol) = -51.3317
  --------------------
--------------------

Simplified EDA Summary (kJ/mol)
--------------------
 PREPARATION      0.0000
 FROZEN           -85.2975 (ELEC + PAULI + DISP)
[ELEC + PAULI = -33.9658, DISP = -51.3317]
 POLARIZATION    -50.6807
 CHARGE TRANSFER -44.4035
 TOTAL           -180.3818     (PRP + FRZ + POL + CT)
--------------------
 
 --------------------------------------------------------------
 
                    Orbital Energies (a.u.)
 --------------------------------------------------------------
 
 Alpha MOs
 -- Occupied --
******** -62.5888 -56.2740 -56.2740 -56.2739 -19.2063 -19.1963 -19.1963
-19.1901 -19.1858  -8.6708  -6.4497  -6.4497  -6.4492  -2.5322  -2.5321
 -2.5317  -2.5317  -2.5316  -1.0388  -1.0045  -1.0033  -0.9948  -0.9937
 -0.6667  -0.5344  -0.5288  -0.5059  -0.4963  -0.4781  -0.3870  -0.3759
 -0.3697  -0.3603  -0.3485  -0.3103  -0.2917  -0.2890  -0.2864  -0.2846
 -0.2002  -0.1984  -0.1967
 -- Virtual --
  0.1321   0.1376   0.1438   0.1493   0.1670   0.1750   0.1813   0.1849
  0.1947   0.2079   0.2088   0.2138   0.2169   0.2264   0.2307   0.2397
  0.2430   0.2559   0.2657   0.2693   0.2727   0.2862   0.2934   0.3077
  0.3161   0.3243   0.3344   0.3372   0.3483   0.3565   0.3613   0.3634
  0.3665   0.3748   0.3861   0.3927   0.4059   0.4104   0.4169   0.4231
  0.4274   0.4299   0.4332   0.4450   0.4510   0.4513   0.4607   0.4619
  0.4761   0.4802   0.4885   0.4896   0.5046   0.5069   0.5158   0.5220
  0.5296   0.5355   0.5365   0.5404   0.5458   0.5567   0.5717   0.5847
  0.5908   0.5965   0.6051   0.6207   0.6260   0.6343   0.6423   0.6465
  0.6595   0.6625   0.6716   0.6776   0.6857   0.6954   0.7070   0.7113
  0.7173   0.7209   0.7227   0.7272   0.7359   0.7436   0.7573   0.7629
  0.7782   0.7829   0.7905   0.7914   0.7976   0.8091   0.8369   0.8428
  0.8541   0.8612   0.8677   0.8722   0.8991   0.9105   0.9172   0.9241
  0.9502   0.9565   0.9694   0.9759   0.9856   0.9905   1.0002   1.0109
  1.0197   1.0370   1.0450   1.0515   1.0666   1.0685   1.0802   1.0886
  1.0956   1.1256   1.1263   1.1397   1.1630   1.1699   1.1983   1.2093
  1.2261   1.2364   1.2454   1.2531   1.2643   1.2802   1.2933   1.3049
  1.3163   1.3247   1.3333   1.3402   1.3429   1.3624   1.3713   1.3800
  1.3862   1.4014   1.4169   1.4333   1.4407   1.4540   1.4669   1.4763
  1.4932   1.5285   1.5710   1.5725   1.5851   1.5902   1.5985   1.6299
  1.6350   1.6490   1.6959   1.8410   1.8558   1.8756   1.8803   1.8964
  1.9008   1.9109   1.9261   2.0143   2.0551   2.0678   2.0781   2.1068
  2.1142   2.1316   2.1412   2.1537   2.1604   2.1849   2.1994   2.2155
  2.2217   2.2329   2.2443   2.2604   2.2623   2.3121   2.3192   2.3478
  2.3604   2.3626   2.3724   2.3968   2.4145   2.4179   2.4363   2.4644
  2.4787   2.5206   2.5623   2.7085   2.7349   2.8136   2.8321   2.8392
  2.8702   2.9457   2.9544   2.9953   3.0258   3.1440   3.1663   3.1931
  3.2156   3.2329   3.3001   3.3037   3.3687   3.3725   3.3794   3.3923
  3.4033   3.4384   3.4481   3.4528   3.4676   3.4717   3.5027   3.5075
  3.5318   3.5371   3.5483   3.5501   3.5726   3.5905   3.6108   3.6154
  3.6163   3.6257   3.6609   3.6824   3.6955   3.7045   3.7299   3.7449
  3.7488   3.7852   3.8354   3.8458   3.8762   3.9193   3.9249   3.9571
  3.9895   4.0231   4.0324   4.0443   4.0755   4.0816   4.1056   4.1304
  4.1398   4.1632   4.1697   4.1798   4.1970   4.2121   4.2276   4.2291
  4.2378   4.2468   4.2560   4.2838   4.3124   4.3254   4.3408   4.3486
  4.3614   4.3873   4.3970   4.4095   4.4187   4.4325   4.4486   4.4695
  4.4840   4.4940   4.5009   4.5155   4.5366   4.5500   4.5766   4.6413
  4.6853   4.7314   4.8436   4.8707   4.8926   4.9102   4.9456   4.9650
  4.9880   5.0086   5.0205   5.0956   5.1150   5.1633   5.2114   5.2706
  5.3086   5.3542   5.3633   5.3868   5.4008   5.6356   5.8132   5.8165
  5.8308   5.8471   5.9712   6.2509   6.2812   6.3877   6.4805   6.5403
  6.5913   6.6287   6.6840   6.6885   6.7124   6.7410   6.7525   6.7626
  6.7695   6.7793   6.7887   6.8204   6.8277   6.8417   6.8485   6.8600
  6.8626   6.8777   6.9023   6.9088   6.9113   6.9463   6.9811   7.0072
  7.0194   7.0321   7.0333   7.0421   7.1777   7.1805   7.2132   7.2465
  7.2614   7.3044   7.4413   7.6300   7.6437   7.6647   7.6783   7.7044
  7.7623   7.7858   7.8459   7.8708   7.8819   7.9860   8.0133   8.0472
  8.1364   8.1935   8.2459  44.5234  44.5599  44.6188  44.7420  44.8842
 --------------------------------------------------------------
 
          Ground-State Mulliken Net Atomic Charges

     Atom                 Charge (a.u.)
  ----------------------------------------
      1 Br                   -0.820936
      2 O                    -0.426049
      3 H                     0.129226
      4 H                     0.265716
      5 O                    -0.355836
      6 H                     0.128915
      7 H                     0.228104
      8 O                    -0.433222
      9 H                     0.103994
     10 H                     0.262997
     11 O                    -0.438281
     12 H                     0.133294
     13 H                     0.241161
     14 O                    -0.388763
     15 H                     0.142169
     16 H                     0.227510
  ----------------------------------------
  Sum of atomic charges =    -1.000000

 -----------------------------------------------------------------
                    Cartesian Multipole Moments
 -----------------------------------------------------------------
    Charge (ESU x 10^10)
                -4.8032
    Dipole Moment (Debye)
         X       0.8079      Y       1.2292      Z       1.5224
       Tot       2.1170
    Quadrupole Moments (Debye-Ang)
        XX     -74.2247     XY      -5.6172     YY     -72.8956
        XZ      -5.8987     YZ       1.9533     ZZ     -67.7272
    Octopole Moments (Debye-Ang^2)
       XXX     -34.3494    XXY     -32.2134    XYY      22.4956
       YYY      51.7452    XXZ      23.6502    XYZ     -23.2138
       YYZ     -10.5722    XZZ       3.1483    YZZ       2.0485
       ZZZ     -19.1184
    Hexadecapole Moments (Debye-Ang^3)
      XXXX   -1479.1228   XXXY     -30.0865   XXYY    -352.5552
      XYYY      20.9495   YYYY    -873.5752   XXXZ     -81.2618
      XXYZ      41.5199   XYYZ     -12.0557   YYYZ     -19.8126
      XXZZ    -299.4638   XYZZ     -31.7880   YYZZ    -234.6816
      XZZZ     -23.7560   YZZZ      13.3124   ZZZZ    -426.9186
 -----------------------------------------------------------------
 Total job time:  1680.36s(wall), 4690.81s(cpu) 
 Fri Jan 19 06:49:00 2024

        *************************************************************
        *                                                           *
        *  Thank you very much for using Q-Chem.  Have a nice day.  *
        *                                                           *
        *************************************************************


