
Running Job 1 of 1 123_Br-Water_Cls_030_almo.in
qchem 123_Br-Water_Cls_030_almo.in_1087062.0 /scratch/qchem1087062/ 6
/home/kchung25/qchem/5.4.0/exe/qcprog.exe_s 123_Br-Water_Cls_030_almo.in_1087062.0 /scratch/qchem1087062/
                  Welcome to Q-Chem
     A Quantum Leap Into The Future Of Chemistry


 Q-Chem 5.4, Q-Chem, Inc., Pleasanton, CA (2021)

 E. Epifanovsky,  A. T. B. Gilbert,  Xintian Feng,  Joonho Lee,  Yuezhi Mao,  
 N. Mardirossian,  P. Pokhilko,  A. White,  M. Wormit,  M. P. Coons,  
 A. L. Dempwolff,  Zhengting Gan,  D. Hait,  P. R. Horn,  L. D. Jacobson,  
 I. Kaliman,  J. Kussmann,  A. W. Lange,  Ka Un Lao,  D. S. Levine,  Jie Liu,  
 S. C. McKenzie,  A. F. Morrison,  K. Nanda,  F. Plasser,  D. R. Rehn,  
 M. L. Vidal,  Zhi-Qiang You,  Ying Zhu,  B. Alam,  B. Albrecht,  
 A. Aldossary,  E. Alguire,  J. H. Andersen,  D. Barton,  K. Begam,  A. Behn,  
 Y. A. Bernard,  E. J. Berquist,  H. Burton,  A. Carreras,  K. Carter-Fenk,  
 Romit Chakraborty,  A. D. Chien,  K. D. Closser,  V. Cofer-Shabica,  
 S. Dasgupta,  Jia Deng,  M. de Wergifosse,  M. Diedenhofen,  Hainam Do,  
 S. Ehlert,  Po-Tung Fang,  S. Fatehi,  Qingguo Feng,  T. Friedhoff,  
 J. Gayvert,  Qinghui Ge,  G. Gidofalvi,  M. Goldey,  J. Gomes,  
 C. Gonzalez-Espinoza,  S. Gulania,  A. Gunina,  M. W. D. Hanson-Heine,  
 P. H. P. Harbach,  A. W. Hauser,  M. F. Herbst,  M. Hernandez Vera,  
 M. Hodecker,  Z. C. Holden,  S. Houck,  Xunkun Huang,  Kerwin Hui,  
 B. C. Huynh,  M. Ivanov,  Hyunjun Ji,  Hanjie Jiang,  B. Kaduk,  S. Kaehler,  
 K. Khistyaev,  Jaehoon Kim,  P. Klunzinger,  Z. Koczor-Benda,  
 Joong Hoon Koh,  D. Kosenkov,  L. Koulias,  T. Kowalczyk,  C. M. Krauter,  
 K. Kue,  A. Kunitsa,  T. Kus,  A. Landau,  K. V. Lawler,  D. Lefrancois,  
 S. Lehtola,  Rain Li,  Yi-Pei Li,  Jiashu Liang,  M. Liebenthal,  
 Hung-Hsuan Lin,  You-Sheng Lin,  Fenglai Liu,  Kuan-Yu Liu,  
 M. Loipersberger,  A. Luenser,  A. Manjanath,  P. Manohar,  E. Mansoor,  
 S. F. Manzer,  Shan-Ping Mao,  A. V. Marenich,  T. Markovich,  S. Mason,  
 S. A. Maurer,  P. F. McLaughlin,  M. F. S. J. Menger,  J.-M. Mewes,  
 S. A. Mewes,  P. Morgante,  J. W. Mullinax,  K. J. Oosterbaan,  G. Paran,  
 Alexander C. Paul,  Suranjan K. Paul,  F. Pavosevic,  Zheng Pei,  S. Prager,  
 E. I. Proynov,  E. Ramos,  B. Rana,  A. E. Rask,  A. Rettig,  R. M. Richard,  
 F. Rob,  E. Rossomme,  T. Scheele,  M. Scheurer,  M. Schneider,  
 N. Sergueev,  S. M. Sharada,  W. Skomorowski,  D. W. Small,  C. J. Stein,  
 Yu-Chuan Su,  E. J. Sundstrom,  Zhen Tao,  J. Thirman,  T. Tsuchimochi,  
 N. M. Tubman,  S. P. Veccham,  O. Vydrov,  J. Wenzel,  J. Witte,  A. Yamada,  
 Kun Yao,  S. Yeganeh,  S. R. Yost,  A. Zech,  Igor Ying Zhang,  Xing Zhang,  
 Yu Zhang,  D. Zuev,  A. Aspuru-Guzik,  A. T. Bell,  N. A. Besley,  
 K. B. Bravaya,  B. R. Brooks,  D. Casanova,  Jeng-Da Chai,  S. Coriani,  
 C. J. Cramer,  A. E. DePrince, III,  R. A. DiStasio Jr.,  A. Dreuw,  
 B. D. Dunietz,  T. R. Furlani,  W. A. Goddard III,  S. Grimme,  
 S. Hammes-Schiffer,  T. Head-Gordon,  W. J. Hehre,  Chao-Ping Hsu,  
 T.-C. Jagau,  Yousung Jung,  A. Klamt,  Jing Kong,  D. S. Lambrecht,  
 WanZhen Liang,  N. J. Mayhall,  C. W. McCurdy,  J. B. Neaton,  T. Neudecker,  
 C. Ochsenfeld,  J. A. Parkhill,  R. Peverati,  V. A. Rassolov,  Yihan Shao,  
 L. V. Slipchenko,  R. P. Steele,  J. E. Subotnik,  A. J. W. Thom,  
 A. Tkatchenko,  D. G. Truhlar,  T. Van Voorhis,  T. A. Wesolowski,  
 K. B. Whaley,  H. L. Woodcock III,  P. M. Zimmerman,  S. Faraji,  
 P. M. W. Gill,  M. Head-Gordon,  J. M. Herbert,  A. I. Krylov

 Additional authors since Version 5.4.0: 
 Chandrima Chakravarty,  L. Cunha,  R. Kang,  Yongbin Kim,  S. Kotaru,  
 Shaozhi Li,  Xiangyuan Li,  F. Matz,  A. Molle,  V. Parravicini,  
 Haisheng Ren,  Hengyuan Shen,  Yingli Su,  Hung-Yi Tsai,  C. Utku,  
 Fang Wang,  Jeff Yang,  F. Zeller

 Contributors to earlier versions of Q-Chem not listed above: 
 R. D. Adamson,  B. Austin,  R. Baer,  J. Baker,  G. J. O. Beran,  
 K. Brandhorst,  S. T. Brown,  E. F. C. Byrd,  Arup K. Chakraborty,  
 G. K. L. Chan,  Chun-Min Chang,  Yunqing Chen,  C.-L. Cheng,  
 Siu Hung Chien,  D. M. Chipman,  D. L. Crittenden,  H. Dachsel,  
 R. J. Doerksen,  A. D. Dutoi,  R. G. Edgar,  J. Fosso-Tande,  
 L. Fusti-Molnar,  D. Ghosh,  A. Ghysels,  A. Golubeva-Zadorozhnaya,  
 J. Gonthier,  M. S. Gordon,  S. R. Gwaltney,  G. Hawkins,  J. E. Herr,  
 A. Heyden,  S. Hirata,  E. G. Hohenstein,  G. Kedziora,  F. J. Keil,  
 C. Kelley,  Jihan Kim,  R. A. King,  R. Z. Khaliullin,  P. P. Korambath,  
 W. Kurlancheek,  A. Laurent,  A. M. Lee,  M. S. Lee,  S. V. Levchenko,  
 Ching Yeh Lin,  D. Liotard,  E. Livshits,  R. C. Lochan,  I. Lotan,  
 L. A. Martinez-Martinez,  P. E. Maslen,  N. Nair,  D. P. O'Neill,  
 D. Neuhauser,  E. Neuscamman,  C. M. Oana,  R. Olivares-Amaya,  R. Olson,  
 T. M. Perrine,  B. Peters,  P. A. Pieniazek,  A. Prociuk,  Y. M. Rhee,  
 J. Ritchie,  M. A. Rohrdanz,  E. Rosta,  N. J. Russ,  H. F. Schaefer III,  
 M. W. Schmidt,  N. E. Schultz,  S. Sharma,  N. Shenvi,  C. D. Sherrill,  
 A. C. Simmonett,  A. Sodt,  T. Stein,  D. Stuck,  K. S. Thanthiriwatte,  
 V. Vanovschi,  L. Vogt,  Tao Wang,  A. Warshel,  M. A. Watson,  
 C. F. Williams,  Q. Wu,  X. Xu,  Jun Yang,  W. Zhang,  Yan Zhao

   Please cite Q-Chem as follows:
  "Software for the frontiers of quantum chemistry:
   An overview of developments in the Q-Chem 5 package"
   J. Chem. Phys. 155, 084801 (2021)
   https://doi.org/10.1063/5.0055522 (open access)

 Q-Chem 5.4.2 for Intel X86 EM64T Linux

 Parts of Q-Chem use Armadillo 9.900.5 (Nocturnal Misbehaviour).
 http://arma.sourceforge.net/

 Q-Chem begins on Fri Jan 19 07:51:05 2024  

 Host: 
0

     Scratch files written to /scratch/qchem1087062//
 Dec1321 |scratch|qcdevops|jenkins|workspace|build_RNUM 5684   
 Processing $rem in /home/kchung25/qchem/5.4.0/config/preferences:
 Processing $rem in /home/kchung25/.qchemrc:

 Q-Chem warning in module libgen/rem_setup.C, line 3079:

 Neither GIA nor STOLL is specified by user. Use STOLL as the default


 Checking the input file for inconsistencies... 	...done.

--------------------------------------------------------------
User input:
--------------------------------------------------------------
$molecule
-1 1
--
-1 1
Br     0.000000     0.000000     0.000000
--
0 1
O      1.548803    -0.710591     3.040000
H      0.898652    -0.539982     2.353961
H      1.060812    -1.118901     3.781649
O      0.137519    -0.423573    -3.463886
H     -0.133520    -0.725311    -2.600673
H     -0.032708    -1.196669    -3.995500
O     -2.010270    -2.265977     1.576016
H     -1.353894    -1.831518     1.044048
H     -2.834302    -1.936376     1.192922
O     -0.016933    -2.910328    -1.674653
H     -0.135970    -2.167692    -1.070498
H      0.453271    -3.621303    -1.199784
O      3.384032    -0.837063    -0.115591
H      3.644167    -1.658433    -0.579572
H      2.425456    -0.765354    -0.030565
$end

$rem
JOBTYPE          eda
EDA2             1
METHOD           wB97M-V
BASIS            def2-TZVPPD
SYMMETRY         false
MEM_TOTAL        50000
MEM_STATIC       10000
THRESH           14
SCF_CONVERGENCE  8
XC_GRID          000099000590
NL_GRID          1
EDA_CLS_DISP     true
FD_MAT_VEC_PROD  FALSE
$end
--------------------------------------------------------------
 ----------------------------------------------------------------
             Standard Nuclear Orientation (Angstroms)
    I     Atom           X                Y                Z
 ----------------------------------------------------------------
    1      Br      0.0804527254    -0.0705960333     0.9150901034
    2      O       3.2068134173     0.9125883900    -0.2700459714
    3      H       2.4766654323     0.4078928254     0.0968594255
    4      H       3.8876541625     0.2596880505    -0.5251391657
    5      O      -3.3745135320     0.2531443286     0.5210950261
    6      H      -2.5501420468    -0.1731203363     0.3011979289
    7      H      -3.9500685772    -0.0885168813    -0.1580751362
    8      O       1.3881681745    -2.7970078071    -0.6711705351
    9      H       0.9312109152    -1.9955325825    -0.4444514216
   10      H       0.9517595307    -3.4478468826    -0.1051470705
   11      O      -1.7090592843    -0.7935771545    -1.8325822807
   12      H      -1.0866395145    -0.7426319298    -1.0972731524
   13      H      -1.2265694666    -0.6003956650    -2.6583923723
   14      O       0.2125604969     2.9101143100    -0.8914595661
   15      H      -0.2618047572     2.9571650214    -1.7460712321
   16      H       0.2203347521     2.0120630100    -0.5383548046
 ----------------------------------------------------------------
 Molecular Point Group                 C1    NOp =  1
 Largest Abelian Subgroup              C1    NOp =  1
 Nuclear Repulsion Energy =         440.33901924 hartrees
 There are       43 alpha and       43 beta electrons
 Requested basis set is def2-TZVPPD
 There are 159 shells and 427 basis functions

 Q-Chem warning in module libmdc/get_mega.C, line 171:

 Allowed MEM_STATIC has been capped at MEM_STATIC=8191.
 Reduce the value of MEM_STATIC to silence this warning.


 Total QAlloc Memory Limit  50000 MB
 Mega-Array Size      8007 MB
 MEM_STATIC part      8191 MB
 A cutoff of  1.0D-14 yielded  10737 shell pairs
 There are     75941 function pairs (     92774 Cartesian)
 Smallest overlap matrix eigenvalue = 1.77E-04

 Scale SEOQF with 1.000000e-01/1.000000e-01/1.000000e-01

 Standard Electronic Orientation quadrupole field applied
 Nucleus-field energy     =     0.0000000129 hartrees

 -----------------------------------------------------------------------
  General SCF calculation program by
  Eric Jon Sundstrom, Paul Horn, Yuezhi Mao, Dmitri Zuev, Alec White,
  David Stuck, Shaama M.S., Shane Yost, Joonho Lee, David Small,
  Daniel Levine, Susi Lehtola, Hugh Burton, Evgeny Epifanovsky,
  Bang C. Huynh
 -----------------------------------------------------------------------
================================================================
                 ALMO-EDA with the EDA2 driver                  
================================================================
 The second-generation ALMO-EDA (for DFT):                      
 P. R. Horn, Y. Mao and M. Head-Gordon, PCCP, 18, 23067 (2016)  
 Y. Mao et al. Annu. Rev. Phys. Chem. 72, 641 (2021)            
 Decomposition of the frozen energy:                            
 P. R. Horn, Y. Mao and M. Head-Gordon, JCP, 144, 114107 (2016) 
 FERF model for polarization:                                   
 P. R. Horn and M. Head-Gordon, JCP, 143, 114111 (2015)         
================================================================
 Using eda2 option set 1
 Option set summary: Frozen orbital wavefunction, initial wavefunction decomposition, and nDQ polarization.
--------------------------------
Printing EDA Options
--------------------------------
eda_child_super_basis      0
fragmo_guess_mode          0
child_mp                   1
child_mp_orders            232
cls_elec                   1
cls_disp                   1
scfmi_mode                 1
scfmi_occs                 0
scfmi_virts                0
frz_relax                  0
frz_relax_method           0
dc_pen_start               0
dc_pen_conv                0
dc_pen_increment           0
dc_pen_steps               0
dc_pen_thresh_factor       0
dc_pen_pre_newton_thresh   0
frz_ortho_decomp           1
frz_ortho_decomp_conv      6
plot_mo_ortho_frz          0
frgm_method                2
scfmi_freeze_ss            0
separate_rehyb             0
plot_diff_den              0
eda_nocv                   0
eda_vct_relax              1
disp_free_x                0
disp_free_c                0
eda_bsse                   0
eda_pct_a                  0
eda_covp                   0
--------------------------------
Attempting to make child job directory: /scratch/qchem1087062//Frg1/
Attempting to make child job directory: /scratch/qchem1087062//Frg2/
Creating input file /scratch/qchem1087062/Frg1.input
using default PutDataFrgm: nothing
calling putenv with: QCSCRATCH=/scratch/qchem1087062/ 
Spawning Job For Fragment 0
Done Job For Fragment 0
calling putenv with: QCSCRATCH=/scratch 
calling putenv with: QCTHREADS=6 
Creating input file /scratch/qchem1087062/Frg2.input
using default PutDataFrgm: nothing
calling putenv with: QCSCRATCH=/scratch/qchem1087062/ 
Spawning Job For Fragment 1
Done Job For Fragment 1
calling putenv with: QCSCRATCH=/scratch 
calling putenv with: QCTHREADS=6 
Doing General SCFMI
 Exchange:     0.1500 Hartree-Fock + 1.0000 wB97M-V + LR-HF
 Correlation:  1.0000 wB97M-V
 Using Euler-Maclaurin-Lebedev (99,590) quadrature formula
 Nonlocal Correlation:  VV10 with C = 0.0100 and b = 6.00 and scale = 1.00000
 Grid used for NLC:  SG-1 standard quadrature
performing fock build before subrot guess so that all methods have access
Printing subrot_rss_gen Method Specification:
Occupied Subspace Method is 0
Virtual Subspace Method is 0
Energy of the unrelaxed supersystem initial determinant -2956.307394220123
write pseudocanon occs and virts to disk
write pseudocanon orbital energies to disk
Tolerance of ortho_decomp_scf: 1.00e-06
GDM subspace size: 20
Beginning the Orthogonal Decomposition of the Initial Supersystem Wavefunction
    1   -2956.0733486906      3.90e-01     ortho_decomp Preconditoned Steepest Descent
    2   -2956.1369589868      2.43e-03     ortho_decomp BFGS Step
    3   -2956.1370159218      2.80e-04     ortho_decomp BFGS Step
    4   -2956.1370161690      8.52e-06     ortho_decomp BFGS Step
    5   -2956.1370161692      1.98e-07     ortho_decomp 00000 Convergence criterion met
 Hartree-Fock
 Hartree-Fock
 Hartree-Fock
 Exchange:     0.1500 Hartree-Fock + 1.0000 wB97M-V + LR-HF
 Correlation:  1.0000 wB97M-V
 Using Euler-Maclaurin-Lebedev (99,590) quadrature formula
 Nonlocal Correlation:  VV10 with C = 0.0100 and b = 6.00 and scale = 1.00000
 Grid used for NLC:  SG-1 standard quadrature
 Long-range K will be added via erf
 Coulomb attenuation parameter = 0.3 bohr**(-1)
 Nonlocal correlation = 3.554320855059e-01
Doing General SCFMI
 Exchange:     0.1500 Hartree-Fock + 1.0000 wB97M-V + LR-HF
 Correlation:  1.0000 wB97M-V
 Using Euler-Maclaurin-Lebedev (99,590) quadrature formula
 Nonlocal Correlation:  VV10 with C = 0.0100 and b = 6.00 and scale = 1.00000
 Grid used for NLC:  SG-1 standard quadrature
performing fock build at end of subrot_r(subrot) constructor so that all methods have access
<S^2> of initial wavefunction before polarization iterations 0.0000000000
Beginning iterations for the determination of the polarized wavefunction
Energy prior to optimization (guess energy) = -2956.307394220123
Begin Timing: Total SCF Calculation
begin iterations for algorithm: DIIS         
the SCF tolerance is set to 1.00e-08
    1   -2956.3073942201      5.55e-04     00000 
    2   -2956.3254698655      2.15e-04     00000 
    3   -2956.3271065926      8.35e-05     00000 
    4   -2956.3274384374      3.86e-05     00000 
    5   -2956.3275167403      1.47e-05     00000 
    6   -2956.3275362434      8.37e-06     00000 
    7   -2956.3275409846      3.87e-06     00000 
    8   -2956.3275423186      1.71e-06     00000 
    9   -2956.3275424281      9.61e-07     00000 
   10   -2956.3275424482      5.43e-07     00000 
   11   -2956.3275424533      3.46e-07     00000 
   12   -2956.3275424564      1.39e-07     00000 
   13   -2956.3275424576      6.08e-08     00000 
   14   -2956.3275424578      2.43e-08     00000 
   15   -2956.3275424578      1.38e-08     00000 
   16   -2956.3275424578      7.31e-09     00000 Convergence criterion met
write pseudocanon occs and virts to disk
write pseudocanon orbital energies to disk
Timing for Total SCF: 276.00s (wall), 1652.64s (cpu)
<S^2> of polarized wavefunction after polarization iterations 0.0000000000
relaxing scfmi constraint to allow all rotations in the entire AO span
Doing General SCFMI
 Exchange:     0.1500 Hartree-Fock + 1.0000 wB97M-V + LR-HF
 Correlation:  1.0000 wB97M-V
 Using Euler-Maclaurin-Lebedev (99,590) quadrature formula
 Nonlocal Correlation:  VV10 with C = 0.0100 and b = 6.00 and scale = 1.00000
 Grid used for NLC:  SG-1 standard quadrature
performing fock build at end of subrot_r(subrot) constructor so that all methods have access
<S^2> of polarized wavefunction before ct-allowed iterations 0.0000000000
Beginning iterations for the determination of the CT-Allowed wavefunction
Energy prior to optimization (guess energy) = -2956.327542457846
Begin Timing: Total SCF Calculation
begin iterations for algorithm: DIIS         
the SCF tolerance is set to 1.00e-08
    1   -2956.3275424578      4.45e-04     00000 
    2   -2956.3416122055      5.56e-05     00000 
    3   -2956.3421906306      2.62e-05     00000 
    4   -2956.3422333604      1.17e-05     00000 
    5   -2956.3422431540      2.63e-06     00000 
    6   -2956.3422437221      8.11e-07     00000 
    7   -2956.3422438269      2.07e-07     00000 
    8   -2956.3422438378      4.62e-08     00000 
    9   -2956.3422438384      2.74e-08     00000 
   10   -2956.3422438385      6.34e-09     00000 Convergence criterion met
write pseudocanon occs and virts to disk
write pseudocanon orbital energies to disk
Timing for Total SCF: 166.00s (wall), 991.52s (cpu)
<S^2> of ct_allowed wavefunction after ct-allowed iterations 0.0000000000

================================
        Results of EDA2         
================================
Basic EDA Quantities
--------------------
Fragment Energies (Ha):
1-2574.0946475100
2 -382.1733647777
--------------------
  E_prp (kJ/mol) = 0.0000
  E_frz (kJ/mol) = -103.3985
  E_pol (kJ/mol) = -52.8998
  E_vct (kJ/mol) = -38.5989
  E_int (kJ/mol) = -194.8972
--------------------


Decomposition of frozen interaction energy
--------------------
  --------------------
  Orthogonal Frozen Decomposition:
  --------------------
     E_elec   (ELEC)   (kJ/mol) = -322.6329
     E_pauli  (PAULI)  (kJ/mol) = 262.7860
     E_disp   (DISP)   (kJ/mol) = -43.5516
  --------------------
  Classical Frozen Decomposition:
  --------------------
     E_cls_elec  (CLS ELEC)  (kJ/mol) = -214.1509
     E_mod_pauli (MOD PAULI) (kJ/mol) = 154.4636 (FRZ - CLS ELEC - CLS DISP)
     E_cls_disp  (CLS DISP)  (kJ/mol) = -43.7112
  --------------------
--------------------

Simplified EDA Summary (kJ/mol)
--------------------
 PREPARATION      0.0000
 FROZEN           -103.3985 (ELEC + PAULI + DISP)
[ELEC + PAULI = -59.6873, DISP = -43.7112]
 POLARIZATION    -52.8998
 CHARGE TRANSFER -38.5989
 TOTAL           -194.8972     (PRP + FRZ + POL + CT)
--------------------
 
 --------------------------------------------------------------
 
                    Orbital Energies (a.u.)
 --------------------------------------------------------------
 
 Alpha MOs
 -- Occupied --
******** -62.5900 -56.2752 -56.2751 -56.2750 -19.2063 -19.2013 -19.1947
-19.1903 -19.1857  -8.6718  -6.4509  -6.4505  -6.4503  -2.5332  -2.5331
 -2.5329  -2.5326  -2.5325  -1.0102  -1.0086  -1.0001  -0.9955  -0.9836
 -0.6651  -0.5199  -0.5041  -0.5009  -0.4969  -0.4902  -0.3803  -0.3773
 -0.3602  -0.3597  -0.3437  -0.3030  -0.2954  -0.2872  -0.2822  -0.2765
 -0.2023  -0.1999  -0.1973
 -- Virtual --
  0.1315   0.1366   0.1423   0.1524   0.1591   0.1661   0.1853   0.1886
  0.1937   0.2071   0.2111   0.2211   0.2237   0.2262   0.2315   0.2397
  0.2526   0.2568   0.2687   0.2736   0.2764   0.2911   0.2970   0.3061
  0.3180   0.3272   0.3328   0.3402   0.3515   0.3587   0.3618   0.3638
  0.3669   0.3754   0.3856   0.3896   0.3938   0.4002   0.4018   0.4147
  0.4173   0.4248   0.4279   0.4314   0.4381   0.4457   0.4512   0.4603
  0.4634   0.4667   0.4775   0.4845   0.4889   0.4942   0.5043   0.5156
  0.5244   0.5277   0.5310   0.5533   0.5632   0.5755   0.5806   0.5846
  0.5880   0.5954   0.6043   0.6215   0.6254   0.6306   0.6358   0.6500
  0.6519   0.6565   0.6680   0.6724   0.6820   0.6843   0.6989   0.7068
  0.7106   0.7201   0.7264   0.7315   0.7388   0.7460   0.7482   0.7541
  0.7642   0.7742   0.7828   0.7876   0.7968   0.8095   0.8213   0.8327
  0.8404   0.8539   0.8652   0.8810   0.8977   0.9089   0.9135   0.9243
  0.9343   0.9453   0.9557   0.9634   0.9751   0.9802   0.9964   0.9988
  1.0200   1.0422   1.0563   1.0611   1.0671   1.0777   1.0824   1.0960
  1.1038   1.1109   1.1251   1.1448   1.1579   1.1711   1.1991   1.2286
  1.2362   1.2526   1.2641   1.2700   1.2731   1.2771   1.3020   1.3056
  1.3176   1.3233   1.3280   1.3420   1.3502   1.3631   1.3777   1.3814
  1.3855   1.4009   1.4152   1.4257   1.4488   1.4506   1.4596   1.4773
  1.5019   1.5258   1.5441   1.5632   1.5696   1.5891   1.5916   1.6072
  1.6278   1.6502   1.6977   1.8352   1.8483   1.8581   1.8665   1.8832
  1.9019   1.9054   1.9541   1.9940   2.0510   2.0669   2.0770   2.0926
  2.1124   2.1224   2.1291   2.1362   2.1599   2.1698   2.1917   2.1934
  2.2150   2.2301   2.2503   2.2573   2.2736   2.2830   2.2877   2.3150
  2.3240   2.3545   2.3766   2.3917   2.4173   2.4278   2.4348   2.4792
  2.4869   2.5086   2.5470   2.6863   2.7362   2.7793   2.8191   2.8790
  2.9391   2.9402   2.9594   2.9975   3.0100   3.1383   3.1616   3.1735
  3.2022   3.2285   3.3161   3.3583   3.3635   3.3679   3.3778   3.4110
  3.4189   3.4241   3.4297   3.4420   3.4523   3.4727   3.4851   3.4986
  3.5033   3.5274   3.5551   3.5577   3.5670   3.5830   3.5865   3.5970
  3.6052   3.6139   3.6210   3.6357   3.6431   3.6563   3.6772   3.7055
  3.7875   3.8026   3.8124   3.8565   3.8713   3.8894   3.9095   3.9273
  3.9329   3.9609   4.0573   4.0686   4.0718   4.0892   4.0919   4.1000
  4.1220   4.1290   4.1443   4.1750   4.1784   4.1864   4.2053   4.2165
  4.2318   4.2501   4.2613   4.2678   4.2697   4.2892   4.3370   4.3414
  4.3573   4.3616   4.3747   4.3872   4.3979   4.4096   4.4161   4.4279
  4.4507   4.4571   4.4834   4.5119   4.5303   4.5431   4.5603   4.6544
  4.6621   4.6748   4.8734   4.8799   4.8857   4.8909   4.9131   4.9245
  4.9270   4.9355   5.0018   5.0306   5.1423   5.1495   5.1540   5.1874
  5.1944   5.3467   5.3643   5.3769   5.4242   5.4463   5.7969   5.8117
  5.8339   5.8615   5.8898   6.2351   6.3040   6.3593   6.4794   6.5336
  6.6641   6.6740   6.6756   6.6961   6.7122   6.7360   6.7426   6.7451
  6.7615   6.7714   6.7815   6.7830   6.8010   6.8109   6.8134   6.8211
  6.8304   6.8513   6.8754   6.8903   6.8995   6.9122   6.9188   6.9615
  6.9887   7.0100   7.0193   7.0288   7.0467   7.0717   7.2175   7.2455
  7.2581   7.2811   7.3293   7.5806   7.6324   7.6581   7.7031   7.7051
  7.7134   7.7456   7.7549   7.8532   7.8913   7.9632   7.9845   8.0032
  8.0344   8.0745   8.1004  44.5450  44.5627  44.6238  44.6433  44.6688
 --------------------------------------------------------------
 
          Ground-State Mulliken Net Atomic Charges

     Atom                 Charge (a.u.)
  ----------------------------------------
      1 Br                   -0.825431
      2 O                    -0.418730
      3 H                     0.241852
      4 H                     0.152045
      5 O                    -0.401938
      6 H                     0.253050
      7 H                     0.139002
      8 O                    -0.433237
      9 H                     0.247663
     10 H                     0.148647
     11 O                    -0.441931
     12 H                     0.214726
     13 H                     0.135899
     14 O                    -0.454272
     15 H                     0.152341
     16 H                     0.290315
  ----------------------------------------
  Sum of atomic charges =    -1.000000

 -----------------------------------------------------------------
                    Cartesian Multipole Moments
 -----------------------------------------------------------------
    Charge (ESU x 10^10)
                -4.8032
    Dipole Moment (Debye)
         X      -0.4016      Y      -3.0196      Z      -2.8886
       Tot       4.1980
    Quadrupole Moments (Debye-Ang)
        XX     -74.5854     XY      -2.4608     YY     -73.7425
        XZ       5.4937     YZ      -6.3290     ZZ     -59.0670
    Octopole Moments (Debye-Ang^2)
       XXX      16.2539    XXY     -19.4094    XYY     -25.2548
       YYY     -38.6402    XXZ     -10.2350    XYZ       4.7996
       YYZ      20.0340    XZZ       1.6909    YZZ      14.2005
       ZZZ     -10.1057
    Hexadecapole Moments (Debye-Ang^3)
      XXXX   -1173.9104   XXXY     -22.2473   XXYY    -420.4844
      XYYY     -11.7561   YYYY    -895.9046   XXXZ      41.4326
      XXYZ     -16.7105   XYYZ      33.0078   YYYZ     -61.0419
      XXZZ    -301.8601   XYZZ      -9.7636   YYZZ    -204.0181
      XZZZ      18.5821   YZZZ     -24.4538   ZZZZ    -336.8809
 -----------------------------------------------------------------
 Total job time:  1655.73s(wall), 4543.91s(cpu) 
 Fri Jan 19 08:18:41 2024

        *************************************************************
        *                                                           *
        *  Thank you very much for using Q-Chem.  Have a nice day.  *
        *                                                           *
        *************************************************************


