
Running Job 1 of 1 123_Br-Water_Cls_071_almo.in
qchem 123_Br-Water_Cls_071_almo.in_1096309.0 /scratch/qchem1096309/ 6
/home/kchung25/qchem/5.4.0/exe/qcprog.exe_s 123_Br-Water_Cls_071_almo.in_1096309.0 /scratch/qchem1096309/
                  Welcome to Q-Chem
     A Quantum Leap Into The Future Of Chemistry


 Q-Chem 5.4, Q-Chem, Inc., Pleasanton, CA (2021)

 E. Epifanovsky,  A. T. B. Gilbert,  Xintian Feng,  Joonho Lee,  Yuezhi Mao,  
 N. Mardirossian,  P. Pokhilko,  A. White,  M. Wormit,  M. P. Coons,  
 A. L. Dempwolff,  Zhengting Gan,  D. Hait,  P. R. Horn,  L. D. Jacobson,  
 I. Kaliman,  J. Kussmann,  A. W. Lange,  Ka Un Lao,  D. S. Levine,  Jie Liu,  
 S. C. McKenzie,  A. F. Morrison,  K. Nanda,  F. Plasser,  D. R. Rehn,  
 M. L. Vidal,  Zhi-Qiang You,  Ying Zhu,  B. Alam,  B. Albrecht,  
 A. Aldossary,  E. Alguire,  J. H. Andersen,  D. Barton,  K. Begam,  A. Behn,  
 Y. A. Bernard,  E. J. Berquist,  H. Burton,  A. Carreras,  K. Carter-Fenk,  
 Romit Chakraborty,  A. D. Chien,  K. D. Closser,  V. Cofer-Shabica,  
 S. Dasgupta,  Jia Deng,  M. de Wergifosse,  M. Diedenhofen,  Hainam Do,  
 S. Ehlert,  Po-Tung Fang,  S. Fatehi,  Qingguo Feng,  T. Friedhoff,  
 J. Gayvert,  Qinghui Ge,  G. Gidofalvi,  M. Goldey,  J. Gomes,  
 C. Gonzalez-Espinoza,  S. Gulania,  A. Gunina,  M. W. D. Hanson-Heine,  
 P. H. P. Harbach,  A. W. Hauser,  M. F. Herbst,  M. Hernandez Vera,  
 M. Hodecker,  Z. C. Holden,  S. Houck,  Xunkun Huang,  Kerwin Hui,  
 B. C. Huynh,  M. Ivanov,  Hyunjun Ji,  Hanjie Jiang,  B. Kaduk,  S. Kaehler,  
 K. Khistyaev,  Jaehoon Kim,  P. Klunzinger,  Z. Koczor-Benda,  
 Joong Hoon Koh,  D. Kosenkov,  L. Koulias,  T. Kowalczyk,  C. M. Krauter,  
 K. Kue,  A. Kunitsa,  T. Kus,  A. Landau,  K. V. Lawler,  D. Lefrancois,  
 S. Lehtola,  Rain Li,  Yi-Pei Li,  Jiashu Liang,  M. Liebenthal,  
 Hung-Hsuan Lin,  You-Sheng Lin,  Fenglai Liu,  Kuan-Yu Liu,  
 M. Loipersberger,  A. Luenser,  A. Manjanath,  P. Manohar,  E. Mansoor,  
 S. F. Manzer,  Shan-Ping Mao,  A. V. Marenich,  T. Markovich,  S. Mason,  
 S. A. Maurer,  P. F. McLaughlin,  M. F. S. J. Menger,  J.-M. Mewes,  
 S. A. Mewes,  P. Morgante,  J. W. Mullinax,  K. J. Oosterbaan,  G. Paran,  
 Alexander C. Paul,  Suranjan K. Paul,  F. Pavosevic,  Zheng Pei,  S. Prager,  
 E. I. Proynov,  E. Ramos,  B. Rana,  A. E. Rask,  A. Rettig,  R. M. Richard,  
 F. Rob,  E. Rossomme,  T. Scheele,  M. Scheurer,  M. Schneider,  
 N. Sergueev,  S. M. Sharada,  W. Skomorowski,  D. W. Small,  C. J. Stein,  
 Yu-Chuan Su,  E. J. Sundstrom,  Zhen Tao,  J. Thirman,  T. Tsuchimochi,  
 N. M. Tubman,  S. P. Veccham,  O. Vydrov,  J. Wenzel,  J. Witte,  A. Yamada,  
 Kun Yao,  S. Yeganeh,  S. R. Yost,  A. Zech,  Igor Ying Zhang,  Xing Zhang,  
 Yu Zhang,  D. Zuev,  A. Aspuru-Guzik,  A. T. Bell,  N. A. Besley,  
 K. B. Bravaya,  B. R. Brooks,  D. Casanova,  Jeng-Da Chai,  S. Coriani,  
 C. J. Cramer,  A. E. DePrince, III,  R. A. DiStasio Jr.,  A. Dreuw,  
 B. D. Dunietz,  T. R. Furlani,  W. A. Goddard III,  S. Grimme,  
 S. Hammes-Schiffer,  T. Head-Gordon,  W. J. Hehre,  Chao-Ping Hsu,  
 T.-C. Jagau,  Yousung Jung,  A. Klamt,  Jing Kong,  D. S. Lambrecht,  
 WanZhen Liang,  N. J. Mayhall,  C. W. McCurdy,  J. B. Neaton,  T. Neudecker,  
 C. Ochsenfeld,  J. A. Parkhill,  R. Peverati,  V. A. Rassolov,  Yihan Shao,  
 L. V. Slipchenko,  R. P. Steele,  J. E. Subotnik,  A. J. W. Thom,  
 A. Tkatchenko,  D. G. Truhlar,  T. Van Voorhis,  T. A. Wesolowski,  
 K. B. Whaley,  H. L. Woodcock III,  P. M. Zimmerman,  S. Faraji,  
 P. M. W. Gill,  M. Head-Gordon,  J. M. Herbert,  A. I. Krylov

 Additional authors since Version 5.4.0: 
 Chandrima Chakravarty,  L. Cunha,  R. Kang,  Yongbin Kim,  S. Kotaru,  
 Shaozhi Li,  Xiangyuan Li,  F. Matz,  A. Molle,  V. Parravicini,  
 Haisheng Ren,  Hengyuan Shen,  Yingli Su,  Hung-Yi Tsai,  C. Utku,  
 Fang Wang,  Jeff Yang,  F. Zeller

 Contributors to earlier versions of Q-Chem not listed above: 
 R. D. Adamson,  B. Austin,  R. Baer,  J. Baker,  G. J. O. Beran,  
 K. Brandhorst,  S. T. Brown,  E. F. C. Byrd,  Arup K. Chakraborty,  
 G. K. L. Chan,  Chun-Min Chang,  Yunqing Chen,  C.-L. Cheng,  
 Siu Hung Chien,  D. M. Chipman,  D. L. Crittenden,  H. Dachsel,  
 R. J. Doerksen,  A. D. Dutoi,  R. G. Edgar,  J. Fosso-Tande,  
 L. Fusti-Molnar,  D. Ghosh,  A. Ghysels,  A. Golubeva-Zadorozhnaya,  
 J. Gonthier,  M. S. Gordon,  S. R. Gwaltney,  G. Hawkins,  J. E. Herr,  
 A. Heyden,  S. Hirata,  E. G. Hohenstein,  G. Kedziora,  F. J. Keil,  
 C. Kelley,  Jihan Kim,  R. A. King,  R. Z. Khaliullin,  P. P. Korambath,  
 W. Kurlancheek,  A. Laurent,  A. M. Lee,  M. S. Lee,  S. V. Levchenko,  
 Ching Yeh Lin,  D. Liotard,  E. Livshits,  R. C. Lochan,  I. Lotan,  
 L. A. Martinez-Martinez,  P. E. Maslen,  N. Nair,  D. P. O'Neill,  
 D. Neuhauser,  E. Neuscamman,  C. M. Oana,  R. Olivares-Amaya,  R. Olson,  
 T. M. Perrine,  B. Peters,  P. A. Pieniazek,  A. Prociuk,  Y. M. Rhee,  
 J. Ritchie,  M. A. Rohrdanz,  E. Rosta,  N. J. Russ,  H. F. Schaefer III,  
 M. W. Schmidt,  N. E. Schultz,  S. Sharma,  N. Shenvi,  C. D. Sherrill,  
 A. C. Simmonett,  A. Sodt,  T. Stein,  D. Stuck,  K. S. Thanthiriwatte,  
 V. Vanovschi,  L. Vogt,  Tao Wang,  A. Warshel,  M. A. Watson,  
 C. F. Williams,  Q. Wu,  X. Xu,  Jun Yang,  W. Zhang,  Yan Zhao

   Please cite Q-Chem as follows:
  "Software for the frontiers of quantum chemistry:
   An overview of developments in the Q-Chem 5 package"
   J. Chem. Phys. 155, 084801 (2021)
   https://doi.org/10.1063/5.0055522 (open access)

 Q-Chem 5.4.2 for Intel X86 EM64T Linux

 Parts of Q-Chem use Armadillo 9.900.5 (Nocturnal Misbehaviour).
 http://arma.sourceforge.net/

 Q-Chem begins on Sat Jan 20 03:26:50 2024  

 Host: 
0

     Scratch files written to /scratch/qchem1096309//
 Dec1321 |scratch|qcdevops|jenkins|workspace|build_RNUM 5684   
 Processing $rem in /home/kchung25/qchem/5.4.0/config/preferences:
 Processing $rem in /home/kchung25/.qchemrc:

 Q-Chem warning in module libgen/rem_setup.C, line 3079:

 Neither GIA nor STOLL is specified by user. Use STOLL as the default


 Checking the input file for inconsistencies... 	...done.

--------------------------------------------------------------
User input:
--------------------------------------------------------------
$molecule
-1 1
--
-1 1
Br     0.000000     0.000000     0.000000
--
0 1
O     -2.276881    -1.899460     1.400580
H     -2.198589    -1.582245     2.312148
H     -1.483800    -1.556681     0.911434
O      0.558217    -1.514625     3.077996
H      0.481697    -2.382991     2.719831
H      0.514443    -0.980773     2.257969
O     -3.207653     0.544694    -0.640069
H     -2.307200     0.537132    -0.484230
H     -3.309605     1.334027    -1.206248
O     -1.719668     1.404403     2.550898
H     -0.978194     1.949422     2.833464
H     -1.447545     0.991534     1.688828
$end

$rem
JOBTYPE          eda
EDA2             1
METHOD           wB97M-V
BASIS            def2-TZVPPD
SYMMETRY         false
MEM_TOTAL        50000
MEM_STATIC       10000
THRESH           14
SCF_CONVERGENCE  8
XC_GRID          000099000590
NL_GRID          1
EDA_CLS_DISP     true
FD_MAT_VEC_PROD  FALSE
$end
--------------------------------------------------------------
 ----------------------------------------------------------------
             Standard Nuclear Orientation (Angstroms)
    I     Atom           X                Y                Z
 ----------------------------------------------------------------
    1      Br      0.1569376804     1.1907607791    -0.0437418782
    2      O      -0.3002418833    -1.5754325097     1.6571170965
    3      H      -0.8444266908    -2.0579053813     1.0177470663
    4      H      -0.2754110363    -0.6305754120     1.3531973397
    5      O      -2.9485615508    -0.3658288928     0.0687641406
    6      H      -3.0238135693    -0.2575289221     1.0019335987
    7      H      -2.1268297924     0.1390949279    -0.1020200926
    8      O       2.6953298055    -0.8950817420     0.4048604441
    9      H       2.0610006603    -0.2859413235     0.1563990405
   10      H       3.4828964914    -0.5770098833    -0.0773930817
   11      O      -0.0208624438    -1.6476711615    -1.8735991563
   12      H      -0.4164154663    -1.2077262617    -2.6329799823
   13      H       0.2448691684    -0.9269205637    -1.2430583492
 ----------------------------------------------------------------
 Molecular Point Group                 C1    NOp =  1
 Largest Abelian Subgroup              C1    NOp =  1
 Nuclear Repulsion Energy =         349.66096755 hartrees
 There are       38 alpha and       38 beta electrons
 Requested basis set is def2-TZVPPD
 There are 131 shells and 353 basis functions

 Q-Chem warning in module libmdc/get_mega.C, line 171:

 Allowed MEM_STATIC has been capped at MEM_STATIC=8191.
 Reduce the value of MEM_STATIC to silence this warning.


 Total QAlloc Memory Limit  50000 MB
 Mega-Array Size      8007 MB
 MEM_STATIC part      8191 MB

                       Distance Matrix (Angstroms)
             Br(  1)   O (  2)   H (  3)   H (  4)   O (  5)   H (  6)
   O (  2)  3.279293
   H (  3)  3.561365  0.968355
   H (  4)  2.335729  0.992844  1.572761
   O (  5)  3.475594  3.316565  2.862005  2.977515
   H (  6)  3.648035  3.095800  2.826895  2.795759  0.942442
   H (  7)  2.514954  3.061142  2.779433  2.477459  0.979468  1.476687
   O (  8)  3.315934  3.317299  3.775932  3.129634  5.678607  5.785462
   H (  9)  2.417884  3.080651  3.510454  2.647625  5.010966  5.154714
   H ( 10)  3.766716  4.279896  4.702989  4.021733  6.436584  6.603354
   O ( 11)  3.381817  3.542489  3.034210  3.392859  3.739962  4.383937
   H ( 12)  3.575700  4.307393  3.772772  4.030210  3.797364  4.573182
   H ( 13)  2.435296  3.021379  2.752623  2.664405  3.497671  4.021487
             H (  7)   O (  8)   H (  9)   H ( 10)   O ( 11)   H ( 12)
   O (  8)  4.957789
   H (  9)  4.217269  0.913870
   H ( 10)  5.655302  0.976729  1.470091
   O ( 11)  3.281177  3.624289  3.210818  4.080318
   H ( 12)  3.338443  4.359952  3.842904  4.704621  0.962639
   H ( 13)  2.839597  2.953203  2.380687  3.459196  0.993819  1.564619

 
 A cutoff of  1.0D-14 yielded   7795 shell pairs
 There are     56637 function pairs (     69877 Cartesian)
 Smallest overlap matrix eigenvalue = 1.66E-04

 Scale SEOQF with 1.000000e-01/1.000000e-01/1.000000e-01

 Standard Electronic Orientation quadrupole field applied
 Nucleus-field energy     =     0.0000000065 hartrees

 -----------------------------------------------------------------------
  General SCF calculation program by
  Eric Jon Sundstrom, Paul Horn, Yuezhi Mao, Dmitri Zuev, Alec White,
  David Stuck, Shaama M.S., Shane Yost, Joonho Lee, David Small,
  Daniel Levine, Susi Lehtola, Hugh Burton, Evgeny Epifanovsky,
  Bang C. Huynh
 -----------------------------------------------------------------------
================================================================
                 ALMO-EDA with the EDA2 driver                  
================================================================
 The second-generation ALMO-EDA (for DFT):                      
 P. R. Horn, Y. Mao and M. Head-Gordon, PCCP, 18, 23067 (2016)  
 Y. Mao et al. Annu. Rev. Phys. Chem. 72, 641 (2021)            
 Decomposition of the frozen energy:                            
 P. R. Horn, Y. Mao and M. Head-Gordon, JCP, 144, 114107 (2016) 
 FERF model for polarization:                                   
 P. R. Horn and M. Head-Gordon, JCP, 143, 114111 (2015)         
================================================================
 Using eda2 option set 1
 Option set summary: Frozen orbital wavefunction, initial wavefunction decomposition, and nDQ polarization.
--------------------------------
Printing EDA Options
--------------------------------
eda_child_super_basis      0
fragmo_guess_mode          0
child_mp                   1
child_mp_orders            232
cls_elec                   1
cls_disp                   1
scfmi_mode                 1
scfmi_occs                 0
scfmi_virts                0
frz_relax                  0
frz_relax_method           0
dc_pen_start               0
dc_pen_conv                0
dc_pen_increment           0
dc_pen_steps               0
dc_pen_thresh_factor       0
dc_pen_pre_newton_thresh   0
frz_ortho_decomp           1
frz_ortho_decomp_conv      6
plot_mo_ortho_frz          0
frgm_method                2
scfmi_freeze_ss            0
separate_rehyb             0
plot_diff_den              0
eda_nocv                   0
eda_vct_relax              1
disp_free_x                0
disp_free_c                0
eda_bsse                   0
eda_pct_a                  0
eda_covp                   0
--------------------------------
Attempting to make child job directory: /scratch/qchem1096309//Frg1/
Attempting to make child job directory: /scratch/qchem1096309//Frg2/
Creating input file /scratch/qchem1096309/Frg1.input
using default PutDataFrgm: nothing
calling putenv with: QCSCRATCH=/scratch/qchem1096309/ 
Spawning Job For Fragment 0
Done Job For Fragment 0
calling putenv with: QCSCRATCH=/scratch 
calling putenv with: QCTHREADS=6 
Creating input file /scratch/qchem1096309/Frg2.input
using default PutDataFrgm: nothing
calling putenv with: QCSCRATCH=/scratch/qchem1096309/ 
Spawning Job For Fragment 1
Done Job For Fragment 1
calling putenv with: QCSCRATCH=/scratch 
calling putenv with: QCTHREADS=6 
Doing General SCFMI
 Exchange:     0.1500 Hartree-Fock + 1.0000 wB97M-V + LR-HF
 Correlation:  1.0000 wB97M-V
 Using Euler-Maclaurin-Lebedev (99,590) quadrature formula
 Nonlocal Correlation:  VV10 with C = 0.0100 and b = 6.00 and scale = 1.00000
 Grid used for NLC:  SG-1 standard quadrature
performing fock build before subrot guess so that all methods have access
Printing subrot_rss_gen Method Specification:
Occupied Subspace Method is 0
Virtual Subspace Method is 0
Energy of the unrelaxed supersystem initial determinant -2879.863945123238
write pseudocanon occs and virts to disk
write pseudocanon orbital energies to disk
Tolerance of ortho_decomp_scf: 1.00e-06
GDM subspace size: 20
Beginning the Orthogonal Decomposition of the Initial Supersystem Wavefunction
    1   -2879.6177495199      4.66e-01     ortho_decomp Preconditoned Steepest Descent
    2   -2879.6870543481      2.96e-03     ortho_decomp BFGS Step
    3   -2879.6871253161      3.79e-04     ortho_decomp BFGS Step
    4   -2879.6871256422      1.17e-05     ortho_decomp BFGS Step
    5   -2879.6871256424      2.86e-07     ortho_decomp 00000 Convergence criterion met
 Hartree-Fock
 Hartree-Fock
 Hartree-Fock
 Exchange:     0.1500 Hartree-Fock + 1.0000 wB97M-V + LR-HF
 Correlation:  1.0000 wB97M-V
 Using Euler-Maclaurin-Lebedev (99,590) quadrature formula
 Nonlocal Correlation:  VV10 with C = 0.0100 and b = 6.00 and scale = 1.00000
 Grid used for NLC:  SG-1 standard quadrature
 Long-range K will be added via erf
 Coulomb attenuation parameter = 0.3 bohr**(-1)
 Nonlocal correlation = 3.132604474164e-01
Doing General SCFMI
 Exchange:     0.1500 Hartree-Fock + 1.0000 wB97M-V + LR-HF
 Correlation:  1.0000 wB97M-V
 Using Euler-Maclaurin-Lebedev (99,590) quadrature formula
 Nonlocal Correlation:  VV10 with C = 0.0100 and b = 6.00 and scale = 1.00000
 Grid used for NLC:  SG-1 standard quadrature
performing fock build at end of subrot_r(subrot) constructor so that all methods have access
<S^2> of initial wavefunction before polarization iterations 0.0000000000
Beginning iterations for the determination of the polarized wavefunction
Energy prior to optimization (guess energy) = -2879.863945123238
Begin Timing: Total SCF Calculation
begin iterations for algorithm: DIIS         
the SCF tolerance is set to 1.00e-08
    1   -2879.8639451232      6.35e-04     00000 
    2   -2879.8795768708      2.26e-04     00000 
    3   -2879.8808603501      9.88e-05     00000 
    4   -2879.8811374848      4.12e-05     00000 
    5   -2879.8812053879      1.64e-05     00000 
    6   -2879.8812258454      1.03e-05     00000 
    7   -2879.8812319253      4.84e-06     00000 
    8   -2879.8812340593      2.00e-06     00000 
    9   -2879.8812342263      1.21e-06     00000 
   10   -2879.8812342566      7.69e-07     00000 
   11   -2879.8812342618      5.29e-07     00000 
   12   -2879.8812342649      2.73e-07     00000 
   13   -2879.8812342673      1.19e-07     00000 
   14   -2879.8812342681      4.14e-08     00000 
   15   -2879.8812342682      1.81e-08     00000 
   16   -2879.8812342682      1.03e-08     00000 
   17   -2879.8812342682      5.46e-09     00000 Convergence criterion met
write pseudocanon occs and virts to disk
write pseudocanon orbital energies to disk
Timing for Total SCF: 197.00s (wall), 1179.96s (cpu)
<S^2> of polarized wavefunction after polarization iterations 0.0000000000
relaxing scfmi constraint to allow all rotations in the entire AO span
Doing General SCFMI
 Exchange:     0.1500 Hartree-Fock + 1.0000 wB97M-V + LR-HF
 Correlation:  1.0000 wB97M-V
 Using Euler-Maclaurin-Lebedev (99,590) quadrature formula
 Nonlocal Correlation:  VV10 with C = 0.0100 and b = 6.00 and scale = 1.00000
 Grid used for NLC:  SG-1 standard quadrature
performing fock build at end of subrot_r(subrot) constructor so that all methods have access
<S^2> of polarized wavefunction before ct-allowed iterations 0.0000000000
Beginning iterations for the determination of the CT-Allowed wavefunction
Energy prior to optimization (guess energy) = -2879.881234268213
Begin Timing: Total SCF Calculation
begin iterations for algorithm: DIIS         
the SCF tolerance is set to 1.00e-08
    1   -2879.8812342682      5.60e-04     00000 
    2   -2879.8964795714      7.04e-05     00000 
    3   -2879.8970915560      3.39e-05     00000 
    4   -2879.8971384011      1.52e-05     00000 
    5   -2879.8971495950      3.50e-06     00000 
    6   -2879.8971502306      9.18e-07     00000 
    7   -2879.8971503265      2.57e-07     00000 
    8   -2879.8971503381      6.46e-08     00000 
    9   -2879.8971503389      3.95e-08     00000 
   10   -2879.8971503390      8.76e-09     00000 Convergence criterion met
write pseudocanon occs and virts to disk
write pseudocanon orbital energies to disk
Timing for Total SCF: 111.00s (wall), 665.19s (cpu)
<S^2> of ct_allowed wavefunction after ct-allowed iterations 0.0000000000

================================
        Results of EDA2         
================================
Basic EDA Quantities
--------------------
Fragment Energies (Ha):
1-2574.0946475102
2 -305.7344787012
--------------------
  E_prp (kJ/mol) = 0.0000
  E_frz (kJ/mol) = -91.4181
  E_pol (kJ/mol) = -45.3932
  E_vct (kJ/mol) = -41.7881
  E_int (kJ/mol) = -178.5995
--------------------


Decomposition of frozen interaction energy
--------------------
  --------------------
  Orthogonal Frozen Decomposition:
  --------------------
     E_elec   (ELEC)   (kJ/mol) = -338.5043
     E_pauli  (PAULI)  (kJ/mol) = 287.9891
     E_disp   (DISP)   (kJ/mol) = -40.9030
  --------------------
  Classical Frozen Decomposition:
  --------------------
     E_cls_elec  (CLS ELEC)  (kJ/mol) = -224.7960
     E_mod_pauli (MOD PAULI) (kJ/mol) = 174.1805 (FRZ - CLS ELEC - CLS DISP)
     E_cls_disp  (CLS DISP)  (kJ/mol) = -40.8026
  --------------------
--------------------

Simplified EDA Summary (kJ/mol)
--------------------
 PREPARATION      0.0000
 FROZEN           -91.4181 (ELEC + PAULI + DISP)
[ELEC + PAULI = -50.6155, DISP = -40.8026]
 POLARIZATION    -45.3932
 CHARGE TRANSFER -41.7881
 TOTAL           -178.5995     (PRP + FRZ + POL + CT)
--------------------
 
 --------------------------------------------------------------
 
                    Orbital Energies (a.u.)
 --------------------------------------------------------------
 
 Alpha MOs
 -- Occupied --
******** -62.5869 -56.2721 -56.2720 -56.2719 -19.1916 -19.1835 -19.1809
-19.1684  -8.6689  -6.4479  -6.4478  -6.4474  -2.5302  -2.5302  -2.5299
 -2.5298  -2.5297  -1.0005  -0.9982  -0.9805  -0.9649  -0.6634  -0.4927
 -0.4889  -0.4831  -0.4700  -0.3718  -0.3593  -0.3501  -0.3375  -0.2866
 -0.2795  -0.2734  -0.2596  -0.1982  -0.1959  -0.1946
 -- Virtual --
  0.1401   0.1442   0.1507   0.1552   0.1768   0.1864   0.1947   0.2009
  0.2061   0.2225   0.2310   0.2361   0.2434   0.2473   0.2565   0.2706
  0.2945   0.3032   0.3096   0.3144   0.3252   0.3320   0.3396   0.3515
  0.3674   0.3723   0.3773   0.3879   0.3912   0.3970   0.4038   0.4172
  0.4261   0.4315   0.4340   0.4436   0.4492   0.4531   0.4626   0.4652
  0.4727   0.4885   0.4983   0.5075   0.5094   0.5114   0.5184   0.5295
  0.5355   0.5462   0.5582   0.5650   0.5821   0.5960   0.6118   0.6181
  0.6354   0.6373   0.6497   0.6587   0.6642   0.6787   0.6883   0.7000
  0.7086   0.7127   0.7284   0.7387   0.7435   0.7507   0.7597   0.7646
  0.7728   0.7793   0.7862   0.7927   0.8090   0.8190   0.8274   0.8471
  0.8543   0.8721   0.8864   0.9033   0.9104   0.9308   0.9407   0.9493
  0.9618   0.9854   1.0102   1.0207   1.0323   1.0511   1.0546   1.0717
  1.0786   1.0866   1.0956   1.1065   1.1255   1.1493   1.1508   1.1662
  1.1968   1.2268   1.2397   1.2606   1.2742   1.2976   1.3000   1.3225
  1.3357   1.3475   1.3618   1.3771   1.4023   1.4071   1.4192   1.4212
  1.4512   1.4606   1.4683   1.4909   1.5211   1.5285   1.5566   1.5789
  1.5862   1.5914   1.6149   1.6416   1.6825   1.7400   1.8129   1.8429
  1.8590   1.8671   1.8774   1.8874   1.9152   1.9303   1.9602   2.0750
  2.0928   2.1108   2.1192   2.1389   2.1505   2.1592   2.1685   2.1819
  2.1931   2.2093   2.2441   2.2717   2.2802   2.2974   2.3132   2.3331
  2.3661   2.3746   2.3945   2.4282   2.4506   2.4861   2.5041   2.5485
  2.5498   2.7244   2.8026   2.8570   2.8958   2.9668   2.9854   3.0228
  3.0763   3.1364   3.1794   3.2310   3.2871   3.3314   3.3470   3.3860
  3.4163   3.4291   3.4366   3.4700   3.4799   3.4887   3.4932   3.5194
  3.5568   3.5786   3.5929   3.6015   3.6184   3.6274   3.6488   3.6685
  3.6767   3.6796   3.6874   3.7193   3.7460   3.8186   3.8478   3.8607
  3.8778   3.8851   3.9116   3.9230   4.0225   4.0508   4.0671   4.0980
  4.1404   4.1515   4.1668   4.1886   4.1999   4.2223   4.2296   4.2479
  4.2702   4.2775   4.2804   4.3009   4.3173   4.3358   4.3428   4.3800
  4.3908   4.4061   4.4249   4.4340   4.4763   4.4804   4.5016   4.5187
  4.5272   4.5291   4.5621   4.6221   4.6293   4.6808   4.8941   4.9083
  4.9116   4.9175   4.9464   4.9558   5.0229   5.0692   5.1563   5.1804
  5.1915   5.1972   5.3554   5.3699   5.4459   5.5281   5.8298   5.8466
  5.8761   5.9114   6.3397   6.3496   6.5161   6.5500   6.6306   6.6559
  6.6577   6.6771   6.7469   6.7526   6.7650   6.7757   6.7919   6.8300
  6.8368   6.8473   6.8578   6.8652   6.8699   6.8726   6.9308   6.9406
  6.9664   6.9928   7.0353   7.0594   7.0679   7.1283   7.2124   7.2601
  7.2722   7.2970   7.6564   7.6747   7.7175   7.7423   7.7686   7.7764
  7.8946   7.9364   7.9540   7.9997   8.0524   8.1012   8.2193  44.6181
 44.6353  44.6558  44.7092
 --------------------------------------------------------------
 
          Ground-State Mulliken Net Atomic Charges

     Atom                 Charge (a.u.)
  ----------------------------------------
      1 Br                   -0.790391
      2 O                    -0.504529
      3 H                     0.202265
      4 H                     0.248399
      5 O                    -0.442475
      6 H                     0.146158
      7 H                     0.239472
      8 O                    -0.349904
      9 H                     0.199491
     10 H                     0.117669
     11 O                    -0.463282
     12 H                     0.141959
     13 H                     0.255168
  ----------------------------------------
  Sum of atomic charges =    -1.000000

 -----------------------------------------------------------------
                    Cartesian Multipole Moments
 -----------------------------------------------------------------
    Charge (ESU x 10^10)
                -4.8032
    Dipole Moment (Debye)
         X       0.0966      Y       1.7579      Z      -1.4632
       Tot       2.2892
    Quadrupole Moments (Debye-Ang)
        XX     -59.1458     XY       2.7468     YY     -66.2649
        XZ      -5.7357     YZ       1.6049     ZZ     -54.8833
    Octopole Moments (Debye-Ang^2)
       XXX      47.5237    XXY      18.6414    XYY      -8.2285
       YYY      22.6669    XXZ       1.3006    XYZ       1.8243
       YYZ       2.8591    XZZ     -11.3460    YZZ      20.8588
       ZZZ     -22.4151
    Hexadecapole Moments (Debye-Ang^3)
      XXXX    -794.5866   XXXY       4.0135   XXYY    -229.7098
      XYYY      19.3544   YYYY    -526.7794   XXXZ     -80.6568
      XXYZ       3.3407   XYYZ      -1.4854   YYYZ     -14.0236
      XXZZ    -177.1625   XYZZ       9.0743   YYZZ    -177.2767
      XZZZ      14.9009   YZZZ      25.6898   ZZZZ    -330.4570
 -----------------------------------------------------------------
 Total job time:  1070.58s(wall), 3098.00s(cpu) 
 Sat Jan 20 03:44:40 2024

        *************************************************************
        *                                                           *
        *  Thank you very much for using Q-Chem.  Have a nice day.  *
        *                                                           *
        *************************************************************


