
Running Job 1 of 1 123_Br-Water_Cls_070_almo.in
qchem 123_Br-Water_Cls_070_almo.in_1096221.0 /scratch/qchem1096221/ 6
/home/kchung25/qchem/5.4.0/exe/qcprog.exe_s 123_Br-Water_Cls_070_almo.in_1096221.0 /scratch/qchem1096221/
                  Welcome to Q-Chem
     A Quantum Leap Into The Future Of Chemistry


 Q-Chem 5.4, Q-Chem, Inc., Pleasanton, CA (2021)

 E. Epifanovsky,  A. T. B. Gilbert,  Xintian Feng,  Joonho Lee,  Yuezhi Mao,  
 N. Mardirossian,  P. Pokhilko,  A. White,  M. Wormit,  M. P. Coons,  
 A. L. Dempwolff,  Zhengting Gan,  D. Hait,  P. R. Horn,  L. D. Jacobson,  
 I. Kaliman,  J. Kussmann,  A. W. Lange,  Ka Un Lao,  D. S. Levine,  Jie Liu,  
 S. C. McKenzie,  A. F. Morrison,  K. Nanda,  F. Plasser,  D. R. Rehn,  
 M. L. Vidal,  Zhi-Qiang You,  Ying Zhu,  B. Alam,  B. Albrecht,  
 A. Aldossary,  E. Alguire,  J. H. Andersen,  D. Barton,  K. Begam,  A. Behn,  
 Y. A. Bernard,  E. J. Berquist,  H. Burton,  A. Carreras,  K. Carter-Fenk,  
 Romit Chakraborty,  A. D. Chien,  K. D. Closser,  V. Cofer-Shabica,  
 S. Dasgupta,  Jia Deng,  M. de Wergifosse,  M. Diedenhofen,  Hainam Do,  
 S. Ehlert,  Po-Tung Fang,  S. Fatehi,  Qingguo Feng,  T. Friedhoff,  
 J. Gayvert,  Qinghui Ge,  G. Gidofalvi,  M. Goldey,  J. Gomes,  
 C. Gonzalez-Espinoza,  S. Gulania,  A. Gunina,  M. W. D. Hanson-Heine,  
 P. H. P. Harbach,  A. W. Hauser,  M. F. Herbst,  M. Hernandez Vera,  
 M. Hodecker,  Z. C. Holden,  S. Houck,  Xunkun Huang,  Kerwin Hui,  
 B. C. Huynh,  M. Ivanov,  Hyunjun Ji,  Hanjie Jiang,  B. Kaduk,  S. Kaehler,  
 K. Khistyaev,  Jaehoon Kim,  P. Klunzinger,  Z. Koczor-Benda,  
 Joong Hoon Koh,  D. Kosenkov,  L. Koulias,  T. Kowalczyk,  C. M. Krauter,  
 K. Kue,  A. Kunitsa,  T. Kus,  A. Landau,  K. V. Lawler,  D. Lefrancois,  
 S. Lehtola,  Rain Li,  Yi-Pei Li,  Jiashu Liang,  M. Liebenthal,  
 Hung-Hsuan Lin,  You-Sheng Lin,  Fenglai Liu,  Kuan-Yu Liu,  
 M. Loipersberger,  A. Luenser,  A. Manjanath,  P. Manohar,  E. Mansoor,  
 S. F. Manzer,  Shan-Ping Mao,  A. V. Marenich,  T. Markovich,  S. Mason,  
 S. A. Maurer,  P. F. McLaughlin,  M. F. S. J. Menger,  J.-M. Mewes,  
 S. A. Mewes,  P. Morgante,  J. W. Mullinax,  K. J. Oosterbaan,  G. Paran,  
 Alexander C. Paul,  Suranjan K. Paul,  F. Pavosevic,  Zheng Pei,  S. Prager,  
 E. I. Proynov,  E. Ramos,  B. Rana,  A. E. Rask,  A. Rettig,  R. M. Richard,  
 F. Rob,  E. Rossomme,  T. Scheele,  M. Scheurer,  M. Schneider,  
 N. Sergueev,  S. M. Sharada,  W. Skomorowski,  D. W. Small,  C. J. Stein,  
 Yu-Chuan Su,  E. J. Sundstrom,  Zhen Tao,  J. Thirman,  T. Tsuchimochi,  
 N. M. Tubman,  S. P. Veccham,  O. Vydrov,  J. Wenzel,  J. Witte,  A. Yamada,  
 Kun Yao,  S. Yeganeh,  S. R. Yost,  A. Zech,  Igor Ying Zhang,  Xing Zhang,  
 Yu Zhang,  D. Zuev,  A. Aspuru-Guzik,  A. T. Bell,  N. A. Besley,  
 K. B. Bravaya,  B. R. Brooks,  D. Casanova,  Jeng-Da Chai,  S. Coriani,  
 C. J. Cramer,  A. E. DePrince, III,  R. A. DiStasio Jr.,  A. Dreuw,  
 B. D. Dunietz,  T. R. Furlani,  W. A. Goddard III,  S. Grimme,  
 S. Hammes-Schiffer,  T. Head-Gordon,  W. J. Hehre,  Chao-Ping Hsu,  
 T.-C. Jagau,  Yousung Jung,  A. Klamt,  Jing Kong,  D. S. Lambrecht,  
 WanZhen Liang,  N. J. Mayhall,  C. W. McCurdy,  J. B. Neaton,  T. Neudecker,  
 C. Ochsenfeld,  J. A. Parkhill,  R. Peverati,  V. A. Rassolov,  Yihan Shao,  
 L. V. Slipchenko,  R. P. Steele,  J. E. Subotnik,  A. J. W. Thom,  
 A. Tkatchenko,  D. G. Truhlar,  T. Van Voorhis,  T. A. Wesolowski,  
 K. B. Whaley,  H. L. Woodcock III,  P. M. Zimmerman,  S. Faraji,  
 P. M. W. Gill,  M. Head-Gordon,  J. M. Herbert,  A. I. Krylov

 Additional authors since Version 5.4.0: 
 Chandrima Chakravarty,  L. Cunha,  R. Kang,  Yongbin Kim,  S. Kotaru,  
 Shaozhi Li,  Xiangyuan Li,  F. Matz,  A. Molle,  V. Parravicini,  
 Haisheng Ren,  Hengyuan Shen,  Yingli Su,  Hung-Yi Tsai,  C. Utku,  
 Fang Wang,  Jeff Yang,  F. Zeller

 Contributors to earlier versions of Q-Chem not listed above: 
 R. D. Adamson,  B. Austin,  R. Baer,  J. Baker,  G. J. O. Beran,  
 K. Brandhorst,  S. T. Brown,  E. F. C. Byrd,  Arup K. Chakraborty,  
 G. K. L. Chan,  Chun-Min Chang,  Yunqing Chen,  C.-L. Cheng,  
 Siu Hung Chien,  D. M. Chipman,  D. L. Crittenden,  H. Dachsel,  
 R. J. Doerksen,  A. D. Dutoi,  R. G. Edgar,  J. Fosso-Tande,  
 L. Fusti-Molnar,  D. Ghosh,  A. Ghysels,  A. Golubeva-Zadorozhnaya,  
 J. Gonthier,  M. S. Gordon,  S. R. Gwaltney,  G. Hawkins,  J. E. Herr,  
 A. Heyden,  S. Hirata,  E. G. Hohenstein,  G. Kedziora,  F. J. Keil,  
 C. Kelley,  Jihan Kim,  R. A. King,  R. Z. Khaliullin,  P. P. Korambath,  
 W. Kurlancheek,  A. Laurent,  A. M. Lee,  M. S. Lee,  S. V. Levchenko,  
 Ching Yeh Lin,  D. Liotard,  E. Livshits,  R. C. Lochan,  I. Lotan,  
 L. A. Martinez-Martinez,  P. E. Maslen,  N. Nair,  D. P. O'Neill,  
 D. Neuhauser,  E. Neuscamman,  C. M. Oana,  R. Olivares-Amaya,  R. Olson,  
 T. M. Perrine,  B. Peters,  P. A. Pieniazek,  A. Prociuk,  Y. M. Rhee,  
 J. Ritchie,  M. A. Rohrdanz,  E. Rosta,  N. J. Russ,  H. F. Schaefer III,  
 M. W. Schmidt,  N. E. Schultz,  S. Sharma,  N. Shenvi,  C. D. Sherrill,  
 A. C. Simmonett,  A. Sodt,  T. Stein,  D. Stuck,  K. S. Thanthiriwatte,  
 V. Vanovschi,  L. Vogt,  Tao Wang,  A. Warshel,  M. A. Watson,  
 C. F. Williams,  Q. Wu,  X. Xu,  Jun Yang,  W. Zhang,  Yan Zhao

   Please cite Q-Chem as follows:
  "Software for the frontiers of quantum chemistry:
   An overview of developments in the Q-Chem 5 package"
   J. Chem. Phys. 155, 084801 (2021)
   https://doi.org/10.1063/5.0055522 (open access)

 Q-Chem 5.4.2 for Intel X86 EM64T Linux

 Parts of Q-Chem use Armadillo 9.900.5 (Nocturnal Misbehaviour).
 http://arma.sourceforge.net/

 Q-Chem begins on Sat Jan 20 02:55:52 2024  

 Host: 
0

     Scratch files written to /scratch/qchem1096221//
 Dec1321 |scratch|qcdevops|jenkins|workspace|build_RNUM 5684   
 Processing $rem in /home/kchung25/qchem/5.4.0/config/preferences:
 Processing $rem in /home/kchung25/.qchemrc:

 Q-Chem warning in module libgen/rem_setup.C, line 3079:

 Neither GIA nor STOLL is specified by user. Use STOLL as the default


 Checking the input file for inconsistencies... 	...done.

--------------------------------------------------------------
User input:
--------------------------------------------------------------
$molecule
-1 1
--
-1 1
Br     0.000000     0.000000     0.000000
--
0 1
O      0.621247    -0.253886     3.242490
H      0.234566     0.055975     2.396675
H      0.415263     0.421387     3.885040
O     -0.516566     3.494598     0.217594
H     -0.532078     2.526620     0.174775
H     -1.057899     3.829521    -0.470581
O     -2.996306     0.834889     0.610223
H     -2.026873     0.813467     0.442268
H     -3.320349    -0.026119     0.263152
O      2.165559     2.220841    -1.401461
H      1.379243     2.086322    -1.915582
H      1.950098     2.837132    -0.711281
O     -0.802070     1.843563    -2.594464
H     -1.311892     2.734430    -2.481891
H     -0.751670     1.215067    -1.902978
$end

$rem
JOBTYPE          eda
EDA2             1
METHOD           wB97M-V
BASIS            def2-TZVPPD
SYMMETRY         false
MEM_TOTAL        50000
MEM_STATIC       10000
THRESH           14
SCF_CONVERGENCE  8
XC_GRID          000099000590
NL_GRID          1
EDA_CLS_DISP     true
FD_MAT_VEC_PROD  FALSE
$end
--------------------------------------------------------------
 ----------------------------------------------------------------
             Standard Nuclear Orientation (Angstroms)
    I     Atom           X                Y                Z
 ----------------------------------------------------------------
    1      Br      0.5258781121    -0.2303097956     0.7959283934
    2      O       3.2916222027    -1.0658121089    -0.8217065611
    3      H       2.4480990809    -0.6166669842    -0.6033571866
    4      H       3.4525148628    -0.8818563952    -1.7445106479
    5      O      -1.2343325918     0.3733356292    -2.2146651098
    6      H      -0.7213891632     0.3632097027    -1.3925690071
    7      H      -1.9516763541     0.9673503037    -2.1080623116
    8      O       0.7640632757     2.7437532221    -0.2743418492
    9      H       0.5706768317     1.7869065498    -0.1497856186
   10      H       0.9879023696     3.0640729423     0.6279265464
   11      O      -2.0319379402    -2.2353546875    -0.2156275805
   12      H      -2.3238520588    -1.4219032084     0.1765349552
   13      H      -1.7978978657    -2.0467339672    -1.1168678032
   14      O      -2.5930074826     0.7904798897     0.7340791157
   15      H      -2.9684913646     1.3178870782    -0.0703391060
   16      H      -1.6728799722     0.6773612664     0.8616322888
 ----------------------------------------------------------------
 Molecular Point Group                 C1    NOp =  1
 Largest Abelian Subgroup              C1    NOp =  1
 Nuclear Repulsion Energy =         457.84305335 hartrees
 There are       43 alpha and       43 beta electrons
 Requested basis set is def2-TZVPPD
 There are 159 shells and 427 basis functions

 Q-Chem warning in module libmdc/get_mega.C, line 171:

 Allowed MEM_STATIC has been capped at MEM_STATIC=8191.
 Reduce the value of MEM_STATIC to silence this warning.


 Total QAlloc Memory Limit  50000 MB
 Mega-Array Size      8007 MB
 MEM_STATIC part      8191 MB
 A cutoff of  1.0D-14 yielded  10971 shell pairs
 There are     77997 function pairs (     95513 Cartesian)
 Smallest overlap matrix eigenvalue = 1.44E-04

 Scale SEOQF with 1.000000e-01/1.000000e-01/1.000000e-01

 Standard Electronic Orientation quadrupole field applied
 Nucleus-field energy     =     0.0000000097 hartrees

 -----------------------------------------------------------------------
  General SCF calculation program by
  Eric Jon Sundstrom, Paul Horn, Yuezhi Mao, Dmitri Zuev, Alec White,
  David Stuck, Shaama M.S., Shane Yost, Joonho Lee, David Small,
  Daniel Levine, Susi Lehtola, Hugh Burton, Evgeny Epifanovsky,
  Bang C. Huynh
 -----------------------------------------------------------------------
================================================================
                 ALMO-EDA with the EDA2 driver                  
================================================================
 The second-generation ALMO-EDA (for DFT):                      
 P. R. Horn, Y. Mao and M. Head-Gordon, PCCP, 18, 23067 (2016)  
 Y. Mao et al. Annu. Rev. Phys. Chem. 72, 641 (2021)            
 Decomposition of the frozen energy:                            
 P. R. Horn, Y. Mao and M. Head-Gordon, JCP, 144, 114107 (2016) 
 FERF model for polarization:                                   
 P. R. Horn and M. Head-Gordon, JCP, 143, 114111 (2015)         
================================================================
 Using eda2 option set 1
 Option set summary: Frozen orbital wavefunction, initial wavefunction decomposition, and nDQ polarization.
--------------------------------
Printing EDA Options
--------------------------------
eda_child_super_basis      0
fragmo_guess_mode          0
child_mp                   1
child_mp_orders            232
cls_elec                   1
cls_disp                   1
scfmi_mode                 1
scfmi_occs                 0
scfmi_virts                0
frz_relax                  0
frz_relax_method           0
dc_pen_start               0
dc_pen_conv                0
dc_pen_increment           0
dc_pen_steps               0
dc_pen_thresh_factor       0
dc_pen_pre_newton_thresh   0
frz_ortho_decomp           1
frz_ortho_decomp_conv      6
plot_mo_ortho_frz          0
frgm_method                2
scfmi_freeze_ss            0
separate_rehyb             0
plot_diff_den              0
eda_nocv                   0
eda_vct_relax              1
disp_free_x                0
disp_free_c                0
eda_bsse                   0
eda_pct_a                  0
eda_covp                   0
--------------------------------
Attempting to make child job directory: /scratch/qchem1096221//Frg1/
Attempting to make child job directory: /scratch/qchem1096221//Frg2/
Creating input file /scratch/qchem1096221/Frg1.input
using default PutDataFrgm: nothing
calling putenv with: QCSCRATCH=/scratch/qchem1096221/ 
Spawning Job For Fragment 0
Done Job For Fragment 0
calling putenv with: QCSCRATCH=/scratch 
calling putenv with: QCTHREADS=6 
Creating input file /scratch/qchem1096221/Frg2.input
using default PutDataFrgm: nothing
calling putenv with: QCSCRATCH=/scratch/qchem1096221/ 
Spawning Job For Fragment 1
Done Job For Fragment 1
calling putenv with: QCSCRATCH=/scratch 
calling putenv with: QCTHREADS=6 
Doing General SCFMI
 Exchange:     0.1500 Hartree-Fock + 1.0000 wB97M-V + LR-HF
 Correlation:  1.0000 wB97M-V
 Using Euler-Maclaurin-Lebedev (99,590) quadrature formula
 Nonlocal Correlation:  VV10 with C = 0.0100 and b = 6.00 and scale = 1.00000
 Grid used for NLC:  SG-1 standard quadrature
performing fock build before subrot guess so that all methods have access
Printing subrot_rss_gen Method Specification:
Occupied Subspace Method is 0
Virtual Subspace Method is 0
Energy of the unrelaxed supersystem initial determinant -2956.286217145188
write pseudocanon occs and virts to disk
write pseudocanon orbital energies to disk
Tolerance of ortho_decomp_scf: 1.00e-06
GDM subspace size: 20
Beginning the Orthogonal Decomposition of the Initial Supersystem Wavefunction
    1   -2956.0032912521      4.59e-01     ortho_decomp Preconditoned Steepest Descent
    2   -2956.0894655389      3.00e-03     ortho_decomp BFGS Step
    3   -2956.0895561430      3.83e-04     ortho_decomp BFGS Step
    4   -2956.0895565550      1.18e-05     ortho_decomp BFGS Step
    5   -2956.0895565554      2.88e-07     ortho_decomp 00000 Convergence criterion met
 Hartree-Fock
 Hartree-Fock
 Hartree-Fock
 Exchange:     0.1500 Hartree-Fock + 1.0000 wB97M-V + LR-HF
 Correlation:  1.0000 wB97M-V
 Using Euler-Maclaurin-Lebedev (99,590) quadrature formula
 Nonlocal Correlation:  VV10 with C = 0.0100 and b = 6.00 and scale = 1.00000
 Grid used for NLC:  SG-1 standard quadrature
 Long-range K will be added via erf
 Coulomb attenuation parameter = 0.3 bohr**(-1)
 Nonlocal correlation = 3.537478436091e-01
Doing General SCFMI
 Exchange:     0.1500 Hartree-Fock + 1.0000 wB97M-V + LR-HF
 Correlation:  1.0000 wB97M-V
 Using Euler-Maclaurin-Lebedev (99,590) quadrature formula
 Nonlocal Correlation:  VV10 with C = 0.0100 and b = 6.00 and scale = 1.00000
 Grid used for NLC:  SG-1 standard quadrature
performing fock build at end of subrot_r(subrot) constructor so that all methods have access
<S^2> of initial wavefunction before polarization iterations 0.0000000000
Beginning iterations for the determination of the polarized wavefunction
Energy prior to optimization (guess energy) = -2956.286217145190
Begin Timing: Total SCF Calculation
begin iterations for algorithm: DIIS         
the SCF tolerance is set to 1.00e-08
    1   -2956.2862171452      6.11e-04     00000 
    2   -2956.3072351381      2.65e-04     00000 
    3   -2956.3094345112      1.06e-04     00000 
    4   -2956.3099146189      4.47e-05     00000 
    5   -2956.3100372488      1.89e-05     00000 
    6   -2956.3100715393      1.06e-05     00000 
    7   -2956.3100826940      5.24e-06     00000 
    8   -2956.3100865283      2.61e-06     00000 
    9   -2956.3100870510      1.60e-06     00000 
   10   -2956.3100871372      1.15e-06     00000 
   11   -2956.3100871548      7.41e-07     00000 
   12   -2956.3100871651      3.83e-07     00000 
   13   -2956.3100871730      1.74e-07     00000 
   14   -2956.3100871752      8.82e-08     00000 
   15   -2956.3100871756      5.20e-08     00000 
   16   -2956.3100871759      2.14e-08     00000 
   17   -2956.3100871759      1.12e-08     00000 
   18   -2956.3100871759      5.73e-09     00000 Convergence criterion met
write pseudocanon occs and virts to disk
write pseudocanon orbital energies to disk
Timing for Total SCF: 338.00s (wall), 2030.92s (cpu)
<S^2> of polarized wavefunction after polarization iterations 0.0000000000
relaxing scfmi constraint to allow all rotations in the entire AO span
Doing General SCFMI
 Exchange:     0.1500 Hartree-Fock + 1.0000 wB97M-V + LR-HF
 Correlation:  1.0000 wB97M-V
 Using Euler-Maclaurin-Lebedev (99,590) quadrature formula
 Nonlocal Correlation:  VV10 with C = 0.0100 and b = 6.00 and scale = 1.00000
 Grid used for NLC:  SG-1 standard quadrature
performing fock build at end of subrot_r(subrot) constructor so that all methods have access
<S^2> of polarized wavefunction before ct-allowed iterations 0.0000000000
Beginning iterations for the determination of the CT-Allowed wavefunction
Energy prior to optimization (guess energy) = -2956.310087175924
Begin Timing: Total SCF Calculation
begin iterations for algorithm: DIIS         
the SCF tolerance is set to 1.00e-08
    1   -2956.3100871759      4.95e-04     00000 
    2   -2956.3287645756      6.59e-05     00000 
    3   -2956.3295529182      3.28e-05     00000 
    4   -2956.3296192824      1.41e-05     00000 
    5   -2956.3296344713      3.56e-06     00000 
    6   -2956.3296354839      9.60e-07     00000 
    7   -2956.3296356430      2.61e-07     00000 
    8   -2956.3296356608      6.63e-08     00000 
    9   -2956.3296356620      3.97e-08     00000 
   10   -2956.3296356622      9.11e-09     00000 Convergence criterion met
write pseudocanon occs and virts to disk
write pseudocanon orbital energies to disk
Timing for Total SCF: 179.00s (wall), 1077.63s (cpu)
<S^2> of ct_allowed wavefunction after ct-allowed iterations 0.0000000000

================================
        Results of EDA2         
================================
Basic EDA Quantities
--------------------
Fragment Energies (Ha):
1-2574.0946475100
2 -382.1674144372
--------------------
  E_prp (kJ/mol) = 0.0000
  E_frz (kJ/mol) = -63.4202
  E_pol (kJ/mol) = -62.6715
  E_vct (kJ/mol) = -51.3252
  E_int (kJ/mol) = -177.4169
--------------------


Decomposition of frozen interaction energy
--------------------
  --------------------
  Orthogonal Frozen Decomposition:
  --------------------
     E_elec   (ELEC)   (kJ/mol) = -364.3144
     E_pauli  (PAULI)  (kJ/mol) = 351.0898
     E_disp   (DISP)   (kJ/mol) = -50.1956
  --------------------
  Classical Frozen Decomposition:
  --------------------
     E_cls_elec  (CLS ELEC)  (kJ/mol) = -230.6266
     E_mod_pauli (MOD PAULI) (kJ/mol) = 218.0724 (FRZ - CLS ELEC - CLS DISP)
     E_cls_disp  (CLS DISP)  (kJ/mol) = -50.8660
  --------------------
--------------------

Simplified EDA Summary (kJ/mol)
--------------------
 PREPARATION      0.0000
 FROZEN           -63.4202 (ELEC + PAULI + DISP)
[ELEC + PAULI = -12.5542, DISP = -50.8660]
 POLARIZATION    -62.6715
 CHARGE TRANSFER -51.3252
 TOTAL           -177.4169     (PRP + FRZ + POL + CT)
--------------------
 
 --------------------------------------------------------------
 
                    Orbital Energies (a.u.)
 --------------------------------------------------------------
 
 Alpha MOs
 -- Occupied --
******** -62.5871 -56.2724 -56.2723 -56.2720 -19.2105 -19.2090 -19.1892
-19.1857 -19.1805  -8.6691  -6.4484  -6.4481  -6.4471  -2.5308  -2.5307
 -2.5300  -2.5297  -2.5295  -1.0198  -1.0033  -0.9921  -0.9920  -0.9817
 -0.6655  -0.5383  -0.5261  -0.4990  -0.4939  -0.4829  -0.3819  -0.3585
 -0.3576  -0.3557  -0.3499  -0.3063  -0.2985  -0.2829  -0.2797  -0.2783
 -0.2006  -0.2000  -0.1883
 -- Virtual --
  0.1231   0.1407   0.1441   0.1521   0.1631   0.1723   0.1799   0.1911
  0.1965   0.2070   0.2086   0.2202   0.2218   0.2309   0.2341   0.2390
  0.2525   0.2592   0.2611   0.2788   0.2803   0.2837   0.2945   0.3091
  0.3169   0.3232   0.3346   0.3425   0.3530   0.3635   0.3673   0.3745
  0.3792   0.3854   0.3926   0.3961   0.4024   0.4127   0.4148   0.4232
  0.4247   0.4322   0.4400   0.4461   0.4470   0.4513   0.4581   0.4618
  0.4698   0.4827   0.4931   0.4971   0.5007   0.5088   0.5191   0.5225
  0.5343   0.5379   0.5380   0.5484   0.5605   0.5725   0.5792   0.5878
  0.5927   0.6014   0.6116   0.6217   0.6278   0.6377   0.6501   0.6536
  0.6578   0.6681   0.6685   0.6817   0.6878   0.7027   0.7191   0.7261
  0.7280   0.7369   0.7463   0.7467   0.7500   0.7584   0.7645   0.7814
  0.7854   0.7891   0.8025   0.8092   0.8173   0.8205   0.8370   0.8408
  0.8508   0.8667   0.8703   0.8908   0.9113   0.9133   0.9303   0.9417
  0.9464   0.9572   0.9718   0.9743   0.9879   0.9935   1.0050   1.0228
  1.0305   1.0420   1.0686   1.0815   1.0838   1.0909   1.0969   1.1037
  1.1191   1.1315   1.1408   1.1423   1.1517   1.1693   1.1798   1.2123
  1.2293   1.2500   1.2631   1.2693   1.2756   1.2965   1.3080   1.3197
  1.3284   1.3397   1.3408   1.3470   1.3622   1.3745   1.3908   1.4004
  1.4121   1.4301   1.4427   1.4534   1.4642   1.4780   1.5024   1.5247
  1.5350   1.5502   1.5772   1.5778   1.5919   1.5985   1.6085   1.6299
  1.6771   1.7777   1.8263   1.8460   1.8518   1.8830   1.8851   1.8967
  1.9117   1.9264   1.9518   2.0279   2.0596   2.0720   2.0790   2.0971
  2.1023   2.1150   2.1288   2.1370   2.1387   2.1569   2.1798   2.1901
  2.2061   2.2267   2.2466   2.2887   2.3045   2.3088   2.3237   2.3492
  2.3582   2.3796   2.3942   2.4250   2.4599   2.4705   2.4862   2.4951
  2.5106   2.5553   2.5650   2.7625   2.7842   2.8340   2.8484   2.9382
  2.9585   2.9894   3.0027   3.0270   3.0559   3.1211   3.1912   3.2208
  3.2368   3.2829   3.3499   3.3623   3.3707   3.3891   3.4032   3.4151
  3.4250   3.4494   3.4549   3.4627   3.4735   3.4847   3.5013   3.5183
  3.5247   3.5346   3.5531   3.5722   3.5728   3.5877   3.5965   3.6062
  3.6073   3.6141   3.6142   3.6266   3.6349   3.6568   3.7362   3.7394
  3.7969   3.8265   3.8557   3.8773   3.8984   3.9100   3.9402   3.9495
  3.9633   4.0037   4.0466   4.0566   4.0896   4.0928   4.1076   4.1359
  4.1564   4.1667   4.1818   4.1859   4.2060   4.2111   4.2352   4.2464
  4.2523   4.2585   4.2653   4.2817   4.2943   4.3155   4.3288   4.3320
  4.3393   4.3833   4.3939   4.3975   4.4077   4.4394   4.4649   4.4669
  4.4727   4.4759   4.5131   4.5226   4.5556   4.5760   4.6207   4.6218
  4.7005   4.7329   4.8556   4.8868   4.8939   4.9194   4.9378   4.9472
  4.9531   4.9627   4.9796   5.0010   5.1300   5.1682   5.1900   5.2138
  5.2479   5.3578   5.3726   5.3964   5.4159   5.4307   5.6765   5.8267
  5.8394   5.8412   5.8801   5.9592   6.3663   6.3732   6.3785   6.4300
  6.5450   6.6249   6.6587   6.7050   6.7195   6.7538   6.7562   6.7677
  6.7715   6.7863   6.7954   6.8089   6.8119   6.8208   6.8303   6.8410
  6.8504   6.8967   6.9018   6.9129   6.9432   6.9568   6.9657   6.9661
  6.9856   7.0270   7.0316   7.0426   7.0689   7.2074   7.2340   7.2541
  7.2940   7.3213   7.3275   7.3884   7.6585   7.6677   7.6785   7.6878
  7.7247   7.7506   7.7672   7.8026   7.8412   7.9652   8.0077   8.0711
  8.0922   8.1451   8.2272  44.5878  44.5955  44.6568  44.7156  44.7630
 --------------------------------------------------------------
 
          Ground-State Mulliken Net Atomic Charges

     Atom                 Charge (a.u.)
  ----------------------------------------
      1 Br                   -0.751745
      2 O                    -0.421244
      3 H                     0.262554
      4 H                     0.125526
      5 O                    -0.453702
      6 H                     0.253447
      7 H                     0.135097
      8 O                    -0.512348
      9 H                     0.253941
     10 H                     0.166558
     11 O                    -0.401151
     12 H                     0.233404
     13 H                     0.182169
     14 O                    -0.538316
     15 H                     0.224496
     16 H                     0.241315
  ----------------------------------------
  Sum of atomic charges =    -1.000000

 -----------------------------------------------------------------
                    Cartesian Multipole Moments
 -----------------------------------------------------------------
    Charge (ESU x 10^10)
                -4.8032
    Dipole Moment (Debye)
         X      -2.0482      Y       2.8310      Z      -1.6410
       Tot       3.8604
    Quadrupole Moments (Debye-Ang)
        XX     -73.8135     XY      -4.5592     YY     -73.7058
        XZ       2.3363     YZ       4.5091     ZZ     -62.0464
    Octopole Moments (Debye-Ang^2)
       XXX     -24.4029    XXY      36.2702    XYY       4.5158
       YYY       4.6743    XXZ     -22.9279    XYZ      14.0405
       YYZ      15.0220    XZZ      16.2046    YZZ      -6.4692
       ZZZ      17.1209
    Hexadecapole Moments (Debye-Ang^3)
      XXXX   -1304.0036   XXXY     -17.5552   XXYY    -362.2434
      XYYY     -50.4378   YYYY    -807.8353   XXXZ      33.5992
      XXYZ     -22.6933   XYYZ      38.8637   YYYZ      54.1453
      XXZZ    -219.5313   XYZZ      -5.1369   YYZZ    -169.8464
      XZZZ     -24.4468   YZZZ       8.9906   ZZZZ    -456.6492
 -----------------------------------------------------------------
 Total job time:  1857.18s(wall), 5166.73s(cpu) 
 Sat Jan 20 03:26:49 2024

        *************************************************************
        *                                                           *
        *  Thank you very much for using Q-Chem.  Have a nice day.  *
        *                                                           *
        *************************************************************


