
Running Job 1 of 1 123_Br-Water_Cls_034_almo.in
qchem 123_Br-Water_Cls_034_almo.in_1089881.0 /scratch/qchem1089881/ 6
/home/kchung25/qchem/5.4.0/exe/qcprog.exe_s 123_Br-Water_Cls_034_almo.in_1089881.0 /scratch/qchem1089881/
                  Welcome to Q-Chem
     A Quantum Leap Into The Future Of Chemistry


 Q-Chem 5.4, Q-Chem, Inc., Pleasanton, CA (2021)

 E. Epifanovsky,  A. T. B. Gilbert,  Xintian Feng,  Joonho Lee,  Yuezhi Mao,  
 N. Mardirossian,  P. Pokhilko,  A. White,  M. Wormit,  M. P. Coons,  
 A. L. Dempwolff,  Zhengting Gan,  D. Hait,  P. R. Horn,  L. D. Jacobson,  
 I. Kaliman,  J. Kussmann,  A. W. Lange,  Ka Un Lao,  D. S. Levine,  Jie Liu,  
 S. C. McKenzie,  A. F. Morrison,  K. Nanda,  F. Plasser,  D. R. Rehn,  
 M. L. Vidal,  Zhi-Qiang You,  Ying Zhu,  B. Alam,  B. Albrecht,  
 A. Aldossary,  E. Alguire,  J. H. Andersen,  D. Barton,  K. Begam,  A. Behn,  
 Y. A. Bernard,  E. J. Berquist,  H. Burton,  A. Carreras,  K. Carter-Fenk,  
 Romit Chakraborty,  A. D. Chien,  K. D. Closser,  V. Cofer-Shabica,  
 S. Dasgupta,  Jia Deng,  M. de Wergifosse,  M. Diedenhofen,  Hainam Do,  
 S. Ehlert,  Po-Tung Fang,  S. Fatehi,  Qingguo Feng,  T. Friedhoff,  
 J. Gayvert,  Qinghui Ge,  G. Gidofalvi,  M. Goldey,  J. Gomes,  
 C. Gonzalez-Espinoza,  S. Gulania,  A. Gunina,  M. W. D. Hanson-Heine,  
 P. H. P. Harbach,  A. W. Hauser,  M. F. Herbst,  M. Hernandez Vera,  
 M. Hodecker,  Z. C. Holden,  S. Houck,  Xunkun Huang,  Kerwin Hui,  
 B. C. Huynh,  M. Ivanov,  Hyunjun Ji,  Hanjie Jiang,  B. Kaduk,  S. Kaehler,  
 K. Khistyaev,  Jaehoon Kim,  P. Klunzinger,  Z. Koczor-Benda,  
 Joong Hoon Koh,  D. Kosenkov,  L. Koulias,  T. Kowalczyk,  C. M. Krauter,  
 K. Kue,  A. Kunitsa,  T. Kus,  A. Landau,  K. V. Lawler,  D. Lefrancois,  
 S. Lehtola,  Rain Li,  Yi-Pei Li,  Jiashu Liang,  M. Liebenthal,  
 Hung-Hsuan Lin,  You-Sheng Lin,  Fenglai Liu,  Kuan-Yu Liu,  
 M. Loipersberger,  A. Luenser,  A. Manjanath,  P. Manohar,  E. Mansoor,  
 S. F. Manzer,  Shan-Ping Mao,  A. V. Marenich,  T. Markovich,  S. Mason,  
 S. A. Maurer,  P. F. McLaughlin,  M. F. S. J. Menger,  J.-M. Mewes,  
 S. A. Mewes,  P. Morgante,  J. W. Mullinax,  K. J. Oosterbaan,  G. Paran,  
 Alexander C. Paul,  Suranjan K. Paul,  F. Pavosevic,  Zheng Pei,  S. Prager,  
 E. I. Proynov,  E. Ramos,  B. Rana,  A. E. Rask,  A. Rettig,  R. M. Richard,  
 F. Rob,  E. Rossomme,  T. Scheele,  M. Scheurer,  M. Schneider,  
 N. Sergueev,  S. M. Sharada,  W. Skomorowski,  D. W. Small,  C. J. Stein,  
 Yu-Chuan Su,  E. J. Sundstrom,  Zhen Tao,  J. Thirman,  T. Tsuchimochi,  
 N. M. Tubman,  S. P. Veccham,  O. Vydrov,  J. Wenzel,  J. Witte,  A. Yamada,  
 Kun Yao,  S. Yeganeh,  S. R. Yost,  A. Zech,  Igor Ying Zhang,  Xing Zhang,  
 Yu Zhang,  D. Zuev,  A. Aspuru-Guzik,  A. T. Bell,  N. A. Besley,  
 K. B. Bravaya,  B. R. Brooks,  D. Casanova,  Jeng-Da Chai,  S. Coriani,  
 C. J. Cramer,  A. E. DePrince, III,  R. A. DiStasio Jr.,  A. Dreuw,  
 B. D. Dunietz,  T. R. Furlani,  W. A. Goddard III,  S. Grimme,  
 S. Hammes-Schiffer,  T. Head-Gordon,  W. J. Hehre,  Chao-Ping Hsu,  
 T.-C. Jagau,  Yousung Jung,  A. Klamt,  Jing Kong,  D. S. Lambrecht,  
 WanZhen Liang,  N. J. Mayhall,  C. W. McCurdy,  J. B. Neaton,  T. Neudecker,  
 C. Ochsenfeld,  J. A. Parkhill,  R. Peverati,  V. A. Rassolov,  Yihan Shao,  
 L. V. Slipchenko,  R. P. Steele,  J. E. Subotnik,  A. J. W. Thom,  
 A. Tkatchenko,  D. G. Truhlar,  T. Van Voorhis,  T. A. Wesolowski,  
 K. B. Whaley,  H. L. Woodcock III,  P. M. Zimmerman,  S. Faraji,  
 P. M. W. Gill,  M. Head-Gordon,  J. M. Herbert,  A. I. Krylov

 Additional authors since Version 5.4.0: 
 Chandrima Chakravarty,  L. Cunha,  R. Kang,  Yongbin Kim,  S. Kotaru,  
 Shaozhi Li,  Xiangyuan Li,  F. Matz,  A. Molle,  V. Parravicini,  
 Haisheng Ren,  Hengyuan Shen,  Yingli Su,  Hung-Yi Tsai,  C. Utku,  
 Fang Wang,  Jeff Yang,  F. Zeller

 Contributors to earlier versions of Q-Chem not listed above: 
 R. D. Adamson,  B. Austin,  R. Baer,  J. Baker,  G. J. O. Beran,  
 K. Brandhorst,  S. T. Brown,  E. F. C. Byrd,  Arup K. Chakraborty,  
 G. K. L. Chan,  Chun-Min Chang,  Yunqing Chen,  C.-L. Cheng,  
 Siu Hung Chien,  D. M. Chipman,  D. L. Crittenden,  H. Dachsel,  
 R. J. Doerksen,  A. D. Dutoi,  R. G. Edgar,  J. Fosso-Tande,  
 L. Fusti-Molnar,  D. Ghosh,  A. Ghysels,  A. Golubeva-Zadorozhnaya,  
 J. Gonthier,  M. S. Gordon,  S. R. Gwaltney,  G. Hawkins,  J. E. Herr,  
 A. Heyden,  S. Hirata,  E. G. Hohenstein,  G. Kedziora,  F. J. Keil,  
 C. Kelley,  Jihan Kim,  R. A. King,  R. Z. Khaliullin,  P. P. Korambath,  
 W. Kurlancheek,  A. Laurent,  A. M. Lee,  M. S. Lee,  S. V. Levchenko,  
 Ching Yeh Lin,  D. Liotard,  E. Livshits,  R. C. Lochan,  I. Lotan,  
 L. A. Martinez-Martinez,  P. E. Maslen,  N. Nair,  D. P. O'Neill,  
 D. Neuhauser,  E. Neuscamman,  C. M. Oana,  R. Olivares-Amaya,  R. Olson,  
 T. M. Perrine,  B. Peters,  P. A. Pieniazek,  A. Prociuk,  Y. M. Rhee,  
 J. Ritchie,  M. A. Rohrdanz,  E. Rosta,  N. J. Russ,  H. F. Schaefer III,  
 M. W. Schmidt,  N. E. Schultz,  S. Sharma,  N. Shenvi,  C. D. Sherrill,  
 A. C. Simmonett,  A. Sodt,  T. Stein,  D. Stuck,  K. S. Thanthiriwatte,  
 V. Vanovschi,  L. Vogt,  Tao Wang,  A. Warshel,  M. A. Watson,  
 C. F. Williams,  Q. Wu,  X. Xu,  Jun Yang,  W. Zhang,  Yan Zhao

   Please cite Q-Chem as follows:
  "Software for the frontiers of quantum chemistry:
   An overview of developments in the Q-Chem 5 package"
   J. Chem. Phys. 155, 084801 (2021)
   https://doi.org/10.1063/5.0055522 (open access)

 Q-Chem 5.4.2 for Intel X86 EM64T Linux

 Parts of Q-Chem use Armadillo 9.900.5 (Nocturnal Misbehaviour).
 http://arma.sourceforge.net/

 Q-Chem begins on Fri Jan 19 09:16:22 2024  

 Host: 
0

     Scratch files written to /scratch/qchem1089881//
 Dec1321 |scratch|qcdevops|jenkins|workspace|build_RNUM 5684   
 Processing $rem in /home/kchung25/qchem/5.4.0/config/preferences:
 Processing $rem in /home/kchung25/.qchemrc:

 Q-Chem warning in module libgen/rem_setup.C, line 3079:

 Neither GIA nor STOLL is specified by user. Use STOLL as the default


 Checking the input file for inconsistencies... 	...done.

--------------------------------------------------------------
User input:
--------------------------------------------------------------
$molecule
-1 1
--
-1 1
Br     0.000000     0.000000     0.000000
--
0 1
O      0.907785    -3.270542     0.005052
H      0.638022    -2.382067     0.033667
H      1.487598    -3.318185     0.780281
O     -0.442867    -1.493360     2.705895
H     -0.557517    -2.505349     2.636657
H     -0.309218    -1.143022     1.794908
O      3.300513    -1.122755    -0.539692
H      3.130969    -1.988896    -0.865131
H      2.387446    -0.783323    -0.362168
O     -1.677447     1.488794     2.663873
H     -1.236549     1.357234     3.514456
H     -1.130855     0.928758     2.068196
O      2.470751    -0.161330     2.335308
H      2.923351    -1.018032     2.221032
H      1.582633    -0.292052     2.024141
$end

$rem
JOBTYPE          eda
EDA2             1
METHOD           wB97M-V
BASIS            def2-TZVPPD
SYMMETRY         false
MEM_TOTAL        50000
MEM_STATIC       10000
THRESH           14
SCF_CONVERGENCE  8
XC_GRID          000099000590
NL_GRID          1
EDA_CLS_DISP     true
FD_MAT_VEC_PROD  FALSE
$end
--------------------------------------------------------------
 ----------------------------------------------------------------
             Standard Nuclear Orientation (Angstroms)
    I     Atom           X                Y                Z
 ----------------------------------------------------------------
    1      Br      0.2760359190     1.1047431214     0.0642918029
    2      O      -2.0744528264    -0.5158623343     1.8998801874
    3      H      -1.4053168424    -0.0954063971     1.4115641423
    4      H      -2.1448411129    -1.3635059781     1.4351450853
    5      O       1.0884408069    -1.7498503100     1.0335274088
    6      H       0.6085252029    -2.0838954604     1.8702801261
    7      H       0.7462789028    -0.8486467192     0.8304180713
    8      O      -2.9086315595     0.2167932762    -1.1664276743
    9      H      -3.3943975840     0.1808495505    -0.3616945754
   10      H      -1.9992244726     0.4500687851    -0.8518144405
   11      O       3.5028458593    -0.1306560419    -0.3693461669
   12      H       3.5228409733    -1.0416363556    -0.6932374811
   13      H       2.5408954156     0.0042888970    -0.2154779397
   14      O      -0.4594119969    -1.6502672964    -1.7940233718
   15      H      -1.2822206059    -2.0321102924    -1.4348214783
   16      H      -0.0441193098    -1.1972736287    -1.0694576769
 ----------------------------------------------------------------
 Molecular Point Group                 C1    NOp =  1
 Largest Abelian Subgroup              C1    NOp =  1
 Nuclear Repulsion Energy =         463.85836414 hartrees
 There are       43 alpha and       43 beta electrons
 Requested basis set is def2-TZVPPD
 There are 159 shells and 427 basis functions

 Q-Chem warning in module libmdc/get_mega.C, line 171:

 Allowed MEM_STATIC has been capped at MEM_STATIC=8191.
 Reduce the value of MEM_STATIC to silence this warning.


 Total QAlloc Memory Limit  50000 MB
 Mega-Array Size      8007 MB
 MEM_STATIC part      8191 MB
 A cutoff of  1.0D-14 yielded  11228 shell pairs
 There are     80568 function pairs (     99006 Cartesian)
 Smallest overlap matrix eigenvalue = 1.40E-04

 Scale SEOQF with 1.000000e-01/1.000000e-01/1.000000e-01

 Standard Electronic Orientation quadrupole field applied
 Nucleus-field energy     =     0.0000000073 hartrees

 -----------------------------------------------------------------------
  General SCF calculation program by
  Eric Jon Sundstrom, Paul Horn, Yuezhi Mao, Dmitri Zuev, Alec White,
  David Stuck, Shaama M.S., Shane Yost, Joonho Lee, David Small,
  Daniel Levine, Susi Lehtola, Hugh Burton, Evgeny Epifanovsky,
  Bang C. Huynh
 -----------------------------------------------------------------------
================================================================
                 ALMO-EDA with the EDA2 driver                  
================================================================
 The second-generation ALMO-EDA (for DFT):                      
 P. R. Horn, Y. Mao and M. Head-Gordon, PCCP, 18, 23067 (2016)  
 Y. Mao et al. Annu. Rev. Phys. Chem. 72, 641 (2021)            
 Decomposition of the frozen energy:                            
 P. R. Horn, Y. Mao and M. Head-Gordon, JCP, 144, 114107 (2016) 
 FERF model for polarization:                                   
 P. R. Horn and M. Head-Gordon, JCP, 143, 114111 (2015)         
================================================================
 Using eda2 option set 1
 Option set summary: Frozen orbital wavefunction, initial wavefunction decomposition, and nDQ polarization.
--------------------------------
Printing EDA Options
--------------------------------
eda_child_super_basis      0
fragmo_guess_mode          0
child_mp                   1
child_mp_orders            232
cls_elec                   1
cls_disp                   1
scfmi_mode                 1
scfmi_occs                 0
scfmi_virts                0
frz_relax                  0
frz_relax_method           0
dc_pen_start               0
dc_pen_conv                0
dc_pen_increment           0
dc_pen_steps               0
dc_pen_thresh_factor       0
dc_pen_pre_newton_thresh   0
frz_ortho_decomp           1
frz_ortho_decomp_conv      6
plot_mo_ortho_frz          0
frgm_method                2
scfmi_freeze_ss            0
separate_rehyb             0
plot_diff_den              0
eda_nocv                   0
eda_vct_relax              1
disp_free_x                0
disp_free_c                0
eda_bsse                   0
eda_pct_a                  0
eda_covp                   0
--------------------------------
Attempting to make child job directory: /scratch/qchem1089881//Frg1/
Attempting to make child job directory: /scratch/qchem1089881//Frg2/
Creating input file /scratch/qchem1089881/Frg1.input
using default PutDataFrgm: nothing
calling putenv with: QCSCRATCH=/scratch/qchem1089881/ 
Spawning Job For Fragment 0
Done Job For Fragment 0
calling putenv with: QCSCRATCH=/scratch 
calling putenv with: QCTHREADS=6 
Creating input file /scratch/qchem1089881/Frg2.input
using default PutDataFrgm: nothing
calling putenv with: QCSCRATCH=/scratch/qchem1089881/ 
Spawning Job For Fragment 1
Done Job For Fragment 1
calling putenv with: QCSCRATCH=/scratch 
calling putenv with: QCTHREADS=6 
Doing General SCFMI
 Exchange:     0.1500 Hartree-Fock + 1.0000 wB97M-V + LR-HF
 Correlation:  1.0000 wB97M-V
 Using Euler-Maclaurin-Lebedev (99,590) quadrature formula
 Nonlocal Correlation:  VV10 with C = 0.0100 and b = 6.00 and scale = 1.00000
 Grid used for NLC:  SG-1 standard quadrature
performing fock build before subrot guess so that all methods have access
Printing subrot_rss_gen Method Specification:
Occupied Subspace Method is 0
Virtual Subspace Method is 0
Energy of the unrelaxed supersystem initial determinant -2956.295913980031
write pseudocanon occs and virts to disk
write pseudocanon orbital energies to disk
Tolerance of ortho_decomp_scf: 1.00e-06
GDM subspace size: 20
Beginning the Orthogonal Decomposition of the Initial Supersystem Wavefunction
    1   -2956.0108609953      4.57e-01     ortho_decomp Preconditoned Steepest Descent
    2   -2956.0938171470      2.83e-03     ortho_decomp BFGS Step
    3   -2956.0938937563      3.41e-04     ortho_decomp BFGS Step
    4   -2956.0938941135      1.07e-05     ortho_decomp BFGS Step
    5   -2956.0938941138      2.75e-07     ortho_decomp 00000 Convergence criterion met
 Hartree-Fock
 Hartree-Fock
 Hartree-Fock
 Exchange:     0.1500 Hartree-Fock + 1.0000 wB97M-V + LR-HF
 Correlation:  1.0000 wB97M-V
 Using Euler-Maclaurin-Lebedev (99,590) quadrature formula
 Nonlocal Correlation:  VV10 with C = 0.0100 and b = 6.00 and scale = 1.00000
 Grid used for NLC:  SG-1 standard quadrature
 Long-range K will be added via erf
 Coulomb attenuation parameter = 0.3 bohr**(-1)
 Nonlocal correlation = 3.528951810155e-01
Doing General SCFMI
 Exchange:     0.1500 Hartree-Fock + 1.0000 wB97M-V + LR-HF
 Correlation:  1.0000 wB97M-V
 Using Euler-Maclaurin-Lebedev (99,590) quadrature formula
 Nonlocal Correlation:  VV10 with C = 0.0100 and b = 6.00 and scale = 1.00000
 Grid used for NLC:  SG-1 standard quadrature
performing fock build at end of subrot_r(subrot) constructor so that all methods have access
<S^2> of initial wavefunction before polarization iterations 0.0000000000
Beginning iterations for the determination of the polarized wavefunction
Energy prior to optimization (guess energy) = -2956.295913980033
Begin Timing: Total SCF Calculation
begin iterations for algorithm: DIIS         
the SCF tolerance is set to 1.00e-08
    1   -2956.2959139800      6.26e-04     00000 
    2   -2956.3188174325      2.48e-04     00000 
    3   -2956.3208884155      9.86e-05     00000 
    4   -2956.3213193500      4.46e-05     00000 
    5   -2956.3214223001      1.86e-05     00000 
    6   -2956.3214553421      1.11e-05     00000 
    7   -2956.3214684626      5.79e-06     00000 
    8   -2956.3214743141      2.79e-06     00000 
    9   -2956.3214751827      1.63e-06     00000 
   10   -2956.3214753473      1.11e-06     00000 
   11   -2956.3214753814      7.30e-07     00000 
   12   -2956.3214753907      4.55e-07     00000 
   13   -2956.3214753970      2.45e-07     00000 
   14   -2956.3214753998      1.19e-07     00000 
   15   -2956.3214754007      7.41e-08     00000 
   16   -2956.3214754011      3.12e-08     00000 
   17   -2956.3214754012      1.63e-08     00000 
   18   -2956.3214754012      8.20e-09     00000 Convergence criterion met
write pseudocanon occs and virts to disk
write pseudocanon orbital energies to disk
Timing for Total SCF: 361.00s (wall), 2162.91s (cpu)
<S^2> of polarized wavefunction after polarization iterations 0.0000000000
relaxing scfmi constraint to allow all rotations in the entire AO span
Doing General SCFMI
 Exchange:     0.1500 Hartree-Fock + 1.0000 wB97M-V + LR-HF
 Correlation:  1.0000 wB97M-V
 Using Euler-Maclaurin-Lebedev (99,590) quadrature formula
 Nonlocal Correlation:  VV10 with C = 0.0100 and b = 6.00 and scale = 1.00000
 Grid used for NLC:  SG-1 standard quadrature
performing fock build at end of subrot_r(subrot) constructor so that all methods have access
<S^2> of polarized wavefunction before ct-allowed iterations 0.0000000000
Beginning iterations for the determination of the CT-Allowed wavefunction
Energy prior to optimization (guess energy) = -2956.321475401222
Begin Timing: Total SCF Calculation
begin iterations for algorithm: DIIS         
the SCF tolerance is set to 1.00e-08
    1   -2956.3214754012      5.20e-04     00000 
    2   -2956.3417243615      6.81e-05     00000 
    3   -2956.3425092034      3.41e-05     00000 
    4   -2956.3425773474      1.39e-05     00000 
    5   -2956.3425913074      3.82e-06     00000 
    6   -2956.3425924504      1.02e-06     00000 
    7   -2956.3425926227      2.99e-07     00000 
    8   -2956.3425926435      1.05e-07     00000 
    9   -2956.3425926450      4.81e-08     00000 
   10   -2956.3425926453      9.56e-09     00000 Convergence criterion met
write pseudocanon occs and virts to disk
write pseudocanon orbital energies to disk
Timing for Total SCF: 190.00s (wall), 1145.42s (cpu)
<S^2> of ct_allowed wavefunction after ct-allowed iterations 0.0000000000

================================
        Results of EDA2         
================================
Basic EDA Quantities
--------------------
Fragment Energies (Ha):
1-2574.0946475101
2 -382.1685709023
--------------------
  E_prp (kJ/mol) = 0.0000
  E_frz (kJ/mol) = -85.8432
  E_pol (kJ/mol) = -67.1123
  E_vct (kJ/mol) = -55.4440
  E_int (kJ/mol) = -208.3995
--------------------


Decomposition of frozen interaction energy
--------------------
  --------------------
  Orthogonal Frozen Decomposition:
  --------------------
     E_elec   (ELEC)   (kJ/mol) = -381.5189
     E_pauli  (PAULI)  (kJ/mol) = 344.5010
     E_disp   (DISP)   (kJ/mol) = -48.8254
  --------------------
  Classical Frozen Decomposition:
  --------------------
     E_cls_elec  (CLS ELEC)  (kJ/mol) = -254.5406
     E_mod_pauli (MOD PAULI) (kJ/mol) = 217.6223 (FRZ - CLS ELEC - CLS DISP)
     E_cls_disp  (CLS DISP)  (kJ/mol) = -48.9249
  --------------------
--------------------

Simplified EDA Summary (kJ/mol)
--------------------
 PREPARATION      0.0000
 FROZEN           -85.8432 (ELEC + PAULI + DISP)
[ELEC + PAULI = -36.9183, DISP = -48.9249]
 POLARIZATION    -67.1123
 CHARGE TRANSFER -55.4440
 TOTAL           -208.3995     (PRP + FRZ + POL + CT)
--------------------
 
 --------------------------------------------------------------
 
                    Orbital Energies (a.u.)
 --------------------------------------------------------------
 
 Alpha MOs
 -- Occupied --
******** -62.5988 -56.2841 -56.2840 -56.2838 -19.2151 -19.1992 -19.1974
-19.1891 -19.1878  -8.6808  -6.4600  -6.4597  -6.4590  -2.5424  -2.5423
 -2.5417  -2.5415  -2.5413  -1.0305  -1.0035  -0.9936  -0.9890  -0.9843
 -0.6777  -0.5203  -0.5040  -0.4956  -0.4905  -0.4795  -0.3979  -0.3740
 -0.3669  -0.3585  -0.3563  -0.3119  -0.2966  -0.2905  -0.2781  -0.2736
 -0.2108  -0.2105  -0.2041
 -- Virtual --
  0.1249   0.1418   0.1459   0.1521   0.1669   0.1735   0.1804   0.1870
  0.1935   0.2095   0.2162   0.2181   0.2266   0.2300   0.2348   0.2431
  0.2573   0.2606   0.2711   0.2752   0.2814   0.2860   0.2950   0.3078
  0.3161   0.3267   0.3444   0.3466   0.3552   0.3653   0.3685   0.3749
  0.3826   0.3885   0.3993   0.4074   0.4136   0.4155   0.4166   0.4226
  0.4322   0.4371   0.4419   0.4507   0.4553   0.4654   0.4667   0.4790
  0.4845   0.4890   0.4948   0.4998   0.5062   0.5108   0.5153   0.5252
  0.5262   0.5372   0.5514   0.5588   0.5643   0.5740   0.5803   0.5823
  0.6024   0.6082   0.6215   0.6277   0.6330   0.6429   0.6581   0.6701
  0.6723   0.6808   0.6889   0.6979   0.7015   0.7088   0.7122   0.7236
  0.7284   0.7418   0.7458   0.7544   0.7596   0.7667   0.7729   0.7807
  0.7860   0.7915   0.8075   0.8175   0.8283   0.8362   0.8487   0.8602
  0.8714   0.8812   0.8930   0.9002   0.9219   0.9322   0.9381   0.9516
  0.9544   0.9582   0.9788   0.9946   1.0058   1.0147   1.0230   1.0311
  1.0401   1.0512   1.0672   1.0724   1.0848   1.0923   1.1032   1.1199
  1.1256   1.1285   1.1442   1.1506   1.1793   1.1931   1.2013   1.2196
  1.2267   1.2473   1.2765   1.2909   1.2924   1.3126   1.3207   1.3444
  1.3483   1.3540   1.3654   1.3741   1.3821   1.3986   1.4084   1.4163
  1.4248   1.4489   1.4562   1.4681   1.4802   1.4965   1.5194   1.5272
  1.5375   1.5410   1.5703   1.5814   1.5856   1.6203   1.6236   1.6373
  1.6570   1.6680   1.7711   1.8322   1.8369   1.8504   1.8889   1.8935
  1.9251   1.9341   1.9837   2.0776   2.0829   2.0903   2.1067   2.1149
  2.1244   2.1288   2.1524   2.1552   2.1709   2.1785   2.1974   2.2075
  2.2265   2.2372   2.2572   2.2780   2.2860   2.3135   2.3271   2.3467
  2.3643   2.3868   2.3909   2.4447   2.4568   2.4657   2.4868   2.5075
  2.5138   2.5588   2.6341   2.7562   2.7733   2.8109   2.8392   2.9328
  2.9634   2.9784   3.0055   3.0354   3.0986   3.1289   3.1700   3.2036
  3.2171   3.2857   3.3447   3.3642   3.3813   3.3981   3.4332   3.4380
  3.4488   3.4567   3.4590   3.4676   3.4829   3.5093   3.5251   3.5325
  3.5568   3.5622   3.5846   3.5981   3.6049   3.6129   3.6215   3.6288
  3.6444   3.6495   3.6562   3.6709   3.6745   3.6825   3.7233   3.7330
  3.7608   3.8324   3.8331   3.8508   3.9010   3.9116   3.9208   3.9646
  3.9825   4.0204   4.0428   4.0667   4.0715   4.0983   4.1026   4.1313
  4.1735   4.1895   4.1997   4.2053   4.2112   4.2144   4.2339   4.2543
  4.2600   4.2729   4.2792   4.2949   4.3105   4.3165   4.3459   4.3498
  4.3523   4.3686   4.3780   4.4034   4.4150   4.4366   4.4488   4.4784
  4.4952   4.5144   4.5248   4.5372   4.5595   4.5712   4.5790   4.6361
  4.6564   4.7331   4.8382   4.8742   4.8826   4.9000   4.9029   4.9227
  4.9746   4.9810   5.0042   5.0451   5.1439   5.1461   5.1634   5.1820
  5.2028   5.3311   5.3876   5.4071   5.4441   5.5033   5.7717   5.8483
  5.8583   5.8669   5.8802   6.2189   6.4023   6.4392   6.4535   6.5307
  6.5477   6.6217   6.6310   6.6681   6.6797   6.6882   6.7320   6.7365
  6.7750   6.7776   6.7833   6.7865   6.8162   6.8175   6.8301   6.8374
  6.8448   6.8588   6.8691   6.8834   6.9254   6.9514   6.9666   6.9674
  7.0089   7.0224   7.0356   7.0540   7.0763   7.0788   7.2221   7.2417
  7.2594   7.2657   7.3176   7.6078   7.6395   7.6790   7.7058   7.7160
  7.7351   7.8107   7.8201   7.8550   7.8932   7.9543   7.9875   8.0410
  8.0472   8.0996   8.2599  44.5962  44.6404  44.6871  44.6915  44.7411
 --------------------------------------------------------------
 
          Ground-State Mulliken Net Atomic Charges

     Atom                 Charge (a.u.)
  ----------------------------------------
      1 Br                   -0.736555
      2 O                    -0.490190
      3 H                     0.216177
      4 H                     0.199706
      5 O                    -0.471984
      6 H                     0.166796
      7 H                     0.205183
      8 O                    -0.467984
      9 H                     0.155201
     10 H                     0.280766
     11 O                    -0.475184
     12 H                     0.154238
     13 H                     0.307096
     14 O                    -0.465155
     15 H                     0.181088
     16 H                     0.240800
  ----------------------------------------
  Sum of atomic charges =    -1.000000

 -----------------------------------------------------------------
                    Cartesian Multipole Moments
 -----------------------------------------------------------------
    Charge (ESU x 10^10)
                -4.8032
    Dipole Moment (Debye)
         X      -2.3204      Y      -2.6786      Z       2.1874
       Tot       4.1645
    Quadrupole Moments (Debye-Ang)
        XX     -80.4935     XY       1.6608     YY     -61.9937
        XZ      -3.5047     YZ      -3.3807     ZZ     -71.1599
    Octopole Moments (Debye-Ang^2)
       XXX     -37.6990    XXY     -15.4508    XYY      -8.9585
       YYY      10.9380    XXZ       3.5523    XYZ       3.6023
       YYZ      11.0377    XZZ      25.1912    YZZ       8.7318
       ZZZ      10.6617
    Hexadecapole Moments (Debye-Ang^3)
      XXXX   -1452.8211   XXXY     -24.2199   XXYY    -252.5322
      XYYY      32.4980   YYYY    -501.7182   XXXZ     -46.2204
      XXYZ      33.5881   XYYZ     -10.3629   YYYZ     -25.1815
      XXZZ    -347.8711   XYZZ      -1.5458   YYZZ    -156.4457
      XZZZ      17.4221   YZZZ     -28.5927   ZZZZ    -520.3512
 -----------------------------------------------------------------
 Total job time:  1999.51s(wall), 5499.82s(cpu) 
 Fri Jan 19 09:49:41 2024

        *************************************************************
        *                                                           *
        *  Thank you very much for using Q-Chem.  Have a nice day.  *
        *                                                           *
        *************************************************************


