
Running Job 1 of 1 123_Br-Water_Cls_032_almo.in
qchem 123_Br-Water_Cls_032_almo.in_1088469.0 /scratch/qchem1088469/ 6
/home/kchung25/qchem/5.4.0/exe/qcprog.exe_s 123_Br-Water_Cls_032_almo.in_1088469.0 /scratch/qchem1088469/
                  Welcome to Q-Chem
     A Quantum Leap Into The Future Of Chemistry


 Q-Chem 5.4, Q-Chem, Inc., Pleasanton, CA (2021)

 E. Epifanovsky,  A. T. B. Gilbert,  Xintian Feng,  Joonho Lee,  Yuezhi Mao,  
 N. Mardirossian,  P. Pokhilko,  A. White,  M. Wormit,  M. P. Coons,  
 A. L. Dempwolff,  Zhengting Gan,  D. Hait,  P. R. Horn,  L. D. Jacobson,  
 I. Kaliman,  J. Kussmann,  A. W. Lange,  Ka Un Lao,  D. S. Levine,  Jie Liu,  
 S. C. McKenzie,  A. F. Morrison,  K. Nanda,  F. Plasser,  D. R. Rehn,  
 M. L. Vidal,  Zhi-Qiang You,  Ying Zhu,  B. Alam,  B. Albrecht,  
 A. Aldossary,  E. Alguire,  J. H. Andersen,  D. Barton,  K. Begam,  A. Behn,  
 Y. A. Bernard,  E. J. Berquist,  H. Burton,  A. Carreras,  K. Carter-Fenk,  
 Romit Chakraborty,  A. D. Chien,  K. D. Closser,  V. Cofer-Shabica,  
 S. Dasgupta,  Jia Deng,  M. de Wergifosse,  M. Diedenhofen,  Hainam Do,  
 S. Ehlert,  Po-Tung Fang,  S. Fatehi,  Qingguo Feng,  T. Friedhoff,  
 J. Gayvert,  Qinghui Ge,  G. Gidofalvi,  M. Goldey,  J. Gomes,  
 C. Gonzalez-Espinoza,  S. Gulania,  A. Gunina,  M. W. D. Hanson-Heine,  
 P. H. P. Harbach,  A. W. Hauser,  M. F. Herbst,  M. Hernandez Vera,  
 M. Hodecker,  Z. C. Holden,  S. Houck,  Xunkun Huang,  Kerwin Hui,  
 B. C. Huynh,  M. Ivanov,  Hyunjun Ji,  Hanjie Jiang,  B. Kaduk,  S. Kaehler,  
 K. Khistyaev,  Jaehoon Kim,  P. Klunzinger,  Z. Koczor-Benda,  
 Joong Hoon Koh,  D. Kosenkov,  L. Koulias,  T. Kowalczyk,  C. M. Krauter,  
 K. Kue,  A. Kunitsa,  T. Kus,  A. Landau,  K. V. Lawler,  D. Lefrancois,  
 S. Lehtola,  Rain Li,  Yi-Pei Li,  Jiashu Liang,  M. Liebenthal,  
 Hung-Hsuan Lin,  You-Sheng Lin,  Fenglai Liu,  Kuan-Yu Liu,  
 M. Loipersberger,  A. Luenser,  A. Manjanath,  P. Manohar,  E. Mansoor,  
 S. F. Manzer,  Shan-Ping Mao,  A. V. Marenich,  T. Markovich,  S. Mason,  
 S. A. Maurer,  P. F. McLaughlin,  M. F. S. J. Menger,  J.-M. Mewes,  
 S. A. Mewes,  P. Morgante,  J. W. Mullinax,  K. J. Oosterbaan,  G. Paran,  
 Alexander C. Paul,  Suranjan K. Paul,  F. Pavosevic,  Zheng Pei,  S. Prager,  
 E. I. Proynov,  E. Ramos,  B. Rana,  A. E. Rask,  A. Rettig,  R. M. Richard,  
 F. Rob,  E. Rossomme,  T. Scheele,  M. Scheurer,  M. Schneider,  
 N. Sergueev,  S. M. Sharada,  W. Skomorowski,  D. W. Small,  C. J. Stein,  
 Yu-Chuan Su,  E. J. Sundstrom,  Zhen Tao,  J. Thirman,  T. Tsuchimochi,  
 N. M. Tubman,  S. P. Veccham,  O. Vydrov,  J. Wenzel,  J. Witte,  A. Yamada,  
 Kun Yao,  S. Yeganeh,  S. R. Yost,  A. Zech,  Igor Ying Zhang,  Xing Zhang,  
 Yu Zhang,  D. Zuev,  A. Aspuru-Guzik,  A. T. Bell,  N. A. Besley,  
 K. B. Bravaya,  B. R. Brooks,  D. Casanova,  Jeng-Da Chai,  S. Coriani,  
 C. J. Cramer,  A. E. DePrince, III,  R. A. DiStasio Jr.,  A. Dreuw,  
 B. D. Dunietz,  T. R. Furlani,  W. A. Goddard III,  S. Grimme,  
 S. Hammes-Schiffer,  T. Head-Gordon,  W. J. Hehre,  Chao-Ping Hsu,  
 T.-C. Jagau,  Yousung Jung,  A. Klamt,  Jing Kong,  D. S. Lambrecht,  
 WanZhen Liang,  N. J. Mayhall,  C. W. McCurdy,  J. B. Neaton,  T. Neudecker,  
 C. Ochsenfeld,  J. A. Parkhill,  R. Peverati,  V. A. Rassolov,  Yihan Shao,  
 L. V. Slipchenko,  R. P. Steele,  J. E. Subotnik,  A. J. W. Thom,  
 A. Tkatchenko,  D. G. Truhlar,  T. Van Voorhis,  T. A. Wesolowski,  
 K. B. Whaley,  H. L. Woodcock III,  P. M. Zimmerman,  S. Faraji,  
 P. M. W. Gill,  M. Head-Gordon,  J. M. Herbert,  A. I. Krylov

 Additional authors since Version 5.4.0: 
 Chandrima Chakravarty,  L. Cunha,  R. Kang,  Yongbin Kim,  S. Kotaru,  
 Shaozhi Li,  Xiangyuan Li,  F. Matz,  A. Molle,  V. Parravicini,  
 Haisheng Ren,  Hengyuan Shen,  Yingli Su,  Hung-Yi Tsai,  C. Utku,  
 Fang Wang,  Jeff Yang,  F. Zeller

 Contributors to earlier versions of Q-Chem not listed above: 
 R. D. Adamson,  B. Austin,  R. Baer,  J. Baker,  G. J. O. Beran,  
 K. Brandhorst,  S. T. Brown,  E. F. C. Byrd,  Arup K. Chakraborty,  
 G. K. L. Chan,  Chun-Min Chang,  Yunqing Chen,  C.-L. Cheng,  
 Siu Hung Chien,  D. M. Chipman,  D. L. Crittenden,  H. Dachsel,  
 R. J. Doerksen,  A. D. Dutoi,  R. G. Edgar,  J. Fosso-Tande,  
 L. Fusti-Molnar,  D. Ghosh,  A. Ghysels,  A. Golubeva-Zadorozhnaya,  
 J. Gonthier,  M. S. Gordon,  S. R. Gwaltney,  G. Hawkins,  J. E. Herr,  
 A. Heyden,  S. Hirata,  E. G. Hohenstein,  G. Kedziora,  F. J. Keil,  
 C. Kelley,  Jihan Kim,  R. A. King,  R. Z. Khaliullin,  P. P. Korambath,  
 W. Kurlancheek,  A. Laurent,  A. M. Lee,  M. S. Lee,  S. V. Levchenko,  
 Ching Yeh Lin,  D. Liotard,  E. Livshits,  R. C. Lochan,  I. Lotan,  
 L. A. Martinez-Martinez,  P. E. Maslen,  N. Nair,  D. P. O'Neill,  
 D. Neuhauser,  E. Neuscamman,  C. M. Oana,  R. Olivares-Amaya,  R. Olson,  
 T. M. Perrine,  B. Peters,  P. A. Pieniazek,  A. Prociuk,  Y. M. Rhee,  
 J. Ritchie,  M. A. Rohrdanz,  E. Rosta,  N. J. Russ,  H. F. Schaefer III,  
 M. W. Schmidt,  N. E. Schultz,  S. Sharma,  N. Shenvi,  C. D. Sherrill,  
 A. C. Simmonett,  A. Sodt,  T. Stein,  D. Stuck,  K. S. Thanthiriwatte,  
 V. Vanovschi,  L. Vogt,  Tao Wang,  A. Warshel,  M. A. Watson,  
 C. F. Williams,  Q. Wu,  X. Xu,  Jun Yang,  W. Zhang,  Yan Zhao

   Please cite Q-Chem as follows:
  "Software for the frontiers of quantum chemistry:
   An overview of developments in the Q-Chem 5 package"
   J. Chem. Phys. 155, 084801 (2021)
   https://doi.org/10.1063/5.0055522 (open access)

 Q-Chem 5.4.2 for Intel X86 EM64T Linux

 Parts of Q-Chem use Armadillo 9.900.5 (Nocturnal Misbehaviour).
 http://arma.sourceforge.net/

 Q-Chem begins on Fri Jan 19 08:33:37 2024  

 Host: 
0

     Scratch files written to /scratch/qchem1088469//
 Dec1321 |scratch|qcdevops|jenkins|workspace|build_RNUM 5684   
 Processing $rem in /home/kchung25/qchem/5.4.0/config/preferences:
 Processing $rem in /home/kchung25/.qchemrc:

 Q-Chem warning in module libgen/rem_setup.C, line 3079:

 Neither GIA nor STOLL is specified by user. Use STOLL as the default


 Checking the input file for inconsistencies... 	...done.

--------------------------------------------------------------
User input:
--------------------------------------------------------------
$molecule
-1 1
--
-1 1
Br     0.000000     0.000000     0.000000
--
0 1
O      1.511211    -0.168000    -2.972187
H      2.300196    -0.449638    -2.419504
H      0.943137     0.223193    -2.310831
O     -2.135097    -1.069176    -2.156148
H     -2.291668    -1.987712    -2.053824
H     -1.409818    -0.862642    -1.615508
O      1.040320     2.889251     1.678946
H      1.410094     3.396924     2.390933
H      0.075886     2.963889     1.828063
O     -1.696817    -2.672274     0.961891
H     -1.090811    -1.965370     1.008221
H     -2.536867    -2.318802     1.134748
O      1.036428    -2.376018     2.104145
H      1.818587    -2.060646     2.627672
H      0.759851    -1.655806     1.452707
$end

$rem
JOBTYPE          eda
EDA2             1
METHOD           wB97M-V
BASIS            def2-TZVPPD
SYMMETRY         false
MEM_TOTAL        50000
MEM_STATIC       10000
THRESH           14
SCF_CONVERGENCE  8
XC_GRID          000099000590
NL_GRID          1
EDA_CLS_DISP     true
FD_MAT_VEC_PROD  FALSE
$end
--------------------------------------------------------------
 ----------------------------------------------------------------
             Standard Nuclear Orientation (Angstroms)
    I     Atom           X                Y                Z
 ----------------------------------------------------------------
    1      Br      0.3082846142     0.1473872191     0.1569927456
    2      O      -0.2987986266     2.8962836244    -1.6376929487
    3      H       0.0831734244     2.3460562714    -2.3851038156
    4      H       0.0008549277     2.4122588144    -0.8701908170
    5      O      -2.4190876242     1.4710876493     1.2340296811
    6      H      -3.1684970736     0.9823832570     0.9543038217
    7      H      -1.6921477419     1.1297356496     0.7692558110
    8      O       3.7363016608    -0.0794550187     0.8249287017
    9      H       4.5966903859    -0.4807395962     0.8345257722
   10      H       3.3924189337    -0.2656082859     1.7221640567
   11      O      -2.1986483729    -1.9814402941     0.5159509266
   12      H      -1.3386690139    -1.6771055451     0.3238080923
   13      H      -2.2560642473    -2.0622803788     1.4382709892
   14      O      -0.1963418660    -2.6585475593    -1.5805782175
   15      H       0.6357522715    -2.9342072062    -2.0463505061
   16      H      -0.0308747307    -1.7924728629    -1.0885346449
 ----------------------------------------------------------------
 Molecular Point Group                 C1    NOp =  1
 Largest Abelian Subgroup              C1    NOp =  1
 Nuclear Repulsion Energy =         441.13269516 hartrees
 There are       43 alpha and       43 beta electrons
 Requested basis set is def2-TZVPPD
 There are 159 shells and 427 basis functions

 Q-Chem warning in module libmdc/get_mega.C, line 171:

 Allowed MEM_STATIC has been capped at MEM_STATIC=8191.
 Reduce the value of MEM_STATIC to silence this warning.


 Total QAlloc Memory Limit  50000 MB
 Mega-Array Size      8007 MB
 MEM_STATIC part      8191 MB
 A cutoff of  1.0D-14 yielded  10351 shell pairs
 There are     72733 function pairs (     88726 Cartesian)
 Smallest overlap matrix eigenvalue = 1.86E-04

 Scale SEOQF with 1.000000e-01/1.000000e-01/1.000000e-01

 Standard Electronic Orientation quadrupole field applied
 Nucleus-field energy     =     0.0000000151 hartrees

 -----------------------------------------------------------------------
  General SCF calculation program by
  Eric Jon Sundstrom, Paul Horn, Yuezhi Mao, Dmitri Zuev, Alec White,
  David Stuck, Shaama M.S., Shane Yost, Joonho Lee, David Small,
  Daniel Levine, Susi Lehtola, Hugh Burton, Evgeny Epifanovsky,
  Bang C. Huynh
 -----------------------------------------------------------------------
================================================================
                 ALMO-EDA with the EDA2 driver                  
================================================================
 The second-generation ALMO-EDA (for DFT):                      
 P. R. Horn, Y. Mao and M. Head-Gordon, PCCP, 18, 23067 (2016)  
 Y. Mao et al. Annu. Rev. Phys. Chem. 72, 641 (2021)            
 Decomposition of the frozen energy:                            
 P. R. Horn, Y. Mao and M. Head-Gordon, JCP, 144, 114107 (2016) 
 FERF model for polarization:                                   
 P. R. Horn and M. Head-Gordon, JCP, 143, 114111 (2015)         
================================================================
 Using eda2 option set 1
 Option set summary: Frozen orbital wavefunction, initial wavefunction decomposition, and nDQ polarization.
--------------------------------
Printing EDA Options
--------------------------------
eda_child_super_basis      0
fragmo_guess_mode          0
child_mp                   1
child_mp_orders            232
cls_elec                   1
cls_disp                   1
scfmi_mode                 1
scfmi_occs                 0
scfmi_virts                0
frz_relax                  0
frz_relax_method           0
dc_pen_start               0
dc_pen_conv                0
dc_pen_increment           0
dc_pen_steps               0
dc_pen_thresh_factor       0
dc_pen_pre_newton_thresh   0
frz_ortho_decomp           1
frz_ortho_decomp_conv      6
plot_mo_ortho_frz          0
frgm_method                2
scfmi_freeze_ss            0
separate_rehyb             0
plot_diff_den              0
eda_nocv                   0
eda_vct_relax              1
disp_free_x                0
disp_free_c                0
eda_bsse                   0
eda_pct_a                  0
eda_covp                   0
--------------------------------
Attempting to make child job directory: /scratch/qchem1088469//Frg1/
Attempting to make child job directory: /scratch/qchem1088469//Frg2/
Creating input file /scratch/qchem1088469/Frg1.input
using default PutDataFrgm: nothing
calling putenv with: QCSCRATCH=/scratch/qchem1088469/ 
Spawning Job For Fragment 0
Done Job For Fragment 0
calling putenv with: QCSCRATCH=/scratch 
calling putenv with: QCTHREADS=6 
Creating input file /scratch/qchem1088469/Frg2.input
using default PutDataFrgm: nothing
calling putenv with: QCSCRATCH=/scratch/qchem1088469/ 
Spawning Job For Fragment 1
Done Job For Fragment 1
calling putenv with: QCSCRATCH=/scratch 
calling putenv with: QCTHREADS=6 
Doing General SCFMI
 Exchange:     0.1500 Hartree-Fock + 1.0000 wB97M-V + LR-HF
 Correlation:  1.0000 wB97M-V
 Using Euler-Maclaurin-Lebedev (99,590) quadrature formula
 Nonlocal Correlation:  VV10 with C = 0.0100 and b = 6.00 and scale = 1.00000
 Grid used for NLC:  SG-1 standard quadrature
performing fock build before subrot guess so that all methods have access
Printing subrot_rss_gen Method Specification:
Occupied Subspace Method is 0
Virtual Subspace Method is 0
Energy of the unrelaxed supersystem initial determinant -2956.284306893935
write pseudocanon occs and virts to disk
write pseudocanon orbital energies to disk
Tolerance of ortho_decomp_scf: 1.00e-06
GDM subspace size: 20
Beginning the Orthogonal Decomposition of the Initial Supersystem Wavefunction
    1   -2956.0153921744      4.45e-01     ortho_decomp Preconditoned Steepest Descent
    2   -2956.0977289391      2.92e-03     ortho_decomp BFGS Step
    3   -2956.0978149347      3.67e-04     ortho_decomp BFGS Step
    4   -2956.0978153198      1.14e-05     ortho_decomp BFGS Step
    5   -2956.0978153201      2.61e-07     ortho_decomp 00000 Convergence criterion met
 Hartree-Fock
 Hartree-Fock
 Hartree-Fock
 Exchange:     0.1500 Hartree-Fock + 1.0000 wB97M-V + LR-HF
 Correlation:  1.0000 wB97M-V
 Using Euler-Maclaurin-Lebedev (99,590) quadrature formula
 Nonlocal Correlation:  VV10 with C = 0.0100 and b = 6.00 and scale = 1.00000
 Grid used for NLC:  SG-1 standard quadrature
 Long-range K will be added via erf
 Coulomb attenuation parameter = 0.3 bohr**(-1)
 Nonlocal correlation = 3.552775232140e-01
Doing General SCFMI
 Exchange:     0.1500 Hartree-Fock + 1.0000 wB97M-V + LR-HF
 Correlation:  1.0000 wB97M-V
 Using Euler-Maclaurin-Lebedev (99,590) quadrature formula
 Nonlocal Correlation:  VV10 with C = 0.0100 and b = 6.00 and scale = 1.00000
 Grid used for NLC:  SG-1 standard quadrature
performing fock build at end of subrot_r(subrot) constructor so that all methods have access
<S^2> of initial wavefunction before polarization iterations 0.0000000000
Beginning iterations for the determination of the polarized wavefunction
Energy prior to optimization (guess energy) = -2956.284306893935
Begin Timing: Total SCF Calculation
begin iterations for algorithm: DIIS         
the SCF tolerance is set to 1.00e-08
    1   -2956.2843068939      5.51e-04     00000 
    2   -2956.3000260238      2.34e-04     00000 
    3   -2956.3016591433      1.05e-04     00000 
    4   -2956.3020601556      3.85e-05     00000 
    5   -2956.3021735435      1.61e-05     00000 
    6   -2956.3021986575      9.33e-06     00000 
    7   -2956.3022060555      3.85e-06     00000 
    8   -2956.3022079644      1.76e-06     00000 
    9   -2956.3022081237      1.11e-06     00000 
   10   -2956.3022081537      7.36e-07     00000 
   11   -2956.3022081629      4.09e-07     00000 
   12   -2956.3022081668      1.92e-07     00000 
   13   -2956.3022081686      1.08e-07     00000 
   14   -2956.3022081694      5.80e-08     00000 
   15   -2956.3022081695      2.36e-08     00000 
   16   -2956.3022081696      1.01e-08     00000 
   17   -2956.3022081696      4.49e-09     00000 Convergence criterion met
write pseudocanon occs and virts to disk
write pseudocanon orbital energies to disk
Timing for Total SCF: 276.00s (wall), 1654.58s (cpu)
<S^2> of polarized wavefunction after polarization iterations 0.0000000000
relaxing scfmi constraint to allow all rotations in the entire AO span
Doing General SCFMI
 Exchange:     0.1500 Hartree-Fock + 1.0000 wB97M-V + LR-HF
 Correlation:  1.0000 wB97M-V
 Using Euler-Maclaurin-Lebedev (99,590) quadrature formula
 Nonlocal Correlation:  VV10 with C = 0.0100 and b = 6.00 and scale = 1.00000
 Grid used for NLC:  SG-1 standard quadrature
performing fock build at end of subrot_r(subrot) constructor so that all methods have access
<S^2> of polarized wavefunction before ct-allowed iterations 0.0000000000
Beginning iterations for the determination of the CT-Allowed wavefunction
Energy prior to optimization (guess energy) = -2956.302208169559
Begin Timing: Total SCF Calculation
begin iterations for algorithm: DIIS         
the SCF tolerance is set to 1.00e-08
    1   -2956.3022081696      4.69e-04     00000 
    2   -2956.3189097692      6.11e-05     00000 
    3   -2956.3196326078      2.90e-05     00000 
    4   -2956.3196883876      1.35e-05     00000 
    5   -2956.3197031097      3.22e-06     00000 
    6   -2956.3197040586      1.03e-06     00000 
    7   -2956.3197042581      2.73e-07     00000 
    8   -2956.3197042746      1.04e-07     00000 
    9   -2956.3197042758      4.03e-08     00000 
   10   -2956.3197042760      6.25e-09     00000 Convergence criterion met
write pseudocanon occs and virts to disk
write pseudocanon orbital energies to disk
Timing for Total SCF: 157.00s (wall), 937.06s (cpu)
<S^2> of ct_allowed wavefunction after ct-allowed iterations 0.0000000000

================================
        Results of EDA2         
================================
Basic EDA Quantities
--------------------
Fragment Energies (Ha):
1-2574.0946475101
2 -382.1679988713
--------------------
  E_prp (kJ/mol) = 0.0000
  E_frz (kJ/mol) = -56.8704
  E_pol (kJ/mol) = -47.0004
  E_vct (kJ/mol) = -45.9366
  E_int (kJ/mol) = -149.8073
--------------------


Decomposition of frozen interaction energy
--------------------
  --------------------
  Orthogonal Frozen Decomposition:
  --------------------
     E_elec   (ELEC)   (kJ/mol) = -342.0853
     E_pauli  (PAULI)  (kJ/mol) = 334.2612
     E_disp   (DISP)   (kJ/mol) = -49.0463
  --------------------
  Classical Frozen Decomposition:
  --------------------
     E_cls_elec  (CLS ELEC)  (kJ/mol) = -210.0817
     E_mod_pauli (MOD PAULI) (kJ/mol) = 203.3702 (FRZ - CLS ELEC - CLS DISP)
     E_cls_disp  (CLS DISP)  (kJ/mol) = -50.1589
  --------------------
--------------------

Simplified EDA Summary (kJ/mol)
--------------------
 PREPARATION      0.0000
 FROZEN           -56.8704 (ELEC + PAULI + DISP)
[ELEC + PAULI = -6.7115, DISP = -50.1589]
 POLARIZATION    -47.0004
 CHARGE TRANSFER -45.9366
 TOTAL           -149.8073     (PRP + FRZ + POL + CT)
--------------------
 
 --------------------------------------------------------------
 
                    Orbital Energies (a.u.)
 --------------------------------------------------------------
 
 Alpha MOs
 -- Occupied --
******** -62.5779 -56.2632 -56.2629 -56.2629 -19.2280 -19.1861 -19.1852
-19.1757 -19.1652  -8.6599  -6.4393  -6.4384  -6.4382  -2.5215  -2.5213
 -2.5212  -2.5205  -2.5204  -1.0318  -1.0009  -0.9884  -0.9820  -0.9711
 -0.6557  -0.5264  -0.5118  -0.4932  -0.4772  -0.4750  -0.3929  -0.3584
 -0.3535  -0.3443  -0.3419  -0.3164  -0.2822  -0.2768  -0.2718  -0.2648
 -0.1931  -0.1856  -0.1846
 -- Virtual --
  0.1163   0.1435   0.1471   0.1560   0.1667   0.1735   0.1806   0.1913
  0.2005   0.2067   0.2179   0.2217   0.2237   0.2304   0.2375   0.2435
  0.2535   0.2623   0.2698   0.2789   0.2890   0.2992   0.3097   0.3145
  0.3190   0.3292   0.3293   0.3444   0.3492   0.3507   0.3579   0.3686
  0.3730   0.3805   0.3844   0.3886   0.3951   0.4012   0.4030   0.4114
  0.4216   0.4290   0.4345   0.4382   0.4471   0.4508   0.4565   0.4607
  0.4685   0.4738   0.4839   0.4861   0.4920   0.4992   0.5048   0.5122
  0.5181   0.5239   0.5431   0.5471   0.5556   0.5696   0.5714   0.5769
  0.5787   0.5873   0.6096   0.6179   0.6226   0.6317   0.6456   0.6492
  0.6554   0.6600   0.6708   0.6811   0.6826   0.7012   0.7041   0.7083
  0.7088   0.7218   0.7313   0.7338   0.7397   0.7461   0.7529   0.7647
  0.7740   0.7799   0.7870   0.7995   0.8062   0.8111   0.8152   0.8295
  0.8384   0.8493   0.8538   0.8880   0.8979   0.9034   0.9136   0.9286
  0.9396   0.9408   0.9574   0.9584   0.9731   0.9857   0.9930   1.0073
  1.0187   1.0317   1.0407   1.0592   1.0684   1.0802   1.0881   1.0912
  1.0950   1.1145   1.1222   1.1530   1.1659   1.1783   1.1864   1.1904
  1.1949   1.2327   1.2466   1.2552   1.2689   1.2817   1.2966   1.3044
  1.3167   1.3241   1.3359   1.3455   1.3538   1.3584   1.3634   1.3685
  1.3718   1.4072   1.4097   1.4347   1.4443   1.4649   1.4693   1.4783
  1.4896   1.5157   1.5366   1.5547   1.5621   1.5737   1.5944   1.6122
  1.6291   1.6417   1.6784   1.8546   1.8763   1.8884   1.8930   1.9036
  1.9146   1.9271   1.9417   1.9881   2.0240   2.0776   2.0880   2.1031
  2.1105   2.1198   2.1232   2.1608   2.1688   2.1761   2.1963   2.2108
  2.2177   2.2328   2.2406   2.2573   2.2947   2.3090   2.3103   2.3352
  2.3418   2.3863   2.3915   2.4046   2.4101   2.4321   2.4461   2.4601
  2.4757   2.5324   2.5961   2.7225   2.7445   2.7571   2.8141   2.9316
  2.9380   2.9632   2.9747   2.9959   3.0336   3.0628   3.1220   3.1645
  3.2136   3.2278   3.2813   3.2910   3.3616   3.3683   3.3859   3.3924
  3.3959   3.4215   3.4411   3.4501   3.4622   3.4809   3.4907   3.5087
  3.5158   3.5306   3.5478   3.5578   3.5647   3.5715   3.5931   3.6001
  3.6052   3.6165   3.6249   3.6307   3.6462   3.6647   3.6952   3.7321
  3.7588   3.7989   3.8151   3.8218   3.8681   3.9041   3.9171   3.9541
  4.0046   4.0276   4.0463   4.0573   4.0696   4.0797   4.0845   4.1237
  4.1397   4.1424   4.1504   4.1732   4.1976   4.2086   4.2129   4.2186
  4.2278   4.2507   4.2653   4.2824   4.2957   4.3122   4.3174   4.3336
  4.3405   4.3513   4.3772   4.3944   4.4060   4.4137   4.4372   4.4654
  4.4794   4.4925   4.5113   4.5261   4.5570   4.5626   4.5938   4.6482
  4.6878   4.7377   4.8410   4.8511   4.8615   4.8692   4.9145   4.9579
  4.9687   4.9832   5.0449   5.0613   5.0921   5.1016   5.1807   5.2594
  5.2768   5.3165   5.3421   5.3763   5.4916   5.5076   5.7725   5.8247
  5.8438   5.9283   5.9360   6.1974   6.4079   6.4147   6.5127   6.5293
  6.5798   6.5854   6.6172   6.6688   6.7296   6.7319   6.7574   6.7639
  6.7826   6.7873   6.7976   6.8074   6.8321   6.8337   6.8462   6.8571
  6.8719   6.8742   6.8858   6.9002   6.9142   6.9339   6.9564   6.9926
  7.0021   7.0028   7.0214   7.0375   7.1163   7.1264   7.1600   7.1833
  7.2857   7.3392   7.3574   7.5850   7.6425   7.6457   7.6751   7.7689
  7.7761   7.7785   7.7879   7.9207   7.9277   7.9391   7.9501   8.0443
  8.1333   8.1489   8.1864  44.3943  44.5430  44.5637  44.7517  44.7710
 --------------------------------------------------------------
 
          Ground-State Mulliken Net Atomic Charges

     Atom                 Charge (a.u.)
  ----------------------------------------
      1 Br                   -0.827021
      2 O                    -0.457482
      3 H                     0.195494
      4 H                     0.217717
      5 O                    -0.396111
      6 H                     0.117347
      7 H                     0.262771
      8 O                    -0.296276
      9 H                     0.112207
     10 H                     0.176615
     11 O                    -0.357959
     12 H                     0.191033
     13 H                     0.097978
     14 O                    -0.502435
     15 H                     0.152924
     16 H                     0.313200
  ----------------------------------------
  Sum of atomic charges =    -1.000000

 -----------------------------------------------------------------
                    Cartesian Multipole Moments
 -----------------------------------------------------------------
    Charge (ESU x 10^10)
                -4.8032
    Dipole Moment (Debye)
         X       4.6679      Y      -2.8035      Z       1.3039
       Tot       5.5990
    Quadrupole Moments (Debye-Ang)
        XX     -59.2425     XY      -5.1059     YY     -83.8544
        XZ       0.6279     YZ      -4.0961     ZZ     -55.4118
    Octopole Moments (Debye-Ang^2)
       XXX      52.6118    XXY     -21.6121    XYY      44.6371
       YYY     -25.7265    XXZ      16.1189    XYZ      12.8278
       YYZ      24.0955    XZZ      25.5995    YZZ     -15.6887
       ZZZ       0.3241
    Hexadecapole Moments (Debye-Ang^3)
      XXXX    -876.4771   XXXY    -101.7444   XXYY    -415.2516
      XYYY     -21.6512   YYYY   -1254.1155   XXXZ      57.2013
      XXYZ     -45.2467   XYYZ     -34.5590   YYYZ      54.8235
      XXZZ    -228.7544   XYZZ      10.2481   YYZZ    -252.5173
      XZZZ       7.6322   YZZZ     -32.8673   ZZZZ    -376.8945
 -----------------------------------------------------------------
 Total job time:  1551.25s(wall), 4379.40s(cpu) 
 Fri Jan 19 08:59:29 2024

        *************************************************************
        *                                                           *
        *  Thank you very much for using Q-Chem.  Have a nice day.  *
        *                                                           *
        *************************************************************


