
Running Job 1 of 1 123_Br-Water_Cls_052_almo.in
qchem 123_Br-Water_Cls_052_almo.in_1094619.0 /scratch/qchem1094619/ 6
/home/kchung25/qchem/5.4.0/exe/qcprog.exe_s 123_Br-Water_Cls_052_almo.in_1094619.0 /scratch/qchem1094619/
                  Welcome to Q-Chem
     A Quantum Leap Into The Future Of Chemistry


 Q-Chem 5.4, Q-Chem, Inc., Pleasanton, CA (2021)

 E. Epifanovsky,  A. T. B. Gilbert,  Xintian Feng,  Joonho Lee,  Yuezhi Mao,  
 N. Mardirossian,  P. Pokhilko,  A. White,  M. Wormit,  M. P. Coons,  
 A. L. Dempwolff,  Zhengting Gan,  D. Hait,  P. R. Horn,  L. D. Jacobson,  
 I. Kaliman,  J. Kussmann,  A. W. Lange,  Ka Un Lao,  D. S. Levine,  Jie Liu,  
 S. C. McKenzie,  A. F. Morrison,  K. Nanda,  F. Plasser,  D. R. Rehn,  
 M. L. Vidal,  Zhi-Qiang You,  Ying Zhu,  B. Alam,  B. Albrecht,  
 A. Aldossary,  E. Alguire,  J. H. Andersen,  D. Barton,  K. Begam,  A. Behn,  
 Y. A. Bernard,  E. J. Berquist,  H. Burton,  A. Carreras,  K. Carter-Fenk,  
 Romit Chakraborty,  A. D. Chien,  K. D. Closser,  V. Cofer-Shabica,  
 S. Dasgupta,  Jia Deng,  M. de Wergifosse,  M. Diedenhofen,  Hainam Do,  
 S. Ehlert,  Po-Tung Fang,  S. Fatehi,  Qingguo Feng,  T. Friedhoff,  
 J. Gayvert,  Qinghui Ge,  G. Gidofalvi,  M. Goldey,  J. Gomes,  
 C. Gonzalez-Espinoza,  S. Gulania,  A. Gunina,  M. W. D. Hanson-Heine,  
 P. H. P. Harbach,  A. W. Hauser,  M. F. Herbst,  M. Hernandez Vera,  
 M. Hodecker,  Z. C. Holden,  S. Houck,  Xunkun Huang,  Kerwin Hui,  
 B. C. Huynh,  M. Ivanov,  Hyunjun Ji,  Hanjie Jiang,  B. Kaduk,  S. Kaehler,  
 K. Khistyaev,  Jaehoon Kim,  P. Klunzinger,  Z. Koczor-Benda,  
 Joong Hoon Koh,  D. Kosenkov,  L. Koulias,  T. Kowalczyk,  C. M. Krauter,  
 K. Kue,  A. Kunitsa,  T. Kus,  A. Landau,  K. V. Lawler,  D. Lefrancois,  
 S. Lehtola,  Rain Li,  Yi-Pei Li,  Jiashu Liang,  M. Liebenthal,  
 Hung-Hsuan Lin,  You-Sheng Lin,  Fenglai Liu,  Kuan-Yu Liu,  
 M. Loipersberger,  A. Luenser,  A. Manjanath,  P. Manohar,  E. Mansoor,  
 S. F. Manzer,  Shan-Ping Mao,  A. V. Marenich,  T. Markovich,  S. Mason,  
 S. A. Maurer,  P. F. McLaughlin,  M. F. S. J. Menger,  J.-M. Mewes,  
 S. A. Mewes,  P. Morgante,  J. W. Mullinax,  K. J. Oosterbaan,  G. Paran,  
 Alexander C. Paul,  Suranjan K. Paul,  F. Pavosevic,  Zheng Pei,  S. Prager,  
 E. I. Proynov,  E. Ramos,  B. Rana,  A. E. Rask,  A. Rettig,  R. M. Richard,  
 F. Rob,  E. Rossomme,  T. Scheele,  M. Scheurer,  M. Schneider,  
 N. Sergueev,  S. M. Sharada,  W. Skomorowski,  D. W. Small,  C. J. Stein,  
 Yu-Chuan Su,  E. J. Sundstrom,  Zhen Tao,  J. Thirman,  T. Tsuchimochi,  
 N. M. Tubman,  S. P. Veccham,  O. Vydrov,  J. Wenzel,  J. Witte,  A. Yamada,  
 Kun Yao,  S. Yeganeh,  S. R. Yost,  A. Zech,  Igor Ying Zhang,  Xing Zhang,  
 Yu Zhang,  D. Zuev,  A. Aspuru-Guzik,  A. T. Bell,  N. A. Besley,  
 K. B. Bravaya,  B. R. Brooks,  D. Casanova,  Jeng-Da Chai,  S. Coriani,  
 C. J. Cramer,  A. E. DePrince, III,  R. A. DiStasio Jr.,  A. Dreuw,  
 B. D. Dunietz,  T. R. Furlani,  W. A. Goddard III,  S. Grimme,  
 S. Hammes-Schiffer,  T. Head-Gordon,  W. J. Hehre,  Chao-Ping Hsu,  
 T.-C. Jagau,  Yousung Jung,  A. Klamt,  Jing Kong,  D. S. Lambrecht,  
 WanZhen Liang,  N. J. Mayhall,  C. W. McCurdy,  J. B. Neaton,  T. Neudecker,  
 C. Ochsenfeld,  J. A. Parkhill,  R. Peverati,  V. A. Rassolov,  Yihan Shao,  
 L. V. Slipchenko,  R. P. Steele,  J. E. Subotnik,  A. J. W. Thom,  
 A. Tkatchenko,  D. G. Truhlar,  T. Van Voorhis,  T. A. Wesolowski,  
 K. B. Whaley,  H. L. Woodcock III,  P. M. Zimmerman,  S. Faraji,  
 P. M. W. Gill,  M. Head-Gordon,  J. M. Herbert,  A. I. Krylov

 Additional authors since Version 5.4.0: 
 Chandrima Chakravarty,  L. Cunha,  R. Kang,  Yongbin Kim,  S. Kotaru,  
 Shaozhi Li,  Xiangyuan Li,  F. Matz,  A. Molle,  V. Parravicini,  
 Haisheng Ren,  Hengyuan Shen,  Yingli Su,  Hung-Yi Tsai,  C. Utku,  
 Fang Wang,  Jeff Yang,  F. Zeller

 Contributors to earlier versions of Q-Chem not listed above: 
 R. D. Adamson,  B. Austin,  R. Baer,  J. Baker,  G. J. O. Beran,  
 K. Brandhorst,  S. T. Brown,  E. F. C. Byrd,  Arup K. Chakraborty,  
 G. K. L. Chan,  Chun-Min Chang,  Yunqing Chen,  C.-L. Cheng,  
 Siu Hung Chien,  D. M. Chipman,  D. L. Crittenden,  H. Dachsel,  
 R. J. Doerksen,  A. D. Dutoi,  R. G. Edgar,  J. Fosso-Tande,  
 L. Fusti-Molnar,  D. Ghosh,  A. Ghysels,  A. Golubeva-Zadorozhnaya,  
 J. Gonthier,  M. S. Gordon,  S. R. Gwaltney,  G. Hawkins,  J. E. Herr,  
 A. Heyden,  S. Hirata,  E. G. Hohenstein,  G. Kedziora,  F. J. Keil,  
 C. Kelley,  Jihan Kim,  R. A. King,  R. Z. Khaliullin,  P. P. Korambath,  
 W. Kurlancheek,  A. Laurent,  A. M. Lee,  M. S. Lee,  S. V. Levchenko,  
 Ching Yeh Lin,  D. Liotard,  E. Livshits,  R. C. Lochan,  I. Lotan,  
 L. A. Martinez-Martinez,  P. E. Maslen,  N. Nair,  D. P. O'Neill,  
 D. Neuhauser,  E. Neuscamman,  C. M. Oana,  R. Olivares-Amaya,  R. Olson,  
 T. M. Perrine,  B. Peters,  P. A. Pieniazek,  A. Prociuk,  Y. M. Rhee,  
 J. Ritchie,  M. A. Rohrdanz,  E. Rosta,  N. J. Russ,  H. F. Schaefer III,  
 M. W. Schmidt,  N. E. Schultz,  S. Sharma,  N. Shenvi,  C. D. Sherrill,  
 A. C. Simmonett,  A. Sodt,  T. Stein,  D. Stuck,  K. S. Thanthiriwatte,  
 V. Vanovschi,  L. Vogt,  Tao Wang,  A. Warshel,  M. A. Watson,  
 C. F. Williams,  Q. Wu,  X. Xu,  Jun Yang,  W. Zhang,  Yan Zhao

   Please cite Q-Chem as follows:
  "Software for the frontiers of quantum chemistry:
   An overview of developments in the Q-Chem 5 package"
   J. Chem. Phys. 155, 084801 (2021)
   https://doi.org/10.1063/5.0055522 (open access)

 Q-Chem 5.4.2 for Intel X86 EM64T Linux

 Parts of Q-Chem use Armadillo 9.900.5 (Nocturnal Misbehaviour).
 http://arma.sourceforge.net/

 Q-Chem begins on Fri Jan 19 18:10:45 2024  

 Host: 
0

     Scratch files written to /scratch/qchem1094619//
 Dec1321 |scratch|qcdevops|jenkins|workspace|build_RNUM 5684   
 Processing $rem in /home/kchung25/qchem/5.4.0/config/preferences:
 Processing $rem in /home/kchung25/.qchemrc:

 Q-Chem warning in module libgen/rem_setup.C, line 3079:

 Neither GIA nor STOLL is specified by user. Use STOLL as the default


 Checking the input file for inconsistencies... 	...done.

--------------------------------------------------------------
User input:
--------------------------------------------------------------
$molecule
-1 1
--
-1 1
Br     0.000000     0.000000     0.000000
--
0 1
O     -1.375620     3.047926    -1.337998
H     -0.877399     3.716957    -0.861773
H     -0.951090     2.166142    -1.171486
O      2.709632    -1.863457     0.517570
H      2.540301    -2.686032     0.113931
H      1.960279    -1.257251     0.338176
O     -1.907275    -2.478936    -1.045372
H     -1.364393    -1.760338    -0.788272
H     -2.530730    -2.108684    -1.652647
$end

$rem
JOBTYPE          eda
EDA2             1
METHOD           wB97M-V
BASIS            def2-TZVPPD
SYMMETRY         false
MEM_TOTAL        50000
MEM_STATIC       10000
THRESH           14
SCF_CONVERGENCE  8
XC_GRID          000099000590
NL_GRID          1
EDA_CLS_DISP     true
FD_MAT_VEC_PROD  FALSE
$end
--------------------------------------------------------------
 ----------------------------------------------------------------
             Standard Nuclear Orientation (Angstroms)
    I     Atom           X                Y                Z
 ----------------------------------------------------------------
    1      Br     -0.0436859152    -0.2580836690    -0.2453022952
    2      O      -3.5835975007    -0.4937149845     0.3759269572
    3      H      -3.7763799794    -1.3904619346     0.0908011641
    4      H      -2.5976657989    -0.3832251167     0.4109363597
    5      O       2.9940396954    -1.4874661611     0.3406141442
    6      H       3.4974729279    -0.7830660677     0.6850013529
    7      H       2.0699822622    -1.1875682528     0.2087925037
    8      O       0.8079260326     2.9068288151     0.1203618870
    9      H       0.5452626907     2.0103217783     0.0533733567
   10      H       0.0433891098     3.3617466525     0.4414516893
 ----------------------------------------------------------------
 Molecular Point Group                 C1    NOp =  1
 Largest Abelian Subgroup              C1    NOp =  1
 Nuclear Repulsion Energy =         224.56409083 hartrees
 There are       33 alpha and       33 beta electrons
 Requested basis set is def2-TZVPPD
 There are 103 shells and 279 basis functions

 Q-Chem warning in module libmdc/get_mega.C, line 171:

 Allowed MEM_STATIC has been capped at MEM_STATIC=8191.
 Reduce the value of MEM_STATIC to silence this warning.


 Total QAlloc Memory Limit  50000 MB
 Mega-Array Size      8007 MB
 MEM_STATIC part      8191 MB

                       Distance Matrix (Angstroms)
             Br(  1)   O (  2)   H (  3)   H (  4)   O (  5)   H (  6)
   O (  2)  3.601725
   H (  3)  3.915131  0.960529
   H (  4)  2.639910  0.992721  1.583155
   O (  5)  3.329032  6.652375  6.775721  5.700128
   H (  6)  3.698767  7.093716  7.323315  6.114385  0.931787
   H (  7)  2.353240  5.698450  5.851072  4.740756  0.980407  1.558245
   O (  8)  3.297821  5.560080  6.283585  4.744148  4.912986  4.600848
   H (  9)  2.362569  4.839600  5.499393  3.966726  4.279432  4.113091
   H ( 10)  3.685429  5.293761  6.107133  4.582676  5.677268  5.400878
             H (  7)   O (  8)   H (  9)
   O (  8)  4.285405
   H (  9)  3.546185  0.936592
   H ( 10)  4.985727  0.945815  1.492927
 
 A cutoff of  1.0D-14 yielded   4446 shell pairs
 There are     32048 function pairs (     39386 Cartesian)
 Smallest overlap matrix eigenvalue = 2.56E-04

 Scale SEOQF with 1.000000e-01/1.000000e-01/1.000000e-01

 Standard Electronic Orientation quadrupole field applied
 Nucleus-field energy     =     0.0000000150 hartrees

 -----------------------------------------------------------------------
  General SCF calculation program by
  Eric Jon Sundstrom, Paul Horn, Yuezhi Mao, Dmitri Zuev, Alec White,
  David Stuck, Shaama M.S., Shane Yost, Joonho Lee, David Small,
  Daniel Levine, Susi Lehtola, Hugh Burton, Evgeny Epifanovsky,
  Bang C. Huynh
 -----------------------------------------------------------------------
================================================================
                 ALMO-EDA with the EDA2 driver                  
================================================================
 The second-generation ALMO-EDA (for DFT):                      
 P. R. Horn, Y. Mao and M. Head-Gordon, PCCP, 18, 23067 (2016)  
 Y. Mao et al. Annu. Rev. Phys. Chem. 72, 641 (2021)            
 Decomposition of the frozen energy:                            
 P. R. Horn, Y. Mao and M. Head-Gordon, JCP, 144, 114107 (2016) 
 FERF model for polarization:                                   
 P. R. Horn and M. Head-Gordon, JCP, 143, 114111 (2015)         
================================================================
 Using eda2 option set 1
 Option set summary: Frozen orbital wavefunction, initial wavefunction decomposition, and nDQ polarization.
--------------------------------
Printing EDA Options
--------------------------------
eda_child_super_basis      0
fragmo_guess_mode          0
child_mp                   1
child_mp_orders            232
cls_elec                   1
cls_disp                   1
scfmi_mode                 1
scfmi_occs                 0
scfmi_virts                0
frz_relax                  0
frz_relax_method           0
dc_pen_start               0
dc_pen_conv                0
dc_pen_increment           0
dc_pen_steps               0
dc_pen_thresh_factor       0
dc_pen_pre_newton_thresh   0
frz_ortho_decomp           1
frz_ortho_decomp_conv      6
plot_mo_ortho_frz          0
frgm_method                2
scfmi_freeze_ss            0
separate_rehyb             0
plot_diff_den              0
eda_nocv                   0
eda_vct_relax              1
disp_free_x                0
disp_free_c                0
eda_bsse                   0
eda_pct_a                  0
eda_covp                   0
--------------------------------
Attempting to make child job directory: /scratch/qchem1094619//Frg1/
Attempting to make child job directory: /scratch/qchem1094619//Frg2/
Creating input file /scratch/qchem1094619/Frg1.input
using default PutDataFrgm: nothing
calling putenv with: QCSCRATCH=/scratch/qchem1094619/ 
Spawning Job For Fragment 0
Done Job For Fragment 0
calling putenv with: QCSCRATCH=/scratch 
calling putenv with: QCTHREADS=6 
Creating input file /scratch/qchem1094619/Frg2.input
using default PutDataFrgm: nothing
calling putenv with: QCSCRATCH=/scratch/qchem1094619/ 
Spawning Job For Fragment 1
Done Job For Fragment 1
calling putenv with: QCSCRATCH=/scratch 
calling putenv with: QCTHREADS=6 
Doing General SCFMI
 Exchange:     0.1500 Hartree-Fock + 1.0000 wB97M-V + LR-HF
 Correlation:  1.0000 wB97M-V
 Using Euler-Maclaurin-Lebedev (99,590) quadrature formula
 Nonlocal Correlation:  VV10 with C = 0.0100 and b = 6.00 and scale = 1.00000
 Grid used for NLC:  SG-1 standard quadrature
performing fock build before subrot guess so that all methods have access
Printing subrot_rss_gen Method Specification:
Occupied Subspace Method is 0
Virtual Subspace Method is 0
Energy of the unrelaxed supersystem initial determinant -2803.429325998021
write pseudocanon occs and virts to disk
write pseudocanon orbital energies to disk
Tolerance of ortho_decomp_scf: 1.00e-06
GDM subspace size: 20
Beginning the Orthogonal Decomposition of the Initial Supersystem Wavefunction
    1   -2803.2561111680      4.34e-01     ortho_decomp Preconditoned Steepest Descent
    2   -2803.3025928008      2.82e-03     ortho_decomp BFGS Step
    3   -2803.3026406944      3.50e-04     ortho_decomp BFGS Step
    4   -2803.3026409092      1.06e-05     ortho_decomp BFGS Step
    5   -2803.3026409094      2.63e-07     ortho_decomp 00000 Convergence criterion met
 Hartree-Fock
 Hartree-Fock
 Hartree-Fock
 Exchange:     0.1500 Hartree-Fock + 1.0000 wB97M-V + LR-HF
 Correlation:  1.0000 wB97M-V
 Using Euler-Maclaurin-Lebedev (99,590) quadrature formula
 Nonlocal Correlation:  VV10 with C = 0.0100 and b = 6.00 and scale = 1.00000
 Grid used for NLC:  SG-1 standard quadrature
 Long-range K will be added via erf
 Coulomb attenuation parameter = 0.3 bohr**(-1)
 Nonlocal correlation = 2.747609087196e-01
Doing General SCFMI
 Exchange:     0.1500 Hartree-Fock + 1.0000 wB97M-V + LR-HF
 Correlation:  1.0000 wB97M-V
 Using Euler-Maclaurin-Lebedev (99,590) quadrature formula
 Nonlocal Correlation:  VV10 with C = 0.0100 and b = 6.00 and scale = 1.00000
 Grid used for NLC:  SG-1 standard quadrature
performing fock build at end of subrot_r(subrot) constructor so that all methods have access
<S^2> of initial wavefunction before polarization iterations 0.0000000000
Beginning iterations for the determination of the polarized wavefunction
Energy prior to optimization (guess energy) = -2803.429325998021
Begin Timing: Total SCF Calculation
begin iterations for algorithm: DIIS         
the SCF tolerance is set to 1.00e-08
    1   -2803.4293259980      6.43e-04     00000 
    2   -2803.4388594789      2.23e-04     00000 
    3   -2803.4397014346      1.03e-04     00000 
    4   -2803.4398997883      4.58e-05     00000 
    5   -2803.4399495517      1.65e-05     00000 
    6   -2803.4399594661      8.69e-06     00000 
    7   -2803.4399611858      3.47e-06     00000 
    8   -2803.4399615336      1.32e-06     00000 
    9   -2803.4399615586      7.07e-07     00000 
   10   -2803.4399615633      3.08e-07     00000 
   11   -2803.4399615642      1.25e-07     00000 
   12   -2803.4399615644      6.41e-08     00000 
   13   -2803.4399615645      3.36e-08     00000 
   14   -2803.4399615645      9.28e-09     00000 Convergence criterion met
write pseudocanon occs and virts to disk
write pseudocanon orbital energies to disk
Timing for Total SCF: 66.00s (wall), 399.49s (cpu)
<S^2> of polarized wavefunction after polarization iterations 0.0000000000
relaxing scfmi constraint to allow all rotations in the entire AO span
Doing General SCFMI
 Exchange:     0.1500 Hartree-Fock + 1.0000 wB97M-V + LR-HF
 Correlation:  1.0000 wB97M-V
 Using Euler-Maclaurin-Lebedev (99,590) quadrature formula
 Nonlocal Correlation:  VV10 with C = 0.0100 and b = 6.00 and scale = 1.00000
 Grid used for NLC:  SG-1 standard quadrature
performing fock build at end of subrot_r(subrot) constructor so that all methods have access
<S^2> of polarized wavefunction before ct-allowed iterations 0.0000000000
Beginning iterations for the determination of the CT-Allowed wavefunction
Energy prior to optimization (guess energy) = -2803.439961564532
Begin Timing: Total SCF Calculation
begin iterations for algorithm: DIIS         
the SCF tolerance is set to 1.00e-08
    1   -2803.4399615645      6.04e-04     00000 
    2   -2803.4519951962      7.96e-05     00000 
    3   -2803.4525569045      3.65e-05     00000 
    4   -2803.4525966167      1.86e-05     00000 
    5   -2803.4526082604      3.58e-06     00000 
    6   -2803.4526087926      1.26e-06     00000 
    7   -2803.4526089129      2.70e-07     00000 
    8   -2803.4526089212      6.79e-08     00000 
    9   -2803.4526089216      4.22e-08     00000 
   10   -2803.4526089216      5.36e-09     00000 Convergence criterion met
write pseudocanon occs and virts to disk
write pseudocanon orbital energies to disk
Timing for Total SCF: 46.00s (wall), 277.53s (cpu)
<S^2> of ct_allowed wavefunction after ct-allowed iterations 0.0000000000

================================
        Results of EDA2         
================================
Basic EDA Quantities
--------------------
Fragment Energies (Ha):
1-2574.0946475100
2 -229.3044483135
--------------------
  E_prp (kJ/mol) = 0.0000
  E_frz (kJ/mol) = -79.3703
  E_pol (kJ/mol) = -27.9240
  E_vct (kJ/mol) = -33.2060
  E_int (kJ/mol) = -140.5003
--------------------


Decomposition of frozen interaction energy
--------------------
  --------------------
  Orthogonal Frozen Decomposition:
  --------------------
     E_elec   (ELEC)   (kJ/mol) = -245.3248
     E_pauli  (PAULI)  (kJ/mol) = 195.0332
     E_disp   (DISP)   (kJ/mol) = -29.0786
  --------------------
  Classical Frozen Decomposition:
  --------------------
     E_cls_elec  (CLS ELEC)  (kJ/mol) = -167.4480
     E_mod_pauli (MOD PAULI) (kJ/mol) = 118.0291 (FRZ - CLS ELEC - CLS DISP)
     E_cls_disp  (CLS DISP)  (kJ/mol) = -29.9514
  --------------------
--------------------

Simplified EDA Summary (kJ/mol)
--------------------
 PREPARATION      0.0000
 FROZEN           -79.3703 (ELEC + PAULI + DISP)
[ELEC + PAULI = -49.4189, DISP = -29.9514]
 POLARIZATION    -27.9240
 CHARGE TRANSFER -33.2060
 TOTAL           -140.5003     (PRP + FRZ + POL + CT)
--------------------
 
 --------------------------------------------------------------
 
                    Orbital Energies (a.u.)
 --------------------------------------------------------------
 
 Alpha MOs
 -- Occupied --
******** -62.5695 -56.2547 -56.2546 -56.2544 -19.1967 -19.1786 -19.1746
 -8.6516  -6.4307  -6.4304  -6.4299  -2.5130  -2.5130  -2.5126  -2.5123
 -2.5122  -0.9970  -0.9933  -0.9843  -0.6439  -0.5012  -0.4970  -0.4930
 -0.3590  -0.3566  -0.3436  -0.2882  -0.2790  -0.2729  -0.1825  -0.1806
 -0.1756
 -- Virtual --
  0.1418   0.1504   0.1584   0.1799   0.1826   0.1929   0.2050   0.2091
  0.2203   0.2240   0.2334   0.2427   0.2482   0.2751   0.2844   0.3023
  0.3209   0.3368   0.3394   0.3481   0.3531   0.3625   0.3683   0.3706
  0.3741   0.3845   0.3921   0.4063   0.4147   0.4221   0.4336   0.4444
  0.4462   0.4686   0.4782   0.4908   0.5000   0.5070   0.5314   0.5357
  0.5479   0.5597   0.5838   0.6000   0.6068   0.6197   0.6303   0.6351
  0.6455   0.6581   0.6622   0.6655   0.6835   0.6971   0.7076   0.7206
  0.7286   0.7333   0.7357   0.7434   0.7551   0.7641   0.7678   0.7910
  0.7960   0.8323   0.8491   0.8757   0.8934   0.9065   0.9148   0.9245
  0.9466   0.9610   0.9886   1.0036   1.0366   1.0544   1.0599   1.0802
  1.0811   1.1083   1.1316   1.1920   1.2059   1.2270   1.2455   1.2562
  1.2808   1.2816   1.3004   1.3200   1.3304   1.3310   1.3447   1.3757
  1.3992   1.4191   1.4368   1.4777   1.5423   1.5483   1.5745   1.5805
  1.5977   1.8179   1.8264   1.8487   1.8618   1.8694   1.8749   1.8798
  1.8857   1.8984   2.0041   2.0404   2.0788   2.0857   2.0936   2.1261
  2.1499   2.1677   2.1692   2.1880   2.2021   2.2236   2.2610   2.2921
  2.3390   2.3485   2.3621   2.3688   2.4563   2.4861   2.5452   2.7134
  2.7444   2.7690   2.9216   2.9397   2.9467   3.0959   3.1058   3.1443
  3.3394   3.3502   3.3780   3.3989   3.4167   3.4386   3.4406   3.4586
  3.4715   3.5329   3.5603   3.5701   3.5930   3.6039   3.6121   3.6445
  3.6633   3.6879   3.7354   3.8255   3.8741   3.8944   3.9320   4.0187
  4.0293   4.0457   4.0556   4.0691   4.0915   4.0963   4.1610   4.1813
  4.1934   4.2355   4.2789   4.2828   4.3244   4.3735   4.3797   4.3945
  4.4112   4.4288   4.4414   4.4550   4.4936   4.5046   4.5216   4.5336
  4.5785   4.7065   4.8665   4.8828   4.9195   4.9335   4.9588   5.0183
  5.1525   5.2130   5.2334   5.3028   5.3842   5.4620   5.8011   5.8525
  5.9012   6.2733   6.3479   6.4991   6.6261   6.6902   6.7293   6.7475
  6.7715   6.7866   6.7986   6.8220   6.8563   6.8631   6.8666   6.8821
  6.8909   6.9144   6.9829   7.0012   7.0498   7.0867   7.2434   7.2817
  7.3072   7.6068   7.6848   7.6864   7.7454   7.7717   7.8830   7.9764
  8.0285   8.0699   8.0834  44.5252  44.6305  44.6678
 --------------------------------------------------------------
 
          Ground-State Mulliken Net Atomic Charges

     Atom                 Charge (a.u.)
  ----------------------------------------
      1 Br                   -0.835096
      2 O                    -0.465251
      3 H                     0.146025
      4 H                     0.266919
      5 O                    -0.450780
      6 H                     0.110491
      7 H                     0.283543
      8 O                    -0.406110
      9 H                     0.234488
     10 H                     0.115770
  ----------------------------------------
  Sum of atomic charges =    -1.000000

 -----------------------------------------------------------------
                    Cartesian Multipole Moments
 -----------------------------------------------------------------
    Charge (ESU x 10^10)
                -4.8032
    Dipole Moment (Debye)
         X      -1.1401      Y       0.3291      Z       0.7808
       Tot       1.4205
    Quadrupole Moments (Debye-Ang)
        XX     -63.0807     XY       5.3757     YY     -52.5304
        XZ       3.2182     YZ       2.6148     ZZ     -46.2506
    Octopole Moments (Debye-Ang^2)
       XXX      32.7754    XXY       3.3473    XYY     -49.3694
       YYY     -10.9982    XXZ      -7.8924    XYZ      -1.3410
       YYZ       2.1854    XZZ       2.7878    YZZ       0.2332
       ZZZ      -3.9401
    Hexadecapole Moments (Debye-Ang^3)
      XXXX   -1220.3655   XXXY     140.5936   XXYY    -297.8796
      XYYY     -17.0147   YYYY    -569.2545   XXXZ      75.5502
      XXYZ      11.8129   XYYZ      -9.7049   YYYZ      30.1329
      XXZZ    -197.8334   XYZZ      -0.8660   YYZZ    -108.7023
      XZZZ       3.9267   YZZZ       3.4350   ZZZZ     -85.2751
 -----------------------------------------------------------------
 Total job time:  369.25s(wall), 1187.87s(cpu) 
 Fri Jan 19 18:16:54 2024

        *************************************************************
        *                                                           *
        *  Thank you very much for using Q-Chem.  Have a nice day.  *
        *                                                           *
        *************************************************************


